DATE: 2016-02-26
TIME: 16:59:34
                                         version_number        8118
 read inlist_1.0
 create pre-main-sequence model
                                                species           8
 abundances
                                                     h1    6.6163000000000005D-01
                                                    he3    3.4066997861871409D-05
                                                    he4    3.2008393300213822D-01
                                                    c12    3.1408138434270549D-03
                                                    n14    9.2004548984308090D-04
                                                    o16    8.5423435755011042D-03
                                                   ne20    1.9159671500940661D-03
                                                   mg24    3.7328299411346325D-03


                                        relax_num_steps


                               finished relax_num_steps

 new_lnPgas_flag T
                                        relax_initial_Z    1.8252000000000001D-02
                                                  new z    1.8251999999999852D-02
                                        relax_initial_Y    3.2011800000000001D-01
                                                  new y    3.2011800000000001D-01
 net name basic.net
 do_element_diffusion T
 lnPgas_flag T
 kappa_file_prefix gs98
 kappa_lowT_prefix lowT_fa05_gs98
   eos_file_prefix mesa
                                        OMP_NUM_THREADS           1



stop because Lnuc_div_L >= Lnuc_div_L_zams_limit
    0.9995019660E+00    0.9990000000E+00

        866   7.197440   6261.976   0.385816   0.385816   1.224130   1.224130   0.661281   0.001474   0.318425   0.661571  -2.149298    809      0
   4.985915   1.833144   0.123109 -44.024739  -0.978922 -99.000000   0.000000   0.320381   0.008545   0.018161   0.320154   0.066816      4      0
 1.8186E+07  17.146183   0.386032 -15.051500   4.508868  -7.075678   0.000000   0.002667   0.001917  1.834E-02  1.827E-02 -0.293E-09    varcontrol

save photos/x866 for model 866
save final_profile.data write fgong_plot.data
                               s% atm_structure_num_pts          88
save final_profile.data.FGONG    866
 final_profile.data.FGONG for model 866
 saved to zams.mod
termination code: Lnuc_div_L_zams_limit

       runtime, prev time, retries, backups, steps         8.4        28.2         0         0       866
        866   7.197440   6261.976   0.385816   0.385816   1.224130   1.224130   0.661281   0.001474   0.318425   0.661571  -2.149298    809      0
   4.985915   1.833144   0.123109 -44.024739  -0.978922 -99.000000   0.000000   0.320381   0.008545   0.018161   0.320154   0.066816      4      0
 1.8186E+07  17.146183   0.386032 -15.051500   4.508868  -7.075678   0.000000   0.002667   0.001917  1.834E-02  1.827E-02 -0.293E-09    varcontrol

DATE: 2016-02-26
TIME: 17:09:51
DATE: 2016-02-26
TIME: 17:09:52
                                         version_number        8118
 read inlist_1.0
load saved model zams.mod

 new_lnPgas_flag T
 net name basic.net
 do_element_diffusion T
 lnPgas_flag T
                       which_atm_option: Eddington_grey
 kappa_file_prefix gs98
 kappa_lowT_prefix lowT_fa05_gs98
   eos_file_prefix mesa
                                        OMP_NUM_THREADS           1


__________________________________________________________________________________________________________________________________________________

       step    lg_Tcntr    Teff       lg_LH     lg_Lnuc     Mass       H_rich     H_cntr     N_cntr     Y_surf     X_avg     eta_cntr  zones retry
   lg_dt_yr    lg_Dcntr    lg_R       lg_L3a    lg_Lneu     lg_Mdot    He_core    He_cntr    O_cntr     Z_surf     Y_avg     gam_cntr  iters bckup
     age_yr    lg_Pcntr    lg_L       lg_LZ     lg_Psurf    lg_Dsurf   C_core     C_cntr     Ne_cntr    Z_cntr     Z_avg     v_div_cs     dt_limit
__________________________________________________________________________________________________________________________________________________

        868   7.197288   6412.461   0.377294   0.377294   1.224130   1.224130   0.661264   0.001524   0.319032   0.661568  -2.153703    807      0
   4.910107   1.831087   0.096271 -44.035890  -0.987635 -99.000000   0.000000   0.320390   0.008545   0.018194   0.320156   0.066735      4      0
 1.8368E+07  17.143956   0.373608 -99.000000   4.811271  -6.783974   0.000000   0.002625   0.001917  1.835E-02  1.828E-02 -0.320E-09  max decrease

