000 (20187.000.000) 02/24 21:34:44 Job submitted from host: <134.76.239.76:13753?addrs=134.76.239.76-13753>
...
001 (20187.000.000) 02/24 22:10:37 Job executing on host: <134.76.239.83:20501?addrs=134.76.239.83-20501>
...
006 (20187.000.000) 02/24 22:10:45 Image size of job updated: 1
	3  -  MemoryUsage of job (MB)
	2068  -  ResidentSetSize of job (KB)
...
006 (20187.000.000) 02/24 22:15:45 Image size of job updated: 1138904
	926  -  MemoryUsage of job (MB)
	947876  -  ResidentSetSize of job (KB)
...
006 (20187.000.000) 02/24 22:20:45 Image size of job updated: 1144784
	926  -  MemoryUsage of job (MB)
	947876  -  ResidentSetSize of job (KB)
...
006 (20187.000.000) 02/24 22:25:46 Image size of job updated: 1201992
	981  -  MemoryUsage of job (MB)
	1003680  -  ResidentSetSize of job (KB)
...
006 (20187.000.000) 02/24 22:30:46 Image size of job updated: 1324336
	1139  -  MemoryUsage of job (MB)
	1165496  -  ResidentSetSize of job (KB)
...
006 (20187.000.000) 02/24 22:40:47 Image size of job updated: 1324336
	1139  -  MemoryUsage of job (MB)
	1165816  -  ResidentSetSize of job (KB)
...
006 (20187.000.000) 02/24 22:45:48 Image size of job updated: 1324864
	1139  -  MemoryUsage of job (MB)
	1165820  -  ResidentSetSize of job (KB)
...
006 (20187.000.000) 02/24 22:50:48 Image size of job updated: 1328048
	1141  -  MemoryUsage of job (MB)
	1167880  -  ResidentSetSize of job (KB)
...
006 (20187.000.000) 02/24 22:55:49 Image size of job updated: 1539068
	1309  -  MemoryUsage of job (MB)
	1340184  -  ResidentSetSize of job (KB)
...
006 (20187.000.000) 02/24 23:00:50 Image size of job updated: 1539068
	1310  -  MemoryUsage of job (MB)
	1340512  -  ResidentSetSize of job (KB)
...
006 (20187.000.000) 02/24 23:10:50 Image size of job updated: 1563604
	1334  -  MemoryUsage of job (MB)
	1365368  -  ResidentSetSize of job (KB)
...
006 (20187.000.000) 02/24 23:15:52 Image size of job updated: 1563604
	1352  -  MemoryUsage of job (MB)
	1383960  -  ResidentSetSize of job (KB)
...
006 (20187.000.000) 02/25 00:20:57 Image size of job updated: 1563944
	1352  -  MemoryUsage of job (MB)
	1384240  -  ResidentSetSize of job (KB)
...
005 (20187.000.000) 02/25 01:30:25 Job terminated.
	(1) Normal termination (return value 0)
		Usr 0 05:24:00, Sys 0 00:01:39  -  Run Remote Usage
		Usr 0 00:00:00, Sys 0 00:00:00  -  Run Local Usage
		Usr 0 05:24:00, Sys 0 00:01:39  -  Total Remote Usage
		Usr 0 00:00:00, Sys 0 00:00:00  -  Total Local Usage
	0  -  Run Bytes Sent By Job
	0  -  Run Bytes Received By Job
	0  -  Total Bytes Sent By Job
	0  -  Total Bytes Received By Job
	Partitionable Resources :    Usage  Request Allocated
	   Cpus                 :                 2         2
	   Disk (KB)            :        1        1   5108770
	   Memory (MB)          :     1352        1         1
...
