DATE: 2016-02-26
TIME: 16:59:22
                                         version_number        8118
 read inlist_1.0
 create pre-main-sequence model
                                                species           8
 abundances
                                                     h1    6.5620900000000004D-01
                                                    he3    3.4590797721536057D-05
                                                    he4    3.2500540920227849D-01
                                                    c12    3.2266820281668194D-03
                                                    n14    9.4519904558665541D-04
                                                    o16    8.7758867183991562D-03
                                                   ne20    1.9683486758390249D-03
                                                   mg24    3.8348835320083062D-03


                                        relax_num_steps


                               finished relax_num_steps

 new_lnPgas_flag T
                                        relax_initial_Z    1.8751000000000000D-02
                                                  new z    1.8751000000000313D-02
                                        relax_initial_Y    3.2504000000000000D-01
                                                  new y    3.2504000000000027D-01
 net name basic.net
 do_element_diffusion T
 lnPgas_flag T
 kappa_file_prefix gs98
 kappa_lowT_prefix lowT_fa05_gs98
   eos_file_prefix mesa
                                        OMP_NUM_THREADS           1



stop because Lnuc_div_L >= Lnuc_div_L_zams_limit
    0.9991199819E+00    0.9990000000E+00

        860   7.201678   6316.951   0.221617   0.221617   1.116904   1.116904   0.651947   0.004694   0.324971   0.655537  -1.855610    797      0
   6.725852   1.964005   0.033501 -43.555410  -1.380662 -99.000000   0.000000   0.328768   0.008770   0.018747   0.325628   0.073524      4      0
 6.2222E+07  17.278837   0.222000 -99.000000   4.576517  -7.008292   0.000000   0.000017   0.001968  1.929E-02  1.884E-02  0.146E-12  max increase

save photos/x860 for model 860
save final_profile.data write fgong_plot.data
                               s% atm_structure_num_pts          56
save final_profile.data.FGONG    860
 final_profile.data.FGONG for model 860
 saved to zams.mod
termination code: Lnuc_div_L_zams_limit

       runtime, prev time, retries, backups, steps        10.4        28.2         0         0       860
        860   7.201678   6316.951   0.221617   0.221617   1.116904   1.116904   0.651947   0.004694   0.324971   0.655537  -1.855610    797      0
   6.725852   1.964005   0.033501 -43.555410  -1.380662 -99.000000   0.000000   0.328768   0.008770   0.018747   0.325628   0.073524      4      0
 6.2222E+07  17.278837   0.222000 -99.000000   4.576517  -7.008292   0.000000   0.000017   0.001968  1.929E-02  1.884E-02  0.146E-12  max increase

DATE: 2016-02-26
TIME: 17:12:04
DATE: 2016-02-26
TIME: 17:12:04
                                         version_number        8118
 read inlist_1.0
load saved model zams.mod

 new_lnPgas_flag T
 net name basic.net
 do_element_diffusion T
 lnPgas_flag T
                       which_atm_option: Eddington_grey
 kappa_file_prefix gs98
 kappa_lowT_prefix lowT_fa05_gs98
   eos_file_prefix mesa
                                        OMP_NUM_THREADS           1


__________________________________________________________________________________________________________________________________________________

       step    lg_Tcntr    Teff       lg_LH     lg_Lnuc     Mass       H_rich     H_cntr     N_cntr     Y_surf     X_avg     eta_cntr  zones retry
   lg_dt_yr    lg_Dcntr    lg_R       lg_L3a    lg_Lneu     lg_Mdot    He_core    He_cntr    O_cntr     Z_surf     Y_avg     gam_cntr  iters bckup
     age_yr    lg_Pcntr    lg_L       lg_LZ     lg_Psurf    lg_Dsurf   C_core     C_cntr     Ne_cntr    Z_cntr     Z_avg     v_div_cs     dt_limit
__________________________________________________________________________________________________________________________________________________

        878   7.202597   6495.957   0.224525   0.224525   1.116904   1.116904   0.650005   0.004698   0.324968   0.655274  -1.855477    791      0
   6.000000   1.965950   0.010491 -43.499629  -1.382616 -99.000000   0.000000   0.330710   0.008766   0.018747   0.325884   0.073548      4      0
 7.9559E+07  17.281030   0.224522 -15.352530   4.866602  -6.731039   0.000000   0.000017   0.001968  1.929E-02  1.884E-02  0.198E-12        max_dt

