000 (20752.000.000) 02/24 21:35:14 Job submitted from host: <134.76.239.76:13753?addrs=134.76.239.76-13753>
...
001 (20752.000.000) 02/25 04:37:48 Job executing on host: <134.76.239.91:19968?addrs=134.76.239.91-19968>
...
006 (20752.000.000) 02/25 04:37:56 Image size of job updated: 202160
	57  -  MemoryUsage of job (MB)
	57476  -  ResidentSetSize of job (KB)
...
006 (20752.000.000) 02/25 04:42:56 Image size of job updated: 1145140
	917  -  MemoryUsage of job (MB)
	938560  -  ResidentSetSize of job (KB)
...
006 (20752.000.000) 02/25 04:47:57 Image size of job updated: 1145140
	919  -  MemoryUsage of job (MB)
	940516  -  ResidentSetSize of job (KB)
...
006 (20752.000.000) 02/25 04:57:58 Image size of job updated: 1283508
	1076  -  MemoryUsage of job (MB)
	1100960  -  ResidentSetSize of job (KB)
...
006 (20752.000.000) 02/25 05:07:59 Image size of job updated: 1351016
	1137  -  MemoryUsage of job (MB)
	1164160  -  ResidentSetSize of job (KB)
...
006 (20752.000.000) 02/25 05:12:59 Image size of job updated: 1353100
	1140  -  MemoryUsage of job (MB)
	1166540  -  ResidentSetSize of job (KB)
...
006 (20752.000.000) 02/25 05:17:59 Image size of job updated: 1426708
	1212  -  MemoryUsage of job (MB)
	1240148  -  ResidentSetSize of job (KB)
...
006 (20752.000.000) 02/25 05:23:00 Image size of job updated: 1547656
	1355  -  MemoryUsage of job (MB)
	1387412  -  ResidentSetSize of job (KB)
...
006 (20752.000.000) 02/25 05:28:01 Image size of job updated: 1547656
	1356  -  MemoryUsage of job (MB)
	1387744  -  ResidentSetSize of job (KB)
...
006 (20752.000.000) 02/25 05:38:01 Image size of job updated: 1572192
	1380  -  MemoryUsage of job (MB)
	1412608  -  ResidentSetSize of job (KB)
...
006 (20752.000.000) 02/25 05:43:02 Image size of job updated: 1574332
	1382  -  MemoryUsage of job (MB)
	1414768  -  ResidentSetSize of job (KB)
...
006 (20752.000.000) 02/25 05:48:02 Image size of job updated: 1598868
	1382  -  MemoryUsage of job (MB)
	1414768  -  ResidentSetSize of job (KB)
...
006 (20752.000.000) 02/25 06:48:08 Image size of job updated: 1598868
	1404  -  MemoryUsage of job (MB)
	1437132  -  ResidentSetSize of job (KB)
...
005 (20752.000.000) 02/25 08:00:53 Job terminated.
	(1) Normal termination (return value 0)
		Usr 0 05:34:10, Sys 0 00:01:03  -  Run Remote Usage
		Usr 0 00:00:00, Sys 0 00:00:00  -  Run Local Usage
		Usr 0 05:34:10, Sys 0 00:01:03  -  Total Remote Usage
		Usr 0 00:00:00, Sys 0 00:00:00  -  Total Local Usage
	0  -  Run Bytes Sent By Job
	0  -  Run Bytes Received By Job
	0  -  Total Bytes Sent By Job
	0  -  Total Bytes Received By Job
	Partitionable Resources :    Usage  Request Allocated
	   Cpus                 :                 2         2
	   Disk (KB)            :        1        1   5108670
	   Memory (MB)          :     1404        1         1
...
