000 (20429.000.000) 02/24 21:34:58 Job submitted from host: <134.76.239.76:13753?addrs=134.76.239.76-13753>
...
001 (20429.000.000) 02/25 00:56:40 Job executing on host: <134.76.239.86:20177?addrs=134.76.239.86-20177>
...
006 (20429.000.000) 02/25 00:56:49 Image size of job updated: 45172
	5  -  MemoryUsage of job (MB)
	4292  -  ResidentSetSize of job (KB)
...
006 (20429.000.000) 02/25 01:01:50 Image size of job updated: 1145504
	933  -  MemoryUsage of job (MB)
	954976  -  ResidentSetSize of job (KB)
...
006 (20429.000.000) 02/25 01:06:51 Image size of job updated: 1146612
	933  -  MemoryUsage of job (MB)
	954976  -  ResidentSetSize of job (KB)
...
006 (20429.000.000) 02/25 01:21:53 Image size of job updated: 1268948
	1073  -  MemoryUsage of job (MB)
	1097748  -  ResidentSetSize of job (KB)
...
006 (20429.000.000) 02/25 01:26:53 Image size of job updated: 1269476
	1073  -  MemoryUsage of job (MB)
	1097760  -  ResidentSetSize of job (KB)
...
006 (20429.000.000) 02/25 01:31:53 Image size of job updated: 1270488
	1074  -  MemoryUsage of job (MB)
	1099272  -  ResidentSetSize of job (KB)
...
006 (20429.000.000) 02/25 01:36:54 Image size of job updated: 1273840
	1076  -  MemoryUsage of job (MB)
	1101704  -  ResidentSetSize of job (KB)
...
006 (20429.000.000) 02/25 01:41:55 Image size of job updated: 1484860
	1245  -  MemoryUsage of job (MB)
	1274044  -  ResidentSetSize of job (KB)
...
006 (20429.000.000) 02/25 01:46:55 Image size of job updated: 1484860
	1245  -  MemoryUsage of job (MB)
	1274152  -  ResidentSetSize of job (KB)
...
006 (20429.000.000) 02/25 01:51:56 Image size of job updated: 1486980
	1247  -  MemoryUsage of job (MB)
	1276600  -  ResidentSetSize of job (KB)
...
006 (20429.000.000) 02/25 01:56:57 Image size of job updated: 1486988
	1247  -  MemoryUsage of job (MB)
	1276600  -  ResidentSetSize of job (KB)
...
006 (20429.000.000) 02/25 02:52:02 Image size of job updated: 1486988
	1249  -  MemoryUsage of job (MB)
	1278256  -  ResidentSetSize of job (KB)
...
005 (20429.000.000) 02/25 03:59:26 Job terminated.
	(1) Normal termination (return value 0)
		Usr 0 05:04:09, Sys 0 00:00:55  -  Run Remote Usage
		Usr 0 00:00:00, Sys 0 00:00:00  -  Run Local Usage
		Usr 0 05:04:09, Sys 0 00:00:55  -  Total Remote Usage
		Usr 0 00:00:00, Sys 0 00:00:00  -  Total Local Usage
	0  -  Run Bytes Sent By Job
	0  -  Run Bytes Received By Job
	0  -  Total Bytes Sent By Job
	0  -  Total Bytes Received By Job
	Partitionable Resources :    Usage  Request Allocated
	   Cpus                 :                 2         2
	   Disk (KB)            :        1        1   5108728
	   Memory (MB)          :     1249        1         1
...
