DATE: 2016-02-26
TIME: 16:59:42
                                         version_number        8118
 read inlist_1.0
 create pre-main-sequence model
                                                species           8
 abundances
                                                     h1    7.1239199999999991D-01
                                                    he3    2.8629674369419885D-05
                                                    he4    2.6899637032563062D-01
                                                    c12    3.1977724990360076D-03
                                                    n14    9.3673051379323071D-04
                                                    o16    8.6972589668824068D-03
                                                   ne20    1.9507132122615705D-03
                                                   mg24    3.8005248080267996D-03


                                        relax_num_steps


                               finished relax_num_steps

 new_lnPgas_flag T
                                        relax_initial_Z    1.8582999999999999D-02
                                                  new z    1.8582999999999544D-02
                                        relax_initial_Y    2.6902500000000001D-01
                                                  new y    2.6902500000000029D-01
 net name basic.net
 do_element_diffusion T
 lnPgas_flag T
 kappa_file_prefix gs98
 kappa_lowT_prefix lowT_fa05_gs98
   eos_file_prefix mesa
                                        OMP_NUM_THREADS           1



stop because Lnuc_div_L >= Lnuc_div_L_zams_limit
    0.9991612783E+00    0.9990000000E+00

        952   7.277283   7456.271   0.786831   0.786831   1.593271   1.593271   0.708423   0.004682   0.269023   0.711685  -2.245313    855      0
   6.340852   1.900905   0.172070 -40.191696  -0.681906 -99.000000   0.000000   0.272471   0.008650   0.018583   0.269606   0.057334      2      0
 2.9052E+07  17.310046   0.787195 -99.000000   3.976973  -7.705363   0.000000   0.000023   0.001951  1.911E-02  1.871E-02 -0.845E-12  max increase

save photos/x952 for model 952
save final_profile.data write fgong_plot.data
                               s% atm_structure_num_pts          48
save final_profile.data.FGONG    952
 final_profile.data.FGONG for model 952
 saved to zams.mod
termination code: Lnuc_div_L_zams_limit

       runtime, prev time, retries, backups, steps         9.0        28.2         0         0       952
        952   7.277283   7456.271   0.786831   0.786831   1.593271   1.593271   0.708423   0.004682   0.269023   0.711685  -2.245313    855      0
   6.340852   1.900905   0.172070 -40.191696  -0.681906 -99.000000   0.000000   0.272471   0.008650   0.018583   0.269606   0.057334      2      0
 2.9052E+07  17.310046   0.787195 -99.000000   3.976973  -7.705363   0.000000   0.000023   0.001951  1.911E-02  1.871E-02 -0.845E-12  max increase

DATE: 2016-02-26
TIME: 17:10:28
DATE: 2016-02-26
TIME: 17:10:28
                                         version_number        8118
 read inlist_1.0
load saved model zams.mod

 new_lnPgas_flag T
 net name basic.net
 do_element_diffusion T
 lnPgas_flag T
                       which_atm_option: Eddington_grey
 kappa_file_prefix gs98
 kappa_lowT_prefix lowT_fa05_gs98
   eos_file_prefix mesa
                                        OMP_NUM_THREADS           1


__________________________________________________________________________________________________________________________________________________

       step    lg_Tcntr    Teff       lg_LH     lg_Lnuc     Mass       H_rich     H_cntr     N_cntr     Y_surf     X_avg     eta_cntr  zones retry
   lg_dt_yr    lg_Dcntr    lg_R       lg_L3a    lg_Lneu     lg_Mdot    He_core    He_cntr    O_cntr     Z_surf     Y_avg     gam_cntr  iters bckup
     age_yr    lg_Pcntr    lg_L       lg_LZ     lg_Psurf    lg_Dsurf   C_core     C_cntr     Ne_cntr    Z_cntr     Z_avg     v_div_cs     dt_limit
__________________________________________________________________________________________________________________________________________________

        958   7.277983   7490.970   0.787499   0.787499   1.593271   1.593271   0.707238   0.004698   0.269024   0.711466  -2.247466    826      0
   6.000000   1.901362   0.168183 -40.152554  -0.682741 -99.000000   0.000000   0.273658   0.008632   0.018583   0.269818   0.057292      2      0
 3.4726E+07  17.310809   0.787486 -14.449440   4.373854  -7.312302   0.000000   0.000023   0.001951  1.910E-02  1.872E-02 -0.848E-13        max_dt

