DATE: 2016-02-26
TIME: 16:59:44
                                         version_number        8118
 read inlist_1.0
 create pre-main-sequence model
                                                species           8
 abundances
                                                     h1    7.6097499999999996D-01
                                                    he3    2.5337248514420856D-05
                                                    he4    2.3806166275148560D-01
                                                    c12    1.6141153764710270D-04
                                                    n14    4.7282635846642000D-05
                                                    o16    4.3900494596871368D-04
                                                   ne20    9.8464671640830718D-05
                                                   mg24    1.9183620889681621D-04


                                        relax_num_steps


                               finished relax_num_steps

 new_lnPgas_flag T
                                        relax_initial_Z    9.3800000000000003D-04
                                                  new z    9.3800000000067104D-04
                                        relax_initial_Y    2.3808699999999999D-01
                                                  new y    2.3808699999999988D-01
 net name basic.net
 do_element_diffusion T
 lnPgas_flag T
 kappa_file_prefix gs98
 kappa_lowT_prefix lowT_fa05_gs98
   eos_file_prefix mesa
                                        OMP_NUM_THREADS           1



stop because Lnuc_div_L >= Lnuc_div_L_zams_limit
    0.9997282884E+00    0.9990000000E+00

        944   7.282363   9325.569   0.856151   0.856151   1.431552   1.431552   0.760158   0.000235   0.104999   0.760792  -1.989758    894      0
   5.617857   2.001064   0.012300 -39.927723  -0.704416 -99.000000   0.000000   0.238877   0.000439   0.000182   0.238264   0.059474      2      0
 9.3779E+06  17.433406   0.856269 -14.449440   3.174300  -8.766288   0.000000   0.000001   0.000098  9.649E-04  9.436E-04 -0.438E-12  max increase

save photos/x944 for model 944
save final_profile.data write fgong_plot.data
                               s% atm_structure_num_pts          40
save final_profile.data.FGONG    944
 final_profile.data.FGONG for model 944
 saved to zams.mod
termination code: Lnuc_div_L_zams_limit

       runtime, prev time, retries, backups, steps         8.7        28.2         0         0       944
        944   7.282363   9325.569   0.856151   0.856151   1.431552   1.431552   0.760158   0.000235   0.104999   0.760792  -1.989758    894      0
   5.617857   2.001064   0.012300 -39.927723  -0.704416 -99.000000   0.000000   0.238877   0.000439   0.000182   0.238264   0.059474      2      0
 9.3779E+06  17.433406   0.856269 -14.449440   3.174300  -8.766288   0.000000   0.000001   0.000098  9.649E-04  9.436E-04 -0.438E-12  max increase

DATE: 2016-02-26
TIME: 17:10:14
DATE: 2016-02-26
TIME: 17:10:14
                                         version_number        8118
 read inlist_1.0
load saved model zams.mod

 new_lnPgas_flag T
 net name basic.net
 do_element_diffusion T
 lnPgas_flag T
                       which_atm_option: Eddington_grey
 kappa_file_prefix gs98
 kappa_lowT_prefix lowT_fa05_gs98
   eos_file_prefix mesa
                                        OMP_NUM_THREADS           1


__________________________________________________________________________________________________________________________________________________

       step    lg_Tcntr    Teff       lg_LH     lg_Lnuc     Mass       H_rich     H_cntr     N_cntr     Y_surf     X_avg     eta_cntr  zones retry
   lg_dt_yr    lg_Dcntr    lg_R       lg_L3a    lg_Lneu     lg_Mdot    He_core    He_cntr    O_cntr     Z_surf     Y_avg     gam_cntr  iters bckup
     age_yr    lg_Pcntr    lg_L       lg_LZ     lg_Psurf    lg_Dsurf   C_core     C_cntr     Ne_cntr    Z_cntr     Z_avg     v_div_cs     dt_limit
__________________________________________________________________________________________________________________________________________________

        945   7.282359   9324.894   0.856434   0.856434   1.431552   1.431552   0.760044   0.000235   0.093086   0.760767  -1.989716    894      0
   5.697039   2.001101   0.012162 -39.927294  -0.704865 -99.000000   0.000000   0.238992   0.000438   0.000146   0.238289   0.059479      3      0
 9.8757E+06  17.433402   0.855868 -99.000000   3.668014  -8.254653   0.000000   0.000001   0.000098  9.649E-04  9.437E-04 -0.146E-11              

