000 (20380.000.000) 02/24 21:34:55 Job submitted from host: <134.76.239.76:13753?addrs=134.76.239.76-13753>
...
001 (20380.000.000) 02/25 00:28:39 Job executing on host: <134.76.239.90:23525?addrs=134.76.239.90-23525>
...
006 (20380.000.000) 02/25 00:28:48 Image size of job updated: 1
	3  -  MemoryUsage of job (MB)
	2072  -  ResidentSetSize of job (KB)
...
006 (20380.000.000) 02/25 00:33:49 Image size of job updated: 1143212
	920  -  MemoryUsage of job (MB)
	941444  -  ResidentSetSize of job (KB)
...
006 (20380.000.000) 02/25 00:38:49 Image size of job updated: 1145536
	920  -  MemoryUsage of job (MB)
	941444  -  ResidentSetSize of job (KB)
...
006 (20380.000.000) 02/25 00:43:50 Image size of job updated: 1288568
	1078  -  MemoryUsage of job (MB)
	1103228  -  ResidentSetSize of job (KB)
...
006 (20380.000.000) 02/25 00:48:51 Image size of job updated: 1434052
	1246  -  MemoryUsage of job (MB)
	1275680  -  ResidentSetSize of job (KB)
...
006 (20380.000.000) 02/25 00:53:51 Image size of job updated: 1434060
	1246  -  MemoryUsage of job (MB)
	1275680  -  ResidentSetSize of job (KB)
...
006 (20380.000.000) 02/25 01:08:52 Image size of job updated: 1460040
	1247  -  MemoryUsage of job (MB)
	1276532  -  ResidentSetSize of job (KB)
...
006 (20380.000.000) 02/25 01:13:52 Image size of job updated: 1460048
	1248  -  MemoryUsage of job (MB)
	1276972  -  ResidentSetSize of job (KB)
...
005 (20380.000.000) 02/25 02:06:10 Job terminated.
	(1) Normal termination (return value 0)
		Usr 0 02:29:28, Sys 0 00:00:38  -  Run Remote Usage
		Usr 0 00:00:00, Sys 0 00:00:00  -  Run Local Usage
		Usr 0 02:29:28, Sys 0 00:00:38  -  Total Remote Usage
		Usr 0 00:00:00, Sys 0 00:00:00  -  Total Local Usage
	0  -  Run Bytes Sent By Job
	0  -  Run Bytes Received By Job
	0  -  Total Bytes Sent By Job
	0  -  Total Bytes Received By Job
	Partitionable Resources :    Usage  Request Allocated
	   Cpus                 :                 2         2
	   Disk (KB)            :        1        1   5108844
	   Memory (MB)          :     1248        1         1
...
