000 (20249.000.000) 02/24 21:34:47 Job submitted from host: <134.76.239.76:13753?addrs=134.76.239.76-13753>
...
001 (20249.000.000) 02/24 22:44:35 Job executing on host: <134.76.239.90:23525?addrs=134.76.239.90-23525>
...
006 (20249.000.000) 02/24 22:44:43 Image size of job updated: 1
	3  -  MemoryUsage of job (MB)
	2072  -  ResidentSetSize of job (KB)
...
006 (20249.000.000) 02/24 22:49:43 Image size of job updated: 1145052
	934  -  MemoryUsage of job (MB)
	955464  -  ResidentSetSize of job (KB)
...
006 (20249.000.000) 02/24 22:54:44 Image size of job updated: 1147012
	934  -  MemoryUsage of job (MB)
	955464  -  ResidentSetSize of job (KB)
...
006 (20249.000.000) 02/24 23:14:47 Image size of job updated: 1293880
	1071  -  MemoryUsage of job (MB)
	1096448  -  ResidentSetSize of job (KB)
...
006 (20249.000.000) 02/24 23:24:48 Image size of job updated: 1293880
	1071  -  MemoryUsage of job (MB)
	1096452  -  ResidentSetSize of job (KB)
...
006 (20249.000.000) 02/24 23:34:49 Image size of job updated: 1293880
	1072  -  MemoryUsage of job (MB)
	1096780  -  ResidentSetSize of job (KB)
...
006 (20249.000.000) 02/24 23:49:50 Image size of job updated: 1439796
	1239  -  MemoryUsage of job (MB)
	1268588  -  ResidentSetSize of job (KB)
...
006 (20249.000.000) 02/24 23:54:50 Image size of job updated: 1439796
	1240  -  MemoryUsage of job (MB)
	1268928  -  ResidentSetSize of job (KB)
...
006 (20249.000.000) 02/24 23:59:51 Image size of job updated: 1442844
	1242  -  MemoryUsage of job (MB)
	1271008  -  ResidentSetSize of job (KB)
...
006 (20249.000.000) 02/25 00:04:52 Image size of job updated: 1444832
	1245  -  MemoryUsage of job (MB)
	1274524  -  ResidentSetSize of job (KB)
...
006 (20249.000.000) 02/25 00:09:52 Image size of job updated: 1444832
	1246  -  MemoryUsage of job (MB)
	1275044  -  ResidentSetSize of job (KB)
...
006 (20249.000.000) 02/25 00:14:53 Image size of job updated: 1444832
	1246  -  MemoryUsage of job (MB)
	1275064  -  ResidentSetSize of job (KB)
...
006 (20249.000.000) 02/25 00:19:54 Image size of job updated: 1445452
	1246  -  MemoryUsage of job (MB)
	1275064  -  ResidentSetSize of job (KB)
...
006 (20249.000.000) 02/25 01:09:59 Image size of job updated: 1454520
	1246  -  MemoryUsage of job (MB)
	1275064  -  ResidentSetSize of job (KB)
...
006 (20249.000.000) 02/25 01:15:00 Image size of job updated: 1479300
	1246  -  MemoryUsage of job (MB)
	1275064  -  ResidentSetSize of job (KB)
...
006 (20249.000.000) 02/25 01:20:00 Image size of job updated: 1482352
	1246  -  MemoryUsage of job (MB)
	1275064  -  ResidentSetSize of job (KB)
...
006 (20249.000.000) 02/25 01:30:02 Image size of job updated: 1484336
	1246  -  MemoryUsage of job (MB)
	1275264  -  ResidentSetSize of job (KB)
...
006 (20249.000.000) 02/25 01:35:02 Image size of job updated: 1484336
	1246  -  MemoryUsage of job (MB)
	1275316  -  ResidentSetSize of job (KB)
...
006 (20249.000.000) 02/25 01:40:02 Image size of job updated: 1484336
	1246  -  MemoryUsage of job (MB)
	1275452  -  ResidentSetSize of job (KB)
...
006 (20249.000.000) 02/25 01:45:03 Image size of job updated: 1484348
	1246  -  MemoryUsage of job (MB)
	1275452  -  ResidentSetSize of job (KB)
...
006 (20249.000.000) 02/25 03:05:11 Image size of job updated: 10425256
	5742  -  MemoryUsage of job (MB)
	5879016  -  ResidentSetSize of job (KB)
...
005 (20249.000.000) 02/25 03:06:12 Job terminated.
	(1) Normal termination (return value 0)
		Usr 0 07:20:47, Sys 0 00:01:12  -  Run Remote Usage
		Usr 0 00:00:00, Sys 0 00:00:00  -  Run Local Usage
		Usr 0 07:20:47, Sys 0 00:01:12  -  Total Remote Usage
		Usr 0 00:00:00, Sys 0 00:00:00  -  Total Local Usage
	0  -  Run Bytes Sent By Job
	0  -  Run Bytes Received By Job
	0  -  Total Bytes Sent By Job
	0  -  Total Bytes Received By Job
	Partitionable Resources :    Usage  Request Allocated
	   Cpus                 :                 2         2
	   Disk (KB)            :        1        1   5108852
	   Memory (MB)          :     5742        1         1
...
