000 (20017.000.000) 02/24 21:34:35 Job submitted from host: <134.76.239.76:13753?addrs=134.76.239.76-13753>
...
001 (20017.000.000) 02/24 21:34:49 Job executing on host: <134.76.239.78:21556?addrs=134.76.239.78-21556>
...
006 (20017.000.000) 02/24 21:35:03 Image size of job updated: 65708
	4  -  MemoryUsage of job (MB)
	3840  -  ResidentSetSize of job (KB)
...
006 (20017.000.000) 02/24 21:40:04 Image size of job updated: 168716
	18  -  MemoryUsage of job (MB)
	18160  -  ResidentSetSize of job (KB)
...
006 (20017.000.000) 02/24 21:45:05 Image size of job updated: 1145432
	923  -  MemoryUsage of job (MB)
	944352  -  ResidentSetSize of job (KB)
...
006 (20017.000.000) 02/24 21:50:05 Image size of job updated: 1146680
	923  -  MemoryUsage of job (MB)
	944352  -  ResidentSetSize of job (KB)
...
006 (20017.000.000) 02/24 22:05:07 Image size of job updated: 1281388
	1060  -  MemoryUsage of job (MB)
	1085064  -  ResidentSetSize of job (KB)
...
006 (20017.000.000) 02/24 22:10:07 Image size of job updated: 1281388
	1060  -  MemoryUsage of job (MB)
	1085068  -  ResidentSetSize of job (KB)
...
006 (20017.000.000) 02/24 22:30:09 Image size of job updated: 1281388
	1060  -  MemoryUsage of job (MB)
	1085404  -  ResidentSetSize of job (KB)
...
006 (20017.000.000) 02/24 22:50:11 Image size of job updated: 1402336
	1204  -  MemoryUsage of job (MB)
	1232668  -  ResidentSetSize of job (KB)
...
006 (20017.000.000) 02/24 23:00:12 Image size of job updated: 1402336
	1205  -  MemoryUsage of job (MB)
	1232996  -  ResidentSetSize of job (KB)
...
006 (20017.000.000) 02/24 23:10:14 Image size of job updated: 1402336
	1205  -  MemoryUsage of job (MB)
	1233000  -  ResidentSetSize of job (KB)
...
006 (20017.000.000) 02/24 23:25:15 Image size of job updated: 1402336
	1205  -  MemoryUsage of job (MB)
	1233328  -  ResidentSetSize of job (KB)
...
006 (20017.000.000) 02/24 23:55:18 Image size of job updated: 1405976
	1207  -  MemoryUsage of job (MB)
	1235388  -  ResidentSetSize of job (KB)
...
006 (20017.000.000) 02/25 00:45:22 Image size of job updated: 1429160
	1208  -  MemoryUsage of job (MB)
	1236744  -  ResidentSetSize of job (KB)
...
006 (20017.000.000) 02/25 00:55:23 Image size of job updated: 1429160
	1209  -  MemoryUsage of job (MB)
	1237072  -  ResidentSetSize of job (KB)
...
006 (20017.000.000) 02/25 01:00:23 Image size of job updated: 1429160
	1209  -  MemoryUsage of job (MB)
	1237076  -  ResidentSetSize of job (KB)
...
006 (20017.000.000) 02/25 01:15:25 Image size of job updated: 1429160
	1209  -  MemoryUsage of job (MB)
	1237392  -  ResidentSetSize of job (KB)
...
006 (20017.000.000) 02/25 01:40:28 Image size of job updated: 1429408
	1209  -  MemoryUsage of job (MB)
	1237396  -  ResidentSetSize of job (KB)
...
006 (20017.000.000) 02/25 01:45:29 Image size of job updated: 1429408
	1209  -  MemoryUsage of job (MB)
	1237400  -  ResidentSetSize of job (KB)
...
006 (20017.000.000) 02/25 01:50:29 Image size of job updated: 1432536
	1211  -  MemoryUsage of job (MB)
	1239460  -  ResidentSetSize of job (KB)
...
005 (20017.000.000) 02/25 03:27:07 Job terminated.
	(1) Normal termination (return value 0)
		Usr 0 09:16:00, Sys 0 00:01:59  -  Run Remote Usage
		Usr 0 00:00:00, Sys 0 00:00:00  -  Run Local Usage
		Usr 0 09:16:00, Sys 0 00:01:59  -  Total Remote Usage
		Usr 0 00:00:00, Sys 0 00:00:00  -  Total Local Usage
	0  -  Run Bytes Sent By Job
	0  -  Run Bytes Received By Job
	0  -  Total Bytes Sent By Job
	0  -  Total Bytes Received By Job
	Partitionable Resources :    Usage  Request Allocated
	   Cpus                 :                 2         2
	   Disk (KB)            :        1        1   5108829
	   Memory (MB)          :     1211        1         1
...
