DATE: 2016-02-26
TIME: 16:59:50
                                         version_number        8118
 read inlist_1.0
 create pre-main-sequence model
                                                species           8
 abundances
                                                     h1    6.7444400000000004D-01
                                                    he3    3.2048314493732660D-05
                                                    he4    3.0111695168550628D-01
                                                    c12    4.1999695089044433D-03
                                                    n14    1.2303062826320408D-03
                                                    o16    1.1423021019463884D-02
                                                   ne20    2.5620759496135072D-03
                                                   mg24    4.9916272393859713D-03


                                        relax_num_steps


                               finished relax_num_steps

 new_lnPgas_flag T
                                        relax_initial_Z    2.4407000000000002D-02
                                                  new z    2.4406999999998950D-02
                                        relax_initial_Y    3.0114900000000000D-01
                                                  new y    3.0114899999999994D-01
 net name basic.net
 do_element_diffusion T
 lnPgas_flag T
 kappa_file_prefix gs98
 kappa_lowT_prefix lowT_fa05_gs98
   eos_file_prefix mesa
                                        OMP_NUM_THREADS           1



stop because Lnuc_div_L >= Lnuc_div_L_zams_limit
    0.1000916794E+01    0.9990000000E+00

        830   7.173024   6066.655   0.146846   0.146846   1.167990   1.167990   0.674106   0.002079   0.301149   0.674367  -2.070775    807      0
   5.443123   1.826430   0.030841 -45.343403  -1.258746 -99.000000   0.000000   0.301366   0.011423   0.024407   0.301204   0.070073      2      0
 2.4801E+07  17.119173   0.146448 -99.000000   4.656216  -6.917956   0.000000   0.003472   0.002562  2.453E-02  2.443E-02 -0.761E-10    varcontrol

save photos/x830 for model 830
save final_profile.data write fgong_plot.data
                               s% atm_structure_num_pts          57
save final_profile.data.FGONG    830
 final_profile.data.FGONG for model 830
 saved to zams.mod
termination code: Lnuc_div_L_zams_limit

       runtime, prev time, retries, backups, steps         7.7        28.2         0         0       830
        830   7.173024   6066.655   0.146846   0.146846   1.167990   1.167990   0.674106   0.002079   0.301149   0.674367  -2.070775    807      0
   5.443123   1.826430   0.030841 -45.343403  -1.258746 -99.000000   0.000000   0.301366   0.011423   0.024407   0.301204   0.070073      2      0
 2.4801E+07  17.119173   0.146448 -99.000000   4.656216  -6.917956   0.000000   0.003472   0.002562  2.453E-02  2.443E-02 -0.761E-10    varcontrol

DATE: 2016-02-26
TIME: 17:09:09
DATE: 2016-02-26
TIME: 17:09:10
                                         version_number        8118
 read inlist_1.0
load saved model zams.mod

 new_lnPgas_flag T
 net name basic.net
 do_element_diffusion T
 lnPgas_flag T
                       which_atm_option: Eddington_grey
 kappa_file_prefix gs98
 kappa_lowT_prefix lowT_fa05_gs98
   eos_file_prefix mesa
                                        OMP_NUM_THREADS           1


__________________________________________________________________________________________________________________________________________________

       step    lg_Tcntr    Teff       lg_LH     lg_Lnuc     Mass       H_rich     H_cntr     N_cntr     Y_surf     X_avg     eta_cntr  zones retry
   lg_dt_yr    lg_Dcntr    lg_R       lg_L3a    lg_Lneu     lg_Mdot    He_core    He_cntr    O_cntr     Z_surf     Y_avg     gam_cntr  iters bckup
     age_yr    lg_Pcntr    lg_L       lg_LZ     lg_Psurf    lg_Dsurf   C_core     C_cntr     Ne_cntr    Z_cntr     Z_avg     v_div_cs     dt_limit
__________________________________________________________________________________________________________________________________________________

