000 (20295.000.000) 02/24 21:34:50 Job submitted from host: <134.76.239.76:13753?addrs=134.76.239.76-13753>
...
001 (20295.000.000) 02/24 23:33:37 Job executing on host: <134.76.239.90:23525?addrs=134.76.239.90-23525>
...
006 (20295.000.000) 02/24 23:33:46 Image size of job updated: 827412
	620  -  MemoryUsage of job (MB)
	634160  -  ResidentSetSize of job (KB)
...
006 (20295.000.000) 02/24 23:38:47 Image size of job updated: 1145028
	925  -  MemoryUsage of job (MB)
	946652  -  ResidentSetSize of job (KB)
...
006 (20295.000.000) 02/24 23:43:48 Image size of job updated: 1146340
	925  -  MemoryUsage of job (MB)
	946652  -  ResidentSetSize of job (KB)
...
006 (20295.000.000) 02/24 23:48:48 Image size of job updated: 1246056
	1063  -  MemoryUsage of job (MB)
	1088432  -  ResidentSetSize of job (KB)
...
006 (20295.000.000) 02/24 23:53:49 Image size of job updated: 1246640
	1064  -  MemoryUsage of job (MB)
	1088776  -  ResidentSetSize of job (KB)
...
006 (20295.000.000) 02/24 23:58:50 Image size of job updated: 1457660
	1232  -  MemoryUsage of job (MB)
	1260912  -  ResidentSetSize of job (KB)
...
006 (20295.000.000) 02/25 00:03:50 Image size of job updated: 1461096
	1234  -  MemoryUsage of job (MB)
	1263404  -  ResidentSetSize of job (KB)
...
006 (20295.000.000) 02/25 00:23:51 Image size of job updated: 1461096
	1245  -  MemoryUsage of job (MB)
	1273928  -  ResidentSetSize of job (KB)
...
006 (20295.000.000) 02/25 00:28:52 Image size of job updated: 1461444
	1245  -  MemoryUsage of job (MB)
	1274336  -  ResidentSetSize of job (KB)
...
006 (20295.000.000) 02/25 00:33:53 Image size of job updated: 1461456
	1245  -  MemoryUsage of job (MB)
	1274336  -  ResidentSetSize of job (KB)
...
006 (20295.000.000) 02/25 01:37:31 Image size of job updated: 7627832
	1245  -  MemoryUsage of job (MB)
	1274336  -  ResidentSetSize of job (KB)
...
005 (20295.000.000) 02/25 01:37:31 Job terminated.
	(1) Normal termination (return value 0)
		Usr 0 03:17:35, Sys 0 00:00:39  -  Run Remote Usage
		Usr 0 00:00:00, Sys 0 00:00:00  -  Run Local Usage
		Usr 0 03:17:35, Sys 0 00:00:39  -  Total Remote Usage
		Usr 0 00:00:00, Sys 0 00:00:00  -  Total Local Usage
	0  -  Run Bytes Sent By Job
	0  -  Run Bytes Received By Job
	0  -  Total Bytes Sent By Job
	0  -  Total Bytes Received By Job
	Partitionable Resources :    Usage  Request Allocated
	   Cpus                 :                 2         2
	   Disk (KB)            :        1        1   5108847
	   Memory (MB)          :     1245        1         1
...
