000 (20479.000.000) 02/24 21:35:00 Job submitted from host: <134.76.239.76:13753?addrs=134.76.239.76-13753>
...
001 (20479.000.000) 02/25 01:28:40 Job executing on host: <134.76.239.79:12046?addrs=134.76.239.79-12046>
...
006 (20479.000.000) 02/25 01:28:49 Image size of job updated: 1
	3  -  MemoryUsage of job (MB)
	2068  -  ResidentSetSize of job (KB)
...
006 (20479.000.000) 02/25 01:33:50 Image size of job updated: 1144988
	930  -  MemoryUsage of job (MB)
	951848  -  ResidentSetSize of job (KB)
...
006 (20479.000.000) 02/25 01:38:51 Image size of job updated: 1145136
	930  -  MemoryUsage of job (MB)
	951848  -  ResidentSetSize of job (KB)
...
006 (20479.000.000) 02/25 01:48:51 Image size of job updated: 1323644
	1153  -  MemoryUsage of job (MB)
	1179816  -  ResidentSetSize of job (KB)
...
006 (20479.000.000) 02/25 01:53:52 Image size of job updated: 1323644
	1153  -  MemoryUsage of job (MB)
	1180148  -  ResidentSetSize of job (KB)
...
006 (20479.000.000) 02/25 01:58:52 Image size of job updated: 1510128
	1297  -  MemoryUsage of job (MB)
	1327752  -  ResidentSetSize of job (KB)
...
006 (20479.000.000) 02/25 02:03:52 Image size of job updated: 1510128
	1297  -  MemoryUsage of job (MB)
	1328072  -  ResidentSetSize of job (KB)
...
006 (20479.000.000) 02/25 03:51:13 Image size of job updated: 7895532
	1297  -  MemoryUsage of job (MB)
	1328072  -  ResidentSetSize of job (KB)
...
005 (20479.000.000) 02/25 03:51:13 Job terminated.
	(1) Normal termination (return value 0)
		Usr 0 03:53:11, Sys 0 00:00:31  -  Run Remote Usage
		Usr 0 00:00:00, Sys 0 00:00:00  -  Run Local Usage
		Usr 0 03:53:11, Sys 0 00:00:31  -  Total Remote Usage
		Usr 0 00:00:00, Sys 0 00:00:00  -  Total Local Usage
	0  -  Run Bytes Sent By Job
	0  -  Run Bytes Received By Job
	0  -  Total Bytes Sent By Job
	0  -  Total Bytes Received By Job
	Partitionable Resources :    Usage  Request Allocated
	   Cpus                 :                 2         2
	   Disk (KB)            :        1        1   5108696
	   Memory (MB)          :     1297        1         1
...
