DATE: 2016-02-26
TIME: 16:59:44
                                         version_number        8118
 read inlist_1.0
 create pre-main-sequence model
                                                species           8
 abundances
                                                     h1    7.3946599999999985D-01
                                                    he3    2.6610884581155237D-05
                                                    he4    2.5002838911541880D-01
                                                    c12    1.8032318795349884D-03
                                                    n14    5.2822467061504450D-04
                                                    o16    4.9044060008589432D-03
                                                   ne20    1.1000120406440953D-03
                                                   mg24    2.1431254083470546D-03


                                        relax_num_steps


                               finished relax_num_steps

 new_lnPgas_flag T
                                        relax_initial_Z    1.0479000000000000D-02
                                                  new z    1.0479000000001177D-02
                                        relax_initial_Y    2.5005500000000003D-01
                                                  new y    2.5005499999999969D-01
 net name basic.net
 do_element_diffusion T
 lnPgas_flag T
 kappa_file_prefix gs98
 kappa_lowT_prefix lowT_fa05_gs98
   eos_file_prefix mesa
                                        OMP_NUM_THREADS           1



stop because Lnuc_div_L >= Lnuc_div_L_zams_limit
    0.1000435863E+01    0.9990000000E+00

        935   7.263463   7507.902   0.718479   0.718479   1.480881   1.480881   0.737615   0.002624   0.249675   0.739087  -2.076630    864      0
   5.987189   1.942183   0.131624 -40.872733  -0.824753 -99.000000   0.000000   0.251609   0.004897   0.010435   0.250371   0.060142      3      0
 2.1460E+07  17.347688   0.718290 -15.051500   3.985533  -7.711351   0.000000   0.000012   0.001100  1.078E-02  1.054E-02 -0.133E-11  max increase

save photos/x935 for model 935
save final_profile.data write fgong_plot.data
                               s% atm_structure_num_pts          52
save final_profile.data.FGONG    935
 final_profile.data.FGONG for model 935
 saved to zams.mod
termination code: Lnuc_div_L_zams_limit

       runtime, prev time, retries, backups, steps         8.8        28.2         0         0       935
        935   7.263463   7507.902   0.718479   0.718479   1.480881   1.480881   0.737615   0.002624   0.249675   0.739087  -2.076630    864      0
   5.987189   1.942183   0.131624 -40.872733  -0.824753 -99.000000   0.000000   0.251609   0.004897   0.010435   0.250371   0.060142      3      0
 2.1460E+07  17.347688   0.718290 -15.051500   3.985533  -7.711351   0.000000   0.000012   0.001100  1.078E-02  1.054E-02 -0.133E-11  max increase

DATE: 2016-02-26
TIME: 17:10:12
DATE: 2016-02-26
TIME: 17:10:13
                                         version_number        8118
 read inlist_1.0
load saved model zams.mod

 new_lnPgas_flag T
 net name basic.net
 do_element_diffusion T
 lnPgas_flag T
                       which_atm_option: Eddington_grey
 kappa_file_prefix gs98
 kappa_lowT_prefix lowT_fa05_gs98
   eos_file_prefix mesa
                                        OMP_NUM_THREADS           1


__________________________________________________________________________________________________________________________________________________

       step    lg_Tcntr    Teff       lg_LH     lg_Lnuc     Mass       H_rich     H_cntr     N_cntr     Y_surf     X_avg     eta_cntr  zones retry
   lg_dt_yr    lg_Dcntr    lg_R       lg_L3a    lg_Lneu     lg_Mdot    He_core    He_cntr    O_cntr     Z_surf     Y_avg     gam_cntr  iters bckup
     age_yr    lg_Pcntr    lg_L       lg_LZ     lg_Psurf    lg_Dsurf   C_core     C_cntr     Ne_cntr    Z_cntr     Z_avg     v_div_cs     dt_limit
__________________________________________________________________________________________________________________________________________________

