000 (20310.000.000) 02/24 21:34:51 Job submitted from host: <134.76.239.76:13753?addrs=134.76.239.76-13753>
...
001 (20310.000.000) 02/24 23:40:38 Job executing on host: <134.76.239.90:23525?addrs=134.76.239.90-23525>
...
006 (20310.000.000) 02/24 23:40:46 Image size of job updated: 827412
	628  -  MemoryUsage of job (MB)
	642524  -  ResidentSetSize of job (KB)
...
006 (20310.000.000) 02/24 23:45:46 Image size of job updated: 1145240
	938  -  MemoryUsage of job (MB)
	959560  -  ResidentSetSize of job (KB)
...
006 (20310.000.000) 02/24 23:50:47 Image size of job updated: 1146268
	938  -  MemoryUsage of job (MB)
	959560  -  ResidentSetSize of job (KB)
...
006 (20310.000.000) 02/25 00:05:49 Image size of job updated: 1268208
	1071  -  MemoryUsage of job (MB)
	1096368  -  ResidentSetSize of job (KB)
...
006 (20310.000.000) 02/25 00:10:50 Image size of job updated: 1268208
	1071  -  MemoryUsage of job (MB)
	1096380  -  ResidentSetSize of job (KB)
...
006 (20310.000.000) 02/25 00:15:50 Image size of job updated: 1268208
	1071  -  MemoryUsage of job (MB)
	1096700  -  ResidentSetSize of job (KB)
...
006 (20310.000.000) 02/25 00:25:51 Image size of job updated: 1479228
	1240  -  MemoryUsage of job (MB)
	1268824  -  ResidentSetSize of job (KB)
...
006 (20310.000.000) 02/25 00:35:51 Image size of job updated: 1482716
	1240  -  MemoryUsage of job (MB)
	1269240  -  ResidentSetSize of job (KB)
...
006 (20310.000.000) 02/25 00:40:52 Image size of job updated: 1484704
	1248  -  MemoryUsage of job (MB)
	1277548  -  ResidentSetSize of job (KB)
...
006 (20310.000.000) 02/25 00:45:53 Image size of job updated: 1550240
	1310  -  MemoryUsage of job (MB)
	1340544  -  ResidentSetSize of job (KB)
...
006 (20310.000.000) 02/25 03:36:10 Image size of job updated: 9477168
	4889  -  MemoryUsage of job (MB)
	5005916  -  ResidentSetSize of job (KB)
...
005 (20310.000.000) 02/25 03:37:09 Job terminated.
	(1) Normal termination (return value 0)
		Usr 0 06:43:35, Sys 0 00:00:43  -  Run Remote Usage
		Usr 0 00:00:00, Sys 0 00:00:00  -  Run Local Usage
		Usr 0 06:43:35, Sys 0 00:00:43  -  Total Remote Usage
		Usr 0 00:00:00, Sys 0 00:00:00  -  Total Local Usage
	0  -  Run Bytes Sent By Job
	0  -  Run Bytes Received By Job
	0  -  Total Bytes Sent By Job
	0  -  Total Bytes Received By Job
	Partitionable Resources :    Usage  Request Allocated
	   Cpus                 :                 2         2
	   Disk (KB)            :        1        1   5108847
	   Memory (MB)          :     4889        1         1
...
