000 (20567.000.000) 02/24 21:35:05 Job submitted from host: <134.76.239.76:13753?addrs=134.76.239.76-13753>
...
001 (20567.000.000) 02/25 02:28:41 Job executing on host: <134.76.239.88:25067?addrs=134.76.239.88-25067>
...
006 (20567.000.000) 02/25 02:28:50 Image size of job updated: 1
	3  -  MemoryUsage of job (MB)
	2072  -  ResidentSetSize of job (KB)
...
006 (20567.000.000) 02/25 02:33:51 Image size of job updated: 1144828
	932  -  MemoryUsage of job (MB)
	953436  -  ResidentSetSize of job (KB)
...
006 (20567.000.000) 02/25 02:38:51 Image size of job updated: 1146028
	932  -  MemoryUsage of job (MB)
	953436  -  ResidentSetSize of job (KB)
...
006 (20567.000.000) 02/25 02:58:53 Image size of job updated: 1255268
	1065  -  MemoryUsage of job (MB)
	1089724  -  ResidentSetSize of job (KB)
...
006 (20567.000.000) 02/25 03:08:55 Image size of job updated: 1255268
	1065  -  MemoryUsage of job (MB)
	1090044  -  ResidentSetSize of job (KB)
...
006 (20567.000.000) 02/25 03:13:55 Image size of job updated: 1469892
	1233  -  MemoryUsage of job (MB)
	1261932  -  ResidentSetSize of job (KB)
...
006 (20567.000.000) 02/25 03:18:55 Image size of job updated: 1469892
	1233  -  MemoryUsage of job (MB)
	1262292  -  ResidentSetSize of job (KB)
...
006 (20567.000.000) 02/25 03:23:56 Image size of job updated: 1469892
	1233  -  MemoryUsage of job (MB)
	1262528  -  ResidentSetSize of job (KB)
...
006 (20567.000.000) 02/25 03:28:57 Image size of job updated: 1471924
	1236  -  MemoryUsage of job (MB)
	1264972  -  ResidentSetSize of job (KB)
...
006 (20567.000.000) 02/25 04:14:01 Image size of job updated: 1482748
	1237  -  MemoryUsage of job (MB)
	1266448  -  ResidentSetSize of job (KB)
...
006 (20567.000.000) 02/25 04:19:02 Image size of job updated: 1482748
	1238  -  MemoryUsage of job (MB)
	1267216  -  ResidentSetSize of job (KB)
...
006 (20567.000.000) 02/25 04:24:02 Image size of job updated: 1482748
	1238  -  MemoryUsage of job (MB)
	1267308  -  ResidentSetSize of job (KB)
...
006 (20567.000.000) 02/25 04:29:03 Image size of job updated: 1484776
	1240  -  MemoryUsage of job (MB)
	1269744  -  ResidentSetSize of job (KB)
...
005 (20567.000.000) 02/25 05:43:29 Job terminated.
	(1) Normal termination (return value 0)
		Usr 0 05:22:10, Sys 0 00:01:18  -  Run Remote Usage
		Usr 0 00:00:00, Sys 0 00:00:00  -  Run Local Usage
		Usr 0 05:22:10, Sys 0 00:01:18  -  Total Remote Usage
		Usr 0 00:00:00, Sys 0 00:00:00  -  Total Local Usage
	0  -  Run Bytes Sent By Job
	0  -  Run Bytes Received By Job
	0  -  Total Bytes Sent By Job
	0  -  Total Bytes Received By Job
	Partitionable Resources :    Usage  Request Allocated
	   Cpus                 :                 2         2
	   Disk (KB)            :        1        1   5108714
	   Memory (MB)          :     1240        1         1
...
