DATE: 2016-02-26
TIME: 16:59:50
                                         version_number        8118
 read inlist_1.0
 create pre-main-sequence model
                                                species           8
 abundances
                                                     h1    7.0621800000000012D-01
                                                    he3    2.9953115055074032D-05
                                                    he4    2.8143104688494502D-01
                                                    c12    2.1202042167907608D-03
                                                    n14    6.2107607277869087D-04
                                                    o16    5.7665031335606886D-03
                                                   ne20    1.2933723020112384D-03
                                                   mg24    2.5198442748586487D-03


                                        relax_num_steps


                               finished relax_num_steps

 new_lnPgas_flag T
                                        relax_initial_Z    1.2321000000000000D-02
                                                  new z    1.2320999999999331D-02
                                        relax_initial_Y    2.8146100000000002D-01
                                                  new y    2.8146099999999991D-01
 net name basic.net
 do_element_diffusion T
 lnPgas_flag T
 kappa_file_prefix gs98
 kappa_lowT_prefix lowT_fa05_gs98
   eos_file_prefix mesa
                                        OMP_NUM_THREADS           1



stop because Lnuc_div_L >= Lnuc_div_L_zams_limit
    0.9997127281E+00    0.9990000000E+00

        932   7.262806   7321.133   0.669712   0.669712   1.414084   1.414084   0.704546   0.003083   0.281459   0.705834  -2.080876    838      0
   5.950821   1.948219   0.129278 -40.758899  -0.859970 -99.000000   0.000000   0.282783   0.005761   0.012321   0.281766   0.061412      4      0
 2.2544E+07  17.342149   0.669837 -15.051500   4.073925  -7.593169   0.000000   0.000014   0.001293  1.267E-02  1.240E-02 -0.236E-11  max increase

save photos/x932 for model 932
save final_profile.data write fgong_plot.data
                               s% atm_structure_num_pts          48
save final_profile.data.FGONG    932
 final_profile.data.FGONG for model 932
 saved to zams.mod
termination code: Lnuc_div_L_zams_limit

       runtime, prev time, retries, backups, steps         8.7        28.2         0         0       932
        932   7.262806   7321.133   0.669712   0.669712   1.414084   1.414084   0.704546   0.003083   0.281459   0.705834  -2.080876    838      0
   5.950821   1.948219   0.129278 -40.758899  -0.859970 -99.000000   0.000000   0.282783   0.005761   0.012321   0.281766   0.061412      4      0
 2.2544E+07  17.342149   0.669837 -15.051500   4.073925  -7.593169   0.000000   0.000014   0.001293  1.267E-02  1.240E-02 -0.236E-11  max increase

DATE: 2016-02-26
TIME: 17:10:14
DATE: 2016-02-26
TIME: 17:10:14
                                         version_number        8118
 read inlist_1.0
load saved model zams.mod

 new_lnPgas_flag T
 net name basic.net
 do_element_diffusion T
 lnPgas_flag T
                       which_atm_option: Eddington_grey
 kappa_file_prefix gs98
 kappa_lowT_prefix lowT_fa05_gs98
   eos_file_prefix mesa
                                        OMP_NUM_THREADS           1


__________________________________________________________________________________________________________________________________________________

       step    lg_Tcntr    Teff       lg_LH     lg_Lnuc     Mass       H_rich     H_cntr     N_cntr     Y_surf     X_avg     eta_cntr  zones retry
   lg_dt_yr    lg_Dcntr    lg_R       lg_L3a    lg_Lneu     lg_Mdot    He_core    He_cntr    O_cntr     Z_surf     Y_avg     gam_cntr  iters bckup
     age_yr    lg_Pcntr    lg_L       lg_LZ     lg_Psurf    lg_Dsurf   C_core     C_cntr     Ne_cntr    Z_cntr     Z_avg     v_div_cs     dt_limit
__________________________________________________________________________________________________________________________________________________

        933   7.262861   7400.052   0.669771   0.669771   1.414084   1.414084   0.704393   0.003084   0.281459   0.705801  -2.081010    838      0
   6.000000   1.948286   0.119856 -40.755535  -0.860364 -99.000000   0.000000   0.282936   0.005760   0.012321   0.281799   0.061412      8      0
 2.3544E+07  17.342220   0.669619 -99.000000   4.460710  -7.216507   0.000000   0.000014   0.001293  1.267E-02  1.240E-02 -0.773E-10              

