000 (20328.000.000) 02/24 21:34:52 Job submitted from host: <134.76.239.76:13753?addrs=134.76.239.76-13753>
...
001 (20328.000.000) 02/24 23:54:39 Job executing on host: <134.76.239.88:25067?addrs=134.76.239.88-25067>
...
006 (20328.000.000) 02/24 23:54:47 Image size of job updated: 26260
	4  -  MemoryUsage of job (MB)
	3312  -  ResidentSetSize of job (KB)
...
006 (20328.000.000) 02/24 23:59:47 Image size of job updated: 1145040
	933  -  MemoryUsage of job (MB)
	954456  -  ResidentSetSize of job (KB)
...
006 (20328.000.000) 02/25 00:14:49 Image size of job updated: 1256132
	1062  -  MemoryUsage of job (MB)
	1087068  -  ResidentSetSize of job (KB)
...
006 (20328.000.000) 02/25 00:19:49 Image size of job updated: 1256644
	1062  -  MemoryUsage of job (MB)
	1087396  -  ResidentSetSize of job (KB)
...
006 (20328.000.000) 02/25 00:24:50 Image size of job updated: 1261820
	1068  -  MemoryUsage of job (MB)
	1093108  -  ResidentSetSize of job (KB)
...
006 (20328.000.000) 02/25 00:29:50 Image size of job updated: 1472840
	1236  -  MemoryUsage of job (MB)
	1265244  -  ResidentSetSize of job (KB)
...
006 (20328.000.000) 02/25 00:34:50 Image size of job updated: 1538376
	1298  -  MemoryUsage of job (MB)
	1328288  -  ResidentSetSize of job (KB)
...
006 (20328.000.000) 02/25 00:39:51 Image size of job updated: 1538376
	1298  -  MemoryUsage of job (MB)
	1328640  -  ResidentSetSize of job (KB)
...
005 (20328.000.000) 02/25 02:39:20 Job terminated.
	(1) Normal termination (return value 0)
		Usr 0 04:27:10, Sys 0 00:00:47  -  Run Remote Usage
		Usr 0 00:00:00, Sys 0 00:00:00  -  Run Local Usage
		Usr 0 04:27:10, Sys 0 00:00:47  -  Total Remote Usage
		Usr 0 00:00:00, Sys 0 00:00:00  -  Total Local Usage
	0  -  Run Bytes Sent By Job
	0  -  Run Bytes Received By Job
	0  -  Total Bytes Sent By Job
	0  -  Total Bytes Received By Job
	Partitionable Resources :    Usage  Request Allocated
	   Cpus                 :                 2         2
	   Disk (KB)            :        1        1   5108748
	   Memory (MB)          :     1298        1         1
...
