DATE: 2016-02-26
TIME: 16:59:29
                                         version_number        8118
 read inlist_1.0
 create pre-main-sequence model
                                                species           8
 abundances
                                                     h1    6.9585399999999997D-01
                                                    he3    2.8754398756971080D-05
                                                    he4    2.7016824560124303D-01
                                                    c12    5.8419619313228944D-03
                                                    n14    1.7112987253277924D-03
                                                    o16    1.5888890096684639D-02
                                                   ne20    3.5637282916142717D-03
                                                   mg24    6.9431209550504074D-03


                                        relax_num_steps


                               finished relax_num_steps

 new_lnPgas_flag T
                                        relax_initial_Z    3.3949000000000000D-02
                                                  new z    3.3948999999999743D-02
                                        relax_initial_Y    2.7019700000000002D-01
                                                  new y    2.7019699999999991D-01
 net name basic.net
 do_element_diffusion T
 lnPgas_flag T
 kappa_file_prefix gs98
 kappa_lowT_prefix lowT_fa05_gs98
   eos_file_prefix mesa
                                        OMP_NUM_THREADS           1



stop because Lnuc_div_L >= Lnuc_div_L_zams_limit
    0.1009634811E+01    0.9990000000E+00

        804   7.071842   4587.467  -0.621898  -0.621898   0.853232   0.853232   0.694870   0.001796   0.269512   0.695764  -1.666786    797      0
   6.193445   1.836328  -0.112661 -50.791047  -2.211023 -99.000000   0.000000   0.271111   0.015913   0.033872   0.270285   0.088631      4      0
 7.2551E+07  17.035028  -0.626062 -15.954590   4.874033  -6.588118   0.000000   0.005781   0.003571  3.402E-02  3.395E-02 -0.938E-11    varcontrol

save photos/x804 for model 804
save final_profile.data write fgong_plot.data
                               s% atm_structure_num_pts          71
save final_profile.data.FGONG    804
 final_profile.data.FGONG for model 804
 saved to zams.mod
termination code: Lnuc_div_L_zams_limit

       runtime, prev time, retries, backups, steps         8.3        28.2         0         0       804
        804   7.071842   4587.467  -0.621898  -0.621898   0.853232   0.853232   0.694870   0.001796   0.269512   0.695764  -1.666786    797      0
   6.193445   1.836328  -0.112661 -50.791047  -2.211023 -99.000000   0.000000   0.271111   0.015913   0.033872   0.270285   0.088631      4      0
 7.2551E+07  17.035028  -0.626062 -15.954590   4.874033  -6.588118   0.000000   0.005781   0.003571  3.402E-02  3.395E-02 -0.938E-11    varcontrol

DATE: 2016-02-26
TIME: 17:09:52
DATE: 2016-02-26
TIME: 17:09:52
                                         version_number        8118
 read inlist_1.0
load saved model zams.mod

 new_lnPgas_flag T
 net name basic.net
 do_element_diffusion T
 lnPgas_flag T
                       which_atm_option: Eddington_grey
 kappa_file_prefix gs98
 kappa_lowT_prefix lowT_fa05_gs98
   eos_file_prefix mesa
                                        OMP_NUM_THREADS           1


__________________________________________________________________________________________________________________________________________________

       step    lg_Tcntr    Teff       lg_LH     lg_Lnuc     Mass       H_rich     H_cntr     N_cntr     Y_surf     X_avg     eta_cntr  zones retry
   lg_dt_yr    lg_Dcntr    lg_R       lg_L3a    lg_Lneu     lg_Mdot    He_core    He_cntr    O_cntr     Z_surf     Y_avg     gam_cntr  iters bckup
     age_yr    lg_Pcntr    lg_L       lg_LZ     lg_Psurf    lg_Dsurf   C_core     C_cntr     Ne_cntr    Z_cntr     Z_avg     v_div_cs     dt_limit
__________________________________________________________________________________________________________________________________________________

