000 (28029.000.000) 02/26 16:55:53 Job submitted from host: <134.76.239.76:15915?addrs=134.76.239.76-15915>
...
001 (28029.000.000) 02/26 16:56:01 Job executing on host: <134.76.239.80:25185?addrs=134.76.239.80-25185>
...
006 (28029.000.000) 02/26 16:56:09 Image size of job updated: 65712
	5  -  MemoryUsage of job (MB)
	4304  -  ResidentSetSize of job (KB)
...
006 (28029.000.000) 02/26 17:01:09 Image size of job updated: 1073528
	930  -  MemoryUsage of job (MB)
	951424  -  ResidentSetSize of job (KB)
...
006 (28029.000.000) 02/26 17:06:09 Image size of job updated: 1074236
	930  -  MemoryUsage of job (MB)
	952032  -  ResidentSetSize of job (KB)
...
006 (28029.000.000) 02/26 17:11:10 Image size of job updated: 1296504
	930  -  MemoryUsage of job (MB)
	952032  -  ResidentSetSize of job (KB)
...
006 (28029.000.000) 02/26 17:16:11 Image size of job updated: 1296504
	984  -  MemoryUsage of job (MB)
	1006612  -  ResidentSetSize of job (KB)
...
