DATE: 2016-02-26
TIME: 16:59:37
                                         version_number        8118
 read inlist_1.0
 create pre-main-sequence model
                                                species           8
 abundances
                                                     h1    7.2385600000000005D-01
                                                    he3    2.9278092196509833D-05
                                                    he4    2.7508872190780348D-01
                                                    c12    1.7655462433465260D-04
                                                    n14    5.1718533452716301D-05
                                                    o16    4.8019091104886679D-04
                                                   ne20    1.0770229541948630D-04
                                                   mg24    2.0983363574424943D-04


                                        relax_num_steps


                               finished relax_num_steps

 new_lnPgas_flag T
                                        relax_initial_Z    1.0260000000000000D-03
                                                  new z    1.0260000000004972D-03
                                        relax_initial_Y    2.7511799999999997D-01
                                                  new y    2.7511799999999970D-01
 net name basic.net
 do_element_diffusion T
 lnPgas_flag T
 kappa_file_prefix gs98
 kappa_lowT_prefix lowT_fa05_gs98
   eos_file_prefix mesa
                                        OMP_NUM_THREADS           1



stop because Lnuc_div_L >= Lnuc_div_L_zams_limit
    0.1000514902E+01    0.9990000000E+00

        944   7.280884   9208.445   0.804899   0.804899   1.336630   1.336630   0.722946   0.000257   0.274931   0.723595  -1.962727    893      0
   5.856369   2.019118  -0.002519 -39.797745  -0.743741 -99.000000   0.000000   0.275999   0.000480   0.001025   0.275372   0.061426      2      0
 1.1313E+07  17.438080   0.804675 -14.352530   3.301617  -8.546911   0.000000   0.000001   0.000108  1.055E-03  1.033E-03 -0.177E-12  max increase

save photos/x944 for model 944
save final_profile.data write fgong_plot.data
                               s% atm_structure_num_pts          41
save final_profile.data.FGONG    944
 final_profile.data.FGONG for model 944
 saved to zams.mod
termination code: Lnuc_div_L_zams_limit

       runtime, prev time, retries, backups, steps         8.7        28.2         0         0       944
        944   7.280884   9208.445   0.804899   0.804899   1.336630   1.336630   0.722946   0.000257   0.274931   0.723595  -1.962727    893      0
   5.856369   2.019118  -0.002519 -39.797745  -0.743741 -99.000000   0.000000   0.275999   0.000480   0.001025   0.275372   0.061426      2      0
 1.1313E+07  17.438080   0.804675 -14.352530   3.301617  -8.546911   0.000000   0.000001   0.000108  1.055E-03  1.033E-03 -0.177E-12  max increase

DATE: 2016-02-26
TIME: 17:10:18
DATE: 2016-02-26
TIME: 17:10:18
                                         version_number        8118
 read inlist_1.0
load saved model zams.mod

 new_lnPgas_flag T
 net name basic.net
 do_element_diffusion T
 lnPgas_flag T
                       which_atm_option: Eddington_grey
 kappa_file_prefix gs98
 kappa_lowT_prefix lowT_fa05_gs98
   eos_file_prefix mesa
                                        OMP_NUM_THREADS           1


__________________________________________________________________________________________________________________________________________________

       step    lg_Tcntr    Teff       lg_LH     lg_Lnuc     Mass       H_rich     H_cntr     N_cntr     Y_surf     X_avg     eta_cntr  zones retry
   lg_dt_yr    lg_Dcntr    lg_R       lg_L3a    lg_Lneu     lg_Mdot    He_core    He_cntr    O_cntr     Z_surf     Y_avg     gam_cntr  iters bckup
     age_yr    lg_Pcntr    lg_L       lg_LZ     lg_Psurf    lg_Dsurf   C_core     C_cntr     Ne_cntr    Z_cntr     Z_avg     v_div_cs     dt_limit
__________________________________________________________________________________________________________________________________________________

