000 (20191.000.000) 02/24 21:34:44 Job submitted from host: <134.76.239.76:13753?addrs=134.76.239.76-13753>
...
001 (20191.000.000) 02/24 22:11:38 Job executing on host: <134.76.239.87:13734?addrs=134.76.239.87-13734>
...
006 (20191.000.000) 02/24 22:11:48 Image size of job updated: 65712
	2  -  MemoryUsage of job (MB)
	1464  -  ResidentSetSize of job (KB)
...
006 (20191.000.000) 02/24 22:16:49 Image size of job updated: 1139108
	916  -  MemoryUsage of job (MB)
	937364  -  ResidentSetSize of job (KB)
...
006 (20191.000.000) 02/24 22:21:49 Image size of job updated: 1143672
	921  -  MemoryUsage of job (MB)
	942200  -  ResidentSetSize of job (KB)
...
006 (20191.000.000) 02/24 22:26:50 Image size of job updated: 1145176
	921  -  MemoryUsage of job (MB)
	942200  -  ResidentSetSize of job (KB)
...
006 (20191.000.000) 02/24 22:31:51 Image size of job updated: 1274012
	1066  -  MemoryUsage of job (MB)
	1091408  -  ResidentSetSize of job (KB)
...
006 (20191.000.000) 02/24 22:36:51 Image size of job updated: 1276192
	1069  -  MemoryUsage of job (MB)
	1094152  -  ResidentSetSize of job (KB)
...
006 (20191.000.000) 02/24 22:41:51 Image size of job updated: 1487212
	1237  -  MemoryUsage of job (MB)
	1266296  -  ResidentSetSize of job (KB)
...
006 (20191.000.000) 02/24 22:46:52 Image size of job updated: 1585364
	1237  -  MemoryUsage of job (MB)
	1266296  -  ResidentSetSize of job (KB)
...
006 (20191.000.000) 02/24 23:11:54 Image size of job updated: 1585364
	1248  -  MemoryUsage of job (MB)
	1277244  -  ResidentSetSize of job (KB)
...
005 (20191.000.000) 02/25 00:11:01 Job terminated.
	(1) Normal termination (return value 0)
		Usr 0 02:50:46, Sys 0 00:00:45  -  Run Remote Usage
		Usr 0 00:00:00, Sys 0 00:00:00  -  Run Local Usage
		Usr 0 02:50:46, Sys 0 00:00:45  -  Total Remote Usage
		Usr 0 00:00:00, Sys 0 00:00:00  -  Total Local Usage
	0  -  Run Bytes Sent By Job
	0  -  Run Bytes Received By Job
	0  -  Total Bytes Sent By Job
	0  -  Total Bytes Received By Job
	Partitionable Resources :    Usage  Request Allocated
	   Cpus                 :                 2         2
	   Disk (KB)            :        1        1   5108794
	   Memory (MB)          :     1248        1         1
...
