DATE: 2016-02-26
TIME: 16:59:45
                                         version_number        8118
 read inlist_1.0
 create pre-main-sequence model
                                                species           8
 abundances
                                                     h1    7.0224799999999998D-01
                                                    he3    2.8529852291328568D-05
                                                    he4    2.6805847014770873D-01
                                                    c12    5.1047689384869635D-03
                                                    n14    1.4953511645953944D-03
                                                    o16    1.3883882433006877D-02
                                                   ne20    3.1140239703890404D-03
                                                   mg24    6.0669734935217753D-03


                                        relax_num_steps


                               finished relax_num_steps

 new_lnPgas_flag T
                                        relax_initial_Z    2.9665000000000000D-02
                                                  new z    2.9665000000000996D-02
                                        relax_initial_Y    2.6808700000000002D-01
                                                  new y    2.6808699999999980D-01
 net name basic.net
 do_element_diffusion T
 lnPgas_flag T
 kappa_file_prefix gs98
 kappa_lowT_prefix lowT_fa05_gs98
   eos_file_prefix mesa
                                        OMP_NUM_THREADS           1



stop because Lnuc_div_L >= Lnuc_div_L_zams_limit
    0.1001216904E+01    0.9990000000E+00

        788   7.043176   4374.887  -0.802696  -0.802696   0.756552   0.756552   0.701837   0.001515   0.268087   0.702162  -1.490111    783      0
   6.284844   1.863598  -0.160030 -52.330442  -2.386091 -99.000000   0.000000   0.268495   0.013884   0.029665   0.268173   0.096208      2      0
 8.2843E+07  17.036806  -0.803224 -99.000000   4.998157  -6.441037   0.000000   0.005088   0.003114  2.967E-02  2.967E-02 -0.731E-11    varcontrol

save photos/x788 for model 788
save final_profile.data write fgong_plot.data
                               s% atm_structure_num_pts          69
save final_profile.data.FGONG    788
 final_profile.data.FGONG for model 788
 saved to zams.mod
termination code: Lnuc_div_L_zams_limit

       runtime, prev time, retries, backups, steps         7.2        28.2         0         0       788
        788   7.043176   4374.887  -0.802696  -0.802696   0.756552   0.756552   0.701837   0.001515   0.268087   0.702162  -1.490111    783      0
   6.284844   1.863598  -0.160030 -52.330442  -2.386091 -99.000000   0.000000   0.268495   0.013884   0.029665   0.268173   0.096208      2      0
 8.2843E+07  17.036806  -0.803224 -99.000000   4.998157  -6.441037   0.000000   0.005088   0.003114  2.967E-02  2.967E-02 -0.731E-11    varcontrol

DATE: 2016-02-26
TIME: 17:08:45
DATE: 2016-02-26
TIME: 17:08:45
                                         version_number        8118
 read inlist_1.0
load saved model zams.mod

 new_lnPgas_flag T
 net name basic.net
 do_element_diffusion T
 lnPgas_flag T
                       which_atm_option: Eddington_grey
 kappa_file_prefix gs98
 kappa_lowT_prefix lowT_fa05_gs98
   eos_file_prefix mesa
                                        OMP_NUM_THREADS           1


__________________________________________________________________________________________________________________________________________________

       step    lg_Tcntr    Teff       lg_LH     lg_Lnuc     Mass       H_rich     H_cntr     N_cntr     Y_surf     X_avg     eta_cntr  zones retry
   lg_dt_yr    lg_Dcntr    lg_R       lg_L3a    lg_Lneu     lg_Mdot    He_core    He_cntr    O_cntr     Z_surf     Y_avg     gam_cntr  iters bckup
     age_yr    lg_Pcntr    lg_L       lg_LZ     lg_Psurf    lg_Dsurf   C_core     C_cntr     Ne_cntr    Z_cntr     Z_avg     v_div_cs     dt_limit
__________________________________________________________________________________________________________________________________________________

