DATE: 2016-02-25
TIME: 13:25:07
                                         version_number        8118
 read inlist_1.0
 create pre-main-sequence model
                                                species           8
 abundances
                                                     h1    6.5804799999999997D-01
                                                    he3    3.4442767326413441D-05
                                                    he4    3.2361455723267363D-01
                                                    c12    3.1495899504846289D-03
                                                    n14    9.2261629413751525D-04
                                                    o16    8.5662127143544195D-03
                                                   ne20    1.9213207729657973D-03
                                                   mg24    3.7432602680575969D-03


                                        relax_num_steps


                               finished relax_num_steps

 new_lnPgas_flag T
                                        relax_initial_Z    1.8303000000000000D-02
                                                  new z    1.8303000000000437D-02
                                        relax_initial_Y    3.2364900000000002D-01
                                                  new y    3.2364899999999991D-01
 net name basic.net
 do_element_diffusion T
 lnPgas_flag T
 kappa_file_prefix gs98
 kappa_lowT_prefix lowT_fa05_gs98
   eos_file_prefix mesa
                                        OMP_NUM_THREADS           2


