000 (20252.000.000) 02/24 21:34:48 Job submitted from host: <134.76.239.76:13753?addrs=134.76.239.76-13753>
...
001 (20252.000.000) 02/24 22:45:35 Job executing on host: <134.76.239.78:21556?addrs=134.76.239.78-21556>
...
006 (20252.000.000) 02/24 22:45:44 Image size of job updated: 1
	3  -  MemoryUsage of job (MB)
	2068  -  ResidentSetSize of job (KB)
...
006 (20252.000.000) 02/24 22:50:45 Image size of job updated: 1138820
	915  -  MemoryUsage of job (MB)
	936180  -  ResidentSetSize of job (KB)
...
006 (20252.000.000) 02/24 22:55:46 Image size of job updated: 1144548
	915  -  MemoryUsage of job (MB)
	936180  -  ResidentSetSize of job (KB)
...
006 (20252.000.000) 02/24 23:10:47 Image size of job updated: 1248548
	1065  -  MemoryUsage of job (MB)
	1089812  -  ResidentSetSize of job (KB)
...
006 (20252.000.000) 02/24 23:15:47 Image size of job updated: 1322156
	1137  -  MemoryUsage of job (MB)
	1163420  -  ResidentSetSize of job (KB)
...
006 (20252.000.000) 02/24 23:20:47 Image size of job updated: 1387692
	1198  -  MemoryUsage of job (MB)
	1225984  -  ResidentSetSize of job (KB)
...
006 (20252.000.000) 02/24 23:25:48 Image size of job updated: 1387692
	1198  -  MemoryUsage of job (MB)
	1226256  -  ResidentSetSize of job (KB)
...
006 (20252.000.000) 02/24 23:30:49 Image size of job updated: 1508640
	1342  -  MemoryUsage of job (MB)
	1373520  -  ResidentSetSize of job (KB)
...
006 (20252.000.000) 02/24 23:35:49 Image size of job updated: 1557712
	1390  -  MemoryUsage of job (MB)
	1422920  -  ResidentSetSize of job (KB)
...
006 (20252.000.000) 02/24 23:40:49 Image size of job updated: 1557712
	1390  -  MemoryUsage of job (MB)
	1422928  -  ResidentSetSize of job (KB)
...
006 (20252.000.000) 02/24 23:45:50 Image size of job updated: 1557712
	1390  -  MemoryUsage of job (MB)
	1423272  -  ResidentSetSize of job (KB)
...
006 (20252.000.000) 02/24 23:50:50 Image size of job updated: 1557712
	1390  -  MemoryUsage of job (MB)
	1423324  -  ResidentSetSize of job (KB)
...
006 (20252.000.000) 02/24 23:55:50 Image size of job updated: 1559864
	1390  -  MemoryUsage of job (MB)
	1423324  -  ResidentSetSize of job (KB)
...
006 (20252.000.000) 02/25 00:30:54 Image size of job updated: 1559864
	1400  -  MemoryUsage of job (MB)
	1433312  -  ResidentSetSize of job (KB)
...
006 (20252.000.000) 02/25 00:35:55 Image size of job updated: 1559864
	1401  -  MemoryUsage of job (MB)
	1433648  -  ResidentSetSize of job (KB)
...
006 (20252.000.000) 02/25 00:40:55 Image size of job updated: 1559864
	1401  -  MemoryUsage of job (MB)
	1433668  -  ResidentSetSize of job (KB)
...
006 (20252.000.000) 02/25 00:45:55 Image size of job updated: 1559864
	1401  -  MemoryUsage of job (MB)
	1434012  -  ResidentSetSize of job (KB)
...
006 (20252.000.000) 02/25 00:50:56 Image size of job updated: 1559864
	1403  -  MemoryUsage of job (MB)
	1436424  -  ResidentSetSize of job (KB)
...
005 (20252.000.000) 02/25 02:15:48 Job terminated.
	(1) Normal termination (return value 0)
		Usr 0 05:45:25, Sys 0 00:01:23  -  Run Remote Usage
		Usr 0 00:00:00, Sys 0 00:00:00  -  Run Local Usage
		Usr 0 05:45:25, Sys 0 00:01:23  -  Total Remote Usage
		Usr 0 00:00:00, Sys 0 00:00:00  -  Total Local Usage
	0  -  Run Bytes Sent By Job
	0  -  Run Bytes Received By Job
	0  -  Total Bytes Sent By Job
	0  -  Total Bytes Received By Job
	Partitionable Resources :    Usage  Request Allocated
	   Cpus                 :                 2         2
	   Disk (KB)            :        1        1   5108787
	   Memory (MB)          :     1403        1         1
...
