DATE: 2016-02-25
TIME: 13:25:07
                                         version_number        8118
 read inlist_1.0
 create pre-main-sequence model
                                                species           8
 abundances
                                                     h1    6.7941600000000002D-01
                                                    he3    3.2994495833082203D-05
                                                    he4    3.1000700550416693D-01
                                                    c12    1.8144171140201059D-03
                                                    n14    5.3150118589225708D-04
                                                    o16    4.9348274523385886D-03
                                                   ne20    1.1068352854805993D-03
                                                   mg24    2.1564189622684474D-03


                                        relax_num_steps


                               finished relax_num_steps

 new_lnPgas_flag T
                                        relax_initial_Z    1.0544000000000000D-02
                                                  new z    1.0544000000000716D-02
                                        relax_initial_Y    3.1003999999999998D-01
                                                  new y    3.1003999999999987D-01
 net name basic.net
 do_element_diffusion T
 lnPgas_flag T
 kappa_file_prefix gs98
 kappa_lowT_prefix lowT_fa05_gs98
   eos_file_prefix mesa
                                        OMP_NUM_THREADS           2


