000 (20492.000.000) 02/24 21:35:01 Job submitted from host: <134.76.239.76:13753?addrs=134.76.239.76-13753>
...
001 (20492.000.000) 02/25 01:37:41 Job executing on host: <134.76.239.91:19968?addrs=134.76.239.91-19968>
...
006 (20492.000.000) 02/25 01:37:49 Image size of job updated: 138000
	19  -  MemoryUsage of job (MB)
	19080  -  ResidentSetSize of job (KB)
...
006 (20492.000.000) 02/25 01:42:49 Image size of job updated: 1143488
	931  -  MemoryUsage of job (MB)
	953284  -  ResidentSetSize of job (KB)
...
006 (20492.000.000) 02/25 01:47:50 Image size of job updated: 1144012
	931  -  MemoryUsage of job (MB)
	953284  -  ResidentSetSize of job (KB)
...
006 (20492.000.000) 02/25 01:57:50 Image size of job updated: 1317052
	1144  -  MemoryUsage of job (MB)
	1170624  -  ResidentSetSize of job (KB)
...
006 (20492.000.000) 02/25 02:02:51 Image size of job updated: 1384904
	1206  -  MemoryUsage of job (MB)
	1234372  -  ResidentSetSize of job (KB)
...
006 (20492.000.000) 02/25 02:07:52 Image size of job updated: 1384904
	1206  -  MemoryUsage of job (MB)
	1234644  -  ResidentSetSize of job (KB)
...
006 (20492.000.000) 02/25 02:17:53 Image size of job updated: 1505852
	1350  -  MemoryUsage of job (MB)
	1381936  -  ResidentSetSize of job (KB)
...
006 (20492.000.000) 02/25 02:22:54 Image size of job updated: 1505852
	1350  -  MemoryUsage of job (MB)
	1382268  -  ResidentSetSize of job (KB)
...
006 (20492.000.000) 02/25 02:27:54 Image size of job updated: 1530388
	1375  -  MemoryUsage of job (MB)
	1407136  -  ResidentSetSize of job (KB)
...
006 (20492.000.000) 02/25 02:32:54 Image size of job updated: 1532492
	1377  -  MemoryUsage of job (MB)
	1409228  -  ResidentSetSize of job (KB)
...
006 (20492.000.000) 02/25 03:23:01 Image size of job updated: 1532804
	1378  -  MemoryUsage of job (MB)
	1410068  -  ResidentSetSize of job (KB)
...
006 (20492.000.000) 02/25 04:37:06 Image size of job updated: 8405092
	1378  -  MemoryUsage of job (MB)
	1410068  -  ResidentSetSize of job (KB)
...
005 (20492.000.000) 02/25 04:37:06 Job terminated.
	(1) Normal termination (return value 0)
		Usr 0 04:55:53, Sys 0 00:00:54  -  Run Remote Usage
		Usr 0 00:00:00, Sys 0 00:00:00  -  Run Local Usage
		Usr 0 04:55:53, Sys 0 00:00:54  -  Total Remote Usage
		Usr 0 00:00:00, Sys 0 00:00:00  -  Total Local Usage
	0  -  Run Bytes Sent By Job
	0  -  Run Bytes Received By Job
	0  -  Total Bytes Sent By Job
	0  -  Total Bytes Received By Job
	Partitionable Resources :    Usage  Request Allocated
	   Cpus                 :                 2         2
	   Disk (KB)            :        1        1   5108702
	   Memory (MB)          :     1378        1         1
...
