DATE: 2016-02-26
TIME: 16:59:18
                                         version_number        8118
 read inlist_1.0
 create pre-main-sequence model
                                                species           8
 abundances
                                                     h1    7.4890600000000018D-01
                                                    he3    2.6609288279266790D-05
                                                    he4    2.5001339071172080D-01
                                                    c12    1.8137287918977519D-04
                                                    n14    5.3129955418283367D-05
                                                    o16    4.9329553630162403D-04
                                                   ne20    1.1064153934905430D-04
                                                   mg24    2.1556008974115155D-04


                                        relax_num_steps


                               finished relax_num_steps

 new_lnPgas_flag T
                                        relax_initial_Z    1.0540000000000000D-03
                                                  new z    1.0539999999998242D-03
                                        relax_initial_Y    2.5003999999999998D-01
                                                  new y    2.5003999999999998D-01
 net name basic.net
 do_element_diffusion T
 lnPgas_flag T
 kappa_file_prefix gs98
 kappa_lowT_prefix lowT_fa05_gs98
   eos_file_prefix mesa
                                        OMP_NUM_THREADS           1



stop because Lnuc_div_L >= Lnuc_div_L_zams_limit
    0.1002362237E+01    0.9990000000E+00

        860   7.179501   6785.744   0.209903   0.209903   1.004404   1.004404   0.748516   0.000129   0.250040   0.748805  -1.629865    811      0
   5.608326   1.997183  -0.035240 -44.917907  -1.397049 -99.000000   0.000000   0.250419   0.000493   0.001054   0.250139   0.075492      2      0
 1.7520E+07  17.323623   0.208878 -99.000000   4.480280  -7.174166   0.000000   0.000117   0.000111  1.065E-03  1.056E-03 -0.175E-10  max increase

save photos/x860 for model 860
save final_profile.data write fgong_plot.data
                               s% atm_structure_num_pts          55
save final_profile.data.FGONG    860
 final_profile.data.FGONG for model 860
 saved to zams.mod
termination code: Lnuc_div_L_zams_limit

       runtime, prev time, retries, backups, steps         8.0        28.2         0         0       860
        860   7.179501   6785.744   0.209903   0.209903   1.004404   1.004404   0.748516   0.000129   0.250040   0.748805  -1.629865    811      0
   5.608326   1.997183  -0.035240 -44.917907  -1.397049 -99.000000   0.000000   0.250419   0.000493   0.001054   0.250139   0.075492      2      0
 1.7520E+07  17.323623   0.208878 -99.000000   4.480280  -7.174166   0.000000   0.000117   0.000111  1.065E-03  1.056E-03 -0.175E-10  max increase

DATE: 2016-02-26
TIME: 17:09:30
DATE: 2016-02-26
TIME: 17:09:30
                                         version_number        8118
 read inlist_1.0
load saved model zams.mod

 new_lnPgas_flag T
 net name basic.net
 do_element_diffusion T
 lnPgas_flag T
                       which_atm_option: Eddington_grey
 kappa_file_prefix gs98
 kappa_lowT_prefix lowT_fa05_gs98
   eos_file_prefix mesa
                                        OMP_NUM_THREADS           1


__________________________________________________________________________________________________________________________________________________

       step    lg_Tcntr    Teff       lg_LH     lg_Lnuc     Mass       H_rich     H_cntr     N_cntr     Y_surf     X_avg     eta_cntr  zones retry
   lg_dt_yr    lg_Dcntr    lg_R       lg_L3a    lg_Lneu     lg_Mdot    He_core    He_cntr    O_cntr     Z_surf     Y_avg     gam_cntr  iters bckup
     age_yr    lg_Pcntr    lg_L       lg_LZ     lg_Psurf    lg_Dsurf   C_core     C_cntr     Ne_cntr    Z_cntr     Z_avg     v_div_cs     dt_limit
__________________________________________________________________________________________________________________________________________________

