000 (19958.000.000) 02/24 21:34:32 Job submitted from host: <134.76.239.76:13753?addrs=134.76.239.76-13753>
...
001 (19958.000.000) 02/24 21:34:41 Job executing on host: <134.76.239.90:23525?addrs=134.76.239.90-23525>
...
006 (19958.000.000) 02/24 21:34:53 Image size of job updated: 65712
	4  -  MemoryUsage of job (MB)
	3248  -  ResidentSetSize of job (KB)
...
006 (19958.000.000) 02/24 21:39:53 Image size of job updated: 210488
	70  -  MemoryUsage of job (MB)
	71548  -  ResidentSetSize of job (KB)
...
006 (19958.000.000) 02/24 21:44:53 Image size of job updated: 1145392
	928  -  MemoryUsage of job (MB)
	949820  -  ResidentSetSize of job (KB)
...
006 (19958.000.000) 02/24 21:49:54 Image size of job updated: 1145900
	928  -  MemoryUsage of job (MB)
	949820  -  ResidentSetSize of job (KB)
...
006 (19958.000.000) 02/24 22:14:56 Image size of job updated: 1229196
	1060  -  MemoryUsage of job (MB)
	1084824  -  ResidentSetSize of job (KB)
...
006 (19958.000.000) 02/24 22:24:57 Image size of job updated: 1229196
	1060  -  MemoryUsage of job (MB)
	1085160  -  ResidentSetSize of job (KB)
...
006 (19958.000.000) 02/24 22:34:58 Image size of job updated: 1416192
	1204  -  MemoryUsage of job (MB)
	1232432  -  ResidentSetSize of job (KB)
...
006 (19958.000.000) 02/24 22:39:59 Image size of job updated: 1443836
	1228  -  MemoryUsage of job (MB)
	1257416  -  ResidentSetSize of job (KB)
...
006 (19958.000.000) 02/24 22:44:59 Image size of job updated: 1443836
	1229  -  MemoryUsage of job (MB)
	1257616  -  ResidentSetSize of job (KB)
...
006 (19958.000.000) 02/24 22:50:00 Image size of job updated: 1443836
	1229  -  MemoryUsage of job (MB)
	1257936  -  ResidentSetSize of job (KB)
...
006 (19958.000.000) 02/24 22:55:01 Image size of job updated: 1445872
	1229  -  MemoryUsage of job (MB)
	1257936  -  ResidentSetSize of job (KB)
...
006 (19958.000.000) 02/24 23:30:05 Image size of job updated: 1466788
	1229  -  MemoryUsage of job (MB)
	1257936  -  ResidentSetSize of job (KB)
...
006 (19958.000.000) 02/24 23:35:05 Image size of job updated: 1469896
	1229  -  MemoryUsage of job (MB)
	1258376  -  ResidentSetSize of job (KB)
...
006 (19958.000.000) 02/24 23:40:05 Image size of job updated: 1469896
	1230  -  MemoryUsage of job (MB)
	1258704  -  ResidentSetSize of job (KB)
...
006 (19958.000.000) 02/24 23:45:06 Image size of job updated: 1471940
	1230  -  MemoryUsage of job (MB)
	1258704  -  ResidentSetSize of job (KB)
...
006 (19958.000.000) 02/25 00:53:45 Image size of job updated: 8772180
	1230  -  MemoryUsage of job (MB)
	1258704  -  ResidentSetSize of job (KB)
...
005 (19958.000.000) 02/25 00:53:45 Job terminated.
	(1) Normal termination (return value 0)
		Usr 0 04:38:23, Sys 0 00:01:40  -  Run Remote Usage
		Usr 0 00:00:00, Sys 0 00:00:00  -  Run Local Usage
		Usr 0 04:38:23, Sys 0 00:01:40  -  Total Remote Usage
		Usr 0 00:00:00, Sys 0 00:00:00  -  Total Local Usage
	0  -  Run Bytes Sent By Job
	0  -  Run Bytes Received By Job
	0  -  Total Bytes Sent By Job
	0  -  Total Bytes Received By Job
	Partitionable Resources :    Usage  Request Allocated
	   Cpus                 :                 2         2
	   Disk (KB)            :        1        1   5108895
	   Memory (MB)          :     1230        1         1
...
