000 (20683.000.000) 02/24 21:35:11 Job submitted from host: <134.76.239.76:13753?addrs=134.76.239.76-13753>
...
001 (20683.000.000) 02/25 03:52:46 Job executing on host: <134.76.239.80:23833?addrs=134.76.239.80-23833>
...
006 (20683.000.000) 02/25 03:52:54 Image size of job updated: 801092
	587  -  MemoryUsage of job (MB)
	600756  -  ResidentSetSize of job (KB)
...
006 (20683.000.000) 02/25 03:57:54 Image size of job updated: 1143464
	925  -  MemoryUsage of job (MB)
	947180  -  ResidentSetSize of job (KB)
...
006 (20683.000.000) 02/25 04:02:55 Image size of job updated: 1145744
	925  -  MemoryUsage of job (MB)
	947180  -  ResidentSetSize of job (KB)
...
006 (20683.000.000) 02/25 04:07:56 Image size of job updated: 1245160
	1064  -  MemoryUsage of job (MB)
	1088660  -  ResidentSetSize of job (KB)
...
006 (20683.000.000) 02/25 04:12:56 Image size of job updated: 1249192
	1066  -  MemoryUsage of job (MB)
	1091252  -  ResidentSetSize of job (KB)
...
006 (20683.000.000) 02/25 04:17:57 Image size of job updated: 1460212
	1234  -  MemoryUsage of job (MB)
	1263444  -  ResidentSetSize of job (KB)
...
006 (20683.000.000) 02/25 04:22:58 Image size of job updated: 1462392
	1237  -  MemoryUsage of job (MB)
	1265960  -  ResidentSetSize of job (KB)
...
006 (20683.000.000) 02/25 04:47:59 Image size of job updated: 1473392
	1237  -  MemoryUsage of job (MB)
	1266464  -  ResidentSetSize of job (KB)
...
006 (20683.000.000) 02/25 04:53:00 Image size of job updated: 1475572
	1240  -  MemoryUsage of job (MB)
	1268976  -  ResidentSetSize of job (KB)
...
006 (20683.000.000) 02/25 05:56:26 Image size of job updated: 6675372
	1240  -  MemoryUsage of job (MB)
	1268976  -  ResidentSetSize of job (KB)
...
005 (20683.000.000) 02/25 05:56:26 Job terminated.
	(1) Normal termination (return value 0)
		Usr 0 03:15:17, Sys 0 00:00:43  -  Run Remote Usage
		Usr 0 00:00:00, Sys 0 00:00:00  -  Run Local Usage
		Usr 0 03:15:17, Sys 0 00:00:43  -  Total Remote Usage
		Usr 0 00:00:00, Sys 0 00:00:00  -  Total Local Usage
	0  -  Run Bytes Sent By Job
	0  -  Run Bytes Received By Job
	0  -  Total Bytes Sent By Job
	0  -  Total Bytes Received By Job
	Partitionable Resources :    Usage  Request Allocated
	   Cpus                 :                 2         2
	   Disk (KB)            :        1        1   5045777
	   Memory (MB)          :     1240        1         1
...
