000 (28031.000.000) 02/26 16:55:54 Job submitted from host: <134.76.239.76:15915?addrs=134.76.239.76-15915>
...
001 (28031.000.000) 02/26 16:56:01 Job executing on host: <134.76.239.85:28271?addrs=134.76.239.85-28271>
...
006 (28031.000.000) 02/26 16:56:10 Image size of job updated: 45172
	5  -  MemoryUsage of job (MB)
	4300  -  ResidentSetSize of job (KB)
...
006 (28031.000.000) 02/26 17:01:09 Image size of job updated: 1071296
	928  -  MemoryUsage of job (MB)
	949284  -  ResidentSetSize of job (KB)
...
006 (28031.000.000) 02/26 17:06:10 Image size of job updated: 1071900
	928  -  MemoryUsage of job (MB)
	949760  -  ResidentSetSize of job (KB)
...
006 (28031.000.000) 02/26 17:11:11 Image size of job updated: 1080804
	928  -  MemoryUsage of job (MB)
	949760  -  ResidentSetSize of job (KB)
...
006 (28031.000.000) 02/26 17:16:11 Image size of job updated: 1080804
	929  -  MemoryUsage of job (MB)
	951140  -  ResidentSetSize of job (KB)
...
