000 (20741.000.000) 02/24 21:35:14 Job submitted from host: <134.76.239.76:13753?addrs=134.76.239.76-13753>
...
001 (20741.000.000) 02/25 04:28:47 Job executing on host: <134.76.239.86:20177?addrs=134.76.239.86-20177>
...
006 (20741.000.000) 02/25 04:28:56 Image size of job updated: 1
	3  -  MemoryUsage of job (MB)
	2064  -  ResidentSetSize of job (KB)
...
006 (20741.000.000) 02/25 04:33:57 Image size of job updated: 1144256
	933  -  MemoryUsage of job (MB)
	954908  -  ResidentSetSize of job (KB)
...
006 (20741.000.000) 02/25 04:38:58 Image size of job updated: 1145680
	933  -  MemoryUsage of job (MB)
	954908  -  ResidentSetSize of job (KB)
...
006 (20741.000.000) 02/25 04:43:58 Image size of job updated: 1294460
	1061  -  MemoryUsage of job (MB)
	1085652  -  ResidentSetSize of job (KB)
...
006 (20741.000.000) 02/25 04:48:58 Image size of job updated: 1294460
	1061  -  MemoryUsage of job (MB)
	1085988  -  ResidentSetSize of job (KB)
...
006 (20741.000.000) 02/25 04:54:00 Image size of job updated: 1294968
	1061  -  MemoryUsage of job (MB)
	1085992  -  ResidentSetSize of job (KB)
...
006 (20741.000.000) 02/25 04:59:00 Image size of job updated: 1445544
	1231  -  MemoryUsage of job (MB)
	1260092  -  ResidentSetSize of job (KB)
...
006 (20741.000.000) 02/25 05:04:00 Image size of job updated: 1445544
	1232  -  MemoryUsage of job (MB)
	1260800  -  ResidentSetSize of job (KB)
...
006 (20741.000.000) 02/25 05:09:01 Image size of job updated: 1511080
	1293  -  MemoryUsage of job (MB)
	1323676  -  ResidentSetSize of job (KB)
...
006 (20741.000.000) 02/25 05:14:02 Image size of job updated: 1511080
	1293  -  MemoryUsage of job (MB)
	1323944  -  ResidentSetSize of job (KB)
...
006 (20741.000.000) 02/25 05:19:02 Image size of job updated: 1511080
	1293  -  MemoryUsage of job (MB)
	1323960  -  ResidentSetSize of job (KB)
...
006 (20741.000.000) 02/25 05:59:06 Image size of job updated: 1522424
	1306  -  MemoryUsage of job (MB)
	1336560  -  ResidentSetSize of job (KB)
...
005 (20741.000.000) 02/25 07:34:48 Job terminated.
	(1) Normal termination (return value 0)
		Usr 0 05:12:14, Sys 0 00:00:49  -  Run Remote Usage
		Usr 0 00:00:00, Sys 0 00:00:00  -  Run Local Usage
		Usr 0 05:12:14, Sys 0 00:00:49  -  Total Remote Usage
		Usr 0 00:00:00, Sys 0 00:00:00  -  Total Local Usage
	0  -  Run Bytes Sent By Job
	0  -  Run Bytes Received By Job
	0  -  Total Bytes Sent By Job
	0  -  Total Bytes Received By Job
	Partitionable Resources :    Usage  Request Allocated
	   Cpus                 :                 2         2
	   Disk (KB)            :        1        1   5108710
	   Memory (MB)          :     1306        1         1
...
