DATE: 2016-02-26
TIME: 16:59:39
                                         version_number        8118
 read inlist_1.0
 create pre-main-sequence model
                                                species           8
 abundances
                                                     h1    7.4511499999999997D-01
                                                    he3    2.7058274790425912D-05
                                                    he4    2.5423194172520958D-01
                                                    c12    1.0772241211841944D-04
                                                    n14    3.1555362515986460D-05
                                                    o16    2.9298197886608811D-04
                                                   ne20    6.5713096425537977D-05
                                                   mg24    1.2802715007398336D-04


                                        relax_num_steps


                               finished relax_num_steps

 new_lnPgas_flag T
                                        relax_initial_Z    6.2600000000000004D-04
                                                  new z    6.2600000000045692D-04
                                        relax_initial_Y    2.5425900000000001D-01
                                                  new y    2.5425899999999974D-01
 net name basic.net
 do_element_diffusion T
 lnPgas_flag T
 kappa_file_prefix gs98
 kappa_lowT_prefix lowT_fa05_gs98
   eos_file_prefix mesa
                                        OMP_NUM_THREADS           1



stop because Lnuc_div_L >= Lnuc_div_L_zams_limit
    0.1010327102E+01    0.9990000000E+00

        808   7.123344   6145.421  -0.156025  -0.156025   0.818076   0.818076   0.744728   0.000041   0.254258   0.745027  -1.406242    785      0
   5.704637   2.004555  -0.133831 -47.784423  -1.765694 -99.000000   0.000000   0.254644   0.000293   0.000626   0.254346   0.086517      4      0
 2.4770E+07  17.274397  -0.160487 -99.000000   4.858848  -6.748854   0.000000   0.000100   0.000066  6.274E-04  6.262E-04 -0.197E-10    varcontrol

save photos/x808 for model 808
save final_profile.data write fgong_plot.data
                               s% atm_structure_num_pts          60
save final_profile.data.FGONG    808
 final_profile.data.FGONG for model 808
 saved to zams.mod
termination code: Lnuc_div_L_zams_limit

       runtime, prev time, retries, backups, steps         9.1        28.2         0         0       808
        808   7.123344   6145.421  -0.156025  -0.156025   0.818076   0.818076   0.744728   0.000041   0.254258   0.745027  -1.406242    785      0
   5.704637   2.004555  -0.133831 -47.784423  -1.765694 -99.000000   0.000000   0.254644   0.000293   0.000626   0.254346   0.086517      4      0
 2.4770E+07  17.274397  -0.160487 -99.000000   4.858848  -6.748854   0.000000   0.000100   0.000066  6.274E-04  6.262E-04 -0.197E-10  max increase

DATE: 2016-02-26
TIME: 17:10:45
DATE: 2016-02-26
TIME: 17:10:45
                                         version_number        8118
 read inlist_1.0
load saved model zams.mod

 new_lnPgas_flag T
 net name basic.net
 do_element_diffusion T
 lnPgas_flag T
                       which_atm_option: Eddington_grey
 kappa_file_prefix gs98
 kappa_lowT_prefix lowT_fa05_gs98
   eos_file_prefix mesa
                                        OMP_NUM_THREADS           1


__________________________________________________________________________________________________________________________________________________

       step    lg_Tcntr    Teff       lg_LH     lg_Lnuc     Mass       H_rich     H_cntr     N_cntr     Y_surf     X_avg     eta_cntr  zones retry
   lg_dt_yr    lg_Dcntr    lg_R       lg_L3a    lg_Lneu     lg_Mdot    He_core    He_cntr    O_cntr     Z_surf     Y_avg     gam_cntr  iters bckup
     age_yr    lg_Pcntr    lg_L       lg_LZ     lg_Psurf    lg_Dsurf   C_core     C_cntr     Ne_cntr    Z_cntr     Z_avg     v_div_cs     dt_limit
__________________________________________________________________________________________________________________________________________________

