000 (20130.000.000) 02/24 21:34:41 Job submitted from host: <134.76.239.76:13753?addrs=134.76.239.76-13753>
...
001 (20130.000.000) 02/24 21:35:00 Job executing on host: <134.76.239.84:12289?addrs=134.76.239.84-12289>
...
006 (20130.000.000) 02/24 21:35:09 Image size of job updated: 827412
	616  -  MemoryUsage of job (MB)
	630048  -  ResidentSetSize of job (KB)
...
006 (20130.000.000) 02/24 21:40:10 Image size of job updated: 1147248
	903  -  MemoryUsage of job (MB)
	923832  -  ResidentSetSize of job (KB)
...
006 (20130.000.000) 02/24 21:45:10 Image size of job updated: 1147248
	903  -  MemoryUsage of job (MB)
	923844  -  ResidentSetSize of job (KB)
...
006 (20130.000.000) 02/24 21:50:10 Image size of job updated: 1147248
	903  -  MemoryUsage of job (MB)
	924188  -  ResidentSetSize of job (KB)
...
006 (20130.000.000) 02/24 21:55:11 Image size of job updated: 1147248
	903  -  MemoryUsage of job (MB)
	924192  -  ResidentSetSize of job (KB)
...
006 (20130.000.000) 02/24 22:00:12 Image size of job updated: 1147248
	903  -  MemoryUsage of job (MB)
	924196  -  ResidentSetSize of job (KB)
...
006 (20130.000.000) 02/24 22:05:12 Image size of job updated: 1241684
	1060  -  MemoryUsage of job (MB)
	1084628  -  ResidentSetSize of job (KB)
...
006 (20130.000.000) 02/24 22:15:14 Image size of job updated: 1241684
	1060  -  MemoryUsage of job (MB)
	1084960  -  ResidentSetSize of job (KB)
...
006 (20130.000.000) 02/24 22:30:16 Image size of job updated: 1428168
	1204  -  MemoryUsage of job (MB)
	1232236  -  ResidentSetSize of job (KB)
...
006 (20130.000.000) 02/24 22:40:16 Image size of job updated: 1428580
	1204  -  MemoryUsage of job (MB)
	1232576  -  ResidentSetSize of job (KB)
...
006 (20130.000.000) 02/24 23:00:18 Image size of job updated: 1428580
	1204  -  MemoryUsage of job (MB)
	1232896  -  ResidentSetSize of job (KB)
...
006 (20130.000.000) 02/24 23:20:21 Image size of job updated: 1428580
	1205  -  MemoryUsage of job (MB)
	1232904  -  ResidentSetSize of job (KB)
...
006 (20130.000.000) 02/24 23:25:21 Image size of job updated: 1428592
	1205  -  MemoryUsage of job (MB)
	1232988  -  ResidentSetSize of job (KB)
...
006 (20130.000.000) 02/24 23:35:22 Image size of job updated: 1431596
	1205  -  MemoryUsage of job (MB)
	1233088  -  ResidentSetSize of job (KB)
...
006 (20130.000.000) 02/25 00:35:27 Image size of job updated: 1431596
	1205  -  MemoryUsage of job (MB)
	1233096  -  ResidentSetSize of job (KB)
...
006 (20130.000.000) 02/25 00:40:28 Image size of job updated: 1431596
	1205  -  MemoryUsage of job (MB)
	1233112  -  ResidentSetSize of job (KB)
...
006 (20130.000.000) 02/25 01:00:30 Image size of job updated: 1431596
	1205  -  MemoryUsage of job (MB)
	1233436  -  ResidentSetSize of job (KB)
...
006 (20130.000.000) 02/25 01:20:32 Image size of job updated: 1431596
	1205  -  MemoryUsage of job (MB)
	1233440  -  ResidentSetSize of job (KB)
...
006 (20130.000.000) 02/25 01:30:33 Image size of job updated: 1431596
	1205  -  MemoryUsage of job (MB)
	1233528  -  ResidentSetSize of job (KB)
...
006 (20130.000.000) 02/25 03:07:02 Image size of job updated: 11186184
	1205  -  MemoryUsage of job (MB)
	1233528  -  ResidentSetSize of job (KB)
...
005 (20130.000.000) 02/25 03:07:02 Job terminated.
	(1) Normal termination (return value 0)
		Usr 0 09:31:37, Sys 0 00:02:22  -  Run Remote Usage
		Usr 0 00:00:00, Sys 0 00:00:00  -  Run Local Usage
		Usr 0 09:31:37, Sys 0 00:02:22  -  Total Remote Usage
		Usr 0 00:00:00, Sys 0 00:00:00  -  Total Local Usage
	0  -  Run Bytes Sent By Job
	0  -  Run Bytes Received By Job
	0  -  Total Bytes Sent By Job
	0  -  Total Bytes Received By Job
	Partitionable Resources :    Usage  Request Allocated
	   Cpus                 :                 2         2
	   Disk (KB)            :        1        1   5108619
	   Memory (MB)          :     1205        1         1
...
