000 (20276.000.000) 02/24 21:34:49 Job submitted from host: <134.76.239.76:13753?addrs=134.76.239.76-13753>
...
001 (20276.000.000) 02/24 23:14:36 Job executing on host: <134.76.239.88:25067?addrs=134.76.239.88-25067>
...
006 (20276.000.000) 02/24 23:14:45 Image size of job updated: 45168
	5  -  MemoryUsage of job (MB)
	4296  -  ResidentSetSize of job (KB)
...
006 (20276.000.000) 02/24 23:19:46 Image size of job updated: 1142504
	919  -  MemoryUsage of job (MB)
	940212  -  ResidentSetSize of job (KB)
...
006 (20276.000.000) 02/24 23:24:47 Image size of job updated: 1144376
	921  -  MemoryUsage of job (MB)
	942492  -  ResidentSetSize of job (KB)
...
006 (20276.000.000) 02/24 23:29:47 Image size of job updated: 1323988
	1150  -  MemoryUsage of job (MB)
	1176864  -  ResidentSetSize of job (KB)
...
006 (20276.000.000) 02/24 23:34:47 Image size of job updated: 1510484
	1294  -  MemoryUsage of job (MB)
	1324880  -  ResidentSetSize of job (KB)
...
006 (20276.000.000) 02/24 23:49:48 Image size of job updated: 1523452
	1296  -  MemoryUsage of job (MB)
	1326088  -  ResidentSetSize of job (KB)
...
006 (20276.000.000) 02/24 23:54:49 Image size of job updated: 1523460
	1296  -  MemoryUsage of job (MB)
	1326088  -  ResidentSetSize of job (KB)
...
005 (20276.000.000) 02/25 00:37:41 Job terminated.
	(1) Normal termination (return value 0)
		Usr 0 02:02:28, Sys 0 00:00:29  -  Run Remote Usage
		Usr 0 00:00:00, Sys 0 00:00:00  -  Run Local Usage
		Usr 0 02:02:28, Sys 0 00:00:29  -  Total Remote Usage
		Usr 0 00:00:00, Sys 0 00:00:00  -  Total Local Usage
	0  -  Run Bytes Sent By Job
	0  -  Run Bytes Received By Job
	0  -  Total Bytes Sent By Job
	0  -  Total Bytes Received By Job
	Partitionable Resources :    Usage  Request Allocated
	   Cpus                 :                 2         2
	   Disk (KB)            :        1        1   5108756
	   Memory (MB)          :     1296        1         1
...
