DATE: 2016-02-25
TIME: 13:25:04
                                         version_number        8118
 read inlist_1.0
 create pre-main-sequence model
                                                species           8
 abundances
                                                     h1    6.9950000000000001D-01
                                                    he3    2.9978123784659799D-05
                                                    he4    2.8166602187621537D-01
                                                    c12    3.2358022962854661D-03
                                                    n14    9.4787066573577084D-04
                                                    o16    8.8006919019133628D-03
                                                   ne20    1.9739122447057205D-03
                                                   mg24    3.8457228913596122D-03


                                        relax_num_steps


                               finished relax_num_steps

 new_lnPgas_flag T
                                        relax_initial_Z    1.8804000000000001D-02
                                                  new z    1.8803999999999325D-02
                                        relax_initial_Y    2.8169600000000000D-01
                                                  new y    2.8169600000000028D-01
 net name basic.net
 do_element_diffusion T
 lnPgas_flag T
 kappa_file_prefix gs98
 kappa_lowT_prefix lowT_fa05_gs98
   eos_file_prefix mesa
                                        OMP_NUM_THREADS           2


