000 (20749.000.000) 02/24 21:35:14 Job submitted from host: <134.76.239.76:13753?addrs=134.76.239.76-13753>
...
001 (20749.000.000) 02/25 04:34:48 Job executing on host: <134.76.239.87:13734?addrs=134.76.239.87-13734>
...
006 (20749.000.000) 02/25 04:34:56 Image size of job updated: 1
	3  -  MemoryUsage of job (MB)
	2072  -  ResidentSetSize of job (KB)
...
006 (20749.000.000) 02/25 04:39:56 Image size of job updated: 1145616
	936  -  MemoryUsage of job (MB)
	957624  -  ResidentSetSize of job (KB)
...
006 (20749.000.000) 02/25 04:44:57 Image size of job updated: 1147148
	936  -  MemoryUsage of job (MB)
	957624  -  ResidentSetSize of job (KB)
...
006 (20749.000.000) 02/25 05:14:59 Image size of job updated: 1243852
	1072  -  MemoryUsage of job (MB)
	1097716  -  ResidentSetSize of job (KB)
...
006 (20749.000.000) 02/25 05:30:00 Image size of job updated: 1243852
	1072  -  MemoryUsage of job (MB)
	1097720  -  ResidentSetSize of job (KB)
...
006 (20749.000.000) 02/25 05:40:02 Image size of job updated: 1243852
	1073  -  MemoryUsage of job (MB)
	1098048  -  ResidentSetSize of job (KB)
...
006 (20749.000.000) 02/25 05:50:03 Image size of job updated: 1243852
	1073  -  MemoryUsage of job (MB)
	1098052  -  ResidentSetSize of job (KB)
...
006 (20749.000.000) 02/25 06:00:04 Image size of job updated: 1430336
	1217  -  MemoryUsage of job (MB)
	1245328  -  ResidentSetSize of job (KB)
...
006 (20749.000.000) 02/25 06:05:04 Image size of job updated: 1454872
	1241  -  MemoryUsage of job (MB)
	1269864  -  ResidentSetSize of job (KB)
...
006 (20749.000.000) 02/25 06:10:05 Image size of job updated: 1455392
	1241  -  MemoryUsage of job (MB)
	1270204  -  ResidentSetSize of job (KB)
...
006 (20749.000.000) 02/25 06:15:05 Image size of job updated: 1455392
	1241  -  MemoryUsage of job (MB)
	1270208  -  ResidentSetSize of job (KB)
...
006 (20749.000.000) 02/25 06:20:05 Image size of job updated: 1520928
	1302  -  MemoryUsage of job (MB)
	1333152  -  ResidentSetSize of job (KB)
...
006 (20749.000.000) 02/25 06:25:06 Image size of job updated: 1548988
	1330  -  MemoryUsage of job (MB)
	1361112  -  ResidentSetSize of job (KB)
...
006 (20749.000.000) 02/25 06:30:07 Image size of job updated: 1548988
	1330  -  MemoryUsage of job (MB)
	1361124  -  ResidentSetSize of job (KB)
...
006 (20749.000.000) 02/25 06:35:07 Image size of job updated: 1548988
	1330  -  MemoryUsage of job (MB)
	1361404  -  ResidentSetSize of job (KB)
...
006 (20749.000.000) 02/25 06:40:08 Image size of job updated: 1573524
	1354  -  MemoryUsage of job (MB)
	1385940  -  ResidentSetSize of job (KB)
...
006 (20749.000.000) 02/25 06:50:09 Image size of job updated: 1573524
	1354  -  MemoryUsage of job (MB)
	1386048  -  ResidentSetSize of job (KB)
...
006 (20749.000.000) 02/25 06:55:09 Image size of job updated: 1573524
	1354  -  MemoryUsage of job (MB)
	1386272  -  ResidentSetSize of job (KB)
...
006 (20749.000.000) 02/25 07:00:10 Image size of job updated: 1573524
	1354  -  MemoryUsage of job (MB)
	1386284  -  ResidentSetSize of job (KB)
...
004 (20749.000.000) 02/25 10:08:52 Job was evicted.
	(0) Job was not checkpointed.
		Usr 0 09:21:23, Sys 0 00:01:44  -  Run Remote Usage
		Usr 0 00:00:00, Sys 0 00:00:00  -  Run Local Usage
	0  -  Run Bytes Sent By Job
	0  -  Run Bytes Received By Job
	Partitionable Resources :    Usage  Request Allocated
	   Cpus                 :                 2         2
	   Disk (KB)            :        1        1   5108736
	   Memory (MB)          :     1354        1         1
...
001 (20749.000.000) 02/25 10:11:12 Job executing on host: <134.76.239.80:23833?addrs=134.76.239.80-23833>
...
004 (20749.000.000) 02/25 10:49:46 Job was evicted.
	(0) Job was not checkpointed.
		Usr 0 01:07:58, Sys 0 00:00:10  -  Run Remote Usage
		Usr 0 00:00:00, Sys 0 00:00:00  -  Run Local Usage
	0  -  Run Bytes Sent By Job
	0  -  Run Bytes Received By Job
	Partitionable Resources :    Usage  Request Allocated
	   Cpus                 :                 2         2
	   Disk (KB)            :        1        1   5045688
	   Memory (MB)          :     1465     1465      1465
...
001 (20749.000.000) 02/25 10:50:42 Job executing on host: <134.76.239.83:20501?addrs=134.76.239.83-20501>
...
004 (20749.000.000) 02/25 10:52:27 Job was evicted.
	(0) Job was not checkpointed.
		Usr 0 00:02:23, Sys 0 00:00:01  -  Run Remote Usage
		Usr 0 00:00:00, Sys 0 00:00:00  -  Run Local Usage
	0  -  Run Bytes Sent By Job
	0  -  Run Bytes Received By Job
	Partitionable Resources :    Usage  Request Allocated
	   Cpus                 :                 2         2
	   Disk (KB)            :        1        1   5108609
	   Memory (MB)          :     1465     1465      1465
...
001 (20749.000.000) 02/25 10:54:29 Job executing on host: <134.76.239.88:25067?addrs=134.76.239.88-25067>
...
004 (20749.000.000) 02/25 11:04:25 Job was evicted.
	(0) Job was not checkpointed.
		Usr 0 00:16:43, Sys 0 00:00:02  -  Run Remote Usage
		Usr 0 00:00:00, Sys 0 00:00:00  -  Run Local Usage
	0  -  Run Bytes Sent By Job
	0  -  Run Bytes Received By Job
	Partitionable Resources :    Usage  Request Allocated
	   Cpus                 :                 2         2
	   Disk (KB)            :        1        1   5108595
	   Memory (MB)          :     1465     1465      1465
...
001 (20749.000.000) 02/25 11:06:25 Job executing on host: <134.76.239.89:24193?addrs=134.76.239.89-24193>
...
004 (20749.000.000) 02/25 11:08:07 Job was evicted.
	(0) Job was not checkpointed.
		Usr 0 00:02:16, Sys 0 00:00:01  -  Run Remote Usage
		Usr 0 00:00:00, Sys 0 00:00:00  -  Run Local Usage
	0  -  Run Bytes Sent By Job
	0  -  Run Bytes Received By Job
	Partitionable Resources :    Usage  Request Allocated
	   Cpus                 :                 2         2
	   Disk (KB)            :        1        1   5108660
	   Memory (MB)          :     1465     1465      1465
...
001 (20749.000.000) 02/25 11:11:07 Job executing on host: <134.76.239.80:23833?addrs=134.76.239.80-23833>
...
004 (20749.000.000) 02/25 11:30:52 Job was evicted.
	(0) Job was not checkpointed.
		Usr 0 00:28:26, Sys 0 00:00:06  -  Run Remote Usage
		Usr 0 00:00:00, Sys 0 00:00:00  -  Run Local Usage
	0  -  Run Bytes Sent By Job
	0  -  Run Bytes Received By Job
	Partitionable Resources :    Usage  Request Allocated
	   Cpus                 :                 2         2
	   Disk (KB)            :        1        1   5045657
	   Memory (MB)          :     1465     1465      1465
...
001 (20749.000.000) 02/25 11:32:41 Job executing on host: <134.76.239.86:20177?addrs=134.76.239.86-20177>
...
004 (20749.000.000) 02/25 11:45:13 Job was evicted.
	(0) Job was not checkpointed.
		Usr 0 00:16:28, Sys 0 00:00:08  -  Run Remote Usage
		Usr 0 00:00:00, Sys 0 00:00:00  -  Run Local Usage
	0  -  Run Bytes Sent By Job
	0  -  Run Bytes Received By Job
	Partitionable Resources :    Usage  Request Allocated
	   Cpus                 :                 2         2
	   Disk (KB)            :        1        1   5108557
	   Memory (MB)          :     1465     1465      1465
...
001 (20749.000.000) 02/25 11:47:56 Job executing on host: <134.76.239.84:12289?addrs=134.76.239.84-12289>
...
004 (20749.000.000) 02/25 11:57:16 Job was evicted.
	(0) Job was not checkpointed.
		Usr 0 00:16:32, Sys 0 00:00:06  -  Run Remote Usage
		Usr 0 00:00:00, Sys 0 00:00:00  -  Run Local Usage
	0  -  Run Bytes Sent By Job
	0  -  Run Bytes Received By Job
	Partitionable Resources :    Usage  Request Allocated
	   Cpus                 :                 2         2
	   Disk (KB)            :        1        1   5108471
	   Memory (MB)          :     1465     1465      1465
...
001 (20749.000.000) 02/25 11:59:21 Job executing on host: <134.76.239.91:19968?addrs=134.76.239.91-19968>
...
004 (20749.000.000) 02/25 13:21:06 Job was evicted.
	(0) Job was not checkpointed.
		Usr 0 02:19:14, Sys 0 00:00:21  -  Run Remote Usage
		Usr 0 00:00:00, Sys 0 00:00:00  -  Run Local Usage
	0  -  Run Bytes Sent By Job
	0  -  Run Bytes Received By Job
	Partitionable Resources :    Usage  Request Allocated
	   Cpus                 :                 2         2
	   Disk (KB)            :        1        1   5108499
	   Memory (MB)          :     1465     1465      1465
...
001 (20749.000.000) 02/25 13:23:10 Job executing on host: <134.76.239.78:21556?addrs=134.76.239.78-21556>
...
