DATE: 2016-02-26
TIME: 16:59:53
                                         version_number        8118
 read inlist_1.0
 create pre-main-sequence model
                                                species           8
 abundances
                                                     h1    6.8897600000000003D-01
                                                    he3    3.2098119112652416D-05
                                                    he4    3.0158490188088738D-01
                                                    c12    1.6187615507954321D-03
                                                    n14    4.7418737250459346D-04
                                                    o16    4.4026860626089556D-03
                                                   ne20    9.8748098734028245D-04
                                                   mg24    1.9238840267506796D-03


                                        relax_num_steps


                               finished relax_num_steps

 new_lnPgas_flag T
                                        relax_initial_Z    9.4070000000000004D-03
                                                  new z    9.4069999999996188D-03
                                        relax_initial_Y    3.0161700000000002D-01
                                                  new y    3.0161700000000002D-01
 net name basic.net
 do_element_diffusion T
 lnPgas_flag T
 kappa_file_prefix gs98
 kappa_lowT_prefix lowT_fa05_gs98
   eos_file_prefix mesa
                                        OMP_NUM_THREADS           1



stop because Lnuc_div_L >= Lnuc_div_L_zams_limit
    0.1000021156E+01    0.9990000000E+00

        950   7.283682   8041.891   0.786729   0.786729   1.431662   1.431662   0.687637   0.002355   0.301610   0.688595  -2.130541    882      0
   5.890832   1.963080   0.106159 -39.657273  -0.693836 -99.000000   0.000000   0.302689   0.004396   0.009406   0.301924   0.059574      2      0
 1.7993E+07  17.372375   0.786719 -14.449440   3.724095  -7.972939   0.000000   0.000012   0.000987  9.674E-03  9.481E-03 -0.874E-12  max increase

save photos/x950 for model 950
save final_profile.data write fgong_plot.data
                               s% atm_structure_num_pts          59
save final_profile.data.FGONG    950
 final_profile.data.FGONG for model 950
 saved to zams.mod
termination code: Lnuc_div_L_zams_limit

       runtime, prev time, retries, backups, steps         8.4        28.2         0         0       950
        950   7.283682   8041.891   0.786729   0.786729   1.431662   1.431662   0.687637   0.002355   0.301610   0.688595  -2.130541    882      0
   5.890832   1.963080   0.106159 -39.657273  -0.693836 -99.000000   0.000000   0.302689   0.004396   0.009406   0.301924   0.059574      2      0
 1.7993E+07  17.372375   0.786719 -14.449440   3.724095  -7.972939   0.000000   0.000012   0.000987  9.674E-03  9.481E-03 -0.874E-12  max increase

DATE: 2016-02-26
TIME: 17:09:51
DATE: 2016-02-26
TIME: 17:09:52
                                         version_number        8118
 read inlist_1.0
load saved model zams.mod

 new_lnPgas_flag T
 net name basic.net
 do_element_diffusion T
 lnPgas_flag T
                       which_atm_option: Eddington_grey
 kappa_file_prefix gs98
 kappa_lowT_prefix lowT_fa05_gs98
   eos_file_prefix mesa
                                        OMP_NUM_THREADS           1


__________________________________________________________________________________________________________________________________________________

       step    lg_Tcntr    Teff       lg_LH     lg_Lnuc     Mass       H_rich     H_cntr     N_cntr     Y_surf     X_avg     eta_cntr  zones retry
   lg_dt_yr    lg_Dcntr    lg_R       lg_L3a    lg_Lneu     lg_Mdot    He_core    He_cntr    O_cntr     Z_surf     Y_avg     gam_cntr  iters bckup
     age_yr    lg_Pcntr    lg_L       lg_LZ     lg_Psurf    lg_Dsurf   C_core     C_cntr     Ne_cntr    Z_cntr     Z_avg     v_div_cs     dt_limit
__________________________________________________________________________________________________________________________________________________

