000 (19949.000.000) 02/24 21:34:31 Job submitted from host: <134.76.239.76:13753?addrs=134.76.239.76-13753>
...
001 (19949.000.000) 02/24 21:34:36 Job executing on host: <134.76.239.88:25067?addrs=134.76.239.88-25067>
...
006 (19949.000.000) 02/24 21:34:47 Image size of job updated: 65708
	2  -  MemoryUsage of job (MB)
	1464  -  ResidentSetSize of job (KB)
...
006 (19949.000.000) 02/24 21:39:47 Image size of job updated: 1139684
	929  -  MemoryUsage of job (MB)
	950328  -  ResidentSetSize of job (KB)
...
006 (19949.000.000) 02/24 21:44:47 Image size of job updated: 1144584
	933  -  MemoryUsage of job (MB)
	955304  -  ResidentSetSize of job (KB)
...
006 (19949.000.000) 02/24 21:49:48 Image size of job updated: 1146188
	933  -  MemoryUsage of job (MB)
	955304  -  ResidentSetSize of job (KB)
...
006 (19949.000.000) 02/24 22:14:50 Image size of job updated: 1242672
	1070  -  MemoryUsage of job (MB)
	1095000  -  ResidentSetSize of job (KB)
...
006 (19949.000.000) 02/24 22:24:52 Image size of job updated: 1242672
	1070  -  MemoryUsage of job (MB)
	1095336  -  ResidentSetSize of job (KB)
...
006 (19949.000.000) 02/24 22:34:53 Image size of job updated: 1429156
	1214  -  MemoryUsage of job (MB)
	1242604  -  ResidentSetSize of job (KB)
...
006 (19949.000.000) 02/24 22:39:54 Image size of job updated: 1454136
	1238  -  MemoryUsage of job (MB)
	1267480  -  ResidentSetSize of job (KB)
...
006 (19949.000.000) 02/24 22:44:54 Image size of job updated: 1454136
	1238  -  MemoryUsage of job (MB)
	1267484  -  ResidentSetSize of job (KB)
...
006 (19949.000.000) 02/24 22:49:54 Image size of job updated: 1457284
	1240  -  MemoryUsage of job (MB)
	1269472  -  ResidentSetSize of job (KB)
...
006 (19949.000.000) 02/24 22:54:55 Image size of job updated: 1459336
	1243  -  MemoryUsage of job (MB)
	1272352  -  ResidentSetSize of job (KB)
...
006 (19949.000.000) 02/24 23:39:59 Image size of job updated: 1459336
	1246  -  MemoryUsage of job (MB)
	1275344  -  ResidentSetSize of job (KB)
...
006 (19949.000.000) 02/24 23:45:00 Image size of job updated: 1459336
	1249  -  MemoryUsage of job (MB)
	1278044  -  ResidentSetSize of job (KB)
...
006 (19949.000.000) 02/25 00:57:52 Image size of job updated: 6433984
	1249  -  MemoryUsage of job (MB)
	1278044  -  ResidentSetSize of job (KB)
...
005 (19949.000.000) 02/25 00:57:52 Job terminated.
	(1) Normal termination (return value 0)
		Usr 0 04:55:50, Sys 0 00:01:54  -  Run Remote Usage
		Usr 0 00:00:00, Sys 0 00:00:00  -  Run Local Usage
		Usr 0 04:55:50, Sys 0 00:01:54  -  Total Remote Usage
		Usr 0 00:00:00, Sys 0 00:00:00  -  Total Local Usage
	0  -  Run Bytes Sent By Job
	0  -  Run Bytes Received By Job
	0  -  Total Bytes Sent By Job
	0  -  Total Bytes Received By Job
	Partitionable Resources :    Usage  Request Allocated
	   Cpus                 :                 2         2
	   Disk (KB)            :        1        1   5108809
	   Memory (MB)          :     1249        1         1
...
