000 (20124.000.000) 02/24 21:34:41 Job submitted from host: <134.76.239.76:13753?addrs=134.76.239.76-13753>
...
001 (20124.000.000) 02/24 21:35:06 Job executing on host: <134.76.239.86:20177?addrs=134.76.239.86-20177>
...
006 (20124.000.000) 02/24 21:35:20 Image size of job updated: 65708
	4  -  MemoryUsage of job (MB)
	3260  -  ResidentSetSize of job (KB)
...
006 (20124.000.000) 02/24 21:40:20 Image size of job updated: 1138684
	933  -  MemoryUsage of job (MB)
	954620  -  ResidentSetSize of job (KB)
...
006 (20124.000.000) 02/24 21:45:20 Image size of job updated: 1144440
	938  -  MemoryUsage of job (MB)
	959800  -  ResidentSetSize of job (KB)
...
006 (20124.000.000) 02/24 21:50:21 Image size of job updated: 1145856
	938  -  MemoryUsage of job (MB)
	959800  -  ResidentSetSize of job (KB)
...
006 (20124.000.000) 02/24 22:05:22 Image size of job updated: 1252404
	1080  -  MemoryUsage of job (MB)
	1105848  -  ResidentSetSize of job (KB)
...
006 (20124.000.000) 02/24 22:10:22 Image size of job updated: 1512496
	1296  -  MemoryUsage of job (MB)
	1326732  -  ResidentSetSize of job (KB)
...
006 (20124.000.000) 02/24 22:15:22 Image size of job updated: 1512496
	1296  -  MemoryUsage of job (MB)
	1327060  -  ResidentSetSize of job (KB)
...
006 (20124.000.000) 02/24 22:20:23 Image size of job updated: 1512496
	1297  -  MemoryUsage of job (MB)
	1327376  -  ResidentSetSize of job (KB)
...
006 (20124.000.000) 02/24 22:25:23 Image size of job updated: 1561576
	1297  -  MemoryUsage of job (MB)
	1327376  -  ResidentSetSize of job (KB)
...
006 (20124.000.000) 02/24 23:00:27 Image size of job updated: 1561576
	1344  -  MemoryUsage of job (MB)
	1375980  -  ResidentSetSize of job (KB)
...
005 (20124.000.000) 02/25 00:08:33 Job terminated.
	(1) Normal termination (return value 0)
		Usr 0 03:11:57, Sys 0 00:00:59  -  Run Remote Usage
		Usr 0 00:00:00, Sys 0 00:00:00  -  Run Local Usage
		Usr 0 03:11:57, Sys 0 00:00:59  -  Total Remote Usage
		Usr 0 00:00:00, Sys 0 00:00:00  -  Total Local Usage
	0  -  Run Bytes Sent By Job
	0  -  Run Bytes Received By Job
	0  -  Total Bytes Sent By Job
	0  -  Total Bytes Received By Job
	Partitionable Resources :    Usage  Request Allocated
	   Cpus                 :                 2         2
	   Disk (KB)            :        1        1   5108788
	   Memory (MB)          :     1344        1         1
...
