000 (20669.000.000) 02/24 21:35:10 Job submitted from host: <134.76.239.76:13753?addrs=134.76.239.76-13753>
...
001 (20669.000.000) 02/25 03:46:46 Job executing on host: <134.76.239.89:24193?addrs=134.76.239.89-24193>
...
006 (20669.000.000) 02/25 03:46:55 Image size of job updated: 202160
	35  -  MemoryUsage of job (MB)
	34904  -  ResidentSetSize of job (KB)
...
006 (20669.000.000) 02/25 03:51:56 Image size of job updated: 1143812
	925  -  MemoryUsage of job (MB)
	947060  -  ResidentSetSize of job (KB)
...
006 (20669.000.000) 02/25 03:56:57 Image size of job updated: 1146128
	925  -  MemoryUsage of job (MB)
	947060  -  ResidentSetSize of job (KB)
...
006 (20669.000.000) 02/25 04:06:58 Image size of job updated: 1295160
	1062  -  MemoryUsage of job (MB)
	1087052  -  ResidentSetSize of job (KB)
...
006 (20669.000.000) 02/25 04:16:59 Image size of job updated: 1295160
	1062  -  MemoryUsage of job (MB)
	1087384  -  ResidentSetSize of job (KB)
...
006 (20669.000.000) 02/25 04:27:00 Image size of job updated: 1295160
	1062  -  MemoryUsage of job (MB)
	1087388  -  ResidentSetSize of job (KB)
...
006 (20669.000.000) 02/25 04:32:01 Image size of job updated: 1441420
	1231  -  MemoryUsage of job (MB)
	1259940  -  ResidentSetSize of job (KB)
...
006 (20669.000.000) 02/25 04:37:01 Image size of job updated: 1446624
	1237  -  MemoryUsage of job (MB)
	1265744  -  ResidentSetSize of job (KB)
...
006 (20669.000.000) 02/25 04:42:02 Image size of job updated: 1446624
	1237  -  MemoryUsage of job (MB)
	1265756  -  ResidentSetSize of job (KB)
...
006 (20669.000.000) 02/25 04:47:03 Image size of job updated: 1512160
	1298  -  MemoryUsage of job (MB)
	1328352  -  ResidentSetSize of job (KB)
...
006 (20669.000.000) 02/25 04:52:03 Image size of job updated: 1514320
	1300  -  MemoryUsage of job (MB)
	1330800  -  ResidentSetSize of job (KB)
...
006 (20669.000.000) 02/25 04:57:03 Image size of job updated: 1538856
	1324  -  MemoryUsage of job (MB)
	1355336  -  ResidentSetSize of job (KB)
...
006 (20669.000.000) 02/25 06:17:10 Image size of job updated: 1553516
	1335  -  MemoryUsage of job (MB)
	1367040  -  ResidentSetSize of job (KB)
...
006 (20669.000.000) 02/25 08:09:07 Image size of job updated: 10054672
	1335  -  MemoryUsage of job (MB)
	1367040  -  ResidentSetSize of job (KB)
...
005 (20669.000.000) 02/25 08:09:07 Job terminated.
	(1) Normal termination (return value 0)
		Usr 0 07:28:12, Sys 0 00:01:02  -  Run Remote Usage
		Usr 0 00:00:00, Sys 0 00:00:00  -  Run Local Usage
		Usr 0 07:28:12, Sys 0 00:01:02  -  Total Remote Usage
		Usr 0 00:00:00, Sys 0 00:00:00  -  Total Local Usage
	0  -  Run Bytes Sent By Job
	0  -  Run Bytes Received By Job
	0  -  Total Bytes Sent By Job
	0  -  Total Bytes Received By Job
	Partitionable Resources :    Usage  Request Allocated
	   Cpus                 :                 2         2
	   Disk (KB)            :        1        1   5108792
	   Memory (MB)          :     1335        1         1
...
