000 (20190.000.000) 02/24 21:34:44 Job submitted from host: <134.76.239.76:13753?addrs=134.76.239.76-13753>
...
001 (20190.000.000) 02/24 22:11:38 Job executing on host: <134.76.239.79:12046?addrs=134.76.239.79-12046>
...
006 (20190.000.000) 02/24 22:11:48 Image size of job updated: 13068
	2  -  MemoryUsage of job (MB)
	1468  -  ResidentSetSize of job (KB)
...
006 (20190.000.000) 02/24 22:16:49 Image size of job updated: 145604
	18  -  MemoryUsage of job (MB)
	18172  -  ResidentSetSize of job (KB)
...
006 (20190.000.000) 02/24 22:21:49 Image size of job updated: 1140116
	917  -  MemoryUsage of job (MB)
	938500  -  ResidentSetSize of job (KB)
...
006 (20190.000.000) 02/24 22:26:49 Image size of job updated: 1146700
	917  -  MemoryUsage of job (MB)
	938500  -  ResidentSetSize of job (KB)
...
006 (20190.000.000) 02/24 22:51:53 Image size of job updated: 1243160
	1061  -  MemoryUsage of job (MB)
	1085948  -  ResidentSetSize of job (KB)
...
006 (20190.000.000) 02/24 22:56:53 Image size of job updated: 1243692
	1061  -  MemoryUsage of job (MB)
	1085952  -  ResidentSetSize of job (KB)
...
006 (20190.000.000) 02/24 23:06:54 Image size of job updated: 1244852
	1062  -  MemoryUsage of job (MB)
	1087448  -  ResidentSetSize of job (KB)
...
006 (20190.000.000) 02/24 23:11:54 Image size of job updated: 1248116
	1064  -  MemoryUsage of job (MB)
	1089508  -  ResidentSetSize of job (KB)
...
006 (20190.000.000) 02/24 23:16:54 Image size of job updated: 1459136
	1233  -  MemoryUsage of job (MB)
	1261976  -  ResidentSetSize of job (KB)
...
006 (20190.000.000) 02/24 23:21:55 Image size of job updated: 1461260
	1235  -  MemoryUsage of job (MB)
	1264168  -  ResidentSetSize of job (KB)
...
006 (20190.000.000) 02/24 23:26:55 Image size of job updated: 1461260
	1235  -  MemoryUsage of job (MB)
	1264516  -  ResidentSetSize of job (KB)
...
006 (20190.000.000) 02/24 23:31:55 Image size of job updated: 1461268
	1235  -  MemoryUsage of job (MB)
	1264516  -  ResidentSetSize of job (KB)
...
006 (20190.000.000) 02/25 00:17:01 Image size of job updated: 1461268
	1245  -  MemoryUsage of job (MB)
	1273880  -  ResidentSetSize of job (KB)
...
006 (20190.000.000) 02/25 00:22:01 Image size of job updated: 1461292
	1247  -  MemoryUsage of job (MB)
	1276344  -  ResidentSetSize of job (KB)
...
006 (20190.000.000) 02/25 00:27:02 Image size of job updated: 1461440
	1247  -  MemoryUsage of job (MB)
	1276344  -  ResidentSetSize of job (KB)
...
005 (20190.000.000) 02/25 01:33:41 Job terminated.
	(1) Normal termination (return value 0)
		Usr 0 05:02:44, Sys 0 00:01:15  -  Run Remote Usage
		Usr 0 00:00:00, Sys 0 00:00:00  -  Run Local Usage
		Usr 0 05:02:44, Sys 0 00:01:15  -  Total Remote Usage
		Usr 0 00:00:00, Sys 0 00:00:00  -  Total Local Usage
	0  -  Run Bytes Sent By Job
	0  -  Run Bytes Received By Job
	0  -  Total Bytes Sent By Job
	0  -  Total Bytes Received By Job
	Partitionable Resources :    Usage  Request Allocated
	   Cpus                 :                 2         2
	   Disk (KB)            :        1        1   5108734
	   Memory (MB)          :     1247        1         1
...
