DATE: 2016-02-26
TIME: 16:59:37
                                         version_number        8118
 read inlist_1.0
 create pre-main-sequence model
                                                species           8
 abundances
                                                     h1    6.9163599999999992D-01
                                                    he3    3.2470695973417548D-05
                                                    he4    3.0508552930402660D-01
                                                    c12    5.5857340213480780D-04
                                                    n14    1.6362413215158483D-04
                                                    o16    1.5192004846634548D-03
                                                   ne20    3.4074234983593675D-04
                                                   mg24    6.6385963121429799D-04


                                        relax_num_steps


                               finished relax_num_steps

 new_lnPgas_flag T
                                        relax_initial_Z    3.2460000000000002D-03
                                                  new z    3.2459999999987226D-03
                                        relax_initial_Y    3.0511800000000000D-01
                                                  new y    3.0511800000000039D-01
 net name basic.net
 do_element_diffusion T
 lnPgas_flag T
 kappa_file_prefix gs98
 kappa_lowT_prefix lowT_fa05_gs98
   eos_file_prefix mesa
                                        OMP_NUM_THREADS           1



stop because Lnuc_div_L >= Lnuc_div_L_zams_limit
    0.9993316853E+00    0.9990000000E+00

        992   7.326026  1.012E+04   1.084261   1.084261   1.561630   1.561630   0.690571   0.000820   0.305116   0.691417  -2.202098    895      0
   5.500197   1.995612   0.055408 -37.606257  -0.294705 -99.000000   0.000000   0.306092   0.001508   0.003246   0.305313   0.055188      2      0
 8.0102E+06  17.448626   1.084551 -14.148410   3.055248  -8.926898   0.000000   0.000005   0.000341  3.337E-03  3.270E-03 -0.745E-11  max increase

save photos/x992 for model 992
save final_profile.data write fgong_plot.data
                               s% atm_structure_num_pts          41
save final_profile.data.FGONG    992
 final_profile.data.FGONG for model 992
 saved to zams.mod
termination code: Lnuc_div_L_zams_limit

       runtime, prev time, retries, backups, steps         9.0        28.2         0         0       992
        992   7.326026  1.012E+04   1.084261   1.084261   1.561630   1.561630   0.690571   0.000820   0.305116   0.691417  -2.202098    895      0
   5.500197   1.995612   0.055408 -37.606257  -0.294705 -99.000000   0.000000   0.306092   0.001508   0.003246   0.305313   0.055188      2      0
 8.0102E+06  17.448626   1.084551 -14.148410   3.055248  -8.926898   0.000000   0.000005   0.000341  3.337E-03  3.270E-03 -0.745E-11  max increase

DATE: 2016-02-26
TIME: 17:10:29
DATE: 2016-02-26
TIME: 17:10:29
                                         version_number        8118
 read inlist_1.0
load saved model zams.mod

 new_lnPgas_flag T
 net name basic.net
 do_element_diffusion T
 lnPgas_flag T
                       which_atm_option: Eddington_grey
 kappa_file_prefix gs98
 kappa_lowT_prefix lowT_fa05_gs98
   eos_file_prefix mesa
                                        OMP_NUM_THREADS           1


__________________________________________________________________________________________________________________________________________________

       step    lg_Tcntr    Teff       lg_LH     lg_Lnuc     Mass       H_rich     H_cntr     N_cntr     Y_surf     X_avg     eta_cntr  zones retry
   lg_dt_yr    lg_Dcntr    lg_R       lg_L3a    lg_Lneu     lg_Mdot    He_core    He_cntr    O_cntr     Z_surf     Y_avg     gam_cntr  iters bckup
     age_yr    lg_Pcntr    lg_L       lg_LZ     lg_Psurf    lg_Dsurf   C_core     C_cntr     Ne_cntr    Z_cntr     Z_avg     v_div_cs     dt_limit
__________________________________________________________________________________________________________________________________________________

        996   7.326532  1.012E+04   1.083484   1.083484   1.561630   1.561630   0.689790   0.000829   0.305115   0.691258  -2.203992    896      0
   5.816922   1.995787   0.054758 -37.579654  -0.295827 -99.000000   0.000000   0.306874   0.001497   0.003246   0.305469   0.055150      2      0
 1.0048E+07  17.449046   1.083452 -99.000000   3.375559  -8.586973   0.000000   0.000005   0.000341  3.335E-03  3.272E-03 -0.319E-12  max increase

