DATE: 2016-02-26
TIME: 16:59:43
                                         version_number        8118
 read inlist_1.0
 create pre-main-sequence model
                                                species           8
 abundances
                                                     h1    6.9389800000000001D-01
                                                    he3    3.2321069276406468D-05
                                                    he4    3.0367967893072356D-01
                                                    c12    4.1127246799203907D-04
                                                    n14    1.2047494634697424D-04
                                                    o16    1.1185733697922273D-03
                                                   ne20    2.5088546398886914D-04
                                                   mg24    4.8879375187989337D-04


                                        relax_num_steps


                               finished relax_num_steps

 new_lnPgas_flag T
                                        relax_initial_Z    2.3900000000000002D-03
                                                  new z    2.3899999999995565D-03
                                        relax_initial_Y    3.0371199999999998D-01
                                                  new y    3.0371200000000032D-01
 net name basic.net
 do_element_diffusion T
 lnPgas_flag T
 kappa_file_prefix gs98
 kappa_lowT_prefix lowT_fa05_gs98
   eos_file_prefix mesa
                                        OMP_NUM_THREADS           1



stop because Lnuc_div_L >= Lnuc_div_L_zams_limit
    0.9994443876E+00    0.9990000000E+00

        904   7.224656   7333.969   0.424255   0.424255   1.079990   1.079990   0.692535   0.000597   0.303419   0.693558  -1.755160    856      0
   6.279772   2.028517   0.005086 -42.383563  -1.186400 -99.000000   0.000000   0.305007   0.001118   0.002384   0.304038   0.071391      4      0
 2.3340E+07  17.381542   0.424496 -99.000000   4.191554  -7.468425   0.000000   0.000003   0.000251  2.458E-03  2.404E-03 -0.134E-12  max increase

save photos/x904 for model 904
save final_profile.data write fgong_plot.data
                               s% atm_structure_num_pts          90
save final_profile.data.FGONG    904
 final_profile.data.FGONG for model 904
 saved to zams.mod
termination code: Lnuc_div_L_zams_limit

       runtime, prev time, retries, backups, steps         8.5        28.2         0         0       904
        904   7.224656   7333.969   0.424255   0.424255   1.079990   1.079990   0.692535   0.000597   0.303419   0.693558  -1.755160    856      0
   6.279772   2.028517   0.005086 -42.383563  -1.186400 -99.000000   0.000000   0.305007   0.001118   0.002384   0.304038   0.071391      4      0
 2.3340E+07  17.381542   0.424496 -99.000000   4.191554  -7.468425   0.000000   0.000003   0.000251  2.458E-03  2.404E-03 -0.134E-12  max increase

DATE: 2016-02-26
TIME: 17:09:58
DATE: 2016-02-26
TIME: 17:09:58
                                         version_number        8118
 read inlist_1.0
load saved model zams.mod

 new_lnPgas_flag T
 net name basic.net
 do_element_diffusion T
 lnPgas_flag T
                       which_atm_option: Eddington_grey
 kappa_file_prefix gs98
 kappa_lowT_prefix lowT_fa05_gs98
   eos_file_prefix mesa
                                        OMP_NUM_THREADS           1


__________________________________________________________________________________________________________________________________________________

       step    lg_Tcntr    Teff       lg_LH     lg_Lnuc     Mass       H_rich     H_cntr     N_cntr     Y_surf     X_avg     eta_cntr  zones retry
   lg_dt_yr    lg_Dcntr    lg_R       lg_L3a    lg_Lneu     lg_Mdot    He_core    He_cntr    O_cntr     Z_surf     Y_avg     gam_cntr  iters bckup
     age_yr    lg_Pcntr    lg_L       lg_LZ     lg_Psurf    lg_Dsurf   C_core     C_cntr     Ne_cntr    Z_cntr     Z_avg     v_div_cs     dt_limit
__________________________________________________________________________________________________________________________________________________

        905   7.224680   7388.751   0.424707   0.424707   1.079990   1.079990   0.692428   0.000597   0.303397   0.693533  -1.754962    856      0
   6.000000   2.028665  -0.001334 -42.381736  -1.186563 -99.000000   0.000000   0.305114   0.001118   0.002383   0.304063   0.071399      9      0
 2.4340E+07  17.381680   0.424584 -99.000000   4.597498  -7.073832   0.000000   0.000003   0.000251  2.458E-03  2.404E-03 -0.397E-10              

