000 (20574.000.000) 02/24 21:35:05 Job submitted from host: <134.76.239.76:13753?addrs=134.76.239.76-13753>
...
001 (20574.000.000) 02/25 02:35:43 Job executing on host: <134.76.239.88:25067?addrs=134.76.239.88-25067>
...
006 (20574.000.000) 02/25 02:35:52 Image size of job updated: 1
	3  -  MemoryUsage of job (MB)
	2072  -  ResidentSetSize of job (KB)
...
006 (20574.000.000) 02/25 02:40:53 Image size of job updated: 1143592
	920  -  MemoryUsage of job (MB)
	941140  -  ResidentSetSize of job (KB)
...
006 (20574.000.000) 02/25 02:45:53 Image size of job updated: 1146016
	920  -  MemoryUsage of job (MB)
	941140  -  ResidentSetSize of job (KB)
...
006 (20574.000.000) 02/25 02:50:53 Image size of job updated: 1249944
	1076  -  MemoryUsage of job (MB)
	1101092  -  ResidentSetSize of job (KB)
...
006 (20574.000.000) 02/25 02:55:54 Image size of job updated: 1512240
	1294  -  MemoryUsage of job (MB)
	1324920  -  ResidentSetSize of job (KB)
...
005 (20574.000.000) 02/25 04:02:39 Job terminated.
	(1) Normal termination (return value 0)
		Usr 0 02:09:54, Sys 0 00:00:36  -  Run Remote Usage
		Usr 0 00:00:00, Sys 0 00:00:00  -  Run Local Usage
		Usr 0 02:09:54, Sys 0 00:00:36  -  Total Remote Usage
		Usr 0 00:00:00, Sys 0 00:00:00  -  Total Local Usage
	0  -  Run Bytes Sent By Job
	0  -  Run Bytes Received By Job
	0  -  Total Bytes Sent By Job
	0  -  Total Bytes Received By Job
	Partitionable Resources :    Usage  Request Allocated
	   Cpus                 :                 2         2
	   Disk (KB)            :        1        1   5108725
	   Memory (MB)          :     1294        1         1
...
