000 (20290.000.000) 02/24 21:34:50 Job submitted from host: <134.76.239.76:13753?addrs=134.76.239.76-13753>
...
001 (20290.000.000) 02/24 23:31:36 Job executing on host: <134.76.239.84:12289?addrs=134.76.239.84-12289>
...
006 (20290.000.000) 02/24 23:31:44 Image size of job updated: 202160
	42  -  MemoryUsage of job (MB)
	42888  -  ResidentSetSize of job (KB)
...
006 (20290.000.000) 02/24 23:36:44 Image size of job updated: 1145672
	931  -  MemoryUsage of job (MB)
	952672  -  ResidentSetSize of job (KB)
...
006 (20290.000.000) 02/24 23:41:46 Image size of job updated: 1146596
	931  -  MemoryUsage of job (MB)
	952672  -  ResidentSetSize of job (KB)
...
006 (20290.000.000) 02/25 00:11:48 Image size of job updated: 1242188
	1060  -  MemoryUsage of job (MB)
	1084844  -  ResidentSetSize of job (KB)
...
006 (20290.000.000) 02/25 00:26:49 Image size of job updated: 1242188
	1060  -  MemoryUsage of job (MB)
	1085176  -  ResidentSetSize of job (KB)
...
006 (20290.000.000) 02/25 00:36:51 Image size of job updated: 1453208
	1228  -  MemoryUsage of job (MB)
	1257000  -  ResidentSetSize of job (KB)
...
006 (20290.000.000) 02/25 00:41:51 Image size of job updated: 1453208
	1228  -  MemoryUsage of job (MB)
	1257344  -  ResidentSetSize of job (KB)
...
006 (20290.000.000) 02/25 00:51:53 Image size of job updated: 1453696
	1229  -  MemoryUsage of job (MB)
	1257668  -  ResidentSetSize of job (KB)
...
006 (20290.000.000) 02/25 00:56:53 Image size of job updated: 1453696
	1229  -  MemoryUsage of job (MB)
	1257672  -  ResidentSetSize of job (KB)
...
006 (20290.000.000) 02/25 01:06:55 Image size of job updated: 1453708
	1229  -  MemoryUsage of job (MB)
	1257764  -  ResidentSetSize of job (KB)
...
006 (20290.000.000) 02/25 01:11:55 Image size of job updated: 1456736
	1229  -  MemoryUsage of job (MB)
	1257764  -  ResidentSetSize of job (KB)
...
006 (20290.000.000) 02/25 02:22:02 Image size of job updated: 1456736
	1229  -  MemoryUsage of job (MB)
	1257880  -  ResidentSetSize of job (KB)
...
006 (20290.000.000) 02/25 02:32:04 Image size of job updated: 1456736
	1229  -  MemoryUsage of job (MB)
	1258196  -  ResidentSetSize of job (KB)
...
006 (20290.000.000) 02/25 02:37:04 Image size of job updated: 1456736
	1229  -  MemoryUsage of job (MB)
	1258200  -  ResidentSetSize of job (KB)
...
006 (20290.000.000) 02/25 02:52:06 Image size of job updated: 1456736
	1229  -  MemoryUsage of job (MB)
	1258280  -  ResidentSetSize of job (KB)
...
006 (20290.000.000) 02/25 04:25:21 Image size of job updated: 11630584
	1229  -  MemoryUsage of job (MB)
	1258280  -  ResidentSetSize of job (KB)
...
005 (20290.000.000) 02/25 04:25:21 Job terminated.
	(1) Normal termination (return value 0)
		Usr 0 08:24:14, Sys 0 00:01:45  -  Run Remote Usage
		Usr 0 00:00:00, Sys 0 00:00:00  -  Run Local Usage
		Usr 0 08:24:14, Sys 0 00:01:45  -  Total Remote Usage
		Usr 0 00:00:00, Sys 0 00:00:00  -  Total Local Usage
	0  -  Run Bytes Sent By Job
	0  -  Run Bytes Received By Job
	0  -  Total Bytes Sent By Job
	0  -  Total Bytes Received By Job
	Partitionable Resources :    Usage  Request Allocated
	   Cpus                 :                 2         2
	   Disk (KB)            :        1        1   5108567
	   Memory (MB)          :     1229        1         1
...
