000 (20901.000.000) 02/24 21:35:22 Job submitted from host: <134.76.239.76:13753?addrs=134.76.239.76-13753>
...
001 (20901.000.000) 02/25 06:40:48 Job executing on host: <134.76.239.88:25067?addrs=134.76.239.88-25067>
...
006 (20901.000.000) 02/25 06:40:56 Image size of job updated: 65712
	4  -  MemoryUsage of job (MB)
	3312  -  ResidentSetSize of job (KB)
...
006 (20901.000.000) 02/25 06:45:56 Image size of job updated: 1145736
	935  -  MemoryUsage of job (MB)
	957192  -  ResidentSetSize of job (KB)
...
006 (20901.000.000) 02/25 06:55:57 Image size of job updated: 1242412
	1072  -  MemoryUsage of job (MB)
	1096748  -  ResidentSetSize of job (KB)
...
006 (20901.000.000) 02/25 07:05:58 Image size of job updated: 1245952
	1072  -  MemoryUsage of job (MB)
	1097712  -  ResidentSetSize of job (KB)
...
006 (20901.000.000) 02/25 07:10:59 Image size of job updated: 1245952
	1072  -  MemoryUsage of job (MB)
	1097716  -  ResidentSetSize of job (KB)
...
006 (20901.000.000) 02/25 07:15:59 Image size of job updated: 1432436
	1216  -  MemoryUsage of job (MB)
	1244984  -  ResidentSetSize of job (KB)
...
006 (20901.000.000) 02/25 07:21:00 Image size of job updated: 1456972
	1241  -  MemoryUsage of job (MB)
	1269896  -  ResidentSetSize of job (KB)
...
006 (20901.000.000) 02/25 07:31:01 Image size of job updated: 1459068
	1243  -  MemoryUsage of job (MB)
	1272520  -  ResidentSetSize of job (KB)
...
006 (20901.000.000) 02/25 07:36:01 Image size of job updated: 1459068
	1243  -  MemoryUsage of job (MB)
	1272584  -  ResidentSetSize of job (KB)
...
006 (20901.000.000) 02/25 08:11:05 Image size of job updated: 1459068
	1245  -  MemoryUsage of job (MB)
	1274700  -  ResidentSetSize of job (KB)
...
006 (20901.000.000) 02/25 08:21:06 Image size of job updated: 1459092
	1248  -  MemoryUsage of job (MB)
	1277180  -  ResidentSetSize of job (KB)
...
005 (20901.000.000) 02/25 09:15:52 Job terminated.
	(1) Normal termination (return value 0)
		Usr 0 04:12:34, Sys 0 00:00:46  -  Run Remote Usage
		Usr 0 00:00:00, Sys 0 00:00:00  -  Run Local Usage
		Usr 0 04:12:34, Sys 0 00:00:46  -  Total Remote Usage
		Usr 0 00:00:00, Sys 0 00:00:00  -  Total Local Usage
	0  -  Run Bytes Sent By Job
	0  -  Run Bytes Received By Job
	0  -  Total Bytes Sent By Job
	0  -  Total Bytes Received By Job
	Partitionable Resources :    Usage  Request Allocated
	   Cpus                 :                 2         2
	   Disk (KB)            :        1        1   5108670
	   Memory (MB)          :     1248        1         1
...
