000 (20596.000.000) 02/24 21:35:06 Job submitted from host: <134.76.239.76:13753?addrs=134.76.239.76-13753>
...
001 (20596.000.000) 02/25 02:54:45 Job executing on host: <134.76.239.83:20501?addrs=134.76.239.83-20501>
...
006 (20596.000.000) 02/25 02:54:53 Image size of job updated: 827416
	627  -  MemoryUsage of job (MB)
	641136  -  ResidentSetSize of job (KB)
...
006 (20596.000.000) 02/25 02:59:53 Image size of job updated: 1142592
	933  -  MemoryUsage of job (MB)
	954996  -  ResidentSetSize of job (KB)
...
006 (20596.000.000) 02/25 03:04:54 Image size of job updated: 1144296
	933  -  MemoryUsage of job (MB)
	954996  -  ResidentSetSize of job (KB)
...
006 (20596.000.000) 02/25 03:09:55 Image size of job updated: 1173864
	974  -  MemoryUsage of job (MB)
	996812  -  ResidentSetSize of job (KB)
...
006 (20596.000.000) 02/25 03:14:55 Image size of job updated: 1437704
	1205  -  MemoryUsage of job (MB)
	1233856  -  ResidentSetSize of job (KB)
...
006 (20596.000.000) 02/25 03:19:55 Image size of job updated: 1437704
	1206  -  MemoryUsage of job (MB)
	1234360  -  ResidentSetSize of job (KB)
...
006 (20596.000.000) 02/25 03:24:56 Image size of job updated: 1437704
	1206  -  MemoryUsage of job (MB)
	1234460  -  ResidentSetSize of job (KB)
...
006 (20596.000.000) 02/25 03:29:56 Image size of job updated: 1558652
	1350  -  MemoryUsage of job (MB)
	1381724  -  ResidentSetSize of job (KB)
...
006 (20596.000.000) 02/25 03:34:56 Image size of job updated: 1609820
	1400  -  MemoryUsage of job (MB)
	1433564  -  ResidentSetSize of job (KB)
...
006 (20596.000.000) 02/25 03:39:57 Image size of job updated: 1609820
	1401  -  MemoryUsage of job (MB)
	1433888  -  ResidentSetSize of job (KB)
...
006 (20596.000.000) 02/25 03:44:58 Image size of job updated: 1609820
	1401  -  MemoryUsage of job (MB)
	1433900  -  ResidentSetSize of job (KB)
...
006 (20596.000.000) 02/25 04:25:02 Image size of job updated: 1609820
	1401  -  MemoryUsage of job (MB)
	1434624  -  ResidentSetSize of job (KB)
...
006 (20596.000.000) 02/25 04:30:03 Image size of job updated: 1609820
	1402  -  MemoryUsage of job (MB)
	1434948  -  ResidentSetSize of job (KB)
...
005 (20596.000.000) 02/25 05:57:31 Job terminated.
	(1) Normal termination (return value 0)
		Usr 0 05:03:36, Sys 0 00:01:06  -  Run Remote Usage
		Usr 0 00:00:00, Sys 0 00:00:00  -  Run Local Usage
		Usr 0 05:03:36, Sys 0 00:01:06  -  Total Remote Usage
		Usr 0 00:00:00, Sys 0 00:00:00  -  Total Local Usage
	0  -  Run Bytes Sent By Job
	0  -  Run Bytes Received By Job
	0  -  Total Bytes Sent By Job
	0  -  Total Bytes Received By Job
	Partitionable Resources :    Usage  Request Allocated
	   Cpus                 :                 2         2
	   Disk (KB)            :        1        1   5108716
	   Memory (MB)          :     1402        1         1
...
