000 (20681.000.000) 02/24 21:35:11 Job submitted from host: <134.76.239.76:13753?addrs=134.76.239.76-13753>
...
001 (20681.000.000) 02/25 03:51:46 Job executing on host: <134.76.239.85:29523?addrs=134.76.239.85-29523>
...
006 (20681.000.000) 02/25 03:51:54 Image size of job updated: 26264
	4  -  MemoryUsage of job (MB)
	3320  -  ResidentSetSize of job (KB)
...
006 (20681.000.000) 02/25 03:56:54 Image size of job updated: 1146964
	923  -  MemoryUsage of job (MB)
	944816  -  ResidentSetSize of job (KB)
...
006 (20681.000.000) 02/25 04:11:55 Image size of job updated: 1241756
	1073  -  MemoryUsage of job (MB)
	1097888  -  ResidentSetSize of job (KB)
...
006 (20681.000.000) 02/25 04:16:56 Image size of job updated: 1241756
	1073  -  MemoryUsage of job (MB)
	1097896  -  ResidentSetSize of job (KB)
...
006 (20681.000.000) 02/25 04:26:57 Image size of job updated: 1241756
	1073  -  MemoryUsage of job (MB)
	1098228  -  ResidentSetSize of job (KB)
...
006 (20681.000.000) 02/25 04:36:59 Image size of job updated: 1428240
	1217  -  MemoryUsage of job (MB)
	1245500  -  ResidentSetSize of job (KB)
...
006 (20681.000.000) 02/25 04:41:59 Image size of job updated: 1428240
	1217  -  MemoryUsage of job (MB)
	1245828  -  ResidentSetSize of job (KB)
...
006 (20681.000.000) 02/25 04:46:59 Image size of job updated: 1428240
	1217  -  MemoryUsage of job (MB)
	1245836  -  ResidentSetSize of job (KB)
...
006 (20681.000.000) 02/25 05:02:00 Image size of job updated: 1428240
	1217  -  MemoryUsage of job (MB)
	1246156  -  ResidentSetSize of job (KB)
...
006 (20681.000.000) 02/25 05:22:03 Image size of job updated: 1428664
	1217  -  MemoryUsage of job (MB)
	1246160  -  ResidentSetSize of job (KB)
...
006 (20681.000.000) 02/25 05:27:04 Image size of job updated: 1428676
	1218  -  MemoryUsage of job (MB)
	1246248  -  ResidentSetSize of job (KB)
...
022 (20681.000.000) 02/25 05:33:29 Job disconnected, attempting to reconnect
    Socket between submit and execute hosts closed unexpectedly
    Trying to reconnect to slot1@seismo25.mps.mpg.de <134.76.239.85:29523?addrs=134.76.239.85-29523>
...
024 (20681.000.000) 02/25 06:13:31 Job reconnection failed
    Job disconnected too long: JobLeaseDuration (2400 seconds) expired
    Can not reconnect to slot1@seismo25.mps.mpg.de, rescheduling job
...
001 (20681.000.000) 02/25 06:18:47 Job executing on host: <134.76.239.80:23833?addrs=134.76.239.80-23833>
...
004 (20681.000.000) 02/25 09:57:09 Job was evicted.
	(0) Job was not checkpointed.
		Usr 0 06:10:08, Sys 0 00:01:11  -  Run Remote Usage
		Usr 0 00:00:00, Sys 0 00:00:00  -  Run Local Usage
	0  -  Run Bytes Sent By Job
	0  -  Run Bytes Received By Job
	Partitionable Resources :    Usage  Request Allocated
	   Cpus                 :                 2         2
	   Disk (KB)            :        1        1   5045755
	   Memory (MB)          :     1221     1221      1221
...
001 (20681.000.000) 02/25 09:58:51 Job executing on host: <134.76.239.89:24193?addrs=134.76.239.89-24193>
...
004 (20681.000.000) 02/25 10:49:46 Job was evicted.
	(0) Job was not checkpointed.
		Usr 0 01:22:35, Sys 0 00:00:16  -  Run Remote Usage
		Usr 0 00:00:00, Sys 0 00:00:00  -  Run Local Usage
	0  -  Run Bytes Sent By Job
	0  -  Run Bytes Received By Job
	Partitionable Resources :    Usage  Request Allocated
	   Cpus                 :                 2         2
	   Disk (KB)            :        1        1   5108727
	   Memory (MB)          :     1221     1221      1221
...
001 (20681.000.000) 02/25 10:50:42 Job executing on host: <134.76.239.80:23833?addrs=134.76.239.80-23833>
...
004 (20681.000.000) 02/25 10:52:27 Job was evicted.
	(0) Job was not checkpointed.
		Usr 0 00:02:21, Sys 0 00:00:01  -  Run Remote Usage
		Usr 0 00:00:00, Sys 0 00:00:00  -  Run Local Usage
	0  -  Run Bytes Sent By Job
	0  -  Run Bytes Received By Job
	Partitionable Resources :    Usage  Request Allocated
	   Cpus                 :                 2         2
	   Disk (KB)            :        1        1   5045691
	   Memory (MB)          :     1221     1221      1221
...
001 (20681.000.000) 02/25 10:54:27 Job executing on host: <134.76.239.79:12046?addrs=134.76.239.79-12046>
...
004 (20681.000.000) 02/25 11:04:25 Job was evicted.
	(0) Job was not checkpointed.
		Usr 0 00:16:35, Sys 0 00:00:07  -  Run Remote Usage
		Usr 0 00:00:00, Sys 0 00:00:00  -  Run Local Usage
	0  -  Run Bytes Sent By Job
	0  -  Run Bytes Received By Job
	Partitionable Resources :    Usage  Request Allocated
	   Cpus                 :                 2         2
	   Disk (KB)            :        1        1   5108588
	   Memory (MB)          :     1221     1221      1221
...
001 (20681.000.000) 02/25 11:06:25 Job executing on host: <134.76.239.80:23833?addrs=134.76.239.80-23833>
...
004 (20681.000.000) 02/25 11:08:07 Job was evicted.
	(0) Job was not checkpointed.
		Usr 0 00:02:17, Sys 0 00:00:01  -  Run Remote Usage
		Usr 0 00:00:00, Sys 0 00:00:00  -  Run Local Usage
	0  -  Run Bytes Sent By Job
	0  -  Run Bytes Received By Job
	Partitionable Resources :    Usage  Request Allocated
	   Cpus                 :                 2         2
	   Disk (KB)            :        1        1   5045669
	   Memory (MB)          :     1221     1221      1221
...
001 (20681.000.000) 02/25 11:11:06 Job executing on host: <134.76.239.86:20177?addrs=134.76.239.86-20177>
...
