DATE: 2016-02-26
TIME: 16:59:28
                                         version_number        8118
 read inlist_1.0
 create pre-main-sequence model
                                                species           8
 abundances
                                                     h1    7.4425200000000002D-01
                                                    he3    2.6359945924290295D-05
                                                    he4    2.4767064005407574D-01
                                                    c12    1.3854203513823909D-03
                                                    n14    4.0583422302907616D-04
                                                    o16    3.7680477825093070D-03
                                                   ne20    8.4513760275079105D-04
                                                   mg24    1.6465600403284646D-03


                                        relax_num_steps


                               finished relax_num_steps

 new_lnPgas_flag T
                                        relax_initial_Z    8.0510000000000009D-03
                                                  new z    8.0509999999999679D-03
                                        relax_initial_Y    2.4769700000000000D-01
                                                  new y    2.4769700000000006D-01
 net name basic.net
 do_element_diffusion T
 lnPgas_flag T
 kappa_file_prefix gs98
 kappa_lowT_prefix lowT_fa05_gs98
   eos_file_prefix mesa
                                        OMP_NUM_THREADS           1



stop because Lnuc_div_L >= Lnuc_div_L_zams_limit
    0.1010980560E+01    0.9990000000E+00

        789   7.080614   5297.512  -0.438786  -0.438786   0.796982   0.796982   0.743878   0.000427   0.247697   0.744170  -1.407380    782      0
   5.876596   1.940333  -0.146392 -50.216503  -2.050954 -99.000000   0.000000   0.248068   0.003768   0.008051   0.247779   0.091168      4      0
 4.8120E+07  17.166544  -0.443528 -99.000000   5.086437  -6.457274   0.000000   0.001368   0.000845  8.054E-03  8.051E-03 -0.192E-10    varcontrol

save photos/x789 for model 789
save final_profile.data write fgong_plot.data
                               s% atm_structure_num_pts          78
save final_profile.data.FGONG    789
 final_profile.data.FGONG for model 789
 saved to zams.mod
termination code: Lnuc_div_L_zams_limit

       runtime, prev time, retries, backups, steps         7.0        28.2         0         0       789
        789   7.080614   5297.512  -0.438786  -0.438786   0.796982   0.796982   0.743878   0.000427   0.247697   0.744170  -1.407380    782      0
   5.876596   1.940333  -0.146392 -50.216503  -2.050954 -99.000000   0.000000   0.248068   0.003768   0.008051   0.247779   0.091168      4      0
 4.8120E+07  17.166544  -0.443528 -99.000000   5.086437  -6.457274   0.000000   0.001368   0.000845  8.054E-03  8.051E-03 -0.192E-10    varcontrol

DATE: 2016-02-26
TIME: 17:08:28
DATE: 2016-02-26
TIME: 17:08:28
                                         version_number        8118
 read inlist_1.0
load saved model zams.mod

 new_lnPgas_flag T
 net name basic.net
 do_element_diffusion T
 lnPgas_flag T
                       which_atm_option: Eddington_grey
 kappa_file_prefix gs98
 kappa_lowT_prefix lowT_fa05_gs98
   eos_file_prefix mesa
                                        OMP_NUM_THREADS           1


__________________________________________________________________________________________________________________________________________________

       step    lg_Tcntr    Teff       lg_LH     lg_Lnuc     Mass       H_rich     H_cntr     N_cntr     Y_surf     X_avg     eta_cntr  zones retry
   lg_dt_yr    lg_Dcntr    lg_R       lg_L3a    lg_Lneu     lg_Mdot    He_core    He_cntr    O_cntr     Z_surf     Y_avg     gam_cntr  iters bckup
     age_yr    lg_Pcntr    lg_L       lg_LZ     lg_Psurf    lg_Dsurf   C_core     C_cntr     Ne_cntr    Z_cntr     Z_avg     v_div_cs     dt_limit
__________________________________________________________________________________________________________________________________________________

