000 (20705.000.000) 02/24 21:35:12 Job submitted from host: <134.76.239.76:13753?addrs=134.76.239.76-13753>
...
001 (20705.000.000) 02/25 04:06:46 Job executing on host: <134.76.239.83:20501?addrs=134.76.239.83-20501>
...
006 (20705.000.000) 02/25 04:06:55 Image size of job updated: 1
	3  -  MemoryUsage of job (MB)
	2072  -  ResidentSetSize of job (KB)
...
006 (20705.000.000) 02/25 04:11:56 Image size of job updated: 1146592
	927  -  MemoryUsage of job (MB)
	948304  -  ResidentSetSize of job (KB)
...
006 (20705.000.000) 02/25 04:21:57 Image size of job updated: 1294972
	1060  -  MemoryUsage of job (MB)
	1084964  -  ResidentSetSize of job (KB)
...
006 (20705.000.000) 02/25 04:26:58 Image size of job updated: 1294972
	1060  -  MemoryUsage of job (MB)
	1084976  -  ResidentSetSize of job (KB)
...
006 (20705.000.000) 02/25 04:36:59 Image size of job updated: 1294972
	1060  -  MemoryUsage of job (MB)
	1084980  -  ResidentSetSize of job (KB)
...
006 (20705.000.000) 02/25 04:41:59 Image size of job updated: 1294972
	1060  -  MemoryUsage of job (MB)
	1085312  -  ResidentSetSize of job (KB)
...
006 (20705.000.000) 02/25 04:47:00 Image size of job updated: 1294972
	1060  -  MemoryUsage of job (MB)
	1085320  -  ResidentSetSize of job (KB)
...
006 (20705.000.000) 02/25 04:52:01 Image size of job updated: 1294972
	1060  -  MemoryUsage of job (MB)
	1085324  -  ResidentSetSize of job (KB)
...
006 (20705.000.000) 02/25 04:57:01 Image size of job updated: 1415920
	1204  -  MemoryUsage of job (MB)
	1232592  -  ResidentSetSize of job (KB)
...
006 (20705.000.000) 02/25 05:02:02 Image size of job updated: 1415920
	1205  -  MemoryUsage of job (MB)
	1232948  -  ResidentSetSize of job (KB)
...
006 (20705.000.000) 02/25 05:22:05 Image size of job updated: 1415920
	1205  -  MemoryUsage of job (MB)
	1233264  -  ResidentSetSize of job (KB)
...
006 (20705.000.000) 02/25 05:27:05 Image size of job updated: 1415920
	1205  -  MemoryUsage of job (MB)
	1233268  -  ResidentSetSize of job (KB)
...
006 (20705.000.000) 02/25 05:32:05 Image size of job updated: 1464992
	1253  -  MemoryUsage of job (MB)
	1282340  -  ResidentSetSize of job (KB)
...
006 (20705.000.000) 02/25 05:47:07 Image size of job updated: 1464992
	1253  -  MemoryUsage of job (MB)
	1282344  -  ResidentSetSize of job (KB)
...
006 (20705.000.000) 02/25 07:17:17 Image size of job updated: 1479084
	1267  -  MemoryUsage of job (MB)
	1296528  -  ResidentSetSize of job (KB)
...
006 (20705.000.000) 02/25 07:32:18 Image size of job updated: 1479084
	1267  -  MemoryUsage of job (MB)
	1296536  -  ResidentSetSize of job (KB)
...
005 (20705.000.000) 02/25 08:49:47 Job terminated.
	(1) Normal termination (return value 0)
		Usr 0 07:56:37, Sys 0 00:01:40  -  Run Remote Usage
		Usr 0 00:00:00, Sys 0 00:00:00  -  Run Local Usage
		Usr 0 07:56:37, Sys 0 00:01:40  -  Total Remote Usage
		Usr 0 00:00:00, Sys 0 00:00:00  -  Total Local Usage
	0  -  Run Bytes Sent By Job
	0  -  Run Bytes Received By Job
	0  -  Total Bytes Sent By Job
	0  -  Total Bytes Received By Job
	Partitionable Resources :    Usage  Request Allocated
	   Cpus                 :                 2         2
	   Disk (KB)            :        1        1   5108702
	   Memory (MB)          :     1267        1         1
...
