000 (20779.000.000) 02/24 21:35:16 Job submitted from host: <134.76.239.76:13753?addrs=134.76.239.76-13753>
...
001 (20779.000.000) 02/25 04:55:47 Job executing on host: <134.76.239.90:23525?addrs=134.76.239.90-23525>
...
006 (20779.000.000) 02/25 04:55:56 Image size of job updated: 1
	3  -  MemoryUsage of job (MB)
	2064  -  ResidentSetSize of job (KB)
...
006 (20779.000.000) 02/25 05:00:57 Image size of job updated: 1144180
	923  -  MemoryUsage of job (MB)
	944228  -  ResidentSetSize of job (KB)
...
006 (20779.000.000) 02/25 05:05:57 Image size of job updated: 1146644
	923  -  MemoryUsage of job (MB)
	944228  -  ResidentSetSize of job (KB)
...
006 (20779.000.000) 02/25 05:10:57 Image size of job updated: 1240052
	1080  -  MemoryUsage of job (MB)
	1105756  -  ResidentSetSize of job (KB)
...
006 (20779.000.000) 02/25 05:15:58 Image size of job updated: 1240052
	1081  -  MemoryUsage of job (MB)
	1106140  -  ResidentSetSize of job (KB)
...
006 (20779.000.000) 02/25 05:20:59 Image size of job updated: 1451072
	1249  -  MemoryUsage of job (MB)
	1278304  -  ResidentSetSize of job (KB)
...
006 (20779.000.000) 02/25 05:25:59 Image size of job updated: 1451072
	1249  -  MemoryUsage of job (MB)
	1278628  -  ResidentSetSize of job (KB)
...
006 (20779.000.000) 02/25 05:31:00 Image size of job updated: 1451080
	1249  -  MemoryUsage of job (MB)
	1278628  -  ResidentSetSize of job (KB)
...
005 (20779.000.000) 02/25 06:57:16 Job terminated.
	(1) Normal termination (return value 0)
		Usr 0 03:10:21, Sys 0 00:00:58  -  Run Remote Usage
		Usr 0 00:00:00, Sys 0 00:00:00  -  Run Local Usage
		Usr 0 03:10:21, Sys 0 00:00:58  -  Total Remote Usage
		Usr 0 00:00:00, Sys 0 00:00:00  -  Total Local Usage
	0  -  Run Bytes Sent By Job
	0  -  Run Bytes Received By Job
	0  -  Total Bytes Sent By Job
	0  -  Total Bytes Received By Job
	Partitionable Resources :    Usage  Request Allocated
	   Cpus                 :                 2         2
	   Disk (KB)            :        1        1   5108797
	   Memory (MB)          :     1249        1         1
...
