DATE: 2016-02-26
TIME: 16:59:49
                                         version_number        8118
 read inlist_1.0
 create pre-main-sequence model
                                                species           8
 abundances
                                                     h1    7.5581600000000004D-01
                                                    he3    2.3966982973372069D-05
                                                    he4    2.2518703301702664D-01
                                                    c12    3.2648839059468233D-03
                                                    n14    9.5638960545653894D-04
                                                    o16    8.8797876757605847D-03
                                                   ne20    1.9916526812806630D-03
                                                   mg24    3.8802861315552946D-03


                                        relax_num_steps


                               finished relax_num_steps

 new_lnPgas_flag T
                                        relax_initial_Z    1.8973000000000000D-02
                                                  new z    1.8972999999999036D-02
                                        relax_initial_Y    2.2521099999999999D-01
                                                  new y    2.2521100000000008D-01
 net name basic.net
 do_element_diffusion T
 lnPgas_flag T
 kappa_file_prefix gs98
 kappa_lowT_prefix lowT_fa05_gs98
   eos_file_prefix mesa
                                        OMP_NUM_THREADS           1



stop because Lnuc_div_L >= Lnuc_div_L_zams_limit
    0.1001897515E+01    0.9990000000E+00

        839   7.189094   6288.520   0.373047   0.373047   1.385959   1.385959   0.755481   0.001831   0.225211   0.755737  -2.148453    801      0
   5.225331   1.797240   0.112531 -44.915642  -1.027142 -99.000000   0.000000   0.225421   0.008880   0.018973   0.225266   0.063607      2      0
 2.0644E+07  17.133111   0.372224 -15.352530   4.507233  -7.115321   0.000000   0.002515   0.001992  1.910E-02  1.900E-02 -0.147E-09    varcontrol

save photos/x839 for model 839
save final_profile.data write fgong_plot.data
                               s% atm_structure_num_pts          85
save final_profile.data.FGONG    839
 final_profile.data.FGONG for model 839
 saved to zams.mod
termination code: Lnuc_div_L_zams_limit

       runtime, prev time, retries, backups, steps         7.7        28.2         0         0       839
        839   7.189094   6288.520   0.373047   0.373047   1.385959   1.385959   0.755481   0.001831   0.225211   0.755737  -2.148453    801      0
   5.225331   1.797240   0.112531 -44.915642  -1.027142 -99.000000   0.000000   0.225421   0.008880   0.018973   0.225266   0.063607      2      0
 2.0644E+07  17.133111   0.372224 -15.352530   4.507233  -7.115321   0.000000   0.002515   0.001992  1.910E-02  1.900E-02 -0.147E-09    varcontrol

DATE: 2016-02-26
TIME: 17:09:14
DATE: 2016-02-26
TIME: 17:09:14
                                         version_number        8118
 read inlist_1.0
load saved model zams.mod

 new_lnPgas_flag T
 net name basic.net
 do_element_diffusion T
 lnPgas_flag T
                       which_atm_option: Eddington_grey
 kappa_file_prefix gs98
 kappa_lowT_prefix lowT_fa05_gs98
   eos_file_prefix mesa
                                        OMP_NUM_THREADS           1


__________________________________________________________________________________________________________________________________________________

       step    lg_Tcntr    Teff       lg_LH     lg_Lnuc     Mass       H_rich     H_cntr     N_cntr     Y_surf     X_avg     eta_cntr  zones retry
   lg_dt_yr    lg_Dcntr    lg_R       lg_L3a    lg_Lneu     lg_Mdot    He_core    He_cntr    O_cntr     Z_surf     Y_avg     gam_cntr  iters bckup
     age_yr    lg_Pcntr    lg_L       lg_LZ     lg_Psurf    lg_Dsurf   C_core     C_cntr     Ne_cntr    Z_cntr     Z_avg     v_div_cs     dt_limit
__________________________________________________________________________________________________________________________________________________

