000 (19926.000.000) 02/24 21:34:30 Job submitted from host: <134.76.239.76:13753?addrs=134.76.239.76-13753>
...
001 (19926.000.000) 02/24 21:34:32 Job executing on host: <134.76.239.84:12289?addrs=134.76.239.84-12289>
...
006 (19926.000.000) 02/24 21:34:41 Image size of job updated: 202156
	33  -  MemoryUsage of job (MB)
	32856  -  ResidentSetSize of job (KB)
...
006 (19926.000.000) 02/24 21:39:42 Image size of job updated: 1146560
	903  -  MemoryUsage of job (MB)
	924636  -  ResidentSetSize of job (KB)
...
006 (19926.000.000) 02/24 21:44:42 Image size of job updated: 1146560
	904  -  MemoryUsage of job (MB)
	924976  -  ResidentSetSize of job (KB)
...
006 (19926.000.000) 02/24 21:49:42 Image size of job updated: 1146560
	904  -  MemoryUsage of job (MB)
	924988  -  ResidentSetSize of job (KB)
...
006 (19926.000.000) 02/24 21:59:44 Image size of job updated: 1255184
	1060  -  MemoryUsage of job (MB)
	1085420  -  ResidentSetSize of job (KB)
...
006 (19926.000.000) 02/24 22:04:44 Image size of job updated: 1255184
	1060  -  MemoryUsage of job (MB)
	1085424  -  ResidentSetSize of job (KB)
...
006 (19926.000.000) 02/24 22:14:46 Image size of job updated: 1255184
	1061  -  MemoryUsage of job (MB)
	1085760  -  ResidentSetSize of job (KB)
...
006 (19926.000.000) 02/24 22:34:47 Image size of job updated: 1441668
	1205  -  MemoryUsage of job (MB)
	1233028  -  ResidentSetSize of job (KB)
...
006 (19926.000.000) 02/24 22:44:48 Image size of job updated: 1441668
	1205  -  MemoryUsage of job (MB)
	1233384  -  ResidentSetSize of job (KB)
...
006 (19926.000.000) 02/24 22:49:48 Image size of job updated: 1441668
	1205  -  MemoryUsage of job (MB)
	1233392  -  ResidentSetSize of job (KB)
...
006 (19926.000.000) 02/24 22:54:48 Image size of job updated: 1441668
	1205  -  MemoryUsage of job (MB)
	1233396  -  ResidentSetSize of job (KB)
...
006 (19926.000.000) 02/24 23:04:50 Image size of job updated: 1441668
	1205  -  MemoryUsage of job (MB)
	1233716  -  ResidentSetSize of job (KB)
...
006 (19926.000.000) 02/24 23:14:50 Image size of job updated: 1490740
	1253  -  MemoryUsage of job (MB)
	1282788  -  ResidentSetSize of job (KB)
...
006 (19926.000.000) 02/24 23:39:53 Image size of job updated: 1491180
	1253  -  MemoryUsage of job (MB)
	1282788  -  ResidentSetSize of job (KB)
...
006 (19926.000.000) 02/25 01:20:03 Image size of job updated: 1491180
	1268  -  MemoryUsage of job (MB)
	1297436  -  ResidentSetSize of job (KB)
...
006 (19926.000.000) 02/25 01:25:03 Image size of job updated: 1491180
	1268  -  MemoryUsage of job (MB)
	1297444  -  ResidentSetSize of job (KB)
...
006 (19926.000.000) 02/25 01:35:05 Image size of job updated: 1491180
	1268  -  MemoryUsage of job (MB)
	1297452  -  ResidentSetSize of job (KB)
...
006 (19926.000.000) 02/25 01:40:05 Image size of job updated: 1491180
	1268  -  MemoryUsage of job (MB)
	1297456  -  ResidentSetSize of job (KB)
...
006 (19926.000.000) 02/25 03:21:37 Image size of job updated: 10924864
	1268  -  MemoryUsage of job (MB)
	1297456  -  ResidentSetSize of job (KB)
...
005 (19926.000.000) 02/25 03:21:37 Job terminated.
	(1) Normal termination (return value 0)
		Usr 0 09:56:22, Sys 0 00:02:16  -  Run Remote Usage
		Usr 0 00:00:00, Sys 0 00:00:00  -  Run Local Usage
		Usr 0 09:56:22, Sys 0 00:02:16  -  Total Remote Usage
		Usr 0 00:00:00, Sys 0 00:00:00  -  Total Local Usage
	0  -  Run Bytes Sent By Job
	0  -  Run Bytes Received By Job
	0  -  Total Bytes Sent By Job
	0  -  Total Bytes Received By Job
	Partitionable Resources :    Usage  Request Allocated
	   Cpus                 :                 2         2
	   Disk (KB)            :        1        1   5108632
	   Memory (MB)          :     1268        1         1
...
