000 (20576.000.000) 02/24 21:35:05 Job submitted from host: <134.76.239.76:13753?addrs=134.76.239.76-13753>
...
001 (20576.000.000) 02/25 02:36:43 Job executing on host: <134.76.239.91:19968?addrs=134.76.239.91-19968>
...
006 (20576.000.000) 02/25 02:36:51 Image size of job updated: 827408
	619  -  MemoryUsage of job (MB)
	633084  -  ResidentSetSize of job (KB)
...
006 (20576.000.000) 02/25 02:41:52 Image size of job updated: 1143472
	619  -  MemoryUsage of job (MB)
	633084  -  ResidentSetSize of job (KB)
...
006 (20576.000.000) 02/25 02:46:53 Image size of job updated: 1324848
	1142  -  MemoryUsage of job (MB)
	1168716  -  ResidentSetSize of job (KB)
...
006 (20576.000.000) 02/25 02:51:53 Image size of job updated: 1560404
	1335  -  MemoryUsage of job (MB)
	1366172  -  ResidentSetSize of job (KB)
...
006 (20576.000.000) 02/25 02:56:53 Image size of job updated: 1560412
	1335  -  MemoryUsage of job (MB)
	1366172  -  ResidentSetSize of job (KB)
...
006 (20576.000.000) 02/25 03:55:18 Image size of job updated: 2529932
	1335  -  MemoryUsage of job (MB)
	1366172  -  ResidentSetSize of job (KB)
...
005 (20576.000.000) 02/25 03:55:18 Job terminated.
	(1) Normal termination (return value 0)
		Usr 0 01:53:29, Sys 0 00:00:23  -  Run Remote Usage
		Usr 0 00:00:00, Sys 0 00:00:00  -  Run Local Usage
		Usr 0 01:53:29, Sys 0 00:00:23  -  Total Remote Usage
		Usr 0 00:00:00, Sys 0 00:00:00  -  Total Local Usage
	0  -  Run Bytes Sent By Job
	0  -  Run Bytes Received By Job
	0  -  Total Bytes Sent By Job
	0  -  Total Bytes Received By Job
	Partitionable Resources :    Usage  Request Allocated
	   Cpus                 :                 2         2
	   Disk (KB)            :        1        1   5108691
	   Memory (MB)          :     1335        1         1
...
