DATE: 2016-02-26
TIME: 16:59:48
                                         version_number        8118
 read inlist_1.0
 create pre-main-sequence model
                                                species           8
 abundances
                                                     h1    6.7458700000000005D-01
                                                    he3    3.3794243079197587D-05
                                                    he4    3.1752120575692078D-01
                                                    c12    1.3522088089880551D-03
                                                    n14    3.9610549305210300D-04
                                                    o16    3.6777194727311072D-03
                                                   ne20    8.2487781423620885D-04
                                                   mg24    1.6070884109925581D-03


                                        relax_num_steps


                               finished relax_num_steps

 new_lnPgas_flag T
                                        relax_initial_Z    7.8580000000000004D-03
                                                  new z    7.8579999999997246D-03
                                        relax_initial_Y    3.1755499999999998D-01
                                                  new y    3.1755500000000014D-01
 net name basic.net
 do_element_diffusion T
 lnPgas_flag T
 kappa_file_prefix gs98
 kappa_lowT_prefix lowT_fa05_gs98
   eos_file_prefix mesa
                                        OMP_NUM_THREADS           1



stop because Lnuc_div_L >= Lnuc_div_L_zams_limit
    0.9991560940E+00    0.9990000000E+00

        934   7.271525   7819.734   0.694080   0.694080   1.312131   1.312131   0.673264   0.001967   0.258585   0.674296  -2.016602    879      0
   5.813845   1.996044   0.084355 -40.121647  -0.820731 -99.000000   0.000000   0.318655   0.003673   0.004134   0.317796   0.063208      2      0
 1.6734E+07  17.388605   0.694446 -15.051500   3.816463  -7.928106   0.000000   0.000009   0.000825  8.081E-03  7.907E-03 -0.393E-11  max increase

save photos/x934 for model 934
save final_profile.data write fgong_plot.data
                               s% atm_structure_num_pts          58
save final_profile.data.FGONG    934
 final_profile.data.FGONG for model 934
 saved to zams.mod
termination code: Lnuc_div_L_zams_limit

       runtime, prev time, retries, backups, steps         8.5        28.2         0         0       934
        934   7.271525   7819.734   0.694080   0.694080   1.312131   1.312131   0.673264   0.001967   0.258585   0.674296  -2.016602    879      0
   5.813845   1.996044   0.084355 -40.121647  -0.820731 -99.000000   0.000000   0.318655   0.003673   0.004134   0.317796   0.063208      2      0
 1.6734E+07  17.388605   0.694446 -15.051500   3.816463  -7.928106   0.000000   0.000009   0.000825  8.081E-03  7.907E-03 -0.393E-11  max increase

DATE: 2016-02-26
TIME: 17:10:02
DATE: 2016-02-26
TIME: 17:10:02
                                         version_number        8118
 read inlist_1.0
load saved model zams.mod

 new_lnPgas_flag T
 net name basic.net
 do_element_diffusion T
 lnPgas_flag T
                       which_atm_option: Eddington_grey
 kappa_file_prefix gs98
 kappa_lowT_prefix lowT_fa05_gs98
   eos_file_prefix mesa
                                        OMP_NUM_THREADS           1


__________________________________________________________________________________________________________________________________________________

       step    lg_Tcntr    Teff       lg_LH     lg_Lnuc     Mass       H_rich     H_cntr     N_cntr     Y_surf     X_avg     eta_cntr  zones retry
   lg_dt_yr    lg_Dcntr    lg_R       lg_L3a    lg_Lneu     lg_Mdot    He_core    He_cntr    O_cntr     Z_surf     Y_avg     gam_cntr  iters bckup
     age_yr    lg_Pcntr    lg_L       lg_LZ     lg_Psurf    lg_Dsurf   C_core     C_cntr     Ne_cntr    Z_cntr     Z_avg     v_div_cs     dt_limit
__________________________________________________________________________________________________________________________________________________

        935   7.271579   7830.102   0.693958   0.693958   1.312131   1.312131   0.673120   0.001968   0.252501   0.674267  -2.016901    879      0
   5.893026   1.996039   0.082884 -40.118537  -0.821396 -99.000000   0.000000   0.318799   0.003672   0.003829   0.317825   0.063204      9      0
 1.7516E+07  17.388603   0.693805 -15.051500   4.287104  -7.470770   0.000000   0.000009   0.000825  8.081E-03  7.908E-03 -0.134E-10              

