000 (20477.000.000) 02/24 21:35:00 Job submitted from host: <134.76.239.76:13753?addrs=134.76.239.76-13753>
...
001 (20477.000.000) 02/25 01:27:40 Job executing on host: <134.76.239.84:12289?addrs=134.76.239.84-12289>
...
006 (20477.000.000) 02/25 01:27:49 Image size of job updated: 440936
	238  -  MemoryUsage of job (MB)
	243296  -  ResidentSetSize of job (KB)
...
006 (20477.000.000) 02/25 01:32:50 Image size of job updated: 1143928
	923  -  MemoryUsage of job (MB)
	944836  -  ResidentSetSize of job (KB)
...
006 (20477.000.000) 02/25 01:37:51 Image size of job updated: 1144980
	923  -  MemoryUsage of job (MB)
	944836  -  ResidentSetSize of job (KB)
...
006 (20477.000.000) 02/25 01:52:52 Image size of job updated: 1229204
	1061  -  MemoryUsage of job (MB)
	1085524  -  ResidentSetSize of job (KB)
...
006 (20477.000.000) 02/25 02:02:53 Image size of job updated: 1229204
	1061  -  MemoryUsage of job (MB)
	1085856  -  ResidentSetSize of job (KB)
...
006 (20477.000.000) 02/25 02:07:54 Image size of job updated: 1232804
	1061  -  MemoryUsage of job (MB)
	1085924  -  ResidentSetSize of job (KB)
...
006 (20477.000.000) 02/25 02:12:55 Image size of job updated: 1445840
	1233  -  MemoryUsage of job (MB)
	1261944  -  ResidentSetSize of job (KB)
...
006 (20477.000.000) 02/25 02:17:55 Image size of job updated: 1511376
	1295  -  MemoryUsage of job (MB)
	1325172  -  ResidentSetSize of job (KB)
...
006 (20477.000.000) 02/25 02:22:55 Image size of job updated: 1511376
	1295  -  MemoryUsage of job (MB)
	1325196  -  ResidentSetSize of job (KB)
...
006 (20477.000.000) 02/25 02:27:56 Image size of job updated: 1535912
	1319  -  MemoryUsage of job (MB)
	1349748  -  ResidentSetSize of job (KB)
...
006 (20477.000.000) 02/25 02:32:56 Image size of job updated: 1535912
	1319  -  MemoryUsage of job (MB)
	1350020  -  ResidentSetSize of job (KB)
...
006 (20477.000.000) 02/25 03:38:03 Image size of job updated: 1535912
	1319  -  MemoryUsage of job (MB)
	1350148  -  ResidentSetSize of job (KB)
...
006 (20477.000.000) 02/25 03:43:03 Image size of job updated: 1535912
	1319  -  MemoryUsage of job (MB)
	1350420  -  ResidentSetSize of job (KB)
...
006 (20477.000.000) 02/25 05:23:13 Image size of job updated: 8679668
	1319  -  MemoryUsage of job (MB)
	1350420  -  ResidentSetSize of job (KB)
...
005 (20477.000.000) 02/25 05:23:34 Job terminated.
	(1) Normal termination (return value 0)
		Usr 0 06:42:03, Sys 0 00:01:27  -  Run Remote Usage
		Usr 0 00:00:00, Sys 0 00:00:00  -  Run Local Usage
		Usr 0 06:42:03, Sys 0 00:01:27  -  Total Remote Usage
		Usr 0 00:00:00, Sys 0 00:00:00  -  Total Local Usage
	0  -  Run Bytes Sent By Job
	0  -  Run Bytes Received By Job
	0  -  Total Bytes Sent By Job
	0  -  Total Bytes Received By Job
	Partitionable Resources :    Usage  Request Allocated
	   Cpus                 :                 2         2
	   Disk (KB)            :        1        1   5108563
	   Memory (MB)          :     1319        1         1
...
