DATE: 2016-02-26
TIME: 16:59:47
                                         version_number        8118
 read inlist_1.0
 create pre-main-sequence model
                                                species           8
 abundances
                                                     h1    7.1631000000000000D-01
                                                    he3    2.8207186469609091D-05
                                                    he4    2.6502679281353042D-01
                                                    c12    3.2067206866241088D-03
                                                    n14    9.3935172601500284D-04
                                                    o16    8.7215961280661426D-03
                                                   ne20    1.9561718081307780D-03
                                                   mg24    3.8111596511639263D-03


                                        relax_num_steps


                               finished relax_num_steps

 new_lnPgas_flag T
                                        relax_initial_Z    1.8634999999999999D-02
                                                  new z    1.8635000000000092D-02
                                        relax_initial_Y    2.6505499999999999D-01
                                                  new y    2.6505500000000010D-01
 net name basic.net
 do_element_diffusion T
 lnPgas_flag T
 kappa_file_prefix gs98
 kappa_lowT_prefix lowT_fa05_gs98
   eos_file_prefix mesa
                                        OMP_NUM_THREADS           1



stop because Lnuc_div_L >= Lnuc_div_L_zams_limit
    0.1001256078E+01    0.9990000000E+00

        822   7.162429   6024.107   0.085617   0.085617   1.143381   1.143381   0.715944   0.001529   0.265055   0.716221  -1.938968    804      0
   5.628064   1.854104   0.006267 -45.982822  -1.386994 -99.000000   0.000000   0.265337   0.008722   0.018635   0.265128   0.071806      2      0
 2.7982E+07  17.150910   0.085072 -99.000000   4.707922  -6.879340   0.000000   0.002701   0.001956  1.872E-02  1.865E-02 -0.393E-10    varcontrol

save photos/x822 for model 822
save final_profile.data write fgong_plot.data
                               s% atm_structure_num_pts          58
save final_profile.data.FGONG    822
 final_profile.data.FGONG for model 822
 saved to zams.mod
termination code: Lnuc_div_L_zams_limit

       runtime, prev time, retries, backups, steps         7.5        28.2         0         0       822
        822   7.162429   6024.107   0.085617   0.085617   1.143381   1.143381   0.715944   0.001529   0.265055   0.716221  -1.938968    804      0
   5.628064   1.854104   0.006267 -45.982822  -1.386994 -99.000000   0.000000   0.265337   0.008722   0.018635   0.265128   0.071806      2      0
 2.7982E+07  17.150910   0.085072 -99.000000   4.707922  -6.879340   0.000000   0.002701   0.001956  1.872E-02  1.865E-02 -0.393E-10  max increase

DATE: 2016-02-26
TIME: 17:09:04
DATE: 2016-02-26
TIME: 17:09:05
                                         version_number        8118
 read inlist_1.0
load saved model zams.mod

 new_lnPgas_flag T
 net name basic.net
 do_element_diffusion T
 lnPgas_flag T
                       which_atm_option: Eddington_grey
 kappa_file_prefix gs98
 kappa_lowT_prefix lowT_fa05_gs98
   eos_file_prefix mesa
                                        OMP_NUM_THREADS           1


__________________________________________________________________________________________________________________________________________________

       step    lg_Tcntr    Teff       lg_LH     lg_Lnuc     Mass       H_rich     H_cntr     N_cntr     Y_surf     X_avg     eta_cntr  zones retry
   lg_dt_yr    lg_Dcntr    lg_R       lg_L3a    lg_Lneu     lg_Mdot    He_core    He_cntr    O_cntr     Z_surf     Y_avg     gam_cntr  iters bckup
     age_yr    lg_Pcntr    lg_L       lg_LZ     lg_Psurf    lg_Dsurf   C_core     C_cntr     Ne_cntr    Z_cntr     Z_avg     v_div_cs     dt_limit
__________________________________________________________________________________________________________________________________________________

