000 (20635.000.000) 02/24 21:35:08 Job submitted from host: <134.76.239.76:13753?addrs=134.76.239.76-13753>
...
001 (20635.000.000) 02/25 03:22:46 Job executing on host: <134.76.239.91:19968?addrs=134.76.239.91-19968>
...
006 (20635.000.000) 02/25 03:22:54 Image size of job updated: 440936
	227  -  MemoryUsage of job (MB)
	231692  -  ResidentSetSize of job (KB)
...
006 (20635.000.000) 02/25 03:27:54 Image size of job updated: 1145328
	308  -  MemoryUsage of job (MB)
	314800  -  ResidentSetSize of job (KB)
...
006 (20635.000.000) 02/25 03:32:54 Image size of job updated: 1145328
	919  -  MemoryUsage of job (MB)
	940740  -  ResidentSetSize of job (KB)
...
006 (20635.000.000) 02/25 03:37:55 Image size of job updated: 1274712
	1076  -  MemoryUsage of job (MB)
	1101172  -  ResidentSetSize of job (KB)
...
006 (20635.000.000) 02/25 03:42:55 Image size of job updated: 1274712
	1076  -  MemoryUsage of job (MB)
	1101500  -  ResidentSetSize of job (KB)
...
006 (20635.000.000) 02/25 03:47:55 Image size of job updated: 1485732
	1306  -  MemoryUsage of job (MB)
	1336780  -  ResidentSetSize of job (KB)
...
006 (20635.000.000) 02/25 03:52:56 Image size of job updated: 1491408
	1311  -  MemoryUsage of job (MB)
	1341868  -  ResidentSetSize of job (KB)
...
006 (20635.000.000) 02/25 03:57:56 Image size of job updated: 1491416
	1311  -  MemoryUsage of job (MB)
	1341868  -  ResidentSetSize of job (KB)
...
006 (20635.000.000) 02/25 04:22:59 Image size of job updated: 1491612
	1312  -  MemoryUsage of job (MB)
	1342664  -  ResidentSetSize of job (KB)
...
006 (20635.000.000) 02/25 04:28:00 Image size of job updated: 1491620
	1312  -  MemoryUsage of job (MB)
	1342664  -  ResidentSetSize of job (KB)
...
005 (20635.000.000) 02/25 05:20:25 Job terminated.
	(1) Normal termination (return value 0)
		Usr 0 03:05:06, Sys 0 00:00:34  -  Run Remote Usage
		Usr 0 00:00:00, Sys 0 00:00:00  -  Run Local Usage
		Usr 0 03:05:06, Sys 0 00:00:34  -  Total Remote Usage
		Usr 0 00:00:00, Sys 0 00:00:00  -  Total Local Usage
	0  -  Run Bytes Sent By Job
	0  -  Run Bytes Received By Job
	0  -  Total Bytes Sent By Job
	0  -  Total Bytes Received By Job
	Partitionable Resources :    Usage  Request Allocated
	   Cpus                 :                 2         2
	   Disk (KB)            :        1        1   5108686
	   Memory (MB)          :     1312        1         1
...
