000 (20609.000.000) 02/24 21:35:07 Job submitted from host: <134.76.239.76:13753?addrs=134.76.239.76-13753>
...
001 (20609.000.000) 02/25 03:03:45 Job executing on host: <134.76.239.87:13734?addrs=134.76.239.87-13734>
...
006 (20609.000.000) 02/25 03:03:54 Image size of job updated: 1
	3  -  MemoryUsage of job (MB)
	2064  -  ResidentSetSize of job (KB)
...
006 (20609.000.000) 02/25 03:08:55 Image size of job updated: 1144620
	924  -  MemoryUsage of job (MB)
	945720  -  ResidentSetSize of job (KB)
...
006 (20609.000.000) 02/25 03:13:56 Image size of job updated: 1146564
	924  -  MemoryUsage of job (MB)
	945720  -  ResidentSetSize of job (KB)
...
006 (20609.000.000) 02/25 03:18:56 Image size of job updated: 1242088
	1071  -  MemoryUsage of job (MB)
	1096524  -  ResidentSetSize of job (KB)
...
006 (20609.000.000) 02/25 03:23:57 Image size of job updated: 1242588
	1071  -  MemoryUsage of job (MB)
	1096536  -  ResidentSetSize of job (KB)
...
006 (20609.000.000) 02/25 03:28:58 Image size of job updated: 1242588
	1071  -  MemoryUsage of job (MB)
	1096696  -  ResidentSetSize of job (KB)
...
006 (20609.000.000) 02/25 03:33:58 Image size of job updated: 1242588
	1072  -  MemoryUsage of job (MB)
	1096880  -  ResidentSetSize of job (KB)
...
006 (20609.000.000) 02/25 03:38:58 Image size of job updated: 1429072
	1215  -  MemoryUsage of job (MB)
	1244148  -  ResidentSetSize of job (KB)
...
006 (20609.000.000) 02/25 03:43:59 Image size of job updated: 1429072
	1216  -  MemoryUsage of job (MB)
	1244476  -  ResidentSetSize of job (KB)
...
006 (20609.000.000) 02/25 03:48:59 Image size of job updated: 1456664
	1242  -  MemoryUsage of job (MB)
	1271076  -  ResidentSetSize of job (KB)
...
006 (20609.000.000) 02/25 03:53:59 Image size of job updated: 1456664
	1242  -  MemoryUsage of job (MB)
	1271404  -  ResidentSetSize of job (KB)
...
006 (20609.000.000) 02/25 03:59:00 Image size of job updated: 1458652
	1245  -  MemoryUsage of job (MB)
	1274820  -  ResidentSetSize of job (KB)
...
006 (20609.000.000) 02/25 04:04:01 Image size of job updated: 1458664
	1245  -  MemoryUsage of job (MB)
	1274820  -  ResidentSetSize of job (KB)
...
006 (20609.000.000) 02/25 06:11:50 Image size of job updated: 9030352
	1245  -  MemoryUsage of job (MB)
	1274820  -  ResidentSetSize of job (KB)
...
005 (20609.000.000) 02/25 06:11:50 Job terminated.
	(1) Normal termination (return value 0)
		Usr 0 05:14:39, Sys 0 00:00:48  -  Run Remote Usage
		Usr 0 00:00:00, Sys 0 00:00:00  -  Run Local Usage
		Usr 0 05:14:39, Sys 0 00:00:48  -  Total Remote Usage
		Usr 0 00:00:00, Sys 0 00:00:00  -  Total Local Usage
	0  -  Run Bytes Sent By Job
	0  -  Run Bytes Received By Job
	0  -  Total Bytes Sent By Job
	0  -  Total Bytes Received By Job
	Partitionable Resources :    Usage  Request Allocated
	   Cpus                 :                 2         2
	   Disk (KB)            :        1        1   5108749
	   Memory (MB)          :     1245        1         1
...
