000 (28498.000.000) 02/26 16:56:19 Job submitted from host: <134.76.239.76:15915?addrs=134.76.239.76-15915>
...
001 (28498.000.000) 02/26 16:56:32 Job executing on host: <134.76.239.81:12597?addrs=134.76.239.81-12597>
...
006 (28498.000.000) 02/26 16:56:47 Image size of job updated: 65712
	4  -  MemoryUsage of job (MB)
	3260  -  ResidentSetSize of job (KB)
...
006 (28498.000.000) 02/26 17:01:47 Image size of job updated: 1071452
	931  -  MemoryUsage of job (MB)
	952412  -  ResidentSetSize of job (KB)
...
006 (28498.000.000) 02/26 17:06:48 Image size of job updated: 1071924
	931  -  MemoryUsage of job (MB)
	952504  -  ResidentSetSize of job (KB)
...
006 (28498.000.000) 02/26 17:11:48 Image size of job updated: 1079900
	931  -  MemoryUsage of job (MB)
	952504  -  ResidentSetSize of job (KB)
...
006 (28498.000.000) 02/26 17:16:48 Image size of job updated: 1235024
	1089  -  MemoryUsage of job (MB)
	1114312  -  ResidentSetSize of job (KB)
...
