000 (20336.000.000) 02/24 21:34:52 Job submitted from host: <134.76.239.76:13753?addrs=134.76.239.76-13753>
...
001 (20336.000.000) 02/24 23:58:39 Job executing on host: <134.76.239.78:21556?addrs=134.76.239.78-21556>
...
006 (20336.000.000) 02/24 23:58:47 Image size of job updated: 45168
	5  -  MemoryUsage of job (MB)
	4296  -  ResidentSetSize of job (KB)
...
006 (20336.000.000) 02/25 00:03:47 Image size of job updated: 1143756
	934  -  MemoryUsage of job (MB)
	956124  -  ResidentSetSize of job (KB)
...
006 (20336.000.000) 02/25 00:08:48 Image size of job updated: 1145404
	934  -  MemoryUsage of job (MB)
	956124  -  ResidentSetSize of job (KB)
...
006 (20336.000.000) 02/25 00:18:48 Image size of job updated: 1244244
	1074  -  MemoryUsage of job (MB)
	1099632  -  ResidentSetSize of job (KB)
...
006 (20336.000.000) 02/25 00:28:50 Image size of job updated: 1310232
	1136  -  MemoryUsage of job (MB)
	1162792  -  ResidentSetSize of job (KB)
...
006 (20336.000.000) 02/25 00:33:50 Image size of job updated: 1310548
	1136  -  MemoryUsage of job (MB)
	1163192  -  ResidentSetSize of job (KB)
...
006 (20336.000.000) 02/25 00:38:50 Image size of job updated: 1435232
	1280  -  MemoryUsage of job (MB)
	1310532  -  ResidentSetSize of job (KB)
...
006 (20336.000.000) 02/25 00:43:51 Image size of job updated: 1459768
	1305  -  MemoryUsage of job (MB)
	1335404  -  ResidentSetSize of job (KB)
...
006 (20336.000.000) 02/25 00:48:51 Image size of job updated: 1459768
	1306  -  MemoryUsage of job (MB)
	1336916  -  ResidentSetSize of job (KB)
...
006 (20336.000.000) 02/25 00:53:51 Image size of job updated: 1525304
	1307  -  MemoryUsage of job (MB)
	1337400  -  ResidentSetSize of job (KB)
...
006 (20336.000.000) 02/25 00:58:52 Image size of job updated: 1623448
	1403  -  MemoryUsage of job (MB)
	1435792  -  ResidentSetSize of job (KB)
...
006 (20336.000.000) 02/25 01:03:52 Image size of job updated: 1625532
	1403  -  MemoryUsage of job (MB)
	1435792  -  ResidentSetSize of job (KB)
...
006 (20336.000.000) 02/25 03:21:18 Image size of job updated: 8519104
	1403  -  MemoryUsage of job (MB)
	1435792  -  ResidentSetSize of job (KB)
...
005 (20336.000.000) 02/25 03:21:18 Job terminated.
	(1) Normal termination (return value 0)
		Usr 0 05:38:27, Sys 0 00:01:18  -  Run Remote Usage
		Usr 0 00:00:00, Sys 0 00:00:00  -  Run Local Usage
		Usr 0 05:38:27, Sys 0 00:01:18  -  Total Remote Usage
		Usr 0 00:00:00, Sys 0 00:00:00  -  Total Local Usage
	0  -  Run Bytes Sent By Job
	0  -  Run Bytes Received By Job
	0  -  Total Bytes Sent By Job
	0  -  Total Bytes Received By Job
	Partitionable Resources :    Usage  Request Allocated
	   Cpus                 :                 2         2
	   Disk (KB)            :        1        1   5108782
	   Memory (MB)          :     1403        1         1
...
