000 (20538.000.000) 02/24 21:35:03 Job submitted from host: <134.76.239.76:13753?addrs=134.76.239.76-13753>
...
001 (20538.000.000) 02/25 02:08:41 Job executing on host: <134.76.239.78:21556?addrs=134.76.239.78-21556>
...
006 (20538.000.000) 02/25 02:08:50 Image size of job updated: 682836
	447  -  MemoryUsage of job (MB)
	457500  -  ResidentSetSize of job (KB)
...
006 (20538.000.000) 02/25 02:13:51 Image size of job updated: 1145664
	933  -  MemoryUsage of job (MB)
	954532  -  ResidentSetSize of job (KB)
...
006 (20538.000.000) 02/25 02:18:52 Image size of job updated: 1147108
	933  -  MemoryUsage of job (MB)
	954532  -  ResidentSetSize of job (KB)
...
006 (20538.000.000) 02/25 02:38:54 Image size of job updated: 1147108
	978  -  MemoryUsage of job (MB)
	1001048  -  ResidentSetSize of job (KB)
...
006 (20538.000.000) 02/25 02:43:55 Image size of job updated: 1147108
	978  -  MemoryUsage of job (MB)
	1001052  -  ResidentSetSize of job (KB)
...
006 (20538.000.000) 02/25 02:58:56 Image size of job updated: 1147108
	978  -  MemoryUsage of job (MB)
	1001060  -  ResidentSetSize of job (KB)
...
006 (20538.000.000) 02/25 03:08:58 Image size of job updated: 1307668
	1135  -  MemoryUsage of job (MB)
	1161484  -  ResidentSetSize of job (KB)
...
006 (20538.000.000) 02/25 03:44:01 Image size of job updated: 1307668
	1135  -  MemoryUsage of job (MB)
	1161756  -  ResidentSetSize of job (KB)
...
006 (20538.000.000) 02/25 04:04:03 Image size of job updated: 1307668
	1135  -  MemoryUsage of job (MB)
	1161792  -  ResidentSetSize of job (KB)
...
006 (20538.000.000) 02/25 04:19:05 Image size of job updated: 1494152
	1279  -  MemoryUsage of job (MB)
	1309056  -  ResidentSetSize of job (KB)
...
006 (20538.000.000) 02/25 04:34:06 Image size of job updated: 1494776
	1280  -  MemoryUsage of job (MB)
	1310012  -  ResidentSetSize of job (KB)
...
006 (20538.000.000) 02/25 04:39:06 Image size of job updated: 1494776
	1280  -  MemoryUsage of job (MB)
	1310516  -  ResidentSetSize of job (KB)
...
006 (20538.000.000) 02/25 04:44:07 Image size of job updated: 1494776
	1280  -  MemoryUsage of job (MB)
	1310524  -  ResidentSetSize of job (KB)
...
006 (20538.000.000) 02/25 05:29:10 Image size of job updated: 1494776
	1281  -  MemoryUsage of job (MB)
	1310848  -  ResidentSetSize of job (KB)
...
006 (20538.000.000) 02/25 08:09:28 Image size of job updated: 1494884
	1281  -  MemoryUsage of job (MB)
	1310848  -  ResidentSetSize of job (KB)
...
006 (20538.000.000) 02/25 08:49:32 Image size of job updated: 1495060
	1281  -  MemoryUsage of job (MB)
	1310848  -  ResidentSetSize of job (KB)
...
004 (20538.000.000) 02/25 10:08:52 Job was evicted.
	(0) Job was not checkpointed.
		Usr 0 13:17:07, Sys 0 00:03:10  -  Run Remote Usage
		Usr 0 00:00:00, Sys 0 00:00:00  -  Run Local Usage
	0  -  Run Bytes Sent By Job
	0  -  Run Bytes Received By Job
	Partitionable Resources :    Usage  Request Allocated
	   Cpus                 :                 2         2
	   Disk (KB)            :        1        1   5108770
	   Memory (MB)          :     1281        1         1
...
001 (20538.000.000) 02/25 10:10:17 Job executing on host: <134.76.239.88:25067?addrs=134.76.239.88-25067>
...
004 (20538.000.000) 02/25 10:49:48 Job was evicted.
	(0) Job was not checkpointed.
		Usr 0 01:09:37, Sys 0 00:00:12  -  Run Remote Usage
		Usr 0 00:00:00, Sys 0 00:00:00  -  Run Local Usage
	0  -  Run Bytes Sent By Job
	0  -  Run Bytes Received By Job
	Partitionable Resources :    Usage  Request Allocated
	   Cpus                 :                 2         2
	   Disk (KB)            :        1        1   5108602
	   Memory (MB)          :     1465     1465      1465
...
001 (20538.000.000) 02/25 10:50:42 Job executing on host: <134.76.239.78:21556?addrs=134.76.239.78-21556>
...
004 (20538.000.000) 02/25 10:52:28 Job was evicted.
	(0) Job was not checkpointed.
		Usr 0 00:02:25, Sys 0 00:00:02  -  Run Remote Usage
		Usr 0 00:00:00, Sys 0 00:00:00  -  Run Local Usage
	0  -  Run Bytes Sent By Job
	0  -  Run Bytes Received By Job
	Partitionable Resources :    Usage  Request Allocated
	   Cpus                 :                 2         2
	   Disk (KB)            :        1        1   5108647
	   Memory (MB)          :     1465     1465      1465
...
001 (20538.000.000) 02/25 10:54:27 Job executing on host: <134.76.239.89:24193?addrs=134.76.239.89-24193>
...
004 (20538.000.000) 02/25 11:04:25 Job was evicted.
	(0) Job was not checkpointed.
		Usr 0 00:16:35, Sys 0 00:00:06  -  Run Remote Usage
		Usr 0 00:00:00, Sys 0 00:00:00  -  Run Local Usage
	0  -  Run Bytes Sent By Job
	0  -  Run Bytes Received By Job
	Partitionable Resources :    Usage  Request Allocated
	   Cpus                 :                 2         2
	   Disk (KB)            :        1        1   5108669
	   Memory (MB)          :     1465     1465      1465
...
001 (20538.000.000) 02/25 11:06:25 Job executing on host: <134.76.239.90:23525?addrs=134.76.239.90-23525>
...
004 (20538.000.000) 02/25 11:08:07 Job was evicted.
	(0) Job was not checkpointed.
		Usr 0 00:02:16, Sys 0 00:00:01  -  Run Remote Usage
		Usr 0 00:00:00, Sys 0 00:00:00  -  Run Local Usage
	0  -  Run Bytes Sent By Job
	0  -  Run Bytes Received By Job
	Partitionable Resources :    Usage  Request Allocated
	   Cpus                 :                 2         2
	   Disk (KB)            :        1        1   5108670
	   Memory (MB)          :     1465     1465      1465
...
001 (20538.000.000) 02/25 11:11:05 Job executing on host: <134.76.239.88:25067?addrs=134.76.239.88-25067>
...
