DATE: 2016-02-25
TIME: 13:23:13
                                         version_number        8118
 read inlist_1.0
 create pre-main-sequence model
                                                species           8
 abundances
                                                     h1    7.3960899999999996D-01
                                                    he3    2.5962360333939390D-05
                                                    he4    2.4393503763966606D-01
                                                    c12    2.8272831167820986D-03
                                                    n14    8.2820224622627233D-04
                                                    o16    7.6896068894085077D-03
                                                   ne20    1.7247063486766228D-03
                                                   mg24    3.3602013989065538D-03


                                        relax_num_steps


                               finished relax_num_steps

 new_lnPgas_flag T
                                        relax_initial_Z    1.6430000000000000D-02
                                                  new z    1.6429999999999580D-02
                                        relax_initial_Y    2.4396100000000001D-01
                                                  new y    2.4396100000000012D-01
 net name basic.net
 do_element_diffusion T
 lnPgas_flag T
 kappa_file_prefix gs98
 kappa_lowT_prefix lowT_fa05_gs98
   eos_file_prefix mesa
                                        OMP_NUM_THREADS           2


