000 (20782.000.000) 02/24 21:35:16 Job submitted from host: <134.76.239.76:13753?addrs=134.76.239.76-13753>
...
001 (20782.000.000) 02/25 04:55:47 Job executing on host: <134.76.239.85:29523?addrs=134.76.239.85-29523>
...
006 (20782.000.000) 02/25 04:55:56 Image size of job updated: 1
	3  -  MemoryUsage of job (MB)
	2068  -  ResidentSetSize of job (KB)
...
006 (20782.000.000) 02/25 05:00:57 Image size of job updated: 1144976
	924  -  MemoryUsage of job (MB)
	945988  -  ResidentSetSize of job (KB)
...
006 (20782.000.000) 02/25 05:05:57 Image size of job updated: 1145496
	924  -  MemoryUsage of job (MB)
	945988  -  ResidentSetSize of job (KB)
...
006 (20782.000.000) 02/25 05:20:58 Image size of job updated: 1243228
	1073  -  MemoryUsage of job (MB)
	1097952  -  ResidentSetSize of job (KB)
...
006 (20782.000.000) 02/25 05:25:58 Image size of job updated: 1243848
	1073  -  MemoryUsage of job (MB)
	1098576  -  ResidentSetSize of job (KB)
...
022 (20782.000.000) 02/25 05:32:24 Job disconnected, attempting to reconnect
    Socket between submit and execute hosts closed unexpectedly
    Trying to reconnect to slot1@seismo25.mps.mpg.de <134.76.239.85:29523?addrs=134.76.239.85-29523>
...
024 (20782.000.000) 02/25 06:12:27 Job reconnection failed
    Job disconnected too long: JobLeaseDuration (2400 seconds) expired
    Can not reconnect to slot1@seismo25.mps.mpg.de, rescheduling job
...
001 (20782.000.000) 02/25 06:21:48 Job executing on host: <134.76.239.89:24193?addrs=134.76.239.89-24193>
...
006 (20782.000.000) 02/25 07:07:01 Image size of job updated: 1437204
	1222  -  MemoryUsage of job (MB)
	1250936  -  ResidentSetSize of job (KB)
...
006 (20782.000.000) 02/25 07:12:01 Image size of job updated: 1461740
	1247  -  MemoryUsage of job (MB)
	1275996  -  ResidentSetSize of job (KB)
...
006 (20782.000.000) 02/25 07:17:01 Image size of job updated: 1461740
	1249  -  MemoryUsage of job (MB)
	1278712  -  ResidentSetSize of job (KB)
...
006 (20782.000.000) 02/25 07:27:03 Image size of job updated: 1463912
	1249  -  MemoryUsage of job (MB)
	1278712  -  ResidentSetSize of job (KB)
...
006 (20782.000.000) 02/25 08:12:08 Image size of job updated: 1476792
	1249  -  MemoryUsage of job (MB)
	1278712  -  ResidentSetSize of job (KB)
...
006 (20782.000.000) 02/25 08:22:09 Image size of job updated: 1476800
	1249  -  MemoryUsage of job (MB)
	1278712  -  ResidentSetSize of job (KB)
...
006 (20782.000.000) 02/25 08:57:12 Image size of job updated: 1476800
	1252  -  MemoryUsage of job (MB)
	1281600  -  ResidentSetSize of job (KB)
...
006 (20782.000.000) 02/25 09:02:13 Image size of job updated: 1476800
	1253  -  MemoryUsage of job (MB)
	1282216  -  ResidentSetSize of job (KB)
...
006 (20782.000.000) 02/25 09:47:18 Image size of job updated: 1476800
	1257  -  MemoryUsage of job (MB)
	1286376  -  ResidentSetSize of job (KB)
...
006 (20782.000.000) 02/25 09:52:18 Image size of job updated: 1476800
	1257  -  MemoryUsage of job (MB)
	1286692  -  ResidentSetSize of job (KB)
...
004 (20782.000.000) 02/25 09:57:09 Job was evicted.
	(0) Job was not checkpointed.
		Usr 0 06:12:14, Sys 0 00:01:41  -  Run Remote Usage
		Usr 0 00:00:00, Sys 0 00:00:00  -  Run Local Usage
	0  -  Run Bytes Sent By Job
	0  -  Run Bytes Received By Job
	Partitionable Resources :    Usage  Request Allocated
	   Cpus                 :                 2         2
	   Disk (KB)            :        1        1   5108764
	   Memory (MB)          :     1257     1221      1221
...
001 (20782.000.000) 02/25 09:58:48 Job executing on host: <134.76.239.86:20177?addrs=134.76.239.86-20177>
...
004 (20782.000.000) 02/25 09:59:08 Job was evicted.
	(0) Job was not checkpointed.
		Usr 0 00:00:00, Sys 0 00:00:00  -  Run Remote Usage
		Usr 0 00:00:00, Sys 0 00:00:00  -  Run Local Usage
	0  -  Run Bytes Sent By Job
	0  -  Run Bytes Received By Job
	Partitionable Resources :    Usage  Request Allocated
	   Cpus                 :                 2         2
	   Disk (KB)            :        1        1   5108659
	   Memory (MB)          :     1465     1465      1465
...
001 (20782.000.000) 02/25 09:59:30 Job executing on host: <134.76.239.86:20177?addrs=134.76.239.86-20177>
...
004 (20782.000.000) 02/25 10:09:31 Job was evicted.
	(0) Job was not checkpointed.
		Usr 0 00:14:34, Sys 0 00:00:05  -  Run Remote Usage
		Usr 0 00:00:00, Sys 0 00:00:00  -  Run Local Usage
	0  -  Run Bytes Sent By Job
	0  -  Run Bytes Received By Job
	Partitionable Resources :    Usage  Request Allocated
	   Cpus                 :                 2         2
	   Disk (KB)            :        1        1   5108667
	   Memory (MB)          :     1465     1465      1465
...
001 (20782.000.000) 02/25 10:11:12 Job executing on host: <134.76.239.78:21556?addrs=134.76.239.78-21556>
...
004 (20782.000.000) 02/25 10:49:46 Job was evicted.
	(0) Job was not checkpointed.
		Usr 0 01:07:51, Sys 0 00:00:21  -  Run Remote Usage
		Usr 0 00:00:00, Sys 0 00:00:00  -  Run Local Usage
	0  -  Run Bytes Sent By Job
	0  -  Run Bytes Received By Job
	Partitionable Resources :    Usage  Request Allocated
	   Cpus                 :                 2         2
	   Disk (KB)            :        1        1   5108644
	   Memory (MB)          :     1465     1465      1465
...
001 (20782.000.000) 02/25 10:50:43 Job executing on host: <134.76.239.80:23833?addrs=134.76.239.80-23833>
...
004 (20782.000.000) 02/25 10:52:27 Job was evicted.
	(0) Job was not checkpointed.
		Usr 0 00:02:24, Sys 0 00:00:01  -  Run Remote Usage
		Usr 0 00:00:00, Sys 0 00:00:00  -  Run Local Usage
	0  -  Run Bytes Sent By Job
	0  -  Run Bytes Received By Job
	Partitionable Resources :    Usage  Request Allocated
	   Cpus                 :                 2         2
	   Disk (KB)            :        1        1   5045689
	   Memory (MB)          :     1465     1465      1465
...
001 (20782.000.000) 02/25 10:54:27 Job executing on host: <134.76.239.78:21556?addrs=134.76.239.78-21556>
...
004 (20782.000.000) 02/25 11:04:25 Job was evicted.
	(0) Job was not checkpointed.
		Usr 0 00:17:00, Sys 0 00:00:05  -  Run Remote Usage
		Usr 0 00:00:00, Sys 0 00:00:00  -  Run Local Usage
	0  -  Run Bytes Sent By Job
	0  -  Run Bytes Received By Job
	Partitionable Resources :    Usage  Request Allocated
	   Cpus                 :                 2         2
	   Disk (KB)            :        1        1   5108651
	   Memory (MB)          :     1465     1465      1465
...
001 (20782.000.000) 02/25 11:06:25 Job executing on host: <134.76.239.91:19968?addrs=134.76.239.91-19968>
...
004 (20782.000.000) 02/25 11:08:07 Job was evicted.
	(0) Job was not checkpointed.
		Usr 0 00:02:19, Sys 0 00:00:01  -  Run Remote Usage
		Usr 0 00:00:00, Sys 0 00:00:00  -  Run Local Usage
	0  -  Run Bytes Sent By Job
	0  -  Run Bytes Received By Job
	Partitionable Resources :    Usage  Request Allocated
	   Cpus                 :                 2         2
	   Disk (KB)            :        1        1   5108558
	   Memory (MB)          :     1465     1465      1465
...
001 (20782.000.000) 02/25 11:11:08 Job executing on host: <134.76.239.79:12046?addrs=134.76.239.79-12046>
...
