000 (20132.000.000) 02/24 21:34:41 Job submitted from host: <134.76.239.76:13753?addrs=134.76.239.76-13753>
...
001 (20132.000.000) 02/24 21:35:01 Job executing on host: <134.76.239.89:24193?addrs=134.76.239.89-24193>
...
006 (20132.000.000) 02/24 21:35:10 Image size of job updated: 65712
	4  -  MemoryUsage of job (MB)
	4036  -  ResidentSetSize of job (KB)
...
006 (20132.000.000) 02/24 21:40:10 Image size of job updated: 1138460
	918  -  MemoryUsage of job (MB)
	939644  -  ResidentSetSize of job (KB)
...
006 (20132.000.000) 02/24 21:45:10 Image size of job updated: 1145456
	918  -  MemoryUsage of job (MB)
	939644  -  ResidentSetSize of job (KB)
...
006 (20132.000.000) 02/24 22:05:12 Image size of job updated: 1312136
	1124  -  MemoryUsage of job (MB)
	1150012  -  ResidentSetSize of job (KB)
...
006 (20132.000.000) 02/24 22:10:13 Image size of job updated: 1312136
	1124  -  MemoryUsage of job (MB)
	1150080  -  ResidentSetSize of job (KB)
...
006 (20132.000.000) 02/24 22:15:13 Image size of job updated: 1314220
	1126  -  MemoryUsage of job (MB)
	1152180  -  ResidentSetSize of job (KB)
...
006 (20132.000.000) 02/24 22:20:14 Image size of job updated: 1387828
	1198  -  MemoryUsage of job (MB)
	1226072  -  ResidentSetSize of job (KB)
...
006 (20132.000.000) 02/24 22:30:15 Image size of job updated: 1508776
	1342  -  MemoryUsage of job (MB)
	1373676  -  ResidentSetSize of job (KB)
...
006 (20132.000.000) 02/24 22:40:16 Image size of job updated: 1574312
	1343  -  MemoryUsage of job (MB)
	1374460  -  ResidentSetSize of job (KB)
...
006 (20132.000.000) 02/24 22:45:16 Image size of job updated: 1574312
	1343  -  MemoryUsage of job (MB)
	1374500  -  ResidentSetSize of job (KB)
...
006 (20132.000.000) 02/24 22:50:16 Image size of job updated: 1623384
	1343  -  MemoryUsage of job (MB)
	1374500  -  ResidentSetSize of job (KB)
...
006 (20132.000.000) 02/24 23:25:20 Image size of job updated: 1623384
	1344  -  MemoryUsage of job (MB)
	1376120  -  ResidentSetSize of job (KB)
...
006 (20132.000.000) 02/24 23:30:21 Image size of job updated: 1623384
	1345  -  MemoryUsage of job (MB)
	1376456  -  ResidentSetSize of job (KB)
...
006 (20132.000.000) 02/24 23:35:22 Image size of job updated: 1623384
	1345  -  MemoryUsage of job (MB)
	1377136  -  ResidentSetSize of job (KB)
...
006 (20132.000.000) 02/24 23:40:22 Image size of job updated: 1623384
	1394  -  MemoryUsage of job (MB)
	1426472  -  ResidentSetSize of job (KB)
...
005 (20132.000.000) 02/25 00:55:14 Job terminated.
	(1) Normal termination (return value 0)
		Usr 0 04:51:03, Sys 0 00:01:54  -  Run Remote Usage
		Usr 0 00:00:00, Sys 0 00:00:00  -  Run Local Usage
		Usr 0 04:51:03, Sys 0 00:01:54  -  Total Remote Usage
		Usr 0 00:00:00, Sys 0 00:00:00  -  Total Local Usage
	0  -  Run Bytes Sent By Job
	0  -  Run Bytes Received By Job
	0  -  Total Bytes Sent By Job
	0  -  Total Bytes Received By Job
	Partitionable Resources :    Usage  Request Allocated
	   Cpus                 :                 2         2
	   Disk (KB)            :        1        1   5108878
	   Memory (MB)          :     1394        1         1
...
