DATE: 2016-02-26
TIME: 16:59:22
                                         version_number        8118
 read inlist_1.0
 create pre-main-sequence model
                                                species           8
 abundances
                                                     h1    7.0436700000000008D-01
                                                    he3    3.1398193944628356D-05
                                                    he4    2.9500860180605543D-01
                                                    c12    1.0204375461058823D-04
                                                    n14    2.9891900913708600D-05
                                                    o16    2.7753724196103076D-04
                                                   ne20    6.2248987508542147D-05
                                                   mg24    1.2127811500619604D-04


                                        relax_num_steps


                               finished relax_num_steps

 new_lnPgas_flag T
                                        relax_initial_Z    5.9299999999999999D-04
                                                  new z    5.9299999999885909D-04
                                        relax_initial_Y    2.9504000000000002D-01
                                                  new y    2.9504000000000008D-01
 net name basic.net
 do_element_diffusion T
 lnPgas_flag T
 kappa_file_prefix gs98
 kappa_lowT_prefix lowT_fa05_gs98
   eos_file_prefix mesa
                                        OMP_NUM_THREADS           1



stop because Lnuc_div_L >= Lnuc_div_L_zams_limit
    0.1002969959E+01    0.9990000000E+00

        950   7.295687   9818.409   0.878266   0.878266   1.341904   1.341904   0.703557   0.000149   0.294743   0.704218  -1.971028    896      0
   5.445050   2.043419  -0.022077 -38.978497  -0.642002 -99.000000   0.000000   0.295834   0.000277   0.000592   0.295185   0.060975      2      0
 7.6815E+06  17.470909   0.876978 -15.051500   3.152624  -8.776935   0.000000   0.000001   0.000062  6.098E-04  5.965E-04 -0.109E-10  max increase

save photos/x950 for model 950
save final_profile.data write fgong_plot.data
                               s% atm_structure_num_pts          41
save final_profile.data.FGONG    950
 final_profile.data.FGONG for model 950
 saved to zams.mod
termination code: Lnuc_div_L_zams_limit

       runtime, prev time, retries, backups, steps         8.6        28.2         0         0       950
        950   7.295687   9818.409   0.878266   0.878266   1.341904   1.341904   0.703557   0.000149   0.294743   0.704218  -1.971028    896      0
   5.445050   2.043419  -0.022077 -38.978497  -0.642002 -99.000000   0.000000   0.295834   0.000277   0.000592   0.295185   0.060975      2      0
 7.6815E+06  17.470909   0.876978 -15.051500   3.152624  -8.776935   0.000000   0.000001   0.000062  6.098E-04  5.965E-04 -0.109E-10  max increase

DATE: 2016-02-26
TIME: 17:10:04
DATE: 2016-02-26
TIME: 17:10:04
                                         version_number        8118
 read inlist_1.0
load saved model zams.mod

 new_lnPgas_flag T
 net name basic.net
 do_element_diffusion T
 lnPgas_flag T
                       which_atm_option: Eddington_grey
 kappa_file_prefix gs98
 kappa_lowT_prefix lowT_fa05_gs98
   eos_file_prefix mesa
                                        OMP_NUM_THREADS           1


__________________________________________________________________________________________________________________________________________________

       step    lg_Tcntr    Teff       lg_LH     lg_Lnuc     Mass       H_rich     H_cntr     N_cntr     Y_surf     X_avg     eta_cntr  zones retry
   lg_dt_yr    lg_Dcntr    lg_R       lg_L3a    lg_Lneu     lg_Mdot    He_core    He_cntr    O_cntr     Z_surf     Y_avg     gam_cntr  iters bckup
     age_yr    lg_Pcntr    lg_L       lg_LZ     lg_Psurf    lg_Dsurf   C_core     C_cntr     Ne_cntr    Z_cntr     Z_avg     v_div_cs     dt_limit
__________________________________________________________________________________________________________________________________________________

