000 (20344.000.000) 02/24 21:34:53 Job submitted from host: <134.76.239.76:13753?addrs=134.76.239.76-13753>
...
001 (20344.000.000) 02/25 00:03:40 Job executing on host: <134.76.239.86:20177?addrs=134.76.239.86-20177>
...
006 (20344.000.000) 02/25 00:03:48 Image size of job updated: 1
	3  -  MemoryUsage of job (MB)
	2064  -  ResidentSetSize of job (KB)
...
006 (20344.000.000) 02/25 00:08:48 Image size of job updated: 1143960
	936  -  MemoryUsage of job (MB)
	957872  -  ResidentSetSize of job (KB)
...
006 (20344.000.000) 02/25 00:13:49 Image size of job updated: 1145588
	936  -  MemoryUsage of job (MB)
	957872  -  ResidentSetSize of job (KB)
...
006 (20344.000.000) 02/25 00:28:51 Image size of job updated: 1243520
	1064  -  MemoryUsage of job (MB)
	1089380  -  ResidentSetSize of job (KB)
...
006 (20344.000.000) 02/25 00:33:52 Image size of job updated: 1246632
	1066  -  MemoryUsage of job (MB)
	1091452  -  ResidentSetSize of job (KB)
...
006 (20344.000.000) 02/25 00:38:52 Image size of job updated: 1246632
	1068  -  MemoryUsage of job (MB)
	1092640  -  ResidentSetSize of job (KB)
...
006 (20344.000.000) 02/25 00:43:52 Image size of job updated: 1459684
	1238  -  MemoryUsage of job (MB)
	1267208  -  ResidentSetSize of job (KB)
...
006 (20344.000.000) 02/25 00:48:53 Image size of job updated: 1459684
	1238  -  MemoryUsage of job (MB)
	1267544  -  ResidentSetSize of job (KB)
...
006 (20344.000.000) 02/25 00:53:54 Image size of job updated: 1459684
	1238  -  MemoryUsage of job (MB)
	1267548  -  ResidentSetSize of job (KB)
...
006 (20344.000.000) 02/25 00:58:54 Image size of job updated: 1459684
	1239  -  MemoryUsage of job (MB)
	1267864  -  ResidentSetSize of job (KB)
...
006 (20344.000.000) 02/25 01:03:55 Image size of job updated: 1459684
	1239  -  MemoryUsage of job (MB)
	1268184  -  ResidentSetSize of job (KB)
...
006 (20344.000.000) 02/25 01:08:56 Image size of job updated: 1459692
	1239  -  MemoryUsage of job (MB)
	1268184  -  ResidentSetSize of job (KB)
...
006 (20344.000.000) 02/25 01:43:59 Image size of job updated: 1459692
	1245  -  MemoryUsage of job (MB)
	1274592  -  ResidentSetSize of job (KB)
...
006 (20344.000.000) 02/25 01:48:59 Image size of job updated: 1459692
	1245  -  MemoryUsage of job (MB)
	1274596  -  ResidentSetSize of job (KB)
...
006 (20344.000.000) 02/25 01:54:00 Image size of job updated: 1459692
	1246  -  MemoryUsage of job (MB)
	1274916  -  ResidentSetSize of job (KB)
...
006 (20344.000.000) 02/25 01:59:01 Image size of job updated: 1459692
	1246  -  MemoryUsage of job (MB)
	1275252  -  ResidentSetSize of job (KB)
...
006 (20344.000.000) 02/25 03:16:22 Image size of job updated: 8887720
	1246  -  MemoryUsage of job (MB)
	1275252  -  ResidentSetSize of job (KB)
...
005 (20344.000.000) 02/25 03:16:22 Job terminated.
	(1) Normal termination (return value 0)
		Usr 0 05:22:03, Sys 0 00:00:52  -  Run Remote Usage
		Usr 0 00:00:00, Sys 0 00:00:00  -  Run Local Usage
		Usr 0 05:22:03, Sys 0 00:00:52  -  Total Remote Usage
		Usr 0 00:00:00, Sys 0 00:00:00  -  Total Local Usage
	0  -  Run Bytes Sent By Job
	0  -  Run Bytes Received By Job
	0  -  Total Bytes Sent By Job
	0  -  Total Bytes Received By Job
	Partitionable Resources :    Usage  Request Allocated
	   Cpus                 :                 2         2
	   Disk (KB)            :        1        1   5108746
	   Memory (MB)          :     1246        1         1
...
