000 (20440.000.000) 02/24 21:34:59 Job submitted from host: <134.76.239.76:13753?addrs=134.76.239.76-13753>
...
001 (20440.000.000) 02/25 01:04:40 Job executing on host: <134.76.239.87:13734?addrs=134.76.239.87-13734>
...
006 (20440.000.000) 02/25 01:04:49 Image size of job updated: 827408
	628  -  MemoryUsage of job (MB)
	642248  -  ResidentSetSize of job (KB)
...
006 (20440.000.000) 02/25 01:09:50 Image size of job updated: 1144076
	935  -  MemoryUsage of job (MB)
	956896  -  ResidentSetSize of job (KB)
...
006 (20440.000.000) 02/25 01:14:51 Image size of job updated: 1147176
	935  -  MemoryUsage of job (MB)
	956896  -  ResidentSetSize of job (KB)
...
006 (20440.000.000) 02/25 01:24:51 Image size of job updated: 1316304
	1080  -  MemoryUsage of job (MB)
	1105008  -  ResidentSetSize of job (KB)
...
006 (20440.000.000) 02/25 01:29:52 Image size of job updated: 1318500
	1082  -  MemoryUsage of job (MB)
	1107700  -  ResidentSetSize of job (KB)
...
006 (20440.000.000) 02/25 01:34:52 Image size of job updated: 1463984
	1251  -  MemoryUsage of job (MB)
	1280244  -  ResidentSetSize of job (KB)
...
006 (20440.000.000) 02/25 01:39:52 Image size of job updated: 1463984
	1251  -  MemoryUsage of job (MB)
	1280668  -  ResidentSetSize of job (KB)
...
006 (20440.000.000) 02/25 01:44:53 Image size of job updated: 1463984
	1251  -  MemoryUsage of job (MB)
	1280988  -  ResidentSetSize of job (KB)
...
006 (20440.000.000) 02/25 02:09:56 Image size of job updated: 1463984
	1253  -  MemoryUsage of job (MB)
	1282156  -  ResidentSetSize of job (KB)
...
006 (20440.000.000) 02/25 02:14:56 Image size of job updated: 1463984
	1253  -  MemoryUsage of job (MB)
	1282816  -  ResidentSetSize of job (KB)
...
006 (20440.000.000) 02/25 02:44:58 Image size of job updated: 1466080
	1254  -  MemoryUsage of job (MB)
	1283604  -  ResidentSetSize of job (KB)
...
006 (20440.000.000) 02/25 02:49:59 Image size of job updated: 1466080
	1254  -  MemoryUsage of job (MB)
	1283924  -  ResidentSetSize of job (KB)
...
006 (20440.000.000) 02/25 02:55:00 Image size of job updated: 1466088
	1254  -  MemoryUsage of job (MB)
	1283924  -  ResidentSetSize of job (KB)
...
006 (20440.000.000) 02/25 03:35:03 Image size of job updated: 1466088
	1255  -  MemoryUsage of job (MB)
	1285032  -  ResidentSetSize of job (KB)
...
006 (20440.000.000) 02/25 04:05:07 Image size of job updated: 1466088
	1256  -  MemoryUsage of job (MB)
	1285528  -  ResidentSetSize of job (KB)
...
006 (20440.000.000) 02/25 04:10:07 Image size of job updated: 1466088
	1256  -  MemoryUsage of job (MB)
	1285880  -  ResidentSetSize of job (KB)
...
006 (20440.000.000) 02/25 04:30:10 Image size of job updated: 1466088
	1257  -  MemoryUsage of job (MB)
	1286216  -  ResidentSetSize of job (KB)
...
006 (20440.000.000) 02/25 04:35:11 Image size of job updated: 1466088
	1257  -  MemoryUsage of job (MB)
	1286540  -  ResidentSetSize of job (KB)
...
005 (20440.000.000) 02/25 06:45:02 Job terminated.
	(1) Normal termination (return value 0)
		Usr 0 09:33:37, Sys 0 00:02:43  -  Run Remote Usage
		Usr 0 00:00:00, Sys 0 00:00:00  -  Run Local Usage
		Usr 0 09:33:37, Sys 0 00:02:43  -  Total Remote Usage
		Usr 0 00:00:00, Sys 0 00:00:00  -  Total Local Usage
	0  -  Run Bytes Sent By Job
	0  -  Run Bytes Received By Job
	0  -  Total Bytes Sent By Job
	0  -  Total Bytes Received By Job
	Partitionable Resources :    Usage  Request Allocated
	   Cpus                 :                 2         2
	   Disk (KB)            :        1        1   5108775
	   Memory (MB)          :     1257        1         1
...
