000 (20771.000.000) 02/24 21:35:15 Job submitted from host: <134.76.239.76:13753?addrs=134.76.239.76-13753>
...
001 (20771.000.000) 02/25 04:47:48 Job executing on host: <134.76.239.89:24193?addrs=134.76.239.89-24193>
...
006 (20771.000.000) 02/25 04:47:56 Image size of job updated: 827412
	622  -  MemoryUsage of job (MB)
	636044  -  ResidentSetSize of job (KB)
...
006 (20771.000.000) 02/25 04:52:56 Image size of job updated: 1143952
	926  -  MemoryUsage of job (MB)
	947260  -  ResidentSetSize of job (KB)
...
006 (20771.000.000) 02/25 04:57:57 Image size of job updated: 1147348
	926  -  MemoryUsage of job (MB)
	947260  -  ResidentSetSize of job (KB)
...
006 (20771.000.000) 02/25 05:02:58 Image size of job updated: 1291132
	1075  -  MemoryUsage of job (MB)
	1100068  -  ResidentSetSize of job (KB)
...
006 (20771.000.000) 02/25 05:07:58 Image size of job updated: 1364740
	1147  -  MemoryUsage of job (MB)
	1174020  -  ResidentSetSize of job (KB)
...
006 (20771.000.000) 02/25 05:12:58 Image size of job updated: 1485688
	1293  -  MemoryUsage of job (MB)
	1323412  -  ResidentSetSize of job (KB)
...
006 (20771.000.000) 02/25 05:17:59 Image size of job updated: 1485688
	1293  -  MemoryUsage of job (MB)
	1323744  -  ResidentSetSize of job (KB)
...
006 (20771.000.000) 02/25 05:22:59 Image size of job updated: 1485696
	1293  -  MemoryUsage of job (MB)
	1323744  -  ResidentSetSize of job (KB)
...
006 (20771.000.000) 02/25 05:38:01 Image size of job updated: 1485696
	1299  -  MemoryUsage of job (MB)
	1329164  -  ResidentSetSize of job (KB)
...
006 (20771.000.000) 02/25 05:43:01 Image size of job updated: 1524496
	1347  -  MemoryUsage of job (MB)
	1378560  -  ResidentSetSize of job (KB)
...
006 (20771.000.000) 02/25 07:08:10 Image size of job updated: 1533116
	1347  -  MemoryUsage of job (MB)
	1378560  -  ResidentSetSize of job (KB)
...
006 (20771.000.000) 02/25 07:43:13 Image size of job updated: 1535408
	1347  -  MemoryUsage of job (MB)
	1378560  -  ResidentSetSize of job (KB)
...
006 (20771.000.000) 02/25 07:48:14 Image size of job updated: 1536136
	1347  -  MemoryUsage of job (MB)
	1378560  -  ResidentSetSize of job (KB)
...
006 (20771.000.000) 02/25 07:53:15 Image size of job updated: 1585208
	1355  -  MemoryUsage of job (MB)
	1387044  -  ResidentSetSize of job (KB)
...
006 (20771.000.000) 02/25 07:58:15 Image size of job updated: 1585216
	1355  -  MemoryUsage of job (MB)
	1387044  -  ResidentSetSize of job (KB)
...
006 (20771.000.000) 02/25 08:28:18 Image size of job updated: 1585216
	1359  -  MemoryUsage of job (MB)
	1390608  -  ResidentSetSize of job (KB)
...
006 (20771.000.000) 02/25 09:13:21 Image size of job updated: 1593936
	1359  -  MemoryUsage of job (MB)
	1390608  -  ResidentSetSize of job (KB)
...
006 (20771.000.000) 02/25 09:43:23 Image size of job updated: 1602036
	1371  -  MemoryUsage of job (MB)
	1403832  -  ResidentSetSize of job (KB)
...
006 (20771.000.000) 02/25 10:28:29 Image size of job updated: 1602036
	1381  -  MemoryUsage of job (MB)
	1413208  -  ResidentSetSize of job (KB)
...
006 (20771.000.000) 02/25 11:18:35 Image size of job updated: 1603612
	1382  -  MemoryUsage of job (MB)
	1414244  -  ResidentSetSize of job (KB)
...
006 (20771.000.000) 02/25 11:23:35 Image size of job updated: 1603612
	1382  -  MemoryUsage of job (MB)
	1414600  -  ResidentSetSize of job (KB)
...
006 (20771.000.000) 02/25 11:28:36 Image size of job updated: 1603612
	1382  -  MemoryUsage of job (MB)
	1414628  -  ResidentSetSize of job (KB)
...
006 (20771.000.000) 02/25 11:33:36 Image size of job updated: 1603620
	1382  -  MemoryUsage of job (MB)
	1414628  -  ResidentSetSize of job (KB)
...
006 (20771.000.000) 02/25 12:33:42 Image size of job updated: 1617776
	1415  -  MemoryUsage of job (MB)
	1448084  -  ResidentSetSize of job (KB)
...
006 (20771.000.000) 02/25 12:38:43 Image size of job updated: 1617784
	1415  -  MemoryUsage of job (MB)
	1448164  -  ResidentSetSize of job (KB)
...
