DATE: 2016-02-26
TIME: 16:59:50
                                         version_number        8118
 read inlist_1.0
 create pre-main-sequence model
                                                species           8
 abundances
                                                     h1    6.7356199999999999D-01
                                                    he3    3.4243229590356706D-05
                                                    he4    3.2173975677040961D-01
                                                    c12    8.0258359444136738D-04
                                                    n14    2.3510257312229593D-04
                                                    o16    2.1828561492514406D-03
                                                   ne20    4.8959406026949143D-04
                                                   mg24    9.5386362291540600D-04


                                        relax_num_steps


                               finished relax_num_steps

 new_lnPgas_flag T
                                        relax_initial_Z    4.6639999999999997D-03
                                                  new z    4.6639999999992269D-03
                                        relax_initial_Y    3.2177400000000000D-01
                                                  new y    3.2177400000000045D-01
 net name basic.net
 do_element_diffusion T
 lnPgas_flag T
 kappa_file_prefix gs98
 kappa_lowT_prefix lowT_fa05_gs98
   eos_file_prefix mesa
                                        OMP_NUM_THREADS           1



stop because Lnuc_div_L >= Lnuc_div_L_zams_limit
    0.1001376522E+01    0.9990000000E+00

        962   7.312257   9354.616   0.967426   0.967426   1.463303   1.463303   0.672713   0.001169   0.168698   0.673326  -2.164900    884      0
   5.536441   1.995392   0.064878 -38.185177  -0.437586 -99.000000   0.000000   0.322491   0.002177   0.000999   0.321974   0.057455      2      0
 9.7276E+06  17.428535   0.966828 -14.750470   3.105780  -8.836820   0.000000   0.000006   0.000490  4.796E-03  4.700E-03 -0.414E-11  max increase

save photos/x962 for model 962
save final_profile.data write fgong_plot.data
                               s% atm_structure_num_pts          41
save final_profile.data.FGONG    962
 final_profile.data.FGONG for model 962
 saved to zams.mod
termination code: Lnuc_div_L_zams_limit

       runtime, prev time, retries, backups, steps         8.8        28.2         0         0       962
        962   7.312257   9354.616   0.967426   0.967426   1.463303   1.463303   0.672713   0.001169   0.168698   0.673326  -2.164900    884      0
   5.536441   1.995392   0.064878 -38.185177  -0.437586 -99.000000   0.000000   0.322491   0.002177   0.000999   0.321974   0.057455      2      0
 9.7276E+06  17.428535   0.966828 -14.750470   3.105780  -8.836820   0.000000   0.000006   0.000490  4.796E-03  4.700E-03 -0.414E-11  max increase

DATE: 2016-02-26
TIME: 17:10:20
DATE: 2016-02-26
TIME: 17:10:21
                                         version_number        8118
 read inlist_1.0
load saved model zams.mod

 new_lnPgas_flag T
 net name basic.net
 do_element_diffusion T
 lnPgas_flag T
                       which_atm_option: Eddington_grey
 kappa_file_prefix gs98
 kappa_lowT_prefix lowT_fa05_gs98
   eos_file_prefix mesa
                                        OMP_NUM_THREADS           1


__________________________________________________________________________________________________________________________________________________

       step    lg_Tcntr    Teff       lg_LH     lg_Lnuc     Mass       H_rich     H_cntr     N_cntr     Y_surf     X_avg     eta_cntr  zones retry
   lg_dt_yr    lg_Dcntr    lg_R       lg_L3a    lg_Lneu     lg_Mdot    He_core    He_cntr    O_cntr     Z_surf     Y_avg     gam_cntr  iters bckup
     age_yr    lg_Pcntr    lg_L       lg_LZ     lg_Psurf    lg_Dsurf   C_core     C_cntr     Ne_cntr    Z_cntr     Z_avg     v_div_cs     dt_limit
__________________________________________________________________________________________________________________________________________________

