000 (28206.000.000) 02/26 16:56:03 Job submitted from host: <134.76.239.76:15915?addrs=134.76.239.76-15915>
...
001 (28206.000.000) 02/26 16:56:08 Job executing on host: <134.76.239.79:28065?addrs=134.76.239.79-28065>
...
006 (28206.000.000) 02/26 16:56:19 Image size of job updated: 65708
	5  -  MemoryUsage of job (MB)
	4304  -  ResidentSetSize of job (KB)
...
006 (28206.000.000) 02/26 17:01:20 Image size of job updated: 1071208
	930  -  MemoryUsage of job (MB)
	951480  -  ResidentSetSize of job (KB)
...
006 (28206.000.000) 02/26 17:06:20 Image size of job updated: 1071816
	930  -  MemoryUsage of job (MB)
	951972  -  ResidentSetSize of job (KB)
...
006 (28206.000.000) 02/26 17:11:20 Image size of job updated: 1080488
	931  -  MemoryUsage of job (MB)
	952528  -  ResidentSetSize of job (KB)
...
006 (28206.000.000) 02/26 17:16:21 Image size of job updated: 1080488
	940  -  MemoryUsage of job (MB)
	961808  -  ResidentSetSize of job (KB)
...
