DATE: 2016-02-26
TIME: 16:59:36
                                         version_number        8118
 read inlist_1.0
 create pre-main-sequence model
                                                species           8
 abundances
                                                     h1    6.6529299999999991D-01
                                                    he3    3.4565895412076169D-05
                                                    he4    3.2477143410458786D-01
                                                    c12    1.7037693328824880D-03
                                                    n14    4.9908888861145717D-04
                                                    o16    4.6338890938547100D-03
                                                   ne20    1.0393376480978135D-03
                                                   mg24    2.0249150365534668D-03


                                        relax_num_steps


                               finished relax_num_steps

 new_lnPgas_flag T
                                        relax_initial_Z    9.9010000000000001D-03
                                                  new z    9.9010000000008397D-03
                                        relax_initial_Y    3.2480599999999998D-01
                                                  new y    3.2480599999999965D-01
 net name basic.net
 do_element_diffusion T
 lnPgas_flag T
 kappa_file_prefix gs98
 kappa_lowT_prefix lowT_fa05_gs98
   eos_file_prefix mesa
                                        OMP_NUM_THREADS           1



stop because Lnuc_div_L >= Lnuc_div_L_zams_limit
    0.9999460636E+00    0.9990000000E+00

        947   7.277063   7788.984   0.714501   0.714501   1.343661   1.343661   0.663924   0.002478   0.304425   0.664933  -2.082128    886      0
   5.890759   1.979692   0.097817 -39.860097  -0.774896 -99.000000   0.000000   0.325894   0.004628   0.008275   0.325093   0.061954      2      0
 1.8706E+07  17.374349   0.714525 -99.000000   3.869733  -7.830183   0.000000   0.000012   0.001039  1.018E-02  9.973E-03 -0.110E-11  max increase

save photos/x947 for model 947
save final_profile.data write fgong_plot.data
                               s% atm_structure_num_pts          44
save final_profile.data.FGONG    947
 final_profile.data.FGONG for model 947
 saved to zams.mod
termination code: Lnuc_div_L_zams_limit

       runtime, prev time, retries, backups, steps         8.8        28.2         0         0       947
        947   7.277063   7788.984   0.714501   0.714501   1.343661   1.343661   0.663924   0.002478   0.304425   0.664933  -2.082128    886      0
   5.890759   1.979692   0.097817 -39.860097  -0.774896 -99.000000   0.000000   0.325894   0.004628   0.008275   0.325093   0.061954      2      0
 1.8706E+07  17.374349   0.714525 -99.000000   3.869733  -7.830183   0.000000   0.000012   0.001039  1.018E-02  9.973E-03 -0.110E-11  max increase

DATE: 2016-02-26
TIME: 17:10:14
DATE: 2016-02-26
TIME: 17:10:15
                                         version_number        8118
 read inlist_1.0
load saved model zams.mod

 new_lnPgas_flag T
 net name basic.net
 do_element_diffusion T
 lnPgas_flag T
                       which_atm_option: Eddington_grey
 kappa_file_prefix gs98
 kappa_lowT_prefix lowT_fa05_gs98
   eos_file_prefix mesa
                                        OMP_NUM_THREADS           1


__________________________________________________________________________________________________________________________________________________

       step    lg_Tcntr    Teff       lg_LH     lg_Lnuc     Mass       H_rich     H_cntr     N_cntr     Y_surf     X_avg     eta_cntr  zones retry
   lg_dt_yr    lg_Dcntr    lg_R       lg_L3a    lg_Lneu     lg_Mdot    He_core    He_cntr    O_cntr     Z_surf     Y_avg     gam_cntr  iters bckup
     age_yr    lg_Pcntr    lg_L       lg_LZ     lg_Psurf    lg_Dsurf   C_core     C_cntr     Ne_cntr    Z_cntr     Z_avg     v_div_cs     dt_limit
__________________________________________________________________________________________________________________________________________________

        948   7.277103   7796.974   0.714705   0.714705   1.343661   1.343661   0.663781   0.002479   0.302138   0.664897  -2.082204    886      0
   5.969940   1.979760   0.096884 -39.857567  -0.774898 -99.000000   0.000000   0.326037   0.004627   0.008103   0.325129   0.061956      8      0
 1.9639E+07  17.374408   0.714441 -14.574379   4.323150  -7.383537   0.000000   0.000012   0.001039  1.018E-02  9.974E-03 -0.778E-11              

       retry log10(dt/yr), log10(dt), retry_factor     1  1028        5.397940       12.897052        0.500000
       retry log10(dt/yr), log10(dt), retry_factor     2  1028        5.096910       12.596022        0.500000
       retry log10(dt/yr), log10(dt), retry_factor     1  1029        4.875061       12.374173        0.500000
       retry log10(dt/yr), log10(dt), retry_factor     2  1029        4.574031       12.073143        0.500000
 have reached retry limit so now backup
       retry log10(dt/yr), log10(dt), retry_factor     1  1030        4.273001       11.772113        0.500000
       retry log10(dt/yr), log10(dt), retry_factor     2  1030        3.971971       11.471083        0.500000
