000 (20330.000.000) 02/24 21:34:52 Job submitted from host: <134.76.239.76:13753?addrs=134.76.239.76-13753>
...
001 (20330.000.000) 02/24 23:55:38 Job executing on host: <134.76.239.91:19968?addrs=134.76.239.91-19968>
...
006 (20330.000.000) 02/24 23:55:47 Image size of job updated: 202156
	51  -  MemoryUsage of job (MB)
	52156  -  ResidentSetSize of job (KB)
...
006 (20330.000.000) 02/25 00:00:48 Image size of job updated: 1146728
	937  -  MemoryUsage of job (MB)
	959488  -  ResidentSetSize of job (KB)
...
006 (20330.000.000) 02/25 00:05:48 Image size of job updated: 1147868
	937  -  MemoryUsage of job (MB)
	959488  -  ResidentSetSize of job (KB)
...
006 (20330.000.000) 02/25 00:55:53 Image size of job updated: 1242188
	1074  -  MemoryUsage of job (MB)
	1099420  -  ResidentSetSize of job (KB)
...
006 (20330.000.000) 02/25 01:30:57 Image size of job updated: 1242188
	1074  -  MemoryUsage of job (MB)
	1099752  -  ResidentSetSize of job (KB)
...
006 (20330.000.000) 02/25 01:45:59 Image size of job updated: 1242188
	1074  -  MemoryUsage of job (MB)
	1099756  -  ResidentSetSize of job (KB)
...
006 (20330.000.000) 02/25 02:11:01 Image size of job updated: 1428672
	1218  -  MemoryUsage of job (MB)
	1247032  -  ResidentSetSize of job (KB)
...
006 (20330.000.000) 02/25 02:26:03 Image size of job updated: 1428672
	1219  -  MemoryUsage of job (MB)
	1247360  -  ResidentSetSize of job (KB)
...
006 (20330.000.000) 02/25 02:31:04 Image size of job updated: 1428672
	1219  -  MemoryUsage of job (MB)
	1247768  -  ResidentSetSize of job (KB)
...
006 (20330.000.000) 02/25 02:36:04 Image size of job updated: 1428672
	1219  -  MemoryUsage of job (MB)
	1247864  -  ResidentSetSize of job (KB)
...
006 (20330.000.000) 02/25 02:41:04 Image size of job updated: 1428672
	1220  -  MemoryUsage of job (MB)
	1249020  -  ResidentSetSize of job (KB)
...
006 (20330.000.000) 02/25 02:51:06 Image size of job updated: 1428672
	1220  -  MemoryUsage of job (MB)
	1249024  -  ResidentSetSize of job (KB)
...
006 (20330.000.000) 02/25 05:01:19 Image size of job updated: 1428680
	1220  -  MemoryUsage of job (MB)
	1249024  -  ResidentSetSize of job (KB)
...
006 (20330.000.000) 02/25 07:20:04 Image size of job updated: 12532668
	1220  -  MemoryUsage of job (MB)
	1249024  -  ResidentSetSize of job (KB)
...
005 (20330.000.000) 02/25 07:20:04 Job terminated.
	(1) Normal termination (return value 0)
		Usr 0 12:24:04, Sys 0 00:02:02  -  Run Remote Usage
		Usr 0 00:00:00, Sys 0 00:00:00  -  Run Local Usage
		Usr 0 12:24:04, Sys 0 00:02:02  -  Total Remote Usage
		Usr 0 00:00:00, Sys 0 00:00:00  -  Total Local Usage
	0  -  Run Bytes Sent By Job
	0  -  Run Bytes Received By Job
	0  -  Total Bytes Sent By Job
	0  -  Total Bytes Received By Job
	Partitionable Resources :    Usage  Request Allocated
	   Cpus                 :                 2         2
	   Disk (KB)            :        1        1   5108712
	   Memory (MB)          :     1220        1         1
...
