000 (20096.000.000) 02/24 21:34:39 Job submitted from host: <134.76.239.76:13753?addrs=134.76.239.76-13753>
...
001 (20096.000.000) 02/24 21:35:01 Job executing on host: <134.76.239.85:29523?addrs=134.76.239.85-29523>
...
006 (20096.000.000) 02/24 21:35:15 Image size of job updated: 65708
	4  -  MemoryUsage of job (MB)
	3832  -  ResidentSetSize of job (KB)
...
006 (20096.000.000) 02/24 21:40:15 Image size of job updated: 1138096
	918  -  MemoryUsage of job (MB)
	939152  -  ResidentSetSize of job (KB)
...
006 (20096.000.000) 02/24 21:45:15 Image size of job updated: 1143220
	923  -  MemoryUsage of job (MB)
	944672  -  ResidentSetSize of job (KB)
...
006 (20096.000.000) 02/24 21:50:16 Image size of job updated: 1145076
	923  -  MemoryUsage of job (MB)
	944672  -  ResidentSetSize of job (KB)
...
006 (20096.000.000) 02/24 22:00:17 Image size of job updated: 1245776
	1063  -  MemoryUsage of job (MB)
	1087996  -  ResidentSetSize of job (KB)
...
006 (20096.000.000) 02/24 22:05:18 Image size of job updated: 1251444
	1068  -  MemoryUsage of job (MB)
	1092612  -  ResidentSetSize of job (KB)
...
006 (20096.000.000) 02/24 22:10:19 Image size of job updated: 1251444
	1068  -  MemoryUsage of job (MB)
	1092948  -  ResidentSetSize of job (KB)
...
006 (20096.000.000) 02/24 22:15:19 Image size of job updated: 1462464
	1236  -  MemoryUsage of job (MB)
	1265088  -  ResidentSetSize of job (KB)
...
006 (20096.000.000) 02/24 22:20:19 Image size of job updated: 1462464
	1236  -  MemoryUsage of job (MB)
	1265116  -  ResidentSetSize of job (KB)
...
006 (20096.000.000) 02/24 22:25:20 Image size of job updated: 1462464
	1236  -  MemoryUsage of job (MB)
	1265440  -  ResidentSetSize of job (KB)
...
006 (20096.000.000) 02/24 22:55:23 Image size of job updated: 1464516
	1237  -  MemoryUsage of job (MB)
	1266172  -  ResidentSetSize of job (KB)
...
006 (20096.000.000) 02/24 23:00:24 Image size of job updated: 1464516
	1237  -  MemoryUsage of job (MB)
	1266196  -  ResidentSetSize of job (KB)
...
006 (20096.000.000) 02/24 23:05:24 Image size of job updated: 1464516
	1237  -  MemoryUsage of job (MB)
	1266516  -  ResidentSetSize of job (KB)
...
006 (20096.000.000) 02/24 23:10:24 Image size of job updated: 1464524
	1237  -  MemoryUsage of job (MB)
	1266516  -  ResidentSetSize of job (KB)
...
005 (20096.000.000) 02/25 00:20:18 Job terminated.
	(1) Normal termination (return value 0)
		Usr 0 04:02:05, Sys 0 00:01:07  -  Run Remote Usage
		Usr 0 00:00:00, Sys 0 00:00:00  -  Run Local Usage
		Usr 0 04:02:05, Sys 0 00:01:07  -  Total Remote Usage
		Usr 0 00:00:00, Sys 0 00:00:00  -  Total Local Usage
	0  -  Run Bytes Sent By Job
	0  -  Run Bytes Received By Job
	0  -  Total Bytes Sent By Job
	0  -  Total Bytes Received By Job
	Partitionable Resources :    Usage  Request Allocated
	   Cpus                 :                 2         2
	   Disk (KB)            :        1        1   5108817
	   Memory (MB)          :     1237        1         1
...
