DATE: 2016-02-26
TIME: 16:59:50
                                         version_number        8118
 read inlist_1.0
 create pre-main-sequence model
                                                species           8
 abundances
                                                     h1    7.2705399999999998D-01
                                                    he3    2.8955426374790363D-05
                                                    he4    2.7205704457362517D-01
                                                    c12    1.4798925626493189D-04
                                                    n14    4.3350817513978120D-05
                                                    o16    4.0249920419305733D-04
                                                   ne20    9.0276777837007533D-05
                                                   mg24    1.7588394419110805D-04


                                        relax_num_steps


                               finished relax_num_steps

 new_lnPgas_flag T
                                        relax_initial_Z    8.5999999999999998D-04
                                                  new z    8.5999999999969987D-04
                                        relax_initial_Y    2.7208599999999999D-01
                                                  new y    2.7208600000000011D-01
 net name basic.net
 do_element_diffusion T
 lnPgas_flag T
 kappa_file_prefix gs98
 kappa_lowT_prefix lowT_fa05_gs98
   eos_file_prefix mesa
                                        OMP_NUM_THREADS           1



stop because Lnuc_div_L >= Lnuc_div_L_zams_limit
    0.9990130693E+00    0.9990000000E+00

        906   7.217923   7558.931   0.424948   0.424948   1.090646   1.090646   0.726023   0.000210   0.038104   0.726812  -1.732606    894      0
   6.098973   2.018624  -0.020717 -42.857182  -1.193529 -99.000000   0.000000   0.273093   0.000403   0.000009   0.272323   0.070886      3      0
 1.8445E+07  17.376047   0.425376 -15.352530   3.995759  -7.769306   0.000000   0.000005   0.000090  8.842E-04  8.651E-04  0.118E-11  max increase

save photos/x906 for model 906
save final_profile.data write fgong_plot.data
                               s% atm_structure_num_pts          51
save final_profile.data.FGONG    906
 final_profile.data.FGONG for model 906
 saved to zams.mod
termination code: Lnuc_div_L_zams_limit

       runtime, prev time, retries, backups, steps         8.5        28.2         0         0       906
        906   7.217923   7558.931   0.424948   0.424948   1.090646   1.090646   0.726023   0.000210   0.038104   0.726812  -1.732606    894      0
   6.098973   2.018624  -0.020717 -42.857182  -1.193529 -99.000000   0.000000   0.273093   0.000403   0.000009   0.272323   0.070886      3      0
 1.8445E+07  17.376047   0.425376 -15.352530   3.995759  -7.769306   0.000000   0.000005   0.000090  8.842E-04  8.651E-04  0.118E-11  max increase

DATE: 2016-02-26
TIME: 17:10:02
DATE: 2016-02-26
TIME: 17:10:02
                                         version_number        8118
 read inlist_1.0
load saved model zams.mod

 new_lnPgas_flag T
 net name basic.net
 do_element_diffusion T
 lnPgas_flag T
                       which_atm_option: Eddington_grey
 kappa_file_prefix gs98
 kappa_lowT_prefix lowT_fa05_gs98
   eos_file_prefix mesa
                                        OMP_NUM_THREADS           1


__________________________________________________________________________________________________________________________________________________

       step    lg_Tcntr    Teff       lg_LH     lg_Lnuc     Mass       H_rich     H_cntr     N_cntr     Y_surf     X_avg     eta_cntr  zones retry
   lg_dt_yr    lg_Dcntr    lg_R       lg_L3a    lg_Lneu     lg_Mdot    He_core    He_cntr    O_cntr     Z_surf     Y_avg     gam_cntr  iters bckup
     age_yr    lg_Pcntr    lg_L       lg_LZ     lg_Psurf    lg_Dsurf   C_core     C_cntr     Ne_cntr    Z_cntr     Z_avg     v_div_cs     dt_limit
__________________________________________________________________________________________________________________________________________________

        908   7.217885   7569.375   0.426547   0.426547   1.090646   1.090646   0.725816   0.000213   0.027075   0.726766  -1.731010    888      0
   5.903090   2.019289  -0.021547 -42.857019  -1.195113 -99.000000   0.000000   0.273299   0.000403   0.000005   0.272368   0.070935      2      0
 2.0245E+07  17.376614   0.426115 -14.875409   4.464667  -7.321743   0.000000   0.000003   0.000090  8.847E-04  8.652E-04  0.990E-12  max decrease

