DATE: 2016-02-26
TIME: 16:59:27
                                         version_number        8118
 read inlist_1.0
 create pre-main-sequence model
                                                species           8
 abundances
                                                     h1    7.3708599999999991D-01
                                                    he3    2.7806514695607184D-05
                                                    he4    2.6126219348530444D-01
                                                    c12    2.7945878159794945D-04
                                                    n14    8.1862474003135702D-05
                                                    o16    7.6006826466219789D-04
                                                   ne20    1.7047614791545628D-04
                                                   mg24    3.3213433182133060D-04


                                        relax_num_steps


                               finished relax_num_steps

 new_lnPgas_flag T
                                        relax_initial_Z    1.6240000000000000D-03
                                                  new z    1.6240000000006319D-03
                                        relax_initial_Y    2.6129000000000002D-01
                                                  new y    2.6128999999999980D-01
 net name basic.net
 do_element_diffusion T
 lnPgas_flag T
 kappa_file_prefix gs98
 kappa_lowT_prefix lowT_fa05_gs98
   eos_file_prefix mesa
                                        OMP_NUM_THREADS           1



stop because Lnuc_div_L >= Lnuc_div_L_zams_limit
    0.1007936575E+01    0.9990000000E+00

        812   7.135160   6108.970  -0.064101  -0.064101   0.863779   0.863779   0.736849   0.000097   0.261262   0.737015  -1.489578    782      0
   5.452639   1.990152  -0.082187 -47.160904  -1.702252 -99.000000   0.000000   0.261525   0.000760   0.001624   0.261360   0.083567      4      0
 2.3554E+07  17.268857  -0.067534 -15.477469   4.816480  -6.788682   0.000000   0.000266   0.000170  1.626E-03  1.625E-03 -0.530E-10    varcontrol

save photos/x812 for model 812
save final_profile.data write fgong_plot.data
                               s% atm_structure_num_pts          59
save final_profile.data.FGONG    812
 final_profile.data.FGONG for model 812
 saved to zams.mod
termination code: Lnuc_div_L_zams_limit

       runtime, prev time, retries, backups, steps         7.2        28.2         0         0       812
        812   7.135160   6108.970  -0.064101  -0.064101   0.863779   0.863779   0.736849   0.000097   0.261262   0.737015  -1.489578    782      0
   5.452639   1.990152  -0.082187 -47.160904  -1.702252 -99.000000   0.000000   0.261525   0.000760   0.001624   0.261360   0.083567      4      0
 2.3554E+07  17.268857  -0.067534 -15.477469   4.816480  -6.788682   0.000000   0.000266   0.000170  1.626E-03  1.625E-03 -0.530E-10    varcontrol

DATE: 2016-02-26
TIME: 17:08:40
DATE: 2016-02-26
TIME: 17:08:40
                                         version_number        8118
 read inlist_1.0
load saved model zams.mod

 new_lnPgas_flag T
 net name basic.net
 do_element_diffusion T
 lnPgas_flag T
                       which_atm_option: Eddington_grey
 kappa_file_prefix gs98
 kappa_lowT_prefix lowT_fa05_gs98
   eos_file_prefix mesa
                                        OMP_NUM_THREADS           1


__________________________________________________________________________________________________________________________________________________

       step    lg_Tcntr    Teff       lg_LH     lg_Lnuc     Mass       H_rich     H_cntr     N_cntr     Y_surf     X_avg     eta_cntr  zones retry
   lg_dt_yr    lg_Dcntr    lg_R       lg_L3a    lg_Lneu     lg_Mdot    He_core    He_cntr    O_cntr     Z_surf     Y_avg     gam_cntr  iters bckup
     age_yr    lg_Pcntr    lg_L       lg_LZ     lg_Psurf    lg_Dsurf   C_core     C_cntr     Ne_cntr    Z_cntr     Z_avg     v_div_cs     dt_limit
__________________________________________________________________________________________________________________________________________________

