000 (20062.000.000) 02/24 21:34:37 Job submitted from host: <134.76.239.76:13753?addrs=134.76.239.76-13753>
...
001 (20062.000.000) 02/24 21:34:53 Job executing on host: <134.76.239.84:12289?addrs=134.76.239.84-12289>
...
006 (20062.000.000) 02/24 21:35:01 Image size of job updated: 827416
	616  -  MemoryUsage of job (MB)
	629996  -  ResidentSetSize of job (KB)
...
006 (20062.000.000) 02/24 21:40:01 Image size of job updated: 1146048
	903  -  MemoryUsage of job (MB)
	924512  -  ResidentSetSize of job (KB)
...
006 (20062.000.000) 02/24 21:45:01 Image size of job updated: 1146048
	904  -  MemoryUsage of job (MB)
	924852  -  ResidentSetSize of job (KB)
...
006 (20062.000.000) 02/24 21:50:02 Image size of job updated: 1281584
	1060  -  MemoryUsage of job (MB)
	1085288  -  ResidentSetSize of job (KB)
...
006 (20062.000.000) 02/24 21:55:02 Image size of job updated: 1281584
	1061  -  MemoryUsage of job (MB)
	1085616  -  ResidentSetSize of job (KB)
...
006 (20062.000.000) 02/24 22:00:02 Image size of job updated: 1402532
	1204  -  MemoryUsage of job (MB)
	1232888  -  ResidentSetSize of job (KB)
...
006 (20062.000.000) 02/24 22:05:03 Image size of job updated: 1402532
	1205  -  MemoryUsage of job (MB)
	1233232  -  ResidentSetSize of job (KB)
...
006 (20062.000.000) 02/24 22:10:04 Image size of job updated: 1427576
	1229  -  MemoryUsage of job (MB)
	1258096  -  ResidentSetSize of job (KB)
...
006 (20062.000.000) 02/24 22:15:04 Image size of job updated: 1430708
	1229  -  MemoryUsage of job (MB)
	1258188  -  ResidentSetSize of job (KB)
...
006 (20062.000.000) 02/24 22:55:09 Image size of job updated: 1440108
	1241  -  MemoryUsage of job (MB)
	1270720  -  ResidentSetSize of job (KB)
...
006 (20062.000.000) 02/24 23:05:10 Image size of job updated: 1443488
	1242  -  MemoryUsage of job (MB)
	1271104  -  ResidentSetSize of job (KB)
...
006 (20062.000.000) 02/25 00:32:55 Image size of job updated: 9240572
	1242  -  MemoryUsage of job (MB)
	1271104  -  ResidentSetSize of job (KB)
...
005 (20062.000.000) 02/25 00:32:55 Job terminated.
	(1) Normal termination (return value 0)
		Usr 0 04:59:46, Sys 0 00:01:24  -  Run Remote Usage
		Usr 0 00:00:00, Sys 0 00:00:00  -  Run Local Usage
		Usr 0 04:59:46, Sys 0 00:01:24  -  Total Remote Usage
		Usr 0 00:00:00, Sys 0 00:00:00  -  Total Local Usage
	0  -  Run Bytes Sent By Job
	0  -  Run Bytes Received By Job
	0  -  Total Bytes Sent By Job
	0  -  Total Bytes Received By Job
	Partitionable Resources :    Usage  Request Allocated
	   Cpus                 :                 2         2
	   Disk (KB)            :        1        1   5108625
	   Memory (MB)          :     1242        1         1
...
