000 (20254.000.000) 02/24 21:34:48 Job submitted from host: <134.76.239.76:13753?addrs=134.76.239.76-13753>
...
001 (20254.000.000) 02/24 22:46:36 Job executing on host: <134.76.239.89:24193?addrs=134.76.239.89-24193>
...
006 (20254.000.000) 02/24 22:46:45 Image size of job updated: 1
	3  -  MemoryUsage of job (MB)
	2072  -  ResidentSetSize of job (KB)
...
006 (20254.000.000) 02/24 22:51:46 Image size of job updated: 1139624
	929  -  MemoryUsage of job (MB)
	950360  -  ResidentSetSize of job (KB)
...
006 (20254.000.000) 02/24 22:56:46 Image size of job updated: 1145620
	929  -  MemoryUsage of job (MB)
	950360  -  ResidentSetSize of job (KB)
...
006 (20254.000.000) 02/24 23:11:48 Image size of job updated: 1294100
	1071  -  MemoryUsage of job (MB)
	1096596  -  ResidentSetSize of job (KB)
...
006 (20254.000.000) 02/24 23:21:49 Image size of job updated: 1294100
	1072  -  MemoryUsage of job (MB)
	1096928  -  ResidentSetSize of job (KB)
...
006 (20254.000.000) 02/24 23:26:50 Image size of job updated: 1440092
	1239  -  MemoryUsage of job (MB)
	1268732  -  ResidentSetSize of job (KB)
...
006 (20254.000.000) 02/24 23:31:50 Image size of job updated: 1440252
	1240  -  MemoryUsage of job (MB)
	1269696  -  ResidentSetSize of job (KB)
...
006 (20254.000.000) 02/24 23:36:50 Image size of job updated: 1445868
	1247  -  MemoryUsage of job (MB)
	1275980  -  ResidentSetSize of job (KB)
...
006 (20254.000.000) 02/24 23:41:51 Image size of job updated: 1445868
	1247  -  MemoryUsage of job (MB)
	1276224  -  ResidentSetSize of job (KB)
...
006 (20254.000.000) 02/24 23:46:51 Image size of job updated: 1445880
	1247  -  MemoryUsage of job (MB)
	1276224  -  ResidentSetSize of job (KB)
...
006 (20254.000.000) 02/25 00:16:55 Image size of job updated: 1480060
	1247  -  MemoryUsage of job (MB)
	1276224  -  ResidentSetSize of job (KB)
...
006 (20254.000.000) 02/25 00:21:55 Image size of job updated: 1483400
	1247  -  MemoryUsage of job (MB)
	1276224  -  ResidentSetSize of job (KB)
...
006 (20254.000.000) 02/25 00:26:55 Image size of job updated: 1485412
	1247  -  MemoryUsage of job (MB)
	1276224  -  ResidentSetSize of job (KB)
...
006 (20254.000.000) 02/25 00:31:56 Image size of job updated: 1485424
	1247  -  MemoryUsage of job (MB)
	1276224  -  ResidentSetSize of job (KB)
...
005 (20254.000.000) 02/25 01:40:22 Job terminated.
	(1) Normal termination (return value 0)
		Usr 0 04:42:14, Sys 0 00:00:52  -  Run Remote Usage
		Usr 0 00:00:00, Sys 0 00:00:00  -  Run Local Usage
		Usr 0 04:42:14, Sys 0 00:00:52  -  Total Remote Usage
		Usr 0 00:00:00, Sys 0 00:00:00  -  Total Local Usage
	0  -  Run Bytes Sent By Job
	0  -  Run Bytes Received By Job
	0  -  Total Bytes Sent By Job
	0  -  Total Bytes Received By Job
	Partitionable Resources :    Usage  Request Allocated
	   Cpus                 :                 2         2
	   Disk (KB)            :        1        1   5108846
	   Memory (MB)          :     1247        1         1
...
