DATE: 2016-02-26
TIME: 16:59:24
                                         version_number        8118
 read inlist_1.0
 create pre-main-sequence model
                                                species           8
 abundances
                                                     h1    7.7302700000000013D-01
                                                    he3    2.4015297710529277D-05
                                                    he4    2.2564098470228952D-01
                                                    c12    2.2508133394708401D-04
                                                    n14    6.5933568963107050D-05
                                                    o16    6.1217320823769058D-04
                                                   ne20    1.3730468071021195D-04
                                                   mg24    2.6750720814177140D-04


                                        relax_num_steps


                               finished relax_num_steps

 new_lnPgas_flag T
                                        relax_initial_Z    1.3079999999999999D-03
                                                  new z    1.3079999999993709D-03
                                        relax_initial_Y    2.2566500000000000D-01
                                                  new y    2.2566500000000020D-01
 net name basic.net
 do_element_diffusion T
 lnPgas_flag T
 kappa_file_prefix gs98
 kappa_lowT_prefix lowT_fa05_gs98
   eos_file_prefix mesa
                                        OMP_NUM_THREADS           1



stop because Lnuc_div_L >= Lnuc_div_L_zams_limit
    0.9992839045E+00    0.9990000000E+00

        940   7.275081   9055.068   0.831037   0.831037   1.440341   1.440341   0.772058   0.000328   0.225585   0.772853  -1.971605    885      0
   5.599838   1.994982   0.025407 -40.347027  -0.744785 -99.000000   0.000000   0.226597   0.000611   0.001307   0.225832   0.059933      2      0
 1.0071E+07  17.423803   0.831349 -99.000000   3.324825  -8.525651   0.000000   0.000002   0.000137  1.345E-03  1.315E-03 -0.560E-11  max increase

save photos/x940 for model 940
save final_profile.data write fgong_plot.data
                               s% atm_structure_num_pts          41
save final_profile.data.FGONG    940
 final_profile.data.FGONG for model 940
 saved to zams.mod
termination code: Lnuc_div_L_zams_limit

       runtime, prev time, retries, backups, steps         8.5        28.2         0         0       940
        940   7.275081   9055.068   0.831037   0.831037   1.440341   1.440341   0.772058   0.000328   0.225585   0.772853  -1.971605    885      0
   5.599838   1.994982   0.025407 -40.347027  -0.744785 -99.000000   0.000000   0.226597   0.000611   0.001307   0.225832   0.059933      2      0
 1.0071E+07  17.423803   0.831349 -99.000000   3.324825  -8.525651   0.000000   0.000002   0.000137  1.345E-03  1.315E-03 -0.560E-11  max increase

DATE: 2016-02-26
TIME: 17:10:05
DATE: 2016-02-26
TIME: 17:10:05
                                         version_number        8118
 read inlist_1.0
load saved model zams.mod

 new_lnPgas_flag T
 net name basic.net
 do_element_diffusion T
 lnPgas_flag T
                       which_atm_option: Eddington_grey
 kappa_file_prefix gs98
 kappa_lowT_prefix lowT_fa05_gs98
   eos_file_prefix mesa
                                        OMP_NUM_THREADS           1


__________________________________________________________________________________________________________________________________________________

       step    lg_Tcntr    Teff       lg_LH     lg_Lnuc     Mass       H_rich     H_cntr     N_cntr     Y_surf     X_avg     eta_cntr  zones retry
   lg_dt_yr    lg_Dcntr    lg_R       lg_L3a    lg_Lneu     lg_Mdot    He_core    He_cntr    O_cntr     Z_surf     Y_avg     gam_cntr  iters bckup
     age_yr    lg_Pcntr    lg_L       lg_LZ     lg_Psurf    lg_Dsurf   C_core     C_cntr     Ne_cntr    Z_cntr     Z_avg     v_div_cs     dt_limit
__________________________________________________________________________________________________________________________________________________

        941   7.275118   9055.927   0.830715   0.830715   1.440341   1.440341   0.771928   0.000328   0.225573   0.772830  -1.971681    885      0
   5.679020   1.995036   0.024959 -40.344491  -0.746546 -99.000000   0.000000   0.226726   0.000611   0.001307   0.225855   0.059933      3      0
 1.0548E+07  17.423853   0.830618 -99.000000   3.836691  -7.996569   0.000000   0.000002   0.000137  1.345E-03  1.315E-03 -0.565E-11              

