DATE: 2016-02-26
TIME: 16:59:34
                                         version_number        8118
 read inlist_1.0
 create pre-main-sequence model
                                                species           8
 abundances
                                                     h1    6.8037000000000003D-01
                                                    he3    3.3967282203905984D-05
                                                    he4    3.1914703271779610D-01
                                                    c12    7.7264158212716770D-05
                                                    n14    2.2633159376477793D-05
                                                    o16    2.1014202637515555D-04
                                                   ne20    4.7132875870703956D-05
                                                   mg24    9.1827780164867605D-05


                                        relax_num_steps


                               finished relax_num_steps

 new_lnPgas_flag T
                                        relax_initial_Z    4.4900000000000002D-04
                                                  new z    4.4900000000093189D-04
                                        relax_initial_Y    3.1918099999999999D-01
                                                  new y    3.1918099999999960D-01
 net name basic.net
 do_element_diffusion T
 lnPgas_flag T
 kappa_file_prefix gs98
 kappa_lowT_prefix lowT_fa05_gs98
   eos_file_prefix mesa
                                        OMP_NUM_THREADS           1



stop because Lnuc_div_L >= Lnuc_div_L_zams_limit
    0.1003183940E+01    0.9990000000E+00

        987   7.350330  1.170E+04   1.194372   1.194372   1.554599   1.554599   0.679916   0.000113   0.319179   0.680236  -2.190551    901      0
   5.105977   2.039976  -0.016654 -36.366511  -0.085301 -99.000000   0.000000   0.319623   0.000209   0.000449   0.319311   0.054186      2      0
 4.6443E+06  17.514025   1.192991 -14.273349   3.194669  -8.925039   0.000000   0.000001   0.000047  4.616E-04  4.526E-04 -0.398E-10  max increase

save photos/x987 for model 987
save final_profile.data write fgong_plot.data
                               s% atm_structure_num_pts          40
save final_profile.data.FGONG    987
 final_profile.data.FGONG for model 987
 saved to zams.mod
termination code: Lnuc_div_L_zams_limit

       runtime, prev time, retries, backups, steps         8.7        28.2         0         0       987
        987   7.350330  1.170E+04   1.194372   1.194372   1.554599   1.554599   0.679916   0.000113   0.319179   0.680236  -2.190551    901      0
   5.105977   2.039976  -0.016654 -36.366511  -0.085301 -99.000000   0.000000   0.319623   0.000209   0.000449   0.319311   0.054186      2      0
 4.6443E+06  17.514025   1.192991 -14.273349   3.194669  -8.925039   0.000000   0.000001   0.000047  4.616E-04  4.526E-04 -0.398E-10  max increase

DATE: 2016-02-26
TIME: 17:10:08
DATE: 2016-02-26
TIME: 17:10:08
                                         version_number        8118
 read inlist_1.0
load saved model zams.mod

 new_lnPgas_flag T
 net name basic.net
 do_element_diffusion T
 lnPgas_flag T
                       which_atm_option: Eddington_grey
 kappa_file_prefix gs98
 kappa_lowT_prefix lowT_fa05_gs98
   eos_file_prefix mesa
                                        OMP_NUM_THREADS           1


__________________________________________________________________________________________________________________________________________________

       step    lg_Tcntr    Teff       lg_LH     lg_Lnuc     Mass       H_rich     H_cntr     N_cntr     Y_surf     X_avg     eta_cntr  zones retry
   lg_dt_yr    lg_Dcntr    lg_R       lg_L3a    lg_Lneu     lg_Mdot    He_core    He_cntr    O_cntr     Z_surf     Y_avg     gam_cntr  iters bckup
     age_yr    lg_Pcntr    lg_L       lg_LZ     lg_Psurf    lg_Dsurf   C_core     C_cntr     Ne_cntr    Z_cntr     Z_avg     v_div_cs     dt_limit
__________________________________________________________________________________________________________________________________________________

