DATE: 2016-02-26
TIME: 16:59:36
                                         version_number        8118
 read inlist_1.0
 create pre-main-sequence model
                                                species           8
 abundances
                                                     h1    6.8446700000000016D-01
                                                    he3    3.2869771445531018D-05
                                                    he4    3.0883513022855452D-01
                                                    c12    1.1469167360530982D-03
                                                    n14    3.3596883573329411D-04
                                                    o16    3.1193688324958569D-03
                                                   ne20    6.9964502823673276D-04
                                                   mg24    1.3631005674809400D-03


                                        relax_num_steps


                               finished relax_num_steps

 new_lnPgas_flag T
                                        relax_initial_Z    6.6649999999999999D-03
                                                  new z    6.6650000000007875D-03
                                        relax_initial_Y    3.0886799999999998D-01
                                                  new y    3.0886799999999970D-01
 net name basic.net
 do_element_diffusion T
 lnPgas_flag T
 kappa_file_prefix gs98
 kappa_lowT_prefix lowT_fa05_gs98
   eos_file_prefix mesa
                                        OMP_NUM_THREADS           1



stop because Lnuc_div_L >= Lnuc_div_L_zams_limit
    0.1000071373E+01    0.9990000000E+00

        895   7.228282   6917.430   0.424579   0.424579   1.139755   1.139755   0.682406   0.001668   0.261512   0.683993  -1.836835    812      0
   6.333881   2.003087   0.055900 -42.230425  -1.176598 -99.000000   0.000000   0.310737   0.003119   0.005465   0.309299   0.069874      4      0
 3.1953E+07  17.355864   0.424548 -99.000000   4.304755  -7.349284   0.000000   0.000007   0.000700  6.857E-03  6.707E-03  0.129E-11  max increase

save photos/x895 for model 895
save final_profile.data write fgong_plot.data
                               s% atm_structure_num_pts          52
save final_profile.data.FGONG    895
 final_profile.data.FGONG for model 895
 saved to zams.mod
termination code: Lnuc_div_L_zams_limit

       runtime, prev time, retries, backups, steps         8.4        28.2         0         0       895
        895   7.228282   6917.430   0.424579   0.424579   1.139755   1.139755   0.682406   0.001668   0.261512   0.683993  -1.836835    812      0
   6.333881   2.003087   0.055900 -42.230425  -1.176598 -99.000000   0.000000   0.310737   0.003119   0.005465   0.309299   0.069874      4      0
 3.1953E+07  17.355864   0.424548 -99.000000   4.304755  -7.349284   0.000000   0.000007   0.000700  6.857E-03  6.707E-03  0.129E-11  max increase

DATE: 2016-02-26
TIME: 17:09:52
DATE: 2016-02-26
TIME: 17:09:52
                                         version_number        8118
 read inlist_1.0
load saved model zams.mod

 new_lnPgas_flag T
 net name basic.net
 do_element_diffusion T
 lnPgas_flag T
                       which_atm_option: Eddington_grey
 kappa_file_prefix gs98
 kappa_lowT_prefix lowT_fa05_gs98
   eos_file_prefix mesa
                                        OMP_NUM_THREADS           1


__________________________________________________________________________________________________________________________________________________

       step    lg_Tcntr    Teff       lg_LH     lg_Lnuc     Mass       H_rich     H_cntr     N_cntr     Y_surf     X_avg     eta_cntr  zones retry
   lg_dt_yr    lg_Dcntr    lg_R       lg_L3a    lg_Lneu     lg_Mdot    He_core    He_cntr    O_cntr     Z_surf     Y_avg     gam_cntr  iters bckup
     age_yr    lg_Pcntr    lg_L       lg_LZ     lg_Psurf    lg_Dsurf   C_core     C_cntr     Ne_cntr    Z_cntr     Z_avg     v_div_cs     dt_limit
__________________________________________________________________________________________________________________________________________________

