DATE: 2016-02-26
TIME: 16:59:41
                                         version_number        8118
 read inlist_1.0
 create pre-main-sequence model
                                                species           8
 abundances
                                                     h1    7.2242600000000001D-01
                                                    he3    2.6085488419602131D-05
                                                    he4    2.4509191451158038D-01
                                                    c12    5.5850456992257626D-03
                                                    n14    1.6360396898064361D-03
                                                    o16    1.5190132757312302D-02
                                                   ne20    3.4070036063693341D-03
                                                   mg24    6.6377782472860913D-03


                                        relax_num_steps


                               finished relax_num_steps

 new_lnPgas_flag T
                                        relax_initial_Z    3.2455999999999999D-02
                                                  new z    3.2456000000000054D-02
                                        relax_initial_Y    2.4511800000000000D-01
                                                  new y    2.4511800000000000D-01
 net name basic.net
 do_element_diffusion T
 lnPgas_flag T
 kappa_file_prefix gs98
 kappa_lowT_prefix lowT_fa05_gs98
   eos_file_prefix mesa
                                        OMP_NUM_THREADS           1



stop because Lnuc_div_L >= Lnuc_div_L_zams_limit
    0.1003221519E+01    0.9990000000E+00

        816   7.129821   5401.646  -0.170047  -0.170047   1.111630   1.111630   0.721968   0.002180   0.245116   0.722325  -1.942238    812      0
   6.007122   1.803150  -0.027258 -47.859493  -1.676343 -99.000000   0.000000   0.245498   0.015190   0.032456   0.245207   0.074658      4      0
 4.4422E+07  17.068389  -0.171444 -99.000000   4.768141  -6.774461   0.000000   0.005119   0.003407  3.253E-02  3.247E-02 -0.114E-10  max increase

save photos/x816 for model 816
save final_profile.data write fgong_plot.data
                               s% atm_structure_num_pts          63
save final_profile.data.FGONG    816
 final_profile.data.FGONG for model 816
 saved to zams.mod
termination code: Lnuc_div_L_zams_limit

       runtime, prev time, retries, backups, steps         7.7        28.2         0         0       816
        816   7.129821   5401.646  -0.170047  -0.170047   1.111630   1.111630   0.721968   0.002180   0.245116   0.722325  -1.942238    812      0
   6.007122   1.803150  -0.027258 -47.859493  -1.676343 -99.000000   0.000000   0.245498   0.015190   0.032456   0.245207   0.074658      4      0
 4.4422E+07  17.068389  -0.171444 -99.000000   4.768141  -6.774461   0.000000   0.005119   0.003407  3.253E-02  3.247E-02 -0.114E-10  max increase

DATE: 2016-02-26
TIME: 17:09:17
DATE: 2016-02-26
TIME: 17:09:18
                                         version_number        8118
 read inlist_1.0
load saved model zams.mod

 new_lnPgas_flag T
 net name basic.net
 do_element_diffusion T
 lnPgas_flag T
                       which_atm_option: Eddington_grey
 kappa_file_prefix gs98
 kappa_lowT_prefix lowT_fa05_gs98
   eos_file_prefix mesa
                                        OMP_NUM_THREADS           1


__________________________________________________________________________________________________________________________________________________

       step    lg_Tcntr    Teff       lg_LH     lg_Lnuc     Mass       H_rich     H_cntr     N_cntr     Y_surf     X_avg     eta_cntr  zones retry
   lg_dt_yr    lg_Dcntr    lg_R       lg_L3a    lg_Lneu     lg_Mdot    He_core    He_cntr    O_cntr     Z_surf     Y_avg     gam_cntr  iters bckup
     age_yr    lg_Pcntr    lg_L       lg_LZ     lg_Psurf    lg_Dsurf   C_core     C_cntr     Ne_cntr    Z_cntr     Z_avg     v_div_cs     dt_limit
__________________________________________________________________________________________________________________________________________________

