DATE: 2016-02-26
TIME: 16:59:54
                                         version_number        8118
 read inlist_1.0
 create pre-main-sequence model
                                                species           8
 abundances
                                                     h1    6.7259500000000005D-01
                                                    he3    3.4791931759481243D-05
                                                    he4    3.2689520806824052D-01
                                                    c12    8.1738252006786447D-05
                                                    n14    2.3943765487369487D-05
                                                    o16    2.2231060696707567D-04
                                                   ne20    4.9862173805319452D-05
                                                   mg24    9.7145201733452187D-05


                                        relax_num_steps


                               finished relax_num_steps

 new_lnPgas_flag T
                                        relax_initial_Z    4.7500000000000000D-04
                                                  new z    4.7499999999966509D-04
                                        relax_initial_Y    3.2693000000000000D-01
                                                  new y    3.2693000000000005D-01
 net name basic.net
 do_element_diffusion T
 lnPgas_flag T
 kappa_file_prefix gs98
 kappa_lowT_prefix lowT_fa05_gs98
   eos_file_prefix mesa
                                        OMP_NUM_THREADS           1



stop because Lnuc_div_L >= Lnuc_div_L_zams_limit
    0.1002141819E+01    0.9990000000E+00

        862   7.184523   6996.837   0.145768   0.145768   0.876193   0.876193   0.672073   0.000079   0.325720   0.672454  -1.559604    807      0
   5.937145   2.053662  -0.093868 -44.255983  -1.465924 -99.000000   0.000000   0.327444   0.000222   0.000473   0.327069   0.080506      4      0
 1.8622E+07  17.360357   0.144839 -15.352530   4.456412  -7.174048   0.000000   0.000035   0.000050  4.829E-04  4.765E-04 -0.434E-12  max increase

save photos/x862 for model 862
save final_profile.data write fgong_plot.data
                               s% atm_structure_num_pts          89
save final_profile.data.FGONG    862
 final_profile.data.FGONG for model 862
 saved to zams.mod
termination code: Lnuc_div_L_zams_limit

       runtime, prev time, retries, backups, steps         8.6        28.2         0         0       862
        862   7.184523   6996.837   0.145768   0.145768   0.876193   0.876193   0.672073   0.000079   0.325720   0.672454  -1.559604    807      0
   5.937145   2.053662  -0.093868 -44.255983  -1.465924 -99.000000   0.000000   0.327444   0.000222   0.000473   0.327069   0.080506      4      0
 1.8622E+07  17.360357   0.144839 -15.352530   4.456412  -7.174048   0.000000   0.000035   0.000050  4.829E-04  4.765E-04 -0.434E-12  max increase

DATE: 2016-02-26
TIME: 17:10:10
DATE: 2016-02-26
TIME: 17:10:10
                                         version_number        8118
 read inlist_1.0
load saved model zams.mod

 new_lnPgas_flag T
 net name basic.net
 do_element_diffusion T
 lnPgas_flag T
                       which_atm_option: Eddington_grey
 kappa_file_prefix gs98
 kappa_lowT_prefix lowT_fa05_gs98
   eos_file_prefix mesa
                                        OMP_NUM_THREADS           1


__________________________________________________________________________________________________________________________________________________

       step    lg_Tcntr    Teff       lg_LH     lg_Lnuc     Mass       H_rich     H_cntr     N_cntr     Y_surf     X_avg     eta_cntr  zones retry
   lg_dt_yr    lg_Dcntr    lg_R       lg_L3a    lg_Lneu     lg_Mdot    He_core    He_cntr    O_cntr     Z_surf     Y_avg     gam_cntr  iters bckup
     age_yr    lg_Pcntr    lg_L       lg_LZ     lg_Psurf    lg_Dsurf   C_core     C_cntr     Ne_cntr    Z_cntr     Z_avg     v_div_cs     dt_limit
__________________________________________________________________________________________________________________________________________________

