000 (20415.000.000) 02/24 21:34:57 Job submitted from host: <134.76.239.76:13753?addrs=134.76.239.76-13753>
...
001 (20415.000.000) 02/25 00:50:40 Job executing on host: <134.76.239.78:21556?addrs=134.76.239.78-21556>
...
006 (20415.000.000) 02/25 00:50:49 Image size of job updated: 1
	3  -  MemoryUsage of job (MB)
	2068  -  ResidentSetSize of job (KB)
...
006 (20415.000.000) 02/25 00:55:50 Image size of job updated: 1138168
	929  -  MemoryUsage of job (MB)
	951284  -  ResidentSetSize of job (KB)
...
006 (20415.000.000) 02/25 01:00:51 Image size of job updated: 1263068
	1076  -  MemoryUsage of job (MB)
	1100944  -  ResidentSetSize of job (KB)
...
006 (20415.000.000) 02/25 01:05:51 Image size of job updated: 1474088
	1246  -  MemoryUsage of job (MB)
	1275560  -  ResidentSetSize of job (KB)
...
006 (20415.000.000) 02/25 01:10:51 Image size of job updated: 1474096
	1246  -  MemoryUsage of job (MB)
	1275560  -  ResidentSetSize of job (KB)
...
005 (20415.000.000) 02/25 02:08:27 Job terminated.
	(1) Normal termination (return value 0)
		Usr 0 01:51:19, Sys 0 00:00:29  -  Run Remote Usage
		Usr 0 00:00:00, Sys 0 00:00:00  -  Run Local Usage
		Usr 0 01:51:19, Sys 0 00:00:29  -  Total Remote Usage
		Usr 0 00:00:00, Sys 0 00:00:00  -  Total Local Usage
	0  -  Run Bytes Sent By Job
	0  -  Run Bytes Received By Job
	0  -  Total Bytes Sent By Job
	0  -  Total Bytes Received By Job
	Partitionable Resources :    Usage  Request Allocated
	   Cpus                 :                 2         2
	   Disk (KB)            :        1        1   5108773
	   Memory (MB)          :     1246        1         1
...
