000 (20644.000.000) 02/24 21:35:08 Job submitted from host: <134.76.239.76:13753?addrs=134.76.239.76-13753>
...
001 (20644.000.000) 02/25 03:28:45 Job executing on host: <134.76.239.86:20177?addrs=134.76.239.86-20177>
...
006 (20644.000.000) 02/25 03:28:54 Image size of job updated: 197424
	78  -  MemoryUsage of job (MB)
	79424  -  ResidentSetSize of job (KB)
...
006 (20644.000.000) 02/25 03:33:54 Image size of job updated: 1143300
	932  -  MemoryUsage of job (MB)
	953632  -  ResidentSetSize of job (KB)
...
006 (20644.000.000) 02/25 03:38:54 Image size of job updated: 1145132
	932  -  MemoryUsage of job (MB)
	953632  -  ResidentSetSize of job (KB)
...
006 (20644.000.000) 02/25 03:48:56 Image size of job updated: 1323036
	1151  -  MemoryUsage of job (MB)
	1177700  -  ResidentSetSize of job (KB)
...
006 (20644.000.000) 02/25 03:53:56 Image size of job updated: 1323036
	1151  -  MemoryUsage of job (MB)
	1177716  -  ResidentSetSize of job (KB)
...
006 (20644.000.000) 02/25 03:58:57 Image size of job updated: 1323036
	1151  -  MemoryUsage of job (MB)
	1178052  -  ResidentSetSize of job (KB)
...
006 (20644.000.000) 02/25 04:03:58 Image size of job updated: 1509520
	1295  -  MemoryUsage of job (MB)
	1325324  -  ResidentSetSize of job (KB)
...
006 (20644.000.000) 02/25 04:08:58 Image size of job updated: 1509520
	1295  -  MemoryUsage of job (MB)
	1325972  -  ResidentSetSize of job (KB)
...
006 (20644.000.000) 02/25 04:44:02 Image size of job updated: 1509520
	1296  -  MemoryUsage of job (MB)
	1326764  -  ResidentSetSize of job (KB)
...
006 (20644.000.000) 02/25 04:49:02 Image size of job updated: 1509520
	1297  -  MemoryUsage of job (MB)
	1327112  -  ResidentSetSize of job (KB)
...
006 (20644.000.000) 02/25 04:54:03 Image size of job updated: 1509520
	1297  -  MemoryUsage of job (MB)
	1327432  -  ResidentSetSize of job (KB)
...
005 (20644.000.000) 02/25 06:05:17 Job terminated.
	(1) Normal termination (return value 0)
		Usr 0 04:16:12, Sys 0 00:00:45  -  Run Remote Usage
		Usr 0 00:00:00, Sys 0 00:00:00  -  Run Local Usage
		Usr 0 04:16:12, Sys 0 00:00:45  -  Total Remote Usage
		Usr 0 00:00:00, Sys 0 00:00:00  -  Total Local Usage
	0  -  Run Bytes Sent By Job
	0  -  Run Bytes Received By Job
	0  -  Total Bytes Sent By Job
	0  -  Total Bytes Received By Job
	Partitionable Resources :    Usage  Request Allocated
	   Cpus                 :                 2         2
	   Disk (KB)            :        1        1   5108719
	   Memory (MB)          :     1297        1         1
...
