000 (28099.000.000) 02/26 16:55:57 Job submitted from host: <134.76.239.76:15915?addrs=134.76.239.76-15915>
...
001 (28099.000.000) 02/26 16:56:03 Job executing on host: <134.76.239.90:16939?addrs=134.76.239.90-16939>
...
006 (28099.000.000) 02/26 16:56:13 Image size of job updated: 65712
	5  -  MemoryUsage of job (MB)
	4304  -  ResidentSetSize of job (KB)
...
006 (28099.000.000) 02/26 17:01:13 Image size of job updated: 1072308
	932  -  MemoryUsage of job (MB)
	954180  -  ResidentSetSize of job (KB)
...
006 (28099.000.000) 02/26 17:06:13 Image size of job updated: 1072856
	933  -  MemoryUsage of job (MB)
	954672  -  ResidentSetSize of job (KB)
...
006 (28099.000.000) 02/26 17:11:14 Image size of job updated: 1080620
	933  -  MemoryUsage of job (MB)
	954672  -  ResidentSetSize of job (KB)
...
006 (28099.000.000) 02/26 17:16:14 Image size of job updated: 1127516
	986  -  MemoryUsage of job (MB)
	1009124  -  ResidentSetSize of job (KB)
...
