000 (19930.000.000) 02/24 21:34:30 Job submitted from host: <134.76.239.76:13753?addrs=134.76.239.76-13753>
...
001 (19930.000.000) 02/24 21:34:36 Job executing on host: <134.76.239.91:19968?addrs=134.76.239.91-19968>
...
006 (19930.000.000) 02/24 21:34:47 Image size of job updated: 65708
	4  -  MemoryUsage of job (MB)
	3832  -  ResidentSetSize of job (KB)
...
006 (19930.000.000) 02/24 21:39:48 Image size of job updated: 1140940
	926  -  MemoryUsage of job (MB)
	947476  -  ResidentSetSize of job (KB)
...
006 (19930.000.000) 02/24 21:44:49 Image size of job updated: 1146248
	926  -  MemoryUsage of job (MB)
	947476  -  ResidentSetSize of job (KB)
...
006 (19930.000.000) 02/24 23:45:02 Image size of job updated: 1242404
	1061  -  MemoryUsage of job (MB)
	1086264  -  ResidentSetSize of job (KB)
...
006 (19930.000.000) 02/24 23:50:02 Image size of job updated: 1307940
	1121  -  MemoryUsage of job (MB)
	1147472  -  ResidentSetSize of job (KB)
...
006 (19930.000.000) 02/25 01:00:09 Image size of job updated: 1307940
	1121  -  MemoryUsage of job (MB)
	1147744  -  ResidentSetSize of job (KB)
...
006 (19930.000.000) 02/25 03:15:25 Image size of job updated: 1333456
	1134  -  MemoryUsage of job (MB)
	1161112  -  ResidentSetSize of job (KB)
...
006 (19930.000.000) 02/25 04:00:30 Image size of job updated: 1333456
	1134  -  MemoryUsage of job (MB)
	1161156  -  ResidentSetSize of job (KB)
...
006 (19930.000.000) 02/25 04:05:30 Image size of job updated: 1333456
	1134  -  MemoryUsage of job (MB)
	1161160  -  ResidentSetSize of job (KB)
...
006 (19930.000.000) 02/25 04:15:32 Image size of job updated: 1333456
	1135  -  MemoryUsage of job (MB)
	1161488  -  ResidentSetSize of job (KB)
...
006 (19930.000.000) 02/25 04:20:32 Image size of job updated: 1333456
	1135  -  MemoryUsage of job (MB)
	1161492  -  ResidentSetSize of job (KB)
...
006 (19930.000.000) 02/25 04:30:34 Image size of job updated: 1333456
	1135  -  MemoryUsage of job (MB)
	1161496  -  ResidentSetSize of job (KB)
...
006 (19930.000.000) 02/25 04:35:34 Image size of job updated: 1333628
	1135  -  MemoryUsage of job (MB)
	1161560  -  ResidentSetSize of job (KB)
...
006 (19930.000.000) 02/25 04:40:35 Image size of job updated: 1333628
	1135  -  MemoryUsage of job (MB)
	1161564  -  ResidentSetSize of job (KB)
...
006 (19930.000.000) 02/25 04:45:36 Image size of job updated: 1333628
	1135  -  MemoryUsage of job (MB)
	1161572  -  ResidentSetSize of job (KB)
...
006 (19930.000.000) 02/25 06:14:05 Image size of job updated: 12311912
	1135  -  MemoryUsage of job (MB)
	1161572  -  ResidentSetSize of job (KB)
...
005 (19930.000.000) 02/25 06:14:05 Job terminated.
	(1) Normal termination (return value 0)
		Usr 0 13:46:23, Sys 0 00:02:40  -  Run Remote Usage
		Usr 0 00:00:00, Sys 0 00:00:00  -  Run Local Usage
		Usr 0 13:46:23, Sys 0 00:02:40  -  Total Remote Usage
		Usr 0 00:00:00, Sys 0 00:00:00  -  Total Local Usage
	0  -  Run Bytes Sent By Job
	0  -  Run Bytes Received By Job
	0  -  Total Bytes Sent By Job
	0  -  Total Bytes Received By Job
	Partitionable Resources :    Usage  Request Allocated
	   Cpus                 :                 2         2
	   Disk (KB)            :        1        1   5108771
	   Memory (MB)          :     1135        1         1
...
