DATE: 2016-02-26
TIME: 16:59:43
                                         version_number        8118
 read inlist_1.0
 create pre-main-sequence model
                                                species           8
 abundances
                                                     h1    7.6703699999999997D-01
                                                    he3    2.4339559834137197D-05
                                                    he4    2.2868766044016589D-01
                                                    c12    7.3151433532809944D-04
                                                    n14    2.1428409913012026D-04
                                                    o16    1.9895629267727018D-03
                                                   ne20    4.4624021230823537D-04
                                                   mg24    8.6939842646084793D-04


                                        relax_num_steps


                               finished relax_num_steps

 new_lnPgas_flag T
                                        relax_initial_Z    4.2509999999999996D-03
                                                  new z    4.2509999999991010D-03
                                        relax_initial_Y    2.2871200000000000D-01
                                                  new y    2.2871200000000030D-01
 net name basic.net
 do_element_diffusion T
 lnPgas_flag T
 kappa_file_prefix gs98
 kappa_lowT_prefix lowT_fa05_gs98
   eos_file_prefix mesa
                                        OMP_NUM_THREADS           1



stop because Lnuc_div_L >= Lnuc_div_L_zams_limit
    0.1006835574E+01    0.9990000000E+00

        807   7.138517   6042.287  -0.024190  -0.024190   0.967490   0.967490   0.766570   0.000275   0.227966   0.766953  -1.593308    795      0
   5.591804   1.946208  -0.052461 -47.219348  -1.633919 -99.000000   0.000000   0.229168   0.001991   0.004238   0.228794   0.079318      4      0
 2.6999E+07  17.237179  -0.027149 -99.000000   4.805214  -6.807196   0.000000   0.000680   0.000447  4.262E-03  4.253E-03 -0.392E-10    varcontrol

save photos/x807 for model 807
save final_profile.data write fgong_plot.data
                               s% atm_structure_num_pts          88
save final_profile.data.FGONG    807
 final_profile.data.FGONG for model 807
 saved to zams.mod
termination code: Lnuc_div_L_zams_limit

       runtime, prev time, retries, backups, steps         7.9        28.2         0         0       807
        807   7.138517   6042.287  -0.024190  -0.024190   0.967490   0.967490   0.766570   0.000275   0.227966   0.766953  -1.593308    795      0
   5.591804   1.946208  -0.052461 -47.219348  -1.633919 -99.000000   0.000000   0.229168   0.001991   0.004238   0.228794   0.079318      4      0
 2.6999E+07  17.237179  -0.027149 -99.000000   4.805214  -6.807196   0.000000   0.000680   0.000447  4.262E-03  4.253E-03 -0.392E-10    varcontrol

DATE: 2016-02-26
TIME: 17:09:27
DATE: 2016-02-26
TIME: 17:09:27
                                         version_number        8118
 read inlist_1.0
load saved model zams.mod

 new_lnPgas_flag T
 net name basic.net
 do_element_diffusion T
 lnPgas_flag T
                       which_atm_option: Eddington_grey
 kappa_file_prefix gs98
 kappa_lowT_prefix lowT_fa05_gs98
   eos_file_prefix mesa
                                        OMP_NUM_THREADS           1


__________________________________________________________________________________________________________________________________________________

       step    lg_Tcntr    Teff       lg_LH     lg_Lnuc     Mass       H_rich     H_cntr     N_cntr     Y_surf     X_avg     eta_cntr  zones retry
   lg_dt_yr    lg_Dcntr    lg_R       lg_L3a    lg_Lneu     lg_Mdot    He_core    He_cntr    O_cntr     Z_surf     Y_avg     gam_cntr  iters bckup
     age_yr    lg_Pcntr    lg_L       lg_LZ     lg_Psurf    lg_Dsurf   C_core     C_cntr     Ne_cntr    Z_cntr     Z_avg     v_div_cs     dt_limit
__________________________________________________________________________________________________________________________________________________

