000 (20358.000.000) 02/24 21:34:54 Job submitted from host: <134.76.239.76:13753?addrs=134.76.239.76-13753>
...
001 (20358.000.000) 02/25 00:12:40 Job executing on host: <134.76.239.78:21556?addrs=134.76.239.78-21556>
...
006 (20358.000.000) 02/25 00:12:49 Image size of job updated: 139428
	12  -  MemoryUsage of job (MB)
	11832  -  ResidentSetSize of job (KB)
...
006 (20358.000.000) 02/25 00:17:50 Image size of job updated: 1145156
	922  -  MemoryUsage of job (MB)
	943796  -  ResidentSetSize of job (KB)
...
006 (20358.000.000) 02/25 00:22:51 Image size of job updated: 1145972
	922  -  MemoryUsage of job (MB)
	943796  -  ResidentSetSize of job (KB)
...
006 (20358.000.000) 02/25 00:52:54 Image size of job updated: 1243708
	1071  -  MemoryUsage of job (MB)
	1096288  -  ResidentSetSize of job (KB)
...
006 (20358.000.000) 02/25 01:02:55 Image size of job updated: 1244528
	1071  -  MemoryUsage of job (MB)
	1096684  -  ResidentSetSize of job (KB)
...
006 (20358.000.000) 02/25 01:07:55 Image size of job updated: 1310064
	1133  -  MemoryUsage of job (MB)
	1160056  -  ResidentSetSize of job (KB)
...
006 (20358.000.000) 02/25 01:12:56 Image size of job updated: 1313096
	1135  -  MemoryUsage of job (MB)
	1162112  -  ResidentSetSize of job (KB)
...
006 (20358.000.000) 02/25 01:22:56 Image size of job updated: 1434044
	1279  -  MemoryUsage of job (MB)
	1309376  -  ResidentSetSize of job (KB)
...
006 (20358.000.000) 02/25 01:27:57 Image size of job updated: 1524116
	1303  -  MemoryUsage of job (MB)
	1334192  -  ResidentSetSize of job (KB)
...
006 (20358.000.000) 02/25 01:32:58 Image size of job updated: 1524116
	1303  -  MemoryUsage of job (MB)
	1334200  -  ResidentSetSize of job (KB)
...
006 (20358.000.000) 02/25 01:42:59 Image size of job updated: 1524116
	1303  -  MemoryUsage of job (MB)
	1334208  -  ResidentSetSize of job (KB)
...
006 (20358.000.000) 02/25 01:48:00 Image size of job updated: 1524116
	1304  -  MemoryUsage of job (MB)
	1334528  -  ResidentSetSize of job (KB)
...
006 (20358.000.000) 02/25 01:58:00 Image size of job updated: 1526096
	1326  -  MemoryUsage of job (MB)
	1356976  -  ResidentSetSize of job (KB)
...
006 (20358.000.000) 02/25 02:03:01 Image size of job updated: 1526096
	1326  -  MemoryUsage of job (MB)
	1357168  -  ResidentSetSize of job (KB)
...
006 (20358.000.000) 02/25 05:06:23 Image size of job updated: 10049876
	1326  -  MemoryUsage of job (MB)
	1357168  -  ResidentSetSize of job (KB)
...
005 (20358.000.000) 02/25 05:06:23 Job terminated.
	(1) Normal termination (return value 0)
		Usr 0 08:14:05, Sys 0 00:01:56  -  Run Remote Usage
		Usr 0 00:00:00, Sys 0 00:00:00  -  Run Local Usage
		Usr 0 08:14:05, Sys 0 00:01:56  -  Total Remote Usage
		Usr 0 00:00:00, Sys 0 00:00:00  -  Total Local Usage
	0  -  Run Bytes Sent By Job
	0  -  Run Bytes Received By Job
	0  -  Total Bytes Sent By Job
	0  -  Total Bytes Received By Job
	Partitionable Resources :    Usage  Request Allocated
	   Cpus                 :                 2         2
	   Disk (KB)            :        1        1   5108787
	   Memory (MB)          :     1326        1         1
...
