000 (20416.000.000) 02/24 21:34:57 Job submitted from host: <134.76.239.76:13753?addrs=134.76.239.76-13753>
...
001 (20416.000.000) 02/25 00:50:40 Job executing on host: <134.76.239.89:24193?addrs=134.76.239.89-24193>
...
006 (20416.000.000) 02/25 00:50:48 Image size of job updated: 1
	3  -  MemoryUsage of job (MB)
	2068  -  ResidentSetSize of job (KB)
...
006 (20416.000.000) 02/25 00:55:48 Image size of job updated: 1143792
	933  -  MemoryUsage of job (MB)
	954512  -  ResidentSetSize of job (KB)
...
006 (20416.000.000) 02/25 01:00:49 Image size of job updated: 1145988
	933  -  MemoryUsage of job (MB)
	954512  -  ResidentSetSize of job (KB)
...
006 (20416.000.000) 02/25 01:05:49 Image size of job updated: 1292832
	1082  -  MemoryUsage of job (MB)
	1107092  -  ResidentSetSize of job (KB)
...
006 (20416.000.000) 02/25 01:10:49 Image size of job updated: 1438316
	1250  -  MemoryUsage of job (MB)
	1279244  -  ResidentSetSize of job (KB)
...
006 (20416.000.000) 02/25 01:15:50 Image size of job updated: 1438324
	1250  -  MemoryUsage of job (MB)
	1279244  -  ResidentSetSize of job (KB)
...
005 (20416.000.000) 02/25 02:38:35 Job terminated.
	(1) Normal termination (return value 0)
		Usr 0 02:46:14, Sys 0 00:00:30  -  Run Remote Usage
		Usr 0 00:00:00, Sys 0 00:00:00  -  Run Local Usage
		Usr 0 02:46:14, Sys 0 00:00:30  -  Total Remote Usage
		Usr 0 00:00:00, Sys 0 00:00:00  -  Total Local Usage
	0  -  Run Bytes Sent By Job
	0  -  Run Bytes Received By Job
	0  -  Total Bytes Sent By Job
	0  -  Total Bytes Received By Job
	Partitionable Resources :    Usage  Request Allocated
	   Cpus                 :                 2         2
	   Disk (KB)            :        1        1   5108824
	   Memory (MB)          :     1250        1         1
...
