000 (20133.000.000) 02/24 21:34:41 Job submitted from host: <134.76.239.76:13753?addrs=134.76.239.76-13753>
...
001 (20133.000.000) 02/24 21:35:02 Job executing on host: <134.76.239.83:20501?addrs=134.76.239.83-20501>
...
006 (20133.000.000) 02/24 21:35:13 Image size of job updated: 65712
	4  -  MemoryUsage of job (MB)
	3836  -  ResidentSetSize of job (KB)
...
006 (20133.000.000) 02/24 21:40:13 Image size of job updated: 1140224
	923  -  MemoryUsage of job (MB)
	944776  -  ResidentSetSize of job (KB)
...
006 (20133.000.000) 02/24 21:45:14 Image size of job updated: 1146452
	923  -  MemoryUsage of job (MB)
	944776  -  ResidentSetSize of job (KB)
...
006 (20133.000.000) 02/24 22:55:21 Image size of job updated: 1242168
	1060  -  MemoryUsage of job (MB)
	1085020  -  ResidentSetSize of job (KB)
...
006 (20133.000.000) 02/24 23:05:21 Image size of job updated: 1242168
	1060  -  MemoryUsage of job (MB)
	1085024  -  ResidentSetSize of job (KB)
...
006 (20133.000.000) 02/24 23:25:23 Image size of job updated: 1242168
	1060  -  MemoryUsage of job (MB)
	1085356  -  ResidentSetSize of job (KB)
...
006 (20133.000.000) 02/24 23:50:26 Image size of job updated: 1307704
	1086  -  MemoryUsage of job (MB)
	1111540  -  ResidentSetSize of job (KB)
...
006 (20133.000.000) 02/24 23:55:26 Image size of job updated: 1428652
	1204  -  MemoryUsage of job (MB)
	1232632  -  ResidentSetSize of job (KB)
...
006 (20133.000.000) 02/25 00:05:27 Image size of job updated: 1453188
	1229  -  MemoryUsage of job (MB)
	1257504  -  ResidentSetSize of job (KB)
...
006 (20133.000.000) 02/25 00:10:27 Image size of job updated: 1456672
	1231  -  MemoryUsage of job (MB)
	1259564  -  ResidentSetSize of job (KB)
...
006 (20133.000.000) 02/25 00:20:29 Image size of job updated: 1456672
	1232  -  MemoryUsage of job (MB)
	1261120  -  ResidentSetSize of job (KB)
...
006 (20133.000.000) 02/25 00:25:29 Image size of job updated: 1456672
	1235  -  MemoryUsage of job (MB)
	1264028  -  ResidentSetSize of job (KB)
...
006 (20133.000.000) 02/25 00:30:30 Image size of job updated: 1456672
	1235  -  MemoryUsage of job (MB)
	1264344  -  ResidentSetSize of job (KB)
...
006 (20133.000.000) 02/25 00:35:31 Image size of job updated: 1524204
	1299  -  MemoryUsage of job (MB)
	1329220  -  ResidentSetSize of job (KB)
...
006 (20133.000.000) 02/25 03:30:50 Image size of job updated: 1524232
	1299  -  MemoryUsage of job (MB)
	1329220  -  ResidentSetSize of job (KB)
...
006 (20133.000.000) 02/25 05:14:36 Image size of job updated: 12802392
	1299  -  MemoryUsage of job (MB)
	1329220  -  ResidentSetSize of job (KB)
...
005 (20133.000.000) 02/25 05:14:36 Job terminated.
	(1) Normal termination (return value 0)
		Usr 0 12:43:40, Sys 0 00:03:37  -  Run Remote Usage
		Usr 0 00:00:00, Sys 0 00:00:00  -  Run Local Usage
		Usr 0 12:43:40, Sys 0 00:03:37  -  Total Remote Usage
		Usr 0 00:00:00, Sys 0 00:00:00  -  Total Local Usage
	0  -  Run Bytes Sent By Job
	0  -  Run Bytes Received By Job
	0  -  Total Bytes Sent By Job
	0  -  Total Bytes Received By Job
	Partitionable Resources :    Usage  Request Allocated
	   Cpus                 :                 2         2
	   Disk (KB)            :        1        1   5108806
	   Memory (MB)          :     1299        1         1
...
