DATE: 2016-02-26
TIME: 16:59:48
                                         version_number        8118
 read inlist_1.0
 create pre-main-sequence model
                                                species           8
 abundances
                                                     h1    6.6499799999999998D-01
                                                    he3    3.2597016662857197D-05
                                                    he4    3.0627240298333719D-01
                                                    c12    4.9381949849236478D-03
                                                    n14    1.4465562909284986D-03
                                                    o16    1.3430836817124467D-02
                                                   ne20    3.0124101088236659D-03
                                                   mg24    5.8690017981996925D-03


                                        relax_num_steps


                               finished relax_num_steps

 new_lnPgas_flag T
                                        relax_initial_Z    2.8697000000000000D-02
                                                  new z    2.8696999999999154D-02
                                        relax_initial_Y    3.0630499999999999D-01
                                                  new y    3.0630500000000022D-01
 net name basic.net
 do_element_diffusion T
 lnPgas_flag T
 kappa_file_prefix gs98
 kappa_lowT_prefix lowT_fa05_gs98
   eos_file_prefix mesa
                                        OMP_NUM_THREADS           1



stop because Lnuc_div_L >= Lnuc_div_L_zams_limit
    0.9995212833E+00    0.9990000000E+00

        817   7.121714   5301.202  -0.302023  -0.302023   0.946506   0.946506   0.664599   0.001800   0.306303   0.664904  -1.813179    805      0
   6.047446   1.858826  -0.076140 -47.928486  -1.831625 -99.000000   0.000000   0.306653   0.013431   0.028697   0.306390   0.081357      4      0
 4.6922E+07  17.097170  -0.301815 -99.000000   4.818335  -6.691885   0.000000   0.004635   0.003012  2.875E-02  2.871E-02 -0.952E-11  max increase

save photos/x817 for model 817
save final_profile.data write fgong_plot.data
                               s% atm_structure_num_pts          62
save final_profile.data.FGONG    817
 final_profile.data.FGONG for model 817
 saved to zams.mod
termination code: Lnuc_div_L_zams_limit

       runtime, prev time, retries, backups, steps         8.0        28.2         0         0       817
        817   7.121714   5301.202  -0.302023  -0.302023   0.946506   0.946506   0.664599   0.001800   0.306303   0.664904  -1.813179    805      0
   6.047446   1.858826  -0.076140 -47.928486  -1.831625 -99.000000   0.000000   0.306653   0.013431   0.028697   0.306390   0.081357      4      0
 4.6922E+07  17.097170  -0.301815 -99.000000   4.818335  -6.691885   0.000000   0.004635   0.003012  2.875E-02  2.871E-02 -0.952E-11  max increase

DATE: 2016-02-26
TIME: 17:09:31
DATE: 2016-02-26
TIME: 17:09:31
                                         version_number        8118
 read inlist_1.0
load saved model zams.mod

 new_lnPgas_flag T
 net name basic.net
 do_element_diffusion T
 lnPgas_flag T
                       which_atm_option: Eddington_grey
 kappa_file_prefix gs98
 kappa_lowT_prefix lowT_fa05_gs98
   eos_file_prefix mesa
                                        OMP_NUM_THREADS           1


__________________________________________________________________________________________________________________________________________________

       step    lg_Tcntr    Teff       lg_LH     lg_Lnuc     Mass       H_rich     H_cntr     N_cntr     Y_surf     X_avg     eta_cntr  zones retry
   lg_dt_yr    lg_Dcntr    lg_R       lg_L3a    lg_Lneu     lg_Mdot    He_core    He_cntr    O_cntr     Z_surf     Y_avg     gam_cntr  iters bckup
     age_yr    lg_Pcntr    lg_L       lg_LZ     lg_Psurf    lg_Dsurf   C_core     C_cntr     Ne_cntr    Z_cntr     Z_avg     v_div_cs     dt_limit
__________________________________________________________________________________________________________________________________________________

        822   7.121425   5335.987  -0.306008  -0.306008   0.946506   0.946506   0.664459   0.001983   0.306302   0.664874  -1.809684    811      0
   6.000000   1.859873  -0.084287 -47.941457  -1.837456 -99.000000   0.000000   0.306767   0.013431   0.028697   0.306417   0.081483      4      0
 5.1653E+07  17.097887  -0.306748 -15.954590   4.992267  -6.521554   0.000000   0.004478   0.003012  2.877E-02  2.871E-02 -0.126E-11        max_dt

