DATE: 2016-02-26
TIME: 16:59:20
                                         version_number        8118
 read inlist_1.0
 create pre-main-sequence model
                                                species           8
 abundances
                                                     h1    7.5439999999999996D-01
                                                    he3    2.5960870452176832D-05
                                                    he4    2.4392103912954785D-01
                                                    c12    2.8444911698361760D-04
                                                    n14    8.3324303896046040D-05
                                                    o16    7.7364091224542538D-04
                                                   ne20    1.7352036484251216D-04
                                                   mg24    3.3806530203241429D-04


                                        relax_num_steps


                               finished relax_num_steps

 new_lnPgas_flag T
                                        relax_initial_Z    1.6530000000000000D-03
                                                  new z    1.6530000000005321D-03
                                        relax_initial_Y    2.4394700000000000D-01
                                                  new y    2.4394699999999978D-01
 net name basic.net
 do_element_diffusion T
 lnPgas_flag T
 kappa_file_prefix gs98
 kappa_lowT_prefix lowT_fa05_gs98
   eos_file_prefix mesa
                                        OMP_NUM_THREADS           1



stop because Lnuc_div_L >= Lnuc_div_L_zams_limit
    0.1000160161E+01    0.9990000000E+00

        919   7.232275   7762.832   0.544892   0.544892   1.218857   1.218857   0.753188   0.000413   0.237333   0.754092  -1.820289    892      0
   6.157932   1.997263   0.015887 -42.318140  -1.073694 -99.000000   0.000000   0.245112   0.000773   0.001549   0.244246   0.066751      2      0
 1.9383E+07  17.377517   0.544823 -15.051500   3.958328  -7.765765   0.000000   0.000002   0.000174  1.700E-03  1.663E-03  0.233E-12  max increase

save photos/x919 for model 919
save final_profile.data write fgong_plot.data
                               s% atm_structure_num_pts          82
save final_profile.data.FGONG    919
 final_profile.data.FGONG for model 919
 saved to zams.mod
termination code: Lnuc_div_L_zams_limit

       runtime, prev time, retries, backups, steps         8.5        28.2         0         0       919
        919   7.232275   7762.832   0.544892   0.544892   1.218857   1.218857   0.753188   0.000413   0.237333   0.754092  -1.820289    892      0
   6.157932   1.997263   0.015887 -42.318140  -1.073694 -99.000000   0.000000   0.245112   0.000773   0.001549   0.244246   0.066751      2      0
 1.9383E+07  17.377517   0.544823 -15.051500   3.958328  -7.765765   0.000000   0.000002   0.000174  1.700E-03  1.663E-03  0.233E-12  max increase

DATE: 2016-02-26
TIME: 17:10:02
DATE: 2016-02-26
TIME: 17:10:02
                                         version_number        8118
 read inlist_1.0
load saved model zams.mod

 new_lnPgas_flag T
 net name basic.net
 do_element_diffusion T
 lnPgas_flag T
                       which_atm_option: Eddington_grey
 kappa_file_prefix gs98
 kappa_lowT_prefix lowT_fa05_gs98
   eos_file_prefix mesa
                                        OMP_NUM_THREADS           1


__________________________________________________________________________________________________________________________________________________

       step    lg_Tcntr    Teff       lg_LH     lg_Lnuc     Mass       H_rich     H_cntr     N_cntr     Y_surf     X_avg     eta_cntr  zones retry
   lg_dt_yr    lg_Dcntr    lg_R       lg_L3a    lg_Lneu     lg_Mdot    He_core    He_cntr    O_cntr     Z_surf     Y_avg     gam_cntr  iters bckup
     age_yr    lg_Pcntr    lg_L       lg_LZ     lg_Psurf    lg_Dsurf   C_core     C_cntr     Ne_cntr    Z_cntr     Z_avg     v_div_cs     dt_limit
__________________________________________________________________________________________________________________________________________________

       retry log10(dt/yr), log10(dt), retry_factor     1  1027        5.397940       12.897052        0.500000
       retry log10(dt/yr), log10(dt), retry_factor     2  1027        5.096910       12.596022        0.500000
 have reached retry limit so now backup
       retry log10(dt/yr), log10(dt), retry_factor     1  1029        4.795880       12.294992        0.500000
       retry log10(dt/yr), log10(dt), retry_factor     2  1029        4.494850       11.993962        0.500000
 have reached retry limit so now backup
       retry log10(dt/yr), log10(dt), retry_factor     1  1029        4.096910       11.596022        0.500000
       retry log10(dt/yr), log10(dt), retry_factor     2  1029        3.795880       11.294992        0.500000
