000 (20386.000.000) 02/24 21:34:55 Job submitted from host: <134.76.239.76:13753?addrs=134.76.239.76-13753>
...
001 (20386.000.000) 02/25 00:31:40 Job executing on host: <134.76.239.84:12289?addrs=134.76.239.84-12289>
...
006 (20386.000.000) 02/25 00:31:48 Image size of job updated: 1
	3  -  MemoryUsage of job (MB)
	2072  -  ResidentSetSize of job (KB)
...
006 (20386.000.000) 02/25 00:36:48 Image size of job updated: 1145904
	931  -  MemoryUsage of job (MB)
	952436  -  ResidentSetSize of job (KB)
...
006 (20386.000.000) 02/25 00:41:50 Image size of job updated: 1147112
	931  -  MemoryUsage of job (MB)
	952436  -  ResidentSetSize of job (KB)
...
006 (20386.000.000) 02/25 02:22:00 Image size of job updated: 1268484
	1066  -  MemoryUsage of job (MB)
	1090984  -  ResidentSetSize of job (KB)
...
006 (20386.000.000) 02/25 03:12:05 Image size of job updated: 1268484
	1066  -  MemoryUsage of job (MB)
	1091304  -  ResidentSetSize of job (KB)
...
006 (20386.000.000) 02/25 03:32:07 Image size of job updated: 1268484
	1068  -  MemoryUsage of job (MB)
	1092772  -  ResidentSetSize of job (KB)
...
006 (20386.000.000) 02/25 03:57:10 Image size of job updated: 1454968
	1211  -  MemoryUsage of job (MB)
	1239972  -  ResidentSetSize of job (KB)
...
006 (20386.000.000) 02/25 04:02:10 Image size of job updated: 1454968
	1211  -  MemoryUsage of job (MB)
	1240036  -  ResidentSetSize of job (KB)
...
006 (20386.000.000) 02/25 07:32:33 Image size of job updated: 1454968
	1215  -  MemoryUsage of job (MB)
	1243568  -  ResidentSetSize of job (KB)
...
006 (20386.000.000) 02/25 07:37:33 Image size of job updated: 1454968
	1215  -  MemoryUsage of job (MB)
	1243572  -  ResidentSetSize of job (KB)
...
006 (20386.000.000) 02/25 09:00:45 Image size of job updated: 12791368
	1215  -  MemoryUsage of job (MB)
	1243572  -  ResidentSetSize of job (KB)
...
005 (20386.000.000) 02/25 09:00:45 Job terminated.
	(1) Normal termination (return value 0)
		Usr 0 14:26:44, Sys 0 00:03:20  -  Run Remote Usage
		Usr 0 00:00:00, Sys 0 00:00:00  -  Run Local Usage
		Usr 0 14:26:44, Sys 0 00:03:20  -  Total Remote Usage
		Usr 0 00:00:00, Sys 0 00:00:00  -  Total Local Usage
	0  -  Run Bytes Sent By Job
	0  -  Run Bytes Received By Job
	0  -  Total Bytes Sent By Job
	0  -  Total Bytes Received By Job
	Partitionable Resources :    Usage  Request Allocated
	   Cpus                 :                 2         2
	   Disk (KB)            :        1        1   5108565
	   Memory (MB)          :     1215        1         1
...
