DATE: 2016-02-26
TIME: 16:59:38
                                         version_number        8118
 read inlist_1.0
 create pre-main-sequence model
                                                species           8
 abundances
                                                     h1    7.3568500000000003D-01
                                                    he3    2.6384848233750180D-05
                                                    he4    2.4790461515176632D-01
                                                    c12    2.8193674123772328D-03
                                                    n14    8.2588348156854873D-04
                                                    o16    7.6680778622074909D-03
                                                   ne20    1.7198775907923197D-03
                                                   mg24    3.3507936530544750D-03


                                        relax_num_steps


                               finished relax_num_steps

 new_lnPgas_flag T
                                        relax_initial_Z    1.6383999999999999D-02
                                                  new z    1.6383999999999791D-02
                                        relax_initial_Y    2.4793100000000001D-01
                                                  new y    2.4793100000000004D-01
 net name basic.net
 do_element_diffusion T
 lnPgas_flag T
 kappa_file_prefix gs98
 kappa_lowT_prefix lowT_fa05_gs98
   eos_file_prefix mesa
                                        OMP_NUM_THREADS           1



stop because Lnuc_div_L >= Lnuc_div_L_zams_limit
    0.9990220968E+00    0.9990000000E+00

        833   7.179755   6199.033   0.245830   0.245830   1.245224   1.245224   0.735300   0.001636   0.247925   0.735599  -2.011677    806      0
   5.411582   1.844923   0.061995 -45.189866  -1.195869 -99.000000   0.000000   0.248200   0.007668   0.016384   0.247998   0.067897      4      0
 2.3210E+07  17.165384   0.246255 -15.653560   4.597135  -7.011149   0.000000   0.002125   0.001720  1.650E-02  1.640E-02 -0.766E-10    varcontrol

save photos/x833 for model 833
save final_profile.data write fgong_plot.data
                               s% atm_structure_num_pts          57
save final_profile.data.FGONG    833
 final_profile.data.FGONG for model 833
 saved to zams.mod
termination code: Lnuc_div_L_zams_limit

       runtime, prev time, retries, backups, steps         7.6        28.2         0         0       833
        833   7.179755   6199.033   0.245830   0.245830   1.245224   1.245224   0.735300   0.001636   0.247925   0.735599  -2.011677    806      0
   5.411582   1.844923   0.061995 -45.189866  -1.195869 -99.000000   0.000000   0.248200   0.007668   0.016384   0.247998   0.067897      4      0
 2.3210E+07  17.165384   0.246255 -15.653560   4.597135  -7.011149   0.000000   0.002125   0.001720  1.650E-02  1.640E-02 -0.766E-10    varcontrol

DATE: 2016-02-26
TIME: 17:09:14
DATE: 2016-02-26
TIME: 17:09:15
                                         version_number        8118
 read inlist_1.0
load saved model zams.mod

 new_lnPgas_flag T
 net name basic.net
 do_element_diffusion T
 lnPgas_flag T
                       which_atm_option: Eddington_grey
 kappa_file_prefix gs98
 kappa_lowT_prefix lowT_fa05_gs98
   eos_file_prefix mesa
                                        OMP_NUM_THREADS           1


__________________________________________________________________________________________________________________________________________________

       step    lg_Tcntr    Teff       lg_LH     lg_Lnuc     Mass       H_rich     H_cntr     N_cntr     Y_surf     X_avg     eta_cntr  zones retry
   lg_dt_yr    lg_Dcntr    lg_R       lg_L3a    lg_Lneu     lg_Mdot    He_core    He_cntr    O_cntr     Z_surf     Y_avg     gam_cntr  iters bckup
     age_yr    lg_Pcntr    lg_L       lg_LZ     lg_Psurf    lg_Dsurf   C_core     C_cntr     Ne_cntr    Z_cntr     Z_avg     v_div_cs     dt_limit
__________________________________________________________________________________________________________________________________________________

        879   7.192896   6470.864   0.273798   0.273798   1.245224   1.245224   0.731401   0.004101   0.247892   0.734996  -1.876722    789      0
   6.000000   1.921505   0.038486 -44.374927  -1.352991 -99.000000   0.000000   0.251748   0.007665   0.016382   0.248550   0.069987      4      0
 6.2693E+07  17.254318   0.273790 -99.000000   4.860105  -6.768911   0.000000   0.000015   0.001720  1.685E-02  1.645E-02  0.219E-12        max_dt

