DATE: 2016-02-26
TIME: 16:59:39
                                         version_number        8118
 read inlist_1.0
 create pre-main-sequence model
                                                species           8
 abundances
                                                     h1    6.9509900000000002D-01
                                                    he3    3.1822278146327593D-05
                                                    he4    2.9899317772185363D-01
                                                    c12    1.0111451974565754D-03
                                                    n14    2.9619698106059364D-04
                                                    o16    2.7500992137653182D-03
                                                   ne20    6.1682133322116793D-04
                                                   mg24    1.2017372744963376D-03


                                        relax_num_steps


                               finished relax_num_steps

 new_lnPgas_flag T
                                        relax_initial_Z    5.8760000000000001D-03
                                                  new z    5.8760000000000210D-03
                                        relax_initial_Y    2.9902499999999999D-01
                                                  new y    2.9902499999999987D-01
 net name basic.net
 do_element_diffusion T
 lnPgas_flag T
 kappa_file_prefix gs98
 kappa_lowT_prefix lowT_fa05_gs98
   eos_file_prefix mesa
                                        OMP_NUM_THREADS           1



stop because Lnuc_div_L >= Lnuc_div_L_zams_limit
    0.1000511211E+01    0.9990000000E+00

        962   7.279907   8228.434   0.763143   0.763143   1.368271   1.368271   0.693943   0.001471   0.298923   0.694721  -2.055470    885      0
   5.944382   1.986666   0.074342 -39.805183  -0.747808 -99.000000   0.000000   0.300015   0.002747   0.005871   0.299351   0.060928      2      0
 1.7714E+07  17.394617   0.762921 -15.051500   3.673416  -8.048789   0.000000   0.000007   0.000617  6.043E-03  5.929E-03 -0.362E-12  max increase

save photos/x962 for model 962
save final_profile.data write fgong_plot.data
                               s% atm_structure_num_pts          52
save final_profile.data.FGONG    962
 final_profile.data.FGONG for model 962
 saved to zams.mod
termination code: Lnuc_div_L_zams_limit

       runtime, prev time, retries, backups, steps         9.1        28.2         0         0       962
        962   7.279907   8228.434   0.763143   0.763143   1.368271   1.368271   0.693943   0.001471   0.298923   0.694721  -2.055470    885      0
   5.944382   1.986666   0.074342 -39.805183  -0.747808 -99.000000   0.000000   0.300015   0.002747   0.005871   0.299351   0.060928      2      0
 1.7714E+07  17.394617   0.762921 -15.051500   3.673416  -8.048789   0.000000   0.000007   0.000617  6.043E-03  5.929E-03 -0.362E-12  max increase

DATE: 2016-02-26
TIME: 17:10:40
DATE: 2016-02-26
TIME: 17:10:40
                                         version_number        8118
 read inlist_1.0
load saved model zams.mod

 new_lnPgas_flag T
 net name basic.net
 do_element_diffusion T
 lnPgas_flag T
                       which_atm_option: Eddington_grey
 kappa_file_prefix gs98
 kappa_lowT_prefix lowT_fa05_gs98
   eos_file_prefix mesa
                                        OMP_NUM_THREADS           1


__________________________________________________________________________________________________________________________________________________

       step    lg_Tcntr    Teff       lg_LH     lg_Lnuc     Mass       H_rich     H_cntr     N_cntr     Y_surf     X_avg     eta_cntr  zones retry
   lg_dt_yr    lg_Dcntr    lg_R       lg_L3a    lg_Lneu     lg_Mdot    He_core    He_cntr    O_cntr     Z_surf     Y_avg     gam_cntr  iters bckup
     age_yr    lg_Pcntr    lg_L       lg_LZ     lg_Psurf    lg_Dsurf   C_core     C_cntr     Ne_cntr    Z_cntr     Z_avg     v_div_cs     dt_limit
__________________________________________________________________________________________________________________________________________________

