000 (20545.000.000) 02/24 21:35:03 Job submitted from host: <134.76.239.76:13753?addrs=134.76.239.76-13753>
...
001 (20545.000.000) 02/25 02:14:40 Job executing on host: <134.76.239.88:25067?addrs=134.76.239.88-25067>
...
006 (20545.000.000) 02/25 02:14:49 Image size of job updated: 1
	3  -  MemoryUsage of job (MB)
	2068  -  ResidentSetSize of job (KB)
...
006 (20545.000.000) 02/25 02:19:51 Image size of job updated: 1145344
	938  -  MemoryUsage of job (MB)
	959864  -  ResidentSetSize of job (KB)
...
006 (20545.000.000) 02/25 02:24:51 Image size of job updated: 1146452
	938  -  MemoryUsage of job (MB)
	959864  -  ResidentSetSize of job (KB)
...
006 (20545.000.000) 02/25 02:44:53 Image size of job updated: 1294324
	1061  -  MemoryUsage of job (MB)
	1086052  -  ResidentSetSize of job (KB)
...
006 (20545.000.000) 02/25 02:59:55 Image size of job updated: 1294324
	1061  -  MemoryUsage of job (MB)
	1086380  -  ResidentSetSize of job (KB)
...
006 (20545.000.000) 02/25 03:04:56 Image size of job updated: 1294324
	1061  -  MemoryUsage of job (MB)
	1086388  -  ResidentSetSize of job (KB)
...
006 (20545.000.000) 02/25 03:09:57 Image size of job updated: 1440248
	1229  -  MemoryUsage of job (MB)
	1258196  -  ResidentSetSize of job (KB)
...
006 (20545.000.000) 02/25 03:14:57 Image size of job updated: 1443360
	1232  -  MemoryUsage of job (MB)
	1260608  -  ResidentSetSize of job (KB)
...
006 (20545.000.000) 02/25 03:19:57 Image size of job updated: 1443360
	1233  -  MemoryUsage of job (MB)
	1261812  -  ResidentSetSize of job (KB)
...
006 (20545.000.000) 02/25 03:24:58 Image size of job updated: 1443360
	1233  -  MemoryUsage of job (MB)
	1262248  -  ResidentSetSize of job (KB)
...
006 (20545.000.000) 02/25 03:29:58 Image size of job updated: 1445392
	1235  -  MemoryUsage of job (MB)
	1264292  -  ResidentSetSize of job (KB)
...
006 (20545.000.000) 02/25 03:34:58 Image size of job updated: 1446048
	1235  -  MemoryUsage of job (MB)
	1264292  -  ResidentSetSize of job (KB)
...
006 (20545.000.000) 02/25 04:15:02 Image size of job updated: 1457112
	1235  -  MemoryUsage of job (MB)
	1264292  -  ResidentSetSize of job (KB)
...
006 (20545.000.000) 02/25 04:35:04 Image size of job updated: 1459144
	1235  -  MemoryUsage of job (MB)
	1264292  -  ResidentSetSize of job (KB)
...
006 (20545.000.000) 02/25 04:40:04 Image size of job updated: 1459156
	1235  -  MemoryUsage of job (MB)
	1264292  -  ResidentSetSize of job (KB)
...
005 (20545.000.000) 02/25 05:45:21 Job terminated.
	(1) Normal termination (return value 0)
		Usr 0 05:50:30, Sys 0 00:01:10  -  Run Remote Usage
		Usr 0 00:00:00, Sys 0 00:00:00  -  Run Local Usage
		Usr 0 05:50:30, Sys 0 00:01:10  -  Total Remote Usage
		Usr 0 00:00:00, Sys 0 00:00:00  -  Total Local Usage
	0  -  Run Bytes Sent By Job
	0  -  Run Bytes Received By Job
	0  -  Total Bytes Sent By Job
	0  -  Total Bytes Received By Job
	Partitionable Resources :    Usage  Request Allocated
	   Cpus                 :                 2         2
	   Disk (KB)            :        1        1   5108717
	   Memory (MB)          :     1235        1         1
...
