000 (20584.000.000) 02/24 21:35:05 Job submitted from host: <134.76.239.76:13753?addrs=134.76.239.76-13753>
...
001 (20584.000.000) 02/25 02:38:44 Job executing on host: <134.76.239.89:24193?addrs=134.76.239.89-24193>
...
006 (20584.000.000) 02/25 02:38:52 Image size of job updated: 1
	3  -  MemoryUsage of job (MB)
	2064  -  ResidentSetSize of job (KB)
...
006 (20584.000.000) 02/25 02:43:52 Image size of job updated: 1144176
	926  -  MemoryUsage of job (MB)
	947660  -  ResidentSetSize of job (KB)
...
006 (20584.000.000) 02/25 02:48:52 Image size of job updated: 1146596
	926  -  MemoryUsage of job (MB)
	947660  -  ResidentSetSize of job (KB)
...
006 (20584.000.000) 02/25 03:03:53 Image size of job updated: 1288668
	1075  -  MemoryUsage of job (MB)
	1100576  -  ResidentSetSize of job (KB)
...
006 (20584.000.000) 02/25 03:08:54 Image size of job updated: 1288668
	1077  -  MemoryUsage of job (MB)
	1101848  -  ResidentSetSize of job (KB)
...
006 (20584.000.000) 02/25 03:13:55 Image size of job updated: 1434152
	1245  -  MemoryUsage of job (MB)
	1274000  -  ResidentSetSize of job (KB)
...
006 (20584.000.000) 02/25 03:18:55 Image size of job updated: 1436208
	1248  -  MemoryUsage of job (MB)
	1276948  -  ResidentSetSize of job (KB)
...
006 (20584.000.000) 02/25 03:53:59 Image size of job updated: 1436208
	1248  -  MemoryUsage of job (MB)
	1277588  -  ResidentSetSize of job (KB)
...
006 (20584.000.000) 02/25 03:59:00 Image size of job updated: 1436208
	1251  -  MemoryUsage of job (MB)
	1280024  -  ResidentSetSize of job (KB)
...
005 (20584.000.000) 02/25 05:02:44 Job terminated.
	(1) Normal termination (return value 0)
		Usr 0 03:51:14, Sys 0 00:00:42  -  Run Remote Usage
		Usr 0 00:00:00, Sys 0 00:00:00  -  Run Local Usage
		Usr 0 03:51:14, Sys 0 00:00:42  -  Total Remote Usage
		Usr 0 00:00:00, Sys 0 00:00:00  -  Total Local Usage
	0  -  Run Bytes Sent By Job
	0  -  Run Bytes Received By Job
	0  -  Total Bytes Sent By Job
	0  -  Total Bytes Received By Job
	Partitionable Resources :    Usage  Request Allocated
	   Cpus                 :                 2         2
	   Disk (KB)            :        1        1   5108797
	   Memory (MB)          :     1251        1         1
...
