DATE: 2016-02-26
TIME: 16:59:50
                                         version_number        8118
 read inlist_1.0
 create pre-main-sequence model
                                                species           8
 abundances
                                                     h1    7.7431000000000005D-01
                                                    he3    2.3767445237315337D-05
                                                    he4    2.2331223255476271D-01
                                                    c12    4.0507756889255210D-04
                                                    n14    1.1866026096266095D-04
                                                    o16    1.1017245658957067D-03
                                                   ne20    2.4710643607939799D-04
                                                   mg24    4.8143116816953845D-04


                                        relax_num_steps


                               finished relax_num_steps

 new_lnPgas_flag T
                                        relax_initial_Z    2.3540000000000002D-03
                                                  new z    2.3539999999994143D-03
                                        relax_initial_Y    2.2333600000000001D-01
                                                  new y    2.2333600000000003D-01
 net name basic.net
 do_element_diffusion T
 lnPgas_flag T
 kappa_file_prefix gs98
 kappa_lowT_prefix lowT_fa05_gs98
   eos_file_prefix mesa
                                        OMP_NUM_THREADS           1



stop because Lnuc_div_L >= Lnuc_div_L_zams_limit
    0.9994427753E+00    0.9990000000E+00

        884   7.205000   7016.251   0.403342   0.403342   1.175021   1.175021   0.772666   0.000582   0.057768   0.773935  -1.762235    812      0
   6.359129   1.975525   0.033098 -43.804615  -1.232590 -99.000000   0.000000   0.224912   0.001102   0.000407   0.223698   0.069397      4      0
 2.7431E+07  17.334690   0.403585 -15.352530   4.237628  -7.502423   0.000000   0.000009   0.000247  2.421E-03  2.367E-03  0.166E-11  max increase

save photos/x884 for model 884
save final_profile.data write fgong_plot.data
                               s% atm_structure_num_pts          51
save final_profile.data.FGONG    884
 final_profile.data.FGONG for model 884
 saved to zams.mod
termination code: Lnuc_div_L_zams_limit

       runtime, prev time, retries, backups, steps         8.3        28.2         0         0       884
        884   7.205000   7016.251   0.403342   0.403342   1.175021   1.175021   0.772666   0.000582   0.057768   0.773935  -1.762235    812      0
   6.359129   1.975525   0.033098 -43.804615  -1.232590 -99.000000   0.000000   0.224912   0.001102   0.000407   0.223698   0.069397      4      0
 2.7431E+07  17.334690   0.403585 -15.352530   4.237628  -7.502423   0.000000   0.000009   0.000247  2.421E-03  2.367E-03  0.166E-11  max increase

DATE: 2016-02-26
TIME: 17:09:44
DATE: 2016-02-26
TIME: 17:09:45
                                         version_number        8118
 read inlist_1.0
load saved model zams.mod

 new_lnPgas_flag T
 net name basic.net
 do_element_diffusion T
 lnPgas_flag T
                       which_atm_option: Eddington_grey
 kappa_file_prefix gs98
 kappa_lowT_prefix lowT_fa05_gs98
   eos_file_prefix mesa
                                        OMP_NUM_THREADS           1


__________________________________________________________________________________________________________________________________________________

       step    lg_Tcntr    Teff       lg_LH     lg_Lnuc     Mass       H_rich     H_cntr     N_cntr     Y_surf     X_avg     eta_cntr  zones retry
   lg_dt_yr    lg_Dcntr    lg_R       lg_L3a    lg_Lneu     lg_Mdot    He_core    He_cntr    O_cntr     Z_surf     Y_avg     gam_cntr  iters bckup
     age_yr    lg_Pcntr    lg_L       lg_LZ     lg_Psurf    lg_Dsurf   C_core     C_cntr     Ne_cntr    Z_cntr     Z_avg     v_div_cs     dt_limit
__________________________________________________________________________________________________________________________________________________

        885   7.205017   7136.256   0.403807   0.403807   1.175021   1.175021   0.772564   0.000584   0.049874   0.773913  -1.761851    812      0
   6.000000   1.975732   0.018463 -43.802868  -1.233250 -99.000000   0.000000   0.225015   0.001102   0.000332   0.223721   0.069408      7      0
 2.8431E+07  17.334884   0.403776 -99.000000   4.623734  -7.129778   0.000000   0.000007   0.000247  2.421E-03  2.367E-03 -0.850E-10              

