000 (20408.000.000) 02/24 21:34:57 Job submitted from host: <134.76.239.76:13753?addrs=134.76.239.76-13753>
...
001 (20408.000.000) 02/25 00:44:40 Job executing on host: <134.76.239.79:12046?addrs=134.76.239.79-12046>
...
006 (20408.000.000) 02/25 00:44:49 Image size of job updated: 1
	3  -  MemoryUsage of job (MB)
	2072  -  ResidentSetSize of job (KB)
...
006 (20408.000.000) 02/25 00:49:50 Image size of job updated: 1144436
	923  -  MemoryUsage of job (MB)
	944576  -  ResidentSetSize of job (KB)
...
006 (20408.000.000) 02/25 00:54:51 Image size of job updated: 1144956
	923  -  MemoryUsage of job (MB)
	944576  -  ResidentSetSize of job (KB)
...
006 (20408.000.000) 02/25 01:04:52 Image size of job updated: 1294364
	1061  -  MemoryUsage of job (MB)
	1085476  -  ResidentSetSize of job (KB)
...
006 (20408.000.000) 02/25 01:14:53 Image size of job updated: 1294364
	1061  -  MemoryUsage of job (MB)
	1085812  -  ResidentSetSize of job (KB)
...
006 (20408.000.000) 02/25 01:24:54 Image size of job updated: 1439848
	1229  -  MemoryUsage of job (MB)
	1257612  -  ResidentSetSize of job (KB)
...
006 (20408.000.000) 02/25 01:34:54 Image size of job updated: 1511092
	1295  -  MemoryUsage of job (MB)
	1325260  -  ResidentSetSize of job (KB)
...
006 (20408.000.000) 02/25 01:39:55 Image size of job updated: 1511092
	1296  -  MemoryUsage of job (MB)
	1326236  -  ResidentSetSize of job (KB)
...
006 (20408.000.000) 02/25 01:44:56 Image size of job updated: 1511092
	1296  -  MemoryUsage of job (MB)
	1326356  -  ResidentSetSize of job (KB)
...
006 (20408.000.000) 02/25 01:49:56 Image size of job updated: 1511092
	1296  -  MemoryUsage of job (MB)
	1326568  -  ResidentSetSize of job (KB)
...
006 (20408.000.000) 02/25 01:54:57 Image size of job updated: 1535628
	1320  -  MemoryUsage of job (MB)
	1351592  -  ResidentSetSize of job (KB)
...
006 (20408.000.000) 02/25 03:10:04 Image size of job updated: 1549288
	1320  -  MemoryUsage of job (MB)
	1351592  -  ResidentSetSize of job (KB)
...
006 (20408.000.000) 02/25 04:57:48 Image size of job updated: 9490364
	1320  -  MemoryUsage of job (MB)
	1351592  -  ResidentSetSize of job (KB)
...
005 (20408.000.000) 02/25 04:57:48 Job terminated.
	(1) Normal termination (return value 0)
		Usr 0 07:10:31, Sys 0 00:01:05  -  Run Remote Usage
		Usr 0 00:00:00, Sys 0 00:00:00  -  Run Local Usage
		Usr 0 07:10:31, Sys 0 00:01:05  -  Total Remote Usage
		Usr 0 00:00:00, Sys 0 00:00:00  -  Total Local Usage
	0  -  Run Bytes Sent By Job
	0  -  Run Bytes Received By Job
	0  -  Total Bytes Sent By Job
	0  -  Total Bytes Received By Job
	Partitionable Resources :    Usage  Request Allocated
	   Cpus                 :                 2         2
	   Disk (KB)            :        1        1   5108709
	   Memory (MB)          :     1320        1         1
...
