DATE: 2016-02-26
TIME: 16:59:46
                                         version_number        8118
 read inlist_1.0
 create pre-main-sequence model
                                                species           8
 abundances
                                                     h1    6.9863500000000001D-01
                                                    he3    2.8905515335744711D-05
                                                    he4    2.7158809448466426D-01
                                                    c12    5.1190516225218244D-03
                                                    n14    1.4995350225647634D-03
                                                    o16    1.3922728286434783D-02
                                                   ne20    3.1227367291802800D-03
                                                   mg24    6.0839483392983451D-03


                                        relax_num_steps


                               finished relax_num_steps

 new_lnPgas_flag T
                                        relax_initial_Z    2.9748000000000000D-02
                                                  new z    2.9747999999999261D-02
                                        relax_initial_Y    2.7161700000000000D-01
                                                  new y    2.7161700000000033D-01
 net name basic.net
 do_element_diffusion T
 lnPgas_flag T
 kappa_file_prefix gs98
 kappa_lowT_prefix lowT_fa05_gs98
   eos_file_prefix mesa
                                        OMP_NUM_THREADS           1



stop because Lnuc_div_L >= Lnuc_div_L_zams_limit
    0.1003306087E+01    0.9990000000E+00

        826   7.163021   5867.500   0.082700   0.082700   1.206662   1.206662   0.698182   0.002629   0.271617   0.698548  -2.083513    812      0
   5.604715   1.799939   0.027243 -46.024101  -1.337774 -99.000000   0.000000   0.271909   0.013923   0.029748   0.271682   0.069645      2      0
 2.9541E+07  17.090463   0.081267 -15.653560   4.693106  -6.876313   0.000000   0.004151   0.003123  2.991E-02  2.977E-02 -0.470E-10    varcontrol

save photos/x826 for model 826
save final_profile.data write fgong_plot.data
                               s% atm_structure_num_pts          73
save final_profile.data.FGONG    826
 final_profile.data.FGONG for model 826
 saved to zams.mod
termination code: Lnuc_div_L_zams_limit

       runtime, prev time, retries, backups, steps         7.6        28.2         0         0       826
        826   7.163021   5867.500   0.082700   0.082700   1.206662   1.206662   0.698182   0.002629   0.271617   0.698548  -2.083513    812      0
   5.604715   1.799939   0.027243 -46.024101  -1.337774 -99.000000   0.000000   0.271909   0.013923   0.029748   0.271682   0.069645      2      0
 2.9541E+07  17.090463   0.081267 -15.653560   4.693106  -6.876313   0.000000   0.004151   0.003123  2.991E-02  2.977E-02 -0.470E-10    varcontrol

DATE: 2016-02-26
TIME: 17:09:05
DATE: 2016-02-26
TIME: 17:09:05
                                         version_number        8118
 read inlist_1.0
load saved model zams.mod

 new_lnPgas_flag T
 net name basic.net
 do_element_diffusion T
 lnPgas_flag T
                       which_atm_option: Eddington_grey
 kappa_file_prefix gs98
 kappa_lowT_prefix lowT_fa05_gs98
   eos_file_prefix mesa
                                        OMP_NUM_THREADS           1


__________________________________________________________________________________________________________________________________________________

       step    lg_Tcntr    Teff       lg_LH     lg_Lnuc     Mass       H_rich     H_cntr     N_cntr     Y_surf     X_avg     eta_cntr  zones retry
   lg_dt_yr    lg_Dcntr    lg_R       lg_L3a    lg_Lneu     lg_Mdot    He_core    He_cntr    O_cntr     Z_surf     Y_avg     gam_cntr  iters bckup
     age_yr    lg_Pcntr    lg_L       lg_LZ     lg_Psurf    lg_Dsurf   C_core     C_cntr     Ne_cntr    Z_cntr     Z_avg     v_div_cs     dt_limit
__________________________________________________________________________________________________________________________________________________

