000 (20250.000.000) 02/24 21:34:47 Job submitted from host: <134.76.239.76:13753?addrs=134.76.239.76-13753>
...
001 (20250.000.000) 02/24 22:44:35 Job executing on host: <134.76.239.88:25067?addrs=134.76.239.88-25067>
...
006 (20250.000.000) 02/24 22:44:43 Image size of job updated: 1
	3  -  MemoryUsage of job (MB)
	2076  -  ResidentSetSize of job (KB)
...
006 (20250.000.000) 02/24 22:49:43 Image size of job updated: 1145540
	934  -  MemoryUsage of job (MB)
	955580  -  ResidentSetSize of job (KB)
...
006 (20250.000.000) 02/24 22:54:43 Image size of job updated: 1147020
	934  -  MemoryUsage of job (MB)
	955580  -  ResidentSetSize of job (KB)
...
006 (20250.000.000) 02/24 23:34:48 Image size of job updated: 1242060
	1063  -  MemoryUsage of job (MB)
	1087560  -  ResidentSetSize of job (KB)
...
006 (20250.000.000) 02/24 23:54:50 Image size of job updated: 1242060
	1063  -  MemoryUsage of job (MB)
	1087896  -  ResidentSetSize of job (KB)
...
006 (20250.000.000) 02/24 23:59:50 Image size of job updated: 1242060
	1063  -  MemoryUsage of job (MB)
	1087900  -  ResidentSetSize of job (KB)
...
006 (20250.000.000) 02/25 00:09:52 Image size of job updated: 1428544
	1207  -  MemoryUsage of job (MB)
	1235168  -  ResidentSetSize of job (KB)
...
006 (20250.000.000) 02/25 00:14:52 Image size of job updated: 1428544
	1207  -  MemoryUsage of job (MB)
	1235496  -  ResidentSetSize of job (KB)
...
006 (20250.000.000) 02/25 00:19:52 Image size of job updated: 1453080
	1231  -  MemoryUsage of job (MB)
	1260044  -  ResidentSetSize of job (KB)
...
006 (20250.000.000) 02/25 00:24:53 Image size of job updated: 1453080
	1231  -  MemoryUsage of job (MB)
	1260052  -  ResidentSetSize of job (KB)
...
006 (20250.000.000) 02/25 00:29:53 Image size of job updated: 1453080
	1231  -  MemoryUsage of job (MB)
	1260392  -  ResidentSetSize of job (KB)
...
006 (20250.000.000) 02/25 00:34:53 Image size of job updated: 1453080
	1231  -  MemoryUsage of job (MB)
	1260396  -  ResidentSetSize of job (KB)
...
006 (20250.000.000) 02/25 00:44:55 Image size of job updated: 1453092
	1231  -  MemoryUsage of job (MB)
	1260480  -  ResidentSetSize of job (KB)
...
006 (20250.000.000) 02/25 00:49:55 Image size of job updated: 1456036
	1233  -  MemoryUsage of job (MB)
	1262544  -  ResidentSetSize of job (KB)
...
006 (20250.000.000) 02/25 02:00:02 Image size of job updated: 1456036
	1240  -  MemoryUsage of job (MB)
	1269256  -  ResidentSetSize of job (KB)
...
006 (20250.000.000) 02/25 02:05:03 Image size of job updated: 1456036
	1240  -  MemoryUsage of job (MB)
	1269268  -  ResidentSetSize of job (KB)
...
006 (20250.000.000) 02/25 02:10:04 Image size of job updated: 1456036
	1240  -  MemoryUsage of job (MB)
	1269612  -  ResidentSetSize of job (KB)
...
006 (20250.000.000) 02/25 02:20:04 Image size of job updated: 1456036
	1240  -  MemoryUsage of job (MB)
	1269740  -  ResidentSetSize of job (KB)
...
006 (20250.000.000) 02/25 02:25:05 Image size of job updated: 1456036
	1241  -  MemoryUsage of job (MB)
	1269808  -  ResidentSetSize of job (KB)
...
005 (20250.000.000) 02/25 03:48:14 Job terminated.
	(1) Normal termination (return value 0)
		Usr 0 08:34:19, Sys 0 00:01:21  -  Run Remote Usage
		Usr 0 00:00:00, Sys 0 00:00:00  -  Run Local Usage
		Usr 0 08:34:19, Sys 0 00:01:21  -  Total Remote Usage
		Usr 0 00:00:00, Sys 0 00:00:00  -  Total Local Usage
	0  -  Run Bytes Sent By Job
	0  -  Run Bytes Received By Job
	0  -  Total Bytes Sent By Job
	0  -  Total Bytes Received By Job
	Partitionable Resources :    Usage  Request Allocated
	   Cpus                 :                 2         2
	   Disk (KB)            :        1        1   5108753
	   Memory (MB)          :     1241        1         1
...
