DATE: 2016-02-26
TIME: 16:59:27
                                         version_number        8118
 read inlist_1.0
 create pre-main-sequence model
                                                species           8
 abundances
                                                     h1    7.3628300000000002D-01
                                                    he3    2.8006052431663905D-05
                                                    he4    2.6313699394756834D-01
                                                    c12    9.4988452858392610D-05
                                                    n14    2.7825175892684497D-05
                                                    o16    2.5834832641220964D-04
                                                   ne20    5.7945094611643086D-05
                                                   mg24    1.1289295022495608D-04


                                        relax_num_steps


                               finished relax_num_steps

 new_lnPgas_flag T
                                        relax_initial_Z    5.5199999999999997D-04
                                                  new z    5.5199999999920027D-04
                                        relax_initial_Y    2.6316499999999998D-01
                                                  new y    2.6316500000000020D-01
 net name basic.net
 do_element_diffusion T
 lnPgas_flag T
 kappa_file_prefix gs98
 kappa_lowT_prefix lowT_fa05_gs98
   eos_file_prefix mesa
                                        OMP_NUM_THREADS           1



stop because Lnuc_div_L >= Lnuc_div_L_zams_limit
    0.1001147453E+01    0.9990000000E+00

        962   7.311168  1.037E+04   1.009285   1.009285   1.496591   1.496591   0.735591   0.000139   0.199957   0.736142  -2.056722    901      0
   5.311250   2.022444  -0.004065 -38.421947  -0.481935 -99.000000   0.000000   0.263842   0.000257   0.000299   0.263303   0.057125      2      0
 6.5974E+06  17.475731   1.008787 -14.750470   3.059679  -9.026946   0.000000   0.000001   0.000058  5.676E-04  5.555E-04 -0.198E-10  max increase

save photos/x962 for model 962
save final_profile.data write fgong_plot.data
                               s% atm_structure_num_pts          40
save final_profile.data.FGONG    962
 final_profile.data.FGONG for model 962
 saved to zams.mod
termination code: Lnuc_div_L_zams_limit

       runtime, prev time, retries, backups, steps         8.4        28.2         0         0       962
        962   7.311168  1.037E+04   1.009285   1.009285   1.496591   1.496591   0.735591   0.000139   0.199957   0.736142  -2.056722    901      0
   5.311250   2.022444  -0.004065 -38.421947  -0.481935 -99.000000   0.000000   0.263842   0.000257   0.000299   0.263303   0.057125      2      0
 6.5974E+06  17.475731   1.008787 -14.750470   3.059679  -9.026946   0.000000   0.000001   0.000058  5.676E-04  5.555E-04 -0.198E-10  max increase

DATE: 2016-02-26
TIME: 17:09:48
DATE: 2016-02-26
TIME: 17:09:48
                                         version_number        8118
 read inlist_1.0
load saved model zams.mod

 new_lnPgas_flag T
 net name basic.net
 do_element_diffusion T
 lnPgas_flag T
                       which_atm_option: Eddington_grey
 kappa_file_prefix gs98
 kappa_lowT_prefix lowT_fa05_gs98
   eos_file_prefix mesa
                                        OMP_NUM_THREADS           1


__________________________________________________________________________________________________________________________________________________

       step    lg_Tcntr    Teff       lg_LH     lg_Lnuc     Mass       H_rich     H_cntr     N_cntr     Y_surf     X_avg     eta_cntr  zones retry
   lg_dt_yr    lg_Dcntr    lg_R       lg_L3a    lg_Lneu     lg_Mdot    He_core    He_cntr    O_cntr     Z_surf     Y_avg     gam_cntr  iters bckup
     age_yr    lg_Pcntr    lg_L       lg_LZ     lg_Psurf    lg_Dsurf   C_core     C_cntr     Ne_cntr    Z_cntr     Z_avg     v_div_cs     dt_limit
__________________________________________________________________________________________________________________________________________________

