000 (20719.000.000) 02/24 21:35:12 Job submitted from host: <134.76.239.76:13753?addrs=134.76.239.76-13753>
...
001 (20719.000.000) 02/25 04:14:46 Job executing on host: <134.76.239.89:24193?addrs=134.76.239.89-24193>
...
006 (20719.000.000) 02/25 04:14:55 Image size of job updated: 1
	3  -  MemoryUsage of job (MB)
	2076  -  ResidentSetSize of job (KB)
...
006 (20719.000.000) 02/25 04:19:56 Image size of job updated: 1138300
	928  -  MemoryUsage of job (MB)
	950236  -  ResidentSetSize of job (KB)
...
006 (20719.000.000) 02/25 04:24:56 Image size of job updated: 1324556
	1152  -  MemoryUsage of job (MB)
	1179084  -  ResidentSetSize of job (KB)
...
006 (20719.000.000) 02/25 04:29:57 Image size of job updated: 1511048
	1297  -  MemoryUsage of job (MB)
	1327112  -  ResidentSetSize of job (KB)
...
006 (20719.000.000) 02/25 04:34:58 Image size of job updated: 1511052
	1297  -  MemoryUsage of job (MB)
	1327112  -  ResidentSetSize of job (KB)
...
006 (20719.000.000) 02/25 04:44:58 Image size of job updated: 1558996
	1297  -  MemoryUsage of job (MB)
	1327112  -  ResidentSetSize of job (KB)
...
006 (20719.000.000) 02/25 05:10:02 Image size of job updated: 1558996
	1297  -  MemoryUsage of job (MB)
	1327708  -  ResidentSetSize of job (KB)
...
006 (20719.000.000) 02/25 05:25:03 Image size of job updated: 1592276
	1350  -  MemoryUsage of job (MB)
	1381404  -  ResidentSetSize of job (KB)
...
006 (20719.000.000) 02/25 05:40:04 Image size of job updated: 1592276
	1350  -  MemoryUsage of job (MB)
	1381776  -  ResidentSetSize of job (KB)
...
006 (20719.000.000) 02/25 06:20:07 Image size of job updated: 1592276
	1363  -  MemoryUsage of job (MB)
	1395468  -  ResidentSetSize of job (KB)
...
006 (20719.000.000) 02/25 06:40:09 Image size of job updated: 1592276
	1366  -  MemoryUsage of job (MB)
	1398192  -  ResidentSetSize of job (KB)
...
006 (20719.000.000) 02/25 06:45:10 Image size of job updated: 1592276
	1371  -  MemoryUsage of job (MB)
	1403656  -  ResidentSetSize of job (KB)
...
006 (20719.000.000) 02/25 07:05:12 Image size of job updated: 1622552
	1374  -  MemoryUsage of job (MB)
	1406856  -  ResidentSetSize of job (KB)
...
006 (20719.000.000) 02/25 07:10:12 Image size of job updated: 1628112
	1380  -  MemoryUsage of job (MB)
	1412744  -  ResidentSetSize of job (KB)
...
006 (20719.000.000) 02/25 08:15:20 Image size of job updated: 1628112
	1396  -  MemoryUsage of job (MB)
	1429316  -  ResidentSetSize of job (KB)
...
006 (20719.000.000) 02/25 08:20:20 Image size of job updated: 1628112
	1397  -  MemoryUsage of job (MB)
	1430044  -  ResidentSetSize of job (KB)
...
006 (20719.000.000) 02/25 08:55:23 Image size of job updated: 1663076
	1447  -  MemoryUsage of job (MB)
	1481452  -  ResidentSetSize of job (KB)
...
006 (20719.000.000) 02/25 09:00:24 Image size of job updated: 1663084
	1447  -  MemoryUsage of job (MB)
	1481540  -  ResidentSetSize of job (KB)
...
006 (20719.000.000) 02/25 09:05:25 Image size of job updated: 1663084
	1448  -  MemoryUsage of job (MB)
	1481868  -  ResidentSetSize of job (KB)
...
006 (20719.000.000) 02/25 09:10:25 Image size of job updated: 1664244
	1448  -  MemoryUsage of job (MB)
	1481868  -  ResidentSetSize of job (KB)
...
006 (20719.000.000) 02/25 09:50:30 Image size of job updated: 1676080
	1448  -  MemoryUsage of job (MB)
	1482164  -  ResidentSetSize of job (KB)
...
006 (20719.000.000) 02/25 09:55:31 Image size of job updated: 1676080
	1448  -  MemoryUsage of job (MB)
	1482500  -  ResidentSetSize of job (KB)
...
006 (20719.000.000) 02/25 10:00:31 Image size of job updated: 1676088
	1448  -  MemoryUsage of job (MB)
	1482580  -  ResidentSetSize of job (KB)
...
006 (20719.000.000) 02/25 10:05:31 Image size of job updated: 1676088
	1449  -  MemoryUsage of job (MB)
	1482904  -  ResidentSetSize of job (KB)
...
006 (20719.000.000) 02/25 10:10:32 Image size of job updated: 1676088
	1449  -  MemoryUsage of job (MB)
	1482908  -  ResidentSetSize of job (KB)
...
006 (20719.000.000) 02/25 10:15:32 Image size of job updated: 1677248
	1449  -  MemoryUsage of job (MB)
	1482908  -  ResidentSetSize of job (KB)
...
005 (20719.000.000) 02/25 10:45:28 Job terminated.
	(1) Normal termination (return value 127)
		Usr 0 10:47:44, Sys 0 00:03:56  -  Run Remote Usage
		Usr 0 00:00:00, Sys 0 00:00:00  -  Run Local Usage
		Usr 0 10:47:44, Sys 0 00:03:56  -  Total Remote Usage
		Usr 0 00:00:00, Sys 0 00:00:00  -  Total Local Usage
	0  -  Run Bytes Sent By Job
	0  -  Run Bytes Received By Job
	0  -  Total Bytes Sent By Job
	0  -  Total Bytes Received By Job
	Partitionable Resources :    Usage  Request Allocated
	   Cpus                 :                 2         2
	   Disk (KB)            :        1        1   5108783
	   Memory (MB)          :     1449        1         1
...
