DATE: 2016-02-25
TIME: 13:25:07
                                         version_number        8118
 read inlist_1.0
 create pre-main-sequence model
                                                species           8
 abundances
                                                     h1    7.3817800000000000D-01
                                                    he3    2.5288933777263658D-05
                                                    he4    2.3760771106622275D-01
                                                    c12    4.1624559532466212D-03
                                                    n14    1.2193173544715306D-03
                                                    o16    1.1320992151424339D-02
                                                   ne20    2.5391918361618209D-03
                                                   mg24    4.9470427046957068D-03


                                        relax_num_steps

hydro_newton_step failed to converge
       retry log10(dt/yr), log10(dt), retry_factor     1    58       -5.602060        1.897052        0.500000

                               finished relax_num_steps

 new_lnPgas_flag T
                                        relax_initial_Z    2.4188999999999999D-02
                                                  new z    2.4189000000001005D-02
                                        relax_initial_Y    2.3763300000000001D-01
                                                  new y    2.3763299999999984D-01
 net name basic.net
 do_element_diffusion T
 lnPgas_flag T
 kappa_file_prefix gs98
 kappa_lowT_prefix lowT_fa05_gs98
   eos_file_prefix mesa
                                        OMP_NUM_THREADS           2


