DATE: 2016-02-26
TIME: 16:59:50
                                         version_number        8118
 read inlist_1.0
 create pre-main-sequence model
                                                species           8
 abundances
                                                     h1    7.0675100000000002D-01
                                                    he3    3.1050625813448991D-05
                                                    he4    2.9174294937418654D-01
                                                    c12    2.5381878254738849D-04
                                                    n14    7.4351692829199685D-05
                                                    o16    6.9033293742407434D-04
                                                   ne20    1.5483517129020192D-04
                                                   mg24    3.0166141590913954D-04


                                        relax_num_steps


                               finished relax_num_steps

 new_lnPgas_flag T
                                        relax_initial_Z    1.4750000000000000D-03
                                                  new z    1.4750000000002929D-03
                                        relax_initial_Y    2.9177399999999998D-01
                                                  new y    2.9177399999999998D-01
 net name basic.net
 do_element_diffusion T
 lnPgas_flag T
 kappa_file_prefix gs98
 kappa_lowT_prefix lowT_fa05_gs98
   eos_file_prefix mesa
                                        OMP_NUM_THREADS           1



stop because Lnuc_div_L >= Lnuc_div_L_zams_limit
    0.1004025311E+01    0.9990000000E+00

        803   7.125518   6100.812  -0.174205  -0.174205   0.788303   0.788303   0.706483   0.000088   0.291774   0.706678  -1.420578    780      0
   5.579395   2.011797  -0.135234 -47.496272  -1.802371 -99.000000   0.000000   0.292040   0.000690   0.001475   0.291846   0.087981      2      0
 2.4911E+07  17.271265  -0.175950 -99.000000   4.879287  -6.712538   0.000000   0.000242   0.000155  1.477E-03  1.475E-03 -0.352E-10    varcontrol

save photos/x803 for model 803
save final_profile.data write fgong_plot.data
                               s% atm_structure_num_pts          58
save final_profile.data.FGONG    803
 final_profile.data.FGONG for model 803
 saved to zams.mod
termination code: Lnuc_div_L_zams_limit

       runtime, prev time, retries, backups, steps         7.3        28.2         0         0       803
        803   7.125518   6100.812  -0.174205  -0.174205   0.788303   0.788303   0.706483   0.000088   0.291774   0.706678  -1.420578    780      0
   5.579395   2.011797  -0.135234 -47.496272  -1.802371 -99.000000   0.000000   0.292040   0.000690   0.001475   0.291846   0.087981      2      0
 2.4911E+07  17.271265  -0.175950 -99.000000   4.879287  -6.712538   0.000000   0.000242   0.000155  1.477E-03  1.475E-03 -0.352E-10    varcontrol

DATE: 2016-02-26
TIME: 17:08:49
DATE: 2016-02-26
TIME: 17:08:49
                                         version_number        8118
 read inlist_1.0
load saved model zams.mod

 new_lnPgas_flag T
 net name basic.net
 do_element_diffusion T
 lnPgas_flag T
                       which_atm_option: Eddington_grey
 kappa_file_prefix gs98
 kappa_lowT_prefix lowT_fa05_gs98
   eos_file_prefix mesa
                                        OMP_NUM_THREADS           1


__________________________________________________________________________________________________________________________________________________

       step    lg_Tcntr    Teff       lg_LH     lg_Lnuc     Mass       H_rich     H_cntr     N_cntr     Y_surf     X_avg     eta_cntr  zones retry
   lg_dt_yr    lg_Dcntr    lg_R       lg_L3a    lg_Lneu     lg_Mdot    He_core    He_cntr    O_cntr     Z_surf     Y_avg     gam_cntr  iters bckup
     age_yr    lg_Pcntr    lg_L       lg_LZ     lg_Psurf    lg_Dsurf   C_core     C_cntr     Ne_cntr    Z_cntr     Z_avg     v_div_cs     dt_limit
__________________________________________________________________________________________________________________________________________________

