DATE: 2016-02-26
TIME: 16:59:43
                                         version_number        8118
 read inlist_1.0
 create pre-main-sequence model
                                                species           8
 abundances
                                                     h1    7.7266999999999997D-01
                                                    he3    2.3840768704058319D-05
                                                    he4    2.2400115923129596D-01
                                                    c12    5.6872615343668965D-04
                                                    n14    1.6659819986474881D-04
                                                    o16    1.5468138021603804D-03
                                                   ne20    3.4693575668753645D-04
                                                   mg24    6.7592608785064720D-04


                                        relax_num_steps


                               finished relax_num_steps

 new_lnPgas_flag T
                                        relax_initial_Z    3.3050000000000002D-03
                                                  new z    3.3049999999999950D-03
                                        relax_initial_Y    2.2402500000000000D-01
                                                  new y    2.2402500000000000D-01
 net name basic.net
 do_element_diffusion T
 lnPgas_flag T
 kappa_file_prefix gs98
 kappa_lowT_prefix lowT_fa05_gs98
   eos_file_prefix mesa
                                        OMP_NUM_THREADS           1



stop because Lnuc_div_L >= Lnuc_div_L_zams_limit
    0.1000628986E+01    0.9990000000E+00

        893   7.222415   7218.921   0.503440   0.503440   1.255771   1.255771   0.770656   0.000827   0.013058   0.772196  -1.837898    823      0
   6.390815   1.971125   0.058155 -42.943095  -1.126040 -99.000000   0.000000   0.225943   0.001547   0.000018   0.224479   0.066520      4      0
 2.8490E+07  17.346865   0.503167 -99.000000   4.094508  -7.666716   0.000000   0.000004   0.000347  3.401E-03  3.326E-03  0.759E-12  max increase

save photos/x893 for model 893
save final_profile.data write fgong_plot.data
                               s% atm_structure_num_pts          46
save final_profile.data.FGONG    893
 final_profile.data.FGONG for model 893
 saved to zams.mod
termination code: Lnuc_div_L_zams_limit

       runtime, prev time, retries, backups, steps         8.6        28.2         0         0       893
        893   7.222415   7218.921   0.503440   0.503440   1.255771   1.255771   0.770656   0.000827   0.013058   0.772196  -1.837898    823      0
   6.390815   1.971125   0.058155 -42.943095  -1.126040 -99.000000   0.000000   0.225943   0.001547   0.000018   0.224479   0.066520      4      0
 2.8490E+07  17.346865   0.503167 -99.000000   4.094508  -7.666716   0.000000   0.000004   0.000347  3.401E-03  3.326E-03  0.759E-12  max increase

DATE: 2016-02-26
TIME: 17:10:08
DATE: 2016-02-26
TIME: 17:10:08
                                         version_number        8118
 read inlist_1.0
load saved model zams.mod

 new_lnPgas_flag T
 net name basic.net
 do_element_diffusion T
 lnPgas_flag T
                       which_atm_option: Eddington_grey
 kappa_file_prefix gs98
 kappa_lowT_prefix lowT_fa05_gs98
   eos_file_prefix mesa
                                        OMP_NUM_THREADS           1


__________________________________________________________________________________________________________________________________________________

       step    lg_Tcntr    Teff       lg_LH     lg_Lnuc     Mass       H_rich     H_cntr     N_cntr     Y_surf     X_avg     eta_cntr  zones retry
   lg_dt_yr    lg_Dcntr    lg_R       lg_L3a    lg_Lneu     lg_Mdot    He_core    He_cntr    O_cntr     Z_surf     Y_avg     gam_cntr  iters bckup
     age_yr    lg_Pcntr    lg_L       lg_LZ     lg_Psurf    lg_Dsurf   C_core     C_cntr     Ne_cntr    Z_cntr     Z_avg     v_div_cs     dt_limit
__________________________________________________________________________________________________________________________________________________

