DATE: 2016-02-26
TIME: 16:59:49
                                         version_number        8118
 read inlist_1.0
 create pre-main-sequence model
                                                species           8
 abundances
                                                     h1    6.3967400000000019D-01
                                                    he3    3.4765433148132918D-05
                                                    he4    3.2664623456685193D-01
                                                    c12    5.7896494500385386D-03
                                                    n14    1.6959747154158722D-03
                                                    o16    1.5746611308225675D-02
                                                   ne20    3.5318165003788596D-03
                                                   mg24    6.8809480259409842D-03


                                        relax_num_steps


                               finished relax_num_steps

 new_lnPgas_flag T
                                        relax_initial_Z    3.3645000000000001D-02
                                                  new z    3.3644999999999370D-02
                                        relax_initial_Y    3.2668100000000000D-01
                                                  new y    3.2668100000000005D-01
 net name basic.net
 do_element_diffusion T
 lnPgas_flag T
 kappa_file_prefix gs98
 kappa_lowT_prefix lowT_fa05_gs98
   eos_file_prefix mesa
                                        OMP_NUM_THREADS           1



stop because Lnuc_div_L >= Lnuc_div_L_zams_limit
    0.1001340800E+01    0.9990000000E+00

        848   7.188621   6007.681   0.315797   0.315797   1.273349   1.273349   0.639360   0.002925   0.326681   0.639613  -2.301900    815      0
   5.078116   1.762253   0.123710 -44.576015  -1.005765 -99.000000   0.000000   0.326820   0.015747   0.033645   0.326714   0.065715      2      0
 2.0898E+07  17.057587   0.315215 -99.000000   4.553727  -7.000393   0.000000   0.004736   0.003532  3.382E-02  3.367E-02 -0.266E-09    varcontrol

save photos/x848 for model 848
save final_profile.data write fgong_plot.data
                               s% atm_structure_num_pts          56
save final_profile.data.FGONG    848
 final_profile.data.FGONG for model 848
 saved to zams.mod
termination code: Lnuc_div_L_zams_limit

       runtime, prev time, retries, backups, steps         7.7        28.2         0         0       848
        848   7.188621   6007.681   0.315797   0.315797   1.273349   1.273349   0.639360   0.002925   0.326681   0.639613  -2.301900    815      0
   5.078116   1.762253   0.123710 -44.576015  -1.005765 -99.000000   0.000000   0.326820   0.015747   0.033645   0.326714   0.065715      2      0
 2.0898E+07  17.057587   0.315215 -99.000000   4.553727  -7.000393   0.000000   0.004736   0.003532  3.382E-02  3.367E-02 -0.266E-09    varcontrol

DATE: 2016-02-26
TIME: 17:09:08
DATE: 2016-02-26
TIME: 17:09:08
                                         version_number        8118
 read inlist_1.0
load saved model zams.mod

 new_lnPgas_flag T
 net name basic.net
 do_element_diffusion T
 lnPgas_flag T
                       which_atm_option: Eddington_grey
 kappa_file_prefix gs98
 kappa_lowT_prefix lowT_fa05_gs98
   eos_file_prefix mesa
                                        OMP_NUM_THREADS           1


__________________________________________________________________________________________________________________________________________________

       step    lg_Tcntr    Teff       lg_LH     lg_Lnuc     Mass       H_rich     H_cntr     N_cntr     Y_surf     X_avg     eta_cntr  zones retry
   lg_dt_yr    lg_Dcntr    lg_R       lg_L3a    lg_Lneu     lg_Mdot    He_core    He_cntr    O_cntr     Z_surf     Y_avg     gam_cntr  iters bckup
     age_yr    lg_Pcntr    lg_L       lg_LZ     lg_Psurf    lg_Dsurf   C_core     C_cntr     Ne_cntr    Z_cntr     Z_avg     v_div_cs     dt_limit
__________________________________________________________________________________________________________________________________________________

