000 (28254.000.000) 02/26 16:56:05 Job submitted from host: <134.76.239.76:15915?addrs=134.76.239.76-15915>
...
001 (28254.000.000) 02/26 16:56:12 Job executing on host: <134.76.239.90:16939?addrs=134.76.239.90-16939>
...
006 (28254.000.000) 02/26 16:56:22 Image size of job updated: 65708
	4  -  MemoryUsage of job (MB)
	4052  -  ResidentSetSize of job (KB)
...
006 (28254.000.000) 02/26 17:01:21 Image size of job updated: 1071276
	933  -  MemoryUsage of job (MB)
	954516  -  ResidentSetSize of job (KB)
...
006 (28254.000.000) 02/26 17:06:22 Image size of job updated: 1071964
	933  -  MemoryUsage of job (MB)
	955088  -  ResidentSetSize of job (KB)
...
006 (28254.000.000) 02/26 17:11:22 Image size of job updated: 1079952
	933  -  MemoryUsage of job (MB)
	955088  -  ResidentSetSize of job (KB)
...
006 (28254.000.000) 02/26 17:16:22 Image size of job updated: 1225688
	1080  -  MemoryUsage of job (MB)
	1105816  -  ResidentSetSize of job (KB)
...
