DATE: 2016-02-26
TIME: 16:59:22
                                         version_number        8118
 read inlist_1.0
 create pre-main-sequence model
                                                species           8
 abundances
                                                     h1    7.4019699999999999D-01
                                                    he3    2.7207901487436978D-05
                                                    he4    2.5563779209851256D-01
                                                    c12    7.1206923537700626D-04
                                                    n14    2.0858800334049195D-04
                                                    o16    1.9366764034310471D-03
                                                   ne20    4.3437826359244054D-04
                                                   mg24    8.4628809425898923D-04


                                        relax_num_steps


                               finished relax_num_steps

 new_lnPgas_flag T
                                        relax_initial_Z    4.1380000000000002D-03
                                                  new z    4.1380000000000366D-03
                                        relax_initial_Y    2.5566499999999998D-01
                                                  new y    2.5566499999999986D-01
 net name basic.net
 do_element_diffusion T
 lnPgas_flag T
 kappa_file_prefix gs98
 kappa_lowT_prefix lowT_fa05_gs98
   eos_file_prefix mesa
                                        OMP_NUM_THREADS           1



stop because Lnuc_div_L >= Lnuc_div_L_zams_limit
    0.1005016081E+01    0.9990000000E+00

        788   7.086256   5478.603  -0.386324  -0.386324   0.765341   0.765341   0.739882   0.000218   0.255663   0.740123  -1.341265    791      0
   5.722204   1.976002  -0.148072 -49.807348  -2.009554 -99.000000   0.000000   0.255979   0.001937   0.004138   0.255739   0.092496      4      0
 4.0298E+07  17.207157  -0.388497 -15.556650   5.117348  -6.440203   0.000000   0.000704   0.000434  4.139E-03  4.138E-03 -0.307E-10    varcontrol

save photos/x788 for model 788
save final_profile.data write fgong_plot.data
                               s% atm_structure_num_pts          89
save final_profile.data.FGONG    788
 final_profile.data.FGONG for model 788
 saved to zams.mod
termination code: Lnuc_div_L_zams_limit

       runtime, prev time, retries, backups, steps         9.2        28.2         0         0       788
        788   7.086256   5478.603  -0.386324  -0.386324   0.765341   0.765341   0.739882   0.000218   0.255663   0.740123  -1.341265    791      0
   5.722204   1.976002  -0.148072 -49.807348  -2.009554 -99.000000   0.000000   0.255979   0.001937   0.004138   0.255739   0.092496      4      0
 4.0298E+07  17.207157  -0.388497 -15.556650   5.117348  -6.440203   0.000000   0.000704   0.000434  4.139E-03  4.138E-03 -0.307E-10    varcontrol

DATE: 2016-02-26
TIME: 17:10:49
DATE: 2016-02-26
TIME: 17:10:50
                                         version_number        8118
 read inlist_1.0
load saved model zams.mod

 new_lnPgas_flag T
 net name basic.net
 do_element_diffusion T
 lnPgas_flag T
                       which_atm_option: Eddington_grey
 kappa_file_prefix gs98
 kappa_lowT_prefix lowT_fa05_gs98
   eos_file_prefix mesa
                                        OMP_NUM_THREADS           1


__________________________________________________________________________________________________________________________________________________

       step    lg_Tcntr    Teff       lg_LH     lg_Lnuc     Mass       H_rich     H_cntr     N_cntr     Y_surf     X_avg     eta_cntr  zones retry
   lg_dt_yr    lg_Dcntr    lg_R       lg_L3a    lg_Lneu     lg_Mdot    He_core    He_cntr    O_cntr     Z_surf     Y_avg     gam_cntr  iters bckup
     age_yr    lg_Pcntr    lg_L       lg_LZ     lg_Psurf    lg_Dsurf   C_core     C_cntr     Ne_cntr    Z_cntr     Z_avg     v_div_cs     dt_limit
__________________________________________________________________________________________________________________________________________________

