DATE: 2016-02-26
TIME: 16:59:41
                                         version_number        8118
 read inlist_1.0
 create pre-main-sequence model
                                                species           8
 abundances
                                                     h1    7.4772100000000008D-01
                                                    he3    2.6783923705863637D-05
                                                    he4    2.5165421607629412D-01
                                                    c12    1.0290415726327776D-04
                                                    n14    3.0143940550413800D-05
                                                    o16    2.7987735361327906D-04
                                                   ne20    6.2773852495958324D-05
                                                   mg24    1.2230069607705845D-04


                                        relax_num_steps


                               finished relax_num_steps

 new_lnPgas_flag T
                                        relax_initial_Z    5.9800000000000001D-04
                                                  new z    5.9800000000038197D-04
                                        relax_initial_Y    2.5168099999999999D-01
                                                  new y    2.5168099999999982D-01
 net name basic.net
 do_element_diffusion T
 lnPgas_flag T
 kappa_file_prefix gs98
 kappa_lowT_prefix lowT_fa05_gs98
   eos_file_prefix mesa
                                        OMP_NUM_THREADS           1



stop because Lnuc_div_L >= Lnuc_div_L_zams_limit
    0.1003042296E+01    0.9990000000E+00

        904   7.227987   7958.233   0.514703   0.514703   1.160849   1.160849   0.746954   0.000147   0.092313   0.747592  -1.763754    883      0
   5.646420   2.015919  -0.021426 -42.458405  -1.099309 -99.000000   0.000000   0.252431   0.000280   0.000061   0.251808   0.068526      2      0
 1.2331E+07  17.390118   0.513383 -14.574379   3.830624  -7.948709   0.000000   0.000003   0.000063  6.149E-04  6.001E-04 -0.457E-11  max increase

save photos/x904 for model 904
save final_profile.data write fgong_plot.data
                               s% atm_structure_num_pts          50
save final_profile.data.FGONG    904
 final_profile.data.FGONG for model 904
 saved to zams.mod
termination code: Lnuc_div_L_zams_limit

       runtime, prev time, retries, backups, steps         8.1        28.2         0         0       904
        904   7.227987   7958.233   0.514703   0.514703   1.160849   1.160849   0.746954   0.000147   0.092313   0.747592  -1.763754    883      0
   5.646420   2.015919  -0.021426 -42.458405  -1.099309 -99.000000   0.000000   0.252431   0.000280   0.000061   0.251808   0.068526      2      0
 1.2331E+07  17.390118   0.513383 -14.574379   3.830624  -7.948709   0.000000   0.000003   0.000063  6.149E-04  6.001E-04 -0.457E-11  max increase

DATE: 2016-02-26
TIME: 17:09:40
DATE: 2016-02-26
TIME: 17:09:40
                                         version_number        8118
 read inlist_1.0
load saved model zams.mod

 new_lnPgas_flag T
 net name basic.net
 do_element_diffusion T
 lnPgas_flag T
                       which_atm_option: Eddington_grey
 kappa_file_prefix gs98
 kappa_lowT_prefix lowT_fa05_gs98
   eos_file_prefix mesa
                                        OMP_NUM_THREADS           1


__________________________________________________________________________________________________________________________________________________

       step    lg_Tcntr    Teff       lg_LH     lg_Lnuc     Mass       H_rich     H_cntr     N_cntr     Y_surf     X_avg     eta_cntr  zones retry
   lg_dt_yr    lg_Dcntr    lg_R       lg_L3a    lg_Lneu     lg_Mdot    He_core    He_cntr    O_cntr     Z_surf     Y_avg     gam_cntr  iters bckup
     age_yr    lg_Pcntr    lg_L       lg_LZ     lg_Psurf    lg_Dsurf   C_core     C_cntr     Ne_cntr    Z_cntr     Z_avg     v_div_cs     dt_limit
__________________________________________________________________________________________________________________________________________________

