000 (20460.000.000) 02/24 21:34:59 Job submitted from host: <134.76.239.76:13753?addrs=134.76.239.76-13753>
...
001 (20460.000.000) 02/25 01:17:40 Job executing on host: <134.76.239.79:12046?addrs=134.76.239.79-12046>
...
006 (20460.000.000) 02/25 01:17:49 Image size of job updated: 839196
	638  -  MemoryUsage of job (MB)
	652600  -  ResidentSetSize of job (KB)
...
006 (20460.000.000) 02/25 01:22:50 Image size of job updated: 1144312
	935  -  MemoryUsage of job (MB)
	956508  -  ResidentSetSize of job (KB)
...
006 (20460.000.000) 02/25 01:27:51 Image size of job updated: 1145752
	935  -  MemoryUsage of job (MB)
	956508  -  ResidentSetSize of job (KB)
...
006 (20460.000.000) 02/25 01:32:51 Image size of job updated: 1252576
	1077  -  MemoryUsage of job (MB)
	1102808  -  ResidentSetSize of job (KB)
...
006 (20460.000.000) 02/25 01:37:52 Image size of job updated: 1463596
	1246  -  MemoryUsage of job (MB)
	1275276  -  ResidentSetSize of job (KB)
...
006 (20460.000.000) 02/25 01:42:53 Image size of job updated: 1463608
	1246  -  MemoryUsage of job (MB)
	1275276  -  ResidentSetSize of job (KB)
...
006 (20460.000.000) 02/25 01:57:54 Image size of job updated: 1463608
	1248  -  MemoryUsage of job (MB)
	1277272  -  ResidentSetSize of job (KB)
...
006 (20460.000.000) 02/25 02:02:55 Image size of job updated: 1463608
	1248  -  MemoryUsage of job (MB)
	1277932  -  ResidentSetSize of job (KB)
...
006 (20460.000.000) 02/25 03:08:02 Image size of job updated: 7005516
	1248  -  MemoryUsage of job (MB)
	1277932  -  ResidentSetSize of job (KB)
...
005 (20460.000.000) 02/25 03:08:11 Job terminated.
	(1) Normal termination (return value 0)
		Usr 0 02:53:01, Sys 0 00:00:33  -  Run Remote Usage
		Usr 0 00:00:00, Sys 0 00:00:00  -  Run Local Usage
		Usr 0 02:53:01, Sys 0 00:00:33  -  Total Remote Usage
		Usr 0 00:00:00, Sys 0 00:00:00  -  Total Local Usage
	0  -  Run Bytes Sent By Job
	0  -  Run Bytes Received By Job
	0  -  Total Bytes Sent By Job
	0  -  Total Bytes Received By Job
	Partitionable Resources :    Usage  Request Allocated
	   Cpus                 :                 2         2
	   Disk (KB)            :        1        1   5108697
	   Memory (MB)          :     1248        1         1
...
