000 (20377.000.000) 02/24 21:34:55 Job submitted from host: <134.76.239.76:13753?addrs=134.76.239.76-13753>
...
001 (20377.000.000) 02/25 00:25:40 Job executing on host: <134.76.239.91:19968?addrs=134.76.239.91-19968>
...
006 (20377.000.000) 02/25 00:25:48 Image size of job updated: 26264
	4  -  MemoryUsage of job (MB)
	3308  -  ResidentSetSize of job (KB)
...
006 (20377.000.000) 02/25 00:30:48 Image size of job updated: 1145056
	936  -  MemoryUsage of job (MB)
	957712  -  ResidentSetSize of job (KB)
...
006 (20377.000.000) 02/25 00:35:49 Image size of job updated: 1146688
	936  -  MemoryUsage of job (MB)
	957712  -  ResidentSetSize of job (KB)
...
006 (20377.000.000) 02/25 00:40:50 Image size of job updated: 1293528
	1066  -  MemoryUsage of job (MB)
	1090844  -  ResidentSetSize of job (KB)
...
006 (20377.000.000) 02/25 00:45:50 Image size of job updated: 1293528
	1066  -  MemoryUsage of job (MB)
	1090848  -  ResidentSetSize of job (KB)
...
006 (20377.000.000) 02/25 00:50:51 Image size of job updated: 1293528
	1066  -  MemoryUsage of job (MB)
	1090860  -  ResidentSetSize of job (KB)
...
006 (20377.000.000) 02/25 00:55:52 Image size of job updated: 1293528
	1066  -  MemoryUsage of job (MB)
	1091200  -  ResidentSetSize of job (KB)
...
006 (20377.000.000) 02/25 01:00:52 Image size of job updated: 1414476
	1210  -  MemoryUsage of job (MB)
	1238476  -  ResidentSetSize of job (KB)
...
006 (20377.000.000) 02/25 01:05:52 Image size of job updated: 1414476
	1210  -  MemoryUsage of job (MB)
	1238812  -  ResidentSetSize of job (KB)
...
006 (20377.000.000) 02/25 01:15:53 Image size of job updated: 1414884
	1211  -  MemoryUsage of job (MB)
	1239140  -  ResidentSetSize of job (KB)
...
006 (20377.000.000) 02/25 01:20:53 Image size of job updated: 1414884
	1211  -  MemoryUsage of job (MB)
	1239144  -  ResidentSetSize of job (KB)
...
006 (20377.000.000) 02/25 01:25:54 Image size of job updated: 1414884
	1211  -  MemoryUsage of job (MB)
	1239152  -  ResidentSetSize of job (KB)
...
006 (20377.000.000) 02/25 01:30:55 Image size of job updated: 1417908
	1211  -  MemoryUsage of job (MB)
	1239332  -  ResidentSetSize of job (KB)
...
006 (20377.000.000) 02/25 02:00:58 Image size of job updated: 1429340
	1216  -  MemoryUsage of job (MB)
	1245064  -  ResidentSetSize of job (KB)
...
006 (20377.000.000) 02/25 02:05:59 Image size of job updated: 1429340
	1217  -  MemoryUsage of job (MB)
	1245400  -  ResidentSetSize of job (KB)
...
006 (20377.000.000) 02/25 02:16:00 Image size of job updated: 1429340
	1217  -  MemoryUsage of job (MB)
	1245720  -  ResidentSetSize of job (KB)
...
006 (20377.000.000) 02/25 02:26:01 Image size of job updated: 1429580
	1217  -  MemoryUsage of job (MB)
	1245724  -  ResidentSetSize of job (KB)
...
006 (20377.000.000) 02/25 02:31:01 Image size of job updated: 1432588
	1217  -  MemoryUsage of job (MB)
	1245900  -  ResidentSetSize of job (KB)
...
006 (20377.000.000) 02/25 03:51:10 Image size of job updated: 10935660
	1217  -  MemoryUsage of job (MB)
	1245900  -  ResidentSetSize of job (KB)
...
005 (20377.000.000) 02/25 03:51:33 Job terminated.
	(1) Normal termination (return value 0)
		Usr 0 05:42:41, Sys 0 00:00:57  -  Run Remote Usage
		Usr 0 00:00:00, Sys 0 00:00:00  -  Run Local Usage
		Usr 0 05:42:41, Sys 0 00:00:57  -  Total Remote Usage
		Usr 0 00:00:00, Sys 0 00:00:00  -  Total Local Usage
	0  -  Run Bytes Sent By Job
	0  -  Run Bytes Received By Job
	0  -  Total Bytes Sent By Job
	0  -  Total Bytes Received By Job
	Partitionable Resources :    Usage  Request Allocated
	   Cpus                 :                 2         2
	   Disk (KB)            :        1        1   5108713
	   Memory (MB)          :     1217        1         1
...
