DATE: 2016-02-25
TIME: 13:24:49
                                         version_number        8118
 read inlist_1.0
 create pre-main-sequence model
                                                species           8
 abundances
                                                     h1    7.2641500000000003D-01
                                                    he3    2.8755888638733628D-05
                                                    he4    2.7018224411136127D-01
                                                    c12    5.8059971004398867D-04
                                                    n14    1.7007634685133437D-04
                                                    o16    1.5791073429619067D-03
                                                   ne20    3.5417889351399182D-04
                                                   mg24    6.9003770662876690D-04


                                        relax_num_steps


                               finished relax_num_steps

 new_lnPgas_flag T
                                        relax_initial_Z    3.3739999999999998D-03
                                                  new z    3.3739999999998159D-03
                                        relax_initial_Y    2.7021099999999998D-01
                                                  new y    2.7021100000000003D-01
 net name basic.net
 do_element_diffusion T
 lnPgas_flag T
 kappa_file_prefix gs98
 kappa_lowT_prefix lowT_fa05_gs98
   eos_file_prefix mesa
                                        OMP_NUM_THREADS           2


