000 (28594.000.000) 02/26 16:56:24 Job submitted from host: <134.76.239.76:15915?addrs=134.76.239.76-15915>
...
001 (28594.000.000) 02/26 16:56:44 Job executing on host: <134.76.239.83:29154?addrs=134.76.239.83-29154>
...
006 (28594.000.000) 02/26 16:56:54 Image size of job updated: 65712
	4  -  MemoryUsage of job (MB)
	4044  -  ResidentSetSize of job (KB)
...
006 (28594.000.000) 02/26 17:01:55 Image size of job updated: 1071528
	930  -  MemoryUsage of job (MB)
	952072  -  ResidentSetSize of job (KB)
...
006 (28594.000.000) 02/26 17:06:56 Image size of job updated: 1072004
	930  -  MemoryUsage of job (MB)
	952164  -  ResidentSetSize of job (KB)
...
006 (28594.000.000) 02/26 17:11:56 Image size of job updated: 1080496
	930  -  MemoryUsage of job (MB)
	952164  -  ResidentSetSize of job (KB)
...
006 (28594.000.000) 02/26 17:16:57 Image size of job updated: 1233264
	1087  -  MemoryUsage of job (MB)
	1112684  -  ResidentSetSize of job (KB)
...
