000 (20819.000.000) 02/24 21:35:18 Job submitted from host: <134.76.239.76:13753?addrs=134.76.239.76-13753>
...
001 (20819.000.000) 02/25 05:20:47 Job executing on host: <134.76.239.91:19968?addrs=134.76.239.91-19968>
...
006 (20819.000.000) 02/25 05:20:56 Image size of job updated: 440936
	203  -  MemoryUsage of job (MB)
	207004  -  ResidentSetSize of job (KB)
...
006 (20819.000.000) 02/25 05:25:57 Image size of job updated: 1144928
	924  -  MemoryUsage of job (MB)
	945560  -  ResidentSetSize of job (KB)
...
006 (20819.000.000) 02/25 05:30:58 Image size of job updated: 1174468
	975  -  MemoryUsage of job (MB)
	997764  -  ResidentSetSize of job (KB)
...
006 (20819.000.000) 02/25 05:35:58 Image size of job updated: 1360952
	1132  -  MemoryUsage of job (MB)
	1158188  -  ResidentSetSize of job (KB)
...
006 (20819.000.000) 02/25 05:40:59 Image size of job updated: 1595456
	1403  -  MemoryUsage of job (MB)
	1436296  -  ResidentSetSize of job (KB)
...
006 (20819.000.000) 02/25 05:46:00 Image size of job updated: 1596792
	1405  -  MemoryUsage of job (MB)
	1438048  -  ResidentSetSize of job (KB)
...
006 (20819.000.000) 02/25 05:51:00 Image size of job updated: 1823824
	1599  -  MemoryUsage of job (MB)
	1636840  -  ResidentSetSize of job (KB)
...
006 (20819.000.000) 02/25 05:56:00 Image size of job updated: 1825880
	1601  -  MemoryUsage of job (MB)
	1638916  -  ResidentSetSize of job (KB)
...
006 (20819.000.000) 02/25 06:01:01 Image size of job updated: 1850416
	1625  -  MemoryUsage of job (MB)
	1663924  -  ResidentSetSize of job (KB)
...
006 (20819.000.000) 02/25 06:06:01 Image size of job updated: 1850416
	1625  -  MemoryUsage of job (MB)
	1663944  -  ResidentSetSize of job (KB)
...
006 (20819.000.000) 02/25 06:51:06 Image size of job updated: 1850416
	1627  -  MemoryUsage of job (MB)
	1665380  -  ResidentSetSize of job (KB)
...
006 (20819.000.000) 02/25 06:56:07 Image size of job updated: 1850416
	1627  -  MemoryUsage of job (MB)
	1665412  -  ResidentSetSize of job (KB)
...
005 (20819.000.000) 02/25 08:04:11 Job terminated.
	(1) Normal termination (return value 0)
		Usr 0 04:25:11, Sys 0 00:00:39  -  Run Remote Usage
		Usr 0 00:00:00, Sys 0 00:00:00  -  Run Local Usage
		Usr 0 04:25:11, Sys 0 00:00:39  -  Total Remote Usage
		Usr 0 00:00:00, Sys 0 00:00:00  -  Total Local Usage
	0  -  Run Bytes Sent By Job
	0  -  Run Bytes Received By Job
	0  -  Total Bytes Sent By Job
	0  -  Total Bytes Received By Job
	Partitionable Resources :    Usage  Request Allocated
	   Cpus                 :                 2         2
	   Disk (KB)            :        1        1   5108664
	   Memory (MB)          :     1627        1         1
...
