DATE: 2016-02-26
TIME: 16:59:50
                                         version_number        8118
 read inlist_1.0
 create pre-main-sequence model
                                                species           8
 abundances
                                                     h1    7.4743999999999999D-01
                                                    he3    2.6833834744909295D-05
                                                    he4    2.5212316616525510D-01
                                                    c12    7.0553017521650458D-05
                                                    n14    2.0667250210151447D-05
                                                    o16    1.9188915548737934D-04
                                                   ne20    4.3038928968804019D-05
                                                   mg24    8.3851647812036186D-05


                                        relax_num_steps


                               finished relax_num_steps

 new_lnPgas_flag T
                                        relax_initial_Z    4.0999999999999999D-04
                                                  new z    4.0999999999895471D-04
                                        relax_initial_Y    2.5214999999999999D-01
                                                  new y    2.5215000000000026D-01
 net name basic.net
 do_element_diffusion T
 lnPgas_flag T
 kappa_file_prefix gs98
 kappa_lowT_prefix lowT_fa05_gs98
   eos_file_prefix mesa
                                        OMP_NUM_THREADS           1



stop because Lnuc_div_L >= Lnuc_div_L_zams_limit
    0.1003573273E+01    0.9990000000E+00

        798   7.113179   6158.669  -0.185962  -0.185962   0.791708   0.791708   0.747188   0.000023   0.252129   0.747372  -1.369677    770      0
   5.535246   2.003289  -0.149213 -48.333413  -1.826868 -99.000000   0.000000   0.252402   0.000192   0.000410   0.252218   0.088386      4      0
 2.3938E+07  17.263903  -0.187511 -99.000000   4.866389  -6.742911   0.000000   0.000069   0.000043  4.103E-04  4.101E-04 -0.416E-10    varcontrol

save photos/x798 for model 798
save final_profile.data write fgong_plot.data
                               s% atm_structure_num_pts          57
save final_profile.data.FGONG    798
 final_profile.data.FGONG for model 798
 saved to zams.mod
termination code: Lnuc_div_L_zams_limit

       runtime, prev time, retries, backups, steps         7.2        28.2         0         0       798
        798   7.113179   6158.669  -0.185962  -0.185962   0.791708   0.791708   0.747188   0.000023   0.252129   0.747372  -1.369677    770      0
   5.535246   2.003289  -0.149213 -48.333413  -1.826868 -99.000000   0.000000   0.252402   0.000192   0.000410   0.252218   0.088386      4      0
 2.3938E+07  17.263903  -0.187511 -99.000000   4.866389  -6.742911   0.000000   0.000069   0.000043  4.103E-04  4.101E-04 -0.416E-10    varcontrol

DATE: 2016-02-26
TIME: 17:08:38
DATE: 2016-02-26
TIME: 17:08:38
                                         version_number        8118
 read inlist_1.0
load saved model zams.mod

 new_lnPgas_flag T
 net name basic.net
 do_element_diffusion T
 lnPgas_flag T
                       which_atm_option: Eddington_grey
 kappa_file_prefix gs98
 kappa_lowT_prefix lowT_fa05_gs98
   eos_file_prefix mesa
                                        OMP_NUM_THREADS           1


__________________________________________________________________________________________________________________________________________________

       step    lg_Tcntr    Teff       lg_LH     lg_Lnuc     Mass       H_rich     H_cntr     N_cntr     Y_surf     X_avg     eta_cntr  zones retry
   lg_dt_yr    lg_Dcntr    lg_R       lg_L3a    lg_Lneu     lg_Mdot    He_core    He_cntr    O_cntr     Z_surf     Y_avg     gam_cntr  iters bckup
     age_yr    lg_Pcntr    lg_L       lg_LZ     lg_Psurf    lg_Dsurf   C_core     C_cntr     Ne_cntr    Z_cntr     Z_avg     v_div_cs     dt_limit
__________________________________________________________________________________________________________________________________________________

