000 (19934.000.000) 02/24 21:34:31 Job submitted from host: <134.76.239.76:13753?addrs=134.76.239.76-13753>
...
001 (19934.000.000) 02/24 21:34:41 Job executing on host: <134.76.239.85:29523?addrs=134.76.239.85-29523>
...
006 (19934.000.000) 02/24 21:34:54 Image size of job updated: 13068
	2  -  MemoryUsage of job (MB)
	1468  -  ResidentSetSize of job (KB)
...
006 (19934.000.000) 02/24 21:39:54 Image size of job updated: 1137572
	915  -  MemoryUsage of job (MB)
	936788  -  ResidentSetSize of job (KB)
...
006 (19934.000.000) 02/24 21:44:56 Image size of job updated: 1143164
	921  -  MemoryUsage of job (MB)
	942604  -  ResidentSetSize of job (KB)
...
006 (19934.000.000) 02/24 21:49:56 Image size of job updated: 1144536
	921  -  MemoryUsage of job (MB)
	942604  -  ResidentSetSize of job (KB)
...
006 (19934.000.000) 02/24 21:59:58 Image size of job updated: 1254480
	1072  -  MemoryUsage of job (MB)
	1096836  -  ResidentSetSize of job (KB)
...
006 (19934.000.000) 02/24 22:04:58 Image size of job updated: 1514572
	1288  -  MemoryUsage of job (MB)
	1318172  -  ResidentSetSize of job (KB)
...
006 (19934.000.000) 02/24 22:09:58 Image size of job updated: 1563644
	1336  -  MemoryUsage of job (MB)
	1367812  -  ResidentSetSize of job (KB)
...
006 (19934.000.000) 02/24 22:14:59 Image size of job updated: 1563644
	1337  -  MemoryUsage of job (MB)
	1368200  -  ResidentSetSize of job (KB)
...
006 (19934.000.000) 02/24 22:35:01 Image size of job updated: 1564520
	1337  -  MemoryUsage of job (MB)
	1368200  -  ResidentSetSize of job (KB)
...
006 (19934.000.000) 02/24 22:40:01 Image size of job updated: 1564520
	1337  -  MemoryUsage of job (MB)
	1368952  -  ResidentSetSize of job (KB)
...
006 (19934.000.000) 02/24 22:45:01 Image size of job updated: 1564520
	1338  -  MemoryUsage of job (MB)
	1369268  -  ResidentSetSize of job (KB)
...
006 (19934.000.000) 02/24 23:05:04 Image size of job updated: 1564520
	1346  -  MemoryUsage of job (MB)
	1377568  -  ResidentSetSize of job (KB)
...
006 (19934.000.000) 02/24 23:10:05 Image size of job updated: 1564520
	1346  -  MemoryUsage of job (MB)
	1377888  -  ResidentSetSize of job (KB)
...
006 (19934.000.000) 02/24 23:35:07 Image size of job updated: 1567232
	1349  -  MemoryUsage of job (MB)
	1380864  -  ResidentSetSize of job (KB)
...
006 (19934.000.000) 02/24 23:40:08 Image size of job updated: 1567232
	1349  -  MemoryUsage of job (MB)
	1381184  -  ResidentSetSize of job (KB)
...
006 (19934.000.000) 02/25 00:05:10 Image size of job updated: 1572012
	1349  -  MemoryUsage of job (MB)
	1381184  -  ResidentSetSize of job (KB)
...
006 (19934.000.000) 02/25 00:35:14 Image size of job updated: 1572012
	1353  -  MemoryUsage of job (MB)
	1384792  -  ResidentSetSize of job (KB)
...
006 (19934.000.000) 02/25 00:40:14 Image size of job updated: 1572012
	1353  -  MemoryUsage of job (MB)
	1384880  -  ResidentSetSize of job (KB)
...
006 (19934.000.000) 02/25 00:45:15 Image size of job updated: 1572012
	1353  -  MemoryUsage of job (MB)
	1385224  -  ResidentSetSize of job (KB)
...
006 (19934.000.000) 02/25 01:10:18 Image size of job updated: 1644808
	1421  -  MemoryUsage of job (MB)
	1454652  -  ResidentSetSize of job (KB)
...
006 (19934.000.000) 02/25 01:15:18 Image size of job updated: 1644808
	1421  -  MemoryUsage of job (MB)
	1454740  -  ResidentSetSize of job (KB)
...
006 (19934.000.000) 02/25 01:20:19 Image size of job updated: 1644808
	1421  -  MemoryUsage of job (MB)
	1455028  -  ResidentSetSize of job (KB)
...
006 (19934.000.000) 02/25 01:50:22 Image size of job updated: 1649440
	1421  -  MemoryUsage of job (MB)
	1455028  -  ResidentSetSize of job (KB)
...
006 (19934.000.000) 02/25 02:35:27 Image size of job updated: 1656960
	1421  -  MemoryUsage of job (MB)
	1455028  -  ResidentSetSize of job (KB)
...
006 (19934.000.000) 02/25 02:40:27 Image size of job updated: 1656960
	1422  -  MemoryUsage of job (MB)
	1455204  -  ResidentSetSize of job (KB)
...
006 (19934.000.000) 02/25 03:20:31 Image size of job updated: 1656960
	1456  -  MemoryUsage of job (MB)
	1490100  -  ResidentSetSize of job (KB)
...
006 (19934.000.000) 02/25 03:30:32 Image size of job updated: 1656960
	1456  -  MemoryUsage of job (MB)
	1490420  -  ResidentSetSize of job (KB)
...
006 (19934.000.000) 02/25 04:10:38 Image size of job updated: 1698304
	1456  -  MemoryUsage of job (MB)
	1490420  -  ResidentSetSize of job (KB)
...
006 (19934.000.000) 02/25 04:35:40 Image size of job updated: 1698316
	1456  -  MemoryUsage of job (MB)
	1490420  -  ResidentSetSize of job (KB)
...
006 (19934.000.000) 02/25 05:20:46 Image size of job updated: 1698316
	1464  -  MemoryUsage of job (MB)
	1499076  -  ResidentSetSize of job (KB)
...
006 (19934.000.000) 02/25 05:25:46 Image size of job updated: 1698316
	1465  -  MemoryUsage of job (MB)
	1499404  -  ResidentSetSize of job (KB)
...
022 (19934.000.000) 02/25 05:32:11 Job disconnected, attempting to reconnect
    Socket between submit and execute hosts closed unexpectedly
    Trying to reconnect to slot1@seismo25.mps.mpg.de <134.76.239.85:29523?addrs=134.76.239.85-29523>
...
024 (19934.000.000) 02/25 06:12:14 Job reconnection failed
    Job disconnected too long: JobLeaseDuration (2400 seconds) expired
    Can not reconnect to slot1@seismo25.mps.mpg.de, rescheduling job
...
001 (19934.000.000) 02/25 06:12:48 Job executing on host: <134.76.239.79:12046?addrs=134.76.239.79-12046>
...
004 (19934.000.000) 02/25 09:57:09 Job was evicted.
	(0) Job was not checkpointed.
		Usr 0 06:29:30, Sys 0 00:01:59  -  Run Remote Usage
		Usr 0 00:00:00, Sys 0 00:00:00  -  Run Local Usage
	0  -  Run Bytes Sent By Job
	0  -  Run Bytes Received By Job
	Partitionable Resources :    Usage  Request Allocated
	   Cpus                 :                 2         2
	   Disk (KB)            :        1        1   5108654
	   Memory (MB)          :     1465     1465      1465
...
001 (19934.000.000) 02/25 09:58:48 Job executing on host: <134.76.239.87:13734?addrs=134.76.239.87-13734>
...
004 (19934.000.000) 02/25 10:09:51 Job was evicted.
	(0) Job was not checkpointed.
		Usr 0 00:13:49, Sys 0 00:00:05  -  Run Remote Usage
		Usr 0 00:00:00, Sys 0 00:00:00  -  Run Local Usage
	0  -  Run Bytes Sent By Job
	0  -  Run Bytes Received By Job
	Partitionable Resources :    Usage  Request Allocated
	   Cpus                 :                 2         2
	   Disk (KB)            :        1        1   5108685
	   Memory (MB)          :     1465     1465      1465
...
001 (19934.000.000) 02/25 10:10:11 Job executing on host: <134.76.239.88:25067?addrs=134.76.239.88-25067>
...
004 (19934.000.000) 02/25 10:49:48 Job was evicted.
	(0) Job was not checkpointed.
		Usr 0 01:09:37, Sys 0 00:00:35  -  Run Remote Usage
		Usr 0 00:00:00, Sys 0 00:00:00  -  Run Local Usage
	0  -  Run Bytes Sent By Job
	0  -  Run Bytes Received By Job
	Partitionable Resources :    Usage  Request Allocated
	   Cpus                 :                 2         2
	   Disk (KB)            :        1        1   5108624
	   Memory (MB)          :     1465     1465      1465
...
001 (19934.000.000) 02/25 10:50:41 Job executing on host: <134.76.239.90:23525?addrs=134.76.239.90-23525>
...
004 (19934.000.000) 02/25 10:52:28 Job was evicted.
	(0) Job was not checkpointed.
		Usr 0 00:02:22, Sys 0 00:00:02  -  Run Remote Usage
		Usr 0 00:00:00, Sys 0 00:00:00  -  Run Local Usage
	0  -  Run Bytes Sent By Job
	0  -  Run Bytes Received By Job
	Partitionable Resources :    Usage  Request Allocated
	   Cpus                 :                 2         2
	   Disk (KB)            :        1        1   5108675
	   Memory (MB)          :     1465     1465      1465
...
001 (19934.000.000) 02/25 10:54:26 Job executing on host: <134.76.239.90:23525?addrs=134.76.239.90-23525>
...
004 (19934.000.000) 02/25 11:04:25 Job was evicted.
	(0) Job was not checkpointed.
		Usr 0 00:17:15, Sys 0 00:00:06  -  Run Remote Usage
		Usr 0 00:00:00, Sys 0 00:00:00  -  Run Local Usage
	0  -  Run Bytes Sent By Job
	0  -  Run Bytes Received By Job
	Partitionable Resources :    Usage  Request Allocated
	   Cpus                 :                 2         2
	   Disk (KB)            :        1        1   5108669
	   Memory (MB)          :     1465     1465      1465
...
001 (19934.000.000) 02/25 11:06:24 Job executing on host: <134.76.239.90:23525?addrs=134.76.239.90-23525>
...
004 (19934.000.000) 02/25 11:08:07 Job was evicted.
	(0) Job was not checkpointed.
		Usr 0 00:02:20, Sys 0 00:00:01  -  Run Remote Usage
		Usr 0 00:00:00, Sys 0 00:00:00  -  Run Local Usage
	0  -  Run Bytes Sent By Job
	0  -  Run Bytes Received By Job
	Partitionable Resources :    Usage  Request Allocated
	   Cpus                 :                 2         2
	   Disk (KB)            :        1        1   5108670
	   Memory (MB)          :     1465     1465      1465
...
001 (19934.000.000) 02/25 11:11:05 Job executing on host: <134.76.239.90:23525?addrs=134.76.239.90-23525>
...
004 (19934.000.000) 02/25 11:30:52 Job was evicted.
	(0) Job was not checkpointed.
		Usr 0 00:29:02, Sys 0 00:00:08  -  Run Remote Usage
		Usr 0 00:00:00, Sys 0 00:00:00  -  Run Local Usage
	0  -  Run Bytes Sent By Job
	0  -  Run Bytes Received By Job
	Partitionable Resources :    Usage  Request Allocated
	   Cpus                 :                 2         2
	   Disk (KB)            :        1        1   5108649
	   Memory (MB)          :     1465     1465      1465
...
001 (19934.000.000) 02/25 11:32:40 Job executing on host: <134.76.239.90:23525?addrs=134.76.239.90-23525>
...
004 (19934.000.000) 02/25 11:45:13 Job was evicted.
	(0) Job was not checkpointed.
		Usr 0 00:15:44, Sys 0 00:00:05  -  Run Remote Usage
		Usr 0 00:00:00, Sys 0 00:00:00  -  Run Local Usage
	0  -  Run Bytes Sent By Job
	0  -  Run Bytes Received By Job
	Partitionable Resources :    Usage  Request Allocated
	   Cpus                 :                 2         2
	   Disk (KB)            :        1        1   5108635
	   Memory (MB)          :     1465     1465      1465
...
001 (19934.000.000) 02/25 11:47:57 Job executing on host: <134.76.239.90:23525?addrs=134.76.239.90-23525>
...
004 (19934.000.000) 02/25 11:57:16 Job was evicted.
	(0) Job was not checkpointed.
		Usr 0 00:11:13, Sys 0 00:00:05  -  Run Remote Usage
		Usr 0 00:00:00, Sys 0 00:00:00  -  Run Local Usage
	0  -  Run Bytes Sent By Job
	0  -  Run Bytes Received By Job
	Partitionable Resources :    Usage  Request Allocated
	   Cpus                 :                 2         2
	   Disk (KB)            :        1        1   5108630
	   Memory (MB)          :     1465     1465      1465
...
001 (19934.000.000) 02/25 11:59:18 Job executing on host: <134.76.239.90:23525?addrs=134.76.239.90-23525>
...
004 (19934.000.000) 02/25 13:21:06 Job was evicted.
	(0) Job was not checkpointed.
		Usr 0 02:20:49, Sys 0 00:00:38  -  Run Remote Usage
		Usr 0 00:00:00, Sys 0 00:00:00  -  Run Local Usage
	0  -  Run Bytes Sent By Job
	0  -  Run Bytes Received By Job
	Partitionable Resources :    Usage  Request Allocated
	   Cpus                 :                 2         2
	   Disk (KB)            :        1        1   5108622
	   Memory (MB)          :     1465     1465      1465
...
001 (19934.000.000) 02/25 13:23:08 Job executing on host: <134.76.239.90:23525?addrs=134.76.239.90-23525>
...
