DATE: 2016-02-26
TIME: 16:59:34
                                         version_number        8118
 read inlist_1.0
 create pre-main-sequence model
                                                species           8
 abundances
                                                     h1    6.6292700000000004D-01
                                                    he3    3.5438859704808639D-05
                                                    he4    3.3297356114029519D-01
                                                    c12    6.9933527611699855D-04
                                                    n14    2.0485781671719558D-04
                                                    o16    1.9020427509772206D-03
                                                   ne20    4.2661026177855734D-04
                                                   mg24    8.3115389440998472D-04


                                        relax_num_steps


                               finished relax_num_steps

 new_lnPgas_flag T
                                        relax_initial_Z    4.0639999999999999D-03
                                                  new z    4.0640000000003668D-03
                                        relax_initial_Y    3.3300900000000000D-01
                                                  new y    3.3300900000000005D-01
 net name basic.net
 do_element_diffusion T
 lnPgas_flag T
 kappa_file_prefix gs98
 kappa_lowT_prefix lowT_fa05_gs98
   eos_file_prefix mesa
                                        OMP_NUM_THREADS           1



stop because Lnuc_div_L >= Lnuc_div_L_zams_limit
    0.9998765630E+00    0.9990000000E+00

        919   7.248106   7601.084   0.529021   0.529021   1.127451   1.127451   0.661530   0.001017   0.331819   0.662613  -1.837401    870      0
   6.075793   2.038266   0.026302 -41.117804  -1.044450 -99.000000   0.000000   0.334291   0.001901   0.004026   0.333299   0.069172      4      0
 1.9605E+07  17.404011   0.529074 -99.000000   4.055868  -7.614089   0.000000   0.000004   0.000427  4.180E-03  4.088E-03 -0.787E-12  max increase

save photos/x919 for model 919
save final_profile.data write fgong_plot.data
                               s% atm_structure_num_pts          46
save final_profile.data.FGONG    919
 final_profile.data.FGONG for model 919
 saved to zams.mod
termination code: Lnuc_div_L_zams_limit

       runtime, prev time, retries, backups, steps         8.5        28.2         0         0       919
        919   7.248106   7601.084   0.529021   0.529021   1.127451   1.127451   0.661530   0.001017   0.331819   0.662613  -1.837401    870      0
   6.075793   2.038266   0.026302 -41.117804  -1.044450 -99.000000   0.000000   0.334291   0.001901   0.004026   0.333299   0.069172      4      0
 1.9605E+07  17.404011   0.529074 -99.000000   4.055868  -7.614089   0.000000   0.000004   0.000427  4.180E-03  4.088E-03 -0.787E-12  max increase

DATE: 2016-02-26
TIME: 17:09:58
DATE: 2016-02-26
TIME: 17:09:58
                                         version_number        8118
 read inlist_1.0
load saved model zams.mod

 new_lnPgas_flag T
 net name basic.net
 do_element_diffusion T
 lnPgas_flag T
                       which_atm_option: Eddington_grey
 kappa_file_prefix gs98
 kappa_lowT_prefix lowT_fa05_gs98
   eos_file_prefix mesa
                                        OMP_NUM_THREADS           1


__________________________________________________________________________________________________________________________________________________

       step    lg_Tcntr    Teff       lg_LH     lg_Lnuc     Mass       H_rich     H_cntr     N_cntr     Y_surf     X_avg     eta_cntr  zones retry
   lg_dt_yr    lg_Dcntr    lg_R       lg_L3a    lg_Lneu     lg_Mdot    He_core    He_cntr    O_cntr     Z_surf     Y_avg     gam_cntr  iters bckup
     age_yr    lg_Pcntr    lg_L       lg_LZ     lg_Psurf    lg_Dsurf   C_core     C_cntr     Ne_cntr    Z_cntr     Z_avg     v_div_cs     dt_limit
__________________________________________________________________________________________________________________________________________________

        920   7.248132   7645.133   0.529312   0.529312   1.127451   1.127451   0.661386   0.001017   0.331697   0.662583  -1.837396    870      0
   6.000000   2.038349   0.021250 -41.115921  -1.044568 -99.000000   0.000000   0.334435   0.001900   0.004022   0.333329   0.069177     12      0
 2.0605E+07  17.404069   0.529007 -15.051500   4.475015  -7.201391   0.000000   0.000004   0.000427  4.180E-03  4.088E-03 -0.336E-10              

