000 (20352.000.000) 02/24 21:34:53 Job submitted from host: <134.76.239.76:13753?addrs=134.76.239.76-13753>
...
001 (20352.000.000) 02/25 00:08:39 Job executing on host: <134.76.239.89:24193?addrs=134.76.239.89-24193>
...
006 (20352.000.000) 02/25 00:08:48 Image size of job updated: 45172
	5  -  MemoryUsage of job (MB)
	4296  -  ResidentSetSize of job (KB)
...
006 (20352.000.000) 02/25 00:13:49 Image size of job updated: 1144612
	936  -  MemoryUsage of job (MB)
	957552  -  ResidentSetSize of job (KB)
...
006 (20352.000.000) 02/25 00:18:49 Image size of job updated: 1146360
	936  -  MemoryUsage of job (MB)
	957552  -  ResidentSetSize of job (KB)
...
006 (20352.000.000) 02/25 00:23:49 Image size of job updated: 1277516
	1077  -  MemoryUsage of job (MB)
	1102672  -  ResidentSetSize of job (KB)
...
006 (20352.000.000) 02/25 00:28:50 Image size of job updated: 1277516
	1078  -  MemoryUsage of job (MB)
	1103028  -  ResidentSetSize of job (KB)
...
006 (20352.000.000) 02/25 00:33:51 Image size of job updated: 1423000
	1248  -  MemoryUsage of job (MB)
	1277284  -  ResidentSetSize of job (KB)
...
006 (20352.000.000) 02/25 00:38:51 Image size of job updated: 1423008
	1248  -  MemoryUsage of job (MB)
	1277284  -  ResidentSetSize of job (KB)
...
006 (20352.000.000) 02/25 00:58:53 Image size of job updated: 1424868
	1248  -  MemoryUsage of job (MB)
	1277284  -  ResidentSetSize of job (KB)
...
006 (20352.000.000) 02/25 01:03:54 Image size of job updated: 1424876
	1248  -  MemoryUsage of job (MB)
	1277284  -  ResidentSetSize of job (KB)
...
005 (20352.000.000) 02/25 01:53:14 Job terminated.
	(1) Normal termination (return value 0)
		Usr 0 02:39:34, Sys 0 00:00:28  -  Run Remote Usage
		Usr 0 00:00:00, Sys 0 00:00:00  -  Run Local Usage
		Usr 0 02:39:34, Sys 0 00:00:28  -  Total Remote Usage
		Usr 0 00:00:00, Sys 0 00:00:00  -  Total Local Usage
	0  -  Run Bytes Sent By Job
	0  -  Run Bytes Received By Job
	0  -  Total Bytes Sent By Job
	0  -  Total Bytes Received By Job
	Partitionable Resources :    Usage  Request Allocated
	   Cpus                 :                 2         2
	   Disk (KB)            :        1        1   5108830
	   Memory (MB)          :     1248        1         1
...
