000 (20753.000.000) 02/24 21:35:14 Job submitted from host: <134.76.239.76:13753?addrs=134.76.239.76-13753>
...
001 (20753.000.000) 02/25 04:37:48 Job executing on host: <134.76.239.86:20177?addrs=134.76.239.86-20177>
...
006 (20753.000.000) 02/25 04:37:56 Image size of job updated: 145596
	31  -  MemoryUsage of job (MB)
	30760  -  ResidentSetSize of job (KB)
...
006 (20753.000.000) 02/25 04:42:56 Image size of job updated: 1145056
	934  -  MemoryUsage of job (MB)
	956016  -  ResidentSetSize of job (KB)
...
006 (20753.000.000) 02/25 04:47:57 Image size of job updated: 1146956
	934  -  MemoryUsage of job (MB)
	956016  -  ResidentSetSize of job (KB)
...
006 (20753.000.000) 02/25 04:52:58 Image size of job updated: 1254552
	1071  -  MemoryUsage of job (MB)
	1096400  -  ResidentSetSize of job (KB)
...
006 (20753.000.000) 02/25 04:57:58 Image size of job updated: 1254552
	1072  -  MemoryUsage of job (MB)
	1096744  -  ResidentSetSize of job (KB)
...
006 (20753.000.000) 02/25 05:02:59 Image size of job updated: 1254552
	1072  -  MemoryUsage of job (MB)
	1096752  -  ResidentSetSize of job (KB)
...
006 (20753.000.000) 02/25 05:08:00 Image size of job updated: 1441036
	1216  -  MemoryUsage of job (MB)
	1244368  -  ResidentSetSize of job (KB)
...
006 (20753.000.000) 02/25 05:13:00 Image size of job updated: 1441036
	1216  -  MemoryUsage of job (MB)
	1244380  -  ResidentSetSize of job (KB)
...
006 (20753.000.000) 02/25 05:18:00 Image size of job updated: 1441036
	1216  -  MemoryUsage of job (MB)
	1244704  -  ResidentSetSize of job (KB)
...
006 (20753.000.000) 02/25 05:33:02 Image size of job updated: 1444596
	1216  -  MemoryUsage of job (MB)
	1244704  -  ResidentSetSize of job (KB)
...
005 (20753.000.000) 02/25 07:56:40 Job terminated.
	(1) Normal termination (return value 0)
		Usr 0 05:37:07, Sys 0 00:01:05  -  Run Remote Usage
		Usr 0 00:00:00, Sys 0 00:00:00  -  Run Local Usage
		Usr 0 05:37:07, Sys 0 00:01:05  -  Total Remote Usage
		Usr 0 00:00:00, Sys 0 00:00:00  -  Total Local Usage
	0  -  Run Bytes Sent By Job
	0  -  Run Bytes Received By Job
	0  -  Total Bytes Sent By Job
	0  -  Total Bytes Received By Job
	Partitionable Resources :    Usage  Request Allocated
	   Cpus                 :                 2         2
	   Disk (KB)            :        1        1   5108701
	   Memory (MB)          :     1216        1         1
...
