000 (20663.000.000) 02/24 21:35:10 Job submitted from host: <134.76.239.76:13753?addrs=134.76.239.76-13753>
...
001 (20663.000.000) 02/25 03:41:45 Job executing on host: <134.76.239.79:12046?addrs=134.76.239.79-12046>
...
006 (20663.000.000) 02/25 03:41:54 Image size of job updated: 1
	3  -  MemoryUsage of job (MB)
	2072  -  ResidentSetSize of job (KB)
...
006 (20663.000.000) 02/25 03:46:55 Image size of job updated: 1144996
	924  -  MemoryUsage of job (MB)
	945376  -  ResidentSetSize of job (KB)
...
006 (20663.000.000) 02/25 03:51:55 Image size of job updated: 1145980
	924  -  MemoryUsage of job (MB)
	945376  -  ResidentSetSize of job (KB)
...
006 (20663.000.000) 02/25 04:11:56 Image size of job updated: 1242180
	1060  -  MemoryUsage of job (MB)
	1085040  -  ResidentSetSize of job (KB)
...
006 (20663.000.000) 02/25 04:21:58 Image size of job updated: 1242180
	1060  -  MemoryUsage of job (MB)
	1085372  -  ResidentSetSize of job (KB)
...
006 (20663.000.000) 02/25 04:31:59 Image size of job updated: 1453200
	1229  -  MemoryUsage of job (MB)
	1257516  -  ResidentSetSize of job (KB)
...
006 (20663.000.000) 02/25 04:37:00 Image size of job updated: 1453200
	1229  -  MemoryUsage of job (MB)
	1257528  -  ResidentSetSize of job (KB)
...
006 (20663.000.000) 02/25 04:47:00 Image size of job updated: 1453200
	1229  -  MemoryUsage of job (MB)
	1257844  -  ResidentSetSize of job (KB)
...
006 (20663.000.000) 02/25 04:52:01 Image size of job updated: 1458716
	1232  -  MemoryUsage of job (MB)
	1260684  -  ResidentSetSize of job (KB)
...
006 (20663.000.000) 02/25 04:57:02 Image size of job updated: 1458728
	1232  -  MemoryUsage of job (MB)
	1260684  -  ResidentSetSize of job (KB)
...
006 (20663.000.000) 02/25 05:47:07 Image size of job updated: 1458728
	1240  -  MemoryUsage of job (MB)
	1269604  -  ResidentSetSize of job (KB)
...
006 (20663.000.000) 02/25 05:52:07 Image size of job updated: 1458728
	1241  -  MemoryUsage of job (MB)
	1269940  -  ResidentSetSize of job (KB)
...
006 (20663.000.000) 02/25 05:57:08 Image size of job updated: 1458728
	1241  -  MemoryUsage of job (MB)
	1269952  -  ResidentSetSize of job (KB)
...
006 (20663.000.000) 02/25 06:02:09 Image size of job updated: 1458728
	1241  -  MemoryUsage of job (MB)
	1270276  -  ResidentSetSize of job (KB)
...
006 (20663.000.000) 02/25 06:12:09 Image size of job updated: 1458728
	1247  -  MemoryUsage of job (MB)
	1275984  -  ResidentSetSize of job (KB)
...
006 (20663.000.000) 02/25 06:17:10 Image size of job updated: 1458732
	1247  -  MemoryUsage of job (MB)
	1275984  -  ResidentSetSize of job (KB)
...
005 (20663.000.000) 02/25 07:45:28 Job terminated.
	(1) Normal termination (return value 0)
		Usr 0 06:50:39, Sys 0 00:01:23  -  Run Remote Usage
		Usr 0 00:00:00, Sys 0 00:00:00  -  Run Local Usage
		Usr 0 06:50:39, Sys 0 00:01:23  -  Total Remote Usage
		Usr 0 00:00:00, Sys 0 00:00:00  -  Total Local Usage
	0  -  Run Bytes Sent By Job
	0  -  Run Bytes Received By Job
	0  -  Total Bytes Sent By Job
	0  -  Total Bytes Received By Job
	Partitionable Resources :    Usage  Request Allocated
	   Cpus                 :                 2         2
	   Disk (KB)            :        1        1   5108680
	   Memory (MB)          :     1247        1         1
...
