000 (20784.000.000) 02/24 21:35:16 Job submitted from host: <134.76.239.76:13753?addrs=134.76.239.76-13753>
...
001 (20784.000.000) 02/25 04:55:47 Job executing on host: <134.76.239.83:20501?addrs=134.76.239.83-20501>
...
006 (20784.000.000) 02/25 04:55:56 Image size of job updated: 1
	3  -  MemoryUsage of job (MB)
	2068  -  ResidentSetSize of job (KB)
...
006 (20784.000.000) 02/25 05:00:57 Image size of job updated: 1145452
	934  -  MemoryUsage of job (MB)
	955996  -  ResidentSetSize of job (KB)
...
006 (20784.000.000) 02/25 05:05:57 Image size of job updated: 1146000
	934  -  MemoryUsage of job (MB)
	955996  -  ResidentSetSize of job (KB)
...
006 (20784.000.000) 02/25 05:15:59 Image size of job updated: 1242732
	1072  -  MemoryUsage of job (MB)
	1097400  -  ResidentSetSize of job (KB)
...
006 (20784.000.000) 02/25 05:25:59 Image size of job updated: 1248392
	1077  -  MemoryUsage of job (MB)
	1102304  -  ResidentSetSize of job (KB)
...
006 (20784.000.000) 02/25 05:31:01 Image size of job updated: 1248392
	1077  -  MemoryUsage of job (MB)
	1102320  -  ResidentSetSize of job (KB)
...
006 (20784.000.000) 02/25 05:36:01 Image size of job updated: 1461540
	1247  -  MemoryUsage of job (MB)
	1276316  -  ResidentSetSize of job (KB)
...
006 (20784.000.000) 02/25 05:41:01 Image size of job updated: 1527076
	1309  -  MemoryUsage of job (MB)
	1339508  -  ResidentSetSize of job (KB)
...
006 (20784.000.000) 02/25 05:46:02 Image size of job updated: 1527076
	1309  -  MemoryUsage of job (MB)
	1339788  -  ResidentSetSize of job (KB)
...
006 (20784.000.000) 02/25 05:51:03 Image size of job updated: 1527076
	1309  -  MemoryUsage of job (MB)
	1339832  -  ResidentSetSize of job (KB)
...
006 (20784.000.000) 02/25 06:36:07 Image size of job updated: 1550768
	1309  -  MemoryUsage of job (MB)
	1339832  -  ResidentSetSize of job (KB)
...
006 (20784.000.000) 02/25 08:12:29 Image size of job updated: 9127860
	1309  -  MemoryUsage of job (MB)
	1339832  -  ResidentSetSize of job (KB)
...
005 (20784.000.000) 02/25 08:12:29 Job terminated.
	(1) Normal termination (return value 0)
		Usr 0 05:30:25, Sys 0 00:01:09  -  Run Remote Usage
		Usr 0 00:00:00, Sys 0 00:00:00  -  Run Local Usage
		Usr 0 05:30:25, Sys 0 00:01:09  -  Total Remote Usage
		Usr 0 00:00:00, Sys 0 00:00:00  -  Total Local Usage
	0  -  Run Bytes Sent By Job
	0  -  Run Bytes Received By Job
	0  -  Total Bytes Sent By Job
	0  -  Total Bytes Received By Job
	Partitionable Resources :    Usage  Request Allocated
	   Cpus                 :                 2         2
	   Disk (KB)            :        1        1   5108698
	   Memory (MB)          :     1309        1         1
...
