000 (20079.000.000) 02/24 21:34:38 Job submitted from host: <134.76.239.76:13753?addrs=134.76.239.76-13753>
...
001 (20079.000.000) 02/24 21:34:54 Job executing on host: <134.76.239.84:12289?addrs=134.76.239.84-12289>
...
006 (20079.000.000) 02/24 21:35:02 Image size of job updated: 827420
	616  -  MemoryUsage of job (MB)
	630008  -  ResidentSetSize of job (KB)
...
006 (20079.000.000) 02/24 21:40:02 Image size of job updated: 1143732
	616  -  MemoryUsage of job (MB)
	630008  -  ResidentSetSize of job (KB)
...
006 (20079.000.000) 02/24 21:45:03 Image size of job updated: 1326020
	1151  -  MemoryUsage of job (MB)
	1177760  -  ResidentSetSize of job (KB)
...
006 (20079.000.000) 02/24 21:50:03 Image size of job updated: 1512516
	1295  -  MemoryUsage of job (MB)
	1325788  -  ResidentSetSize of job (KB)
...
006 (20079.000.000) 02/24 22:55:10 Image size of job updated: 7114380
	1295  -  MemoryUsage of job (MB)
	1325788  -  ResidentSetSize of job (KB)
...
005 (20079.000.000) 02/24 22:55:14 Job terminated.
	(1) Normal termination (return value 0)
		Usr 0 01:56:58, Sys 0 00:00:31  -  Run Remote Usage
		Usr 0 00:00:00, Sys 0 00:00:00  -  Run Local Usage
		Usr 0 01:56:58, Sys 0 00:00:31  -  Total Remote Usage
		Usr 0 00:00:00, Sys 0 00:00:00  -  Total Local Usage
	0  -  Run Bytes Sent By Job
	0  -  Run Bytes Received By Job
	0  -  Total Bytes Sent By Job
	0  -  Total Bytes Received By Job
	Partitionable Resources :    Usage  Request Allocated
	   Cpus                 :                 2         2
	   Disk (KB)            :        1        1   5108631
	   Memory (MB)          :     1295        1         1
...
