000 (20003.000.000) 02/24 21:34:34 Job submitted from host: <134.76.239.76:13753?addrs=134.76.239.76-13753>
...
001 (20003.000.000) 02/24 21:34:47 Job executing on host: <134.76.239.78:21556?addrs=134.76.239.78-21556>
...
006 (20003.000.000) 02/24 21:35:02 Image size of job updated: 65712
	4  -  MemoryUsage of job (MB)
	3836  -  ResidentSetSize of job (KB)
...
006 (20003.000.000) 02/24 21:40:03 Image size of job updated: 168720
	18  -  MemoryUsage of job (MB)
	18180  -  ResidentSetSize of job (KB)
...
006 (20003.000.000) 02/24 21:45:03 Image size of job updated: 1141424
	921  -  MemoryUsage of job (MB)
	943028  -  ResidentSetSize of job (KB)
...
006 (20003.000.000) 02/24 21:50:03 Image size of job updated: 1145716
	921  -  MemoryUsage of job (MB)
	943028  -  ResidentSetSize of job (KB)
...
006 (20003.000.000) 02/24 22:05:04 Image size of job updated: 1375668
	1137  -  MemoryUsage of job (MB)
	1163956  -  ResidentSetSize of job (KB)
...
006 (20003.000.000) 02/24 22:10:05 Image size of job updated: 1375668
	1137  -  MemoryUsage of job (MB)
	1164288  -  ResidentSetSize of job (KB)
...
006 (20003.000.000) 02/24 22:15:06 Image size of job updated: 1377880
	1140  -  MemoryUsage of job (MB)
	1166508  -  ResidentSetSize of job (KB)
...
006 (20003.000.000) 02/24 22:20:06 Image size of job updated: 1498828
	1284  -  MemoryUsage of job (MB)
	1314124  -  ResidentSetSize of job (KB)
...
006 (20003.000.000) 02/24 22:25:07 Image size of job updated: 1547900
	1332  -  MemoryUsage of job (MB)
	1363520  -  ResidentSetSize of job (KB)
...
006 (20003.000.000) 02/24 23:05:11 Image size of job updated: 1564408
	1332  -  MemoryUsage of job (MB)
	1363520  -  ResidentSetSize of job (KB)
...
006 (20003.000.000) 02/24 23:30:13 Image size of job updated: 1565752
	1348  -  MemoryUsage of job (MB)
	1379692  -  ResidentSetSize of job (KB)
...
006 (20003.000.000) 02/24 23:35:14 Image size of job updated: 1565760
	1348  -  MemoryUsage of job (MB)
	1379692  -  ResidentSetSize of job (KB)
...
006 (20003.000.000) 02/25 00:05:17 Image size of job updated: 1569156
	1348  -  MemoryUsage of job (MB)
	1379692  -  ResidentSetSize of job (KB)
...
006 (20003.000.000) 02/25 00:40:21 Image size of job updated: 1569712
	1348  -  MemoryUsage of job (MB)
	1379692  -  ResidentSetSize of job (KB)
...
006 (20003.000.000) 02/25 01:55:30 Image size of job updated: 1575792
	1357  -  MemoryUsage of job (MB)
	1389208  -  ResidentSetSize of job (KB)
...
006 (20003.000.000) 02/25 02:40:36 Image size of job updated: 1585068
	1363  -  MemoryUsage of job (MB)
	1394828  -  ResidentSetSize of job (KB)
...
006 (20003.000.000) 02/25 03:25:40 Image size of job updated: 1585068
	1370  -  MemoryUsage of job (MB)
	1402160  -  ResidentSetSize of job (KB)
...
006 (20003.000.000) 02/25 04:20:48 Image size of job updated: 1601560
	1377  -  MemoryUsage of job (MB)
	1409776  -  ResidentSetSize of job (KB)
...
006 (20003.000.000) 02/25 04:25:48 Image size of job updated: 1605916
	1377  -  MemoryUsage of job (MB)
	1409776  -  ResidentSetSize of job (KB)
...
006 (20003.000.000) 02/25 05:25:55 Image size of job updated: 1605916
	1381  -  MemoryUsage of job (MB)
	1414128  -  ResidentSetSize of job (KB)
...
006 (20003.000.000) 02/25 05:30:56 Image size of job updated: 1605916
	1382  -  MemoryUsage of job (MB)
	1414208  -  ResidentSetSize of job (KB)
...
006 (20003.000.000) 02/25 06:56:04 Image size of job updated: 1617172
	1402  -  MemoryUsage of job (MB)
	1434944  -  ResidentSetSize of job (KB)
...
006 (20003.000.000) 02/25 07:01:04 Image size of job updated: 1623556
	1408  -  MemoryUsage of job (MB)
	1441568  -  ResidentSetSize of job (KB)
...
006 (20003.000.000) 02/25 08:51:15 Image size of job updated: 1667080
	1408  -  MemoryUsage of job (MB)
	1441568  -  ResidentSetSize of job (KB)
...
004 (20003.000.000) 02/25 10:09:12 Job was evicted.
	(0) Job was not checkpointed.
		Usr 0 21:30:50, Sys 0 00:07:07  -  Run Remote Usage
		Usr 0 00:00:00, Sys 0 00:00:00  -  Run Local Usage
	0  -  Run Bytes Sent By Job
	0  -  Run Bytes Received By Job
	Partitionable Resources :    Usage  Request Allocated
	   Cpus                 :                 2         2
	   Disk (KB)            :        1        1   5108825
	   Memory (MB)          :     1408        1         1
...
001 (20003.000.000) 02/25 10:10:12 Job executing on host: <134.76.239.83:20501?addrs=134.76.239.83-20501>
...
004 (20003.000.000) 02/25 10:49:48 Job was evicted.
	(0) Job was not checkpointed.
		Usr 0 01:09:53, Sys 0 00:00:35  -  Run Remote Usage
		Usr 0 00:00:00, Sys 0 00:00:00  -  Run Local Usage
	0  -  Run Bytes Sent By Job
	0  -  Run Bytes Received By Job
	Partitionable Resources :    Usage  Request Allocated
	   Cpus                 :                 2         2
	   Disk (KB)            :        1        1   5108611
	   Memory (MB)          :     1465     1465      1465
...
001 (20003.000.000) 02/25 10:50:41 Job executing on host: <134.76.239.86:20177?addrs=134.76.239.86-20177>
...
004 (20003.000.000) 02/25 10:52:28 Job was evicted.
	(0) Job was not checkpointed.
		Usr 0 00:02:24, Sys 0 00:00:02  -  Run Remote Usage
		Usr 0 00:00:00, Sys 0 00:00:00  -  Run Local Usage
	0  -  Run Bytes Sent By Job
	0  -  Run Bytes Received By Job
	Partitionable Resources :    Usage  Request Allocated
	   Cpus                 :                 2         2
	   Disk (KB)            :        1        1   5108611
	   Memory (MB)          :     1465     1465      1465
...
001 (20003.000.000) 02/25 10:54:26 Job executing on host: <134.76.239.86:20177?addrs=134.76.239.86-20177>
...
004 (20003.000.000) 02/25 11:04:25 Job was evicted.
	(0) Job was not checkpointed.
		Usr 0 00:16:42, Sys 0 00:00:04  -  Run Remote Usage
		Usr 0 00:00:00, Sys 0 00:00:00  -  Run Local Usage
	0  -  Run Bytes Sent By Job
	0  -  Run Bytes Received By Job
	Partitionable Resources :    Usage  Request Allocated
	   Cpus                 :                 2         2
	   Disk (KB)            :        1        1   5108606
	   Memory (MB)          :     1465     1465      1465
...
001 (20003.000.000) 02/25 11:06:24 Job executing on host: <134.76.239.86:20177?addrs=134.76.239.86-20177>
...
004 (20003.000.000) 02/25 11:08:07 Job was evicted.
	(0) Job was not checkpointed.
		Usr 0 00:02:15, Sys 0 00:00:01  -  Run Remote Usage
		Usr 0 00:00:00, Sys 0 00:00:00  -  Run Local Usage
	0  -  Run Bytes Sent By Job
	0  -  Run Bytes Received By Job
	Partitionable Resources :    Usage  Request Allocated
	   Cpus                 :                 2         2
	   Disk (KB)            :        1        1   5108598
	   Memory (MB)          :     1465     1465      1465
...
001 (20003.000.000) 02/25 11:11:06 Job executing on host: <134.76.239.91:19968?addrs=134.76.239.91-19968>
...
004 (20003.000.000) 02/25 11:30:52 Job was evicted.
	(0) Job was not checkpointed.
		Usr 0 00:28:40, Sys 0 00:00:07  -  Run Remote Usage
		Usr 0 00:00:00, Sys 0 00:00:00  -  Run Local Usage
	0  -  Run Bytes Sent By Job
	0  -  Run Bytes Received By Job
	Partitionable Resources :    Usage  Request Allocated
	   Cpus                 :                 2         2
	   Disk (KB)            :        1        1   5108546
	   Memory (MB)          :     1465     1465      1465
...
001 (20003.000.000) 02/25 11:32:38 Job executing on host: <134.76.239.91:19968?addrs=134.76.239.91-19968>
...
004 (20003.000.000) 02/25 11:45:13 Job was evicted.
	(0) Job was not checkpointed.
		Usr 0 00:16:23, Sys 0 00:00:07  -  Run Remote Usage
		Usr 0 00:00:00, Sys 0 00:00:00  -  Run Local Usage
	0  -  Run Bytes Sent By Job
	0  -  Run Bytes Received By Job
	Partitionable Resources :    Usage  Request Allocated
	   Cpus                 :                 2         2
	   Disk (KB)            :        1        1   5108528
	   Memory (MB)          :     1465     1465      1465
...
001 (20003.000.000) 02/25 11:47:58 Job executing on host: <134.76.239.91:19968?addrs=134.76.239.91-19968>
...
004 (20003.000.000) 02/25 11:57:16 Job was evicted.
	(0) Job was not checkpointed.
		Usr 0 00:11:28, Sys 0 00:00:07  -  Run Remote Usage
		Usr 0 00:00:00, Sys 0 00:00:00  -  Run Local Usage
	0  -  Run Bytes Sent By Job
	0  -  Run Bytes Received By Job
	Partitionable Resources :    Usage  Request Allocated
	   Cpus                 :                 2         2
	   Disk (KB)            :        1        1   5108510
	   Memory (MB)          :     1465     1465      1465
...
001 (20003.000.000) 02/25 11:59:20 Job executing on host: <134.76.239.91:19968?addrs=134.76.239.91-19968>
...
004 (20003.000.000) 02/25 13:21:06 Job was evicted.
	(0) Job was not checkpointed.
		Usr 0 02:20:18, Sys 0 00:00:56  -  Run Remote Usage
		Usr 0 00:00:00, Sys 0 00:00:00  -  Run Local Usage
	0  -  Run Bytes Sent By Job
	0  -  Run Bytes Received By Job
	Partitionable Resources :    Usage  Request Allocated
	   Cpus                 :                 2         2
	   Disk (KB)            :        1        1   5108495
	   Memory (MB)          :     1465     1465      1465
...
001 (20003.000.000) 02/25 13:23:08 Job executing on host: <134.76.239.91:19968?addrs=134.76.239.91-19968>
...
