DATE: 2016-02-26
TIME: 16:59:49
                                         version_number        8118
 read inlist_1.0
 create pre-main-sequence model
                                                species           8
 abundances
                                                     h1    7.2493699999999994D-01
                                                    he3    2.9204875149892757D-05
                                                    he4    2.7440079512485011D-01
                                                    c12    1.0892697583221918D-04
                                                    n14    3.1908218007383820D-05
                                                    o16    2.9625813517932935D-04
                                                   ne20    6.6447907407941629D-05
                                                   mg24    1.2945876357323171D-04


                                        relax_num_steps


                               finished relax_num_steps

 new_lnPgas_flag T
                                        relax_initial_Z    6.3299999999999999D-04
                                                  new z    6.3300000000062948D-04
                                        relax_initial_Y    2.7443000000000001D-01
                                                  new y    2.7442999999999984D-01
 net name basic.net
 do_element_diffusion T
 lnPgas_flag T
 kappa_file_prefix gs98
 kappa_lowT_prefix lowT_fa05_gs98
   eos_file_prefix mesa
                                        OMP_NUM_THREADS           1



stop because Lnuc_div_L >= Lnuc_div_L_zams_limit
    0.1002969518E+01    0.9990000000E+00

        845   7.173708   6848.240   0.145441   0.145441   0.932443   0.932443   0.724538   0.000076   0.274428   0.724843  -1.564459    799      0
   5.580527   2.021318  -0.075565 -45.061904  -1.467718 -99.000000   0.000000   0.274822   0.000296   0.000633   0.274523   0.078686      4      0
 1.7158E+07  17.334518   0.144154 -99.000000   4.499624  -7.148510   0.000000   0.000071   0.000066  6.393E-04  6.339E-04 -0.225E-10    varcontrol

save photos/x845 for model 845
save final_profile.data write fgong_plot.data
                               s% atm_structure_num_pts          55
save final_profile.data.FGONG    845
 final_profile.data.FGONG for model 845
 saved to zams.mod
termination code: Lnuc_div_L_zams_limit

       runtime, prev time, retries, backups, steps         7.9        28.2         0         0       845
        845   7.173708   6848.240   0.145441   0.145441   0.932443   0.932443   0.724538   0.000076   0.274428   0.724843  -1.564459    799      0
   5.580527   2.021318  -0.075565 -45.061904  -1.467718 -99.000000   0.000000   0.274822   0.000296   0.000633   0.274523   0.078686      4      0
 1.7158E+07  17.334518   0.144154 -99.000000   4.499624  -7.148510   0.000000   0.000071   0.000066  6.393E-04  6.339E-04 -0.225E-10  max increase

DATE: 2016-02-26
TIME: 17:09:30
DATE: 2016-02-26
TIME: 17:09:30
                                         version_number        8118
 read inlist_1.0
load saved model zams.mod

 new_lnPgas_flag T
 net name basic.net
 do_element_diffusion T
 lnPgas_flag T
                       which_atm_option: Eddington_grey
 kappa_file_prefix gs98
 kappa_lowT_prefix lowT_fa05_gs98
   eos_file_prefix mesa
                                        OMP_NUM_THREADS           1


__________________________________________________________________________________________________________________________________________________

       step    lg_Tcntr    Teff       lg_LH     lg_Lnuc     Mass       H_rich     H_cntr     N_cntr     Y_surf     X_avg     eta_cntr  zones retry
   lg_dt_yr    lg_Dcntr    lg_R       lg_L3a    lg_Lneu     lg_Mdot    He_core    He_cntr    O_cntr     Z_surf     Y_avg     gam_cntr  iters bckup
     age_yr    lg_Pcntr    lg_L       lg_LZ     lg_Psurf    lg_Dsurf   C_core     C_cntr     Ne_cntr    Z_cntr     Z_avg     v_div_cs     dt_limit
__________________________________________________________________________________________________________________________________________________

