000 (20666.000.000) 02/24 21:35:10 Job submitted from host: <134.76.239.76:13753?addrs=134.76.239.76-13753>
...
001 (20666.000.000) 02/25 03:43:45 Job executing on host: <134.76.239.79:12046?addrs=134.76.239.79-12046>
...
006 (20666.000.000) 02/25 03:43:53 Image size of job updated: 1
	3  -  MemoryUsage of job (MB)
	2072  -  ResidentSetSize of job (KB)
...
006 (20666.000.000) 02/25 03:48:53 Image size of job updated: 1146532
	923  -  MemoryUsage of job (MB)
	944972  -  ResidentSetSize of job (KB)
...
006 (20666.000.000) 02/25 04:28:57 Image size of job updated: 1242896
	1063  -  MemoryUsage of job (MB)
	1088356  -  ResidentSetSize of job (KB)
...
006 (20666.000.000) 02/25 04:49:00 Image size of job updated: 1242896
	1064  -  MemoryUsage of job (MB)
	1088688  -  ResidentSetSize of job (KB)
...
006 (20666.000.000) 02/25 05:14:01 Image size of job updated: 1429380
	1207  -  MemoryUsage of job (MB)
	1235964  -  ResidentSetSize of job (KB)
...
006 (20666.000.000) 02/25 05:24:03 Image size of job updated: 1429380
	1208  -  MemoryUsage of job (MB)
	1236292  -  ResidentSetSize of job (KB)
...
006 (20666.000.000) 02/25 05:29:03 Image size of job updated: 1429380
	1208  -  MemoryUsage of job (MB)
	1236304  -  ResidentSetSize of job (KB)
...
006 (20666.000.000) 02/25 05:59:06 Image size of job updated: 1429380
	1208  -  MemoryUsage of job (MB)
	1236620  -  ResidentSetSize of job (KB)
...
006 (20666.000.000) 02/25 07:39:16 Image size of job updated: 1442016
	1208  -  MemoryUsage of job (MB)
	1236620  -  ResidentSetSize of job (KB)
...
006 (20666.000.000) 02/25 09:54:21 Image size of job updated: 12373772
	1208  -  MemoryUsage of job (MB)
	1236620  -  ResidentSetSize of job (KB)
...
005 (20666.000.000) 02/25 09:54:21 Job terminated.
	(1) Normal termination (return value 127)
		Usr 0 10:23:30, Sys 0 00:01:55  -  Run Remote Usage
		Usr 0 00:00:00, Sys 0 00:00:00  -  Run Local Usage
		Usr 0 10:23:30, Sys 0 00:01:55  -  Total Remote Usage
		Usr 0 00:00:00, Sys 0 00:00:00  -  Total Local Usage
	0  -  Run Bytes Sent By Job
	0  -  Run Bytes Received By Job
	0  -  Total Bytes Sent By Job
	0  -  Total Bytes Received By Job
	Partitionable Resources :    Usage  Request Allocated
	   Cpus                 :                 2         2
	   Disk (KB)            :        1        1   5108677
	   Memory (MB)          :     1208        1         1
...
