DATE: 2016-02-26
TIME: 16:59:31
                                         version_number        8118
 read inlist_1.0
 create pre-main-sequence model
                                                species           8
 abundances
                                                     h1    7.0547700000000002D-01
                                                    he3    3.1223664938157394D-05
                                                    he4    2.9336877633506186D-01
                                                    c12    1.9324643579709334D-04
                                                    n14    5.6608102404874522D-05
                                                    o16    5.2558907710320210D-04
                                                   ne20    1.1788467617552132D-04
                                                   mg24    2.2967170851929378D-04


                                        relax_num_steps


                               finished relax_num_steps

 new_lnPgas_flag T
                                        relax_initial_Z    1.1230000000000001D-03
                                                  new z    1.1229999999989794D-03
                                        relax_initial_Y    2.9339999999999999D-01
                                                  new y    2.9340000000000022D-01
 net name basic.net
 do_element_diffusion T
 lnPgas_flag T
 kappa_file_prefix gs98
 kappa_lowT_prefix lowT_fa05_gs98
   eos_file_prefix mesa
                                        OMP_NUM_THREADS           1



stop because Lnuc_div_L >= Lnuc_div_L_zams_limit
    0.1005706692E+01    0.9990000000E+00

        822   7.139662   6243.456  -0.084913  -0.084913   0.819833   0.819833   0.705223   0.000072   0.293400   0.705402  -1.468350    780      0
   5.553593   2.013854  -0.111026 -46.749071  -1.714596 -99.000000   0.000000   0.293652   0.000526   0.001123   0.293474   0.085330      2      0
 2.2179E+07  17.286904  -0.087385 -15.352530   4.792776  -6.808542   0.000000   0.000180   0.000118  1.125E-03  1.124E-03 -0.323E-10    varcontrol

save photos/x822 for model 822
save final_profile.data write fgong_plot.data
                               s% atm_structure_num_pts          78
save final_profile.data.FGONG    822
 final_profile.data.FGONG for model 822
 saved to zams.mod
termination code: Lnuc_div_L_zams_limit

       runtime, prev time, retries, backups, steps         7.4        28.2         0         0       822
        822   7.139662   6243.456  -0.084913  -0.084913   0.819833   0.819833   0.705223   0.000072   0.293400   0.705402  -1.468350    780      0
   5.553593   2.013854  -0.111026 -46.749071  -1.714596 -99.000000   0.000000   0.293652   0.000526   0.001123   0.293474   0.085330      2      0
 2.2179E+07  17.286904  -0.087385 -15.352530   4.792776  -6.808542   0.000000   0.000180   0.000118  1.125E-03  1.124E-03 -0.323E-10    varcontrol

DATE: 2016-02-26
TIME: 17:08:56
DATE: 2016-02-26
TIME: 17:08:56
                                         version_number        8118
 read inlist_1.0
load saved model zams.mod

 new_lnPgas_flag T
 net name basic.net
 do_element_diffusion T
 lnPgas_flag T
                       which_atm_option: Eddington_grey
 kappa_file_prefix gs98
 kappa_lowT_prefix lowT_fa05_gs98
   eos_file_prefix mesa
                                        OMP_NUM_THREADS           1


__________________________________________________________________________________________________________________________________________________

       step    lg_Tcntr    Teff       lg_LH     lg_Lnuc     Mass       H_rich     H_cntr     N_cntr     Y_surf     X_avg     eta_cntr  zones retry
   lg_dt_yr    lg_Dcntr    lg_R       lg_L3a    lg_Lneu     lg_Mdot    He_core    He_cntr    O_cntr     Z_surf     Y_avg     gam_cntr  iters bckup
     age_yr    lg_Pcntr    lg_L       lg_LZ     lg_Psurf    lg_Dsurf   C_core     C_cntr     Ne_cntr    Z_cntr     Z_avg     v_div_cs     dt_limit
__________________________________________________________________________________________________________________________________________________

