DATE: 2016-02-26
TIME: 16:59:49
                                         version_number        8118
 read inlist_1.0
 create pre-main-sequence model
                                                species           8
 abundances
                                                     h1    7.3275400000000013D-01
                                                    he3    2.7508751183347589D-05
                                                    he4    2.5846449124881671D-01
                                                    c12    1.5063929643524168D-03
                                                    n14    4.4127099595037768D-04
                                                    o16    4.0970674808205303D-03
                                                   ne20    9.1893361998265271D-04
                                                   mg24    1.7903349388939526D-03


                                        relax_num_steps


                               finished relax_num_steps

 new_lnPgas_flag T
                                        relax_initial_Z    8.7539999999999996D-03
                                                  new z    8.7540000000001228D-03
                                        relax_initial_Y    2.5849200000000000D-01
                                                  new y    2.5849200000000000D-01
 net name basic.net
 do_element_diffusion T
 lnPgas_flag T
 kappa_file_prefix gs98
 kappa_lowT_prefix lowT_fa05_gs98
   eos_file_prefix mesa
                                        OMP_NUM_THREADS           1



stop because Lnuc_div_L >= Lnuc_div_L_zams_limit
    0.1000498988E+01    0.9990000000E+00

        850   7.186843   6315.692   0.282542   0.282542   1.164474   1.164474   0.732466   0.000859   0.258487   0.732672  -1.893739    802      0
   5.341636   1.903941   0.063837 -44.676392  -1.204858 -99.000000   0.000000   0.258720   0.004097   0.008754   0.258560   0.069762      4      0
 2.0569E+07  17.231287   0.282325 -99.000000   4.560249  -7.055866   0.000000   0.001148   0.000919  8.814E-03  8.768E-03 -0.783E-10    varcontrol

save photos/x850 for model 850
save final_profile.data write fgong_plot.data
                               s% atm_structure_num_pts          55
save final_profile.data.FGONG    850
 final_profile.data.FGONG for model 850
 saved to zams.mod
termination code: Lnuc_div_L_zams_limit

       runtime, prev time, retries, backups, steps         7.8        28.2         0         0       850
        850   7.186843   6315.692   0.282542   0.282542   1.164474   1.164474   0.732466   0.000859   0.258487   0.732672  -1.893739    802      0
   5.341636   1.903941   0.063837 -44.676392  -1.204858 -99.000000   0.000000   0.258720   0.004097   0.008754   0.258560   0.069762      4      0
 2.0569E+07  17.231287   0.282325 -99.000000   4.560249  -7.055866   0.000000   0.001148   0.000919  8.814E-03  8.768E-03 -0.783E-10    varcontrol

DATE: 2016-02-26
TIME: 17:09:17
DATE: 2016-02-26
TIME: 17:09:17
                                         version_number        8118
 read inlist_1.0
load saved model zams.mod

 new_lnPgas_flag T
 net name basic.net
 do_element_diffusion T
 lnPgas_flag T
                       which_atm_option: Eddington_grey
 kappa_file_prefix gs98
 kappa_lowT_prefix lowT_fa05_gs98
   eos_file_prefix mesa
                                        OMP_NUM_THREADS           1


__________________________________________________________________________________________________________________________________________________

       step    lg_Tcntr    Teff       lg_LH     lg_Lnuc     Mass       H_rich     H_cntr     N_cntr     Y_surf     X_avg     eta_cntr  zones retry
   lg_dt_yr    lg_Dcntr    lg_R       lg_L3a    lg_Lneu     lg_Mdot    He_core    He_cntr    O_cntr     Z_surf     Y_avg     gam_cntr  iters bckup
     age_yr    lg_Pcntr    lg_L       lg_LZ     lg_Psurf    lg_Dsurf   C_core     C_cntr     Ne_cntr    Z_cntr     Z_avg     v_div_cs     dt_limit
__________________________________________________________________________________________________________________________________________________

