DATE: 2016-02-25
TIME: 11:14:30
                                         version_number        8118
 read inlist_1.0
 create pre-main-sequence model
                                                species           8
 abundances
                                                     h1    7.5042600000000004D-01
                                                    he3    2.6386444535638627D-05
                                                    he4    2.4791961355546438D-01
                                                    c12    2.8014710372009345D-04
                                                    n14    8.2064105712497626D-05
                                                    o16    7.6194035398397572D-04
                                                   ne20    1.7089603990538458D-04
                                                   mg24    3.3295239667801148D-04


                                        relax_num_steps


                               finished relax_num_steps

 new_lnPgas_flag T
                                        relax_initial_Z    1.6280000000000001D-03
                                                  new z    1.6279999999993615D-03
                                        relax_initial_Y    2.4794600000000000D-01
                                                  new y    2.4794600000000033D-01
 net name basic.net
 do_element_diffusion T
 lnPgas_flag T
 kappa_file_prefix gs98
 kappa_lowT_prefix lowT_fa05_gs98
   eos_file_prefix mesa
                                        OMP_NUM_THREADS           2


