000 (20763.000.000) 02/24 21:35:15 Job submitted from host: <134.76.239.76:13753?addrs=134.76.239.76-13753>
...
001 (20763.000.000) 02/25 04:45:48 Job executing on host: <134.76.239.90:23525?addrs=134.76.239.90-23525>
...
006 (20763.000.000) 02/25 04:45:56 Image size of job updated: 197424
	77  -  MemoryUsage of job (MB)
	78760  -  ResidentSetSize of job (KB)
...
006 (20763.000.000) 02/25 04:50:56 Image size of job updated: 1145992
	934  -  MemoryUsage of job (MB)
	956136  -  ResidentSetSize of job (KB)
...
006 (20763.000.000) 02/25 04:55:56 Image size of job updated: 1147012
	934  -  MemoryUsage of job (MB)
	956136  -  ResidentSetSize of job (KB)
...
006 (20763.000.000) 02/25 05:46:01 Image size of job updated: 1242160
	1072  -  MemoryUsage of job (MB)
	1096792  -  ResidentSetSize of job (KB)
...
006 (20763.000.000) 02/25 06:16:04 Image size of job updated: 1242160
	1072  -  MemoryUsage of job (MB)
	1097128  -  ResidentSetSize of job (KB)
...
006 (20763.000.000) 02/25 06:21:05 Image size of job updated: 1242160
	1072  -  MemoryUsage of job (MB)
	1097132  -  ResidentSetSize of job (KB)
...
006 (20763.000.000) 02/25 06:41:07 Image size of job updated: 1428644
	1216  -  MemoryUsage of job (MB)
	1244400  -  ResidentSetSize of job (KB)
...
006 (20763.000.000) 02/25 06:46:07 Image size of job updated: 1453180
	1240  -  MemoryUsage of job (MB)
	1269264  -  ResidentSetSize of job (KB)
...
006 (20763.000.000) 02/25 06:51:07 Image size of job updated: 1453180
	1240  -  MemoryUsage of job (MB)
	1269272  -  ResidentSetSize of job (KB)
...
006 (20763.000.000) 02/25 07:06:09 Image size of job updated: 1453180
	1240  -  MemoryUsage of job (MB)
	1269592  -  ResidentSetSize of job (KB)
...
006 (20763.000.000) 02/25 07:21:10 Image size of job updated: 1453180
	1243  -  MemoryUsage of job (MB)
	1271888  -  ResidentSetSize of job (KB)
...
006 (20763.000.000) 02/25 07:36:12 Image size of job updated: 1453192
	1243  -  MemoryUsage of job (MB)
	1271972  -  ResidentSetSize of job (KB)
...
006 (20763.000.000) 02/25 07:41:12 Image size of job updated: 1456200
	1245  -  MemoryUsage of job (MB)
	1274024  -  ResidentSetSize of job (KB)
...
006 (20763.000.000) 02/25 10:06:27 Image size of job updated: 1456648
	1245  -  MemoryUsage of job (MB)
	1274024  -  ResidentSetSize of job (KB)
...
004 (20763.000.000) 02/25 10:08:52 Job was evicted.
	(0) Job was not checkpointed.
		Usr 0 09:05:41, Sys 0 00:02:02  -  Run Remote Usage
		Usr 0 00:00:00, Sys 0 00:00:00  -  Run Local Usage
	0  -  Run Bytes Sent By Job
	0  -  Run Bytes Received By Job
	Partitionable Resources :    Usage  Request Allocated
	   Cpus                 :                 2         2
	   Disk (KB)            :        1        1   5108789
	   Memory (MB)          :     1245        1         1
...
001 (20763.000.000) 02/25 10:11:12 Job executing on host: <134.76.239.84:12289?addrs=134.76.239.84-12289>
...
004 (20763.000.000) 02/25 10:49:46 Job was evicted.
	(0) Job was not checkpointed.
		Usr 0 01:07:52, Sys 0 00:00:12  -  Run Remote Usage
		Usr 0 00:00:00, Sys 0 00:00:00  -  Run Local Usage
	0  -  Run Bytes Sent By Job
	0  -  Run Bytes Received By Job
	Partitionable Resources :    Usage  Request Allocated
	   Cpus                 :                 2         2
	   Disk (KB)            :        1        1   5108535
	   Memory (MB)          :     1465     1465      1465
...
001 (20763.000.000) 02/25 10:50:43 Job executing on host: <134.76.239.89:24193?addrs=134.76.239.89-24193>
...
004 (20763.000.000) 02/25 10:52:27 Job was evicted.
	(0) Job was not checkpointed.
		Usr 0 00:02:20, Sys 0 00:00:01  -  Run Remote Usage
		Usr 0 00:00:00, Sys 0 00:00:00  -  Run Local Usage
	0  -  Run Bytes Sent By Job
	0  -  Run Bytes Received By Job
	Partitionable Resources :    Usage  Request Allocated
	   Cpus                 :                 2         2
	   Disk (KB)            :        1        1   5108680
	   Memory (MB)          :     1465     1465      1465
...
001 (20763.000.000) 02/25 10:54:27 Job executing on host: <134.76.239.79:12046?addrs=134.76.239.79-12046>
...
004 (20763.000.000) 02/25 11:04:25 Job was evicted.
	(0) Job was not checkpointed.
		Usr 0 00:16:37, Sys 0 00:00:07  -  Run Remote Usage
		Usr 0 00:00:00, Sys 0 00:00:00  -  Run Local Usage
	0  -  Run Bytes Sent By Job
	0  -  Run Bytes Received By Job
	Partitionable Resources :    Usage  Request Allocated
	   Cpus                 :                 2         2
	   Disk (KB)            :        1        1   5108587
	   Memory (MB)          :     1465     1465      1465
...
001 (20763.000.000) 02/25 11:06:25 Job executing on host: <134.76.239.88:25067?addrs=134.76.239.88-25067>
...
004 (20763.000.000) 02/25 11:08:07 Job was evicted.
	(0) Job was not checkpointed.
		Usr 0 00:02:14, Sys 0 00:00:01  -  Run Remote Usage
		Usr 0 00:00:00, Sys 0 00:00:00  -  Run Local Usage
	0  -  Run Bytes Sent By Job
	0  -  Run Bytes Received By Job
	Partitionable Resources :    Usage  Request Allocated
	   Cpus                 :                 2         2
	   Disk (KB)            :        1        1   5108608
	   Memory (MB)          :     1465     1465      1465
...
001 (20763.000.000) 02/25 11:11:07 Job executing on host: <134.76.239.91:19968?addrs=134.76.239.91-19968>
...
004 (20763.000.000) 02/25 11:30:52 Job was evicted.
	(0) Job was not checkpointed.
		Usr 0 00:27:55, Sys 0 00:00:05  -  Run Remote Usage
		Usr 0 00:00:00, Sys 0 00:00:00  -  Run Local Usage
	0  -  Run Bytes Sent By Job
	0  -  Run Bytes Received By Job
	Partitionable Resources :    Usage  Request Allocated
	   Cpus                 :                 2         2
	   Disk (KB)            :        1        1   5108540
	   Memory (MB)          :     1465     1465      1465
...
001 (20763.000.000) 02/25 11:32:40 Job executing on host: <134.76.239.88:25067?addrs=134.76.239.88-25067>
...
004 (20763.000.000) 02/25 11:45:13 Job was evicted.
	(0) Job was not checkpointed.
		Usr 0 00:16:01, Sys 0 00:00:04  -  Run Remote Usage
		Usr 0 00:00:00, Sys 0 00:00:00  -  Run Local Usage
	0  -  Run Bytes Sent By Job
	0  -  Run Bytes Received By Job
	Partitionable Resources :    Usage  Request Allocated
	   Cpus                 :                 2         2
	   Disk (KB)            :        1        1   5108567
	   Memory (MB)          :     1465     1465      1465
...
001 (20763.000.000) 02/25 11:47:58 Job executing on host: <134.76.239.83:20501?addrs=134.76.239.83-20501>
...
004 (20763.000.000) 02/25 11:57:16 Job was evicted.
	(0) Job was not checkpointed.
		Usr 0 00:12:06, Sys 0 00:00:04  -  Run Remote Usage
		Usr 0 00:00:00, Sys 0 00:00:00  -  Run Local Usage
	0  -  Run Bytes Sent By Job
	0  -  Run Bytes Received By Job
	Partitionable Resources :    Usage  Request Allocated
	   Cpus                 :                 2         2
	   Disk (KB)            :        1        1   5108568
	   Memory (MB)          :     1465     1465      1465
...
001 (20763.000.000) 02/25 11:59:19 Job executing on host: <134.76.239.87:13734?addrs=134.76.239.87-13734>
...
004 (20763.000.000) 02/25 13:21:06 Job was evicted.
	(0) Job was not checkpointed.
		Usr 0 02:19:20, Sys 0 00:00:17  -  Run Remote Usage
		Usr 0 00:00:00, Sys 0 00:00:00  -  Run Local Usage
	0  -  Run Bytes Sent By Job
	0  -  Run Bytes Received By Job
	Partitionable Resources :    Usage  Request Allocated
	   Cpus                 :                 2         2
	   Disk (KB)            :        1        1   5108579
	   Memory (MB)          :     1465     1465      1465
...
001 (20763.000.000) 02/25 13:23:10 Job executing on host: <134.76.239.83:20501?addrs=134.76.239.83-20501>
...
