DATE: 2016-02-25
TIME: 13:23:11
                                         version_number        8118
 read inlist_1.0
 create pre-main-sequence model
                                                species           8
 abundances
                                                     h1    7.1927699999999983D-01
                                                    he3    2.8953936493027801D-05
                                                    he4    2.7204304606350693D-01
                                                    c12    1.4886686697067402D-03
                                                    n14    4.3607897943417082D-04
                                                    o16    4.0488611807834741D-03
                                                   ne20    9.0812140124171326D-04
                                                   mg24    1.7692697688338646D-03


                                        relax_num_steps


                               finished relax_num_steps

 new_lnPgas_flag T
                                        relax_initial_Z    8.6510000000000007D-03
                                                  new z    8.6510000000002210D-03
                                        relax_initial_Y    2.7207199999999998D-01
                                                  new y    2.7207200000000015D-01
 net name basic.net
 do_element_diffusion T
 lnPgas_flag T
 kappa_file_prefix gs98
 kappa_lowT_prefix lowT_fa05_gs98
   eos_file_prefix mesa
                                        OMP_NUM_THREADS           2


