000 (20068.000.000) 02/24 21:34:38 Job submitted from host: <134.76.239.76:13753?addrs=134.76.239.76-13753>
...
001 (20068.000.000) 02/24 21:34:56 Job executing on host: <134.76.239.88:25067?addrs=134.76.239.88-25067>
...
006 (20068.000.000) 02/24 21:35:08 Image size of job updated: 65708
	4  -  MemoryUsage of job (MB)
	4032  -  ResidentSetSize of job (KB)
...
006 (20068.000.000) 02/24 21:40:08 Image size of job updated: 1138028
	930  -  MemoryUsage of job (MB)
	951412  -  ResidentSetSize of job (KB)
...
006 (20068.000.000) 02/24 21:45:09 Image size of job updated: 1142860
	934  -  MemoryUsage of job (MB)
	956072  -  ResidentSetSize of job (KB)
...
006 (20068.000.000) 02/24 21:50:09 Image size of job updated: 1145132
	934  -  MemoryUsage of job (MB)
	956072  -  ResidentSetSize of job (KB)
...
006 (20068.000.000) 02/24 22:25:13 Image size of job updated: 1145972
	937  -  MemoryUsage of job (MB)
	958740  -  ResidentSetSize of job (KB)
...
006 (20068.000.000) 02/24 22:30:13 Image size of job updated: 1145972
	940  -  MemoryUsage of job (MB)
	961792  -  ResidentSetSize of job (KB)
...
006 (20068.000.000) 02/24 22:40:14 Image size of job updated: 1145972
	940  -  MemoryUsage of job (MB)
	961796  -  ResidentSetSize of job (KB)
...
006 (20068.000.000) 02/25 08:41:19 Image size of job updated: 1250928
	1080  -  MemoryUsage of job (MB)
	1105816  -  ResidentSetSize of job (KB)
...
006 (20068.000.000) 02/25 09:01:20 Image size of job updated: 1324536
	1152  -  MemoryUsage of job (MB)
	1179424  -  ResidentSetSize of job (KB)
...
006 (20068.000.000) 02/25 09:06:20 Image size of job updated: 1327952
	1156  -  MemoryUsage of job (MB)
	1182824  -  ResidentSetSize of job (KB)
...
004 (20068.000.000) 02/25 10:09:51 Job was evicted.
	(0) Job was not checkpointed.
		Usr 0 21:30:36, Sys 0 00:03:27  -  Run Remote Usage
		Usr 0 00:00:00, Sys 0 00:00:00  -  Run Local Usage
	0  -  Run Bytes Sent By Job
	0  -  Run Bytes Received By Job
	Partitionable Resources :    Usage  Request Allocated
	   Cpus                 :                 2         2
	   Disk (KB)            :        1        1   5108805
	   Memory (MB)          :     1156        1         1
...
001 (20068.000.000) 02/25 10:10:12 Job executing on host: <134.76.239.83:20501?addrs=134.76.239.83-20501>
...
004 (20068.000.000) 02/25 10:49:48 Job was evicted.
	(0) Job was not checkpointed.
		Usr 0 01:11:20, Sys 0 00:00:23  -  Run Remote Usage
		Usr 0 00:00:00, Sys 0 00:00:00  -  Run Local Usage
	0  -  Run Bytes Sent By Job
	0  -  Run Bytes Received By Job
	Partitionable Resources :    Usage  Request Allocated
	   Cpus                 :                 2         2
	   Disk (KB)            :        1        1   5108608
	   Memory (MB)          :     1221     1221      1221
...
001 (20068.000.000) 02/25 10:50:42 Job executing on host: <134.76.239.90:23525?addrs=134.76.239.90-23525>
...
004 (20068.000.000) 02/25 10:52:28 Job was evicted.
	(0) Job was not checkpointed.
		Usr 0 00:02:20, Sys 0 00:00:02  -  Run Remote Usage
		Usr 0 00:00:00, Sys 0 00:00:00  -  Run Local Usage
	0  -  Run Bytes Sent By Job
	0  -  Run Bytes Received By Job
	Partitionable Resources :    Usage  Request Allocated
	   Cpus                 :                 2         2
	   Disk (KB)            :        1        1   5108675
	   Memory (MB)          :     1221     1221      1221
...
001 (20068.000.000) 02/25 10:54:26 Job executing on host: <134.76.239.90:23525?addrs=134.76.239.90-23525>
...
004 (20068.000.000) 02/25 11:04:25 Job was evicted.
	(0) Job was not checkpointed.
		Usr 0 00:17:24, Sys 0 00:00:07  -  Run Remote Usage
		Usr 0 00:00:00, Sys 0 00:00:00  -  Run Local Usage
	0  -  Run Bytes Sent By Job
	0  -  Run Bytes Received By Job
	Partitionable Resources :    Usage  Request Allocated
	   Cpus                 :                 2         2
	   Disk (KB)            :        1        1   5108669
	   Memory (MB)          :     1221     1221      1221
...
001 (20068.000.000) 02/25 11:06:24 Job executing on host: <134.76.239.90:23525?addrs=134.76.239.90-23525>
...
004 (20068.000.000) 02/25 11:08:07 Job was evicted.
	(0) Job was not checkpointed.
		Usr 0 00:02:18, Sys 0 00:00:01  -  Run Remote Usage
		Usr 0 00:00:00, Sys 0 00:00:00  -  Run Local Usage
	0  -  Run Bytes Sent By Job
	0  -  Run Bytes Received By Job
	Partitionable Resources :    Usage  Request Allocated
	   Cpus                 :                 2         2
	   Disk (KB)            :        1        1   5108671
	   Memory (MB)          :     1221     1221      1221
...
001 (20068.000.000) 02/25 11:11:01 Job executing on host: <134.76.239.84:12289?addrs=134.76.239.84-12289>
...
004 (20068.000.000) 02/25 11:30:52 Job was evicted.
	(0) Job was not checkpointed.
		Usr 0 00:35:15, Sys 0 00:00:11  -  Run Remote Usage
		Usr 0 00:00:00, Sys 0 00:00:00  -  Run Local Usage
	0  -  Run Bytes Sent By Job
	0  -  Run Bytes Received By Job
	Partitionable Resources :    Usage  Request Allocated
	   Cpus                 :                 2         2
	   Disk (KB)            :        1        1   5108509
	   Memory (MB)          :     1221     1221      1221
...
001 (20068.000.000) 02/25 11:32:35 Job executing on host: <134.76.239.84:12289?addrs=134.76.239.84-12289>
...
004 (20068.000.000) 02/25 11:45:13 Job was evicted.
	(0) Job was not checkpointed.
		Usr 0 00:23:02, Sys 0 00:00:05  -  Run Remote Usage
		Usr 0 00:00:00, Sys 0 00:00:00  -  Run Local Usage
	0  -  Run Bytes Sent By Job
	0  -  Run Bytes Received By Job
	Partitionable Resources :    Usage  Request Allocated
	   Cpus                 :                 2         2
	   Disk (KB)            :        1        1   5108498
	   Memory (MB)          :     1221     1221      1221
...
001 (20068.000.000) 02/25 11:47:54 Job executing on host: <134.76.239.84:12289?addrs=134.76.239.84-12289>
...
004 (20068.000.000) 02/25 11:57:16 Job was evicted.
	(0) Job was not checkpointed.
		Usr 0 00:16:41, Sys 0 00:00:05  -  Run Remote Usage
		Usr 0 00:00:00, Sys 0 00:00:00  -  Run Local Usage
	0  -  Run Bytes Sent By Job
	0  -  Run Bytes Received By Job
	Partitionable Resources :    Usage  Request Allocated
	   Cpus                 :                 2         2
	   Disk (KB)            :        1        1   5108480
	   Memory (MB)          :     1221     1221      1221
...
001 (20068.000.000) 02/25 11:59:16 Job executing on host: <134.76.239.84:12289?addrs=134.76.239.84-12289>
...
004 (20068.000.000) 02/25 13:21:07 Job was evicted.
	(0) Job was not checkpointed.
		Usr 0 02:24:53, Sys 0 00:00:38  -  Run Remote Usage
		Usr 0 00:00:00, Sys 0 00:00:00  -  Run Local Usage
	0  -  Run Bytes Sent By Job
	0  -  Run Bytes Received By Job
	Partitionable Resources :    Usage  Request Allocated
	   Cpus                 :                 2         2
	   Disk (KB)            :        1        1   5108461
	   Memory (MB)          :     1221     1221      1221
...
001 (20068.000.000) 02/25 13:23:06 Job executing on host: <134.76.239.84:12289?addrs=134.76.239.84-12289>
...
