000 (20466.000.000) 02/24 21:34:59 Job submitted from host: <134.76.239.76:13753?addrs=134.76.239.76-13753>
...
001 (20466.000.000) 02/25 01:19:40 Job executing on host: <134.76.239.89:24193?addrs=134.76.239.89-24193>
...
006 (20466.000.000) 02/25 01:19:49 Image size of job updated: 1
	3  -  MemoryUsage of job (MB)
	2072  -  ResidentSetSize of job (KB)
...
006 (20466.000.000) 02/25 01:24:50 Image size of job updated: 1141256
	933  -  MemoryUsage of job (MB)
	954372  -  ResidentSetSize of job (KB)
...
006 (20466.000.000) 02/25 01:29:51 Image size of job updated: 1147252
	938  -  MemoryUsage of job (MB)
	959984  -  ResidentSetSize of job (KB)
...
006 (20466.000.000) 02/25 01:49:53 Image size of job updated: 1147252
	975  -  MemoryUsage of job (MB)
	998108  -  ResidentSetSize of job (KB)
...
006 (20466.000.000) 02/25 02:09:55 Image size of job updated: 1147252
	975  -  MemoryUsage of job (MB)
	998112  -  ResidentSetSize of job (KB)
...
006 (20466.000.000) 02/25 02:39:58 Image size of job updated: 1308056
	1132  -  MemoryUsage of job (MB)
	1158540  -  ResidentSetSize of job (KB)
...
006 (20466.000.000) 02/25 03:30:04 Image size of job updated: 1308056
	1132  -  MemoryUsage of job (MB)
	1158812  -  ResidentSetSize of job (KB)
...
006 (20466.000.000) 02/25 04:00:07 Image size of job updated: 1308056
	1132  -  MemoryUsage of job (MB)
	1158816  -  ResidentSetSize of job (KB)
...
006 (20466.000.000) 02/25 04:05:08 Image size of job updated: 1308056
	1132  -  MemoryUsage of job (MB)
	1158820  -  ResidentSetSize of job (KB)
...
006 (20466.000.000) 02/25 04:10:08 Image size of job updated: 1308056
	1132  -  MemoryUsage of job (MB)
	1158856  -  ResidentSetSize of job (KB)
...
006 (20466.000.000) 02/25 04:20:09 Image size of job updated: 1494540
	1276  -  MemoryUsage of job (MB)
	1306124  -  ResidentSetSize of job (KB)
...
006 (20466.000.000) 02/25 04:40:11 Image size of job updated: 1494540
	1276  -  MemoryUsage of job (MB)
	1306452  -  ResidentSetSize of job (KB)
...
006 (20466.000.000) 02/25 04:50:12 Image size of job updated: 1494540
	1276  -  MemoryUsage of job (MB)
	1306460  -  ResidentSetSize of job (KB)
...
006 (20466.000.000) 02/25 07:50:32 Image size of job updated: 1494540
	1278  -  MemoryUsage of job (MB)
	1308656  -  ResidentSetSize of job (KB)
...
006 (20466.000.000) 02/25 08:00:33 Image size of job updated: 1494540
	1278  -  MemoryUsage of job (MB)
	1308660  -  ResidentSetSize of job (KB)
...
006 (20466.000.000) 02/25 08:05:33 Image size of job updated: 1494540
	1279  -  MemoryUsage of job (MB)
	1308932  -  ResidentSetSize of job (KB)
...
006 (20466.000.000) 02/25 08:10:33 Image size of job updated: 1494540
	1279  -  MemoryUsage of job (MB)
	1308992  -  ResidentSetSize of job (KB)
...
006 (20466.000.000) 02/25 08:15:34 Image size of job updated: 1494540
	1279  -  MemoryUsage of job (MB)
	1309324  -  ResidentSetSize of job (KB)
...
006 (20466.000.000) 02/25 08:20:35 Image size of job updated: 1494540
	1280  -  MemoryUsage of job (MB)
	1309844  -  ResidentSetSize of job (KB)
...
006 (20466.000.000) 02/25 08:25:35 Image size of job updated: 1494704
	1280  -  MemoryUsage of job (MB)
	1309920  -  ResidentSetSize of job (KB)
...
006 (20466.000.000) 02/25 09:50:44 Image size of job updated: 12876580
	1280  -  MemoryUsage of job (MB)
	1309920  -  ResidentSetSize of job (KB)
...
005 (20466.000.000) 02/25 09:50:45 Job terminated.
	(1) Normal termination (return value 127)
		Usr 0 14:26:04, Sys 0 00:04:27  -  Run Remote Usage
		Usr 0 00:00:00, Sys 0 00:00:00  -  Run Local Usage
		Usr 0 14:26:04, Sys 0 00:04:27  -  Total Remote Usage
		Usr 0 00:00:00, Sys 0 00:00:00  -  Total Local Usage
	0  -  Run Bytes Sent By Job
	0  -  Run Bytes Received By Job
	0  -  Total Bytes Sent By Job
	0  -  Total Bytes Received By Job
	Partitionable Resources :    Usage  Request Allocated
	   Cpus                 :                 2         2
	   Disk (KB)            :        1        1   5108818
	   Memory (MB)          :     1280        1         1
...
