DATE: 2016-02-26
TIME: 16:59:27
                                         version_number        8118
 read inlist_1.0
 create pre-main-sequence model
                                                species           8
 abundances
                                                     h1    7.2918799999999995D-01
                                                    he3    2.7756710076687417D-05
                                                    he4    2.6079424328992334D-01
                                                    c12    1.7190845001006029D-03
                                                    n14    5.0357519414488043D-04
                                                    o16    4.6755430812653858D-03
                                                   ne20    1.0486802448739687D-03
                                                   mg24    2.0431169796151054D-03


                                        relax_num_steps


                               finished relax_num_steps

 new_lnPgas_flag T
                                        relax_initial_Z    9.9900000000000006D-03
                                                  new z    9.9900000000009755D-03
                                        relax_initial_Y    2.6082200000000000D-01
                                                  new y    2.6082199999999983D-01
 net name basic.net
 do_element_diffusion T
 lnPgas_flag T
 kappa_file_prefix gs98
 kappa_lowT_prefix lowT_fa05_gs98
   eos_file_prefix mesa
                                        OMP_NUM_THREADS           1



stop because Lnuc_div_L >= Lnuc_div_L_zams_limit
    0.1005619046E+01    0.9990000000E+00

        805   7.122800   5742.461  -0.196963  -0.196963   0.923544   0.923544   0.728748   0.000658   0.260822   0.729087  -1.604266    803      0
   5.944815   1.927800  -0.094378 -47.926007  -1.778274 -99.000000   0.000000   0.261240   0.004676   0.009990   0.260920   0.082508      2      0
 3.7458E+07  17.190542  -0.199397 -15.477469   4.935888  -6.638472   0.000000   0.001587   0.001049  1.001E-02  9.993E-03 -0.111E-10  max increase

save photos/x805 for model 805
save final_profile.data write fgong_plot.data
                               s% atm_structure_num_pts          60
save final_profile.data.FGONG    805
 final_profile.data.FGONG for model 805
 saved to zams.mod
termination code: Lnuc_div_L_zams_limit

       runtime, prev time, retries, backups, steps         7.5        28.2         0         0       805
        805   7.122800   5742.461  -0.196963  -0.196963   0.923544   0.923544   0.728748   0.000658   0.260822   0.729087  -1.604266    803      0
   5.944815   1.927800  -0.094378 -47.926007  -1.778274 -99.000000   0.000000   0.261240   0.004676   0.009990   0.260920   0.082508      2      0
 3.7458E+07  17.190542  -0.199397 -15.477469   4.935888  -6.638472   0.000000   0.001587   0.001049  1.001E-02  9.993E-03 -0.111E-10  max increase

DATE: 2016-02-26
TIME: 17:09:05
DATE: 2016-02-26
TIME: 17:09:05
                                         version_number        8118
 read inlist_1.0
load saved model zams.mod

 new_lnPgas_flag T
 net name basic.net
 do_element_diffusion T
 lnPgas_flag T
                       which_atm_option: Eddington_grey
 kappa_file_prefix gs98
 kappa_lowT_prefix lowT_fa05_gs98
   eos_file_prefix mesa
                                        OMP_NUM_THREADS           1


__________________________________________________________________________________________________________________________________________________

       step    lg_Tcntr    Teff       lg_LH     lg_Lnuc     Mass       H_rich     H_cntr     N_cntr     Y_surf     X_avg     eta_cntr  zones retry
   lg_dt_yr    lg_Dcntr    lg_R       lg_L3a    lg_Lneu     lg_Mdot    He_core    He_cntr    O_cntr     Z_surf     Y_avg     gam_cntr  iters bckup
     age_yr    lg_Pcntr    lg_L       lg_LZ     lg_Psurf    lg_Dsurf   C_core     C_cntr     Ne_cntr    Z_cntr     Z_avg     v_div_cs     dt_limit
__________________________________________________________________________________________________________________________________________________

