000 (20855.000.000) 02/24 21:35:20 Job submitted from host: <134.76.239.76:13753?addrs=134.76.239.76-13753>
...
001 (20855.000.000) 02/25 05:48:48 Job executing on host: <134.76.239.83:20501?addrs=134.76.239.83-20501>
...
006 (20855.000.000) 02/25 05:48:56 Image size of job updated: 1
	3  -  MemoryUsage of job (MB)
	2068  -  ResidentSetSize of job (KB)
...
006 (20855.000.000) 02/25 05:53:56 Image size of job updated: 1142616
	934  -  MemoryUsage of job (MB)
	955428  -  ResidentSetSize of job (KB)
...
006 (20855.000.000) 02/25 05:58:57 Image size of job updated: 1145056
	934  -  MemoryUsage of job (MB)
	955428  -  ResidentSetSize of job (KB)
...
006 (20855.000.000) 02/25 06:13:59 Image size of job updated: 1145212
	937  -  MemoryUsage of job (MB)
	958808  -  ResidentSetSize of job (KB)
...
006 (20855.000.000) 02/25 06:19:00 Image size of job updated: 1145212
	937  -  MemoryUsage of job (MB)
	958812  -  ResidentSetSize of job (KB)
...
006 (20855.000.000) 02/25 06:24:00 Image size of job updated: 1145212
	937  -  MemoryUsage of job (MB)
	958816  -  ResidentSetSize of job (KB)
...
006 (20855.000.000) 02/25 06:29:00 Image size of job updated: 1145384
	937  -  MemoryUsage of job (MB)
	958816  -  ResidentSetSize of job (KB)
...
006 (20855.000.000) 02/25 06:34:01 Image size of job updated: 1150592
	937  -  MemoryUsage of job (MB)
	958816  -  ResidentSetSize of job (KB)
...
004 (20855.000.000) 02/25 10:03:11 Job was evicted.
	(0) Job was not checkpointed.
		Usr 0 07:18:12, Sys 0 00:01:55  -  Run Remote Usage
		Usr 0 00:00:00, Sys 0 00:00:00  -  Run Local Usage
	0  -  Run Bytes Sent By Job
	0  -  Run Bytes Received By Job
	Partitionable Resources :    Usage  Request Allocated
	   Cpus                 :                 2         2
	   Disk (KB)            :        1        1   5108684
	   Memory (MB)          :      937        1         1
...
001 (20855.000.000) 02/25 10:03:32 Job executing on host: <134.76.239.91:19968?addrs=134.76.239.91-19968>
...
004 (20855.000.000) 02/25 10:08:51 Job was evicted.
	(0) Job was not checkpointed.
		Usr 0 00:09:17, Sys 0 00:00:01  -  Run Remote Usage
		Usr 0 00:00:00, Sys 0 00:00:00  -  Run Local Usage
	0  -  Run Bytes Sent By Job
	0  -  Run Bytes Received By Job
	Partitionable Resources :    Usage  Request Allocated
	   Cpus                 :                 2         2
	   Disk (KB)            :        1        1   5108592
	   Memory (MB)          :      977      977       977
...
001 (20855.000.000) 02/25 10:11:12 Job executing on host: <134.76.239.90:23525?addrs=134.76.239.90-23525>
...
004 (20855.000.000) 02/25 10:49:46 Job was evicted.
	(0) Job was not checkpointed.
		Usr 0 01:10:03, Sys 0 00:00:14  -  Run Remote Usage
		Usr 0 00:00:00, Sys 0 00:00:00  -  Run Local Usage
	0  -  Run Bytes Sent By Job
	0  -  Run Bytes Received By Job
	Partitionable Resources :    Usage  Request Allocated
	   Cpus                 :                 2         2
	   Disk (KB)            :        1        1   5108690
	   Memory (MB)          :      977      977       977
...
001 (20855.000.000) 02/25 10:50:44 Job executing on host: <134.76.239.88:25067?addrs=134.76.239.88-25067>
...
004 (20855.000.000) 02/25 10:52:27 Job was evicted.
	(0) Job was not checkpointed.
		Usr 0 00:02:25, Sys 0 00:00:01  -  Run Remote Usage
		Usr 0 00:00:00, Sys 0 00:00:00  -  Run Local Usage
	0  -  Run Bytes Sent By Job
	0  -  Run Bytes Received By Job
	Partitionable Resources :    Usage  Request Allocated
	   Cpus                 :                 2         2
	   Disk (KB)            :        1        1   5108597
	   Memory (MB)          :      977      977       977
...
001 (20855.000.000) 02/25 10:54:28 Job executing on host: <134.76.239.86:20177?addrs=134.76.239.86-20177>
...
004 (20855.000.000) 02/25 11:04:25 Job was evicted.
	(0) Job was not checkpointed.
		Usr 0 00:17:28, Sys 0 00:00:04  -  Run Remote Usage
		Usr 0 00:00:00, Sys 0 00:00:00  -  Run Local Usage
	0  -  Run Bytes Sent By Job
	0  -  Run Bytes Received By Job
	Partitionable Resources :    Usage  Request Allocated
	   Cpus                 :                 2         2
	   Disk (KB)            :        1        1   5108601
	   Memory (MB)          :      977      977       977
...
001 (20855.000.000) 02/25 11:06:26 Job executing on host: <134.76.239.78:21556?addrs=134.76.239.78-21556>
...
004 (20855.000.000) 02/25 11:08:07 Job was evicted.
	(0) Job was not checkpointed.
		Usr 0 00:02:21, Sys 0 00:00:01  -  Run Remote Usage
		Usr 0 00:00:00, Sys 0 00:00:00  -  Run Local Usage
	0  -  Run Bytes Sent By Job
	0  -  Run Bytes Received By Job
	Partitionable Resources :    Usage  Request Allocated
	   Cpus                 :                 2         2
	   Disk (KB)            :        1        1   5108653
	   Memory (MB)          :      977      977       977
...
001 (20855.000.000) 02/25 11:11:08 Job executing on host: <134.76.239.80:23833?addrs=134.76.239.80-23833>
...
004 (20855.000.000) 02/25 11:30:52 Job was evicted.
	(0) Job was not checkpointed.
		Usr 0 00:28:54, Sys 0 00:00:07  -  Run Remote Usage
		Usr 0 00:00:00, Sys 0 00:00:00  -  Run Local Usage
	0  -  Run Bytes Sent By Job
	0  -  Run Bytes Received By Job
	Partitionable Resources :    Usage  Request Allocated
	   Cpus                 :                 2         2
	   Disk (KB)            :        1        1   5045664
	   Memory (MB)          :      977      977       977
...
001 (20855.000.000) 02/25 11:32:41 Job executing on host: <134.76.239.88:25067?addrs=134.76.239.88-25067>
...
004 (20855.000.000) 02/25 11:45:13 Job was evicted.
	(0) Job was not checkpointed.
		Usr 0 00:16:38, Sys 0 00:00:05  -  Run Remote Usage
		Usr 0 00:00:00, Sys 0 00:00:00  -  Run Local Usage
	0  -  Run Bytes Sent By Job
	0  -  Run Bytes Received By Job
	Partitionable Resources :    Usage  Request Allocated
	   Cpus                 :                 2         2
	   Disk (KB)            :        1        1   5108564
	   Memory (MB)          :      977      977       977
...
001 (20855.000.000) 02/25 11:48:00 Job executing on host: <134.76.239.91:19968?addrs=134.76.239.91-19968>
...
004 (20855.000.000) 02/25 11:57:16 Job was evicted.
	(0) Job was not checkpointed.
		Usr 0 00:11:32, Sys 0 00:00:05  -  Run Remote Usage
		Usr 0 00:00:00, Sys 0 00:00:00  -  Run Local Usage
	0  -  Run Bytes Sent By Job
	0  -  Run Bytes Received By Job
	Partitionable Resources :    Usage  Request Allocated
	   Cpus                 :                 2         2
	   Disk (KB)            :        1        1   5108512
	   Memory (MB)          :      977      977       977
...
001 (20855.000.000) 02/25 11:59:20 Job executing on host: <134.76.239.83:20501?addrs=134.76.239.83-20501>
...
004 (20855.000.000) 02/25 13:21:06 Job was evicted.
	(0) Job was not checkpointed.
		Usr 0 02:22:10, Sys 0 00:00:49  -  Run Remote Usage
		Usr 0 00:00:00, Sys 0 00:00:00  -  Run Local Usage
	0  -  Run Bytes Sent By Job
	0  -  Run Bytes Received By Job
	Partitionable Resources :    Usage  Request Allocated
	   Cpus                 :                 2         2
	   Disk (KB)            :        1        1   5108577
	   Memory (MB)          :      977      977       977
...
001 (20855.000.000) 02/25 13:23:11 Job executing on host: <134.76.239.88:25067?addrs=134.76.239.88-25067>
...
