000 (20251.000.000) 02/24 21:34:48 Job submitted from host: <134.76.239.76:13753?addrs=134.76.239.76-13753>
...
001 (20251.000.000) 02/24 22:45:35 Job executing on host: <134.76.239.90:23525?addrs=134.76.239.90-23525>
...
006 (20251.000.000) 02/24 22:45:44 Image size of job updated: 1
	3  -  MemoryUsage of job (MB)
	2064  -  ResidentSetSize of job (KB)
...
006 (20251.000.000) 02/24 22:50:45 Image size of job updated: 1139228
	931  -  MemoryUsage of job (MB)
	952456  -  ResidentSetSize of job (KB)
...
006 (20251.000.000) 02/24 22:55:46 Image size of job updated: 1145452
	931  -  MemoryUsage of job (MB)
	952456  -  ResidentSetSize of job (KB)
...
006 (20251.000.000) 02/24 23:00:46 Image size of job updated: 1295968
	1061  -  MemoryUsage of job (MB)
	1086420  -  ResidentSetSize of job (KB)
...
006 (20251.000.000) 02/24 23:05:46 Image size of job updated: 1297112
	1062  -  MemoryUsage of job (MB)
	1087388  -  ResidentSetSize of job (KB)
...
006 (20251.000.000) 02/24 23:10:47 Image size of job updated: 1303088
	1067  -  MemoryUsage of job (MB)
	1092248  -  ResidentSetSize of job (KB)
...
006 (20251.000.000) 02/24 23:15:47 Image size of job updated: 1448572
	1235  -  MemoryUsage of job (MB)
	1264476  -  ResidentSetSize of job (KB)
...
006 (20251.000.000) 02/24 23:20:47 Image size of job updated: 1450684
	1238  -  MemoryUsage of job (MB)
	1267076  -  ResidentSetSize of job (KB)
...
006 (20251.000.000) 02/24 23:45:51 Image size of job updated: 1461780
	1249  -  MemoryUsage of job (MB)
	1278792  -  ResidentSetSize of job (KB)
...
006 (20251.000.000) 02/24 23:50:51 Image size of job updated: 1461780
	1250  -  MemoryUsage of job (MB)
	1279236  -  ResidentSetSize of job (KB)
...
006 (20251.000.000) 02/24 23:55:51 Image size of job updated: 1463888
	1252  -  MemoryUsage of job (MB)
	1281688  -  ResidentSetSize of job (KB)
...
005 (20251.000.000) 02/25 01:06:40 Job terminated.
	(1) Normal termination (return value 0)
		Usr 0 03:47:06, Sys 0 00:00:40  -  Run Remote Usage
		Usr 0 00:00:00, Sys 0 00:00:00  -  Run Local Usage
		Usr 0 03:47:06, Sys 0 00:00:40  -  Total Remote Usage
		Usr 0 00:00:00, Sys 0 00:00:00  -  Total Local Usage
	0  -  Run Bytes Sent By Job
	0  -  Run Bytes Received By Job
	0  -  Total Bytes Sent By Job
	0  -  Total Bytes Received By Job
	Partitionable Resources :    Usage  Request Allocated
	   Cpus                 :                 2         2
	   Disk (KB)            :        1        1   5108859
	   Memory (MB)          :     1252        1         1
...
