DATE: 2016-02-26
TIME: 16:59:40
                                         version_number        8118
 read inlist_1.0
 create pre-main-sequence model
                                                species           8
 abundances
                                                     h1    7.2266000000000008D-01
                                                    he3    2.8779301066430954D-05
                                                    he4    2.7040222069893355D-01
                                                    c12    1.1889043855049894D-03
                                                    n14    3.4826837000469609D-04
                                                    o16    3.2335662811273222D-03
                                                   ne20    7.2525843962303459D-04
                                                   mg24    1.4130025237397903D-03


                                        relax_num_steps


                               finished relax_num_steps

 new_lnPgas_flag T
                                        relax_initial_Z    6.9090000000000002D-03
                                                  new z    6.9089999999994000D-03
                                        relax_initial_Y    2.7043099999999998D-01
                                                  new y    2.7043100000000020D-01
 net name basic.net
 do_element_diffusion T
 lnPgas_flag T
 kappa_file_prefix gs98
 kappa_lowT_prefix lowT_fa05_gs98
   eos_file_prefix mesa
                                        OMP_NUM_THREADS           1



stop because Lnuc_div_L >= Lnuc_div_L_zams_limit
    0.9998596542E+00    0.9990000000E+00

        922   7.245602   7313.334   0.587923   0.587923   1.301474   1.301474   0.720784   0.001729   0.270426   0.722294  -1.926404    861      0
   6.102000   1.981684   0.089277 -41.574052  -0.996277 -99.000000   0.000000   0.272111   0.003230   0.006909   0.270758   0.064954      2      0
 2.3077E+07  17.364323   0.587984 -99.000000   4.112213  -7.560429   0.000000   0.000007   0.000725  7.106E-03  6.947E-03 -0.665E-12  max increase

save photos/x922 for model 922
save final_profile.data write fgong_plot.data
                               s% atm_structure_num_pts          50
save final_profile.data.FGONG    922
 final_profile.data.FGONG for model 922
 saved to zams.mod
termination code: Lnuc_div_L_zams_limit

       runtime, prev time, retries, backups, steps         8.8        28.2         0         0       922
        922   7.245602   7313.334   0.587923   0.587923   1.301474   1.301474   0.720784   0.001729   0.270426   0.722294  -1.926404    861      0
   6.102000   1.981684   0.089277 -41.574052  -0.996277 -99.000000   0.000000   0.272111   0.003230   0.006909   0.270758   0.064954      2      0
 2.3077E+07  17.364323   0.587984 -99.000000   4.112213  -7.560429   0.000000   0.000007   0.000725  7.106E-03  6.947E-03 -0.665E-12  max increase

DATE: 2016-02-26
TIME: 17:10:22
DATE: 2016-02-26
TIME: 17:10:23
                                         version_number        8118
 read inlist_1.0
load saved model zams.mod

 new_lnPgas_flag T
 net name basic.net
 do_element_diffusion T
 lnPgas_flag T
                       which_atm_option: Eddington_grey
 kappa_file_prefix gs98
 kappa_lowT_prefix lowT_fa05_gs98
   eos_file_prefix mesa
                                        OMP_NUM_THREADS           1


__________________________________________________________________________________________________________________________________________________

       step    lg_Tcntr    Teff       lg_LH     lg_Lnuc     Mass       H_rich     H_cntr     N_cntr     Y_surf     X_avg     eta_cntr  zones retry
   lg_dt_yr    lg_Dcntr    lg_R       lg_L3a    lg_Lneu     lg_Mdot    He_core    He_cntr    O_cntr     Z_surf     Y_avg     gam_cntr  iters bckup
     age_yr    lg_Pcntr    lg_L       lg_LZ     lg_Psurf    lg_Dsurf   C_core     C_cntr     Ne_cntr    Z_cntr     Z_avg     v_div_cs     dt_limit
__________________________________________________________________________________________________________________________________________________

        923   7.245650   7355.651   0.588130   0.588130   1.301474   1.301474   0.720614   0.001730   0.270425   0.722264  -1.926377    861      0
   6.000000   1.981812   0.084267 -41.570794  -0.996756 -99.000000   0.000000   0.272280   0.003230   0.006909   0.270788   0.064957      9      0
 2.4077E+07  17.364442   0.587986 -99.000000   4.514391  -7.166966   0.000000   0.000007   0.000725  7.105E-03  6.948E-03 -0.374E-10              

