000 (20661.000.000) 02/24 21:35:10 Job submitted from host: <134.76.239.76:13753?addrs=134.76.239.76-13753>
...
001 (20661.000.000) 02/25 03:39:45 Job executing on host: <134.76.239.88:25067?addrs=134.76.239.88-25067>
...
006 (20661.000.000) 02/25 03:39:55 Image size of job updated: 1
	3  -  MemoryUsage of job (MB)
	2072  -  ResidentSetSize of job (KB)
...
006 (20661.000.000) 02/25 03:44:55 Image size of job updated: 1147536
	937  -  MemoryUsage of job (MB)
	958964  -  ResidentSetSize of job (KB)
...
006 (20661.000.000) 02/25 03:49:55 Image size of job updated: 1264484
	1081  -  MemoryUsage of job (MB)
	1106700  -  ResidentSetSize of job (KB)
...
006 (20661.000.000) 02/25 03:54:56 Image size of job updated: 1266700
	1084  -  MemoryUsage of job (MB)
	1109260  -  ResidentSetSize of job (KB)
...
006 (20661.000.000) 02/25 03:59:57 Image size of job updated: 1453184
	1228  -  MemoryUsage of job (MB)
	1256564  -  ResidentSetSize of job (KB)
...
006 (20661.000.000) 02/25 04:04:57 Image size of job updated: 1477720
	1252  -  MemoryUsage of job (MB)
	1281452  -  ResidentSetSize of job (KB)
...
006 (20661.000.000) 02/25 04:09:57 Image size of job updated: 1477720
	1254  -  MemoryUsage of job (MB)
	1283100  -  ResidentSetSize of job (KB)
...
006 (20661.000.000) 02/25 04:14:58 Image size of job updated: 1480000
	1254  -  MemoryUsage of job (MB)
	1283100  -  ResidentSetSize of job (KB)
...
005 (20661.000.000) 02/25 05:40:56 Job terminated.
	(1) Normal termination (return value 0)
		Usr 0 03:09:37, Sys 0 00:00:32  -  Run Remote Usage
		Usr 0 00:00:00, Sys 0 00:00:00  -  Run Local Usage
		Usr 0 03:09:37, Sys 0 00:00:32  -  Total Remote Usage
		Usr 0 00:00:00, Sys 0 00:00:00  -  Total Local Usage
	0  -  Run Bytes Sent By Job
	0  -  Run Bytes Received By Job
	0  -  Total Bytes Sent By Job
	0  -  Total Bytes Received By Job
	Partitionable Resources :    Usage  Request Allocated
	   Cpus                 :                 2         2
	   Disk (KB)            :        1        1   5108711
	   Memory (MB)          :     1254        1         1
...
