DATE: 2016-02-26
TIME: 16:59:32
                                         version_number        8118
 read inlist_1.0
 create pre-main-sequence model
                                                species           8
 abundances
                                                     h1    7.1028599999999997D-01
                                                    he3    3.0674856348906958D-05
                                                    he4    2.8821232514365114D-01
                                                    c12    2.5313046042522535D-04
                                                    n14    7.4150061119832163D-05
                                                    o16    6.8846084810224447D-04
                                                   ne20    1.5441527930026196D-04
                                                   mg24    3.0084335105243611D-04


                                        relax_num_steps


                               finished relax_num_steps

 new_lnPgas_flag T
                                        relax_initial_Z    1.4710000000000001D-03
                                                  new z    1.4709999999994471D-03
                                        relax_initial_Y    2.8824300000000003D-01
                                                  new y    2.8824300000000025D-01
 net name basic.net
 do_element_diffusion T
 lnPgas_flag T
 kappa_file_prefix gs98
 kappa_lowT_prefix lowT_fa05_gs98
   eos_file_prefix mesa
                                        OMP_NUM_THREADS           1



stop because Lnuc_div_L >= Lnuc_div_L_zams_limit
    0.9996786929E+00    0.9990000000E+00

        932   7.262296   8547.504   0.680713   0.680713   1.238193   1.238193   0.709054   0.000368   0.288183   0.710039  -1.876842    882      0
   5.912782   2.030591   0.000264 -40.611833  -0.893972 -99.000000   0.000000   0.289433   0.000688   0.001470   0.288482   0.065072      2      0
 1.3326E+07  17.426560   0.680852 -15.051500   3.561792  -8.180427   0.000000   0.000002   0.000154  1.513E-03  1.479E-03  0.138E-12  max increase

save photos/x932 for model 932
save final_profile.data write fgong_plot.data
                               s% atm_structure_num_pts          42
save final_profile.data.FGONG    932
 final_profile.data.FGONG for model 932
 saved to zams.mod
termination code: Lnuc_div_L_zams_limit

       runtime, prev time, retries, backups, steps         8.4        28.2         0         0       932
        932   7.262296   8547.504   0.680713   0.680713   1.238193   1.238193   0.709054   0.000368   0.288183   0.710039  -1.876842    882      0
   5.912782   2.030591   0.000264 -40.611833  -0.893972 -99.000000   0.000000   0.289433   0.000688   0.001470   0.288482   0.065072      2      0
 1.3326E+07  17.426560   0.680852 -15.051500   3.561792  -8.180427   0.000000   0.000002   0.000154  1.513E-03  1.479E-03  0.138E-12  max increase

DATE: 2016-02-26
TIME: 17:09:53
DATE: 2016-02-26
TIME: 17:09:54
                                         version_number        8118
 read inlist_1.0
load saved model zams.mod

 new_lnPgas_flag T
 net name basic.net
 do_element_diffusion T
 lnPgas_flag T
                       which_atm_option: Eddington_grey
 kappa_file_prefix gs98
 kappa_lowT_prefix lowT_fa05_gs98
   eos_file_prefix mesa
                                        OMP_NUM_THREADS           1


__________________________________________________________________________________________________________________________________________________

       step    lg_Tcntr    Teff       lg_LH     lg_Lnuc     Mass       H_rich     H_cntr     N_cntr     Y_surf     X_avg     eta_cntr  zones retry
   lg_dt_yr    lg_Dcntr    lg_R       lg_L3a    lg_Lneu     lg_Mdot    He_core    He_cntr    O_cntr     Z_surf     Y_avg     gam_cntr  iters bckup
     age_yr    lg_Pcntr    lg_L       lg_LZ     lg_Psurf    lg_Dsurf   C_core     C_cntr     Ne_cntr    Z_cntr     Z_avg     v_div_cs     dt_limit
__________________________________________________________________________________________________________________________________________________

        933   7.262378   8551.387   0.681442   0.681442   1.238193   1.238193   0.708891   0.000368   0.288174   0.710001  -1.877496    882      0
   5.991963   2.030483  -0.000067 -40.607462  -0.894104 -99.000000   0.000000   0.289596   0.000687   0.001470   0.288520   0.065059      6      0
 1.4308E+07  17.426478   0.680980 -99.000000   4.108178  -7.648942   0.000000   0.000002   0.000154  1.513E-03  1.479E-03 -0.205E-11              

