DATE: 2016-02-25
TIME: 11:14:17
                                         version_number        8118
 read inlist_1.0
 create pre-main-sequence model
                                                species           8
 abundances
                                                     h1    7.2660999999999998D-01
                                                    he3    2.8356813166620171D-05
                                                    he4    2.6643264318683341D-01
                                                    c12    1.1923459961158240D-03
                                                    n14    3.4927652855153932D-04
                                                    o16    3.2429267277365235D-03
                                                   ne20    7.2735789957274592D-04
                                                   mg24    1.4170928480233304D-03


                                        relax_num_steps


                               finished relax_num_steps

 new_lnPgas_flag T
                                        relax_initial_Z    6.9290000000000003D-03
                                                  new z    6.9289999999989785D-03
                                        relax_initial_Y    2.6646100000000000D-01
                                                  new y    2.6646100000000034D-01
 net name basic.net
 do_element_diffusion T
 lnPgas_flag T
 kappa_file_prefix gs98
 kappa_lowT_prefix lowT_fa05_gs98
   eos_file_prefix mesa
                                        OMP_NUM_THREADS           2



stop because Lnuc_div_L >= Lnuc_div_L_zams_limit
    0.1005747382E+01    0.9990000000E+00

        808   7.111120   5614.329  -0.252951  -0.252951   0.851584   0.851584   0.726304   0.000389   0.266461   0.726531  -1.504322    559      0
   5.728748   1.951067  -0.102800 -48.478653  -1.871129 -99.000000   0.000000   0.266761   0.003243   0.006929   0.266539   0.086267      4      0
 3.7184E+07  17.201850  -0.255440 -15.477469   5.002977  -6.561091   0.000000   0.001158   0.000727  6.935E-03  6.930E-03 -0.343E-10    varcontrol

save photos/x808 for model 808
save final_profile.data write fgong_plot.data
                               s% atm_structure_num_pts          62
save final_profile.data.FGONG    808
 final_profile.data.FGONG for model 808
 saved to zams.mod
termination code: Lnuc_div_L_zams_limit

       runtime, prev time, retries, backups, steps         4.2        28.2         0         0       808
        808   7.111120   5614.329  -0.252951  -0.252951   0.851584   0.851584   0.726304   0.000389   0.266461   0.726531  -1.504322    559      0
   5.728748   1.951067  -0.102800 -48.478653  -1.871129 -99.000000   0.000000   0.266761   0.003243   0.006929   0.266539   0.086267      4      0
 3.7184E+07  17.201850  -0.255440 -15.477469   5.002977  -6.561091   0.000000   0.001158   0.000727  6.935E-03  6.930E-03 -0.343E-10    varcontrol

DATE: 2016-02-25
TIME: 11:19:10
DATE: 2016-02-25
TIME: 11:19:11
                                         version_number        8118
 read inlist_1.0
load saved model zams.mod

 new_lnPgas_flag T
 net name basic.net
 do_element_diffusion T
 lnPgas_flag T
                       which_atm_option: Eddington_grey
 kappa_file_prefix gs98
 kappa_lowT_prefix lowT_fa05_gs98
   eos_file_prefix mesa
                                        OMP_NUM_THREADS           2


__________________________________________________________________________________________________________________________________________________

       step    lg_Tcntr    Teff       lg_LH     lg_Lnuc     Mass       H_rich     H_cntr     N_cntr     Y_surf     X_avg     eta_cntr  zones retry
   lg_dt_yr    lg_Dcntr    lg_R       lg_L3a    lg_Lneu     lg_Mdot    He_core    He_cntr    O_cntr     Z_surf     Y_avg     gam_cntr  iters bckup
     age_yr    lg_Pcntr    lg_L       lg_LZ     lg_Psurf    lg_Dsurf   C_core     C_cntr     Ne_cntr    Z_cntr     Z_avg     v_div_cs     dt_limit
__________________________________________________________________________________________________________________________________________________

