DATE: 2016-02-25
TIME: 11:14:32
                                         version_number        8118
 read inlist_1.0
 create pre-main-sequence model
                                                species           8
 abundances
                                                     h1    7.7125800000000011D-01
                                                    he3    2.4266342787520118D-05
                                                    he4    2.2799973365721252D-01
                                                    c12    1.2355382092815156D-04
                                                    n14    3.6192891831433879D-05
                                                    o16    3.3604003326812313D-04
                                                   ne20    7.5370612194145168D-05
                                                   mg24    1.4684264177814281D-04


                                        relax_num_steps


                               finished relax_num_steps

 new_lnPgas_flag T
                                        relax_initial_Z    7.1800000000000000D-04
                                                  new z    7.1800000000062287D-04
                                        relax_initial_Y    2.2802400000000000D-01
                                                  new y    2.2802399999999970D-01
 net name basic.net
 do_element_diffusion T
 lnPgas_flag T
 kappa_file_prefix gs98
 kappa_lowT_prefix lowT_fa05_gs98
   eos_file_prefix mesa
                                        OMP_NUM_THREADS           2


