000 (20634.000.000) 02/24 21:35:08 Job submitted from host: <134.76.239.76:13753?addrs=134.76.239.76-13753>
...
001 (20634.000.000) 02/25 03:21:46 Job executing on host: <134.76.239.78:21556?addrs=134.76.239.78-21556>
...
006 (20634.000.000) 02/25 03:21:55 Image size of job updated: 708992
	496  -  MemoryUsage of job (MB)
	507152  -  ResidentSetSize of job (KB)
...
006 (20634.000.000) 02/25 03:26:56 Image size of job updated: 1146216
	923  -  MemoryUsage of job (MB)
	944496  -  ResidentSetSize of job (KB)
...
006 (20634.000.000) 02/25 03:31:56 Image size of job updated: 1146908
	923  -  MemoryUsage of job (MB)
	944496  -  ResidentSetSize of job (KB)
...
006 (20634.000.000) 02/25 04:37:03 Image size of job updated: 1294208
	1059  -  MemoryUsage of job (MB)
	1084364  -  ResidentSetSize of job (KB)
...
006 (20634.000.000) 02/25 04:57:05 Image size of job updated: 1294208
	1059  -  MemoryUsage of job (MB)
	1084368  -  ResidentSetSize of job (KB)
...
006 (20634.000.000) 02/25 05:02:05 Image size of job updated: 1294208
	1059  -  MemoryUsage of job (MB)
	1084380  -  ResidentSetSize of job (KB)
...
006 (20634.000.000) 02/25 05:07:06 Image size of job updated: 1294208
	1060  -  MemoryUsage of job (MB)
	1084728  -  ResidentSetSize of job (KB)
...
006 (20634.000.000) 02/25 05:12:07 Image size of job updated: 1294208
	1060  -  MemoryUsage of job (MB)
	1084732  -  ResidentSetSize of job (KB)
...
006 (20634.000.000) 02/25 05:32:09 Image size of job updated: 1415156
	1204  -  MemoryUsage of job (MB)
	1232008  -  ResidentSetSize of job (KB)
...
006 (20634.000.000) 02/25 05:42:10 Image size of job updated: 1415156
	1204  -  MemoryUsage of job (MB)
	1232340  -  ResidentSetSize of job (KB)
...
006 (20634.000.000) 02/25 05:47:10 Image size of job updated: 1439692
	1228  -  MemoryUsage of job (MB)
	1256908  -  ResidentSetSize of job (KB)
...
006 (20634.000.000) 02/25 05:52:10 Image size of job updated: 1441604
	1230  -  MemoryUsage of job (MB)
	1258836  -  ResidentSetSize of job (KB)
...
006 (20634.000.000) 02/25 06:02:12 Image size of job updated: 1441604
	1230  -  MemoryUsage of job (MB)
	1259028  -  ResidentSetSize of job (KB)
...
006 (20634.000.000) 02/25 06:07:12 Image size of job updated: 1441604
	1230  -  MemoryUsage of job (MB)
	1259252  -  ResidentSetSize of job (KB)
...
006 (20634.000.000) 02/25 06:12:13 Image size of job updated: 1441604
	1231  -  MemoryUsage of job (MB)
	1259572  -  ResidentSetSize of job (KB)
...
006 (20634.000.000) 02/25 06:17:14 Image size of job updated: 1442036
	1231  -  MemoryUsage of job (MB)
	1259608  -  ResidentSetSize of job (KB)
...
006 (20634.000.000) 02/25 06:22:14 Image size of job updated: 1442036
	1234  -  MemoryUsage of job (MB)
	1262740  -  ResidentSetSize of job (KB)
...
006 (20634.000.000) 02/25 06:32:15 Image size of job updated: 1442048
	1234  -  MemoryUsage of job (MB)
	1262828  -  ResidentSetSize of job (KB)
...
006 (20634.000.000) 02/25 09:02:33 Image size of job updated: 1453944
	1242  -  MemoryUsage of job (MB)
	1271372  -  ResidentSetSize of job (KB)
...
006 (20634.000.000) 02/25 09:07:33 Image size of job updated: 1455668
	1244  -  MemoryUsage of job (MB)
	1273092  -  ResidentSetSize of job (KB)
...
006 (20634.000.000) 02/25 09:12:33 Image size of job updated: 1455668
	1244  -  MemoryUsage of job (MB)
	1273288  -  ResidentSetSize of job (KB)
...
006 (20634.000.000) 02/25 09:17:34 Image size of job updated: 1455668
	1244  -  MemoryUsage of job (MB)
	1273612  -  ResidentSetSize of job (KB)
...
006 (20634.000.000) 02/25 09:22:35 Image size of job updated: 1456096
	1244  -  MemoryUsage of job (MB)
	1273804  -  ResidentSetSize of job (KB)
...
006 (20634.000.000) 02/25 09:27:35 Image size of job updated: 1456096
	1244  -  MemoryUsage of job (MB)
	1273808  -  ResidentSetSize of job (KB)
...
006 (20634.000.000) 02/25 09:32:36 Image size of job updated: 1456108
	1245  -  MemoryUsage of job (MB)
	1273928  -  ResidentSetSize of job (KB)
...
004 (20634.000.000) 02/25 09:59:08 Job was evicted.
	(0) Job was not checkpointed.
		Usr 0 11:16:34, Sys 0 00:02:16  -  Run Remote Usage
		Usr 0 00:00:00, Sys 0 00:00:00  -  Run Local Usage
	0  -  Run Bytes Sent By Job
	0  -  Run Bytes Received By Job
	Partitionable Resources :    Usage  Request Allocated
	   Cpus                 :                 2         2
	   Disk (KB)            :        1        1   5108759
	   Memory (MB)          :     1245        1         1
...
001 (20634.000.000) 02/25 09:59:30 Job executing on host: <134.76.239.90:23525?addrs=134.76.239.90-23525>
...
004 (20634.000.000) 02/25 09:59:48 Job was evicted.
	(0) Job was not checkpointed.
		Usr 0 00:00:00, Sys 0 00:00:00  -  Run Remote Usage
		Usr 0 00:00:00, Sys 0 00:00:00  -  Run Local Usage
	0  -  Run Bytes Sent By Job
	0  -  Run Bytes Received By Job
	Partitionable Resources :    Usage  Request Allocated
	   Cpus                 :                 2         2
	   Disk (KB)            :        1        1   5108746
	   Memory (MB)          :     1465     1465      1465
...
001 (20634.000.000) 02/25 10:00:09 Job executing on host: <134.76.239.86:20177?addrs=134.76.239.86-20177>
...
004 (20634.000.000) 02/25 10:09:51 Job was evicted.
	(0) Job was not checkpointed.
		Usr 0 00:14:55, Sys 0 00:00:05  -  Run Remote Usage
		Usr 0 00:00:00, Sys 0 00:00:00  -  Run Local Usage
	0  -  Run Bytes Sent By Job
	0  -  Run Bytes Received By Job
	Partitionable Resources :    Usage  Request Allocated
	   Cpus                 :                 2         2
	   Disk (KB)            :        1        1   5108660
	   Memory (MB)          :     1465     1465      1465
...
001 (20634.000.000) 02/25 10:10:19 Job executing on host: <134.76.239.83:20501?addrs=134.76.239.83-20501>
...
004 (20634.000.000) 02/25 10:49:49 Job was evicted.
	(0) Job was not checkpointed.
		Usr 0 01:09:40, Sys 0 00:00:19  -  Run Remote Usage
		Usr 0 00:00:00, Sys 0 00:00:00  -  Run Local Usage
	0  -  Run Bytes Sent By Job
	0  -  Run Bytes Received By Job
	Partitionable Resources :    Usage  Request Allocated
	   Cpus                 :                 2         2
	   Disk (KB)            :        1        1   5108605
	   Memory (MB)          :     1465     1465      1465
...
001 (20634.000.000) 02/25 10:50:42 Job executing on host: <134.76.239.83:20501?addrs=134.76.239.83-20501>
...
004 (20634.000.000) 02/25 10:52:27 Job was evicted.
	(0) Job was not checkpointed.
		Usr 0 00:02:26, Sys 0 00:00:01  -  Run Remote Usage
		Usr 0 00:00:00, Sys 0 00:00:00  -  Run Local Usage
	0  -  Run Bytes Sent By Job
	0  -  Run Bytes Received By Job
	Partitionable Resources :    Usage  Request Allocated
	   Cpus                 :                 2         2
	   Disk (KB)            :        1        1   5108611
	   Memory (MB)          :     1465     1465      1465
...
001 (20634.000.000) 02/25 10:54:27 Job executing on host: <134.76.239.83:20501?addrs=134.76.239.83-20501>
...
004 (20634.000.000) 02/25 11:04:25 Job was evicted.
	(0) Job was not checkpointed.
		Usr 0 00:16:48, Sys 0 00:00:06  -  Run Remote Usage
		Usr 0 00:00:00, Sys 0 00:00:00  -  Run Local Usage
	0  -  Run Bytes Sent By Job
	0  -  Run Bytes Received By Job
	Partitionable Resources :    Usage  Request Allocated
	   Cpus                 :                 2         2
	   Disk (KB)            :        1        1   5108606
	   Memory (MB)          :     1465     1465      1465
...
001 (20634.000.000) 02/25 11:06:25 Job executing on host: <134.76.239.88:25067?addrs=134.76.239.88-25067>
...
004 (20634.000.000) 02/25 11:08:07 Job was evicted.
	(0) Job was not checkpointed.
		Usr 0 00:02:19, Sys 0 00:00:01  -  Run Remote Usage
		Usr 0 00:00:00, Sys 0 00:00:00  -  Run Local Usage
	0  -  Run Bytes Sent By Job
	0  -  Run Bytes Received By Job
	Partitionable Resources :    Usage  Request Allocated
	   Cpus                 :                 2         2
	   Disk (KB)            :        1        1   5108610
	   Memory (MB)          :     1465     1465      1465
...
001 (20634.000.000) 02/25 11:11:06 Job executing on host: <134.76.239.88:25067?addrs=134.76.239.88-25067>
...
004 (20634.000.000) 02/25 11:30:52 Job was evicted.
	(0) Job was not checkpointed.
		Usr 0 00:27:38, Sys 0 00:00:06  -  Run Remote Usage
		Usr 0 00:00:00, Sys 0 00:00:00  -  Run Local Usage
	0  -  Run Bytes Sent By Job
	0  -  Run Bytes Received By Job
	Partitionable Resources :    Usage  Request Allocated
	   Cpus                 :                 2         2
	   Disk (KB)            :        1        1   5108585
	   Memory (MB)          :     1465     1465      1465
...
001 (20634.000.000) 02/25 11:32:40 Job executing on host: <134.76.239.79:12046?addrs=134.76.239.79-12046>
...
004 (20634.000.000) 02/25 11:45:13 Job was evicted.
	(0) Job was not checkpointed.
		Usr 0 00:17:25, Sys 0 00:00:06  -  Run Remote Usage
		Usr 0 00:00:00, Sys 0 00:00:00  -  Run Local Usage
	0  -  Run Bytes Sent By Job
	0  -  Run Bytes Received By Job
	Partitionable Resources :    Usage  Request Allocated
	   Cpus                 :                 2         2
	   Disk (KB)            :        1        1   5108556
	   Memory (MB)          :     1465     1465      1465
...
001 (20634.000.000) 02/25 11:47:59 Job executing on host: <134.76.239.80:23833?addrs=134.76.239.80-23833>
...
004 (20634.000.000) 02/25 11:57:16 Job was evicted.
	(0) Job was not checkpointed.
		Usr 0 00:11:40, Sys 0 00:00:05  -  Run Remote Usage
		Usr 0 00:00:00, Sys 0 00:00:00  -  Run Local Usage
	0  -  Run Bytes Sent By Job
	0  -  Run Bytes Received By Job
	Partitionable Resources :    Usage  Request Allocated
	   Cpus                 :                 2         2
	   Disk (KB)            :        1        1   5045658
	   Memory (MB)          :     1465     1465      1465
...
001 (20634.000.000) 02/25 11:59:18 Job executing on host: <134.76.239.90:23525?addrs=134.76.239.90-23525>
...
004 (20634.000.000) 02/25 13:21:06 Job was evicted.
	(0) Job was not checkpointed.
		Usr 0 02:19:31, Sys 0 00:00:19  -  Run Remote Usage
		Usr 0 00:00:00, Sys 0 00:00:00  -  Run Local Usage
	0  -  Run Bytes Sent By Job
	0  -  Run Bytes Received By Job
	Partitionable Resources :    Usage  Request Allocated
	   Cpus                 :                 2         2
	   Disk (KB)            :        1        1   5108620
	   Memory (MB)          :     1465     1465      1465
...
001 (20634.000.000) 02/25 13:23:10 Job executing on host: <134.76.239.91:19968?addrs=134.76.239.91-19968>
...
