DATE: 2016-02-26
TIME: 16:59:45
                                         version_number        8118
 read inlist_1.0
 create pre-main-sequence model
                                                species           8
 abundances
                                                     h1    6.9964399999999993D-01
                                                    he3    2.9876705404680035D-05
                                                    he4    2.8071312329459536D-01
                                                    c12    3.3750154454928421D-03
                                                    n14    9.8865067895532012D-04
                                                    o16    9.1793219672531550D-03
                                                   ne20    2.0588353996710083D-03
                                                   mg24    4.0111765086277770D-03


                                        relax_num_steps


                               finished relax_num_steps

 new_lnPgas_flag T
                                        relax_initial_Z    1.9612999999999998D-02
                                                  new z    1.9613000000000883D-02
                                        relax_initial_Y    2.8074300000000002D-01
                                                  new y    2.8074299999999963D-01
 net name basic.net
 do_element_diffusion T
 lnPgas_flag T
 kappa_file_prefix gs98
 kappa_lowT_prefix lowT_fa05_gs98
   eos_file_prefix mesa
                                        OMP_NUM_THREADS           1



stop because Lnuc_div_L >= Lnuc_div_L_zams_limit
    0.1005636019E+01    0.9990000000E+00

        820   7.152806   5761.590  -0.016963  -0.016963   1.069443   1.069443   0.699167   0.001726   0.280743   0.699551  -1.864797    813      0
   5.713668   1.874775  -0.007271 -46.375514  -1.509165 -99.000000   0.000000   0.281114   0.009179   0.019613   0.280823   0.075169      2      0
 3.3187E+07  17.156504  -0.019404 -99.000000   4.786145  -6.775283   0.000000   0.002743   0.002059  1.972E-02  1.963E-02 -0.317E-10    varcontrol

save photos/x820 for model 820
save final_profile.data write fgong_plot.data
                               s% atm_structure_num_pts          61
save final_profile.data.FGONG    820
 final_profile.data.FGONG for model 820
 saved to zams.mod
termination code: Lnuc_div_L_zams_limit

       runtime, prev time, retries, backups, steps         7.4        28.2         0         0       820
        820   7.152806   5761.590  -0.016963  -0.016963   1.069443   1.069443   0.699167   0.001726   0.280743   0.699551  -1.864797    813      0
   5.713668   1.874775  -0.007271 -46.375514  -1.509165 -99.000000   0.000000   0.281114   0.009179   0.019613   0.280823   0.075169      2      0
 3.3187E+07  17.156504  -0.019404 -99.000000   4.786145  -6.775283   0.000000   0.002743   0.002059  1.972E-02  1.963E-02 -0.317E-10  max increase

DATE: 2016-02-26
TIME: 17:08:52
DATE: 2016-02-26
TIME: 17:08:52
                                         version_number        8118
 read inlist_1.0
load saved model zams.mod

 new_lnPgas_flag T
 net name basic.net
 do_element_diffusion T
 lnPgas_flag T
                       which_atm_option: Eddington_grey
 kappa_file_prefix gs98
 kappa_lowT_prefix lowT_fa05_gs98
   eos_file_prefix mesa
                                        OMP_NUM_THREADS           1


__________________________________________________________________________________________________________________________________________________

       step    lg_Tcntr    Teff       lg_LH     lg_Lnuc     Mass       H_rich     H_cntr     N_cntr     Y_surf     X_avg     eta_cntr  zones retry
   lg_dt_yr    lg_Dcntr    lg_R       lg_L3a    lg_Lneu     lg_Mdot    He_core    He_cntr    O_cntr     Z_surf     Y_avg     gam_cntr  iters bckup
     age_yr    lg_Pcntr    lg_L       lg_LZ     lg_Psurf    lg_Dsurf   C_core     C_cntr     Ne_cntr    Z_cntr     Z_avg     v_div_cs     dt_limit
__________________________________________________________________________________________________________________________________________________

