000 (20165.000.000) 02/24 21:34:43 Job submitted from host: <134.76.239.76:13753?addrs=134.76.239.76-13753>
...
001 (20165.000.000) 02/24 22:10:35 Job executing on host: <134.76.239.83:20501?addrs=134.76.239.83-20501>
...
006 (20165.000.000) 02/24 22:10:44 Image size of job updated: 45168
	5  -  MemoryUsage of job (MB)
	4308  -  ResidentSetSize of job (KB)
...
006 (20165.000.000) 02/24 22:15:45 Image size of job updated: 1140008
	919  -  MemoryUsage of job (MB)
	940220  -  ResidentSetSize of job (KB)
...
006 (20165.000.000) 02/24 22:20:45 Image size of job updated: 1146504
	919  -  MemoryUsage of job (MB)
	940220  -  ResidentSetSize of job (KB)
...
006 (20165.000.000) 02/24 22:30:46 Image size of job updated: 1268420
	1070  -  MemoryUsage of job (MB)
	1094840  -  ResidentSetSize of job (KB)
...
006 (20165.000.000) 02/24 22:40:47 Image size of job updated: 1268420
	1070  -  MemoryUsage of job (MB)
	1095172  -  ResidentSetSize of job (KB)
...
006 (20165.000.000) 02/24 22:50:49 Image size of job updated: 1389368
	1214  -  MemoryUsage of job (MB)
	1242440  -  ResidentSetSize of job (KB)
...
006 (20165.000.000) 02/24 22:55:49 Image size of job updated: 1389368
	1214  -  MemoryUsage of job (MB)
	1242788  -  ResidentSetSize of job (KB)
...
006 (20165.000.000) 02/24 23:05:50 Image size of job updated: 1389368
	1214  -  MemoryUsage of job (MB)
	1243116  -  ResidentSetSize of job (KB)
...
006 (20165.000.000) 02/24 23:10:50 Image size of job updated: 1413904
	1238  -  MemoryUsage of job (MB)
	1267652  -  ResidentSetSize of job (KB)
...
006 (20165.000.000) 02/24 23:20:51 Image size of job updated: 1414412
	1238  -  MemoryUsage of job (MB)
	1267656  -  ResidentSetSize of job (KB)
...
006 (20165.000.000) 02/24 23:55:55 Image size of job updated: 1429116
	1238  -  MemoryUsage of job (MB)
	1267656  -  ResidentSetSize of job (KB)
...
006 (20165.000.000) 02/25 00:10:57 Image size of job updated: 1453652
	1238  -  MemoryUsage of job (MB)
	1267656  -  ResidentSetSize of job (KB)
...
006 (20165.000.000) 02/25 00:25:58 Image size of job updated: 1453904
	1238  -  MemoryUsage of job (MB)
	1267656  -  ResidentSetSize of job (KB)
...
006 (20165.000.000) 02/25 01:58:12 Image size of job updated: 9639172
	1238  -  MemoryUsage of job (MB)
	1267656  -  ResidentSetSize of job (KB)
...
005 (20165.000.000) 02/25 01:58:12 Job terminated.
	(1) Normal termination (return value 0)
		Usr 0 06:19:17, Sys 0 00:01:21  -  Run Remote Usage
		Usr 0 00:00:00, Sys 0 00:00:00  -  Run Local Usage
		Usr 0 06:19:17, Sys 0 00:01:21  -  Total Remote Usage
		Usr 0 00:00:00, Sys 0 00:00:00  -  Total Local Usage
	0  -  Run Bytes Sent By Job
	0  -  Run Bytes Received By Job
	0  -  Total Bytes Sent By Job
	0  -  Total Bytes Received By Job
	Partitionable Resources :    Usage  Request Allocated
	   Cpus                 :                 2         2
	   Disk (KB)            :        1        1   5108773
	   Memory (MB)          :     1238        1         1
...
