000 (20754.000.000) 02/24 21:35:14 Job submitted from host: <134.76.239.76:13753?addrs=134.76.239.76-13753>
...
001 (20754.000.000) 02/25 04:42:47 Job executing on host: <134.76.239.84:12289?addrs=134.76.239.84-12289>
...
006 (20754.000.000) 02/25 04:42:56 Image size of job updated: 1
	3  -  MemoryUsage of job (MB)
	2072  -  ResidentSetSize of job (KB)
...
006 (20754.000.000) 02/25 04:47:56 Image size of job updated: 1145368
	922  -  MemoryUsage of job (MB)
	944080  -  ResidentSetSize of job (KB)
...
006 (20754.000.000) 02/25 04:52:56 Image size of job updated: 1146124
	922  -  MemoryUsage of job (MB)
	944080  -  ResidentSetSize of job (KB)
...
006 (20754.000.000) 02/25 05:23:00 Image size of job updated: 1242596
	1071  -  MemoryUsage of job (MB)
	1096300  -  ResidentSetSize of job (KB)
...
006 (20754.000.000) 02/25 05:43:02 Image size of job updated: 1242596
	1071  -  MemoryUsage of job (MB)
	1096636  -  ResidentSetSize of job (KB)
...
006 (20754.000.000) 02/25 05:58:04 Image size of job updated: 1429080
	1215  -  MemoryUsage of job (MB)
	1243900  -  ResidentSetSize of job (KB)
...
006 (20754.000.000) 02/25 06:08:05 Image size of job updated: 1429080
	1216  -  MemoryUsage of job (MB)
	1244228  -  ResidentSetSize of job (KB)
...
006 (20754.000.000) 02/25 06:13:05 Image size of job updated: 1429080
	1216  -  MemoryUsage of job (MB)
	1244236  -  ResidentSetSize of job (KB)
...
006 (20754.000.000) 02/25 06:33:07 Image size of job updated: 1429080
	1216  -  MemoryUsage of job (MB)
	1244560  -  ResidentSetSize of job (KB)
...
006 (20754.000.000) 02/25 08:18:19 Image size of job updated: 1429424
	1216  -  MemoryUsage of job (MB)
	1244560  -  ResidentSetSize of job (KB)
...
004 (20754.000.000) 02/25 10:08:52 Job was evicted.
	(0) Job was not checkpointed.
		Usr 0 09:19:12, Sys 0 00:02:13  -  Run Remote Usage
		Usr 0 00:00:00, Sys 0 00:00:00  -  Run Local Usage
	0  -  Run Bytes Sent By Job
	0  -  Run Bytes Received By Job
	Partitionable Resources :    Usage  Request Allocated
	   Cpus                 :                 2         2
	   Disk (KB)            :        1        1   5108529
	   Memory (MB)          :     1216        1         1
...
001 (20754.000.000) 02/25 10:11:12 Job executing on host: <134.76.239.87:13734?addrs=134.76.239.87-13734>
...
004 (20754.000.000) 02/25 10:49:46 Job was evicted.
	(0) Job was not checkpointed.
		Usr 0 01:07:53, Sys 0 00:00:11  -  Run Remote Usage
		Usr 0 00:00:00, Sys 0 00:00:00  -  Run Local Usage
	0  -  Run Bytes Sent By Job
	0  -  Run Bytes Received By Job
	Partitionable Resources :    Usage  Request Allocated
	   Cpus                 :                 2         2
	   Disk (KB)            :        1        1   5108626
	   Memory (MB)          :     1221     1221      1221
...
001 (20754.000.000) 02/25 10:50:43 Job executing on host: <134.76.239.88:25067?addrs=134.76.239.88-25067>
...
004 (20754.000.000) 02/25 10:52:27 Job was evicted.
	(0) Job was not checkpointed.
		Usr 0 00:02:24, Sys 0 00:00:01  -  Run Remote Usage
		Usr 0 00:00:00, Sys 0 00:00:00  -  Run Local Usage
	0  -  Run Bytes Sent By Job
	0  -  Run Bytes Received By Job
	Partitionable Resources :    Usage  Request Allocated
	   Cpus                 :                 2         2
	   Disk (KB)            :        1        1   5108599
	   Memory (MB)          :     1221     1221      1221
...
001 (20754.000.000) 02/25 10:54:27 Job executing on host: <134.76.239.89:24193?addrs=134.76.239.89-24193>
...
004 (20754.000.000) 02/25 11:04:25 Job was evicted.
	(0) Job was not checkpointed.
		Usr 0 00:16:49, Sys 0 00:00:05  -  Run Remote Usage
		Usr 0 00:00:00, Sys 0 00:00:00  -  Run Local Usage
	0  -  Run Bytes Sent By Job
	0  -  Run Bytes Received By Job
	Partitionable Resources :    Usage  Request Allocated
	   Cpus                 :                 2         2
	   Disk (KB)            :        1        1   5108666
	   Memory (MB)          :     1221     1221      1221
...
001 (20754.000.000) 02/25 11:06:25 Job executing on host: <134.76.239.90:23525?addrs=134.76.239.90-23525>
...
004 (20754.000.000) 02/25 11:08:07 Job was evicted.
	(0) Job was not checkpointed.
		Usr 0 00:02:21, Sys 0 00:00:01  -  Run Remote Usage
		Usr 0 00:00:00, Sys 0 00:00:00  -  Run Local Usage
	0  -  Run Bytes Sent By Job
	0  -  Run Bytes Received By Job
	Partitionable Resources :    Usage  Request Allocated
	   Cpus                 :                 2         2
	   Disk (KB)            :        1        1   5108667
	   Memory (MB)          :     1221     1221      1221
...
001 (20754.000.000) 02/25 11:11:05 Job executing on host: <134.76.239.87:13734?addrs=134.76.239.87-13734>
...
004 (20754.000.000) 02/25 11:30:52 Job was evicted.
	(0) Job was not checkpointed.
		Usr 0 00:29:00, Sys 0 00:00:07  -  Run Remote Usage
		Usr 0 00:00:00, Sys 0 00:00:00  -  Run Local Usage
	0  -  Run Bytes Sent By Job
	0  -  Run Bytes Received By Job
	Partitionable Resources :    Usage  Request Allocated
	   Cpus                 :                 2         2
	   Disk (KB)            :        1        1   5108624
	   Memory (MB)          :     1221     1221      1221
...
001 (20754.000.000) 02/25 11:32:40 Job executing on host: <134.76.239.90:23525?addrs=134.76.239.90-23525>
...
004 (20754.000.000) 02/25 11:45:13 Job was evicted.
	(0) Job was not checkpointed.
		Usr 0 00:17:01, Sys 0 00:00:06  -  Run Remote Usage
		Usr 0 00:00:00, Sys 0 00:00:00  -  Run Local Usage
	0  -  Run Bytes Sent By Job
	0  -  Run Bytes Received By Job
	Partitionable Resources :    Usage  Request Allocated
	   Cpus                 :                 2         2
	   Disk (KB)            :        1        1   5108641
	   Memory (MB)          :     1221     1221      1221
...
001 (20754.000.000) 02/25 11:47:59 Job executing on host: <134.76.239.89:24193?addrs=134.76.239.89-24193>
...
004 (20754.000.000) 02/25 11:57:16 Job was evicted.
	(0) Job was not checkpointed.
		Usr 0 00:11:35, Sys 0 00:00:05  -  Run Remote Usage
		Usr 0 00:00:00, Sys 0 00:00:00  -  Run Local Usage
	0  -  Run Bytes Sent By Job
	0  -  Run Bytes Received By Job
	Partitionable Resources :    Usage  Request Allocated
	   Cpus                 :                 2         2
	   Disk (KB)            :        1        1   5108628
	   Memory (MB)          :     1221     1221      1221
...
001 (20754.000.000) 02/25 11:59:20 Job executing on host: <134.76.239.79:12046?addrs=134.76.239.79-12046>
...
004 (20754.000.000) 02/25 13:21:06 Job was evicted.
	(0) Job was not checkpointed.
		Usr 0 02:20:31, Sys 0 00:00:48  -  Run Remote Usage
		Usr 0 00:00:00, Sys 0 00:00:00  -  Run Local Usage
	0  -  Run Bytes Sent By Job
	0  -  Run Bytes Received By Job
	Partitionable Resources :    Usage  Request Allocated
	   Cpus                 :                 2         2
	   Disk (KB)            :        1        1   5108542
	   Memory (MB)          :     1221     1221      1221
...
001 (20754.000.000) 02/25 13:23:11 Job executing on host: <134.76.239.91:19968?addrs=134.76.239.91-19968>
...
