000 (20212.000.000) 02/24 21:34:45 Job submitted from host: <134.76.239.76:13753?addrs=134.76.239.76-13753>
...
001 (20212.000.000) 02/24 22:11:36 Job executing on host: <134.76.239.83:20501?addrs=134.76.239.83-20501>
...
006 (20212.000.000) 02/24 22:11:45 Image size of job updated: 45168
	5  -  MemoryUsage of job (MB)
	4292  -  ResidentSetSize of job (KB)
...
006 (20212.000.000) 02/24 22:16:46 Image size of job updated: 1137732
	924  -  MemoryUsage of job (MB)
	945780  -  ResidentSetSize of job (KB)
...
006 (20212.000.000) 02/24 22:21:47 Image size of job updated: 1144056
	924  -  MemoryUsage of job (MB)
	945780  -  ResidentSetSize of job (KB)
...
006 (20212.000.000) 02/24 22:26:47 Image size of job updated: 1144056
	974  -  MemoryUsage of job (MB)
	996732  -  ResidentSetSize of job (KB)
...
006 (20212.000.000) 02/24 22:31:48 Image size of job updated: 1309904
	1131  -  MemoryUsage of job (MB)
	1157780  -  ResidentSetSize of job (KB)
...
006 (20212.000.000) 02/24 22:36:49 Image size of job updated: 1387348
	1204  -  MemoryUsage of job (MB)
	1231908  -  ResidentSetSize of job (KB)
...
006 (20212.000.000) 02/24 22:41:49 Image size of job updated: 1387348
	1205  -  MemoryUsage of job (MB)
	1233084  -  ResidentSetSize of job (KB)
...
006 (20212.000.000) 02/24 22:46:49 Image size of job updated: 1387348
	1205  -  MemoryUsage of job (MB)
	1233544  -  ResidentSetSize of job (KB)
...
006 (20212.000.000) 02/24 22:51:50 Image size of job updated: 1573832
	1350  -  MemoryUsage of job (MB)
	1381564  -  ResidentSetSize of job (KB)
...
006 (20212.000.000) 02/24 22:56:51 Image size of job updated: 1573832
	1350  -  MemoryUsage of job (MB)
	1381576  -  ResidentSetSize of job (KB)
...
006 (20212.000.000) 02/24 23:01:51 Image size of job updated: 1622904
	1398  -  MemoryUsage of job (MB)
	1430976  -  ResidentSetSize of job (KB)
...
006 (20212.000.000) 02/24 23:06:52 Image size of job updated: 1624956
	1400  -  MemoryUsage of job (MB)
	1433308  -  ResidentSetSize of job (KB)
...
006 (20212.000.000) 02/24 23:56:57 Image size of job updated: 1624996
	1400  -  MemoryUsage of job (MB)
	1433308  -  ResidentSetSize of job (KB)
...
005 (20212.000.000) 02/25 01:14:03 Job terminated.
	(1) Normal termination (return value 0)
		Usr 0 04:56:39, Sys 0 00:01:20  -  Run Remote Usage
		Usr 0 00:00:00, Sys 0 00:00:00  -  Run Local Usage
		Usr 0 04:56:39, Sys 0 00:01:20  -  Total Remote Usage
		Usr 0 00:00:00, Sys 0 00:00:00  -  Total Local Usage
	0  -  Run Bytes Sent By Job
	0  -  Run Bytes Received By Job
	0  -  Total Bytes Sent By Job
	0  -  Total Bytes Received By Job
	Partitionable Resources :    Usage  Request Allocated
	   Cpus                 :                 2         2
	   Disk (KB)            :        1        1   5108776
	   Memory (MB)          :     1400        1         1
...
