000 (20084.000.000) 02/24 21:34:38 Job submitted from host: <134.76.239.76:13753?addrs=134.76.239.76-13753>
...
001 (20084.000.000) 02/24 21:34:57 Job executing on host: <134.76.239.88:25067?addrs=134.76.239.88-25067>
...
006 (20084.000.000) 02/24 21:35:13 Image size of job updated: 65712
	4  -  MemoryUsage of job (MB)
	4032  -  ResidentSetSize of job (KB)
...
006 (20084.000.000) 02/24 21:40:12 Image size of job updated: 1137988
	931  -  MemoryUsage of job (MB)
	952864  -  ResidentSetSize of job (KB)
...
006 (20084.000.000) 02/24 21:45:13 Image size of job updated: 1142776
	936  -  MemoryUsage of job (MB)
	957692  -  ResidentSetSize of job (KB)
...
006 (20084.000.000) 02/24 21:50:14 Image size of job updated: 1144556
	936  -  MemoryUsage of job (MB)
	957692  -  ResidentSetSize of job (KB)
...
006 (20084.000.000) 02/24 22:05:16 Image size of job updated: 1277232
	1077  -  MemoryUsage of job (MB)
	1102384  -  ResidentSetSize of job (KB)
...
006 (20084.000.000) 02/24 22:10:16 Image size of job updated: 1277232
	1077  -  MemoryUsage of job (MB)
	1102704  -  ResidentSetSize of job (KB)
...
006 (20084.000.000) 02/24 22:15:16 Image size of job updated: 1537324
	1293  -  MemoryUsage of job (MB)
	1323916  -  ResidentSetSize of job (KB)
...
006 (20084.000.000) 02/24 22:20:17 Image size of job updated: 1537324
	1294  -  MemoryUsage of job (MB)
	1324232  -  ResidentSetSize of job (KB)
...
006 (20084.000.000) 02/24 22:25:17 Image size of job updated: 1537332
	1294  -  MemoryUsage of job (MB)
	1324232  -  ResidentSetSize of job (KB)
...
006 (20084.000.000) 02/24 22:45:19 Image size of job updated: 1537332
	1295  -  MemoryUsage of job (MB)
	1326052  -  ResidentSetSize of job (KB)
...
006 (20084.000.000) 02/24 22:50:20 Image size of job updated: 1537332
	1296  -  MemoryUsage of job (MB)
	1326388  -  ResidentSetSize of job (KB)
...
006 (20084.000.000) 02/24 22:55:21 Image size of job updated: 1537332
	1296  -  MemoryUsage of job (MB)
	1326720  -  ResidentSetSize of job (KB)
...
005 (20084.000.000) 02/24 23:57:17 Job terminated.
	(1) Normal termination (return value 0)
		Usr 0 03:04:44, Sys 0 00:01:14  -  Run Remote Usage
		Usr 0 00:00:00, Sys 0 00:00:00  -  Run Local Usage
		Usr 0 03:04:44, Sys 0 00:01:14  -  Total Remote Usage
		Usr 0 00:00:00, Sys 0 00:00:00  -  Total Local Usage
	0  -  Run Bytes Sent By Job
	0  -  Run Bytes Received By Job
	0  -  Total Bytes Sent By Job
	0  -  Total Bytes Received By Job
	Partitionable Resources :    Usage  Request Allocated
	   Cpus                 :                 2         2
	   Disk (KB)            :        1        1   5108801
	   Memory (MB)          :     1296        1         1
...
