000 (20071.000.000) 02/24 21:34:38 Job submitted from host: <134.76.239.76:13753?addrs=134.76.239.76-13753>
...
001 (20071.000.000) 02/24 21:34:58 Job executing on host: <134.76.239.85:29523?addrs=134.76.239.85-29523>
...
006 (20071.000.000) 02/24 21:35:15 Image size of job updated: 65708
	4  -  MemoryUsage of job (MB)
	3252  -  ResidentSetSize of job (KB)
...
006 (20071.000.000) 02/24 21:40:16 Image size of job updated: 1138188
	927  -  MemoryUsage of job (MB)
	948600  -  ResidentSetSize of job (KB)
...
006 (20071.000.000) 02/24 21:45:16 Image size of job updated: 1142764
	932  -  MemoryUsage of job (MB)
	954188  -  ResidentSetSize of job (KB)
...
006 (20071.000.000) 02/24 21:50:17 Image size of job updated: 1144208
	932  -  MemoryUsage of job (MB)
	954188  -  ResidentSetSize of job (KB)
...
006 (20071.000.000) 02/24 22:00:18 Image size of job updated: 1325048
	1140  -  MemoryUsage of job (MB)
	1167012  -  ResidentSetSize of job (KB)
...
006 (20071.000.000) 02/24 22:05:18 Image size of job updated: 1511532
	1284  -  MemoryUsage of job (MB)
	1314624  -  ResidentSetSize of job (KB)
...
006 (20071.000.000) 02/24 22:10:19 Image size of job updated: 1560612
	1334  -  MemoryUsage of job (MB)
	1365320  -  ResidentSetSize of job (KB)
...
005 (20071.000.000) 02/24 23:31:39 Job terminated.
	(1) Normal termination (return value 0)
		Usr 0 02:23:56, Sys 0 00:01:04  -  Run Remote Usage
		Usr 0 00:00:00, Sys 0 00:00:00  -  Run Local Usage
		Usr 0 02:23:56, Sys 0 00:01:04  -  Total Remote Usage
		Usr 0 00:00:00, Sys 0 00:00:00  -  Total Local Usage
	0  -  Run Bytes Sent By Job
	0  -  Run Bytes Received By Job
	0  -  Total Bytes Sent By Job
	0  -  Total Bytes Received By Job
	Partitionable Resources :    Usage  Request Allocated
	   Cpus                 :                 2         2
	   Disk (KB)            :        1        1   5108813
	   Memory (MB)          :     1334        1         1
...
