DATE: 2016-02-26
TIME: 16:59:37
                                         version_number        8118
 read inlist_1.0
 create pre-main-sequence model
                                                species           8
 abundances
                                                     h1    6.5528500000000001D-01
                                                    he3    3.6012570603518957D-05
                                                    he4    3.3836398742939650D-01
                                                    c12    1.0866885503639130D-03
                                                    n14    3.1832606116366101D-04
                                                    o16    2.9555610168359768D-03
                                                   ne20    6.6290447911703952D-04
                                                   mg24    1.2915198925194807D-03


                                        relax_num_steps


                               finished relax_num_steps

 new_lnPgas_flag T
                                        relax_initial_Z    6.3150000000000003D-03
                                                  new z    6.3149999999999908D-03
                                        relax_initial_Y    3.3839999999999998D-01
                                                  new y    3.3839999999999998D-01
 net name basic.net
 do_element_diffusion T
 lnPgas_flag T
 kappa_file_prefix gs98
 kappa_lowT_prefix lowT_fa05_gs98
   eos_file_prefix mesa
                                        OMP_NUM_THREADS           1



stop because Lnuc_div_L >= Lnuc_div_L_zams_limit
    0.9991864153E+00    0.9990000000E+00

        852   7.180667   6363.444   0.108965   0.108965   0.932333   0.932333   0.652541   0.001576   0.338261   0.654836  -1.622392    792      0
   6.656228   2.027553  -0.029209 -44.452816  -1.518165 -99.000000   0.000000   0.340964   0.002955   0.006312   0.338826   0.080556      4      0
 4.6601E+07  17.323060   0.109319 -15.653560   4.646091  -6.942924   0.000000   0.000009   0.000663  6.495E-03  6.337E-03  0.243E-12  max increase

save photos/x852 for model 852
save final_profile.data write fgong_plot.data
                               s% atm_structure_num_pts          55
save final_profile.data.FGONG    852
 final_profile.data.FGONG for model 852
 saved to zams.mod
termination code: Lnuc_div_L_zams_limit

       runtime, prev time, retries, backups, steps         8.2        28.2         0         0       852
        852   7.180667   6363.444   0.108965   0.108965   0.932333   0.932333   0.652541   0.001576   0.338261   0.654836  -1.622392    792      0
   6.656228   2.027553  -0.029209 -44.452816  -1.518165 -99.000000   0.000000   0.340964   0.002955   0.006312   0.338826   0.080556      4      0
 4.6601E+07  17.323060   0.109319 -15.653560   4.646091  -6.942924   0.000000   0.000009   0.000663  6.495E-03  6.337E-03  0.243E-12  max increase

DATE: 2016-02-26
TIME: 17:09:47
DATE: 2016-02-26
TIME: 17:09:47
                                         version_number        8118
 read inlist_1.0
load saved model zams.mod

 new_lnPgas_flag T
 net name basic.net
 do_element_diffusion T
 lnPgas_flag T
                       which_atm_option: Eddington_grey
 kappa_file_prefix gs98
 kappa_lowT_prefix lowT_fa05_gs98
   eos_file_prefix mesa
                                        OMP_NUM_THREADS           1


__________________________________________________________________________________________________________________________________________________

       step    lg_Tcntr    Teff       lg_LH     lg_Lnuc     Mass       H_rich     H_cntr     N_cntr     Y_surf     X_avg     eta_cntr  zones retry
   lg_dt_yr    lg_Dcntr    lg_R       lg_L3a    lg_Lneu     lg_Mdot    He_core    He_cntr    O_cntr     Z_surf     Y_avg     gam_cntr  iters bckup
     age_yr    lg_Pcntr    lg_L       lg_LZ     lg_Psurf    lg_Dsurf   C_core     C_cntr     Ne_cntr    Z_cntr     Z_avg     v_div_cs     dt_limit
__________________________________________________________________________________________________________________________________________________

        857   7.180669   6548.763   0.110425   0.110425   0.932333   0.932333   0.652093   0.001580   0.338312   0.654773  -1.620001    782      0
   6.000000   2.028656  -0.053643 -44.449196  -1.518825 -99.000000   0.000000   0.341412   0.002955   0.006313   0.338889   0.080641      4      0
 5.1006E+07  17.324020   0.110319 -99.000000   4.972416  -6.629655   0.000000   0.000006   0.000663  6.495E-03  6.338E-03  0.229E-12        max_dt

