000 (20269.000.000) 02/24 21:34:49 Job submitted from host: <134.76.239.76:13753?addrs=134.76.239.76-13753>
...
001 (20269.000.000) 02/24 23:06:36 Job executing on host: <134.76.239.79:12046?addrs=134.76.239.79-12046>
...
006 (20269.000.000) 02/24 23:06:44 Image size of job updated: 45168
	4  -  MemoryUsage of job (MB)
	3316  -  ResidentSetSize of job (KB)
...
006 (20269.000.000) 02/24 23:11:44 Image size of job updated: 1144360
	935  -  MemoryUsage of job (MB)
	957324  -  ResidentSetSize of job (KB)
...
006 (20269.000.000) 02/24 23:16:45 Image size of job updated: 1146188
	935  -  MemoryUsage of job (MB)
	957324  -  ResidentSetSize of job (KB)
...
006 (20269.000.000) 02/24 23:21:45 Image size of job updated: 1294648
	1070  -  MemoryUsage of job (MB)
	1094976  -  ResidentSetSize of job (KB)
...
006 (20269.000.000) 02/24 23:26:45 Image size of job updated: 1294648
	1070  -  MemoryUsage of job (MB)
	1094980  -  ResidentSetSize of job (KB)
...
006 (20269.000.000) 02/24 23:31:46 Image size of job updated: 1294648
	1070  -  MemoryUsage of job (MB)
	1095316  -  ResidentSetSize of job (KB)
...
006 (20269.000.000) 02/24 23:36:47 Image size of job updated: 1294648
	1070  -  MemoryUsage of job (MB)
	1095324  -  ResidentSetSize of job (KB)
...
006 (20269.000.000) 02/24 23:41:47 Image size of job updated: 1415596
	1214  -  MemoryUsage of job (MB)
	1242592  -  ResidentSetSize of job (KB)
...
006 (20269.000.000) 02/24 23:46:47 Image size of job updated: 1415596
	1214  -  MemoryUsage of job (MB)
	1242928  -  ResidentSetSize of job (KB)
...
006 (20269.000.000) 02/24 23:51:48 Image size of job updated: 1415596
	1214  -  MemoryUsage of job (MB)
	1242936  -  ResidentSetSize of job (KB)
...
006 (20269.000.000) 02/24 23:56:48 Image size of job updated: 1440132
	1239  -  MemoryUsage of job (MB)
	1267796  -  ResidentSetSize of job (KB)
...
006 (20269.000.000) 02/25 00:06:49 Image size of job updated: 1440648
	1239  -  MemoryUsage of job (MB)
	1267796  -  ResidentSetSize of job (KB)
...
006 (20269.000.000) 02/25 00:51:54 Image size of job updated: 1453852
	1242  -  MemoryUsage of job (MB)
	1271600  -  ResidentSetSize of job (KB)
...
006 (20269.000.000) 02/25 01:06:56 Image size of job updated: 1454108
	1242  -  MemoryUsage of job (MB)
	1271600  -  ResidentSetSize of job (KB)
...
005 (20269.000.000) 02/25 02:28:14 Job terminated.
	(1) Normal termination (return value 0)
		Usr 0 05:38:59, Sys 0 00:00:58  -  Run Remote Usage
		Usr 0 00:00:00, Sys 0 00:00:00  -  Run Local Usage
		Usr 0 05:38:59, Sys 0 00:00:58  -  Total Remote Usage
		Usr 0 00:00:00, Sys 0 00:00:00  -  Total Local Usage
	0  -  Run Bytes Sent By Job
	0  -  Run Bytes Received By Job
	0  -  Total Bytes Sent By Job
	0  -  Total Bytes Received By Job
	Partitionable Resources :    Usage  Request Allocated
	   Cpus                 :                 2         2
	   Disk (KB)            :        1        1   5108724
	   Memory (MB)          :     1242        1         1
...
