000 (28010.000.000) 02/26 16:55:52 Job submitted from host: <134.76.239.76:15915?addrs=134.76.239.76-15915>
...
001 (28010.000.000) 02/26 16:56:00 Job executing on host: <134.76.239.91:19068?addrs=134.76.239.91-19068>
...
006 (28010.000.000) 02/26 16:56:10 Image size of job updated: 45172
	5  -  MemoryUsage of job (MB)
	4296  -  ResidentSetSize of job (KB)
...
006 (28010.000.000) 02/26 17:01:10 Image size of job updated: 1071108
	930  -  MemoryUsage of job (MB)
	951412  -  ResidentSetSize of job (KB)
...
006 (28010.000.000) 02/26 17:06:11 Image size of job updated: 1071712
	930  -  MemoryUsage of job (MB)
	951968  -  ResidentSetSize of job (KB)
...
006 (28010.000.000) 02/26 17:11:11 Image size of job updated: 1079196
	930  -  MemoryUsage of job (MB)
	951968  -  ResidentSetSize of job (KB)
...
006 (28010.000.000) 02/26 17:16:11 Image size of job updated: 1310784
	1163  -  MemoryUsage of job (MB)
	1190860  -  ResidentSetSize of job (KB)
...
