000 (19998.000.000) 02/24 21:34:34 Job submitted from host: <134.76.239.76:13753?addrs=134.76.239.76-13753>
...
001 (19998.000.000) 02/24 21:34:46 Job executing on host: <134.76.239.78:21556?addrs=134.76.239.78-21556>
...
006 (19998.000.000) 02/24 21:35:02 Image size of job updated: 65712
	4  -  MemoryUsage of job (MB)
	3252  -  ResidentSetSize of job (KB)
...
006 (19998.000.000) 02/24 21:40:03 Image size of job updated: 168712
	20  -  MemoryUsage of job (MB)
	19992  -  ResidentSetSize of job (KB)
...
006 (19998.000.000) 02/24 21:45:03 Image size of job updated: 1144536
	925  -  MemoryUsage of job (MB)
	946328  -  ResidentSetSize of job (KB)
...
006 (19998.000.000) 02/24 21:50:03 Image size of job updated: 1145824
	925  -  MemoryUsage of job (MB)
	946328  -  ResidentSetSize of job (KB)
...
006 (19998.000.000) 02/25 06:46:01 Image size of job updated: 1302780
	1071  -  MemoryUsage of job (MB)
	1096140  -  ResidentSetSize of job (KB)
...
006 (19998.000.000) 02/25 06:51:02 Image size of job updated: 1302780
	1071  -  MemoryUsage of job (MB)
	1096468  -  ResidentSetSize of job (KB)
...
006 (19998.000.000) 02/25 07:01:03 Image size of job updated: 1448264
	1239  -  MemoryUsage of job (MB)
	1268608  -  ResidentSetSize of job (KB)
...
006 (19998.000.000) 02/25 07:06:04 Image size of job updated: 1448264
	1240  -  MemoryUsage of job (MB)
	1268928  -  ResidentSetSize of job (KB)
...
006 (19998.000.000) 02/25 07:11:05 Image size of job updated: 1448272
	1240  -  MemoryUsage of job (MB)
	1268928  -  ResidentSetSize of job (KB)
...
004 (19998.000.000) 02/25 10:08:52 Job was evicted.
	(0) Job was not checkpointed.
		Usr 0 23:50:51, Sys 0 00:03:24  -  Run Remote Usage
		Usr 0 00:00:00, Sys 0 00:00:00  -  Run Local Usage
	0  -  Run Bytes Sent By Job
	0  -  Run Bytes Received By Job
	Partitionable Resources :    Usage  Request Allocated
	   Cpus                 :                 2         2
	   Disk (KB)            :        1        1   5108826
	   Memory (MB)          :     1240        1         1
...
001 (19998.000.000) 02/25 10:10:12 Job executing on host: <134.76.239.88:25067?addrs=134.76.239.88-25067>
...
004 (19998.000.000) 02/25 10:49:48 Job was evicted.
	(0) Job was not checkpointed.
		Usr 0 01:14:03, Sys 0 00:00:15  -  Run Remote Usage
		Usr 0 00:00:00, Sys 0 00:00:00  -  Run Local Usage
	0  -  Run Bytes Sent By Job
	0  -  Run Bytes Received By Job
	Partitionable Resources :    Usage  Request Allocated
	   Cpus                 :                 2         2
	   Disk (KB)            :        1        1   5108620
	   Memory (MB)          :     1465     1465      1465
...
001 (19998.000.000) 02/25 10:50:41 Job executing on host: <134.76.239.91:19968?addrs=134.76.239.91-19968>
...
004 (19998.000.000) 02/25 10:52:28 Job was evicted.
	(0) Job was not checkpointed.
		Usr 0 00:02:21, Sys 0 00:00:01  -  Run Remote Usage
		Usr 0 00:00:00, Sys 0 00:00:00  -  Run Local Usage
	0  -  Run Bytes Sent By Job
	0  -  Run Bytes Received By Job
	Partitionable Resources :    Usage  Request Allocated
	   Cpus                 :                 2         2
	   Disk (KB)            :        1        1   5108565
	   Memory (MB)          :     1465     1465      1465
...
001 (19998.000.000) 02/25 10:54:26 Job executing on host: <134.76.239.91:19968?addrs=134.76.239.91-19968>
...
004 (19998.000.000) 02/25 11:04:25 Job was evicted.
	(0) Job was not checkpointed.
		Usr 0 00:17:12, Sys 0 00:00:04  -  Run Remote Usage
		Usr 0 00:00:00, Sys 0 00:00:00  -  Run Local Usage
	0  -  Run Bytes Sent By Job
	0  -  Run Bytes Received By Job
	Partitionable Resources :    Usage  Request Allocated
	   Cpus                 :                 2         2
	   Disk (KB)            :        1        1   5108560
	   Memory (MB)          :     1465     1465      1465
...
001 (19998.000.000) 02/25 11:06:24 Job executing on host: <134.76.239.91:19968?addrs=134.76.239.91-19968>
...
004 (19998.000.000) 02/25 11:08:07 Job was evicted.
	(0) Job was not checkpointed.
		Usr 0 00:02:17, Sys 0 00:00:02  -  Run Remote Usage
		Usr 0 00:00:00, Sys 0 00:00:00  -  Run Local Usage
	0  -  Run Bytes Sent By Job
	0  -  Run Bytes Received By Job
	Partitionable Resources :    Usage  Request Allocated
	   Cpus                 :                 2         2
	   Disk (KB)            :        1        1   5108561
	   Memory (MB)          :     1465     1465      1465
...
001 (19998.000.000) 02/25 11:11:01 Job executing on host: <134.76.239.84:12289?addrs=134.76.239.84-12289>
...
004 (19998.000.000) 02/25 11:30:52 Job was evicted.
	(0) Job was not checkpointed.
		Usr 0 00:35:55, Sys 0 00:00:08  -  Run Remote Usage
		Usr 0 00:00:00, Sys 0 00:00:00  -  Run Local Usage
	0  -  Run Bytes Sent By Job
	0  -  Run Bytes Received By Job
	Partitionable Resources :    Usage  Request Allocated
	   Cpus                 :                 2         2
	   Disk (KB)            :        1        1   5108509
	   Memory (MB)          :     1465     1465      1465
...
001 (19998.000.000) 02/25 11:32:39 Job executing on host: <134.76.239.80:23833?addrs=134.76.239.80-23833>
...
004 (19998.000.000) 02/25 11:45:13 Job was evicted.
	(0) Job was not checkpointed.
		Usr 0 00:16:24, Sys 0 00:00:04  -  Run Remote Usage
		Usr 0 00:00:00, Sys 0 00:00:00  -  Run Local Usage
	0  -  Run Bytes Sent By Job
	0  -  Run Bytes Received By Job
	Partitionable Resources :    Usage  Request Allocated
	   Cpus                 :                 2         2
	   Disk (KB)            :        1        1   5045655
	   Memory (MB)          :     1465     1465      1465
...
001 (19998.000.000) 02/25 11:47:58 Job executing on host: <134.76.239.80:23833?addrs=134.76.239.80-23833>
...
004 (19998.000.000) 02/25 11:57:16 Job was evicted.
	(0) Job was not checkpointed.
		Usr 0 00:12:22, Sys 0 00:00:04  -  Run Remote Usage
		Usr 0 00:00:00, Sys 0 00:00:00  -  Run Local Usage
	0  -  Run Bytes Sent By Job
	0  -  Run Bytes Received By Job
	Partitionable Resources :    Usage  Request Allocated
	   Cpus                 :                 2         2
	   Disk (KB)            :        1        1   5045649
	   Memory (MB)          :     1465     1465      1465
...
001 (19998.000.000) 02/25 11:59:18 Job executing on host: <134.76.239.80:23833?addrs=134.76.239.80-23833>
...
004 (19998.000.000) 02/25 13:21:06 Job was evicted.
	(0) Job was not checkpointed.
		Usr 0 02:34:32, Sys 0 00:00:24  -  Run Remote Usage
		Usr 0 00:00:00, Sys 0 00:00:00  -  Run Local Usage
	0  -  Run Bytes Sent By Job
	0  -  Run Bytes Received By Job
	Partitionable Resources :    Usage  Request Allocated
	   Cpus                 :                 2         2
	   Disk (KB)            :        1        1   5045652
	   Memory (MB)          :     1465     1465      1465
...
001 (19998.000.000) 02/25 13:23:09 Job executing on host: <134.76.239.80:23833?addrs=134.76.239.80-23833>
...
