000 (20570.000.000) 02/24 21:35:05 Job submitted from host: <134.76.239.76:13753?addrs=134.76.239.76-13753>
...
001 (20570.000.000) 02/25 02:31:42 Job executing on host: <134.76.239.86:20177?addrs=134.76.239.86-20177>
...
006 (20570.000.000) 02/25 02:31:51 Image size of job updated: 202152
	44  -  MemoryUsage of job (MB)
	44608  -  ResidentSetSize of job (KB)
...
006 (20570.000.000) 02/25 02:36:52 Image size of job updated: 1145864
	922  -  MemoryUsage of job (MB)
	943808  -  ResidentSetSize of job (KB)
...
006 (20570.000.000) 02/25 02:41:52 Image size of job updated: 1146980
	922  -  MemoryUsage of job (MB)
	943808  -  ResidentSetSize of job (KB)
...
006 (20570.000.000) 02/25 02:46:52 Image size of job updated: 1267736
	1072  -  MemoryUsage of job (MB)
	1097324  -  ResidentSetSize of job (KB)
...
006 (20570.000.000) 02/25 02:56:54 Image size of job updated: 1267736
	1072  -  MemoryUsage of job (MB)
	1097644  -  ResidentSetSize of job (KB)
...
006 (20570.000.000) 02/25 03:06:55 Image size of job updated: 1454220
	1216  -  MemoryUsage of job (MB)
	1244908  -  ResidentSetSize of job (KB)
...
006 (20570.000.000) 02/25 03:11:56 Image size of job updated: 1482284
	1243  -  MemoryUsage of job (MB)
	1271840  -  ResidentSetSize of job (KB)
...
006 (20570.000.000) 02/25 03:16:56 Image size of job updated: 1482284
	1243  -  MemoryUsage of job (MB)
	1272180  -  ResidentSetSize of job (KB)
...
006 (20570.000.000) 02/25 03:21:56 Image size of job updated: 1482284
	1244  -  MemoryUsage of job (MB)
	1273760  -  ResidentSetSize of job (KB)
...
006 (20570.000.000) 02/25 03:26:57 Image size of job updated: 1484272
	1244  -  MemoryUsage of job (MB)
	1273760  -  ResidentSetSize of job (KB)
...
005 (20570.000.000) 02/25 05:39:18 Job terminated.
	(1) Normal termination (return value 0)
		Usr 0 05:14:57, Sys 0 00:00:47  -  Run Remote Usage
		Usr 0 00:00:00, Sys 0 00:00:00  -  Run Local Usage
		Usr 0 05:14:57, Sys 0 00:00:47  -  Total Remote Usage
		Usr 0 00:00:00, Sys 0 00:00:00  -  Total Local Usage
	0  -  Run Bytes Sent By Job
	0  -  Run Bytes Received By Job
	0  -  Total Bytes Sent By Job
	0  -  Total Bytes Received By Job
	Partitionable Resources :    Usage  Request Allocated
	   Cpus                 :                 2         2
	   Disk (KB)            :        1        1   5108728
	   Memory (MB)          :     1244        1         1
...
