000 (20724.000.000) 02/24 21:35:13 Job submitted from host: <134.76.239.76:13753?addrs=134.76.239.76-13753>
...
001 (20724.000.000) 02/25 04:17:46 Job executing on host: <134.76.239.86:20177?addrs=134.76.239.86-20177>
...
006 (20724.000.000) 02/25 04:17:55 Image size of job updated: 1
	3  -  MemoryUsage of job (MB)
	2064  -  ResidentSetSize of job (KB)
...
006 (20724.000.000) 02/25 04:22:56 Image size of job updated: 1138460
	933  -  MemoryUsage of job (MB)
	954900  -  ResidentSetSize of job (KB)
...
006 (20724.000.000) 02/25 04:27:56 Image size of job updated: 1144680
	933  -  MemoryUsage of job (MB)
	954900  -  ResidentSetSize of job (KB)
...
006 (20724.000.000) 02/25 04:37:57 Image size of job updated: 1326896
	1153  -  MemoryUsage of job (MB)
	1179844  -  ResidentSetSize of job (KB)
...
006 (20724.000.000) 02/25 04:42:57 Image size of job updated: 1326896
	1153  -  MemoryUsage of job (MB)
	1180208  -  ResidentSetSize of job (KB)
...
006 (20724.000.000) 02/25 04:47:57 Image size of job updated: 1562452
	1345  -  MemoryUsage of job (MB)
	1376976  -  ResidentSetSize of job (KB)
...
006 (20724.000.000) 02/25 04:52:58 Image size of job updated: 1562452
	1346  -  MemoryUsage of job (MB)
	1377300  -  ResidentSetSize of job (KB)
...
006 (20724.000.000) 02/25 04:57:59 Image size of job updated: 1562460
	1346  -  MemoryUsage of job (MB)
	1377300  -  ResidentSetSize of job (KB)
...
006 (20724.000.000) 02/25 05:18:00 Image size of job updated: 1564520
	1346  -  MemoryUsage of job (MB)
	1377300  -  ResidentSetSize of job (KB)
...
006 (20724.000.000) 02/25 05:23:00 Image size of job updated: 1564528
	1346  -  MemoryUsage of job (MB)
	1377300  -  ResidentSetSize of job (KB)
...
006 (20724.000.000) 02/25 05:43:02 Image size of job updated: 1565868
	1350  -  MemoryUsage of job (MB)
	1382324  -  ResidentSetSize of job (KB)
...
006 (20724.000.000) 02/25 05:48:03 Image size of job updated: 1565868
	1351  -  MemoryUsage of job (MB)
	1382644  -  ResidentSetSize of job (KB)
...
006 (20724.000.000) 02/25 06:08:05 Image size of job updated: 1568344
	1353  -  MemoryUsage of job (MB)
	1384820  -  ResidentSetSize of job (KB)
...
006 (20724.000.000) 02/25 06:13:05 Image size of job updated: 1568344
	1353  -  MemoryUsage of job (MB)
	1385156  -  ResidentSetSize of job (KB)
...
006 (20724.000.000) 02/25 06:43:08 Image size of job updated: 1599144
	1356  -  MemoryUsage of job (MB)
	1387948  -  ResidentSetSize of job (KB)
...
006 (20724.000.000) 02/25 06:48:08 Image size of job updated: 1599144
	1356  -  MemoryUsage of job (MB)
	1388276  -  ResidentSetSize of job (KB)
...
006 (20724.000.000) 02/25 06:53:09 Image size of job updated: 1599152
	1357  -  MemoryUsage of job (MB)
	1388680  -  ResidentSetSize of job (KB)
...
006 (20724.000.000) 02/25 07:23:12 Image size of job updated: 1599152
	1358  -  MemoryUsage of job (MB)
	1390308  -  ResidentSetSize of job (KB)
...
006 (20724.000.000) 02/25 07:33:13 Image size of job updated: 1599152
	1359  -  MemoryUsage of job (MB)
	1390708  -  ResidentSetSize of job (KB)
...
006 (20724.000.000) 02/25 08:08:17 Image size of job updated: 1599152
	1359  -  MemoryUsage of job (MB)
	1390988  -  ResidentSetSize of job (KB)
...
006 (20724.000.000) 02/25 08:38:20 Image size of job updated: 1599152
	1360  -  MemoryUsage of job (MB)
	1392172  -  ResidentSetSize of job (KB)
...
006 (20724.000.000) 02/25 08:43:20 Image size of job updated: 1599152
	1360  -  MemoryUsage of job (MB)
	1392512  -  ResidentSetSize of job (KB)
...
006 (20724.000.000) 02/25 09:58:28 Image size of job updated: 1599152
	1387  -  MemoryUsage of job (MB)
	1419504  -  ResidentSetSize of job (KB)
...
006 (20724.000.000) 02/25 10:08:28 Image size of job updated: 1599152
	1387  -  MemoryUsage of job (MB)
	1419824  -  ResidentSetSize of job (KB)
...
004 (20724.000.000) 02/25 10:08:52 Job was evicted.
	(0) Job was not checkpointed.
		Usr 0 10:13:21, Sys 0 00:02:23  -  Run Remote Usage
		Usr 0 00:00:00, Sys 0 00:00:00  -  Run Local Usage
	0  -  Run Bytes Sent By Job
	0  -  Run Bytes Received By Job
	Partitionable Resources :    Usage  Request Allocated
	   Cpus                 :                 2         2
	   Disk (KB)            :        1        1   5108710
	   Memory (MB)          :     1387        1         1
...
001 (20724.000.000) 02/25 10:11:11 Job executing on host: <134.76.239.80:23833?addrs=134.76.239.80-23833>
...
004 (20724.000.000) 02/25 10:49:46 Job was evicted.
	(0) Job was not checkpointed.
		Usr 0 01:08:21, Sys 0 00:00:14  -  Run Remote Usage
		Usr 0 00:00:00, Sys 0 00:00:00  -  Run Local Usage
	0  -  Run Bytes Sent By Job
	0  -  Run Bytes Received By Job
	Partitionable Resources :    Usage  Request Allocated
	   Cpus                 :                 2         2
	   Disk (KB)            :        1        1   5045688
	   Memory (MB)          :     1465     1465      1465
...
001 (20724.000.000) 02/25 10:50:42 Job executing on host: <134.76.239.88:25067?addrs=134.76.239.88-25067>
...
004 (20724.000.000) 02/25 10:52:27 Job was evicted.
	(0) Job was not checkpointed.
		Usr 0 00:02:31, Sys 0 00:00:01  -  Run Remote Usage
		Usr 0 00:00:00, Sys 0 00:00:00  -  Run Local Usage
	0  -  Run Bytes Sent By Job
	0  -  Run Bytes Received By Job
	Partitionable Resources :    Usage  Request Allocated
	   Cpus                 :                 2         2
	   Disk (KB)            :        1        1   5108600
	   Memory (MB)          :     1465     1465      1465
...
001 (20724.000.000) 02/25 10:54:29 Job executing on host: <134.76.239.88:25067?addrs=134.76.239.88-25067>
...
004 (20724.000.000) 02/25 11:04:25 Job was evicted.
	(0) Job was not checkpointed.
		Usr 0 00:17:10, Sys 0 00:00:06  -  Run Remote Usage
		Usr 0 00:00:00, Sys 0 00:00:00  -  Run Local Usage
	0  -  Run Bytes Sent By Job
	0  -  Run Bytes Received By Job
	Partitionable Resources :    Usage  Request Allocated
	   Cpus                 :                 2         2
	   Disk (KB)            :        1        1   5108596
	   Memory (MB)          :     1465     1465      1465
...
001 (20724.000.000) 02/25 11:06:25 Job executing on host: <134.76.239.88:25067?addrs=134.76.239.88-25067>
...
004 (20724.000.000) 02/25 11:08:07 Job was evicted.
	(0) Job was not checkpointed.
		Usr 0 00:02:22, Sys 0 00:00:02  -  Run Remote Usage
		Usr 0 00:00:00, Sys 0 00:00:00  -  Run Local Usage
	0  -  Run Bytes Sent By Job
	0  -  Run Bytes Received By Job
	Partitionable Resources :    Usage  Request Allocated
	   Cpus                 :                 2         2
	   Disk (KB)            :        1        1   5108608
	   Memory (MB)          :     1465     1465      1465
...
001 (20724.000.000) 02/25 11:11:07 Job executing on host: <134.76.239.89:24193?addrs=134.76.239.89-24193>
...
004 (20724.000.000) 02/25 11:30:52 Job was evicted.
	(0) Job was not checkpointed.
		Usr 0 00:28:55, Sys 0 00:00:06  -  Run Remote Usage
		Usr 0 00:00:00, Sys 0 00:00:00  -  Run Local Usage
	0  -  Run Bytes Sent By Job
	0  -  Run Bytes Received By Job
	Partitionable Resources :    Usage  Request Allocated
	   Cpus                 :                 2         2
	   Disk (KB)            :        1        1   5108649
	   Memory (MB)          :     1465     1465      1465
...
001 (20724.000.000) 02/25 11:32:40 Job executing on host: <134.76.239.88:25067?addrs=134.76.239.88-25067>
...
004 (20724.000.000) 02/25 11:45:13 Job was evicted.
	(0) Job was not checkpointed.
		Usr 0 00:16:24, Sys 0 00:00:04  -  Run Remote Usage
		Usr 0 00:00:00, Sys 0 00:00:00  -  Run Local Usage
	0  -  Run Bytes Sent By Job
	0  -  Run Bytes Received By Job
	Partitionable Resources :    Usage  Request Allocated
	   Cpus                 :                 2         2
	   Disk (KB)            :        1        1   5108568
	   Memory (MB)          :     1465     1465      1465
...
001 (20724.000.000) 02/25 11:47:59 Job executing on host: <134.76.239.86:20177?addrs=134.76.239.86-20177>
...
004 (20724.000.000) 02/25 11:57:16 Job was evicted.
	(0) Job was not checkpointed.
		Usr 0 00:12:02, Sys 0 00:00:07  -  Run Remote Usage
		Usr 0 00:00:00, Sys 0 00:00:00  -  Run Local Usage
	0  -  Run Bytes Sent By Job
	0  -  Run Bytes Received By Job
	Partitionable Resources :    Usage  Request Allocated
	   Cpus                 :                 2         2
	   Disk (KB)            :        1        1   5108562
	   Memory (MB)          :     1465     1465      1465
...
001 (20724.000.000) 02/25 11:59:18 Job executing on host: <134.76.239.86:20177?addrs=134.76.239.86-20177>
...
004 (20724.000.000) 02/25 13:21:06 Job was evicted.
	(0) Job was not checkpointed.
		Usr 0 02:20:30, Sys 0 00:00:34  -  Run Remote Usage
		Usr 0 00:00:00, Sys 0 00:00:00  -  Run Local Usage
	0  -  Run Bytes Sent By Job
	0  -  Run Bytes Received By Job
	Partitionable Resources :    Usage  Request Allocated
	   Cpus                 :                 2         2
	   Disk (KB)            :        1        1   5108563
	   Memory (MB)          :     1465     1465      1465
...
001 (20724.000.000) 02/25 13:23:09 Job executing on host: <134.76.239.80:23833?addrs=134.76.239.80-23833>
...
