DATE: 2016-02-26
TIME: 16:59:54
                                         version_number        8118
 read inlist_1.0
 create pre-main-sequence model
                                                species           8
 abundances
                                                     h1    6.9239699999999993D-01
                                                    he3    3.2646927701902852D-05
                                                    he4    3.0674135307229811D-01
                                                    c12    1.4265475981817266D-04
                                                    n14    4.1788171766381216D-05
                                                    o16    3.8799051194888883D-04
                                                   ne20    8.7022614914975839D-05
                                                   mg24    1.6954394155166115D-04


                                        relax_num_steps


                               finished relax_num_steps

 new_lnPgas_flag T
                                        relax_initial_Z    8.2899999999999998D-04
                                                  new z    8.2900000000077280D-04
                                        relax_initial_Y    3.0677399999999999D-01
                                                  new y    3.0677399999999977D-01
 net name basic.net
 do_element_diffusion T
 lnPgas_flag T
 kappa_file_prefix gs98
 kappa_lowT_prefix lowT_fa05_gs98
   eos_file_prefix mesa
                                        OMP_NUM_THREADS           1



stop because Lnuc_div_L >= Lnuc_div_L_zams_limit
    0.1003399913E+01    0.9990000000E+00

        954   7.302158   9907.142   0.905883   0.905883   1.350803   1.350803   0.691502   0.000208   0.306767   0.692237  -1.995872    891      0
   5.466671   2.046017  -0.016176 -38.625504  -0.591364 -99.000000   0.000000   0.307646   0.000386   0.000829   0.306929   0.060518      2      0
 7.6622E+06  17.475938   0.904409 -14.449440   3.137328  -8.800763   0.000000   0.000001   0.000087  8.524E-04  8.342E-04 -0.810E-11  max increase

save photos/x954 for model 954
save final_profile.data write fgong_plot.data
                               s% atm_structure_num_pts          41
save final_profile.data.FGONG    954
 final_profile.data.FGONG for model 954
 saved to zams.mod
termination code: Lnuc_div_L_zams_limit

       runtime, prev time, retries, backups, steps         9.1        28.2         0         0       954
        954   7.302158   9907.142   0.905883   0.905883   1.350803   1.350803   0.691502   0.000208   0.306767   0.692237  -1.995872    891      0
   5.466671   2.046017  -0.016176 -38.625504  -0.591364 -99.000000   0.000000   0.307646   0.000386   0.000829   0.306929   0.060518      2      0
 7.6622E+06  17.475938   0.904409 -14.449440   3.137328  -8.800763   0.000000   0.000001   0.000087  8.524E-04  8.342E-04 -0.810E-11  max increase

DATE: 2016-02-26
TIME: 17:10:32
DATE: 2016-02-26
TIME: 17:10:32
                                         version_number        8118
 read inlist_1.0
load saved model zams.mod

 new_lnPgas_flag T
 net name basic.net
 do_element_diffusion T
 lnPgas_flag T
                       which_atm_option: Eddington_grey
 kappa_file_prefix gs98
 kappa_lowT_prefix lowT_fa05_gs98
   eos_file_prefix mesa
                                        OMP_NUM_THREADS           1


__________________________________________________________________________________________________________________________________________________

       step    lg_Tcntr    Teff       lg_LH     lg_Lnuc     Mass       H_rich     H_cntr     N_cntr     Y_surf     X_avg     eta_cntr  zones retry
   lg_dt_yr    lg_Dcntr    lg_R       lg_L3a    lg_Lneu     lg_Mdot    He_core    He_cntr    O_cntr     Z_surf     Y_avg     gam_cntr  iters bckup
     age_yr    lg_Pcntr    lg_L       lg_LZ     lg_Psurf    lg_Dsurf   C_core     C_cntr     Ne_cntr    Z_cntr     Z_avg     v_div_cs     dt_limit
__________________________________________________________________________________________________________________________________________________

