000 (20627.000.000) 02/24 21:35:08 Job submitted from host: <134.76.239.76:13753?addrs=134.76.239.76-13753>
...
001 (20627.000.000) 02/25 03:16:45 Job executing on host: <134.76.239.86:20177?addrs=134.76.239.86-20177>
...
006 (20627.000.000) 02/25 03:16:54 Image size of job updated: 138000
	19  -  MemoryUsage of job (MB)
	19076  -  ResidentSetSize of job (KB)
...
006 (20627.000.000) 02/25 03:21:55 Image size of job updated: 1142772
	934  -  MemoryUsage of job (MB)
	956216  -  ResidentSetSize of job (KB)
...
006 (20627.000.000) 02/25 03:26:55 Image size of job updated: 1248780
	1072  -  MemoryUsage of job (MB)
	1096716  -  ResidentSetSize of job (KB)
...
006 (20627.000.000) 02/25 03:31:55 Image size of job updated: 1459800
	1240  -  MemoryUsage of job (MB)
	1269744  -  ResidentSetSize of job (KB)
...
006 (20627.000.000) 02/25 03:36:56 Image size of job updated: 1462012
	1240  -  MemoryUsage of job (MB)
	1269744  -  ResidentSetSize of job (KB)
...
006 (20627.000.000) 02/25 03:46:57 Image size of job updated: 1462012
	1245  -  MemoryUsage of job (MB)
	1274684  -  ResidentSetSize of job (KB)
...
005 (20627.000.000) 02/25 04:46:50 Job terminated.
	(1) Normal termination (return value 0)
		Usr 0 02:16:19, Sys 0 00:00:23  -  Run Remote Usage
		Usr 0 00:00:00, Sys 0 00:00:00  -  Run Local Usage
		Usr 0 02:16:19, Sys 0 00:00:23  -  Total Remote Usage
		Usr 0 00:00:00, Sys 0 00:00:00  -  Total Local Usage
	0  -  Run Bytes Sent By Job
	0  -  Run Bytes Received By Job
	0  -  Total Bytes Sent By Job
	0  -  Total Bytes Received By Job
	Partitionable Resources :    Usage  Request Allocated
	   Cpus                 :                 2         2
	   Disk (KB)            :        1        1   5108724
	   Memory (MB)          :     1245        1         1
...
