000 (20172.000.000) 02/24 21:34:43 Job submitted from host: <134.76.239.76:13753?addrs=134.76.239.76-13753>
...
001 (20172.000.000) 02/24 22:10:40 Job executing on host: <134.76.239.79:12046?addrs=134.76.239.79-12046>
...
006 (20172.000.000) 02/24 22:10:51 Image size of job updated: 13064
	2  -  MemoryUsage of job (MB)
	1460  -  ResidentSetSize of job (KB)
...
006 (20172.000.000) 02/24 22:15:52 Image size of job updated: 139304
	12  -  MemoryUsage of job (MB)
	11752  -  ResidentSetSize of job (KB)
...
006 (20172.000.000) 02/24 22:20:52 Image size of job updated: 1139292
	917  -  MemoryUsage of job (MB)
	938176  -  ResidentSetSize of job (KB)
...
006 (20172.000.000) 02/24 22:25:53 Image size of job updated: 1145160
	923  -  MemoryUsage of job (MB)
	944956  -  ResidentSetSize of job (KB)
...
006 (20172.000.000) 02/24 22:50:55 Image size of job updated: 1256300
	1061  -  MemoryUsage of job (MB)
	1086412  -  ResidentSetSize of job (KB)
...
006 (20172.000.000) 02/24 23:00:56 Image size of job updated: 1256300
	1061  -  MemoryUsage of job (MB)
	1086416  -  ResidentSetSize of job (KB)
...
006 (20172.000.000) 02/24 23:15:58 Image size of job updated: 1256300
	1062  -  MemoryUsage of job (MB)
	1086740  -  ResidentSetSize of job (KB)
...
006 (20172.000.000) 02/24 23:31:00 Image size of job updated: 1259872
	1063  -  MemoryUsage of job (MB)
	1088040  -  ResidentSetSize of job (KB)
...
006 (20172.000.000) 02/24 23:41:00 Image size of job updated: 1538480
	1295  -  MemoryUsage of job (MB)
	1325096  -  ResidentSetSize of job (KB)
...
006 (20172.000.000) 02/24 23:46:02 Image size of job updated: 1538480
	1295  -  MemoryUsage of job (MB)
	1325416  -  ResidentSetSize of job (KB)
...
006 (20172.000.000) 02/24 23:51:02 Image size of job updated: 1538480
	1295  -  MemoryUsage of job (MB)
	1325708  -  ResidentSetSize of job (KB)
...
006 (20172.000.000) 02/25 00:11:04 Image size of job updated: 1538480
	1295  -  MemoryUsage of job (MB)
	1326028  -  ResidentSetSize of job (KB)
...
006 (20172.000.000) 02/25 00:21:05 Image size of job updated: 1538480
	1296  -  MemoryUsage of job (MB)
	1326184  -  ResidentSetSize of job (KB)
...
006 (20172.000.000) 02/25 00:26:06 Image size of job updated: 1538480
	1296  -  MemoryUsage of job (MB)
	1326208  -  ResidentSetSize of job (KB)
...
006 (20172.000.000) 02/25 01:31:13 Image size of job updated: 1538480
	1306  -  MemoryUsage of job (MB)
	1336876  -  ResidentSetSize of job (KB)
...
006 (20172.000.000) 02/25 01:36:13 Image size of job updated: 1538480
	1307  -  MemoryUsage of job (MB)
	1337380  -  ResidentSetSize of job (KB)
...
006 (20172.000.000) 02/25 01:41:13 Image size of job updated: 1538480
	1307  -  MemoryUsage of job (MB)
	1337388  -  ResidentSetSize of job (KB)
...
006 (20172.000.000) 02/25 02:01:15 Image size of job updated: 1538480
	1307  -  MemoryUsage of job (MB)
	1337708  -  ResidentSetSize of job (KB)
...
006 (20172.000.000) 02/25 02:11:16 Image size of job updated: 1538480
	1307  -  MemoryUsage of job (MB)
	1337756  -  ResidentSetSize of job (KB)
...
006 (20172.000.000) 02/25 03:42:54 Image size of job updated: 11343400
	1307  -  MemoryUsage of job (MB)
	1337756  -  ResidentSetSize of job (KB)
...
005 (20172.000.000) 02/25 03:42:54 Job terminated.
	(1) Normal termination (return value 0)
		Usr 0 08:57:17, Sys 0 00:02:02  -  Run Remote Usage
		Usr 0 00:00:00, Sys 0 00:00:00  -  Run Local Usage
		Usr 0 08:57:17, Sys 0 00:02:02  -  Total Remote Usage
		Usr 0 00:00:00, Sys 0 00:00:00  -  Total Local Usage
	0  -  Run Bytes Sent By Job
	0  -  Run Bytes Received By Job
	0  -  Total Bytes Sent By Job
	0  -  Total Bytes Received By Job
	Partitionable Resources :    Usage  Request Allocated
	   Cpus                 :                 2         2
	   Disk (KB)            :        1        1   5108737
	   Memory (MB)          :     1307        1         1
...
