DATE: 2016-02-26
TIME: 16:59:43
                                         version_number        8118
 read inlist_1.0
 create pre-main-sequence model
                                                species           8
 abundances
                                                     h1    6.6784499999999991D-01
                                                    he3    3.3917371164860322D-05
                                                    he4    3.1867808262883512D-01
                                                    c12    2.3132785720572885D-03
                                                    n14    6.7763376725621621D-04
                                                    o16    6.2916241883333654D-03
                                                   ne20    1.4111520051892598D-03
                                                   mg24    2.7493114671637404D-03


                                        relax_num_steps


                               finished relax_num_steps

 new_lnPgas_flag T
                                        relax_initial_Z    1.3443000000000000D-02
                                                  new z    1.3442999999999622D-02
                                        relax_initial_Y    3.1871200000000000D-01
                                                  new y    3.1871199999999983D-01
 net name basic.net
 do_element_diffusion T
 lnPgas_flag T
 kappa_file_prefix gs98
 kappa_lowT_prefix lowT_fa05_gs98
   eos_file_prefix mesa
                                        OMP_NUM_THREADS           1



stop because Lnuc_div_L >= Lnuc_div_L_zams_limit
    0.1009202593E+01    0.9990000000E+00

        798   7.084159   5111.363  -0.530171  -0.530171   0.742490   0.742490   0.667491   0.000718   0.318699   0.667765  -1.453541    792      0
   5.970934   1.947535  -0.160632 -49.723991  -2.138905 -99.000000   0.000000   0.319060   0.006292   0.013442   0.318791   0.094215      4      0
 5.3149E+07  17.151445  -0.534149 -16.255620   5.017187  -6.480011   0.000000   0.002279   0.001411  1.345E-02  1.344E-02 -0.145E-10    varcontrol

save photos/x798 for model 798
save final_profile.data write fgong_plot.data
                               s% atm_structure_num_pts          65
save final_profile.data.FGONG    798
 final_profile.data.FGONG for model 798
 saved to zams.mod
termination code: Lnuc_div_L_zams_limit

       runtime, prev time, retries, backups, steps         8.0        28.2         0         0       798
        798   7.084159   5111.363  -0.530171  -0.530171   0.742490   0.742490   0.667491   0.000718   0.318699   0.667765  -1.453541    792      0
   5.970934   1.947535  -0.160632 -49.723991  -2.138905 -99.000000   0.000000   0.319060   0.006292   0.013442   0.318791   0.094215      4      0
 5.3149E+07  17.151445  -0.534149 -16.255620   5.017187  -6.480011   0.000000   0.002279   0.001411  1.345E-02  1.344E-02 -0.145E-10    varcontrol

DATE: 2016-02-26
TIME: 17:09:30
DATE: 2016-02-26
TIME: 17:09:30
                                         version_number        8118
 read inlist_1.0
load saved model zams.mod

 new_lnPgas_flag T
 net name basic.net
 do_element_diffusion T
 lnPgas_flag T
                       which_atm_option: Eddington_grey
 kappa_file_prefix gs98
 kappa_lowT_prefix lowT_fa05_gs98
   eos_file_prefix mesa
                                        OMP_NUM_THREADS           1


__________________________________________________________________________________________________________________________________________________

       step    lg_Tcntr    Teff       lg_LH     lg_Lnuc     Mass       H_rich     H_cntr     N_cntr     Y_surf     X_avg     eta_cntr  zones retry
   lg_dt_yr    lg_Dcntr    lg_R       lg_L3a    lg_Lneu     lg_Mdot    He_core    He_cntr    O_cntr     Z_surf     Y_avg     gam_cntr  iters bckup
     age_yr    lg_Pcntr    lg_L       lg_LZ     lg_Psurf    lg_Dsurf   C_core     C_cntr     Ne_cntr    Z_cntr     Z_avg     v_div_cs     dt_limit
__________________________________________________________________________________________________________________________________________________

