DATE: 2016-02-26
TIME: 16:59:48
                                         version_number        8118
 read inlist_1.0
 create pre-main-sequence model
                                                species           8
 abundances
                                                     h1    7.5744299999999976D-01
                                                    he3    2.5114298350666797D-05
                                                    he4    2.3596688570164931D-01
                                                    c12    1.1297086829990585D-03
                                                    n14    3.3092804299911710D-04
                                                    o16    3.0725665994502127D-03
                                                   ne20    6.8914772848825711D-04
                                                   mg24    1.3426489460633968D-03


                                        relax_num_steps


                               finished relax_num_steps

 new_lnPgas_flag T
                                        relax_initial_Z    6.5649999999999997D-03
                                                  new z    6.5650000000002798D-03
                                        relax_initial_Y    2.3599200000000001D-01
                                                  new y    2.3599200000000004D-01
 net name basic.net
 do_element_diffusion T
 lnPgas_flag T
 kappa_file_prefix gs98
 kappa_lowT_prefix lowT_fa05_gs98
   eos_file_prefix mesa
                                        OMP_NUM_THREADS           1



stop because Lnuc_div_L >= Lnuc_div_L_zams_limit
    0.1009913051E+01    0.9990000000E+00

        782   7.070180   5240.200  -0.483510  -0.483510   0.770724   0.770724   0.757081   0.000341   0.235992   0.757363  -1.336731    782      0
   5.878510   1.949599  -0.159076 -50.823209  -2.094167 -99.000000   0.000000   0.236353   0.003073   0.006565   0.236072   0.093505      2      0
 4.9856E+07  17.169997  -0.487794 -16.255620   5.133114  -6.412854   0.000000   0.001121   0.000689  6.566E-03  6.565E-03 -0.189E-10    varcontrol

save photos/x782 for model 782
save final_profile.data write fgong_plot.data
                               s% atm_structure_num_pts          92
save final_profile.data.FGONG    782
 final_profile.data.FGONG for model 782
 saved to zams.mod
termination code: Lnuc_div_L_zams_limit

       runtime, prev time, retries, backups, steps         7.3        28.2         0         0       782
        782   7.070180   5240.200  -0.483510  -0.483510   0.770724   0.770724   0.757081   0.000341   0.235992   0.757363  -1.336731    782      0
   5.878510   1.949599  -0.159076 -50.823209  -2.094167 -99.000000   0.000000   0.236353   0.003073   0.006565   0.236072   0.093505      2      0
 4.9856E+07  17.169997  -0.487794 -16.255620   5.133114  -6.412854   0.000000   0.001121   0.000689  6.566E-03  6.565E-03 -0.189E-10    varcontrol

DATE: 2016-02-26
TIME: 17:08:47
DATE: 2016-02-26
TIME: 17:08:47
                                         version_number        8118
 read inlist_1.0
load saved model zams.mod

 new_lnPgas_flag T
 net name basic.net
 do_element_diffusion T
 lnPgas_flag T
                       which_atm_option: Eddington_grey
 kappa_file_prefix gs98
 kappa_lowT_prefix lowT_fa05_gs98
   eos_file_prefix mesa
                                        OMP_NUM_THREADS           1


__________________________________________________________________________________________________________________________________________________

       step    lg_Tcntr    Teff       lg_LH     lg_Lnuc     Mass       H_rich     H_cntr     N_cntr     Y_surf     X_avg     eta_cntr  zones retry
   lg_dt_yr    lg_Dcntr    lg_R       lg_L3a    lg_Lneu     lg_Mdot    He_core    He_cntr    O_cntr     Z_surf     Y_avg     gam_cntr  iters bckup
     age_yr    lg_Pcntr    lg_L       lg_LZ     lg_Psurf    lg_Dsurf   C_core     C_cntr     Ne_cntr    Z_cntr     Z_avg     v_div_cs     dt_limit
__________________________________________________________________________________________________________________________________________________

