000 (19990.000.000) 02/24 21:34:34 Job submitted from host: <134.76.239.76:13753?addrs=134.76.239.76-13753>
...
001 (19990.000.000) 02/24 21:34:45 Job executing on host: <134.76.239.78:21556?addrs=134.76.239.78-21556>
...
006 (19990.000.000) 02/24 21:34:59 Image size of job updated: 65332
	4  -  MemoryUsage of job (MB)
	3840  -  ResidentSetSize of job (KB)
...
006 (19990.000.000) 02/24 21:39:59 Image size of job updated: 168716
	20  -  MemoryUsage of job (MB)
	20004  -  ResidentSetSize of job (KB)
...
006 (19990.000.000) 02/24 21:44:59 Image size of job updated: 1145752
	925  -  MemoryUsage of job (MB)
	946328  -  ResidentSetSize of job (KB)
...
006 (19990.000.000) 02/24 21:50:00 Image size of job updated: 1147304
	925  -  MemoryUsage of job (MB)
	946328  -  ResidentSetSize of job (KB)
...
006 (19990.000.000) 02/24 22:50:06 Image size of job updated: 1267736
	1060  -  MemoryUsage of job (MB)
	1084852  -  ResidentSetSize of job (KB)
...
006 (19990.000.000) 02/24 23:10:08 Image size of job updated: 1267736
	1060  -  MemoryUsage of job (MB)
	1085172  -  ResidentSetSize of job (KB)
...
006 (19990.000.000) 02/24 23:25:09 Image size of job updated: 1454220
	1204  -  MemoryUsage of job (MB)
	1232436  -  ResidentSetSize of job (KB)
...
006 (19990.000.000) 02/24 23:35:11 Image size of job updated: 1478756
	1228  -  MemoryUsage of job (MB)
	1257296  -  ResidentSetSize of job (KB)
...
006 (19990.000.000) 02/24 23:40:11 Image size of job updated: 1479184
	1228  -  MemoryUsage of job (MB)
	1257300  -  ResidentSetSize of job (KB)
...
006 (19990.000.000) 02/24 23:50:13 Image size of job updated: 1482216
	1230  -  MemoryUsage of job (MB)
	1259192  -  ResidentSetSize of job (KB)
...
006 (19990.000.000) 02/24 23:55:13 Image size of job updated: 1484204
	1232  -  MemoryUsage of job (MB)
	1261256  -  ResidentSetSize of job (KB)
...
006 (19990.000.000) 02/25 00:00:13 Image size of job updated: 1484204
	1232  -  MemoryUsage of job (MB)
	1261264  -  ResidentSetSize of job (KB)
...
006 (19990.000.000) 02/25 00:10:14 Image size of job updated: 1484204
	1232  -  MemoryUsage of job (MB)
	1261276  -  ResidentSetSize of job (KB)
...
006 (19990.000.000) 02/25 01:40:23 Image size of job updated: 1484204
	1241  -  MemoryUsage of job (MB)
	1270288  -  ResidentSetSize of job (KB)
...
006 (19990.000.000) 02/25 01:45:24 Image size of job updated: 1484204
	1241  -  MemoryUsage of job (MB)
	1270296  -  ResidentSetSize of job (KB)
...
006 (19990.000.000) 02/25 01:50:25 Image size of job updated: 1484204
	1241  -  MemoryUsage of job (MB)
	1270304  -  ResidentSetSize of job (KB)
...
006 (19990.000.000) 02/25 01:55:25 Image size of job updated: 1484204
	1242  -  MemoryUsage of job (MB)
	1271644  -  ResidentSetSize of job (KB)
...
006 (19990.000.000) 02/25 02:00:26 Image size of job updated: 1484204
	1245  -  MemoryUsage of job (MB)
	1274432  -  ResidentSetSize of job (KB)
...
006 (19990.000.000) 02/25 02:05:27 Image size of job updated: 1484204
	1245  -  MemoryUsage of job (MB)
	1274508  -  ResidentSetSize of job (KB)
...
006 (19990.000.000) 02/25 02:10:27 Image size of job updated: 1484204
	1245  -  MemoryUsage of job (MB)
	1274512  -  ResidentSetSize of job (KB)
...
006 (19990.000.000) 02/25 02:20:28 Image size of job updated: 1484204
	1245  -  MemoryUsage of job (MB)
	1274740  -  ResidentSetSize of job (KB)
...
006 (19990.000.000) 02/25 03:52:08 Image size of job updated: 10442984
	1245  -  MemoryUsage of job (MB)
	1274740  -  ResidentSetSize of job (KB)
...
005 (19990.000.000) 02/25 03:52:08 Job terminated.
	(1) Normal termination (return value 0)
		Usr 0 09:52:55, Sys 0 00:03:05  -  Run Remote Usage
		Usr 0 00:00:00, Sys 0 00:00:00  -  Run Local Usage
		Usr 0 09:52:55, Sys 0 00:03:05  -  Total Remote Usage
		Usr 0 00:00:00, Sys 0 00:00:00  -  Total Local Usage
	0  -  Run Bytes Sent By Job
	0  -  Run Bytes Received By Job
	0  -  Total Bytes Sent By Job
	0  -  Total Bytes Received By Job
	Partitionable Resources :    Usage  Request Allocated
	   Cpus                 :                 2         2
	   Disk (KB)            :        1        1   5108830
	   Memory (MB)          :     1245        1         1
...
