000 (20399.000.000) 02/24 21:34:56 Job submitted from host: <134.76.239.76:13753?addrs=134.76.239.76-13753>
...
001 (20399.000.000) 02/25 00:36:40 Job executing on host: <134.76.239.86:20177?addrs=134.76.239.86-20177>
...
006 (20399.000.000) 02/25 00:36:48 Image size of job updated: 202156
	51  -  MemoryUsage of job (MB)
	51332  -  ResidentSetSize of job (KB)
...
006 (20399.000.000) 02/25 00:41:48 Image size of job updated: 1143152
	935  -  MemoryUsage of job (MB)
	956948  -  ResidentSetSize of job (KB)
...
006 (20399.000.000) 02/25 00:46:49 Image size of job updated: 1388348
	1230  -  MemoryUsage of job (MB)
	1258928  -  ResidentSetSize of job (KB)
...
006 (20399.000.000) 02/25 00:56:50 Image size of job updated: 1392000
	1233  -  MemoryUsage of job (MB)
	1261664  -  ResidentSetSize of job (KB)
...
006 (20399.000.000) 02/25 01:01:51 Image size of job updated: 1692180
	1511  -  MemoryUsage of job (MB)
	1546760  -  ResidentSetSize of job (KB)
...
006 (20399.000.000) 02/25 01:06:52 Image size of job updated: 1823972
	1653  -  MemoryUsage of job (MB)
	1692124  -  ResidentSetSize of job (KB)
...
006 (20399.000.000) 02/25 01:11:52 Image size of job updated: 1823972
	1653  -  MemoryUsage of job (MB)
	1692460  -  ResidentSetSize of job (KB)
...
006 (20399.000.000) 02/25 01:41:55 Image size of job updated: 1861216
	1653  -  MemoryUsage of job (MB)
	1692460  -  ResidentSetSize of job (KB)
...
006 (20399.000.000) 02/25 01:46:55 Image size of job updated: 1863304
	1653  -  MemoryUsage of job (MB)
	1692460  -  ResidentSetSize of job (KB)
...
006 (20399.000.000) 02/25 03:20:21 Image size of job updated: 8014448
	1653  -  MemoryUsage of job (MB)
	1692460  -  ResidentSetSize of job (KB)
...
005 (20399.000.000) 02/25 03:20:21 Job terminated.
	(1) Normal termination (return value 0)
		Usr 0 04:30:23, Sys 0 00:00:49  -  Run Remote Usage
		Usr 0 00:00:00, Sys 0 00:00:00  -  Run Local Usage
		Usr 0 04:30:23, Sys 0 00:00:49  -  Total Remote Usage
		Usr 0 00:00:00, Sys 0 00:00:00  -  Total Local Usage
	0  -  Run Bytes Sent By Job
	0  -  Run Bytes Received By Job
	0  -  Total Bytes Sent By Job
	0  -  Total Bytes Received By Job
	Partitionable Resources :    Usage  Request Allocated
	   Cpus                 :                 2         2
	   Disk (KB)            :        1        1   5108740
	   Memory (MB)          :     1653        1         1
...
