000 (20289.000.000) 02/24 21:34:50 Job submitted from host: <134.76.239.76:13753?addrs=134.76.239.76-13753>
...
001 (20289.000.000) 02/24 23:30:38 Job executing on host: <134.76.239.83:20501?addrs=134.76.239.83-20501>
...
006 (20289.000.000) 02/24 23:30:46 Image size of job updated: 1
	3  -  MemoryUsage of job (MB)
	2068  -  ResidentSetSize of job (KB)
...
006 (20289.000.000) 02/24 23:35:46 Image size of job updated: 1144408
	930  -  MemoryUsage of job (MB)
	951588  -  ResidentSetSize of job (KB)
...
006 (20289.000.000) 02/24 23:40:47 Image size of job updated: 1146080
	930  -  MemoryUsage of job (MB)
	951588  -  ResidentSetSize of job (KB)
...
006 (20289.000.000) 02/24 23:50:48 Image size of job updated: 1242552
	1072  -  MemoryUsage of job (MB)
	1096896  -  ResidentSetSize of job (KB)
...
006 (20289.000.000) 02/25 00:00:50 Image size of job updated: 1242552
	1072  -  MemoryUsage of job (MB)
	1096904  -  ResidentSetSize of job (KB)
...
006 (20289.000.000) 02/25 00:05:50 Image size of job updated: 1242552
	1072  -  MemoryUsage of job (MB)
	1097236  -  ResidentSetSize of job (KB)
...
006 (20289.000.000) 02/25 00:10:50 Image size of job updated: 1242552
	1072  -  MemoryUsage of job (MB)
	1097240  -  ResidentSetSize of job (KB)
...
006 (20289.000.000) 02/25 00:20:52 Image size of job updated: 1429036
	1216  -  MemoryUsage of job (MB)
	1244508  -  ResidentSetSize of job (KB)
...
006 (20289.000.000) 02/25 00:25:52 Image size of job updated: 1429036
	1216  -  MemoryUsage of job (MB)
	1244844  -  ResidentSetSize of job (KB)
...
006 (20289.000.000) 02/25 00:40:54 Image size of job updated: 1429036
	1216  -  MemoryUsage of job (MB)
	1245164  -  ResidentSetSize of job (KB)
...
006 (20289.000.000) 02/25 00:50:55 Image size of job updated: 1453572
	1240  -  MemoryUsage of job (MB)
	1269700  -  ResidentSetSize of job (KB)
...
006 (20289.000.000) 02/25 01:00:55 Image size of job updated: 1478108
	1264  -  MemoryUsage of job (MB)
	1294236  -  ResidentSetSize of job (KB)
...
006 (20289.000.000) 02/25 01:05:57 Image size of job updated: 1481636
	1266  -  MemoryUsage of job (MB)
	1296304  -  ResidentSetSize of job (KB)
...
006 (20289.000.000) 02/25 04:21:00 Image size of job updated: 10769620
	1266  -  MemoryUsage of job (MB)
	1296304  -  ResidentSetSize of job (KB)
...
005 (20289.000.000) 02/25 04:21:00 Job terminated.
	(1) Normal termination (return value 0)
		Usr 0 08:13:35, Sys 0 00:01:43  -  Run Remote Usage
		Usr 0 00:00:00, Sys 0 00:00:00  -  Run Local Usage
		Usr 0 08:13:35, Sys 0 00:01:43  -  Total Remote Usage
		Usr 0 00:00:00, Sys 0 00:00:00  -  Total Local Usage
	0  -  Run Bytes Sent By Job
	0  -  Run Bytes Received By Job
	0  -  Total Bytes Sent By Job
	0  -  Total Bytes Received By Job
	Partitionable Resources :    Usage  Request Allocated
	   Cpus                 :                 2         2
	   Disk (KB)            :        1        1   5108760
	   Memory (MB)          :     1266        1         1
...
