DATE: 2016-02-26
TIME: 16:59:43
                                         version_number        8118
 read inlist_1.0
 create pre-main-sequence model
                                                species           8
 abundances
                                                     h1    6.4978999999999998D-01
                                                    he3    3.4815344187178573D-05
                                                    he4    3.2711518465581285D-01
                                                    c12    3.9681770342662927D-03
                                                    n14    1.1624068045026075D-03
                                                    o16    1.0792594940338417D-02
                                                   ne20    2.4206773220013956D-03
                                                   mg24    4.7161438988913701D-03


                                        relax_num_steps


                               finished relax_num_steps

 new_lnPgas_flag T
                                        relax_initial_Z    2.3060000000000001D-02
                                                  new z    2.3059999999999491D-02
                                        relax_initial_Y    3.2715000000000000D-01
                                                  new y    3.2715000000000027D-01
 net name basic.net
 do_element_diffusion T
 lnPgas_flag T
 kappa_file_prefix gs98
 kappa_lowT_prefix lowT_fa05_gs98
   eos_file_prefix mesa
                                        OMP_NUM_THREADS           1



stop because Lnuc_div_L >= Lnuc_div_L_zams_limit
    0.1001076742E+01    0.9990000000E+00

        817   7.126580   5386.986  -0.284105  -0.284105   0.904208   0.904208   0.649374   0.001538   0.327150   0.649694  -1.749638    818      0
   6.027829   1.896002  -0.081462 -47.529161  -1.814788 -99.000000   0.000000   0.327513   0.010793   0.023060   0.327237   0.083195      2      0
 4.4480E+07  17.134491  -0.284572 -15.954590   4.856401  -6.654923   0.000000   0.003646   0.002421  2.311E-02  2.307E-02 -0.879E-11  max increase

save photos/x817 for model 817
save final_profile.data write fgong_plot.data
                               s% atm_structure_num_pts          61
save final_profile.data.FGONG    817
 final_profile.data.FGONG for model 817
 saved to zams.mod
termination code: Lnuc_div_L_zams_limit

       runtime, prev time, retries, backups, steps         7.8        28.2         0         0       817
        817   7.126580   5386.986  -0.284105  -0.284105   0.904208   0.904208   0.649374   0.001538   0.327150   0.649694  -1.749638    818      0
   6.027829   1.896002  -0.081462 -47.529161  -1.814788 -99.000000   0.000000   0.327513   0.010793   0.023060   0.327237   0.083195      2      0
 4.4480E+07  17.134491  -0.284572 -15.954590   4.856401  -6.654923   0.000000   0.003646   0.002421  2.311E-02  2.307E-02 -0.879E-11  max increase

DATE: 2016-02-26
TIME: 17:09:15
DATE: 2016-02-26
TIME: 17:09:15
                                         version_number        8118
 read inlist_1.0
load saved model zams.mod

 new_lnPgas_flag T
 net name basic.net
 do_element_diffusion T
 lnPgas_flag T
                       which_atm_option: Eddington_grey
 kappa_file_prefix gs98
 kappa_lowT_prefix lowT_fa05_gs98
   eos_file_prefix mesa
                                        OMP_NUM_THREADS           1


__________________________________________________________________________________________________________________________________________________

       step    lg_Tcntr    Teff       lg_LH     lg_Lnuc     Mass       H_rich     H_cntr     N_cntr     Y_surf     X_avg     eta_cntr  zones retry
   lg_dt_yr    lg_Dcntr    lg_R       lg_L3a    lg_Lneu     lg_Mdot    He_core    He_cntr    O_cntr     Z_surf     Y_avg     gam_cntr  iters bckup
     age_yr    lg_Pcntr    lg_L       lg_LZ     lg_Psurf    lg_Dsurf   C_core     C_cntr     Ne_cntr    Z_cntr     Z_avg     v_div_cs     dt_limit
__________________________________________________________________________________________________________________________________________________

