000 (20577.000.000) 02/24 21:35:05 Job submitted from host: <134.76.239.76:13753?addrs=134.76.239.76-13753>
...
001 (20577.000.000) 02/25 02:37:43 Job executing on host: <134.76.239.84:12289?addrs=134.76.239.84-12289>
...
006 (20577.000.000) 02/25 02:37:52 Image size of job updated: 1
	3  -  MemoryUsage of job (MB)
	2072  -  ResidentSetSize of job (KB)
...
006 (20577.000.000) 02/25 02:42:53 Image size of job updated: 1145096
	931  -  MemoryUsage of job (MB)
	952708  -  ResidentSetSize of job (KB)
...
006 (20577.000.000) 02/25 02:47:54 Image size of job updated: 1146372
	931  -  MemoryUsage of job (MB)
	952708  -  ResidentSetSize of job (KB)
...
006 (20577.000.000) 02/25 02:52:54 Image size of job updated: 1282224
	1073  -  MemoryUsage of job (MB)
	1098520  -  ResidentSetSize of job (KB)
...
006 (20577.000.000) 02/25 02:57:54 Image size of job updated: 1347760
	1135  -  MemoryUsage of job (MB)
	1161568  -  ResidentSetSize of job (KB)
...
006 (20577.000.000) 02/25 03:02:55 Image size of job updated: 1347760
	1135  -  MemoryUsage of job (MB)
	1161836  -  ResidentSetSize of job (KB)
...
006 (20577.000.000) 02/25 03:07:55 Image size of job updated: 1469328
	1280  -  MemoryUsage of job (MB)
	1309724  -  ResidentSetSize of job (KB)
...
006 (20577.000.000) 02/25 03:12:55 Image size of job updated: 1469328
	1280  -  MemoryUsage of job (MB)
	1310052  -  ResidentSetSize of job (KB)
...
006 (20577.000.000) 02/25 03:17:56 Image size of job updated: 1469328
	1280  -  MemoryUsage of job (MB)
	1310060  -  ResidentSetSize of job (KB)
...
006 (20577.000.000) 02/25 03:27:57 Image size of job updated: 1469328
	1280  -  MemoryUsage of job (MB)
	1310380  -  ResidentSetSize of job (KB)
...
006 (20577.000.000) 02/25 03:32:58 Image size of job updated: 1494600
	1304  -  MemoryUsage of job (MB)
	1335224  -  ResidentSetSize of job (KB)
...
006 (20577.000.000) 02/25 03:37:59 Image size of job updated: 1494600
	1304  -  MemoryUsage of job (MB)
	1335232  -  ResidentSetSize of job (KB)
...
006 (20577.000.000) 02/25 03:42:59 Image size of job updated: 1494600
	1304  -  MemoryUsage of job (MB)
	1335236  -  ResidentSetSize of job (KB)
...
006 (20577.000.000) 02/25 03:47:59 Image size of job updated: 1497704
	1305  -  MemoryUsage of job (MB)
	1335704  -  ResidentSetSize of job (KB)
...
006 (20577.000.000) 02/25 03:53:00 Image size of job updated: 1497704
	1323  -  MemoryUsage of job (MB)
	1354460  -  ResidentSetSize of job (KB)
...
006 (20577.000.000) 02/25 03:58:00 Image size of job updated: 1497704
	1324  -  MemoryUsage of job (MB)
	1355204  -  ResidentSetSize of job (KB)
...
006 (20577.000.000) 02/25 04:53:06 Image size of job updated: 1520680
	1324  -  MemoryUsage of job (MB)
	1355204  -  ResidentSetSize of job (KB)
...
006 (20577.000.000) 02/25 04:58:07 Image size of job updated: 1520932
	1324  -  MemoryUsage of job (MB)
	1355204  -  ResidentSetSize of job (KB)
...
006 (20577.000.000) 02/25 05:08:08 Image size of job updated: 1524032
	1324  -  MemoryUsage of job (MB)
	1355204  -  ResidentSetSize of job (KB)
...
005 (20577.000.000) 02/25 06:44:40 Job terminated.
	(1) Normal termination (return value 0)
		Usr 0 06:53:48, Sys 0 00:01:24  -  Run Remote Usage
		Usr 0 00:00:00, Sys 0 00:00:00  -  Run Local Usage
		Usr 0 06:53:48, Sys 0 00:01:24  -  Total Remote Usage
		Usr 0 00:00:00, Sys 0 00:00:00  -  Total Local Usage
	0  -  Run Bytes Sent By Job
	0  -  Run Bytes Received By Job
	0  -  Total Bytes Sent By Job
	0  -  Total Bytes Received By Job
	Partitionable Resources :    Usage  Request Allocated
	   Cpus                 :                 2         2
	   Disk (KB)            :        1        1   5108552
	   Memory (MB)          :     1324        1         1
...
