DATE: 2016-02-26
TIME: 16:59:37
                                         version_number        8118
 read inlist_1.0
 create pre-main-sequence model
                                                species           8
 abundances
                                                     h1    6.8412499999999998D-01
                                                    he3    3.2021815882384328D-05
                                                    he4    3.0086797818411765D-01
                                                    c12    2.5769059448455065D-03
                                                    n14    7.5485871194390462D-04
                                                    o16    7.0086343985935303D-03
                                                   ne20    1.5719706373361090D-03
                                                   mg24    3.0626303072809093D-03


                                        relax_num_steps


                               finished relax_num_steps

 new_lnPgas_flag T
                                        relax_initial_Z    1.4975000000000000D-02
                                                  new z    1.4975000000000686D-02
                                        relax_initial_Y    3.0090000000000000D-01
                                                  new y    3.0090000000000006D-01
 net name basic.net
 do_element_diffusion T
 lnPgas_flag T
 kappa_file_prefix gs98
 kappa_lowT_prefix lowT_fa05_gs98
   eos_file_prefix mesa
                                        OMP_NUM_THREADS           1



stop because Lnuc_div_L >= Lnuc_div_L_zams_limit
    0.9990048415E+00    0.9990000000E+00

        850   7.186975   6263.237   0.177945   0.177945   1.101083   1.101083   0.679677   0.003749   0.300900   0.683491  -1.791049    790      0
   6.809693   1.961197   0.019107 -44.381415  -1.441127 -99.000000   0.000000   0.304921   0.007005   0.014975   0.301477   0.074775      2      0
 6.2974E+07  17.271221   0.178377 -15.176439   4.615403  -6.975600   0.000000   0.000014   0.001572  1.540E-02  1.503E-02  0.171E-12  max increase

save photos/x850 for model 850
save final_profile.data write fgong_plot.data
                               s% atm_structure_num_pts          78
save final_profile.data.FGONG    850
 final_profile.data.FGONG for model 850
 saved to zams.mod
termination code: Lnuc_div_L_zams_limit

       runtime, prev time, retries, backups, steps         8.1        28.2         0         0       850
        850   7.186975   6263.237   0.177945   0.177945   1.101083   1.101083   0.679677   0.003749   0.300900   0.683491  -1.791049    790      0
   6.809693   1.961197   0.019107 -44.381415  -1.441127 -99.000000   0.000000   0.304921   0.007005   0.014975   0.301477   0.074775      2      0
 6.2974E+07  17.271221   0.178377 -15.176439   4.615403  -6.975600   0.000000   0.000014   0.001572  1.540E-02  1.503E-02  0.171E-12  max increase

DATE: 2016-02-26
TIME: 17:09:35
DATE: 2016-02-26
TIME: 17:09:35
                                         version_number        8118
 read inlist_1.0
load saved model zams.mod

 new_lnPgas_flag T
 net name basic.net
 do_element_diffusion T
 lnPgas_flag T
                       which_atm_option: Eddington_grey
 kappa_file_prefix gs98
 kappa_lowT_prefix lowT_fa05_gs98
   eos_file_prefix mesa
                                        OMP_NUM_THREADS           1


__________________________________________________________________________________________________________________________________________________

       step    lg_Tcntr    Teff       lg_LH     lg_Lnuc     Mass       H_rich     H_cntr     N_cntr     Y_surf     X_avg     eta_cntr  zones retry
   lg_dt_yr    lg_Dcntr    lg_R       lg_L3a    lg_Lneu     lg_Mdot    He_core    He_cntr    O_cntr     Z_surf     Y_avg     gam_cntr  iters bckup
     age_yr    lg_Pcntr    lg_L       lg_LZ     lg_Psurf    lg_Dsurf   C_core     C_cntr     Ne_cntr    Z_cntr     Z_avg     v_div_cs     dt_limit
__________________________________________________________________________________________________________________________________________________

        869   7.187896   6448.007   0.181440   0.181440   1.101083   1.101083   0.677557   0.003751   0.300900   0.683237  -1.790290    787      0
   6.000000   1.963455  -0.004619 -44.324112  -1.443662 -99.000000   0.000000   0.307041   0.007002   0.014975   0.301725   0.074819      2      0
 8.1127E+07  17.273688   0.181432 -14.808462   4.912196  -6.693807   0.000000   0.000014   0.001572  1.540E-02  1.504E-02  0.183E-12        max_dt

