000 (20277.000.000) 02/24 21:34:49 Job submitted from host: <134.76.239.76:13753?addrs=134.76.239.76-13753>
...
001 (20277.000.000) 02/24 23:16:36 Job executing on host: <134.76.239.91:19968?addrs=134.76.239.91-19968>
...
006 (20277.000.000) 02/24 23:16:44 Image size of job updated: 1
	3  -  MemoryUsage of job (MB)
	2072  -  ResidentSetSize of job (KB)
...
006 (20277.000.000) 02/24 23:21:44 Image size of job updated: 1144204
	931  -  MemoryUsage of job (MB)
	953116  -  ResidentSetSize of job (KB)
...
006 (20277.000.000) 02/24 23:26:45 Image size of job updated: 1145456
	931  -  MemoryUsage of job (MB)
	953116  -  ResidentSetSize of job (KB)
...
006 (20277.000.000) 02/24 23:31:46 Image size of job updated: 1294720
	1072  -  MemoryUsage of job (MB)
	1097272  -  ResidentSetSize of job (KB)
...
006 (20277.000.000) 02/24 23:36:46 Image size of job updated: 1294720
	1072  -  MemoryUsage of job (MB)
	1097616  -  ResidentSetSize of job (KB)
...
006 (20277.000.000) 02/24 23:46:48 Image size of job updated: 1440644
	1240  -  MemoryUsage of job (MB)
	1269760  -  ResidentSetSize of job (KB)
...
006 (20277.000.000) 02/24 23:51:48 Image size of job updated: 1443752
	1243  -  MemoryUsage of job (MB)
	1271824  -  ResidentSetSize of job (KB)
...
006 (20277.000.000) 02/24 23:56:48 Image size of job updated: 1445776
	1247  -  MemoryUsage of job (MB)
	1276564  -  ResidentSetSize of job (KB)
...
006 (20277.000.000) 02/25 00:01:49 Image size of job updated: 1511312
	1309  -  MemoryUsage of job (MB)
	1339484  -  ResidentSetSize of job (KB)
...
006 (20277.000.000) 02/25 00:46:53 Image size of job updated: 1550900
	1309  -  MemoryUsage of job (MB)
	1339484  -  ResidentSetSize of job (KB)
...
005 (20277.000.000) 02/25 02:08:33 Job terminated.
	(1) Normal termination (return value 0)
		Usr 0 04:49:11, Sys 0 00:00:41  -  Run Remote Usage
		Usr 0 00:00:00, Sys 0 00:00:00  -  Run Local Usage
		Usr 0 04:49:11, Sys 0 00:00:41  -  Total Remote Usage
		Usr 0 00:00:00, Sys 0 00:00:00  -  Total Local Usage
	0  -  Run Bytes Sent By Job
	0  -  Run Bytes Received By Job
	0  -  Total Bytes Sent By Job
	0  -  Total Bytes Received By Job
	Partitionable Resources :    Usage  Request Allocated
	   Cpus                 :                 2         2
	   Disk (KB)            :        1        1   5108718
	   Memory (MB)          :     1309        1         1
...
