DATE: 2016-02-26
TIME: 16:59:34
                                         version_number        8118
 read inlist_1.0
 create pre-main-sequence model
                                                species           8
 abundances
                                                     h1    6.7948300000000006D-01
                                                    he3    3.3443482344241329D-05
                                                    he4    3.1422555651765577D-01
                                                    c12    1.0768799601230650D-03
                                                    n14    3.1545280930516680D-04
                                                    o16    2.9288837439998363D-03
                                                   ne20    6.5692101826038060D-04
                                                   mg24    1.2798624683114258D-03


                                        relax_num_steps


                               finished relax_num_steps

 new_lnPgas_flag T
                                        relax_initial_Z    6.2579999999999997D-03
                                                  new z    6.2580000000003744D-03
                                        relax_initial_Y    3.1425900000000001D-01
                                                  new y    3.1425900000000001D-01
 net name basic.net
 do_element_diffusion T
 lnPgas_flag T
 kappa_file_prefix gs98
 kappa_lowT_prefix lowT_fa05_gs98
   eos_file_prefix mesa
                                        OMP_NUM_THREADS           1



stop because Lnuc_div_L >= Lnuc_div_L_zams_limit
    0.9994864683E+00    0.9990000000E+00

        926   7.264612   7738.043   0.654926   0.654926   1.268076   1.268076   0.677855   0.001567   0.083918   0.679189  -1.958355    885      0
   5.901696   2.008713   0.073828 -40.439308  -0.885134 -99.000000   0.000000   0.315705   0.002927   0.000303   0.314515   0.064667      2      0
 1.7262E+07  17.396127   0.655149 -99.000000   3.826168  -7.950913   0.000000   0.000007   0.000657  6.440E-03  6.296E-03  0.169E-12  max increase

save photos/x926 for model 926
save final_profile.data write fgong_plot.data
                               s% atm_structure_num_pts          47
save final_profile.data.FGONG    926
 final_profile.data.FGONG for model 926
 saved to zams.mod
termination code: Lnuc_div_L_zams_limit

       runtime, prev time, retries, backups, steps         8.4        28.2         0         0       926
        926   7.264612   7738.043   0.654926   0.654926   1.268076   1.268076   0.677855   0.001567   0.083918   0.679189  -1.958355    885      0
   5.901696   2.008713   0.073828 -40.439308  -0.885134 -99.000000   0.000000   0.315705   0.002927   0.000303   0.314515   0.064667      2      0
 1.7262E+07  17.396127   0.655149 -99.000000   3.826168  -7.950913   0.000000   0.000007   0.000657  6.440E-03  6.296E-03  0.169E-12  max increase

DATE: 2016-02-26
TIME: 17:09:54
DATE: 2016-02-26
TIME: 17:09:54
                                         version_number        8118
 read inlist_1.0
load saved model zams.mod

 new_lnPgas_flag T
 net name basic.net
 do_element_diffusion T
 lnPgas_flag T
                       which_atm_option: Eddington_grey
 kappa_file_prefix gs98
 kappa_lowT_prefix lowT_fa05_gs98
   eos_file_prefix mesa
                                        OMP_NUM_THREADS           1


__________________________________________________________________________________________________________________________________________________

       step    lg_Tcntr    Teff       lg_LH     lg_Lnuc     Mass       H_rich     H_cntr     N_cntr     Y_surf     X_avg     eta_cntr  zones retry
   lg_dt_yr    lg_Dcntr    lg_R       lg_L3a    lg_Lneu     lg_Mdot    He_core    He_cntr    O_cntr     Z_surf     Y_avg     gam_cntr  iters bckup
     age_yr    lg_Pcntr    lg_L       lg_LZ     lg_Psurf    lg_Dsurf   C_core     C_cntr     Ne_cntr    Z_cntr     Z_avg     v_div_cs     dt_limit
__________________________________________________________________________________________________________________________________________________

        927   7.264675   7751.456   0.655006   0.655006   1.268076   1.268076   0.677656   0.001568   0.071886   0.679154  -1.958540    885      0
   5.980877   2.008785   0.072141 -40.435452  -0.885691 -99.000000   0.000000   0.315904   0.002926   0.000221   0.314549   0.064667     10      0
 1.8219E+07  17.396194   0.654784 -99.000000   4.303339  -7.483277   0.000000   0.000007   0.000657  6.440E-03  6.297E-03 -0.118E-10              

