000 (37433504.000.000) 02/18 13:54:06 Job submitted from host: <134.76.239.76:25340>
...
033 (37433504.000.000) 02/18 13:54:14 Changing job attribute JobPrio from 0 to 1
...
001 (37433504.000.000) 02/18 13:54:20 Job executing on host: <134.76.239.82:24239>
...
006 (37433504.000.000) 02/18 13:54:28 Image size of job updated: 60212
	13  -  MemoryUsage of job (MB)
	12444  -  ResidentSetSize of job (KB)
...
006 (37433504.000.000) 02/18 13:59:28 Image size of job updated: 36535576
	32661  -  MemoryUsage of job (MB)
	33444520  -  ResidentSetSize of job (KB)
...
006 (37433504.000.000) 02/18 14:04:29 Image size of job updated: 38331808
	34880  -  MemoryUsage of job (MB)
	35716384  -  ResidentSetSize of job (KB)
...
006 (37433504.000.000) 02/18 14:09:29 Image size of job updated: 48970080
	42653  -  MemoryUsage of job (MB)
	43676208  -  ResidentSetSize of job (KB)
...
006 (37433504.000.000) 02/18 14:14:29 Image size of job updated: 48970080
	42744  -  MemoryUsage of job (MB)
	43769224  -  ResidentSetSize of job (KB)
...
006 (37433504.000.000) 02/18 14:19:30 Image size of job updated: 48970080
	42759  -  MemoryUsage of job (MB)
	43785140  -  ResidentSetSize of job (KB)
...
006 (37433504.000.000) 02/18 14:24:31 Image size of job updated: 55610132
	42759  -  MemoryUsage of job (MB)
	43785140  -  ResidentSetSize of job (KB)
...
006 (37433504.000.000) 02/18 14:29:31 Image size of job updated: 55610132
	43475  -  MemoryUsage of job (MB)
	44517476  -  ResidentSetSize of job (KB)
...
006 (37433504.000.000) 02/18 14:34:32 Image size of job updated: 55610132
	43495  -  MemoryUsage of job (MB)
	44538752  -  ResidentSetSize of job (KB)
...
006 (37433504.000.000) 02/18 14:39:33 Image size of job updated: 67899664
	60664  -  MemoryUsage of job (MB)
	62119688  -  ResidentSetSize of job (KB)
...
005 (37433504.000.000) 02/18 14:54:54 Job terminated.
	(1) Normal termination (return value 0)
		Usr 0 08:14:31, Sys 0 00:02:58  -  Run Remote Usage
		Usr 0 00:00:00, Sys 0 00:00:00  -  Run Local Usage
		Usr 0 08:14:31, Sys 0 00:02:58  -  Total Remote Usage
		Usr 0 00:00:00, Sys 0 00:00:00  -  Total Local Usage
	0  -  Run Bytes Sent By Job
	0  -  Run Bytes Received By Job
	0  -  Total Bytes Sent By Job
	0  -  Total Bytes Received By Job
	Partitionable Resources :    Usage  Request Allocated
	   Cpus                 :                32        32
	   Disk (KB)            :        1        1   5302089
	   Memory (MB)          :    60664        1         1
...
