DATE: 2016-02-26
TIME: 16:59:18
                                         version_number        8118
 read inlist_1.0
 create pre-main-sequence model
                                                species           8
 abundances
                                                     h1    6.5085799999999994D-01
                                                    he3    3.5488770743854301D-05
                                                    he4    3.3344251122925617D-01
                                                    c12    2.6954694303879898D-03
                                                    n14    7.8958977388242824D-04
                                                    o16    7.3311017842784256D-03
                                                   ne20    1.6442970326031984D-03
                                                   mg24    3.2035419788479687D-03


                                        relax_num_steps


                               finished relax_num_steps

 new_lnPgas_flag T
                                        relax_initial_Z    1.5664000000000001D-02
                                                  new z    1.5664000000000206D-02
                                        relax_initial_Y    3.3347800000000000D-01
                                                  new y    3.3347799999999994D-01
 net name basic.net
 do_element_diffusion T
 lnPgas_flag T
 kappa_file_prefix gs98
 kappa_lowT_prefix lowT_fa05_gs98
   eos_file_prefix mesa
                                        OMP_NUM_THREADS           1



stop because Lnuc_div_L >= Lnuc_div_L_zams_limit
    0.9998637421E+00    0.9990000000E+00

        814   7.126293   5592.916  -0.271562  -0.271562   0.856747   0.856747   0.650534   0.000974   0.333478   0.650772  -1.659354    802      0
   5.922391   1.932040  -0.107512 -47.455082  -1.835433 -99.000000   0.000000   0.333776   0.007331   0.015664   0.333559   0.085264      2      0
 3.9306E+07  17.171429  -0.271502 -15.352530   4.927849  -6.601162   0.000000   0.002538   0.001644  1.569E-02  1.567E-02 -0.134E-10  max increase

save photos/x814 for model 814
save final_profile.data write fgong_plot.data
                               s% atm_structure_num_pts          62
save final_profile.data.FGONG    814
 final_profile.data.FGONG for model 814
 saved to zams.mod
termination code: Lnuc_div_L_zams_limit

       runtime, prev time, retries, backups, steps         7.7        28.2         0         0       814
        814   7.126293   5592.916  -0.271562  -0.271562   0.856747   0.856747   0.650534   0.000974   0.333478   0.650772  -1.659354    802      0
   5.922391   1.932040  -0.107512 -47.455082  -1.835433 -99.000000   0.000000   0.333776   0.007331   0.015664   0.333559   0.085264      2      0
 3.9306E+07  17.171429  -0.271502 -15.352530   4.927849  -6.601162   0.000000   0.002538   0.001644  1.569E-02  1.567E-02 -0.134E-10  max increase

DATE: 2016-02-26
TIME: 17:09:13
DATE: 2016-02-26
TIME: 17:09:13
                                         version_number        8118
 read inlist_1.0
load saved model zams.mod

 new_lnPgas_flag T
 net name basic.net
 do_element_diffusion T
 lnPgas_flag T
                       which_atm_option: Eddington_grey
 kappa_file_prefix gs98
 kappa_lowT_prefix lowT_fa05_gs98
   eos_file_prefix mesa
                                        OMP_NUM_THREADS           1


__________________________________________________________________________________________________________________________________________________

       step    lg_Tcntr    Teff       lg_LH     lg_Lnuc     Mass       H_rich     H_cntr     N_cntr     Y_surf     X_avg     eta_cntr  zones retry
   lg_dt_yr    lg_Dcntr    lg_R       lg_L3a    lg_Lneu     lg_Mdot    He_core    He_cntr    O_cntr     Z_surf     Y_avg     gam_cntr  iters bckup
     age_yr    lg_Pcntr    lg_L       lg_LZ     lg_Psurf    lg_Dsurf   C_core     C_cntr     Ne_cntr    Z_cntr     Z_avg     v_div_cs     dt_limit
__________________________________________________________________________________________________________________________________________________

        818   7.126201   5654.836  -0.276199  -0.276199   0.856747   0.856747   0.650433   0.001061   0.333478   0.650746  -1.658131    802      0
   5.962482   1.932433  -0.119726 -47.458890  -1.838339 -99.000000   0.000000   0.333865   0.007331   0.015664   0.333582   0.085312      2      0
 4.2788E+07  17.171699  -0.276804 -99.000000   5.114885  -6.419611   0.000000   0.002463   0.001644  1.570E-02  1.567E-02 -0.334E-11  max increase

