000 (20562.000.000) 02/24 21:35:04 Job submitted from host: <134.76.239.76:13753?addrs=134.76.239.76-13753>
...
001 (20562.000.000) 02/25 02:24:42 Job executing on host: <134.76.239.89:24193?addrs=134.76.239.89-24193>
...
006 (20562.000.000) 02/25 02:24:50 Image size of job updated: 1
	3  -  MemoryUsage of job (MB)
	2072  -  ResidentSetSize of job (KB)
...
006 (20562.000.000) 02/25 02:29:50 Image size of job updated: 1144996
	930  -  MemoryUsage of job (MB)
	952196  -  ResidentSetSize of job (KB)
...
006 (20562.000.000) 02/25 02:34:51 Image size of job updated: 1145940
	930  -  MemoryUsage of job (MB)
	952196  -  ResidentSetSize of job (KB)
...
006 (20562.000.000) 02/25 03:04:53 Image size of job updated: 1242924
	1063  -  MemoryUsage of job (MB)
	1087516  -  ResidentSetSize of job (KB)
...
006 (20562.000.000) 02/25 03:29:57 Image size of job updated: 1242924
	1063  -  MemoryUsage of job (MB)
	1087848  -  ResidentSetSize of job (KB)
...
006 (20562.000.000) 02/25 03:39:57 Image size of job updated: 1242924
	1063  -  MemoryUsage of job (MB)
	1087852  -  ResidentSetSize of job (KB)
...
006 (20562.000.000) 02/25 03:54:58 Image size of job updated: 1429408
	1207  -  MemoryUsage of job (MB)
	1235128  -  ResidentSetSize of job (KB)
...
006 (20562.000.000) 02/25 04:05:00 Image size of job updated: 1429408
	1207  -  MemoryUsage of job (MB)
	1235464  -  ResidentSetSize of job (KB)
...
006 (20562.000.000) 02/25 04:10:00 Image size of job updated: 1429408
	1207  -  MemoryUsage of job (MB)
	1235468  -  ResidentSetSize of job (KB)
...
006 (20562.000.000) 02/25 04:35:03 Image size of job updated: 1429408
	1207  -  MemoryUsage of job (MB)
	1235784  -  ResidentSetSize of job (KB)
...
006 (20562.000.000) 02/25 04:55:05 Image size of job updated: 1478480
	1255  -  MemoryUsage of job (MB)
	1284856  -  ResidentSetSize of job (KB)
...
006 (20562.000.000) 02/25 05:10:07 Image size of job updated: 1478480
	1258  -  MemoryUsage of job (MB)
	1287924  -  ResidentSetSize of job (KB)
...
006 (20562.000.000) 02/25 05:20:07 Image size of job updated: 1478988
	1258  -  MemoryUsage of job (MB)
	1287928  -  ResidentSetSize of job (KB)
...
006 (20562.000.000) 02/25 05:25:08 Image size of job updated: 1478988
	1258  -  MemoryUsage of job (MB)
	1287932  -  ResidentSetSize of job (KB)
...
006 (20562.000.000) 02/25 08:05:25 Image size of job updated: 1491456
	1266  -  MemoryUsage of job (MB)
	1296268  -  ResidentSetSize of job (KB)
...
006 (20562.000.000) 02/25 08:10:25 Image size of job updated: 1491456
	1266  -  MemoryUsage of job (MB)
	1296272  -  ResidentSetSize of job (KB)
...
006 (20562.000.000) 02/25 08:15:26 Image size of job updated: 1491456
	1266  -  MemoryUsage of job (MB)
	1296276  -  ResidentSetSize of job (KB)
...
006 (20562.000.000) 02/25 08:30:27 Image size of job updated: 1491456
	1266  -  MemoryUsage of job (MB)
	1296284  -  ResidentSetSize of job (KB)
...
006 (20562.000.000) 02/25 08:35:28 Image size of job updated: 1491456
	1266  -  MemoryUsage of job (MB)
	1296320  -  ResidentSetSize of job (KB)
...
006 (20562.000.000) 02/25 09:55:36 Image size of job updated: 13850608
	8870  -  MemoryUsage of job (MB)
	9082756  -  ResidentSetSize of job (KB)
...
005 (20562.000.000) 02/25 09:56:24 Job terminated.
	(1) Normal termination (return value 127)
		Usr 0 12:43:31, Sys 0 00:03:10  -  Run Remote Usage
		Usr 0 00:00:00, Sys 0 00:00:00  -  Run Local Usage
		Usr 0 12:43:31, Sys 0 00:03:10  -  Total Remote Usage
		Usr 0 00:00:00, Sys 0 00:00:00  -  Total Local Usage
	0  -  Run Bytes Sent By Job
	0  -  Run Bytes Received By Job
	0  -  Total Bytes Sent By Job
	0  -  Total Bytes Received By Job
	Partitionable Resources :    Usage  Request Allocated
	   Cpus                 :                 2         2
	   Disk (KB)            :        1        1   5108801
	   Memory (MB)          :     8870        1         1
...
