000 (19967.000.000) 02/24 21:34:33 Job submitted from host: <134.76.239.76:13753?addrs=134.76.239.76-13753>
...
001 (19967.000.000) 02/24 21:34:37 Job executing on host: <134.76.239.79:12046?addrs=134.76.239.79-12046>
...
006 (19967.000.000) 02/24 21:34:49 Image size of job updated: 65712
	4  -  MemoryUsage of job (MB)
	3820  -  ResidentSetSize of job (KB)
...
006 (19967.000.000) 02/24 21:39:50 Image size of job updated: 1137580
	928  -  MemoryUsage of job (MB)
	950196  -  ResidentSetSize of job (KB)
...
006 (19967.000.000) 02/24 21:44:51 Image size of job updated: 1137712
	929  -  MemoryUsage of job (MB)
	950976  -  ResidentSetSize of job (KB)
...
006 (19967.000.000) 02/24 21:49:51 Image size of job updated: 1142496
	929  -  MemoryUsage of job (MB)
	950976  -  ResidentSetSize of job (KB)
...
006 (19967.000.000) 02/24 21:54:51 Image size of job updated: 1322736
	1138  -  MemoryUsage of job (MB)
	1164696  -  ResidentSetSize of job (KB)
...
006 (19967.000.000) 02/24 21:59:52 Image size of job updated: 1322736
	1138  -  MemoryUsage of job (MB)
	1165032  -  ResidentSetSize of job (KB)
...
006 (19967.000.000) 02/24 22:04:52 Image size of job updated: 1558300
	1138  -  MemoryUsage of job (MB)
	1165032  -  ResidentSetSize of job (KB)
...
006 (19967.000.000) 02/24 22:19:54 Image size of job updated: 1558300
	1148  -  MemoryUsage of job (MB)
	1175540  -  ResidentSetSize of job (KB)
...
006 (19967.000.000) 02/24 22:24:54 Image size of job updated: 1558300
	1149  -  MemoryUsage of job (MB)
	1175868  -  ResidentSetSize of job (KB)
...
006 (19967.000.000) 02/24 22:29:55 Image size of job updated: 1558300
	1293  -  MemoryUsage of job (MB)
	1323480  -  ResidentSetSize of job (KB)
...
006 (19967.000.000) 02/24 22:34:56 Image size of job updated: 1558300
	1293  -  MemoryUsage of job (MB)
	1323560  -  ResidentSetSize of job (KB)
...
006 (19967.000.000) 02/24 22:39:56 Image size of job updated: 1558300
	1341  -  MemoryUsage of job (MB)
	1373056  -  ResidentSetSize of job (KB)
...
005 (19967.000.000) 02/24 23:31:41 Job terminated.
	(1) Normal termination (return value 0)
		Usr 0 01:55:40, Sys 0 00:00:39  -  Run Remote Usage
		Usr 0 00:00:00, Sys 0 00:00:00  -  Run Local Usage
		Usr 0 01:55:40, Sys 0 00:00:39  -  Total Remote Usage
		Usr 0 00:00:00, Sys 0 00:00:00  -  Total Local Usage
	0  -  Run Bytes Sent By Job
	0  -  Run Bytes Received By Job
	0  -  Total Bytes Sent By Job
	0  -  Total Bytes Received By Job
	Partitionable Resources :    Usage  Request Allocated
	   Cpus                 :                 2         2
	   Disk (KB)            :        1        1   5108764
	   Memory (MB)          :     1341        1         1
...
