000 (28039.000.000) 02/26 16:55:54 Job submitted from host: <134.76.239.76:15915?addrs=134.76.239.76-15915>
...
001 (28039.000.000) 02/26 16:56:01 Job executing on host: <134.76.239.87:21186?addrs=134.76.239.87-21186>
...
006 (28039.000.000) 02/26 16:56:10 Image size of job updated: 65712
	5  -  MemoryUsage of job (MB)
	4304  -  ResidentSetSize of job (KB)
...
006 (28039.000.000) 02/26 17:01:10 Image size of job updated: 1071604
	932  -  MemoryUsage of job (MB)
	953692  -  ResidentSetSize of job (KB)
...
006 (28039.000.000) 02/26 17:06:11 Image size of job updated: 1072204
	932  -  MemoryUsage of job (MB)
	954212  -  ResidentSetSize of job (KB)
...
006 (28039.000.000) 02/26 17:11:12 Image size of job updated: 1078964
	939  -  MemoryUsage of job (MB)
	960748  -  ResidentSetSize of job (KB)
...
006 (28039.000.000) 02/26 17:16:12 Image size of job updated: 1080880
	939  -  MemoryUsage of job (MB)
	960748  -  ResidentSetSize of job (KB)
...
