000 (28506.000.000) 02/26 16:56:19 Job submitted from host: <134.76.239.76:15915?addrs=134.76.239.76-15915>
...
001 (28506.000.000) 02/26 16:56:32 Job executing on host: <134.76.239.90:16939?addrs=134.76.239.90-16939>
...
006 (28506.000.000) 02/26 16:56:44 Image size of job updated: 65708
	3  -  MemoryUsage of job (MB)
	2296  -  ResidentSetSize of job (KB)
...
006 (28506.000.000) 02/26 17:01:44 Image size of job updated: 1071000
	931  -  MemoryUsage of job (MB)
	953016  -  ResidentSetSize of job (KB)
...
006 (28506.000.000) 02/26 17:06:45 Image size of job updated: 1071460
	931  -  MemoryUsage of job (MB)
	953136  -  ResidentSetSize of job (KB)
...
006 (28506.000.000) 02/26 17:11:45 Image size of job updated: 1079804
	931  -  MemoryUsage of job (MB)
	953136  -  ResidentSetSize of job (KB)
...
006 (28506.000.000) 02/26 17:16:45 Image size of job updated: 1296520
	1150  -  MemoryUsage of job (MB)
	1176776  -  ResidentSetSize of job (KB)
...
