000 (20823.000.000) 02/24 21:35:18 Job submitted from host: <134.76.239.76:13753?addrs=134.76.239.76-13753>
...
001 (20823.000.000) 02/25 05:23:47 Job executing on host: <134.76.239.84:12289?addrs=134.76.239.84-12289>
...
006 (20823.000.000) 02/25 05:23:56 Image size of job updated: 856988
	653  -  MemoryUsage of job (MB)
	667680  -  ResidentSetSize of job (KB)
...
006 (20823.000.000) 02/25 05:28:57 Image size of job updated: 1142824
	934  -  MemoryUsage of job (MB)
	956020  -  ResidentSetSize of job (KB)
...
006 (20823.000.000) 02/25 05:33:57 Image size of job updated: 1287768
	1076  -  MemoryUsage of job (MB)
	1101052  -  ResidentSetSize of job (KB)
...
006 (20823.000.000) 02/25 05:38:57 Image size of job updated: 1482324
	1292  -  MemoryUsage of job (MB)
	1322772  -  ResidentSetSize of job (KB)
...
006 (20823.000.000) 02/25 05:43:58 Image size of job updated: 1484548
	1292  -  MemoryUsage of job (MB)
	1322772  -  ResidentSetSize of job (KB)
...
006 (20823.000.000) 02/25 05:53:58 Image size of job updated: 1495220
	1292  -  MemoryUsage of job (MB)
	1322772  -  ResidentSetSize of job (KB)
...
006 (20823.000.000) 02/25 05:58:59 Image size of job updated: 1497448
	1292  -  MemoryUsage of job (MB)
	1322772  -  ResidentSetSize of job (KB)
...
006 (20823.000.000) 02/25 06:45:37 Image size of job updated: 6958648
	1292  -  MemoryUsage of job (MB)
	1322772  -  ResidentSetSize of job (KB)
...
005 (20823.000.000) 02/25 06:45:37 Job terminated.
	(1) Normal termination (return value 0)
		Usr 0 02:01:52, Sys 0 00:00:24  -  Run Remote Usage
		Usr 0 00:00:00, Sys 0 00:00:00  -  Run Local Usage
		Usr 0 02:01:52, Sys 0 00:00:24  -  Total Remote Usage
		Usr 0 00:00:00, Sys 0 00:00:00  -  Total Local Usage
	0  -  Run Bytes Sent By Job
	0  -  Run Bytes Received By Job
	0  -  Total Bytes Sent By Job
	0  -  Total Bytes Received By Job
	Partitionable Resources :    Usage  Request Allocated
	   Cpus                 :                 2         2
	   Disk (KB)            :        1        1   5108530
	   Memory (MB)          :     1292        1         1
...
