000 (20061.000.000) 02/24 21:34:37 Job submitted from host: <134.76.239.76:13753?addrs=134.76.239.76-13753>
...
001 (20061.000.000) 02/24 21:34:56 Job executing on host: <134.76.239.88:25067?addrs=134.76.239.88-25067>
...
006 (20061.000.000) 02/24 21:35:08 Image size of job updated: 65712
	4  -  MemoryUsage of job (MB)
	4032  -  ResidentSetSize of job (KB)
...
006 (20061.000.000) 02/24 21:40:09 Image size of job updated: 1140124
	917  -  MemoryUsage of job (MB)
	938276  -  ResidentSetSize of job (KB)
...
006 (20061.000.000) 02/24 21:45:09 Image size of job updated: 1145768
	923  -  MemoryUsage of job (MB)
	944396  -  ResidentSetSize of job (KB)
...
006 (20061.000.000) 02/24 21:50:10 Image size of job updated: 1146328
	923  -  MemoryUsage of job (MB)
	944396  -  ResidentSetSize of job (KB)
...
006 (20061.000.000) 02/24 22:05:11 Image size of job updated: 1242124
	1062  -  MemoryUsage of job (MB)
	1087320  -  ResidentSetSize of job (KB)
...
006 (20061.000.000) 02/24 22:15:12 Image size of job updated: 1242124
	1062  -  MemoryUsage of job (MB)
	1087464  -  ResidentSetSize of job (KB)
...
006 (20061.000.000) 02/24 22:20:12 Image size of job updated: 1242124
	1063  -  MemoryUsage of job (MB)
	1087652  -  ResidentSetSize of job (KB)
...
006 (20061.000.000) 02/24 22:25:13 Image size of job updated: 1428608
	1206  -  MemoryUsage of job (MB)
	1234924  -  ResidentSetSize of job (KB)
...
006 (20061.000.000) 02/24 22:30:14 Image size of job updated: 1428608
	1207  -  MemoryUsage of job (MB)
	1235252  -  ResidentSetSize of job (KB)
...
006 (20061.000.000) 02/24 22:35:14 Image size of job updated: 1453648
	1231  -  MemoryUsage of job (MB)
	1260112  -  ResidentSetSize of job (KB)
...
006 (20061.000.000) 02/24 22:40:15 Image size of job updated: 1457340
	1232  -  MemoryUsage of job (MB)
	1260792  -  ResidentSetSize of job (KB)
...
006 (20061.000.000) 02/24 22:45:16 Image size of job updated: 1457340
	1232  -  MemoryUsage of job (MB)
	1261284  -  ResidentSetSize of job (KB)
...
006 (20061.000.000) 02/24 23:30:20 Image size of job updated: 1457340
	1234  -  MemoryUsage of job (MB)
	1263296  -  ResidentSetSize of job (KB)
...
005 (20061.000.000) 02/25 00:41:31 Job terminated.
	(1) Normal termination (return value 0)
		Usr 0 04:29:15, Sys 0 00:00:56  -  Run Remote Usage
		Usr 0 00:00:00, Sys 0 00:00:00  -  Run Local Usage
		Usr 0 04:29:15, Sys 0 00:00:56  -  Total Remote Usage
		Usr 0 00:00:00, Sys 0 00:00:00  -  Total Local Usage
	0  -  Run Bytes Sent By Job
	0  -  Run Bytes Received By Job
	0  -  Total Bytes Sent By Job
	0  -  Total Bytes Received By Job
	Partitionable Resources :    Usage  Request Allocated
	   Cpus                 :                 2         2
	   Disk (KB)            :        1        1   5108806
	   Memory (MB)          :     1234        1         1
...
