000 (20423.000.000) 02/24 21:34:58 Job submitted from host: <134.76.239.76:13753?addrs=134.76.239.76-13753>
...
001 (20423.000.000) 02/25 00:54:39 Job executing on host: <134.76.239.78:21556?addrs=134.76.239.78-21556>
...
006 (20423.000.000) 02/25 00:54:48 Image size of job updated: 1
	3  -  MemoryUsage of job (MB)
	2068  -  ResidentSetSize of job (KB)
...
006 (20423.000.000) 02/25 00:59:48 Image size of job updated: 1138812
	931  -  MemoryUsage of job (MB)
	953264  -  ResidentSetSize of job (KB)
...
006 (20423.000.000) 02/25 01:04:48 Image size of job updated: 1144972
	931  -  MemoryUsage of job (MB)
	953264  -  ResidentSetSize of job (KB)
...
006 (20423.000.000) 02/25 01:09:49 Image size of job updated: 1325388
	1144  -  MemoryUsage of job (MB)
	1170920  -  ResidentSetSize of job (KB)
...
006 (20423.000.000) 02/25 01:14:50 Image size of job updated: 1511872
	1289  -  MemoryUsage of job (MB)
	1319856  -  ResidentSetSize of job (KB)
...
006 (20423.000.000) 02/25 01:19:50 Image size of job updated: 1514212
	1292  -  MemoryUsage of job (MB)
	1322580  -  ResidentSetSize of job (KB)
...
006 (20423.000.000) 02/25 01:24:51 Image size of job updated: 1514220
	1292  -  MemoryUsage of job (MB)
	1322580  -  ResidentSetSize of job (KB)
...
006 (20423.000.000) 02/25 01:34:52 Image size of job updated: 1514220
	1297  -  MemoryUsage of job (MB)
	1327428  -  ResidentSetSize of job (KB)
...
006 (20423.000.000) 02/25 01:39:52 Image size of job updated: 1514220
	1301  -  MemoryUsage of job (MB)
	1331364  -  ResidentSetSize of job (KB)
...
006 (20423.000.000) 02/25 01:44:53 Image size of job updated: 1514220
	1301  -  MemoryUsage of job (MB)
	1331724  -  ResidentSetSize of job (KB)
...
005 (20423.000.000) 02/25 02:38:13 Job terminated.
	(1) Normal termination (return value 0)
		Usr 0 02:41:01, Sys 0 00:00:44  -  Run Remote Usage
		Usr 0 00:00:00, Sys 0 00:00:00  -  Run Local Usage
		Usr 0 02:41:01, Sys 0 00:00:44  -  Total Remote Usage
		Usr 0 00:00:00, Sys 0 00:00:00  -  Total Local Usage
	0  -  Run Bytes Sent By Job
	0  -  Run Bytes Received By Job
	0  -  Total Bytes Sent By Job
	0  -  Total Bytes Received By Job
	Partitionable Resources :    Usage  Request Allocated
	   Cpus                 :                 2         2
	   Disk (KB)            :        1        1   5108767
	   Memory (MB)          :     1301        1         1
...
