000 (20246.000.000) 02/24 21:34:47 Job submitted from host: <134.76.239.76:13753?addrs=134.76.239.76-13753>
...
001 (20246.000.000) 02/24 22:40:35 Job executing on host: <134.76.239.86:20177?addrs=134.76.239.86-20177>
...
006 (20246.000.000) 02/24 22:40:44 Image size of job updated: 45172
	5  -  MemoryUsage of job (MB)
	4296  -  ResidentSetSize of job (KB)
...
006 (20246.000.000) 02/24 22:45:45 Image size of job updated: 1143824
	935  -  MemoryUsage of job (MB)
	956624  -  ResidentSetSize of job (KB)
...
006 (20246.000.000) 02/24 22:50:45 Image size of job updated: 1146100
	935  -  MemoryUsage of job (MB)
	956624  -  ResidentSetSize of job (KB)
...
006 (20246.000.000) 02/24 23:05:47 Image size of job updated: 1243764
	1071  -  MemoryUsage of job (MB)
	1096704  -  ResidentSetSize of job (KB)
...
006 (20246.000.000) 02/24 23:10:47 Image size of job updated: 1243764
	1072  -  MemoryUsage of job (MB)
	1097036  -  ResidentSetSize of job (KB)
...
006 (20246.000.000) 02/24 23:15:47 Image size of job updated: 1456104
	1241  -  MemoryUsage of job (MB)
	1270164  -  ResidentSetSize of job (KB)
...
006 (20246.000.000) 02/24 23:20:48 Image size of job updated: 1456104
	1241  -  MemoryUsage of job (MB)
	1270500  -  ResidentSetSize of job (KB)
...
006 (20246.000.000) 02/24 23:25:48 Image size of job updated: 1457624
	1243  -  MemoryUsage of job (MB)
	1271988  -  ResidentSetSize of job (KB)
...
006 (20246.000.000) 02/24 23:30:48 Image size of job updated: 1463024
	1247  -  MemoryUsage of job (MB)
	1276588  -  ResidentSetSize of job (KB)
...
006 (20246.000.000) 02/24 23:35:49 Image size of job updated: 1463032
	1247  -  MemoryUsage of job (MB)
	1276588  -  ResidentSetSize of job (KB)
...
006 (20246.000.000) 02/25 00:05:52 Image size of job updated: 1463032
	1249  -  MemoryUsage of job (MB)
	1278384  -  ResidentSetSize of job (KB)
...
006 (20246.000.000) 02/25 00:10:53 Image size of job updated: 1463032
	1251  -  MemoryUsage of job (MB)
	1280916  -  ResidentSetSize of job (KB)
...
006 (20246.000.000) 02/25 00:15:53 Image size of job updated: 1463032
	1252  -  MemoryUsage of job (MB)
	1281676  -  ResidentSetSize of job (KB)
...
006 (20246.000.000) 02/25 01:05:59 Image size of job updated: 1467112
	1255  -  MemoryUsage of job (MB)
	1284228  -  ResidentSetSize of job (KB)
...
006 (20246.000.000) 02/25 01:10:59 Image size of job updated: 1467124
	1255  -  MemoryUsage of job (MB)
	1284228  -  ResidentSetSize of job (KB)
...
006 (20246.000.000) 02/25 01:56:04 Image size of job updated: 1470092
	1255  -  MemoryUsage of job (MB)
	1284228  -  ResidentSetSize of job (KB)
...
006 (20246.000.000) 02/25 02:01:04 Image size of job updated: 1470104
	1255  -  MemoryUsage of job (MB)
	1284228  -  ResidentSetSize of job (KB)
...
006 (20246.000.000) 02/25 02:51:09 Image size of job updated: 1470104
	1261  -  MemoryUsage of job (MB)
	1290408  -  ResidentSetSize of job (KB)
...
006 (20246.000.000) 02/25 02:56:10 Image size of job updated: 1470104
	1261  -  MemoryUsage of job (MB)
	1291244  -  ResidentSetSize of job (KB)
...
006 (20246.000.000) 02/25 03:46:15 Image size of job updated: 1475752
	1261  -  MemoryUsage of job (MB)
	1291244  -  ResidentSetSize of job (KB)
...
006 (20246.000.000) 02/25 03:51:16 Image size of job updated: 1475764
	1261  -  MemoryUsage of job (MB)
	1291244  -  ResidentSetSize of job (KB)
...
006 (20246.000.000) 02/25 04:51:22 Image size of job updated: 1477952
	1261  -  MemoryUsage of job (MB)
	1291244  -  ResidentSetSize of job (KB)
...
006 (20246.000.000) 02/25 04:56:23 Image size of job updated: 1481088
	1261  -  MemoryUsage of job (MB)
	1291244  -  ResidentSetSize of job (KB)
...
006 (20246.000.000) 02/25 05:31:26 Image size of job updated: 1486672
	1261  -  MemoryUsage of job (MB)
	1291244  -  ResidentSetSize of job (KB)
...
006 (20246.000.000) 02/25 05:36:26 Image size of job updated: 1486836
	1261  -  MemoryUsage of job (MB)
	1291244  -  ResidentSetSize of job (KB)
...
006 (20246.000.000) 02/25 05:41:26 Image size of job updated: 1487640
	1261  -  MemoryUsage of job (MB)
	1291244  -  ResidentSetSize of job (KB)
...
006 (20246.000.000) 02/25 05:51:28 Image size of job updated: 1494924
	1261  -  MemoryUsage of job (MB)
	1291244  -  ResidentSetSize of job (KB)
...
006 (20246.000.000) 02/25 05:56:28 Image size of job updated: 1498212
	1261  -  MemoryUsage of job (MB)
	1291244  -  ResidentSetSize of job (KB)
...
006 (20246.000.000) 02/25 07:01:36 Image size of job updated: 1498212
	1263  -  MemoryUsage of job (MB)
	1293084  -  ResidentSetSize of job (KB)
...
006 (20246.000.000) 02/25 07:06:36 Image size of job updated: 1498212
	1267  -  MemoryUsage of job (MB)
	1296764  -  ResidentSetSize of job (KB)
...
006 (20246.000.000) 02/25 07:11:38 Image size of job updated: 1498212
	1268  -  MemoryUsage of job (MB)
	1298104  -  ResidentSetSize of job (KB)
...
006 (20246.000.000) 02/25 08:01:42 Image size of job updated: 1510928
	1270  -  MemoryUsage of job (MB)
	1299528  -  ResidentSetSize of job (KB)
...
006 (20246.000.000) 02/25 08:06:43 Image size of job updated: 1518732
	1276  -  MemoryUsage of job (MB)
	1305620  -  ResidentSetSize of job (KB)
...
006 (20246.000.000) 02/25 08:11:43 Image size of job updated: 1518732
	1276  -  MemoryUsage of job (MB)
	1305632  -  ResidentSetSize of job (KB)
...
006 (20246.000.000) 02/25 08:16:44 Image size of job updated: 1523668
	1281  -  MemoryUsage of job (MB)
	1310884  -  ResidentSetSize of job (KB)
...
006 (20246.000.000) 02/25 08:26:45 Image size of job updated: 1523916
	1281  -  MemoryUsage of job (MB)
	1311144  -  ResidentSetSize of job (KB)
...
006 (20246.000.000) 02/25 08:31:45 Image size of job updated: 1529168
	1287  -  MemoryUsage of job (MB)
	1317504  -  ResidentSetSize of job (KB)
...
006 (20246.000.000) 02/25 08:36:46 Image size of job updated: 1534488
	1287  -  MemoryUsage of job (MB)
	1317504  -  ResidentSetSize of job (KB)
...
006 (20246.000.000) 02/25 09:36:51 Image size of job updated: 1534488
	1291  -  MemoryUsage of job (MB)
	1321400  -  ResidentSetSize of job (KB)
...
006 (20246.000.000) 02/25 09:41:52 Image size of job updated: 1534488
	1298  -  MemoryUsage of job (MB)
	1328596  -  ResidentSetSize of job (KB)
...
006 (20246.000.000) 02/25 09:46:53 Image size of job updated: 1534488
	1298  -  MemoryUsage of job (MB)
	1328688  -  ResidentSetSize of job (KB)
...
004 (20246.000.000) 02/25 09:59:08 Job was evicted.
	(0) Job was not checkpointed.
		Usr 0 19:43:29, Sys 0 00:04:15  -  Run Remote Usage
		Usr 0 00:00:00, Sys 0 00:00:00  -  Run Local Usage
	0  -  Run Bytes Sent By Job
	0  -  Run Bytes Received By Job
	Partitionable Resources :    Usage  Request Allocated
	   Cpus                 :                 2         2
	   Disk (KB)            :        1        1   5108756
	   Memory (MB)          :     1298        1         1
...
001 (20246.000.000) 02/25 09:59:30 Job executing on host: <134.76.239.78:21556?addrs=134.76.239.78-21556>
...
004 (20246.000.000) 02/25 10:02:31 Job was evicted.
	(0) Job was not checkpointed.
		Usr 0 00:01:14, Sys 0 00:00:01  -  Run Remote Usage
		Usr 0 00:00:00, Sys 0 00:00:00  -  Run Local Usage
	0  -  Run Bytes Sent By Job
	0  -  Run Bytes Received By Job
	Partitionable Resources :    Usage  Request Allocated
	   Cpus                 :                 2         2
	   Disk (KB)            :        1        1   5108696
	   Memory (MB)          :     1465     1465      1465
...
001 (20246.000.000) 02/25 10:03:32 Job executing on host: <134.76.239.83:20501?addrs=134.76.239.83-20501>
...
004 (20246.000.000) 02/25 10:08:52 Job was evicted.
	(0) Job was not checkpointed.
		Usr 0 00:09:26, Sys 0 00:00:07  -  Run Remote Usage
		Usr 0 00:00:00, Sys 0 00:00:00  -  Run Local Usage
	0  -  Run Bytes Sent By Job
	0  -  Run Bytes Received By Job
	Partitionable Resources :    Usage  Request Allocated
	   Cpus                 :                 2         2
	   Disk (KB)            :        1        1   5108636
	   Memory (MB)          :     1465     1465      1465
...
001 (20246.000.000) 02/25 10:10:13 Job executing on host: <134.76.239.83:20501?addrs=134.76.239.83-20501>
...
004 (20246.000.000) 02/25 10:49:47 Job was evicted.
	(0) Job was not checkpointed.
		Usr 0 01:10:03, Sys 0 00:00:13  -  Run Remote Usage
		Usr 0 00:00:00, Sys 0 00:00:00  -  Run Local Usage
	0  -  Run Bytes Sent By Job
	0  -  Run Bytes Received By Job
	Partitionable Resources :    Usage  Request Allocated
	   Cpus                 :                 2         2
	   Disk (KB)            :        1        1   5108603
	   Memory (MB)          :     1465     1465      1465
...
001 (20246.000.000) 02/25 10:50:42 Job executing on host: <134.76.239.90:23525?addrs=134.76.239.90-23525>
...
004 (20246.000.000) 02/25 10:52:28 Job was evicted.
	(0) Job was not checkpointed.
		Usr 0 00:02:27, Sys 0 00:00:01  -  Run Remote Usage
		Usr 0 00:00:00, Sys 0 00:00:00  -  Run Local Usage
	0  -  Run Bytes Sent By Job
	0  -  Run Bytes Received By Job
	Partitionable Resources :    Usage  Request Allocated
	   Cpus                 :                 2         2
	   Disk (KB)            :        1        1   5108675
	   Memory (MB)          :     1465     1465      1465
...
001 (20246.000.000) 02/25 10:54:26 Job executing on host: <134.76.239.88:25067?addrs=134.76.239.88-25067>
...
004 (20246.000.000) 02/25 11:04:25 Job was evicted.
	(0) Job was not checkpointed.
		Usr 0 00:16:57, Sys 0 00:00:04  -  Run Remote Usage
		Usr 0 00:00:00, Sys 0 00:00:00  -  Run Local Usage
	0  -  Run Bytes Sent By Job
	0  -  Run Bytes Received By Job
	Partitionable Resources :    Usage  Request Allocated
	   Cpus                 :                 2         2
	   Disk (KB)            :        1        1   5108598
	   Memory (MB)          :     1465     1465      1465
...
001 (20246.000.000) 02/25 11:06:24 Job executing on host: <134.76.239.84:12289?addrs=134.76.239.84-12289>
...
004 (20246.000.000) 02/25 11:08:07 Job was evicted.
	(0) Job was not checkpointed.
		Usr 0 00:03:00, Sys 0 00:00:02  -  Run Remote Usage
		Usr 0 00:00:00, Sys 0 00:00:00  -  Run Local Usage
	0  -  Run Bytes Sent By Job
	0  -  Run Bytes Received By Job
	Partitionable Resources :    Usage  Request Allocated
	   Cpus                 :                 2         2
	   Disk (KB)            :        1        1   5108517
	   Memory (MB)          :     1465     1465      1465
...
001 (20246.000.000) 02/25 11:11:06 Job executing on host: <134.76.239.83:20501?addrs=134.76.239.83-20501>
...
