000 (20896.000.000) 02/24 21:35:22 Job submitted from host: <134.76.239.76:13753?addrs=134.76.239.76-13753>
...
001 (20896.000.000) 02/25 06:36:47 Job executing on host: <134.76.239.78:21556?addrs=134.76.239.78-21556>
...
006 (20896.000.000) 02/25 06:36:56 Image size of job updated: 1
	3  -  MemoryUsage of job (MB)
	2072  -  ResidentSetSize of job (KB)
...
006 (20896.000.000) 02/25 06:41:57 Image size of job updated: 1143076
	921  -  MemoryUsage of job (MB)
	942828  -  ResidentSetSize of job (KB)
...
006 (20896.000.000) 02/25 06:46:58 Image size of job updated: 1144672
	921  -  MemoryUsage of job (MB)
	942828  -  ResidentSetSize of job (KB)
...
006 (20896.000.000) 02/25 07:02:00 Image size of job updated: 1269180
	1074  -  MemoryUsage of job (MB)
	1099432  -  ResidentSetSize of job (KB)
...
006 (20896.000.000) 02/25 07:07:00 Image size of job updated: 1338564
	1139  -  MemoryUsage of job (MB)
	1165880  -  ResidentSetSize of job (KB)
...
006 (20896.000.000) 02/25 07:12:00 Image size of job updated: 1338564
	1139  -  MemoryUsage of job (MB)
	1165896  -  ResidentSetSize of job (KB)
...
006 (20896.000.000) 02/25 07:17:01 Image size of job updated: 1412172
	1211  -  MemoryUsage of job (MB)
	1239776  -  ResidentSetSize of job (KB)
...
006 (20896.000.000) 02/25 07:22:02 Image size of job updated: 1412172
	1211  -  MemoryUsage of job (MB)
	1239784  -  ResidentSetSize of job (KB)
...
006 (20896.000.000) 02/25 07:27:02 Image size of job updated: 1533120
	1355  -  MemoryUsage of job (MB)
	1387048  -  ResidentSetSize of job (KB)
...
006 (20896.000.000) 02/25 07:32:03 Image size of job updated: 1533120
	1355  -  MemoryUsage of job (MB)
	1387368  -  ResidentSetSize of job (KB)
...
006 (20896.000.000) 02/25 07:47:04 Image size of job updated: 1557656
	1380  -  MemoryUsage of job (MB)
	1412232  -  ResidentSetSize of job (KB)
...
006 (20896.000.000) 02/25 07:52:05 Image size of job updated: 1559752
	1382  -  MemoryUsage of job (MB)
	1414336  -  ResidentSetSize of job (KB)
...
006 (20896.000.000) 02/25 08:32:09 Image size of job updated: 1572596
	1382  -  MemoryUsage of job (MB)
	1414336  -  ResidentSetSize of job (KB)
...
006 (20896.000.000) 02/25 08:47:11 Image size of job updated: 1597132
	1382  -  MemoryUsage of job (MB)
	1414336  -  ResidentSetSize of job (KB)
...
006 (20896.000.000) 02/25 08:52:11 Image size of job updated: 1599228
	1382  -  MemoryUsage of job (MB)
	1414336  -  ResidentSetSize of job (KB)
...
006 (20896.000.000) 02/25 09:52:59 Image size of job updated: 8944688
	1382  -  MemoryUsage of job (MB)
	1414336  -  ResidentSetSize of job (KB)
...
005 (20896.000.000) 02/25 09:52:59 Job terminated.
	(1) Normal termination (return value 127)
		Usr 0 05:20:59, Sys 0 00:01:18  -  Run Remote Usage
		Usr 0 00:00:00, Sys 0 00:00:00  -  Run Local Usage
		Usr 0 05:20:59, Sys 0 00:01:18  -  Total Remote Usage
		Usr 0 00:00:00, Sys 0 00:00:00  -  Total Local Usage
	0  -  Run Bytes Sent By Job
	0  -  Run Bytes Received By Job
	0  -  Total Bytes Sent By Job
	0  -  Total Bytes Received By Job
	Partitionable Resources :    Usage  Request Allocated
	   Cpus                 :                 2         2
	   Disk (KB)            :        1        1   5108720
	   Memory (MB)          :     1382        1         1
...
