000 (28475.000.000) 02/26 16:56:17 Job submitted from host: <134.76.239.76:15915?addrs=134.76.239.76-15915>
...
001 (28475.000.000) 02/26 16:56:29 Job executing on host: <134.76.239.87:21186?addrs=134.76.239.87-21186>
...
006 (28475.000.000) 02/26 16:56:41 Image size of job updated: 65708
	4  -  MemoryUsage of job (MB)
	4044  -  ResidentSetSize of job (KB)
...
006 (28475.000.000) 02/26 17:01:41 Image size of job updated: 1071820
	932  -  MemoryUsage of job (MB)
	953780  -  ResidentSetSize of job (KB)
...
006 (28475.000.000) 02/26 17:06:42 Image size of job updated: 1072428
	932  -  MemoryUsage of job (MB)
	954304  -  ResidentSetSize of job (KB)
...
006 (28475.000.000) 02/26 17:11:42 Image size of job updated: 1079892
	940  -  MemoryUsage of job (MB)
	962176  -  ResidentSetSize of job (KB)
...
006 (28475.000.000) 02/26 17:16:42 Image size of job updated: 1081404
	940  -  MemoryUsage of job (MB)
	962176  -  ResidentSetSize of job (KB)
...
