000 (20001.000.000) 02/24 21:34:34 Job submitted from host: <134.76.239.76:13753?addrs=134.76.239.76-13753>
...
001 (20001.000.000) 02/24 21:34:43 Job executing on host: <134.76.239.90:23525?addrs=134.76.239.90-23525>
...
006 (20001.000.000) 02/24 21:34:55 Image size of job updated: 65708
	4  -  MemoryUsage of job (MB)
	3252  -  ResidentSetSize of job (KB)
...
006 (20001.000.000) 02/24 21:39:56 Image size of job updated: 209736
	70  -  MemoryUsage of job (MB)
	70788  -  ResidentSetSize of job (KB)
...
006 (20001.000.000) 02/24 21:44:57 Image size of job updated: 1144868
	923  -  MemoryUsage of job (MB)
	944440  -  ResidentSetSize of job (KB)
...
006 (20001.000.000) 02/24 21:49:57 Image size of job updated: 1145780
	923  -  MemoryUsage of job (MB)
	944440  -  ResidentSetSize of job (KB)
...
006 (20001.000.000) 02/24 22:04:59 Image size of job updated: 1294560
	1060  -  MemoryUsage of job (MB)
	1084700  -  ResidentSetSize of job (KB)
...
006 (20001.000.000) 02/24 22:15:00 Image size of job updated: 1294560
	1060  -  MemoryUsage of job (MB)
	1085036  -  ResidentSetSize of job (KB)
...
006 (20001.000.000) 02/24 22:25:00 Image size of job updated: 1415508
	1204  -  MemoryUsage of job (MB)
	1232304  -  ResidentSetSize of job (KB)
...
006 (20001.000.000) 02/24 22:30:01 Image size of job updated: 1440044
	1228  -  MemoryUsage of job (MB)
	1257172  -  ResidentSetSize of job (KB)
...
006 (20001.000.000) 02/24 22:35:02 Image size of job updated: 1440044
	1228  -  MemoryUsage of job (MB)
	1257180  -  ResidentSetSize of job (KB)
...
006 (20001.000.000) 02/24 22:45:03 Image size of job updated: 1440044
	1229  -  MemoryUsage of job (MB)
	1257500  -  ResidentSetSize of job (KB)
...
006 (20001.000.000) 02/24 22:50:04 Image size of job updated: 1443540
	1230  -  MemoryUsage of job (MB)
	1258780  -  ResidentSetSize of job (KB)
...
006 (20001.000.000) 02/24 22:55:04 Image size of job updated: 1443552
	1230  -  MemoryUsage of job (MB)
	1258780  -  ResidentSetSize of job (KB)
...
006 (20001.000.000) 02/24 23:25:08 Image size of job updated: 1453812
	1239  -  MemoryUsage of job (MB)
	1268312  -  ResidentSetSize of job (KB)
...
006 (20001.000.000) 02/24 23:30:08 Image size of job updated: 1453812
	1239  -  MemoryUsage of job (MB)
	1268320  -  ResidentSetSize of job (KB)
...
006 (20001.000.000) 02/24 23:35:08 Image size of job updated: 1453812
	1239  -  MemoryUsage of job (MB)
	1268644  -  ResidentSetSize of job (KB)
...
006 (20001.000.000) 02/24 23:40:09 Image size of job updated: 1457124
	1242  -  MemoryUsage of job (MB)
	1271516  -  ResidentSetSize of job (KB)
...
006 (20001.000.000) 02/24 23:45:09 Image size of job updated: 1457132
	1242  -  MemoryUsage of job (MB)
	1271516  -  ResidentSetSize of job (KB)
...
005 (20001.000.000) 02/25 00:56:27 Job terminated.
	(1) Normal termination (return value 0)
		Usr 0 04:45:22, Sys 0 00:01:13  -  Run Remote Usage
		Usr 0 00:00:00, Sys 0 00:00:00  -  Run Local Usage
		Usr 0 04:45:22, Sys 0 00:01:13  -  Total Remote Usage
		Usr 0 00:00:00, Sys 0 00:00:00  -  Total Local Usage
	0  -  Run Bytes Sent By Job
	0  -  Run Bytes Received By Job
	0  -  Total Bytes Sent By Job
	0  -  Total Bytes Received By Job
	Partitionable Resources :    Usage  Request Allocated
	   Cpus                 :                 2         2
	   Disk (KB)            :        1        1   5108897
	   Memory (MB)          :     1242        1         1
...
