000 (20225.000.000) 02/24 21:34:46 Job submitted from host: <134.76.239.76:13753?addrs=134.76.239.76-13753>
...
001 (20225.000.000) 02/24 22:12:35 Job executing on host: <134.76.239.83:20501?addrs=134.76.239.83-20501>
...
006 (20225.000.000) 02/24 22:12:44 Image size of job updated: 65708
	5  -  MemoryUsage of job (MB)
	4300  -  ResidentSetSize of job (KB)
...
006 (20225.000.000) 02/24 22:17:45 Image size of job updated: 1139924
	918  -  MemoryUsage of job (MB)
	939836  -  ResidentSetSize of job (KB)
...
006 (20225.000.000) 02/24 22:22:45 Image size of job updated: 1145484
	918  -  MemoryUsage of job (MB)
	939836  -  ResidentSetSize of job (KB)
...
006 (20225.000.000) 02/24 22:32:46 Image size of job updated: 1243124
	1075  -  MemoryUsage of job (MB)
	1100048  -  ResidentSetSize of job (KB)
...
006 (20225.000.000) 02/24 22:42:47 Image size of job updated: 1243124
	1075  -  MemoryUsage of job (MB)
	1100384  -  ResidentSetSize of job (KB)
...
006 (20225.000.000) 02/24 22:52:49 Image size of job updated: 1454144
	1243  -  MemoryUsage of job (MB)
	1272516  -  ResidentSetSize of job (KB)
...
006 (20225.000.000) 02/24 22:57:49 Image size of job updated: 1454144
	1243  -  MemoryUsage of job (MB)
	1272524  -  ResidentSetSize of job (KB)
...
006 (20225.000.000) 02/24 23:02:49 Image size of job updated: 1454656
	1244  -  MemoryUsage of job (MB)
	1272848  -  ResidentSetSize of job (KB)
...
006 (20225.000.000) 02/24 23:07:50 Image size of job updated: 1454656
	1244  -  MemoryUsage of job (MB)
	1272852  -  ResidentSetSize of job (KB)
...
006 (20225.000.000) 02/24 23:12:50 Image size of job updated: 1454656
	1244  -  MemoryUsage of job (MB)
	1272856  -  ResidentSetSize of job (KB)
...
006 (20225.000.000) 02/24 23:17:50 Image size of job updated: 1457808
	1244  -  MemoryUsage of job (MB)
	1272856  -  ResidentSetSize of job (KB)
...
006 (20225.000.000) 02/24 23:47:54 Image size of job updated: 1466356
	1244  -  MemoryUsage of job (MB)
	1272856  -  ResidentSetSize of job (KB)
...
006 (20225.000.000) 02/25 00:02:55 Image size of job updated: 1466680
	1244  -  MemoryUsage of job (MB)
	1272856  -  ResidentSetSize of job (KB)
...
006 (20225.000.000) 02/25 00:12:56 Image size of job updated: 1469832
	1244  -  MemoryUsage of job (MB)
	1273092  -  ResidentSetSize of job (KB)
...
005 (20225.000.000) 02/25 01:27:42 Job terminated.
	(1) Normal termination (return value 0)
		Usr 0 05:20:07, Sys 0 00:01:09  -  Run Remote Usage
		Usr 0 00:00:00, Sys 0 00:00:00  -  Run Local Usage
		Usr 0 05:20:07, Sys 0 00:01:09  -  Total Remote Usage
		Usr 0 00:00:00, Sys 0 00:00:00  -  Total Local Usage
	0  -  Run Bytes Sent By Job
	0  -  Run Bytes Received By Job
	0  -  Total Bytes Sent By Job
	0  -  Total Bytes Received By Job
	Partitionable Resources :    Usage  Request Allocated
	   Cpus                 :                 2         2
	   Disk (KB)            :        1        1   5108773
	   Memory (MB)          :     1244        1         1
...
