DATE: 2016-02-26
TIME: 16:59:31
                                         version_number        8118
 read inlist_1.0
 create pre-main-sequence model
                                                species           8
 abundances
                                                     h1    7.2298900000000010D-01
                                                    he3    2.9253189887049961D-05
                                                    he4    2.7485474681011302D-01
                                                    c12    3.6601528845985851D-04
                                                    n14    1.0721766145607226D-04
                                                    o16    9.9548349688203088D-04
                                                   ne20    2.2327756565034375D-04
                                                   mg24    4.3500598755168504D-04


                                        relax_num_steps


                               finished relax_num_steps

 new_lnPgas_flag T
                                        relax_initial_Z    2.1270000000000000D-03
                                                  new z    2.1270000000008730D-03
                                        relax_initial_Y    2.7488400000000002D-01
                                                  new y    2.7488399999999963D-01
 net name basic.net
 do_element_diffusion T
 lnPgas_flag T
 kappa_file_prefix gs98
 kappa_lowT_prefix lowT_fa05_gs98
   eos_file_prefix mesa
                                        OMP_NUM_THREADS           1



stop because Lnuc_div_L >= Lnuc_div_L_zams_limit
    0.1005312306E+01    0.9990000000E+00

        817   7.147456   6273.526  -0.014106  -0.014106   0.888388   0.888388   0.722730   0.000143   0.274883   0.722911  -1.541536    784      0
   5.555127   1.991090  -0.079711 -46.461683  -1.634902 -99.000000   0.000000   0.275138   0.000995   0.002127   0.274961   0.081783      4      0
 2.2371E+07  17.277307  -0.016407 -99.000000   4.739942  -6.870641   0.000000   0.000335   0.000223  2.132E-03  2.128E-03 -0.346E-10    varcontrol

save photos/x817 for model 817
save final_profile.data write fgong_plot.data
                               s% atm_structure_num_pts          54
save final_profile.data.FGONG    817
 final_profile.data.FGONG for model 817
 saved to zams.mod
termination code: Lnuc_div_L_zams_limit

       runtime, prev time, retries, backups, steps         8.1        28.2         0         0       817
        817   7.147456   6273.526  -0.014106  -0.014106   0.888388   0.888388   0.722730   0.000143   0.274883   0.722911  -1.541536    784      0
   5.555127   1.991090  -0.079711 -46.461683  -1.634902 -99.000000   0.000000   0.275138   0.000995   0.002127   0.274961   0.081783      4      0
 2.2371E+07  17.277307  -0.016407 -99.000000   4.739942  -6.870641   0.000000   0.000335   0.000223  2.132E-03  2.128E-03 -0.346E-10    varcontrol

DATE: 2016-02-26
TIME: 17:09:40
DATE: 2016-02-26
TIME: 17:09:40
                                         version_number        8118
 read inlist_1.0
load saved model zams.mod

 new_lnPgas_flag T
 net name basic.net
 do_element_diffusion T
 lnPgas_flag T
                       which_atm_option: Eddington_grey
 kappa_file_prefix gs98
 kappa_lowT_prefix lowT_fa05_gs98
   eos_file_prefix mesa
                                        OMP_NUM_THREADS           1


__________________________________________________________________________________________________________________________________________________

       step    lg_Tcntr    Teff       lg_LH     lg_Lnuc     Mass       H_rich     H_cntr     N_cntr     Y_surf     X_avg     eta_cntr  zones retry
   lg_dt_yr    lg_Dcntr    lg_R       lg_L3a    lg_Lneu     lg_Mdot    He_core    He_cntr    O_cntr     Z_surf     Y_avg     gam_cntr  iters bckup
     age_yr    lg_Pcntr    lg_L       lg_LZ     lg_Psurf    lg_Dsurf   C_core     C_cntr     Ne_cntr    Z_cntr     Z_avg     v_div_cs     dt_limit
__________________________________________________________________________________________________________________________________________________

