DATE: 2016-02-26
TIME: 16:59:45
                                         version_number        8118
 read inlist_1.0
 create pre-main-sequence model
                                                species           8
 abundances
                                                     h1    6.4384900000000012D-01
                                                    he3    3.5638397440865381D-05
                                                    he4    3.3484836160255921D-01
                                                    c12    3.6596366430069675D-03
                                                    n14    1.0720253907786984D-03
                                                    o16    9.9534309018289493D-03
                                                   ne20    2.2324607375109858D-03
                                                   mg24    4.3494463268743270D-03


                                        relax_num_steps


                               finished relax_num_steps

 new_lnPgas_flag T
                                        relax_initial_Z    2.1267000000000001D-02
                                                  new z    2.1267000000000893D-02
                                        relax_initial_Y    3.3488400000000001D-01
                                                  new y    3.3488399999999940D-01
 net name basic.net
 do_element_diffusion T
 lnPgas_flag T
 kappa_file_prefix gs98
 kappa_lowT_prefix lowT_fa05_gs98
   eos_file_prefix mesa
                                        OMP_NUM_THREADS           1



stop because Lnuc_div_L >= Lnuc_div_L_zams_limit
    0.1001139633E+01    0.9990000000E+00

        885   7.213070   6396.104   0.559947   0.559947   1.338388   1.338388   0.643644   0.001920   0.334884   0.643794  -2.339344    800      0
   4.768517   1.782025   0.191411 -43.282994  -0.745408 -99.000000   0.000000   0.334968   0.009953   0.021267   0.334909   0.062593      2      0
 1.5123E+07  17.104116   0.559452 -14.875409   4.389334  -7.195737   0.000000   0.002933   0.002232  2.139E-02  2.130E-02 -0.509E-09    varcontrol

save photos/x885 for model 885
save final_profile.data write fgong_plot.data
                               s% atm_structure_num_pts          53
save final_profile.data.FGONG    885
 final_profile.data.FGONG for model 885
 saved to zams.mod
termination code: Lnuc_div_L_zams_limit

       runtime, prev time, retries, backups, steps         8.1        28.2         0         0       885
        885   7.213070   6396.104   0.559947   0.559947   1.338388   1.338388   0.643644   0.001920   0.334884   0.643794  -2.339344    800      0
   4.768517   1.782025   0.191411 -43.282994  -0.745408 -99.000000   0.000000   0.334968   0.009953   0.021267   0.334909   0.062593      2      0
 1.5123E+07  17.104116   0.559452 -14.875409   4.389334  -7.195737   0.000000   0.002933   0.002232  2.139E-02  2.130E-02 -0.509E-09    varcontrol

DATE: 2016-02-26
TIME: 17:09:33
DATE: 2016-02-26
TIME: 17:09:33
                                         version_number        8118
 read inlist_1.0
load saved model zams.mod

 new_lnPgas_flag T
 net name basic.net
 do_element_diffusion T
 lnPgas_flag T
                       which_atm_option: Eddington_grey
 kappa_file_prefix gs98
 kappa_lowT_prefix lowT_fa05_gs98
   eos_file_prefix mesa
                                        OMP_NUM_THREADS           1


__________________________________________________________________________________________________________________________________________________

       step    lg_Tcntr    Teff       lg_LH     lg_Lnuc     Mass       H_rich     H_cntr     N_cntr     Y_surf     X_avg     eta_cntr  zones retry
   lg_dt_yr    lg_Dcntr    lg_R       lg_L3a    lg_Lneu     lg_Mdot    He_core    He_cntr    O_cntr     Z_surf     Y_avg     gam_cntr  iters bckup
     age_yr    lg_Pcntr    lg_L       lg_LZ     lg_Psurf    lg_Dsurf   C_core     C_cntr     Ne_cntr    Z_cntr     Z_avg     v_div_cs     dt_limit
__________________________________________________________________________________________________________________________________________________

