000 (20083.000.000) 02/24 21:34:38 Job submitted from host: <134.76.239.76:13753?addrs=134.76.239.76-13753>
...
001 (20083.000.000) 02/24 21:34:54 Job executing on host: <134.76.239.89:24193?addrs=134.76.239.89-24193>
...
006 (20083.000.000) 02/24 21:35:03 Image size of job updated: 45168
	5  -  MemoryUsage of job (MB)
	4288  -  ResidentSetSize of job (KB)
...
006 (20083.000.000) 02/24 21:40:04 Image size of job updated: 1138516
	915  -  MemoryUsage of job (MB)
	936256  -  ResidentSetSize of job (KB)
...
006 (20083.000.000) 02/24 21:45:04 Image size of job updated: 1144972
	915  -  MemoryUsage of job (MB)
	936256  -  ResidentSetSize of job (KB)
...
006 (20083.000.000) 02/24 21:50:04 Image size of job updated: 1242852
	1070  -  MemoryUsage of job (MB)
	1094768  -  ResidentSetSize of job (KB)
...
006 (20083.000.000) 02/24 21:55:05 Image size of job updated: 1316460
	1142  -  MemoryUsage of job (MB)
	1168388  -  ResidentSetSize of job (KB)
...
006 (20083.000.000) 02/24 22:00:05 Image size of job updated: 1322256
	1146  -  MemoryUsage of job (MB)
	1173272  -  ResidentSetSize of job (KB)
...
006 (20083.000.000) 02/24 22:05:05 Image size of job updated: 1387792
	1208  -  MemoryUsage of job (MB)
	1236008  -  ResidentSetSize of job (KB)
...
006 (20083.000.000) 02/24 22:10:06 Image size of job updated: 1508740
	1352  -  MemoryUsage of job (MB)
	1383548  -  ResidentSetSize of job (KB)
...
006 (20083.000.000) 02/24 22:15:07 Image size of job updated: 1508740
	1352  -  MemoryUsage of job (MB)
	1383556  -  ResidentSetSize of job (KB)
...
006 (20083.000.000) 02/24 22:20:07 Image size of job updated: 1508740
	1352  -  MemoryUsage of job (MB)
	1383564  -  ResidentSetSize of job (KB)
...
006 (20083.000.000) 02/24 22:25:08 Image size of job updated: 1533276
	1376  -  MemoryUsage of job (MB)
	1408420  -  ResidentSetSize of job (KB)
...
006 (20083.000.000) 02/24 22:55:11 Image size of job updated: 1560588
	1376  -  MemoryUsage of job (MB)
	1408420  -  ResidentSetSize of job (KB)
...
006 (20083.000.000) 02/24 23:05:13 Image size of job updated: 1585124
	1376  -  MemoryUsage of job (MB)
	1408420  -  ResidentSetSize of job (KB)
...
006 (20083.000.000) 02/25 00:27:48 Image size of job updated: 8473524
	1376  -  MemoryUsage of job (MB)
	1408420  -  ResidentSetSize of job (KB)
...
005 (20083.000.000) 02/25 00:27:48 Job terminated.
	(1) Normal termination (return value 0)
		Usr 0 04:01:35, Sys 0 00:01:40  -  Run Remote Usage
		Usr 0 00:00:00, Sys 0 00:00:00  -  Run Local Usage
		Usr 0 04:01:35, Sys 0 00:01:40  -  Total Remote Usage
		Usr 0 00:00:00, Sys 0 00:00:00  -  Total Local Usage
	0  -  Run Bytes Sent By Job
	0  -  Run Bytes Received By Job
	0  -  Total Bytes Sent By Job
	0  -  Total Bytes Received By Job
	Partitionable Resources :    Usage  Request Allocated
	   Cpus                 :                 2         2
	   Disk (KB)            :        1        1   5108880
	   Memory (MB)          :     1376        1         1
...
