DATE: 2016-02-26
TIME: 16:59:43
                                         version_number        8118
 read inlist_1.0
 create pre-main-sequence model
                                                species           8
 abundances
                                                     h1    7.1904600000000007D-01
                                                    he3    2.9826900785760272D-05
                                                    he4    2.8024517309921421D-01
                                                    c12    1.1684268023704702D-04
                                                    n14    3.4226982665096335D-05
                                                    o16    3.1778716238024292D-04
                                                   ne20    7.1276665292221907D-05
                                                   mg24    1.3886650942526594D-04


                                        relax_num_steps


                               finished relax_num_steps

 new_lnPgas_flag T
                                        relax_initial_Z    6.7900000000000002D-04
                                                  new z    6.7899999999975456D-04
                                        relax_initial_Y    2.8027500000000000D-01
                                                  new y    2.8027500000000011D-01
 net name basic.net
 do_element_diffusion T
 lnPgas_flag T
 kappa_file_prefix gs98
 kappa_lowT_prefix lowT_fa05_gs98
   eos_file_prefix mesa
                                        OMP_NUM_THREADS           1



stop because Lnuc_div_L >= Lnuc_div_L_zams_limit
    0.9999176286E+00    0.9990000000E+00

        928   7.260359   8751.305   0.674691   0.674691   1.227646   1.227646   0.718337   0.000170   0.278201   0.718871  -1.865024    896      0
   5.721348   2.030091  -0.023266 -40.739543  -0.906521 -99.000000   0.000000   0.280965   0.000318   0.000668   0.280446   0.065059      2      0
 1.0936E+07  17.427223   0.674727 -14.750470   3.504083  -8.276404   0.000000   0.000001   0.000071  6.983E-04  6.828E-04 -0.103E-11  max increase

save photos/x928 for model 928
save final_profile.data write fgong_plot.data
                               s% atm_structure_num_pts          44
save final_profile.data.FGONG    928
 final_profile.data.FGONG for model 928
 saved to zams.mod
termination code: Lnuc_div_L_zams_limit

       runtime, prev time, retries, backups, steps         9.0        28.2         0         0       928
        928   7.260359   8751.305   0.674691   0.674691   1.227646   1.227646   0.718337   0.000170   0.278201   0.718871  -1.865024    896      0
   5.721348   2.030091  -0.023266 -40.739543  -0.906521 -99.000000   0.000000   0.280965   0.000318   0.000668   0.280446   0.065059      2      0
 1.0936E+07  17.427223   0.674727 -14.750470   3.504083  -8.276404   0.000000   0.000001   0.000071  6.983E-04  6.828E-04 -0.103E-11  max increase

DATE: 2016-02-26
TIME: 17:10:27
DATE: 2016-02-26
TIME: 17:10:27
                                         version_number        8118
 read inlist_1.0
load saved model zams.mod

 new_lnPgas_flag T
 net name basic.net
 do_element_diffusion T
 lnPgas_flag T
                       which_atm_option: Eddington_grey
 kappa_file_prefix gs98
 kappa_lowT_prefix lowT_fa05_gs98
   eos_file_prefix mesa
                                        OMP_NUM_THREADS           1


__________________________________________________________________________________________________________________________________________________

       step    lg_Tcntr    Teff       lg_LH     lg_Lnuc     Mass       H_rich     H_cntr     N_cntr     Y_surf     X_avg     eta_cntr  zones retry
   lg_dt_yr    lg_Dcntr    lg_R       lg_L3a    lg_Lneu     lg_Mdot    He_core    He_cntr    O_cntr     Z_surf     Y_avg     gam_cntr  iters bckup
     age_yr    lg_Pcntr    lg_L       lg_LZ     lg_Psurf    lg_Dsurf   C_core     C_cntr     Ne_cntr    Z_cntr     Z_avg     v_div_cs     dt_limit
__________________________________________________________________________________________________________________________________________________

        929   7.260344   8754.040   0.675175   0.675175   1.227646   1.227646   0.718233   0.000170   0.277899   0.718846  -1.864814    896      0
   5.800529   2.030183  -0.023577 -40.739695  -0.906874 -99.000000   0.000000   0.281069   0.000318   0.000667   0.280471   0.065069      5      0
 1.1568E+07  17.427267   0.674648 -14.750470   4.036909  -7.745374   0.000000   0.000001   0.000071  6.983E-04  6.828E-04 -0.278E-11              

