000 (28310.000.000) 02/26 16:56:09 Job submitted from host: <134.76.239.76:15915?addrs=134.76.239.76-15915>
...
001 (28310.000.000) 02/26 16:56:14 Job executing on host: <134.76.239.80:25185?addrs=134.76.239.80-25185>
...
006 (28310.000.000) 02/26 16:56:23 Image size of job updated: 65708
	4  -  MemoryUsage of job (MB)
	4048  -  ResidentSetSize of job (KB)
...
006 (28310.000.000) 02/26 17:01:23 Image size of job updated: 1072136
	931  -  MemoryUsage of job (MB)
	952388  -  ResidentSetSize of job (KB)
...
006 (28310.000.000) 02/26 17:06:23 Image size of job updated: 1072832
	931  -  MemoryUsage of job (MB)
	952992  -  ResidentSetSize of job (KB)
...
006 (28310.000.000) 02/26 17:11:24 Image size of job updated: 1080944
	931  -  MemoryUsage of job (MB)
	952992  -  ResidentSetSize of job (KB)
...
006 (28310.000.000) 02/26 17:16:25 Image size of job updated: 1080944
	932  -  MemoryUsage of job (MB)
	953940  -  ResidentSetSize of job (KB)
...
