000 (20515.000.000) 02/24 21:35:02 Job submitted from host: <134.76.239.76:13753?addrs=134.76.239.76-13753>
...
001 (20515.000.000) 02/25 01:52:41 Job executing on host: <134.76.239.85:29523?addrs=134.76.239.85-29523>
...
006 (20515.000.000) 02/25 01:52:49 Image size of job updated: 827408
	627  -  MemoryUsage of job (MB)
	641932  -  ResidentSetSize of job (KB)
...
006 (20515.000.000) 02/25 01:57:49 Image size of job updated: 1143468
	932  -  MemoryUsage of job (MB)
	954316  -  ResidentSetSize of job (KB)
...
006 (20515.000.000) 02/25 02:02:50 Image size of job updated: 1145656
	932  -  MemoryUsage of job (MB)
	954316  -  ResidentSetSize of job (KB)
...
006 (20515.000.000) 02/25 02:07:51 Image size of job updated: 1301188
	1073  -  MemoryUsage of job (MB)
	1098540  -  ResidentSetSize of job (KB)
...
006 (20515.000.000) 02/25 02:12:51 Image size of job updated: 1448884
	1244  -  MemoryUsage of job (MB)
	1272960  -  ResidentSetSize of job (KB)
...
006 (20515.000.000) 02/25 02:17:51 Image size of job updated: 1448892
	1244  -  MemoryUsage of job (MB)
	1272960  -  ResidentSetSize of job (KB)
...
006 (20515.000.000) 02/25 02:32:53 Image size of job updated: 1462864
	1251  -  MemoryUsage of job (MB)
	1280528  -  ResidentSetSize of job (KB)
...
006 (20515.000.000) 02/25 02:37:54 Image size of job updated: 1462872
	1251  -  MemoryUsage of job (MB)
	1280528  -  ResidentSetSize of job (KB)
...
006 (20515.000.000) 02/25 03:33:00 Image size of job updated: 7217580
	1251  -  MemoryUsage of job (MB)
	1280528  -  ResidentSetSize of job (KB)
...
005 (20515.000.000) 02/25 03:33:19 Job terminated.
	(1) Normal termination (return value 0)
		Usr 0 02:35:37, Sys 0 00:00:28  -  Run Remote Usage
		Usr 0 00:00:00, Sys 0 00:00:00  -  Run Local Usage
		Usr 0 02:35:37, Sys 0 00:00:28  -  Total Remote Usage
		Usr 0 00:00:00, Sys 0 00:00:00  -  Total Local Usage
	0  -  Run Bytes Sent By Job
	0  -  Run Bytes Received By Job
	0  -  Total Bytes Sent By Job
	0  -  Total Bytes Received By Job
	Partitionable Resources :    Usage  Request Allocated
	   Cpus                 :                 2         2
	   Disk (KB)            :        1        1   5108760
	   Memory (MB)          :     1251        1         1
...
