000 (20161.000.000) 02/24 21:34:43 Job submitted from host: <134.76.239.76:13753?addrs=134.76.239.76-13753>
...
001 (20161.000.000) 02/24 22:10:35 Job executing on host: <134.76.239.85:29523?addrs=134.76.239.85-29523>
...
006 (20161.000.000) 02/24 22:10:44 Image size of job updated: 45168
	5  -  MemoryUsage of job (MB)
	4288  -  ResidentSetSize of job (KB)
...
006 (20161.000.000) 02/24 22:15:45 Image size of job updated: 1144464
	926  -  MemoryUsage of job (MB)
	947624  -  ResidentSetSize of job (KB)
...
006 (20161.000.000) 02/24 22:20:46 Image size of job updated: 1146448
	926  -  MemoryUsage of job (MB)
	947624  -  ResidentSetSize of job (KB)
...
006 (20161.000.000) 02/24 22:40:47 Image size of job updated: 1242424
	1060  -  MemoryUsage of job (MB)
	1084944  -  ResidentSetSize of job (KB)
...
006 (20161.000.000) 02/24 22:55:49 Image size of job updated: 1242860
	1060  -  MemoryUsage of job (MB)
	1085280  -  ResidentSetSize of job (KB)
...
006 (20161.000.000) 02/24 23:00:49 Image size of job updated: 1242860
	1060  -  MemoryUsage of job (MB)
	1085284  -  ResidentSetSize of job (KB)
...
006 (20161.000.000) 02/24 23:10:51 Image size of job updated: 1429344
	1204  -  MemoryUsage of job (MB)
	1232556  -  ResidentSetSize of job (KB)
...
006 (20161.000.000) 02/24 23:15:51 Image size of job updated: 1456992
	1229  -  MemoryUsage of job (MB)
	1257504  -  ResidentSetSize of job (KB)
...
006 (20161.000.000) 02/24 23:20:51 Image size of job updated: 1456992
	1229  -  MemoryUsage of job (MB)
	1257808  -  ResidentSetSize of job (KB)
...
006 (20161.000.000) 02/24 23:25:52 Image size of job updated: 1456992
	1230  -  MemoryUsage of job (MB)
	1259076  -  ResidentSetSize of job (KB)
...
006 (20161.000.000) 02/24 23:30:52 Image size of job updated: 1456992
	1230  -  MemoryUsage of job (MB)
	1259196  -  ResidentSetSize of job (KB)
...
006 (20161.000.000) 02/24 23:35:52 Image size of job updated: 1459052
	1230  -  MemoryUsage of job (MB)
	1259196  -  ResidentSetSize of job (KB)
...
006 (20161.000.000) 02/25 00:36:00 Image size of job updated: 1459052
	1240  -  MemoryUsage of job (MB)
	1269580  -  ResidentSetSize of job (KB)
...
006 (20161.000.000) 02/25 00:41:00 Image size of job updated: 1459052
	1241  -  MemoryUsage of job (MB)
	1270160  -  ResidentSetSize of job (KB)
...
006 (20161.000.000) 02/25 00:46:00 Image size of job updated: 1459052
	1242  -  MemoryUsage of job (MB)
	1271472  -  ResidentSetSize of job (KB)
...
006 (20161.000.000) 02/25 00:51:01 Image size of job updated: 1459052
	1242  -  MemoryUsage of job (MB)
	1271504  -  ResidentSetSize of job (KB)
...
005 (20161.000.000) 02/25 02:05:29 Job terminated.
	(1) Normal termination (return value 0)
		Usr 0 06:26:57, Sys 0 00:01:39  -  Run Remote Usage
		Usr 0 00:00:00, Sys 0 00:00:00  -  Run Local Usage
		Usr 0 06:26:57, Sys 0 00:01:39  -  Total Remote Usage
		Usr 0 00:00:00, Sys 0 00:00:00  -  Total Local Usage
	0  -  Run Bytes Sent By Job
	0  -  Run Bytes Received By Job
	0  -  Total Bytes Sent By Job
	0  -  Total Bytes Received By Job
	Partitionable Resources :    Usage  Request Allocated
	   Cpus                 :                 2         2
	   Disk (KB)            :        1        1   5108778
	   Memory (MB)          :     1242        1         1
...
