000 (20591.000.000) 02/24 21:35:06 Job submitted from host: <134.76.239.76:13753?addrs=134.76.239.76-13753>
...
001 (20591.000.000) 02/25 02:47:44 Job executing on host: <134.76.239.87:13734?addrs=134.76.239.87-13734>
...
006 (20591.000.000) 02/25 02:47:52 Image size of job updated: 827412
	628  -  MemoryUsage of job (MB)
	642296  -  ResidentSetSize of job (KB)
...
006 (20591.000.000) 02/25 02:52:52 Image size of job updated: 1138164
	931  -  MemoryUsage of job (MB)
	953148  -  ResidentSetSize of job (KB)
...
006 (20591.000.000) 02/25 02:57:53 Image size of job updated: 1303384
	1076  -  MemoryUsage of job (MB)
	1100892  -  ResidentSetSize of job (KB)
...
006 (20591.000.000) 02/25 03:02:54 Image size of job updated: 1448868
	1246  -  MemoryUsage of job (MB)
	1275860  -  ResidentSetSize of job (KB)
...
006 (20591.000.000) 02/25 03:07:54 Image size of job updated: 1448880
	1246  -  MemoryUsage of job (MB)
	1275860  -  ResidentSetSize of job (KB)
...
006 (20591.000.000) 02/25 03:17:56 Image size of job updated: 1490308
	1247  -  MemoryUsage of job (MB)
	1276344  -  ResidentSetSize of job (KB)
...
006 (20591.000.000) 02/25 03:22:56 Image size of job updated: 1490316
	1247  -  MemoryUsage of job (MB)
	1276344  -  ResidentSetSize of job (KB)
...
005 (20591.000.000) 02/25 04:05:26 Job terminated.
	(1) Normal termination (return value 0)
		Usr 0 01:53:03, Sys 0 00:00:32  -  Run Remote Usage
		Usr 0 00:00:00, Sys 0 00:00:00  -  Run Local Usage
		Usr 0 01:53:03, Sys 0 00:00:32  -  Total Remote Usage
		Usr 0 00:00:00, Sys 0 00:00:00  -  Total Local Usage
	0  -  Run Bytes Sent By Job
	0  -  Run Bytes Received By Job
	0  -  Total Bytes Sent By Job
	0  -  Total Bytes Received By Job
	Partitionable Resources :    Usage  Request Allocated
	   Cpus                 :                 2         2
	   Disk (KB)            :        1        1   5108748
	   Memory (MB)          :     1247        1         1
...
