000 (28202.000.000) 02/26 16:56:03 Job submitted from host: <134.76.239.76:15915?addrs=134.76.239.76-15915>
...
001 (28202.000.000) 02/26 16:56:08 Job executing on host: <134.76.239.88:23213?addrs=134.76.239.88-23213>
...
006 (28202.000.000) 02/26 16:56:19 Image size of job updated: 65708
	5  -  MemoryUsage of job (MB)
	4304  -  ResidentSetSize of job (KB)
...
006 (28202.000.000) 02/26 17:01:19 Image size of job updated: 1070796
	932  -  MemoryUsage of job (MB)
	953560  -  ResidentSetSize of job (KB)
...
006 (28202.000.000) 02/26 17:06:20 Image size of job updated: 1071396
	932  -  MemoryUsage of job (MB)
	954104  -  ResidentSetSize of job (KB)
...
006 (28202.000.000) 02/26 17:11:21 Image size of job updated: 1079500
	932  -  MemoryUsage of job (MB)
	954104  -  ResidentSetSize of job (KB)
...
006 (28202.000.000) 02/26 17:16:21 Image size of job updated: 1310564
	1163  -  MemoryUsage of job (MB)
	1190828  -  ResidentSetSize of job (KB)
...
