000 (20127.000.000) 02/24 21:34:41 Job submitted from host: <134.76.239.76:13753?addrs=134.76.239.76-13753>
...
001 (20127.000.000) 02/24 21:35:06 Job executing on host: <134.76.239.88:25067?addrs=134.76.239.88-25067>
...
006 (20127.000.000) 02/24 21:35:19 Image size of job updated: 65708
	4  -  MemoryUsage of job (MB)
	3828  -  ResidentSetSize of job (KB)
...
006 (20127.000.000) 02/24 21:40:20 Image size of job updated: 1137308
	925  -  MemoryUsage of job (MB)
	947108  -  ResidentSetSize of job (KB)
...
006 (20127.000.000) 02/24 21:45:20 Image size of job updated: 1141592
	930  -  MemoryUsage of job (MB)
	951760  -  ResidentSetSize of job (KB)
...
006 (20127.000.000) 02/24 21:50:20 Image size of job updated: 1144764
	930  -  MemoryUsage of job (MB)
	951760  -  ResidentSetSize of job (KB)
...
006 (20127.000.000) 02/24 22:00:21 Image size of job updated: 1377152
	1138  -  MemoryUsage of job (MB)
	1165080  -  ResidentSetSize of job (KB)
...
006 (20127.000.000) 02/24 22:05:21 Image size of job updated: 1498108
	1138  -  MemoryUsage of job (MB)
	1165080  -  ResidentSetSize of job (KB)
...
006 (20127.000.000) 02/24 22:15:23 Image size of job updated: 1498108
	1143  -  MemoryUsage of job (MB)
	1169800  -  ResidentSetSize of job (KB)
...
006 (20127.000.000) 02/24 22:20:23 Image size of job updated: 1498108
	1143  -  MemoryUsage of job (MB)
	1170340  -  ResidentSetSize of job (KB)
...
006 (20127.000.000) 02/24 22:25:24 Image size of job updated: 1512868
	1288  -  MemoryUsage of job (MB)
	1317952  -  ResidentSetSize of job (KB)
...
006 (20127.000.000) 02/24 22:30:25 Image size of job updated: 1512876
	1288  -  MemoryUsage of job (MB)
	1317952  -  ResidentSetSize of job (KB)
...
005 (20127.000.000) 02/24 23:16:58 Job terminated.
	(1) Normal termination (return value 0)
		Usr 0 01:45:39, Sys 0 00:00:39  -  Run Remote Usage
		Usr 0 00:00:00, Sys 0 00:00:00  -  Run Local Usage
		Usr 0 01:45:39, Sys 0 00:00:39  -  Total Remote Usage
		Usr 0 00:00:00, Sys 0 00:00:00  -  Total Local Usage
	0  -  Run Bytes Sent By Job
	0  -  Run Bytes Received By Job
	0  -  Total Bytes Sent By Job
	0  -  Total Bytes Received By Job
	Partitionable Resources :    Usage  Request Allocated
	   Cpus                 :                 2         2
	   Disk (KB)            :        1        1   5108802
	   Memory (MB)          :     1288        1         1
...
