000 (20110.000.000) 02/24 21:34:40 Job submitted from host: <134.76.239.76:13753?addrs=134.76.239.76-13753>
...
001 (20110.000.000) 02/24 21:35:03 Job executing on host: <134.76.239.88:25067?addrs=134.76.239.88-25067>
...
006 (20110.000.000) 02/24 21:35:16 Image size of job updated: 65708
	4  -  MemoryUsage of job (MB)
	3832  -  ResidentSetSize of job (KB)
...
006 (20110.000.000) 02/24 21:40:16 Image size of job updated: 1140236
	929  -  MemoryUsage of job (MB)
	950588  -  ResidentSetSize of job (KB)
...
006 (20110.000.000) 02/24 21:45:17 Image size of job updated: 1146544
	929  -  MemoryUsage of job (MB)
	950588  -  ResidentSetSize of job (KB)
...
006 (20110.000.000) 02/24 22:20:21 Image size of job updated: 1294704
	1063  -  MemoryUsage of job (MB)
	1087740  -  ResidentSetSize of job (KB)
...
006 (20110.000.000) 02/24 22:30:22 Image size of job updated: 1295216
	1063  -  MemoryUsage of job (MB)
	1088072  -  ResidentSetSize of job (KB)
...
006 (20110.000.000) 02/24 22:40:23 Image size of job updated: 1419308
	1207  -  MemoryUsage of job (MB)
	1235408  -  ResidentSetSize of job (KB)
...
006 (20110.000.000) 02/24 22:45:23 Image size of job updated: 1443844
	1232  -  MemoryUsage of job (MB)
	1260688  -  ResidentSetSize of job (KB)
...
006 (20110.000.000) 02/24 22:50:25 Image size of job updated: 1443844
	1232  -  MemoryUsage of job (MB)
	1260700  -  ResidentSetSize of job (KB)
...
006 (20110.000.000) 02/24 22:55:25 Image size of job updated: 1443844
	1232  -  MemoryUsage of job (MB)
	1261028  -  ResidentSetSize of job (KB)
...
006 (20110.000.000) 02/24 23:00:25 Image size of job updated: 1445900
	1232  -  MemoryUsage of job (MB)
	1261028  -  ResidentSetSize of job (KB)
...
006 (20110.000.000) 02/24 23:45:30 Image size of job updated: 1458392
	1232  -  MemoryUsage of job (MB)
	1261028  -  ResidentSetSize of job (KB)
...
006 (20110.000.000) 02/24 23:50:30 Image size of job updated: 1482928
	1244  -  MemoryUsage of job (MB)
	1273816  -  ResidentSetSize of job (KB)
...
006 (20110.000.000) 02/24 23:55:31 Image size of job updated: 1482928
	1245  -  MemoryUsage of job (MB)
	1274228  -  ResidentSetSize of job (KB)
...
006 (20110.000.000) 02/25 00:00:32 Image size of job updated: 1482928
	1245  -  MemoryUsage of job (MB)
	1274744  -  ResidentSetSize of job (KB)
...
006 (20110.000.000) 02/25 00:05:32 Image size of job updated: 1484972
	1248  -  MemoryUsage of job (MB)
	1277140  -  ResidentSetSize of job (KB)
...
006 (20110.000.000) 02/25 00:10:32 Image size of job updated: 1484984
	1248  -  MemoryUsage of job (MB)
	1277140  -  ResidentSetSize of job (KB)
...
005 (20110.000.000) 02/25 01:11:12 Job terminated.
	(1) Normal termination (return value 0)
		Usr 0 05:25:42, Sys 0 00:01:38  -  Run Remote Usage
		Usr 0 00:00:00, Sys 0 00:00:00  -  Run Local Usage
		Usr 0 05:25:42, Sys 0 00:01:38  -  Total Remote Usage
		Usr 0 00:00:00, Sys 0 00:00:00  -  Total Local Usage
	0  -  Run Bytes Sent By Job
	0  -  Run Bytes Received By Job
	0  -  Total Bytes Sent By Job
	0  -  Total Bytes Received By Job
	Partitionable Resources :    Usage  Request Allocated
	   Cpus                 :                 2         2
	   Disk (KB)            :        1        1   5108796
	   Memory (MB)          :     1248        1         1
...
