000 (28058.000.000) 02/26 16:55:55 Job submitted from host: <134.76.239.76:15915?addrs=134.76.239.76-15915>
...
001 (28058.000.000) 02/26 16:56:01 Job executing on host: <134.76.239.90:16939?addrs=134.76.239.90-16939>
...
006 (28058.000.000) 02/26 16:56:11 Image size of job updated: 45172
	5  -  MemoryUsage of job (MB)
	4304  -  ResidentSetSize of job (KB)
...
006 (28058.000.000) 02/26 17:01:11 Image size of job updated: 1070880
	931  -  MemoryUsage of job (MB)
	953204  -  ResidentSetSize of job (KB)
...
006 (28058.000.000) 02/26 17:06:12 Image size of job updated: 1071480
	932  -  MemoryUsage of job (MB)
	953748  -  ResidentSetSize of job (KB)
...
006 (28058.000.000) 02/26 17:11:13 Image size of job updated: 1079512
	932  -  MemoryUsage of job (MB)
	953748  -  ResidentSetSize of job (KB)
...
006 (28058.000.000) 02/26 17:16:13 Image size of job updated: 1311220
	1163  -  MemoryUsage of job (MB)
	1190400  -  ResidentSetSize of job (KB)
...
