DATE: 2016-02-26
TIME: 16:59:20
                                         version_number        8118
 read inlist_1.0
 create pre-main-sequence model
                                                species           8
 abundances
                                                     h1    7.4539800000000001D-01
                                                    he3    2.6808826015323522D-05
                                                    he4    2.5188819117398470D-01
                                                    c12    4.6238038556257728D-04
                                                    n14    1.3544610076749179D-04
                                                    o16    1.2575760019379000D-03
                                                   ne20    2.8206244424186668D-04
                                                   mg24    5.4953506749004814D-04


                                        relax_num_steps


                               finished relax_num_steps

 new_lnPgas_flag T
                                        relax_initial_Z    2.6870000000000002D-03
                                                  new z    2.6869999999990955D-03
                                        relax_initial_Y    2.5191500000000000D-01
                                                  new y    2.5191500000000017D-01
 net name basic.net
 do_element_diffusion T
 lnPgas_flag T
 kappa_file_prefix gs98
 kappa_lowT_prefix lowT_fa05_gs98
   eos_file_prefix mesa
                                        OMP_NUM_THREADS           1



stop because Lnuc_div_L >= Lnuc_div_L_zams_limit
    0.9995781495E+00    0.9990000000E+00

        916   7.237746   7668.274   0.566185   0.566185   1.243466   1.243466   0.744041   0.000672   0.251521   0.745067  -1.850296    877      0
   6.184804   1.995246   0.037305 -42.016687  -1.044634 -99.000000   0.000000   0.253195   0.001257   0.002677   0.252230   0.066081      2      0
 2.0167E+07  17.377933   0.566368 -14.750470   3.981926  -7.715317   0.000000   0.000003   0.000282  2.763E-03  2.703E-03 -0.388E-12  max increase

save photos/x916 for model 916
save final_profile.data write fgong_plot.data
                               s% atm_structure_num_pts          80
save final_profile.data.FGONG    916
 final_profile.data.FGONG for model 916
 saved to zams.mod
termination code: Lnuc_div_L_zams_limit

       runtime, prev time, retries, backups, steps         8.2        28.2         0         0       916
        916   7.237746   7668.274   0.566185   0.566185   1.243466   1.243466   0.744041   0.000672   0.251521   0.745067  -1.850296    877      0
   6.184804   1.995246   0.037305 -42.016687  -1.044634 -99.000000   0.000000   0.253195   0.001257   0.002677   0.252230   0.066081      2      0
 2.0167E+07  17.377933   0.566368 -14.750470   3.981926  -7.715317   0.000000   0.000003   0.000282  2.763E-03  2.703E-03 -0.388E-12  max increase

DATE: 2016-02-26
TIME: 17:09:42
DATE: 2016-02-26
TIME: 17:09:43
                                         version_number        8118
 read inlist_1.0
load saved model zams.mod

 new_lnPgas_flag T
 net name basic.net
 do_element_diffusion T
 lnPgas_flag T
                       which_atm_option: Eddington_grey
 kappa_file_prefix gs98
 kappa_lowT_prefix lowT_fa05_gs98
   eos_file_prefix mesa
                                        OMP_NUM_THREADS           1


__________________________________________________________________________________________________________________________________________________

       step    lg_Tcntr    Teff       lg_LH     lg_Lnuc     Mass       H_rich     H_cntr     N_cntr     Y_surf     X_avg     eta_cntr  zones retry
   lg_dt_yr    lg_Dcntr    lg_R       lg_L3a    lg_Lneu     lg_Mdot    He_core    He_cntr    O_cntr     Z_surf     Y_avg     gam_cntr  iters bckup
     age_yr    lg_Pcntr    lg_L       lg_LZ     lg_Psurf    lg_Dsurf   C_core     C_cntr     Ne_cntr    Z_cntr     Z_avg     v_div_cs     dt_limit
__________________________________________________________________________________________________________________________________________________

        917   7.237763   7680.271   0.566672   0.566672   1.243466   1.243466   0.743910   0.000672   0.251484   0.745037  -1.850155    877      0
   6.000000   1.995362   0.035960 -42.015080  -1.044722 -99.000000   0.000000   0.253327   0.001257   0.002676   0.252260   0.066088      9      0
 2.1167E+07  17.378025   0.566395 -14.653560   4.436205  -7.274328   0.000000   0.000003   0.000282  2.764E-03  2.703E-03 -0.891E-11              

