000 (28318.000.000) 02/26 16:56:09 Job submitted from host: <134.76.239.76:15915?addrs=134.76.239.76-15915>
...
001 (28318.000.000) 02/26 16:56:15 Job executing on host: <134.76.239.87:21186?addrs=134.76.239.87-21186>
...
006 (28318.000.000) 02/26 16:56:24 Image size of job updated: 45180
	5  -  MemoryUsage of job (MB)
	4304  -  ResidentSetSize of job (KB)
...
006 (28318.000.000) 02/26 17:01:24 Image size of job updated: 1071668
	930  -  MemoryUsage of job (MB)
	952052  -  ResidentSetSize of job (KB)
...
006 (28318.000.000) 02/26 17:06:25 Image size of job updated: 1072288
	931  -  MemoryUsage of job (MB)
	952564  -  ResidentSetSize of job (KB)
...
006 (28318.000.000) 02/26 17:11:25 Image size of job updated: 1079452
	938  -  MemoryUsage of job (MB)
	959496  -  ResidentSetSize of job (KB)
...
006 (28318.000.000) 02/26 17:16:26 Image size of job updated: 1079736
	938  -  MemoryUsage of job (MB)
	959496  -  ResidentSetSize of job (KB)
...
