000 (20364.000.000) 02/24 21:34:54 Job submitted from host: <134.76.239.76:13753?addrs=134.76.239.76-13753>
...
001 (20364.000.000) 02/25 00:16:39 Job executing on host: <134.76.239.83:20501?addrs=134.76.239.83-20501>
...
006 (20364.000.000) 02/25 00:16:48 Image size of job updated: 209732
	77  -  MemoryUsage of job (MB)
	78460  -  ResidentSetSize of job (KB)
...
006 (20364.000.000) 02/25 00:21:49 Image size of job updated: 1143272
	931  -  MemoryUsage of job (MB)
	953180  -  ResidentSetSize of job (KB)
...
006 (20364.000.000) 02/25 00:26:49 Image size of job updated: 1144968
	931  -  MemoryUsage of job (MB)
	953180  -  ResidentSetSize of job (KB)
...
006 (20364.000.000) 02/25 00:31:50 Image size of job updated: 1144968
	976  -  MemoryUsage of job (MB)
	999016  -  ResidentSetSize of job (KB)
...
006 (20364.000.000) 02/25 00:36:51 Image size of job updated: 1308076
	1133  -  MemoryUsage of job (MB)
	1159452  -  ResidentSetSize of job (KB)
...
006 (20364.000.000) 02/25 00:41:51 Image size of job updated: 1385364
	1208  -  MemoryUsage of job (MB)
	1236360  -  ResidentSetSize of job (KB)
...
006 (20364.000.000) 02/25 00:46:51 Image size of job updated: 1385364
	1209  -  MemoryUsage of job (MB)
	1237056  -  ResidentSetSize of job (KB)
...
006 (20364.000.000) 02/25 00:56:52 Image size of job updated: 1573904
	1354  -  MemoryUsage of job (MB)
	1386388  -  ResidentSetSize of job (KB)
...
006 (20364.000.000) 02/25 01:01:52 Image size of job updated: 1573904
	1355  -  MemoryUsage of job (MB)
	1386724  -  ResidentSetSize of job (KB)
...
006 (20364.000.000) 02/25 01:06:53 Image size of job updated: 1573904
	1355  -  MemoryUsage of job (MB)
	1386732  -  ResidentSetSize of job (KB)
...
006 (20364.000.000) 02/25 01:11:54 Image size of job updated: 1622976
	1403  -  MemoryUsage of job (MB)
	1436144  -  ResidentSetSize of job (KB)
...
006 (20364.000.000) 02/25 01:16:54 Image size of job updated: 1622976
	1403  -  MemoryUsage of job (MB)
	1436160  -  ResidentSetSize of job (KB)
...
006 (20364.000.000) 02/25 02:17:00 Image size of job updated: 1623008
	1403  -  MemoryUsage of job (MB)
	1436160  -  ResidentSetSize of job (KB)
...
006 (20364.000.000) 02/25 03:58:13 Image size of job updated: 8845776
	1403  -  MemoryUsage of job (MB)
	1436160  -  ResidentSetSize of job (KB)
...
005 (20364.000.000) 02/25 03:58:13 Job terminated.
	(1) Normal termination (return value 0)
		Usr 0 06:10:27, Sys 0 00:01:21  -  Run Remote Usage
		Usr 0 00:00:00, Sys 0 00:00:00  -  Run Local Usage
		Usr 0 06:10:27, Sys 0 00:01:21  -  Total Remote Usage
		Usr 0 00:00:00, Sys 0 00:00:00  -  Total Local Usage
	0  -  Run Bytes Sent By Job
	0  -  Run Bytes Received By Job
	0  -  Total Bytes Sent By Job
	0  -  Total Bytes Received By Job
	Partitionable Resources :    Usage  Request Allocated
	   Cpus                 :                 2         2
	   Disk (KB)            :        1        1   5108744
	   Memory (MB)          :     1403        1         1
...
