DATE: 2016-02-26
TIME: 16:59:34
                                         version_number        8118
 read inlist_1.0
 create pre-main-sequence model
                                                species           8
 abundances
                                                     h1    7.4369399999999986D-01
                                                    he3    2.4638919648285239D-05
                                                    he4    2.3150036108035169D-01
                                                    c12    4.2643276273266447D-03
                                                    n14    1.2491588474578901D-03
                                                    o16    1.1598061371054845D-02
                                                   ne20    2.6013358506728631D-03
                                                   mg24    5.0681163034876969D-03


                                        relax_num_steps


                               finished relax_num_steps

 new_lnPgas_flag T
                                        relax_initial_Z    2.4781000000000001D-02
                                                  new z    2.4780999999999841D-02
                                        relax_initial_Y    2.3152500000000001D-01
                                                  new y    2.3152499999999995D-01
 net name basic.net
 do_element_diffusion T
 lnPgas_flag T
 kappa_file_prefix gs98
 kappa_lowT_prefix lowT_fa05_gs98
   eos_file_prefix mesa
                                        OMP_NUM_THREADS           1



stop because Lnuc_div_L >= Lnuc_div_L_zams_limit
    0.1001515150E+01    0.9990000000E+00

        809   7.124620   5278.931  -0.170476  -0.170476   1.087021   1.087021   0.743332   0.001496   0.231523   0.743605  -1.854924    807      0
   5.823683   1.825893  -0.007143 -48.157047  -1.720000 -99.000000   0.000000   0.231852   0.011598   0.024781   0.231608   0.075968      4      0
 4.5489E+07  17.093525  -0.171134 -99.000000   4.797771  -6.744755   0.000000   0.004053   0.002601  2.482E-02  2.479E-02 -0.268E-10    varcontrol

save photos/x809 for model 809
save final_profile.data write fgong_plot.data
                               s% atm_structure_num_pts          63
save final_profile.data.FGONG    809
 final_profile.data.FGONG for model 809
 saved to zams.mod
termination code: Lnuc_div_L_zams_limit

       runtime, prev time, retries, backups, steps         7.9        28.2         0         0       809
        809   7.124620   5278.931  -0.170476  -0.170476   1.087021   1.087021   0.743332   0.001496   0.231523   0.743605  -1.854924    807      0
   5.823683   1.825893  -0.007143 -48.157047  -1.720000 -99.000000   0.000000   0.231852   0.011598   0.024781   0.231608   0.075968      4      0
 4.5489E+07  17.093525  -0.171134 -99.000000   4.797771  -6.744755   0.000000   0.004053   0.002601  2.482E-02  2.479E-02 -0.268E-10    varcontrol

DATE: 2016-02-26
TIME: 17:09:26
DATE: 2016-02-26
TIME: 17:09:27
                                         version_number        8118
 read inlist_1.0
load saved model zams.mod

 new_lnPgas_flag T
 net name basic.net
 do_element_diffusion T
 lnPgas_flag T
                       which_atm_option: Eddington_grey
 kappa_file_prefix gs98
 kappa_lowT_prefix lowT_fa05_gs98
   eos_file_prefix mesa
                                        OMP_NUM_THREADS           1


__________________________________________________________________________________________________________________________________________________

       step    lg_Tcntr    Teff       lg_LH     lg_Lnuc     Mass       H_rich     H_cntr     N_cntr     Y_surf     X_avg     eta_cntr  zones retry
   lg_dt_yr    lg_Dcntr    lg_R       lg_L3a    lg_Lneu     lg_Mdot    He_core    He_cntr    O_cntr     Z_surf     Y_avg     gam_cntr  iters bckup
     age_yr    lg_Pcntr    lg_L       lg_LZ     lg_Psurf    lg_Dsurf   C_core     C_cntr     Ne_cntr    Z_cntr     Z_avg     v_div_cs     dt_limit
__________________________________________________________________________________________________________________________________________________

