000 (20302.000.000) 02/24 21:34:50 Job submitted from host: <134.76.239.76:13753?addrs=134.76.239.76-13753>
...
001 (20302.000.000) 02/24 23:37:38 Job executing on host: <134.76.239.91:19968?addrs=134.76.239.91-19968>
...
006 (20302.000.000) 02/24 23:37:47 Image size of job updated: 1
	3  -  MemoryUsage of job (MB)
	2068  -  ResidentSetSize of job (KB)
...
006 (20302.000.000) 02/24 23:42:48 Image size of job updated: 1144752
	933  -  MemoryUsage of job (MB)
	954688  -  ResidentSetSize of job (KB)
...
006 (20302.000.000) 02/24 23:47:48 Image size of job updated: 1145892
	933  -  MemoryUsage of job (MB)
	954688  -  ResidentSetSize of job (KB)
...
006 (20302.000.000) 02/25 00:32:53 Image size of job updated: 1243376
	1074  -  MemoryUsage of job (MB)
	1099672  -  ResidentSetSize of job (KB)
...
006 (20302.000.000) 02/25 00:57:55 Image size of job updated: 1243376
	1075  -  MemoryUsage of job (MB)
	1100004  -  ResidentSetSize of job (KB)
...
006 (20302.000.000) 02/25 01:17:57 Image size of job updated: 1429860
	1219  -  MemoryUsage of job (MB)
	1247276  -  ResidentSetSize of job (KB)
...
006 (20302.000.000) 02/25 01:22:58 Image size of job updated: 1454396
	1243  -  MemoryUsage of job (MB)
	1271812  -  ResidentSetSize of job (KB)
...
006 (20302.000.000) 02/25 01:27:59 Image size of job updated: 1454396
	1243  -  MemoryUsage of job (MB)
	1272140  -  ResidentSetSize of job (KB)
...
006 (20302.000.000) 02/25 01:32:59 Image size of job updated: 1522528
	1306  -  MemoryUsage of job (MB)
	1336904  -  ResidentSetSize of job (KB)
...
006 (20302.000.000) 02/25 01:38:00 Image size of job updated: 1522528
	1306  -  MemoryUsage of job (MB)
	1336924  -  ResidentSetSize of job (KB)
...
006 (20302.000.000) 02/25 01:48:01 Image size of job updated: 1522528
	1306  -  MemoryUsage of job (MB)
	1336932  -  ResidentSetSize of job (KB)
...
006 (20302.000.000) 02/25 01:53:01 Image size of job updated: 1522528
	1306  -  MemoryUsage of job (MB)
	1337016  -  ResidentSetSize of job (KB)
...
006 (20302.000.000) 02/25 02:03:02 Image size of job updated: 1547064
	1330  -  MemoryUsage of job (MB)
	1361660  -  ResidentSetSize of job (KB)
...
006 (20302.000.000) 02/25 02:08:02 Image size of job updated: 1547064
	1330  -  MemoryUsage of job (MB)
	1361820  -  ResidentSetSize of job (KB)
...
006 (20302.000.000) 02/25 06:24:40 Image size of job updated: 11730872
	1330  -  MemoryUsage of job (MB)
	1361820  -  ResidentSetSize of job (KB)
...
005 (20302.000.000) 02/25 06:24:40 Job terminated.
	(1) Normal termination (return value 0)
		Usr 0 11:30:13, Sys 0 00:01:33  -  Run Remote Usage
		Usr 0 00:00:00, Sys 0 00:00:00  -  Run Local Usage
		Usr 0 11:30:13, Sys 0 00:01:33  -  Total Remote Usage
		Usr 0 00:00:00, Sys 0 00:00:00  -  Total Local Usage
	0  -  Run Bytes Sent By Job
	0  -  Run Bytes Received By Job
	0  -  Total Bytes Sent By Job
	0  -  Total Bytes Received By Job
	Partitionable Resources :    Usage  Request Allocated
	   Cpus                 :                 2         2
	   Disk (KB)            :        1        1   5108721
	   Memory (MB)          :     1330        1         1
...
