DATE: 2016-02-26
TIME: 16:59:50
                                         version_number        8118
 read inlist_1.0
 create pre-main-sequence model
                                                species           8
 abundances
                                                     h1    6.8162900000000004D-01
                                                    he3    3.1549416943527879D-05
                                                    he4    2.9642945058305642D-01
                                                    c12    3.7702844241446036D-03
                                                    n14    1.1044376880595037D-03
                                                    o16    1.0254369260312876D-02
                                                   ne20    2.2999583748937826D-03
                                                   mg24    4.4809502525893288D-03


                                        relax_num_steps


                               finished relax_num_steps

 new_lnPgas_flag T
                                        relax_initial_Z    2.1909999999999999D-02
                                                  new z    2.1909999999999822D-02
                                        relax_initial_Y    2.9646099999999997D-01
                                                  new y    2.9646099999999997D-01
 net name basic.net
 do_element_diffusion T
 lnPgas_flag T
 kappa_file_prefix gs98
 kappa_lowT_prefix lowT_fa05_gs98
   eos_file_prefix mesa
                                        OMP_NUM_THREADS           1



stop because Lnuc_div_L >= Lnuc_div_L_zams_limit
    0.1002737593E+01    0.9990000000E+00

        824   7.157248   5828.434   0.000875   0.000875   1.076584   1.076584   0.681212   0.001848   0.296461   0.681540  -1.921892    814      0
   5.694694   1.862515  -0.007744 -46.106738  -1.464444 -99.000000   0.000000   0.296772   0.010254   0.021910   0.296534   0.074381      2      0
 3.1323E+07  17.142353  -0.000312 -15.653560   4.761725  -6.798392   0.000000   0.003133   0.002300  2.202E-02  2.193E-02 -0.330E-10    varcontrol

save photos/x824 for model 824
save final_profile.data write fgong_plot.data
                               s% atm_structure_num_pts          60
save final_profile.data.FGONG    824
 final_profile.data.FGONG for model 824
 saved to zams.mod
termination code: Lnuc_div_L_zams_limit

       runtime, prev time, retries, backups, steps         7.8        28.2         0         0       824
        824   7.157248   5828.434   0.000875   0.000875   1.076584   1.076584   0.681212   0.001848   0.296461   0.681540  -1.921892    814      0
   5.694694   1.862515  -0.007744 -46.106738  -1.464444 -99.000000   0.000000   0.296772   0.010254   0.021910   0.296534   0.074381      2      0
 3.1323E+07  17.142353  -0.000312 -15.653560   4.761725  -6.798392   0.000000   0.003133   0.002300  2.202E-02  2.193E-02 -0.330E-10  max increase

DATE: 2016-02-26
TIME: 17:09:20
DATE: 2016-02-26
TIME: 17:09:20
                                         version_number        8118
 read inlist_1.0
load saved model zams.mod

 new_lnPgas_flag T
 net name basic.net
 do_element_diffusion T
 lnPgas_flag T
                       which_atm_option: Eddington_grey
 kappa_file_prefix gs98
 kappa_lowT_prefix lowT_fa05_gs98
   eos_file_prefix mesa
                                        OMP_NUM_THREADS           1


__________________________________________________________________________________________________________________________________________________

       step    lg_Tcntr    Teff       lg_LH     lg_Lnuc     Mass       H_rich     H_cntr     N_cntr     Y_surf     X_avg     eta_cntr  zones retry
   lg_dt_yr    lg_Dcntr    lg_R       lg_L3a    lg_Lneu     lg_Mdot    He_core    He_cntr    O_cntr     Z_surf     Y_avg     gam_cntr  iters bckup
     age_yr    lg_Pcntr    lg_L       lg_LZ     lg_Psurf    lg_Dsurf   C_core     C_cntr     Ne_cntr    Z_cntr     Z_avg     v_div_cs     dt_limit
__________________________________________________________________________________________________________________________________________________

