000 (28047.000.000) 02/26 16:55:54 Job submitted from host: <134.76.239.76:15915?addrs=134.76.239.76-15915>
...
001 (28047.000.000) 02/26 16:56:01 Job executing on host: <134.76.239.90:16939?addrs=134.76.239.90-16939>
...
006 (28047.000.000) 02/26 16:56:09 Image size of job updated: 45176
	5  -  MemoryUsage of job (MB)
	4300  -  ResidentSetSize of job (KB)
...
006 (28047.000.000) 02/26 17:01:09 Image size of job updated: 1071236
	932  -  MemoryUsage of job (MB)
	953648  -  ResidentSetSize of job (KB)
...
006 (28047.000.000) 02/26 17:06:10 Image size of job updated: 1071820
	932  -  MemoryUsage of job (MB)
	954232  -  ResidentSetSize of job (KB)
...
006 (28047.000.000) 02/26 17:11:10 Image size of job updated: 1080256
	932  -  MemoryUsage of job (MB)
	954232  -  ResidentSetSize of job (KB)
...
006 (28047.000.000) 02/26 17:16:10 Image size of job updated: 1080256
	933  -  MemoryUsage of job (MB)
	955320  -  ResidentSetSize of job (KB)
...
