000 (28242.000.000) 02/26 16:56:05 Job submitted from host: <134.76.239.76:15915?addrs=134.76.239.76-15915>
...
001 (28242.000.000) 02/26 16:56:12 Job executing on host: <134.76.239.85:28271?addrs=134.76.239.85-28271>
...
006 (28242.000.000) 02/26 16:56:21 Image size of job updated: 65708
	5  -  MemoryUsage of job (MB)
	4296  -  ResidentSetSize of job (KB)
...
006 (28242.000.000) 02/26 17:01:21 Image size of job updated: 1070888
	931  -  MemoryUsage of job (MB)
	953012  -  ResidentSetSize of job (KB)
...
006 (28242.000.000) 02/26 17:06:21 Image size of job updated: 1071488
	932  -  MemoryUsage of job (MB)
	953568  -  ResidentSetSize of job (KB)
...
006 (28242.000.000) 02/26 17:11:22 Image size of job updated: 1079180
	932  -  MemoryUsage of job (MB)
	953568  -  ResidentSetSize of job (KB)
...
006 (28242.000.000) 02/26 17:16:23 Image size of job updated: 1236344
	1088  -  MemoryUsage of job (MB)
	1113488  -  ResidentSetSize of job (KB)
...
