DATE: 2016-02-25
TIME: 13:24:19
                                         version_number        8118
 read inlist_1.0
 create pre-main-sequence model
                                                species           8
 abundances
                                                     h1    7.5930900000000001D-01
                                                    he3    2.4415969484531191D-05
                                                    he4    2.2940558403051545D-01
                                                    c12    1.9377988544177118D-03
                                                    n14    5.6764366979634767D-04
                                                    o16    5.2703994632762414D-03
                                                   ne20    1.1821009246772566D-03
                                                   mg24    2.3030570878324087D-03


                                        relax_num_steps


                               finished relax_num_steps

 new_lnPgas_flag T
                                        relax_initial_Z    1.1261000000000000D-02
                                                  new z    1.1260999999999469D-02
                                        relax_initial_Y    2.2943000000000000D-01
                                                  new y    2.2943000000000002D-01
 net name basic.net
 do_element_diffusion T
 lnPgas_flag T
 kappa_file_prefix gs98
 kappa_lowT_prefix lowT_fa05_gs98
   eos_file_prefix mesa
                                        OMP_NUM_THREADS           2


