000 (20514.000.000) 02/24 21:35:02 Job submitted from host: <134.76.239.76:13753?addrs=134.76.239.76-13753>
...
001 (20514.000.000) 02/25 01:52:40 Job executing on host: <134.76.239.85:29523?addrs=134.76.239.85-29523>
...
006 (20514.000.000) 02/25 01:52:49 Image size of job updated: 827420
	616  -  MemoryUsage of job (MB)
	630004  -  ResidentSetSize of job (KB)
...
006 (20514.000.000) 02/25 01:57:49 Image size of job updated: 1145844
	921  -  MemoryUsage of job (MB)
	942540  -  ResidentSetSize of job (KB)
...
006 (20514.000.000) 02/25 02:02:49 Image size of job updated: 1147628
	921  -  MemoryUsage of job (MB)
	942540  -  ResidentSetSize of job (KB)
...
006 (20514.000.000) 02/25 02:57:55 Image size of job updated: 1242900
	1060  -  MemoryUsage of job (MB)
	1084748  -  ResidentSetSize of job (KB)
...
006 (20514.000.000) 02/25 03:27:57 Image size of job updated: 1242900
	1060  -  MemoryUsage of job (MB)
	1085080  -  ResidentSetSize of job (KB)
...
006 (20514.000.000) 02/25 03:42:59 Image size of job updated: 1242900
	1060  -  MemoryUsage of job (MB)
	1085084  -  ResidentSetSize of job (KB)
...
006 (20514.000.000) 02/25 03:48:00 Image size of job updated: 1242900
	1060  -  MemoryUsage of job (MB)
	1085088  -  ResidentSetSize of job (KB)
...
006 (20514.000.000) 02/25 03:53:01 Image size of job updated: 1242900
	1060  -  MemoryUsage of job (MB)
	1085092  -  ResidentSetSize of job (KB)
...
006 (20514.000.000) 02/25 04:03:01 Image size of job updated: 1429384
	1204  -  MemoryUsage of job (MB)
	1232360  -  ResidentSetSize of job (KB)
...
006 (20514.000.000) 02/25 04:18:03 Image size of job updated: 1429384
	1204  -  MemoryUsage of job (MB)
	1232688  -  ResidentSetSize of job (KB)
...
006 (20514.000.000) 02/25 04:28:05 Image size of job updated: 1429384
	1204  -  MemoryUsage of job (MB)
	1232696  -  ResidentSetSize of job (KB)
...
006 (20514.000.000) 02/25 05:13:09 Image size of job updated: 1429384
	1205  -  MemoryUsage of job (MB)
	1233016  -  ResidentSetSize of job (KB)
...
022 (20514.000.000) 02/25 05:34:36 Job disconnected, attempting to reconnect
    Socket between submit and execute hosts closed unexpectedly
    Trying to reconnect to slot1@seismo25.mps.mpg.de <134.76.239.85:29523?addrs=134.76.239.85-29523>
...
024 (20514.000.000) 02/25 06:14:37 Job reconnection failed
    Job disconnected too long: JobLeaseDuration (2400 seconds) expired
    Can not reconnect to slot1@seismo25.mps.mpg.de, rescheduling job
...
001 (20514.000.000) 02/25 06:14:48 Job executing on host: <134.76.239.89:24193?addrs=134.76.239.89-24193>
...
004 (20514.000.000) 02/25 09:57:09 Job was evicted.
	(0) Job was not checkpointed.
		Usr 0 06:20:18, Sys 0 00:01:31  -  Run Remote Usage
		Usr 0 00:00:00, Sys 0 00:00:00  -  Run Local Usage
	0  -  Run Bytes Sent By Job
	0  -  Run Bytes Received By Job
	Partitionable Resources :    Usage  Request Allocated
	   Cpus                 :                 2         2
	   Disk (KB)            :        1        1   5108762
	   Memory (MB)          :     1221     1221      1221
...
001 (20514.000.000) 02/25 09:58:49 Job executing on host: <134.76.239.87:13734?addrs=134.76.239.87-13734>
...
004 (20514.000.000) 02/25 10:09:51 Job was evicted.
	(0) Job was not checkpointed.
		Usr 0 00:13:14, Sys 0 00:00:05  -  Run Remote Usage
		Usr 0 00:00:00, Sys 0 00:00:00  -  Run Local Usage
	0  -  Run Bytes Sent By Job
	0  -  Run Bytes Received By Job
	Partitionable Resources :    Usage  Request Allocated
	   Cpus                 :                 2         2
	   Disk (KB)            :        1        1   5108686
	   Memory (MB)          :     1221     1221      1221
...
001 (20514.000.000) 02/25 10:10:16 Job executing on host: <134.76.239.88:25067?addrs=134.76.239.88-25067>
...
004 (20514.000.000) 02/25 10:49:49 Job was evicted.
	(0) Job was not checkpointed.
		Usr 0 01:08:46, Sys 0 00:00:25  -  Run Remote Usage
		Usr 0 00:00:00, Sys 0 00:00:00  -  Run Local Usage
	0  -  Run Bytes Sent By Job
	0  -  Run Bytes Received By Job
	Partitionable Resources :    Usage  Request Allocated
	   Cpus                 :                 2         2
	   Disk (KB)            :        1        1   5108605
	   Memory (MB)          :     1221     1221      1221
...
001 (20514.000.000) 02/25 10:50:42 Job executing on host: <134.76.239.86:20177?addrs=134.76.239.86-20177>
...
004 (20514.000.000) 02/25 10:52:28 Job was evicted.
	(0) Job was not checkpointed.
		Usr 0 00:02:23, Sys 0 00:00:01  -  Run Remote Usage
		Usr 0 00:00:00, Sys 0 00:00:00  -  Run Local Usage
	0  -  Run Bytes Sent By Job
	0  -  Run Bytes Received By Job
	Partitionable Resources :    Usage  Request Allocated
	   Cpus                 :                 2         2
	   Disk (KB)            :        1        1   5108610
	   Memory (MB)          :     1221     1221      1221
...
001 (20514.000.000) 02/25 10:54:26 Job executing on host: <134.76.239.78:21556?addrs=134.76.239.78-21556>
...
004 (20514.000.000) 02/25 11:04:25 Job was evicted.
	(0) Job was not checkpointed.
		Usr 0 00:16:43, Sys 0 00:00:05  -  Run Remote Usage
		Usr 0 00:00:00, Sys 0 00:00:00  -  Run Local Usage
	0  -  Run Bytes Sent By Job
	0  -  Run Bytes Received By Job
	Partitionable Resources :    Usage  Request Allocated
	   Cpus                 :                 2         2
	   Disk (KB)            :        1        1   5108655
	   Memory (MB)          :     1221     1221      1221
...
001 (20514.000.000) 02/25 11:06:24 Job executing on host: <134.76.239.91:19968?addrs=134.76.239.91-19968>
...
004 (20514.000.000) 02/25 11:08:07 Job was evicted.
	(0) Job was not checkpointed.
		Usr 0 00:02:18, Sys 0 00:00:01  -  Run Remote Usage
		Usr 0 00:00:00, Sys 0 00:00:00  -  Run Local Usage
	0  -  Run Bytes Sent By Job
	0  -  Run Bytes Received By Job
	Partitionable Resources :    Usage  Request Allocated
	   Cpus                 :                 2         2
	   Disk (KB)            :        1        1   5108561
	   Memory (MB)          :     1221     1221      1221
...
001 (20514.000.000) 02/25 11:11:04 Job executing on host: <134.76.239.87:13734?addrs=134.76.239.87-13734>
...
004 (20514.000.000) 02/25 11:30:52 Job was evicted.
	(0) Job was not checkpointed.
		Usr 0 00:28:52, Sys 0 00:00:07  -  Run Remote Usage
		Usr 0 00:00:00, Sys 0 00:00:00  -  Run Local Usage
	0  -  Run Bytes Sent By Job
	0  -  Run Bytes Received By Job
	Partitionable Resources :    Usage  Request Allocated
	   Cpus                 :                 2         2
	   Disk (KB)            :        1        1   5108627
	   Memory (MB)          :     1221     1221      1221
...
001 (20514.000.000) 02/25 11:32:36 Job executing on host: <134.76.239.84:12289?addrs=134.76.239.84-12289>
...
004 (20514.000.000) 02/25 11:45:13 Job was evicted.
	(0) Job was not checkpointed.
		Usr 0 00:21:40, Sys 0 00:00:07  -  Run Remote Usage
		Usr 0 00:00:00, Sys 0 00:00:00  -  Run Local Usage
	0  -  Run Bytes Sent By Job
	0  -  Run Bytes Received By Job
	Partitionable Resources :    Usage  Request Allocated
	   Cpus                 :                 2         2
	   Disk (KB)            :        1        1   5108494
	   Memory (MB)          :     1221     1221      1221
...
001 (20514.000.000) 02/25 11:47:59 Job executing on host: <134.76.239.79:12046?addrs=134.76.239.79-12046>
...
004 (20514.000.000) 02/25 11:57:16 Job was evicted.
	(0) Job was not checkpointed.
		Usr 0 00:12:16, Sys 0 00:00:04  -  Run Remote Usage
		Usr 0 00:00:00, Sys 0 00:00:00  -  Run Local Usage
	0  -  Run Bytes Sent By Job
	0  -  Run Bytes Received By Job
	Partitionable Resources :    Usage  Request Allocated
	   Cpus                 :                 2         2
	   Disk (KB)            :        1        1   5108554
	   Memory (MB)          :     1221     1221      1221
...
001 (20514.000.000) 02/25 11:59:18 Job executing on host: <134.76.239.79:12046?addrs=134.76.239.79-12046>
...
004 (20514.000.000) 02/25 13:21:06 Job was evicted.
	(0) Job was not checkpointed.
		Usr 0 02:16:55, Sys 0 00:00:24  -  Run Remote Usage
		Usr 0 00:00:00, Sys 0 00:00:00  -  Run Local Usage
	0  -  Run Bytes Sent By Job
	0  -  Run Bytes Received By Job
	Partitionable Resources :    Usage  Request Allocated
	   Cpus                 :                 2         2
	   Disk (KB)            :        1        1   5108545
	   Memory (MB)          :     1221     1221      1221
...
001 (20514.000.000) 02/25 13:23:07 Job executing on host: <134.76.239.89:24193?addrs=134.76.239.89-24193>
...
