000 (20069.000.000) 02/24 21:34:38 Job submitted from host: <134.76.239.76:13753?addrs=134.76.239.76-13753>
...
001 (20069.000.000) 02/24 21:34:56 Job executing on host: <134.76.239.86:20177?addrs=134.76.239.86-20177>
...
006 (20069.000.000) 02/24 21:35:12 Image size of job updated: 65708
	4  -  MemoryUsage of job (MB)
	4028  -  ResidentSetSize of job (KB)
...
006 (20069.000.000) 02/24 21:40:13 Image size of job updated: 1139868
	919  -  MemoryUsage of job (MB)
	940504  -  ResidentSetSize of job (KB)
...
006 (20069.000.000) 02/24 21:45:13 Image size of job updated: 1145452
	925  -  MemoryUsage of job (MB)
	946548  -  ResidentSetSize of job (KB)
...
006 (20069.000.000) 02/24 21:50:13 Image size of job updated: 1146748
	925  -  MemoryUsage of job (MB)
	946548  -  ResidentSetSize of job (KB)
...
006 (20069.000.000) 02/24 22:00:15 Image size of job updated: 1245776
	1062  -  MemoryUsage of job (MB)
	1086924  -  ResidentSetSize of job (KB)
...
006 (20069.000.000) 02/24 22:05:15 Image size of job updated: 1249136
	1064  -  MemoryUsage of job (MB)
	1089316  -  ResidentSetSize of job (KB)
...
006 (20069.000.000) 02/24 22:10:15 Image size of job updated: 1460156
	1232  -  MemoryUsage of job (MB)
	1261468  -  ResidentSetSize of job (KB)
...
006 (20069.000.000) 02/24 22:15:16 Image size of job updated: 1460156
	1233  -  MemoryUsage of job (MB)
	1261592  -  ResidentSetSize of job (KB)
...
006 (20069.000.000) 02/24 22:20:16 Image size of job updated: 1460156
	1233  -  MemoryUsage of job (MB)
	1261908  -  ResidentSetSize of job (KB)
...
006 (20069.000.000) 02/24 22:25:16 Image size of job updated: 1462352
	1233  -  MemoryUsage of job (MB)
	1261908  -  ResidentSetSize of job (KB)
...
006 (20069.000.000) 02/24 22:50:20 Image size of job updated: 1462352
	1235  -  MemoryUsage of job (MB)
	1264184  -  ResidentSetSize of job (KB)
...
006 (20069.000.000) 02/24 22:55:20 Image size of job updated: 1462352
	1235  -  MemoryUsage of job (MB)
	1264616  -  ResidentSetSize of job (KB)
...
006 (20069.000.000) 02/24 23:00:20 Image size of job updated: 1462352
	1236  -  MemoryUsage of job (MB)
	1264736  -  ResidentSetSize of job (KB)
...
006 (20069.000.000) 02/24 23:05:21 Image size of job updated: 1462744
	1236  -  MemoryUsage of job (MB)
	1264736  -  ResidentSetSize of job (KB)
...
005 (20069.000.000) 02/25 00:09:09 Job terminated.
	(1) Normal termination (return value 0)
		Usr 0 03:14:30, Sys 0 00:01:00  -  Run Remote Usage
		Usr 0 00:00:00, Sys 0 00:00:00  -  Run Local Usage
		Usr 0 03:14:30, Sys 0 00:01:00  -  Total Remote Usage
		Usr 0 00:00:00, Sys 0 00:00:00  -  Total Local Usage
	0  -  Run Bytes Sent By Job
	0  -  Run Bytes Received By Job
	0  -  Total Bytes Sent By Job
	0  -  Total Bytes Received By Job
	Partitionable Resources :    Usage  Request Allocated
	   Cpus                 :                 2         2
	   Disk (KB)            :        1        1   5108790
	   Memory (MB)          :     1236        1         1
...
