DATE: 2016-02-26
TIME: 16:59:25
                                         version_number        8118
 read inlist_1.0
 create pre-main-sequence model
                                                species           8
 abundances
                                                     h1    6.6706300000000007D-01
                                                    he3    3.5339144046843235D-05
                                                    he4    3.3203666085595324D-01
                                                    c12    1.4884965891762144D-04
                                                    n14    4.3602857150683331D-05
                                                    o16    4.0483931584530574D-04
                                                   ne20    9.0801642824423737D-05
                                                   mg24    1.7690652526197045D-04


                                        relax_num_steps


                               finished relax_num_steps

 new_lnPgas_flag T
                                        relax_initial_Z    8.6499999999999999D-04
                                                  new z    8.6500000000065040D-04
                                        relax_initial_Y    3.3207199999999998D-01
                                                  new y    3.3207199999999998D-01
 net name basic.net
 do_element_diffusion T
 lnPgas_flag T
 kappa_file_prefix gs98
 kappa_lowT_prefix lowT_fa05_gs98
   eos_file_prefix mesa
                                        OMP_NUM_THREADS           1



stop because Lnuc_div_L >= Lnuc_div_L_zams_limit
    0.9995601903E+00    0.9990000000E+00

        915   7.244659   8202.122   0.520705   0.520705   1.064169   1.064169   0.666255   0.000216   0.332071   0.666925  -1.753568    874      0
   5.670122   2.066560  -0.043888 -41.241093  -1.062790 -99.000000   0.000000   0.332855   0.000405   0.000865   0.332206   0.070997      2      0
 1.1837E+07  17.430946   0.520896 -99.000000   3.814146  -7.886587   0.000000   0.000001   0.000091  8.896E-04  8.685E-04 -0.488E-11  max increase

save photos/x915 for model 915
save final_profile.data write fgong_plot.data
                               s% atm_structure_num_pts          51
save final_profile.data.FGONG    915
 final_profile.data.FGONG for model 915
 saved to zams.mod
termination code: Lnuc_div_L_zams_limit

       runtime, prev time, retries, backups, steps         8.4        28.2         0         0       915
        915   7.244659   8202.122   0.520705   0.520705   1.064169   1.064169   0.666255   0.000216   0.332071   0.666925  -1.753568    874      0
   5.670122   2.066560  -0.043888 -41.241093  -1.062790 -99.000000   0.000000   0.332855   0.000405   0.000865   0.332206   0.070997      2      0
 1.1837E+07  17.430946   0.520896 -99.000000   3.814146  -7.886587   0.000000   0.000001   0.000091  8.896E-04  8.685E-04 -0.488E-11  max increase

DATE: 2016-02-26
TIME: 17:09:52
DATE: 2016-02-26
TIME: 17:09:52
                                         version_number        8118
 read inlist_1.0
load saved model zams.mod

 new_lnPgas_flag T
 net name basic.net
 do_element_diffusion T
 lnPgas_flag T
                       which_atm_option: Eddington_grey
 kappa_file_prefix gs98
 kappa_lowT_prefix lowT_fa05_gs98
   eos_file_prefix mesa
                                        OMP_NUM_THREADS           1


__________________________________________________________________________________________________________________________________________________

       step    lg_Tcntr    Teff       lg_LH     lg_Lnuc     Mass       H_rich     H_cntr     N_cntr     Y_surf     X_avg     eta_cntr  zones retry
   lg_dt_yr    lg_Dcntr    lg_R       lg_L3a    lg_Lneu     lg_Mdot    He_core    He_cntr    O_cntr     Z_surf     Y_avg     gam_cntr  iters bckup
     age_yr    lg_Pcntr    lg_L       lg_LZ     lg_Psurf    lg_Dsurf   C_core     C_cntr     Ne_cntr    Z_cntr     Z_avg     v_div_cs     dt_limit
__________________________________________________________________________________________________________________________________________________

        916   7.244638   8203.793   0.520571   0.520571   1.064169   1.064169   0.666147   0.000216   0.332071   0.666907  -1.753435    874      0
   5.749303   2.066614  -0.044492 -41.241618  -1.064260 -99.000000   0.000000   0.332963   0.000405   0.000865   0.332224   0.071006      8      0
 1.2399E+07  17.430945   0.520043 -99.000000   4.318975  -7.392858   0.000000   0.000001   0.000091  8.896E-04  8.686E-04 -0.611E-11              

