DATE: 2016-02-26
TIME: 16:59:43
                                         version_number        8118
 read inlist_1.0
 create pre-main-sequence model
                                                species           8
 abundances
                                                     h1    7.4209199999999997D-01
                                                    he3    2.3517996462212947D-05
                                                    he4    2.2096848200353778D-01
                                                    c12    6.3525248654368689D-03
                                                    n14    1.8608590457510053D-03
                                                    o16    1.7277512351150576D-02
                                                   ne20    3.8751831751519233D-03
                                                   mg24    7.5499205625096863D-03


                                        relax_num_steps


                               finished relax_num_steps

 new_lnPgas_flag T
                                        relax_initial_Z    3.6915999999999997D-02
                                                  new z    3.6916000000000025D-02
                                        relax_initial_Y    2.2099199999999999D-01
                                                  new y    2.2099199999999988D-01
 net name basic.net
 do_element_diffusion T
 lnPgas_flag T
 kappa_file_prefix gs98
 kappa_lowT_prefix lowT_fa05_gs98
   eos_file_prefix mesa
                                        OMP_NUM_THREADS           1



stop because Lnuc_div_L >= Lnuc_div_L_zams_limit
    0.1000236275E+01    0.9990000000E+00

        819   7.157509   5809.408   0.113291   0.113291   1.333224   1.333224   0.741777   0.002517   0.220992   0.742015  -2.181843    794      0
   5.526683   1.740035   0.051846 -46.657498  -1.310914 -99.000000   0.000000   0.221213   0.017277   0.036916   0.221051   0.066295      2      0
 3.0673E+07  17.038745   0.113188 -15.176439   4.655695  -6.926466   0.000000   0.005790   0.003875  3.701E-02  3.693E-02 -0.688E-10    varcontrol

save photos/x819 for model 819
save final_profile.data write fgong_plot.data
                               s% atm_structure_num_pts          82
save final_profile.data.FGONG    819
 final_profile.data.FGONG for model 819
 saved to zams.mod
termination code: Lnuc_div_L_zams_limit

       runtime, prev time, retries, backups, steps         7.4        28.2         0         0       819
        819   7.157509   5809.408   0.113291   0.113291   1.333224   1.333224   0.741777   0.002517   0.220992   0.742015  -2.181843    794      0
   5.526683   1.740035   0.051846 -46.657498  -1.310914 -99.000000   0.000000   0.221213   0.017277   0.036916   0.221051   0.066295      2      0
 3.0673E+07  17.038745   0.113188 -15.176439   4.655695  -6.926466   0.000000   0.005790   0.003875  3.701E-02  3.693E-02 -0.688E-10    varcontrol

DATE: 2016-02-26
TIME: 17:08:56
DATE: 2016-02-26
TIME: 17:08:56
                                         version_number        8118
 read inlist_1.0
load saved model zams.mod

 new_lnPgas_flag T
 net name basic.net
 do_element_diffusion T
 lnPgas_flag T
                       which_atm_option: Eddington_grey
 kappa_file_prefix gs98
 kappa_lowT_prefix lowT_fa05_gs98
   eos_file_prefix mesa
                                        OMP_NUM_THREADS           1


__________________________________________________________________________________________________________________________________________________

       step    lg_Tcntr    Teff       lg_LH     lg_Lnuc     Mass       H_rich     H_cntr     N_cntr     Y_surf     X_avg     eta_cntr  zones retry
   lg_dt_yr    lg_Dcntr    lg_R       lg_L3a    lg_Lneu     lg_Mdot    He_core    He_cntr    O_cntr     Z_surf     Y_avg     gam_cntr  iters bckup
     age_yr    lg_Pcntr    lg_L       lg_LZ     lg_Psurf    lg_Dsurf   C_core     C_cntr     Ne_cntr    Z_cntr     Z_avg     v_div_cs     dt_limit
__________________________________________________________________________________________________________________________________________________

