000 (20405.000.000) 02/24 21:34:57 Job submitted from host: <134.76.239.76:13753?addrs=134.76.239.76-13753>
...
001 (20405.000.000) 02/25 00:41:39 Job executing on host: <134.76.239.88:25067?addrs=134.76.239.88-25067>
...
006 (20405.000.000) 02/25 00:41:47 Image size of job updated: 1
	3  -  MemoryUsage of job (MB)
	2068  -  ResidentSetSize of job (KB)
...
006 (20405.000.000) 02/25 00:46:47 Image size of job updated: 1143816
	924  -  MemoryUsage of job (MB)
	945352  -  ResidentSetSize of job (KB)
...
006 (20405.000.000) 02/25 00:51:48 Image size of job updated: 1145684
	924  -  MemoryUsage of job (MB)
	945352  -  ResidentSetSize of job (KB)
...
006 (20405.000.000) 02/25 00:56:48 Image size of job updated: 1242488
	1073  -  MemoryUsage of job (MB)
	1098236  -  ResidentSetSize of job (KB)
...
006 (20405.000.000) 02/25 01:06:49 Image size of job updated: 1242488
	1073  -  MemoryUsage of job (MB)
	1098584  -  ResidentSetSize of job (KB)
...
006 (20405.000.000) 02/25 01:11:49 Image size of job updated: 1428972
	1217  -  MemoryUsage of job (MB)
	1245860  -  ResidentSetSize of job (KB)
...
006 (20405.000.000) 02/25 01:16:49 Image size of job updated: 1453508
	1241  -  MemoryUsage of job (MB)
	1270732  -  ResidentSetSize of job (KB)
...
006 (20405.000.000) 02/25 01:21:50 Image size of job updated: 1459212
	1247  -  MemoryUsage of job (MB)
	1276392  -  ResidentSetSize of job (KB)
...
006 (20405.000.000) 02/25 01:26:51 Image size of job updated: 1459212
	1247  -  MemoryUsage of job (MB)
	1276612  -  ResidentSetSize of job (KB)
...
006 (20405.000.000) 02/25 01:31:51 Image size of job updated: 1459212
	1248  -  MemoryUsage of job (MB)
	1277580  -  ResidentSetSize of job (KB)
...
006 (20405.000.000) 02/25 01:36:51 Image size of job updated: 1524748
	1310  -  MemoryUsage of job (MB)
	1340596  -  ResidentSetSize of job (KB)
...
006 (20405.000.000) 02/25 02:36:57 Image size of job updated: 1525248
	1310  -  MemoryUsage of job (MB)
	1340596  -  ResidentSetSize of job (KB)
...
006 (20405.000.000) 02/25 04:01:25 Image size of job updated: 9346780
	1310  -  MemoryUsage of job (MB)
	1340596  -  ResidentSetSize of job (KB)
...
005 (20405.000.000) 02/25 04:01:25 Job terminated.
	(1) Normal termination (return value 0)
		Usr 0 05:32:02, Sys 0 00:01:00  -  Run Remote Usage
		Usr 0 00:00:00, Sys 0 00:00:00  -  Run Local Usage
		Usr 0 05:32:02, Sys 0 00:01:00  -  Total Remote Usage
		Usr 0 00:00:00, Sys 0 00:00:00  -  Total Local Usage
	0  -  Run Bytes Sent By Job
	0  -  Run Bytes Received By Job
	0  -  Total Bytes Sent By Job
	0  -  Total Bytes Received By Job
	Partitionable Resources :    Usage  Request Allocated
	   Cpus                 :                 2         2
	   Disk (KB)            :        1        1   5108740
	   Memory (MB)          :     1310        1         1
...
