DATE: 2016-02-26
TIME: 16:59:45
                                         version_number        8118
 read inlist_1.0
 create pre-main-sequence model
                                                species           8
 abundances
                                                     h1    6.9665400000000011D-01
                                                    he3    3.0501817224198572D-05
                                                    he4    2.8658649818277587D-01
                                                    c12    2.8787351954137281D-03
                                                    n14    8.4327421650147666D-04
                                                    o16    7.8295455662151219D-03
                                                   ne20    1.7560932749245968D-03
                                                   mg24    3.4213517469450722D-03


                                        relax_num_steps


                               finished relax_num_steps

 new_lnPgas_flag T
                                        relax_initial_Z    1.6729000000000001D-02
                                                  new z    1.6728999999999754D-02
                                        relax_initial_Y    2.8661700000000001D-01
                                                  new y    2.8661700000000012D-01
 net name basic.net
 do_element_diffusion T
 lnPgas_flag T
 kappa_file_prefix gs98
 kappa_lowT_prefix lowT_fa05_gs98
   eos_file_prefix mesa
                                        OMP_NUM_THREADS           1



stop because Lnuc_div_L >= Lnuc_div_L_zams_limit
    0.1004355618E+01    0.9990000000E+00

        832   7.165218   5850.412   0.076563   0.076563   1.094162   1.094162   0.696256   0.001517   0.286617   0.696565  -1.896090    818      0
   5.593091   1.880916   0.026481 -45.701548  -1.395419 -99.000000   0.000000   0.286919   0.007830   0.016729   0.286690   0.073405      2      0
 2.9151E+07  17.174206   0.074676 -15.352530   4.751177  -6.817924   0.000000   0.002301   0.001756  1.683E-02  1.674E-02 -0.433E-10    varcontrol

save photos/x832 for model 832
save final_profile.data write fgong_plot.data
                               s% atm_structure_num_pts          59
save final_profile.data.FGONG    832
 final_profile.data.FGONG for model 832
 saved to zams.mod
termination code: Lnuc_div_L_zams_limit

       runtime, prev time, retries, backups, steps         7.9        28.2         0         0       832
        832   7.165218   5850.412   0.076563   0.076563   1.094162   1.094162   0.696256   0.001517   0.286617   0.696565  -1.896090    818      0
   5.593091   1.880916   0.026481 -45.701548  -1.395419 -99.000000   0.000000   0.286919   0.007830   0.016729   0.286690   0.073405      2      0
 2.9151E+07  17.174206   0.074676 -15.352530   4.751177  -6.817924   0.000000   0.002301   0.001756  1.683E-02  1.674E-02 -0.433E-10  max increase

DATE: 2016-02-26
TIME: 17:09:24
DATE: 2016-02-26
TIME: 17:09:24
                                         version_number        8118
 read inlist_1.0
load saved model zams.mod

 new_lnPgas_flag T
 net name basic.net
 do_element_diffusion T
 lnPgas_flag T
                       which_atm_option: Eddington_grey
 kappa_file_prefix gs98
 kappa_lowT_prefix lowT_fa05_gs98
   eos_file_prefix mesa
                                        OMP_NUM_THREADS           1


__________________________________________________________________________________________________________________________________________________

       step    lg_Tcntr    Teff       lg_LH     lg_Lnuc     Mass       H_rich     H_cntr     N_cntr     Y_surf     X_avg     eta_cntr  zones retry
   lg_dt_yr    lg_Dcntr    lg_R       lg_L3a    lg_Lneu     lg_Mdot    He_core    He_cntr    O_cntr     Z_surf     Y_avg     gam_cntr  iters bckup
     age_yr    lg_Pcntr    lg_L       lg_LZ     lg_Psurf    lg_Dsurf   C_core     C_cntr     Ne_cntr    Z_cntr     Z_avg     v_div_cs     dt_limit
__________________________________________________________________________________________________________________________________________________

