000 (20125.000.000) 02/24 21:34:41 Job submitted from host: <134.76.239.76:13753?addrs=134.76.239.76-13753>
...
001 (20125.000.000) 02/24 21:34:59 Job executing on host: <134.76.239.84:12289?addrs=134.76.239.84-12289>
...
006 (20125.000.000) 02/24 21:35:08 Image size of job updated: 827412
	616  -  MemoryUsage of job (MB)
	630080  -  ResidentSetSize of job (KB)
...
006 (20125.000.000) 02/24 21:40:08 Image size of job updated: 1147760
	916  -  MemoryUsage of job (MB)
	937604  -  ResidentSetSize of job (KB)
...
006 (20125.000.000) 02/24 21:45:08 Image size of job updated: 1147760
	917  -  MemoryUsage of job (MB)
	938536  -  ResidentSetSize of job (KB)
...
006 (20125.000.000) 02/24 21:50:09 Image size of job updated: 1277504
	1074  -  MemoryUsage of job (MB)
	1099292  -  ResidentSetSize of job (KB)
...
006 (20125.000.000) 02/24 21:55:10 Image size of job updated: 1277504
	1074  -  MemoryUsage of job (MB)
	1099460  -  ResidentSetSize of job (KB)
...
006 (20125.000.000) 02/24 22:00:10 Image size of job updated: 1279740
	1077  -  MemoryUsage of job (MB)
	1102036  -  ResidentSetSize of job (KB)
...
006 (20125.000.000) 02/24 22:05:10 Image size of job updated: 1400688
	1221  -  MemoryUsage of job (MB)
	1249348  -  ResidentSetSize of job (KB)
...
006 (20125.000.000) 02/24 22:10:11 Image size of job updated: 1425224
	1245  -  MemoryUsage of job (MB)
	1274216  -  ResidentSetSize of job (KB)
...
006 (20125.000.000) 02/24 22:15:11 Image size of job updated: 1425224
	1245  -  MemoryUsage of job (MB)
	1274580  -  ResidentSetSize of job (KB)
...
006 (20125.000.000) 02/24 22:20:11 Image size of job updated: 1425232
	1245  -  MemoryUsage of job (MB)
	1274580  -  ResidentSetSize of job (KB)
...
006 (20125.000.000) 02/24 22:50:15 Image size of job updated: 1439992
	1245  -  MemoryUsage of job (MB)
	1274580  -  ResidentSetSize of job (KB)
...
006 (20125.000.000) 02/24 22:55:15 Image size of job updated: 1464528
	1245  -  MemoryUsage of job (MB)
	1274580  -  ResidentSetSize of job (KB)
...
006 (20125.000.000) 02/24 23:05:16 Image size of job updated: 1464536
	1245  -  MemoryUsage of job (MB)
	1274580  -  ResidentSetSize of job (KB)
...
005 (20125.000.000) 02/25 00:01:54 Job terminated.
	(1) Normal termination (return value 0)
		Usr 0 03:55:51, Sys 0 00:01:10  -  Run Remote Usage
		Usr 0 00:00:00, Sys 0 00:00:00  -  Run Local Usage
		Usr 0 03:55:51, Sys 0 00:01:10  -  Total Remote Usage
		Usr 0 00:00:00, Sys 0 00:00:00  -  Total Local Usage
	0  -  Run Bytes Sent By Job
	0  -  Run Bytes Received By Job
	0  -  Total Bytes Sent By Job
	0  -  Total Bytes Received By Job
	Partitionable Resources :    Usage  Request Allocated
	   Cpus                 :                 2         2
	   Disk (KB)            :        1        1   5108620
	   Memory (MB)          :     1245        1         1
...
