DATE: 2016-02-26
TIME: 16:59:34
                                         version_number        8118
 read inlist_1.0
 create pre-main-sequence model
                                                species           8
 abundances
                                                     h1    6.7777200000000004D-01
                                                    he3    3.4241633288468256D-05
                                                    he4    3.2172475836671155D-01
                                                    c12    8.0705768823532243D-05
                                                    n14    2.3641317923315406D-05
                                                    o16    2.1950247298430488D-04
                                                   ne20    4.9232335820403704D-05
                                                   mg24    9.5918104448385446D-05


                                        relax_num_steps


                               finished relax_num_steps

 new_lnPgas_flag T
                                        relax_initial_Z    4.6900000000000002D-04
                                                  new z    4.6899999999920898D-04
                                        relax_initial_Y    3.2175900000000002D-01
                                                  new y    3.2175900000000018D-01
 net name basic.net
 do_element_diffusion T
 lnPgas_flag T
 kappa_file_prefix gs98
 kappa_lowT_prefix lowT_fa05_gs98
   eos_file_prefix mesa
                                        OMP_NUM_THREADS           1



stop because Lnuc_div_L >= Lnuc_div_L_zams_limit
    0.9994373979E+00    0.9990000000E+00

        888   7.208057   7775.816   0.458334   0.458334   0.986826   0.986826   0.677649   0.000039   0.312767   0.677732  -1.676579    894      0
   4.936802   2.039710  -0.028687 -43.120304  -1.254563 -99.000000   0.000000   0.321880   0.000220   0.000433   0.321799   0.075254      2      0
 1.0356E+07  17.371443   0.458578 -99.000000   3.998387  -7.693919   0.000000   0.000068   0.000049  4.712E-04  4.696E-04 -0.180E-09    varcontrol

save photos/x888 for model 888
save final_profile.data write fgong_plot.data
                               s% atm_structure_num_pts          70
save final_profile.data.FGONG    888
 final_profile.data.FGONG for model 888
 saved to zams.mod
termination code: Lnuc_div_L_zams_limit

       runtime, prev time, retries, backups, steps         8.4        28.2         0         0       888
        888   7.208057   7775.816   0.458334   0.458334   0.986826   0.986826   0.677649   0.000039   0.312767   0.677732  -1.676579    894      0
   4.936802   2.039710  -0.028687 -43.120304  -1.254563 -99.000000   0.000000   0.321880   0.000220   0.000433   0.321799   0.075254      2      0
 1.0356E+07  17.371443   0.458578 -99.000000   3.998387  -7.693919   0.000000   0.000068   0.000049  4.712E-04  4.696E-04 -0.180E-09    varcontrol

DATE: 2016-02-26
TIME: 17:09:53
DATE: 2016-02-26
TIME: 17:09:53
                                         version_number        8118
 read inlist_1.0
load saved model zams.mod

 new_lnPgas_flag T
 net name basic.net
 do_element_diffusion T
 lnPgas_flag T
                       which_atm_option: Eddington_grey
 kappa_file_prefix gs98
 kappa_lowT_prefix lowT_fa05_gs98
   eos_file_prefix mesa
                                        OMP_NUM_THREADS           1


__________________________________________________________________________________________________________________________________________________

       step    lg_Tcntr    Teff       lg_LH     lg_Lnuc     Mass       H_rich     H_cntr     N_cntr     Y_surf     X_avg     eta_cntr  zones retry
   lg_dt_yr    lg_Dcntr    lg_R       lg_L3a    lg_Lneu     lg_Mdot    He_core    He_cntr    O_cntr     Z_surf     Y_avg     gam_cntr  iters bckup
     age_yr    lg_Pcntr    lg_L       lg_LZ     lg_Psurf    lg_Dsurf   C_core     C_cntr     Ne_cntr    Z_cntr     Z_avg     v_div_cs     dt_limit
__________________________________________________________________________________________________________________________________________________

        912   7.217899   7640.936   0.361475   0.361475   0.986826   0.986826   0.676942   0.000114   0.268887   0.677494  -1.692244    881      0
   6.000000   2.048381  -0.062068 -42.615057  -1.246823 -99.000000   0.000000   0.322576   0.000219   0.000287   0.322033   0.074083      4      0
 2.0277E+07  17.389713   0.361419 -15.051500   4.519108  -7.213632   0.000000   0.000003   0.000049  4.819E-04  4.728E-04  0.608E-12        max_dt

       retry log10(dt/yr), log10(dt), retry_factor     1   946        5.296680       12.795792        0.500000
       retry log10(dt/yr), log10(dt), retry_factor     1   948        5.154013       12.653124        0.500000
       retry log10(dt/yr), log10(dt), retry_factor     2   948        4.852983       12.352094        0.500000
 have reached retry limit so now backup
       retry log10(dt/yr), log10(dt), retry_factor     1   948        4.551953       12.051064        0.500000
       retry log10(dt/yr), log10(dt), retry_factor     1   949        4.250923       11.750034        0.500000
       retry log10(dt/yr), log10(dt), retry_factor     2   949        3.949893       11.449004        0.500000
