DATE: 2016-02-26
TIME: 16:59:43
                                         version_number        8118
 read inlist_1.0
 create pre-main-sequence model
                                                species           8
 abundances
                                                     h1    7.2553200000000007D-01
                                                    he3    2.9128465499498763D-05
                                                    he4    2.7368287153450049D-01
                                                    c12    1.3009288108869140D-04
                                                    n14    3.8108393070422540D-05
                                                    o16    3.5382488182548083D-04
                                                   ne20    7.9359586098568845D-05
                                                   mg24    1.5461425791681526D-04


                                        relax_num_steps


                               finished relax_num_steps

 new_lnPgas_flag T
                                        relax_initial_Z    7.5600000000000005D-04
                                                  new z    7.5599999999952181D-04
                                        relax_initial_Y    2.7371200000000001D-01
                                                  new y    2.7371200000000007D-01
 net name basic.net
 do_element_diffusion T
 lnPgas_flag T
 kappa_file_prefix gs98
 kappa_lowT_prefix lowT_fa05_gs98
   eos_file_prefix mesa
                                        OMP_NUM_THREADS           1



stop because Lnuc_div_L >= Lnuc_div_L_zams_limit
    0.1000046757E+01    0.9990000000E+00

        820   7.145507   6422.578  -0.037621  -0.037621   0.854990   0.854990   0.725174   0.000059   0.273712   0.725442  -1.478388    786      0
   5.698925   2.013423  -0.110723 -46.526141  -1.650675 -99.000000   0.000000   0.274067   0.000354   0.000756   0.273801   0.083441      2      0
 2.1359E+07  17.298860  -0.037641 -15.954590   4.712387  -6.905520   0.000000   0.000113   0.000079  7.589E-04  7.565E-04 -0.169E-10  max increase

save photos/x820 for model 820
save final_profile.data write fgong_plot.data
                               s% atm_structure_num_pts          54
save final_profile.data.FGONG    820
 final_profile.data.FGONG for model 820
 saved to zams.mod
termination code: Lnuc_div_L_zams_limit

       runtime, prev time, retries, backups, steps         7.5        28.2         0         0       820
        820   7.145507   6422.578  -0.037621  -0.037621   0.854990   0.854990   0.725174   0.000059   0.273712   0.725442  -1.478388    786      0
   5.698925   2.013423  -0.110723 -46.526141  -1.650675 -99.000000   0.000000   0.274067   0.000354   0.000756   0.273801   0.083441      2      0
 2.1359E+07  17.298860  -0.037641 -15.954590   4.712387  -6.905520   0.000000   0.000113   0.000079  7.589E-04  7.565E-04 -0.169E-10  max increase

DATE: 2016-02-26
TIME: 17:09:04
DATE: 2016-02-26
TIME: 17:09:05
                                         version_number        8118
 read inlist_1.0
load saved model zams.mod

 new_lnPgas_flag T
 net name basic.net
 do_element_diffusion T
 lnPgas_flag T
                       which_atm_option: Eddington_grey
 kappa_file_prefix gs98
 kappa_lowT_prefix lowT_fa05_gs98
   eos_file_prefix mesa
                                        OMP_NUM_THREADS           1


__________________________________________________________________________________________________________________________________________________

       step    lg_Tcntr    Teff       lg_LH     lg_Lnuc     Mass       H_rich     H_cntr     N_cntr     Y_surf     X_avg     eta_cntr  zones retry
   lg_dt_yr    lg_Dcntr    lg_R       lg_L3a    lg_Lneu     lg_Mdot    He_core    He_cntr    O_cntr     Z_surf     Y_avg     gam_cntr  iters bckup
     age_yr    lg_Pcntr    lg_L       lg_LZ     lg_Psurf    lg_Dsurf   C_core     C_cntr     Ne_cntr    Z_cntr     Z_avg     v_div_cs     dt_limit
__________________________________________________________________________________________________________________________________________________

