000 (20354.000.000) 02/24 21:34:53 Job submitted from host: <134.76.239.76:13753?addrs=134.76.239.76-13753>
...
001 (20354.000.000) 02/25 00:10:39 Job executing on host: <134.76.239.79:12046?addrs=134.76.239.79-12046>
...
006 (20354.000.000) 02/25 00:10:48 Image size of job updated: 708988
	506  -  MemoryUsage of job (MB)
	517728  -  ResidentSetSize of job (KB)
...
006 (20354.000.000) 02/25 00:15:49 Image size of job updated: 1145284
	931  -  MemoryUsage of job (MB)
	952772  -  ResidentSetSize of job (KB)
...
006 (20354.000.000) 02/25 00:20:50 Image size of job updated: 1146584
	931  -  MemoryUsage of job (MB)
	952772  -  ResidentSetSize of job (KB)
...
006 (20354.000.000) 02/25 00:35:52 Image size of job updated: 1294284
	1061  -  MemoryUsage of job (MB)
	1086152  -  ResidentSetSize of job (KB)
...
006 (20354.000.000) 02/25 00:40:52 Image size of job updated: 1294284
	1062  -  MemoryUsage of job (MB)
	1086488  -  ResidentSetSize of job (KB)
...
006 (20354.000.000) 02/25 00:45:52 Image size of job updated: 1294284
	1062  -  MemoryUsage of job (MB)
	1086496  -  ResidentSetSize of job (KB)
...
006 (20354.000.000) 02/25 00:50:53 Image size of job updated: 1439768
	1230  -  MemoryUsage of job (MB)
	1258648  -  ResidentSetSize of job (KB)
...
006 (20354.000.000) 02/25 00:55:54 Image size of job updated: 1439768
	1230  -  MemoryUsage of job (MB)
	1258652  -  ResidentSetSize of job (KB)
...
006 (20354.000.000) 02/25 01:00:54 Image size of job updated: 1439768
	1230  -  MemoryUsage of job (MB)
	1258972  -  ResidentSetSize of job (KB)
...
006 (20354.000.000) 02/25 01:05:54 Image size of job updated: 1440256
	1230  -  MemoryUsage of job (MB)
	1258980  -  ResidentSetSize of job (KB)
...
006 (20354.000.000) 02/25 01:10:55 Image size of job updated: 1440256
	1230  -  MemoryUsage of job (MB)
	1258984  -  ResidentSetSize of job (KB)
...
006 (20354.000.000) 02/25 01:15:55 Image size of job updated: 1443292
	1231  -  MemoryUsage of job (MB)
	1259828  -  ResidentSetSize of job (KB)
...
006 (20354.000.000) 02/25 01:50:59 Image size of job updated: 1465748
	1240  -  MemoryUsage of job (MB)
	1269356  -  ResidentSetSize of job (KB)
...
006 (20354.000.000) 02/25 01:55:59 Image size of job updated: 1465748
	1240  -  MemoryUsage of job (MB)
	1269716  -  ResidentSetSize of job (KB)
...
006 (20354.000.000) 02/25 02:01:00 Image size of job updated: 1465748
	1241  -  MemoryUsage of job (MB)
	1270040  -  ResidentSetSize of job (KB)
...
006 (20354.000.000) 02/25 02:16:01 Image size of job updated: 1466004
	1241  -  MemoryUsage of job (MB)
	1270128  -  ResidentSetSize of job (KB)
...
006 (20354.000.000) 02/25 02:21:02 Image size of job updated: 1469016
	1241  -  MemoryUsage of job (MB)
	1270128  -  ResidentSetSize of job (KB)
...
005 (20354.000.000) 02/25 03:40:45 Job terminated.
	(1) Normal termination (return value 0)
		Usr 0 05:49:54, Sys 0 00:01:27  -  Run Remote Usage
		Usr 0 00:00:00, Sys 0 00:00:00  -  Run Local Usage
		Usr 0 05:49:54, Sys 0 00:01:27  -  Total Remote Usage
		Usr 0 00:00:00, Sys 0 00:00:00  -  Total Local Usage
	0  -  Run Bytes Sent By Job
	0  -  Run Bytes Received By Job
	0  -  Total Bytes Sent By Job
	0  -  Total Bytes Received By Job
	Partitionable Resources :    Usage  Request Allocated
	   Cpus                 :                 2         2
	   Disk (KB)            :        1        1   5108718
	   Memory (MB)          :     1241        1         1
...
