000 (20138.000.000) 02/24 21:34:42 Job submitted from host: <134.76.239.76:13753?addrs=134.76.239.76-13753>
...
001 (20138.000.000) 02/24 21:35:01 Job executing on host: <134.76.239.89:24193?addrs=134.76.239.89-24193>
...
006 (20138.000.000) 02/24 21:35:10 Image size of job updated: 45168
	4  -  MemoryUsage of job (MB)
	4028  -  ResidentSetSize of job (KB)
...
006 (20138.000.000) 02/24 21:40:10 Image size of job updated: 1141548
	920  -  MemoryUsage of job (MB)
	941352  -  ResidentSetSize of job (KB)
...
006 (20138.000.000) 02/24 21:45:10 Image size of job updated: 1208728
	920  -  MemoryUsage of job (MB)
	941352  -  ResidentSetSize of job (KB)
...
006 (20138.000.000) 02/24 22:05:12 Image size of job updated: 1208728
	972  -  MemoryUsage of job (MB)
	994988  -  ResidentSetSize of job (KB)
...
006 (20138.000.000) 02/24 22:15:13 Image size of job updated: 1307708
	1129  -  MemoryUsage of job (MB)
	1155420  -  ResidentSetSize of job (KB)
...
006 (20138.000.000) 02/24 23:20:20 Image size of job updated: 1307708
	1129  -  MemoryUsage of job (MB)
	1155424  -  ResidentSetSize of job (KB)
...
006 (20138.000.000) 02/24 23:25:20 Image size of job updated: 1307708
	1129  -  MemoryUsage of job (MB)
	1155696  -  ResidentSetSize of job (KB)
...
006 (20138.000.000) 02/24 23:30:21 Image size of job updated: 1307708
	1129  -  MemoryUsage of job (MB)
	1155700  -  ResidentSetSize of job (KB)
...
006 (20138.000.000) 02/25 00:20:26 Image size of job updated: 1494192
	1276  -  MemoryUsage of job (MB)
	1305740  -  ResidentSetSize of job (KB)
...
006 (20138.000.000) 02/25 00:35:27 Image size of job updated: 1654544
	1475  -  MemoryUsage of job (MB)
	1509864  -  ResidentSetSize of job (KB)
...
006 (20138.000.000) 02/25 00:45:28 Image size of job updated: 1654544
	1475  -  MemoryUsage of job (MB)
	1510200  -  ResidentSetSize of job (KB)
...
006 (20138.000.000) 02/25 00:55:29 Image size of job updated: 1654544
	1475  -  MemoryUsage of job (MB)
	1510208  -  ResidentSetSize of job (KB)
...
006 (20138.000.000) 02/25 01:00:29 Image size of job updated: 1760168
	1525  -  MemoryUsage of job (MB)
	1561236  -  ResidentSetSize of job (KB)
...
006 (20138.000.000) 02/25 06:42:36 Image size of job updated: 11718628
	1525  -  MemoryUsage of job (MB)
	1561236  -  ResidentSetSize of job (KB)
...
005 (20138.000.000) 02/25 06:42:36 Job terminated.
	(1) Normal termination (return value 0)
		Usr 0 14:53:37, Sys 0 00:02:28  -  Run Remote Usage
		Usr 0 00:00:00, Sys 0 00:00:00  -  Run Local Usage
		Usr 0 14:53:37, Sys 0 00:02:28  -  Total Remote Usage
		Usr 0 00:00:00, Sys 0 00:00:00  -  Total Local Usage
	0  -  Run Bytes Sent By Job
	0  -  Run Bytes Received By Job
	0  -  Total Bytes Sent By Job
	0  -  Total Bytes Received By Job
	Partitionable Resources :    Usage  Request Allocated
	   Cpus                 :                 2         2
	   Disk (KB)            :        1        1   5108884
	   Memory (MB)          :     1525        1         1
...
