000 (20710.000.000) 02/24 21:35:12 Job submitted from host: <134.76.239.76:13753?addrs=134.76.239.76-13753>
...
001 (20710.000.000) 02/25 04:09:46 Job executing on host: <134.76.239.90:23525?addrs=134.76.239.90-23525>
...
006 (20710.000.000) 02/25 04:09:55 Image size of job updated: 26264
	4  -  MemoryUsage of job (MB)
	3308  -  ResidentSetSize of job (KB)
...
006 (20710.000.000) 02/25 04:14:56 Image size of job updated: 1145004
	937  -  MemoryUsage of job (MB)
	959060  -  ResidentSetSize of job (KB)
...
006 (20710.000.000) 02/25 04:19:57 Image size of job updated: 1146056
	937  -  MemoryUsage of job (MB)
	959060  -  ResidentSetSize of job (KB)
...
006 (20710.000.000) 02/25 04:44:58 Image size of job updated: 1294996
	1065  -  MemoryUsage of job (MB)
	1089552  -  ResidentSetSize of job (KB)
...
006 (20710.000.000) 02/25 05:05:00 Image size of job updated: 1294996
	1065  -  MemoryUsage of job (MB)
	1089884  -  ResidentSetSize of job (KB)
...
006 (20710.000.000) 02/25 05:20:01 Image size of job updated: 1415944
	1209  -  MemoryUsage of job (MB)
	1237152  -  ResidentSetSize of job (KB)
...
006 (20710.000.000) 02/25 05:30:02 Image size of job updated: 1415944
	1209  -  MemoryUsage of job (MB)
	1237496  -  ResidentSetSize of job (KB)
...
006 (20710.000.000) 02/25 05:55:05 Image size of job updated: 1416376
	1209  -  MemoryUsage of job (MB)
	1237820  -  ResidentSetSize of job (KB)
...
006 (20710.000.000) 02/25 06:20:08 Image size of job updated: 1440912
	1233  -  MemoryUsage of job (MB)
	1262360  -  ResidentSetSize of job (KB)
...
006 (20710.000.000) 02/25 06:25:08 Image size of job updated: 1440912
	1233  -  MemoryUsage of job (MB)
	1262364  -  ResidentSetSize of job (KB)
...
006 (20710.000.000) 02/25 06:30:09 Image size of job updated: 1440912
	1233  -  MemoryUsage of job (MB)
	1262380  -  ResidentSetSize of job (KB)
...
006 (20710.000.000) 02/25 08:30:22 Image size of job updated: 1454524
	1242  -  MemoryUsage of job (MB)
	1271148  -  ResidentSetSize of job (KB)
...
006 (20710.000.000) 02/25 08:35:22 Image size of job updated: 1454524
	1242  -  MemoryUsage of job (MB)
	1271172  -  ResidentSetSize of job (KB)
...
005 (20710.000.000) 02/25 09:43:33 Job terminated.
	(1) Normal termination (return value 127)
		Usr 0 09:21:13, Sys 0 00:02:16  -  Run Remote Usage
		Usr 0 00:00:00, Sys 0 00:00:00  -  Run Local Usage
		Usr 0 09:21:13, Sys 0 00:02:16  -  Total Remote Usage
		Usr 0 00:00:00, Sys 0 00:00:00  -  Total Local Usage
	0  -  Run Bytes Sent By Job
	0  -  Run Bytes Received By Job
	0  -  Total Bytes Sent By Job
	0  -  Total Bytes Received By Job
	Partitionable Resources :    Usage  Request Allocated
	   Cpus                 :                 2         2
	   Disk (KB)            :        1        1   5108803
	   Memory (MB)          :     1242        1         1
...
