DATE: 2016-02-26
TIME: 16:59:32
                                         version_number        8118
 read inlist_1.0
 create pre-main-sequence model
                                                species           8
 abundances
                                                     h1    6.4258700000000002D-01
                                                    he3    3.6162197300530030D-05
                                                    he4    3.3976983780269948D-01
                                                    c12    3.0298219012283648D-03
                                                    n14    8.8753237670760002D-04
                                                    o16    8.2404691723563343D-03
                                                   ne20    1.8482595667163161D-03
                                                   mg24    3.6009169829913142D-03


                                        relax_num_steps


                               finished relax_num_steps

 new_lnPgas_flag T
                                        relax_initial_Z    1.7607000000000001D-02
                                                  new z    1.7606999999999741D-02
                                        relax_initial_Y    3.3980600000000000D-01
                                                  new y    3.3980600000000005D-01
 net name basic.net
 do_element_diffusion T
 lnPgas_flag T
 kappa_file_prefix gs98
 kappa_lowT_prefix lowT_fa05_gs98
   eos_file_prefix mesa
                                        OMP_NUM_THREADS           1



stop because Lnuc_div_L >= Lnuc_div_L_zams_limit
    0.1004252353E+01    0.9990000000E+00

        809   7.103894   5333.425  -0.455667  -0.455667   0.781161   0.781161   0.642091   0.001103   0.339805   0.642486  -1.552718    795      0
   6.183531   1.943786  -0.159251 -48.600994  -2.025033 -99.000000   0.000000   0.340271   0.008240   0.017607   0.339903   0.091045      4      0
 4.9875E+07  17.158010  -0.457510 -99.000000   4.963541  -6.537855   0.000000   0.002846   0.001848  1.764E-02  1.761E-02 -0.425E-11  max increase

save photos/x809 for model 809
save final_profile.data write fgong_plot.data
                               s% atm_structure_num_pts          70
save final_profile.data.FGONG    809
 final_profile.data.FGONG for model 809
 saved to zams.mod
termination code: Lnuc_div_L_zams_limit

       runtime, prev time, retries, backups, steps         7.7        28.2         0         0       809
        809   7.103894   5333.425  -0.455667  -0.455667   0.781161   0.781161   0.642091   0.001103   0.339805   0.642486  -1.552718    795      0
   6.183531   1.943786  -0.159251 -48.600994  -2.025033 -99.000000   0.000000   0.340271   0.008240   0.017607   0.339903   0.091045      4      0
 4.9875E+07  17.158010  -0.457510 -99.000000   4.963541  -6.537855   0.000000   0.002846   0.001848  1.764E-02  1.761E-02 -0.425E-11  max increase

DATE: 2016-02-26
TIME: 17:09:15
DATE: 2016-02-26
TIME: 17:09:15
                                         version_number        8118
 read inlist_1.0
load saved model zams.mod

 new_lnPgas_flag T
 net name basic.net
 do_element_diffusion T
 lnPgas_flag T
                       which_atm_option: Eddington_grey
 kappa_file_prefix gs98
 kappa_lowT_prefix lowT_fa05_gs98
   eos_file_prefix mesa
                                        OMP_NUM_THREADS           1


__________________________________________________________________________________________________________________________________________________

       step    lg_Tcntr    Teff       lg_LH     lg_Lnuc     Mass       H_rich     H_cntr     N_cntr     Y_surf     X_avg     eta_cntr  zones retry
   lg_dt_yr    lg_Dcntr    lg_R       lg_L3a    lg_Lneu     lg_Mdot    He_core    He_cntr    O_cntr     Z_surf     Y_avg     gam_cntr  iters bckup
     age_yr    lg_Pcntr    lg_L       lg_LZ     lg_Psurf    lg_Dsurf   C_core     C_cntr     Ne_cntr    Z_cntr     Z_avg     v_div_cs     dt_limit
__________________________________________________________________________________________________________________________________________________

