000 (20217.000.000) 02/24 21:34:46 Job submitted from host: <134.76.239.76:13753?addrs=134.76.239.76-13753>
...
001 (20217.000.000) 02/24 22:11:39 Job executing on host: <134.76.239.87:13734?addrs=134.76.239.87-13734>
...
006 (20217.000.000) 02/24 22:11:50 Image size of job updated: 65712
	3  -  MemoryUsage of job (MB)
	2328  -  ResidentSetSize of job (KB)
...
006 (20217.000.000) 02/24 22:16:51 Image size of job updated: 1141044
	927  -  MemoryUsage of job (MB)
	948864  -  ResidentSetSize of job (KB)
...
006 (20217.000.000) 02/24 22:21:51 Image size of job updated: 1146264
	932  -  MemoryUsage of job (MB)
	953960  -  ResidentSetSize of job (KB)
...
006 (20217.000.000) 02/24 22:26:51 Image size of job updated: 1147064
	932  -  MemoryUsage of job (MB)
	953960  -  ResidentSetSize of job (KB)
...
006 (20217.000.000) 02/24 22:36:52 Image size of job updated: 1242768
	1071  -  MemoryUsage of job (MB)
	1096592  -  ResidentSetSize of job (KB)
...
006 (20217.000.000) 02/24 22:56:54 Image size of job updated: 1242768
	1071  -  MemoryUsage of job (MB)
	1096596  -  ResidentSetSize of job (KB)
...
006 (20217.000.000) 02/24 23:11:55 Image size of job updated: 1242768
	1072  -  MemoryUsage of job (MB)
	1096932  -  ResidentSetSize of job (KB)
...
006 (20217.000.000) 02/24 23:21:56 Image size of job updated: 1242768
	1072  -  MemoryUsage of job (MB)
	1096940  -  ResidentSetSize of job (KB)
...
006 (20217.000.000) 02/24 23:26:57 Image size of job updated: 1242768
	1072  -  MemoryUsage of job (MB)
	1096944  -  ResidentSetSize of job (KB)
...
006 (20217.000.000) 02/24 23:36:58 Image size of job updated: 1429252
	1216  -  MemoryUsage of job (MB)
	1244212  -  ResidentSetSize of job (KB)
...
006 (20217.000.000) 02/24 23:51:59 Image size of job updated: 1429252
	1216  -  MemoryUsage of job (MB)
	1244540  -  ResidentSetSize of job (KB)
...
006 (20217.000.000) 02/24 23:57:01 Image size of job updated: 1429252
	1216  -  MemoryUsage of job (MB)
	1244548  -  ResidentSetSize of job (KB)
...
006 (20217.000.000) 02/25 00:27:03 Image size of job updated: 1429252
	1216  -  MemoryUsage of job (MB)
	1244868  -  ResidentSetSize of job (KB)
...
006 (20217.000.000) 02/25 01:27:10 Image size of job updated: 1429252
	1221  -  MemoryUsage of job (MB)
	1249540  -  ResidentSetSize of job (KB)
...
006 (20217.000.000) 02/25 01:32:10 Image size of job updated: 1429756
	1221  -  MemoryUsage of job (MB)
	1249540  -  ResidentSetSize of job (KB)
...
006 (20217.000.000) 02/25 06:17:40 Image size of job updated: 12290040
	1221  -  MemoryUsage of job (MB)
	1249540  -  ResidentSetSize of job (KB)
...
005 (20217.000.000) 02/25 06:18:19 Job terminated.
	(1) Normal termination (return value 0)
		Usr 0 13:36:25, Sys 0 00:03:09  -  Run Remote Usage
		Usr 0 00:00:00, Sys 0 00:00:00  -  Run Local Usage
		Usr 0 13:36:25, Sys 0 00:03:09  -  Total Remote Usage
		Usr 0 00:00:00, Sys 0 00:00:00  -  Total Local Usage
	0  -  Run Bytes Sent By Job
	0  -  Run Bytes Received By Job
	0  -  Total Bytes Sent By Job
	0  -  Total Bytes Received By Job
	Partitionable Resources :    Usage  Request Allocated
	   Cpus                 :                 2         2
	   Disk (KB)            :        1        1   5108791
	   Memory (MB)          :     1221        1         1
...
