000 (20680.000.000) 02/24 21:35:10 Job submitted from host: <134.76.239.76:13753?addrs=134.76.239.76-13753>
...
001 (20680.000.000) 02/25 03:51:46 Job executing on host: <134.76.239.91:19968?addrs=134.76.239.91-19968>
...
006 (20680.000.000) 02/25 03:51:54 Image size of job updated: 1
	3  -  MemoryUsage of job (MB)
	2072  -  ResidentSetSize of job (KB)
...
006 (20680.000.000) 02/25 03:56:54 Image size of job updated: 1144424
	925  -  MemoryUsage of job (MB)
	946416  -  ResidentSetSize of job (KB)
...
006 (20680.000.000) 02/25 04:01:55 Image size of job updated: 1146204
	925  -  MemoryUsage of job (MB)
	946416  -  ResidentSetSize of job (KB)
...
006 (20680.000.000) 02/25 04:06:56 Image size of job updated: 1260256
	1077  -  MemoryUsage of job (MB)
	1102820  -  ResidentSetSize of job (KB)
...
006 (20680.000.000) 02/25 04:11:56 Image size of job updated: 1260256
	1078  -  MemoryUsage of job (MB)
	1103156  -  ResidentSetSize of job (KB)
...
006 (20680.000.000) 02/25 04:16:56 Image size of job updated: 1446740
	1222  -  MemoryUsage of job (MB)
	1250456  -  ResidentSetSize of job (KB)
...
006 (20680.000.000) 02/25 04:21:57 Image size of job updated: 1536812
	1307  -  MemoryUsage of job (MB)
	1338348  -  ResidentSetSize of job (KB)
...
006 (20680.000.000) 02/25 04:26:57 Image size of job updated: 1542076
	1312  -  MemoryUsage of job (MB)
	1342588  -  ResidentSetSize of job (KB)
...
006 (20680.000.000) 02/25 04:31:57 Image size of job updated: 1542084
	1312  -  MemoryUsage of job (MB)
	1342588  -  ResidentSetSize of job (KB)
...
006 (20680.000.000) 02/25 05:02:01 Image size of job updated: 1542084
	1313  -  MemoryUsage of job (MB)
	1343752  -  ResidentSetSize of job (KB)
...
006 (20680.000.000) 02/25 05:07:02 Image size of job updated: 1542088
	1313  -  MemoryUsage of job (MB)
	1343752  -  ResidentSetSize of job (KB)
...
005 (20680.000.000) 02/25 05:56:10 Job terminated.
	(1) Normal termination (return value 0)
		Usr 0 03:15:50, Sys 0 00:00:30  -  Run Remote Usage
		Usr 0 00:00:00, Sys 0 00:00:00  -  Run Local Usage
		Usr 0 03:15:50, Sys 0 00:00:30  -  Total Remote Usage
		Usr 0 00:00:00, Sys 0 00:00:00  -  Total Local Usage
	0  -  Run Bytes Sent By Job
	0  -  Run Bytes Received By Job
	0  -  Total Bytes Sent By Job
	0  -  Total Bytes Received By Job
	Partitionable Resources :    Usage  Request Allocated
	   Cpus                 :                 2         2
	   Disk (KB)            :        1        1   5108667
	   Memory (MB)          :     1313        1         1
...
