DATE: 2016-02-26
TIME: 16:59:38
                                         version_number        8118
 read inlist_1.0
 create pre-main-sequence model
                                                species           8
 abundances
                                                     h1    7.1535800000000005D-01
                                                    he3    2.7881328044112710D-05
                                                    he4    2.6196511867195588D-01
                                                    c12    3.8974519362140782D-03
                                                    n14    1.1416891463651073D-03
                                                    o16    1.0600237762520516D-02
                                                   ne20    2.3775334200350920D-03
                                                   mg24    4.6320877348651271D-03


                                        relax_num_steps


                               finished relax_num_steps

 new_lnPgas_flag T
                                        relax_initial_Z    2.2648999999999999D-02
                                                  new z    2.2649000000000065D-02
                                        relax_initial_Y    2.6199299999999998D-01
                                                  new y    2.6199300000000014D-01
 net name basic.net
 do_element_diffusion T
 lnPgas_flag T
 kappa_file_prefix gs98
 kappa_lowT_prefix lowT_fa05_gs98
   eos_file_prefix mesa
                                        OMP_NUM_THREADS           1



stop because Lnuc_div_L >= Lnuc_div_L_zams_limit
    0.1005308984E+01    0.9990000000E+00

        812   7.118225   5422.887  -0.262633  -0.262633   0.985068   0.985068   0.714582   0.001525   0.261592   0.715251  -1.753039    802      0
   6.089580   1.865356  -0.077412 -48.276266  -1.811539 -99.000000   0.000000   0.262697   0.010607   0.022619   0.262093   0.080366      4      0
 4.6681E+07  17.117650  -0.264933 -99.000000   4.865049  -6.679238   0.000000   0.003572   0.002380  2.272E-02  2.266E-02 -0.724E-11  max increase

save photos/x812 for model 812
save final_profile.data write fgong_plot.data
                               s% atm_structure_num_pts          64
save final_profile.data.FGONG    812
 final_profile.data.FGONG for model 812
 saved to zams.mod
termination code: Lnuc_div_L_zams_limit

       runtime, prev time, retries, backups, steps         9.8        28.2         0         0       812
        812   7.118225   5422.887  -0.262633  -0.262633   0.985068   0.985068   0.714582   0.001525   0.261592   0.715251  -1.753039    802      0
   6.089580   1.865356  -0.077412 -48.276266  -1.811539 -99.000000   0.000000   0.262697   0.010607   0.022619   0.262093   0.080366      4      0
 4.6681E+07  17.117650  -0.264933 -99.000000   4.865049  -6.679238   0.000000   0.003572   0.002380  2.272E-02  2.266E-02 -0.724E-11  max increase

DATE: 2016-02-26
TIME: 17:11:34
DATE: 2016-02-26
TIME: 17:11:35
                                         version_number        8118
 read inlist_1.0
load saved model zams.mod

 new_lnPgas_flag T
 net name basic.net
 do_element_diffusion T
 lnPgas_flag T
                       which_atm_option: Eddington_grey
 kappa_file_prefix gs98
 kappa_lowT_prefix lowT_fa05_gs98
   eos_file_prefix mesa
                                        OMP_NUM_THREADS           1


__________________________________________________________________________________________________________________________________________________

       step    lg_Tcntr    Teff       lg_LH     lg_Lnuc     Mass       H_rich     H_cntr     N_cntr     Y_surf     X_avg     eta_cntr  zones retry
   lg_dt_yr    lg_Dcntr    lg_R       lg_L3a    lg_Lneu     lg_Mdot    He_core    He_cntr    O_cntr     Z_surf     Y_avg     gam_cntr  iters bckup
     age_yr    lg_Pcntr    lg_L       lg_LZ     lg_Psurf    lg_Dsurf   C_core     C_cntr     Ne_cntr    Z_cntr     Z_avg     v_div_cs     dt_limit
__________________________________________________________________________________________________________________________________________________

