000 (20150.000.000) 02/24 21:34:42 Job submitted from host: <134.76.239.76:13753?addrs=134.76.239.76-13753>
...
001 (20150.000.000) 02/24 21:35:13 Job executing on host: <134.76.239.86:20177?addrs=134.76.239.86-20177>
...
006 (20150.000.000) 02/24 21:35:27 Image size of job updated: 40944
	4  -  MemoryUsage of job (MB)
	3836  -  ResidentSetSize of job (KB)
...
006 (20150.000.000) 02/24 21:40:28 Image size of job updated: 1139496
	917  -  MemoryUsage of job (MB)
	938756  -  ResidentSetSize of job (KB)
...
006 (20150.000.000) 02/24 21:45:28 Image size of job updated: 1145884
	923  -  MemoryUsage of job (MB)
	945008  -  ResidentSetSize of job (KB)
...
006 (20150.000.000) 02/24 22:00:29 Image size of job updated: 1145884
	974  -  MemoryUsage of job (MB)
	997192  -  ResidentSetSize of job (KB)
...
006 (20150.000.000) 02/24 22:05:29 Image size of job updated: 1145884
	975  -  MemoryUsage of job (MB)
	997500  -  ResidentSetSize of job (KB)
...
006 (20150.000.000) 02/24 22:10:30 Image size of job updated: 1145884
	975  -  MemoryUsage of job (MB)
	997504  -  ResidentSetSize of job (KB)
...
006 (20150.000.000) 02/24 22:20:31 Image size of job updated: 1145884
	975  -  MemoryUsage of job (MB)
	997508  -  ResidentSetSize of job (KB)
...
006 (20150.000.000) 02/24 22:25:32 Image size of job updated: 1308132
	1131  -  MemoryUsage of job (MB)
	1157940  -  ResidentSetSize of job (KB)
...
006 (20150.000.000) 02/24 22:35:33 Image size of job updated: 1308132
	1131  -  MemoryUsage of job (MB)
	1157944  -  ResidentSetSize of job (KB)
...
006 (20150.000.000) 02/24 22:45:34 Image size of job updated: 1308132
	1132  -  MemoryUsage of job (MB)
	1158220  -  ResidentSetSize of job (KB)
...
006 (20150.000.000) 02/24 23:05:37 Image size of job updated: 1494616
	1275  -  MemoryUsage of job (MB)
	1305488  -  ResidentSetSize of job (KB)
...
006 (20150.000.000) 02/24 23:15:37 Image size of job updated: 1494616
	1276  -  MemoryUsage of job (MB)
	1305828  -  ResidentSetSize of job (KB)
...
006 (20150.000.000) 02/24 23:20:38 Image size of job updated: 1495240
	1276  -  MemoryUsage of job (MB)
	1306528  -  ResidentSetSize of job (KB)
...
006 (20150.000.000) 02/24 23:40:40 Image size of job updated: 1495240
	1277  -  MemoryUsage of job (MB)
	1306852  -  ResidentSetSize of job (KB)
...
006 (20150.000.000) 02/24 23:45:40 Image size of job updated: 1495240
	1281  -  MemoryUsage of job (MB)
	1310888  -  ResidentSetSize of job (KB)
...
006 (20150.000.000) 02/24 23:50:41 Image size of job updated: 1544312
	1347  -  MemoryUsage of job (MB)
	1378608  -  ResidentSetSize of job (KB)
...
006 (20150.000.000) 02/25 00:05:42 Image size of job updated: 1547908
	1347  -  MemoryUsage of job (MB)
	1378680  -  ResidentSetSize of job (KB)
...
006 (20150.000.000) 02/25 00:10:44 Image size of job updated: 1547908
	1347  -  MemoryUsage of job (MB)
	1378688  -  ResidentSetSize of job (KB)
...
006 (20150.000.000) 02/25 00:20:44 Image size of job updated: 1547908
	1347  -  MemoryUsage of job (MB)
	1378696  -  ResidentSetSize of job (KB)
...
006 (20150.000.000) 02/25 00:25:45 Image size of job updated: 1547908
	1347  -  MemoryUsage of job (MB)
	1378700  -  ResidentSetSize of job (KB)
...
006 (20150.000.000) 02/25 00:30:46 Image size of job updated: 1547908
	1347  -  MemoryUsage of job (MB)
	1379160  -  ResidentSetSize of job (KB)
...
006 (20150.000.000) 02/25 02:20:57 Image size of job updated: 1547908
	1349  -  MemoryUsage of job (MB)
	1380832  -  ResidentSetSize of job (KB)
...
006 (20150.000.000) 02/25 02:30:58 Image size of job updated: 1547908
	1349  -  MemoryUsage of job (MB)
	1380836  -  ResidentSetSize of job (KB)
...
006 (20150.000.000) 02/25 02:35:58 Image size of job updated: 1547908
	1349  -  MemoryUsage of job (MB)
	1380844  -  ResidentSetSize of job (KB)
...
006 (20150.000.000) 02/25 02:40:59 Image size of job updated: 1547908
	1351  -  MemoryUsage of job (MB)
	1382900  -  ResidentSetSize of job (KB)
...
006 (20150.000.000) 02/25 03:01:01 Image size of job updated: 1547908
	1351  -  MemoryUsage of job (MB)
	1383000  -  ResidentSetSize of job (KB)
...
006 (20150.000.000) 02/25 04:43:15 Image size of job updated: 3385628
	1351  -  MemoryUsage of job (MB)
	1383000  -  ResidentSetSize of job (KB)
...
005 (20150.000.000) 02/25 04:43:15 Job terminated.
	(1) Normal termination (return value 0)
		Usr 0 11:16:03, Sys 0 00:02:50  -  Run Remote Usage
		Usr 0 00:00:00, Sys 0 00:00:00  -  Run Local Usage
		Usr 0 11:16:03, Sys 0 00:02:50  -  Total Remote Usage
		Usr 0 00:00:00, Sys 0 00:00:00  -  Total Local Usage
	0  -  Run Bytes Sent By Job
	0  -  Run Bytes Received By Job
	0  -  Total Bytes Sent By Job
	0  -  Total Bytes Received By Job
	Partitionable Resources :    Usage  Request Allocated
	   Cpus                 :                 2         2
	   Disk (KB)            :        1        1   5108782
	   Memory (MB)          :     1351        1         1
...
