000 (20590.000.000) 02/24 21:35:06 Job submitted from host: <134.76.239.76:13753?addrs=134.76.239.76-13753>
...
001 (20590.000.000) 02/25 02:46:43 Job executing on host: <134.76.239.91:19968?addrs=134.76.239.91-19968>
...
006 (20590.000.000) 02/25 02:46:52 Image size of job updated: 1
	3  -  MemoryUsage of job (MB)
	2064  -  ResidentSetSize of job (KB)
...
006 (20590.000.000) 02/25 02:51:53 Image size of job updated: 1145736
	933  -  MemoryUsage of job (MB)
	955388  -  ResidentSetSize of job (KB)
...
006 (20590.000.000) 02/25 03:21:56 Image size of job updated: 1242740
	1061  -  MemoryUsage of job (MB)
	1086132  -  ResidentSetSize of job (KB)
...
006 (20590.000.000) 02/25 03:36:57 Image size of job updated: 1242740
	1061  -  MemoryUsage of job (MB)
	1086460  -  ResidentSetSize of job (KB)
...
006 (20590.000.000) 02/25 03:41:58 Image size of job updated: 1246264
	1064  -  MemoryUsage of job (MB)
	1088516  -  ResidentSetSize of job (KB)
...
006 (20590.000.000) 02/25 03:46:58 Image size of job updated: 1432748
	1207  -  MemoryUsage of job (MB)
	1235792  -  ResidentSetSize of job (KB)
...
006 (20590.000.000) 02/25 03:51:59 Image size of job updated: 1457284
	1231  -  MemoryUsage of job (MB)
	1260344  -  ResidentSetSize of job (KB)
...
006 (20590.000.000) 02/25 03:57:00 Image size of job updated: 1459296
	1235  -  MemoryUsage of job (MB)
	1264232  -  ResidentSetSize of job (KB)
...
006 (20590.000.000) 02/25 04:02:00 Image size of job updated: 1524832
	1297  -  MemoryUsage of job (MB)
	1327132  -  ResidentSetSize of job (KB)
...
006 (20590.000.000) 02/25 04:12:02 Image size of job updated: 1524832
	1297  -  MemoryUsage of job (MB)
	1327400  -  ResidentSetSize of job (KB)
...
006 (20590.000.000) 02/25 04:17:02 Image size of job updated: 1524832
	1297  -  MemoryUsage of job (MB)
	1327552  -  ResidentSetSize of job (KB)
...
006 (20590.000.000) 02/25 05:37:11 Image size of job updated: 1524832
	1307  -  MemoryUsage of job (MB)
	1337388  -  ResidentSetSize of job (KB)
...
006 (20590.000.000) 02/25 05:52:12 Image size of job updated: 1524832
	1307  -  MemoryUsage of job (MB)
	1337660  -  ResidentSetSize of job (KB)
...
006 (20590.000.000) 02/25 06:02:13 Image size of job updated: 1524832
	1307  -  MemoryUsage of job (MB)
	1337896  -  ResidentSetSize of job (KB)
...
006 (20590.000.000) 02/25 07:20:36 Image size of job updated: 10984556
	1307  -  MemoryUsage of job (MB)
	1337896  -  ResidentSetSize of job (KB)
...
005 (20590.000.000) 02/25 07:20:36 Job terminated.
	(1) Normal termination (return value 0)
		Usr 0 07:38:22, Sys 0 00:01:24  -  Run Remote Usage
		Usr 0 00:00:00, Sys 0 00:00:00  -  Run Local Usage
		Usr 0 07:38:22, Sys 0 00:01:24  -  Total Remote Usage
		Usr 0 00:00:00, Sys 0 00:00:00  -  Total Local Usage
	0  -  Run Bytes Sent By Job
	0  -  Run Bytes Received By Job
	0  -  Total Bytes Sent By Job
	0  -  Total Bytes Received By Job
	Partitionable Resources :    Usage  Request Allocated
	   Cpus                 :                 2         2
	   Disk (KB)            :        1        1   5108683
	   Memory (MB)          :     1307        1         1
...
