000 (20186.000.000) 02/24 21:34:44 Job submitted from host: <134.76.239.76:13753?addrs=134.76.239.76-13753>
...
001 (20186.000.000) 02/24 22:10:37 Job executing on host: <134.76.239.88:25067?addrs=134.76.239.88-25067>
...
006 (20186.000.000) 02/24 22:10:45 Image size of job updated: 45168
	4  -  MemoryUsage of job (MB)
	4032  -  ResidentSetSize of job (KB)
...
006 (20186.000.000) 02/24 22:15:45 Image size of job updated: 1145552
	923  -  MemoryUsage of job (MB)
	944248  -  ResidentSetSize of job (KB)
...
006 (20186.000.000) 02/24 22:20:46 Image size of job updated: 1147176
	923  -  MemoryUsage of job (MB)
	944248  -  ResidentSetSize of job (KB)
...
006 (20186.000.000) 02/24 23:00:50 Image size of job updated: 1267516
	1061  -  MemoryUsage of job (MB)
	1085548  -  ResidentSetSize of job (KB)
...
006 (20186.000.000) 02/24 23:05:50 Image size of job updated: 1267516
	1061  -  MemoryUsage of job (MB)
	1085552  -  ResidentSetSize of job (KB)
...
006 (20186.000.000) 02/24 23:15:52 Image size of job updated: 1267516
	1061  -  MemoryUsage of job (MB)
	1085556  -  ResidentSetSize of job (KB)
...
006 (20186.000.000) 02/24 23:20:52 Image size of job updated: 1267516
	1061  -  MemoryUsage of job (MB)
	1085876  -  ResidentSetSize of job (KB)
...
006 (20186.000.000) 02/24 23:25:52 Image size of job updated: 1267516
	1061  -  MemoryUsage of job (MB)
	1085880  -  ResidentSetSize of job (KB)
...
006 (20186.000.000) 02/24 23:30:53 Image size of job updated: 1267516
	1061  -  MemoryUsage of job (MB)
	1085884  -  ResidentSetSize of job (KB)
...
006 (20186.000.000) 02/24 23:35:53 Image size of job updated: 1454000
	1205  -  MemoryUsage of job (MB)
	1233148  -  ResidentSetSize of job (KB)
...
006 (20186.000.000) 02/24 23:45:54 Image size of job updated: 1454000
	1205  -  MemoryUsage of job (MB)
	1233472  -  ResidentSetSize of job (KB)
...
006 (20186.000.000) 02/24 23:50:55 Image size of job updated: 1454000
	1205  -  MemoryUsage of job (MB)
	1233476  -  ResidentSetSize of job (KB)
...
006 (20186.000.000) 02/24 23:55:55 Image size of job updated: 1454416
	1205  -  MemoryUsage of job (MB)
	1233480  -  ResidentSetSize of job (KB)
...
006 (20186.000.000) 02/25 00:05:57 Image size of job updated: 1454416
	1205  -  MemoryUsage of job (MB)
	1233804  -  ResidentSetSize of job (KB)
...
006 (20186.000.000) 02/25 00:30:59 Image size of job updated: 1454416
	1205  -  MemoryUsage of job (MB)
	1233812  -  ResidentSetSize of job (KB)
...
006 (20186.000.000) 02/25 00:36:00 Image size of job updated: 1457416
	1206  -  MemoryUsage of job (MB)
	1233960  -  ResidentSetSize of job (KB)
...
006 (20186.000.000) 02/25 00:41:01 Image size of job updated: 1457416
	1207  -  MemoryUsage of job (MB)
	1235212  -  ResidentSetSize of job (KB)
...
006 (20186.000.000) 02/25 01:46:07 Image size of job updated: 1457416
	1216  -  MemoryUsage of job (MB)
	1244676  -  ResidentSetSize of job (KB)
...
006 (20186.000.000) 02/25 01:56:08 Image size of job updated: 1457416
	1216  -  MemoryUsage of job (MB)
	1245020  -  ResidentSetSize of job (KB)
...
006 (20186.000.000) 02/25 02:01:09 Image size of job updated: 1457416
	1219  -  MemoryUsage of job (MB)
	1247248  -  ResidentSetSize of job (KB)
...
006 (20186.000.000) 02/25 02:16:10 Image size of job updated: 1457416
	1219  -  MemoryUsage of job (MB)
	1247568  -  ResidentSetSize of job (KB)
...
006 (20186.000.000) 02/25 02:46:13 Image size of job updated: 1457416
	1219  -  MemoryUsage of job (MB)
	1247580  -  ResidentSetSize of job (KB)
...
006 (20186.000.000) 02/25 02:51:14 Image size of job updated: 1457416
	1219  -  MemoryUsage of job (MB)
	1247584  -  ResidentSetSize of job (KB)
...
006 (20186.000.000) 02/25 02:56:15 Image size of job updated: 1457416
	1219  -  MemoryUsage of job (MB)
	1247732  -  ResidentSetSize of job (KB)
...
006 (20186.000.000) 02/25 03:01:15 Image size of job updated: 1457416
	1219  -  MemoryUsage of job (MB)
	1247768  -  ResidentSetSize of job (KB)
...
006 (20186.000.000) 02/25 04:24:03 Image size of job updated: 11134480
	1219  -  MemoryUsage of job (MB)
	1247768  -  ResidentSetSize of job (KB)
...
005 (20186.000.000) 02/25 04:24:03 Job terminated.
	(1) Normal termination (return value 0)
		Usr 0 10:24:09, Sys 0 00:01:47  -  Run Remote Usage
		Usr 0 00:00:00, Sys 0 00:00:00  -  Run Local Usage
		Usr 0 10:24:09, Sys 0 00:01:47  -  Total Remote Usage
		Usr 0 00:00:00, Sys 0 00:00:00  -  Total Local Usage
	0  -  Run Bytes Sent By Job
	0  -  Run Bytes Received By Job
	0  -  Total Bytes Sent By Job
	0  -  Total Bytes Received By Job
	Partitionable Resources :    Usage  Request Allocated
	   Cpus                 :                 2         2
	   Disk (KB)            :        1        1   5108758
	   Memory (MB)          :     1219        1         1
...
