DATE: 2016-02-26
TIME: 16:59:48
                                         version_number        8118
 read inlist_1.0
 create pre-main-sequence model
                                                species           8
 abundances
                                                     h1    6.9360600000000006D-01
                                                    he3    3.2547105623811548D-05
                                                    he4    3.0580345289437627D-01
                                                    c12    9.6020936041665923D-05
                                                    n14    2.8127623456744178D-05
                                                    o16    2.6115646039503245D-04
                                                   ne20    5.8574932596570497D-05
                                                   mg24    1.1412004751004550D-04


                                        relax_num_steps


                               finished relax_num_steps

 new_lnPgas_flag T
                                        relax_initial_Z    5.5800000000000001D-04
                                                  new z    5.5799999999937356D-04
                                        relax_initial_Y    3.0583600000000000D-01
                                                  new y    3.0583600000000027D-01
 net name basic.net
 do_element_diffusion T
 lnPgas_flag T
 kappa_file_prefix gs98
 kappa_lowT_prefix lowT_fa05_gs98
   eos_file_prefix mesa
                                        OMP_NUM_THREADS           1



stop because Lnuc_div_L >= Lnuc_div_L_zams_limit
    0.9996232210E+00    0.9990000000E+00

        895   7.214253   7548.355   0.358976   0.358976   1.006271   1.006271   0.692890   0.000131   0.305831   0.693391  -1.689736    872      0
   6.072682   2.039537  -0.052619 -42.871230  -1.251938 -99.000000   0.000000   0.306537   0.000261   0.000558   0.306048   0.073674      2      0
 1.7789E+07  17.382557   0.359140 -99.000000   4.164900  -7.511188   0.000000   0.000008   0.000059  5.727E-04  5.616E-04  0.401E-12  max increase

save photos/x895 for model 895
save final_profile.data write fgong_plot.data
                               s% atm_structure_num_pts          49
save final_profile.data.FGONG    895
 final_profile.data.FGONG for model 895
 saved to zams.mod
termination code: Lnuc_div_L_zams_limit

       runtime, prev time, retries, backups, steps         8.2        28.2         0         0       895
        895   7.214253   7548.355   0.358976   0.358976   1.006271   1.006271   0.692890   0.000131   0.305831   0.693391  -1.689736    872      0
   6.072682   2.039537  -0.052619 -42.871230  -1.251938 -99.000000   0.000000   0.306537   0.000261   0.000558   0.306048   0.073674      2      0
 1.7789E+07  17.382557   0.359140 -99.000000   4.164900  -7.511188   0.000000   0.000008   0.000059  5.727E-04  5.616E-04  0.401E-12  max increase

DATE: 2016-02-26
TIME: 17:09:41
DATE: 2016-02-26
TIME: 17:09:41
                                         version_number        8118
 read inlist_1.0
load saved model zams.mod

 new_lnPgas_flag T
 net name basic.net
 do_element_diffusion T
 lnPgas_flag T
                       which_atm_option: Eddington_grey
 kappa_file_prefix gs98
 kappa_lowT_prefix lowT_fa05_gs98
   eos_file_prefix mesa
                                        OMP_NUM_THREADS           1


__________________________________________________________________________________________________________________________________________________

       step    lg_Tcntr    Teff       lg_LH     lg_Lnuc     Mass       H_rich     H_cntr     N_cntr     Y_surf     X_avg     eta_cntr  zones retry
   lg_dt_yr    lg_Dcntr    lg_R       lg_L3a    lg_Lneu     lg_Mdot    He_core    He_cntr    O_cntr     Z_surf     Y_avg     gam_cntr  iters bckup
     age_yr    lg_Pcntr    lg_L       lg_LZ     lg_Psurf    lg_Dsurf   C_core     C_cntr     Ne_cntr    Z_cntr     Z_avg     v_div_cs     dt_limit
__________________________________________________________________________________________________________________________________________________

        897   7.214207   7604.888   0.360239   0.360239   1.006271   1.006271   0.692738   0.000135   0.305835   0.693348  -1.688264    844      0
   5.903090   2.040123  -0.058748 -42.871882  -1.254145 -99.000000   0.000000   0.306688   0.000261   0.000558   0.306091   0.073720      4      0
 1.9589E+07  17.383055   0.359843 -14.875409   4.579406  -7.105652   0.000000   0.000004   0.000059  5.733E-04  5.618E-04  0.890E-12  max decrease

