000 (28346.000.000) 02/26 16:56:10 Job submitted from host: <134.76.239.76:15915?addrs=134.76.239.76-15915>
...
001 (28346.000.000) 02/26 16:56:17 Job executing on host: <134.76.239.78:24443?addrs=134.76.239.78-24443>
...
006 (28346.000.000) 02/26 16:56:29 Image size of job updated: 65712
	5  -  MemoryUsage of job (MB)
	4304  -  ResidentSetSize of job (KB)
...
006 (28346.000.000) 02/26 17:01:29 Image size of job updated: 1070644
	931  -  MemoryUsage of job (MB)
	952748  -  ResidentSetSize of job (KB)
...
006 (28346.000.000) 02/26 17:06:29 Image size of job updated: 1071304
	932  -  MemoryUsage of job (MB)
	953372  -  ResidentSetSize of job (KB)
...
006 (28346.000.000) 02/26 17:11:30 Image size of job updated: 1080600
	932  -  MemoryUsage of job (MB)
	953372  -  ResidentSetSize of job (KB)
...
006 (28346.000.000) 02/26 17:16:30 Image size of job updated: 1309292
	1162  -  MemoryUsage of job (MB)
	1188876  -  ResidentSetSize of job (KB)
...
