000 (20897.000.000) 02/24 21:35:22 Job submitted from host: <134.76.239.76:13753?addrs=134.76.239.76-13753>
...
001 (20897.000.000) 02/25 06:37:48 Job executing on host: <134.76.239.87:13734?addrs=134.76.239.87-13734>
...
006 (20897.000.000) 02/25 06:37:56 Image size of job updated: 827416
	627  -  MemoryUsage of job (MB)
	641992  -  ResidentSetSize of job (KB)
...
006 (20897.000.000) 02/25 06:42:56 Image size of job updated: 1145324
	936  -  MemoryUsage of job (MB)
	957960  -  ResidentSetSize of job (KB)
...
006 (20897.000.000) 02/25 06:47:57 Image size of job updated: 1146436
	936  -  MemoryUsage of job (MB)
	957960  -  ResidentSetSize of job (KB)
...
006 (20897.000.000) 02/25 06:52:58 Image size of job updated: 1294252
	1070  -  MemoryUsage of job (MB)
	1095116  -  ResidentSetSize of job (KB)
...
006 (20897.000.000) 02/25 07:02:58 Image size of job updated: 1294688
	1070  -  MemoryUsage of job (MB)
	1095452  -  ResidentSetSize of job (KB)
...
006 (20897.000.000) 02/25 07:12:59 Image size of job updated: 1415636
	1214  -  MemoryUsage of job (MB)
	1243068  -  ResidentSetSize of job (KB)
...
006 (20897.000.000) 02/25 07:23:00 Image size of job updated: 1415636
	1215  -  MemoryUsage of job (MB)
	1243384  -  ResidentSetSize of job (KB)
...
006 (20897.000.000) 02/25 07:33:01 Image size of job updated: 1418760
	1215  -  MemoryUsage of job (MB)
	1243864  -  ResidentSetSize of job (KB)
...
006 (20897.000.000) 02/25 07:38:02 Image size of job updated: 1418772
	1215  -  MemoryUsage of job (MB)
	1243864  -  ResidentSetSize of job (KB)
...
006 (20897.000.000) 02/25 08:03:04 Image size of job updated: 1429036
	1215  -  MemoryUsage of job (MB)
	1243864  -  ResidentSetSize of job (KB)
...
006 (20897.000.000) 02/25 08:23:06 Image size of job updated: 1432424
	1215  -  MemoryUsage of job (MB)
	1243864  -  ResidentSetSize of job (KB)
...
005 (20897.000.000) 02/25 09:21:58 Job terminated.
	(1) Normal termination (return value 0)
		Usr 0 04:29:45, Sys 0 00:01:20  -  Run Remote Usage
		Usr 0 00:00:00, Sys 0 00:00:00  -  Run Local Usage
		Usr 0 04:29:45, Sys 0 00:01:20  -  Total Remote Usage
		Usr 0 00:00:00, Sys 0 00:00:00  -  Total Local Usage
	0  -  Run Bytes Sent By Job
	0  -  Run Bytes Received By Job
	0  -  Total Bytes Sent By Job
	0  -  Total Bytes Received By Job
	Partitionable Resources :    Usage  Request Allocated
	   Cpus                 :                 2         2
	   Disk (KB)            :        1        1   5108705
	   Memory (MB)          :     1215        1         1
...
