000 (20234.000.000) 02/24 21:34:47 Job submitted from host: <134.76.239.76:13753?addrs=134.76.239.76-13753>
...
001 (20234.000.000) 02/24 22:20:35 Job executing on host: <134.76.239.85:29523?addrs=134.76.239.85-29523>
...
006 (20234.000.000) 02/24 22:20:43 Image size of job updated: 32156
	5  -  MemoryUsage of job (MB)
	4152  -  ResidentSetSize of job (KB)
...
006 (20234.000.000) 02/24 22:25:43 Image size of job updated: 1145064
	932  -  MemoryUsage of job (MB)
	953672  -  ResidentSetSize of job (KB)
...
006 (20234.000.000) 02/24 22:30:43 Image size of job updated: 1147440
	932  -  MemoryUsage of job (MB)
	953672  -  ResidentSetSize of job (KB)
...
006 (20234.000.000) 02/25 00:05:52 Image size of job updated: 1241948
	1062  -  MemoryUsage of job (MB)
	1086824  -  ResidentSetSize of job (KB)
...
006 (20234.000.000) 02/25 00:10:52 Image size of job updated: 1307484
	1122  -  MemoryUsage of job (MB)
	1148032  -  ResidentSetSize of job (KB)
...
006 (20234.000.000) 02/25 00:35:55 Image size of job updated: 1307484
	1124  -  MemoryUsage of job (MB)
	1150348  -  ResidentSetSize of job (KB)
...
006 (20234.000.000) 02/25 02:41:08 Image size of job updated: 1346928
	1130  -  MemoryUsage of job (MB)
	1156836  -  ResidentSetSize of job (KB)
...
006 (20234.000.000) 02/25 02:51:10 Image size of job updated: 1346928
	1130  -  MemoryUsage of job (MB)
	1156884  -  ResidentSetSize of job (KB)
...
006 (20234.000.000) 02/25 03:01:10 Image size of job updated: 1346928
	1130  -  MemoryUsage of job (MB)
	1156888  -  ResidentSetSize of job (KB)
...
006 (20234.000.000) 02/25 03:11:11 Image size of job updated: 1346928
	1130  -  MemoryUsage of job (MB)
	1156892  -  ResidentSetSize of job (KB)
...
006 (20234.000.000) 02/25 03:16:11 Image size of job updated: 1346928
	1130  -  MemoryUsage of job (MB)
	1156952  -  ResidentSetSize of job (KB)
...
006 (20234.000.000) 02/25 03:21:12 Image size of job updated: 1346928
	1130  -  MemoryUsage of job (MB)
	1156960  -  ResidentSetSize of job (KB)
...
006 (20234.000.000) 02/25 05:08:48 Image size of job updated: 12273688
	1130  -  MemoryUsage of job (MB)
	1156960  -  ResidentSetSize of job (KB)
...
005 (20234.000.000) 02/25 05:08:48 Job terminated.
	(1) Normal termination (return value 0)
		Usr 0 11:29:44, Sys 0 00:02:05  -  Run Remote Usage
		Usr 0 00:00:00, Sys 0 00:00:00  -  Run Local Usage
		Usr 0 11:29:44, Sys 0 00:02:05  -  Total Remote Usage
		Usr 0 00:00:00, Sys 0 00:00:00  -  Total Local Usage
	0  -  Run Bytes Sent By Job
	0  -  Run Bytes Received By Job
	0  -  Total Bytes Sent By Job
	0  -  Total Bytes Received By Job
	Partitionable Resources :    Usage  Request Allocated
	   Cpus                 :                 2         2
	   Disk (KB)            :        1        1   5108781
	   Memory (MB)          :     1130        1         1
...
