DATE: 2016-02-26
TIME: 16:59:41
                                         version_number        8118
 read inlist_1.0
 create pre-main-sequence model
                                                species           8
 abundances
                                                     h1    6.8346000000000007D-01
                                                    he3    3.3494883265049549D-05
                                                    he4    3.1470850511673504D-01
                                                    c12    3.0940079391199640D-04
                                                    n14    9.0633453360608940D-05
                                                    o16    8.4150415016166725D-04
                                                   ne20    1.8874144947781497D-04
                                                   mg24    3.6772015308787900D-04


                                        relax_num_steps


                               finished relax_num_steps

 new_lnPgas_flag T
                                        relax_initial_Z    1.7979999999999999D-03
                                                  new z    1.7979999999999221D-03
                                        relax_initial_Y    3.1474200000000002D-01
                                                  new y    3.1474199999999991D-01
 net name basic.net
 do_element_diffusion T
 lnPgas_flag T
 kappa_file_prefix gs98
 kappa_lowT_prefix lowT_fa05_gs98
   eos_file_prefix mesa
                                        OMP_NUM_THREADS           1



stop because Lnuc_div_L >= Lnuc_div_L_zams_limit
    0.9990153041E+00    0.9990000000E+00

        918   7.249958   8055.683   0.564115   0.564115   1.136349   1.136349   0.682501   0.000450   0.260671   0.683179  -1.833112    887      0
   6.070817   2.037047  -0.006417 -41.095608  -1.016301 -99.000000   0.000000   0.315650   0.000841   0.001095   0.315010   0.068082      2      0
 1.6569E+07  17.411904   0.564543 -99.000000   3.772746  -7.988075   0.000000   0.000002   0.000189  1.849E-03  1.811E-03 -0.275E-12  max increase

save photos/x918 for model 918
save final_profile.data write fgong_plot.data
                               s% atm_structure_num_pts          50
save final_profile.data.FGONG    918
 final_profile.data.FGONG for model 918
 saved to zams.mod
termination code: Lnuc_div_L_zams_limit

       runtime, prev time, retries, backups, steps         8.4        28.2         0         0       918
        918   7.249958   8055.683   0.564115   0.564115   1.136349   1.136349   0.682501   0.000450   0.260671   0.683179  -1.833112    887      0
   6.070817   2.037047  -0.006417 -41.095608  -1.016301 -99.000000   0.000000   0.315650   0.000841   0.001095   0.315010   0.068082      2      0
 1.6569E+07  17.411904   0.564543 -99.000000   3.772746  -7.988075   0.000000   0.000002   0.000189  1.849E-03  1.811E-03 -0.275E-12  max increase

DATE: 2016-02-26
TIME: 17:09:50
DATE: 2016-02-26
TIME: 17:09:50
                                         version_number        8118
 read inlist_1.0
load saved model zams.mod

 new_lnPgas_flag T
 net name basic.net
 do_element_diffusion T
 lnPgas_flag T
                       which_atm_option: Eddington_grey
 kappa_file_prefix gs98
 kappa_lowT_prefix lowT_fa05_gs98
   eos_file_prefix mesa
                                        OMP_NUM_THREADS           1


__________________________________________________________________________________________________________________________________________________

       step    lg_Tcntr    Teff       lg_LH     lg_Lnuc     Mass       H_rich     H_cntr     N_cntr     Y_surf     X_avg     eta_cntr  zones retry
   lg_dt_yr    lg_Dcntr    lg_R       lg_L3a    lg_Lneu     lg_Mdot    He_core    He_cntr    O_cntr     Z_surf     Y_avg     gam_cntr  iters bckup
     age_yr    lg_Pcntr    lg_L       lg_LZ     lg_Psurf    lg_Dsurf   C_core     C_cntr     Ne_cntr    Z_cntr     Z_avg     v_div_cs     dt_limit
__________________________________________________________________________________________________________________________________________________

        919   7.249983   8060.680   0.564688   0.564688   1.136349   1.136349   0.682385   0.000450   0.254514   0.683146  -1.833005    887      0
   6.000000   2.037161  -0.006985 -41.093785  -1.016314 -99.000000   0.000000   0.315766   0.000841   0.001020   0.315043   0.068087      9      0
 1.7569E+07  17.412005   0.564484 -99.000000   4.271237  -7.505618   0.000000   0.000002   0.000189  1.849E-03  1.811E-03 -0.326E-11              

