000 (20437.000.000) 02/24 21:34:58 Job submitted from host: <134.76.239.76:13753?addrs=134.76.239.76-13753>
...
001 (20437.000.000) 02/25 01:01:39 Job executing on host: <134.76.239.80:23833?addrs=134.76.239.80-23833>
...
006 (20437.000.000) 02/25 01:01:48 Image size of job updated: 827408
	627  -  MemoryUsage of job (MB)
	641848  -  ResidentSetSize of job (KB)
...
006 (20437.000.000) 02/25 01:06:49 Image size of job updated: 1144276
	932  -  MemoryUsage of job (MB)
	953432  -  ResidentSetSize of job (KB)
...
006 (20437.000.000) 02/25 01:11:49 Image size of job updated: 1147224
	932  -  MemoryUsage of job (MB)
	953432  -  ResidentSetSize of job (KB)
...
006 (20437.000.000) 02/25 01:16:49 Image size of job updated: 1291104
	1075  -  MemoryUsage of job (MB)
	1099916  -  ResidentSetSize of job (KB)
...
006 (20437.000.000) 02/25 01:21:50 Image size of job updated: 1293304
	1077  -  MemoryUsage of job (MB)
	1102540  -  ResidentSetSize of job (KB)
...
006 (20437.000.000) 02/25 01:26:51 Image size of job updated: 1438788
	1245  -  MemoryUsage of job (MB)
	1274344  -  ResidentSetSize of job (KB)
...
006 (20437.000.000) 02/25 01:31:51 Image size of job updated: 1438788
	1245  -  MemoryUsage of job (MB)
	1274700  -  ResidentSetSize of job (KB)
...
006 (20437.000.000) 02/25 01:36:52 Image size of job updated: 1487860
	1299  -  MemoryUsage of job (MB)
	1329252  -  ResidentSetSize of job (KB)
...
006 (20437.000.000) 02/25 03:42:06 Image size of job updated: 1495284
	1299  -  MemoryUsage of job (MB)
	1329252  -  ResidentSetSize of job (KB)
...
006 (20437.000.000) 02/25 03:52:06 Image size of job updated: 1498372
	1299  -  MemoryUsage of job (MB)
	1329252  -  ResidentSetSize of job (KB)
...
006 (20437.000.000) 02/25 04:27:09 Image size of job updated: 1498372
	1317  -  MemoryUsage of job (MB)
	1348244  -  ResidentSetSize of job (KB)
...
006 (20437.000.000) 02/25 06:42:24 Image size of job updated: 1504108
	1326  -  MemoryUsage of job (MB)
	1357364  -  ResidentSetSize of job (KB)
...
006 (20437.000.000) 02/25 06:47:25 Image size of job updated: 1504108
	1326  -  MemoryUsage of job (MB)
	1357692  -  ResidentSetSize of job (KB)
...
006 (20437.000.000) 02/25 06:52:25 Image size of job updated: 1504116
	1329  -  MemoryUsage of job (MB)
	1360340  -  ResidentSetSize of job (KB)
...
006 (20437.000.000) 02/25 07:37:30 Image size of job updated: 1504120
	1329  -  MemoryUsage of job (MB)
	1360340  -  ResidentSetSize of job (KB)
...
006 (20437.000.000) 02/25 07:42:30 Image size of job updated: 1504120
	1330  -  MemoryUsage of job (MB)
	1360948  -  ResidentSetSize of job (KB)
...
006 (20437.000.000) 02/25 07:47:30 Image size of job updated: 1504128
	1330  -  MemoryUsage of job (MB)
	1360964  -  ResidentSetSize of job (KB)
...
006 (20437.000.000) 02/25 07:52:31 Image size of job updated: 1504716
	1330  -  MemoryUsage of job (MB)
	1360964  -  ResidentSetSize of job (KB)
...
005 (20437.000.000) 02/25 08:27:22 Job terminated.
	(1) Normal termination (return value 0)
		Usr 0 12:33:10, Sys 0 00:03:15  -  Run Remote Usage
		Usr 0 00:00:00, Sys 0 00:00:00  -  Run Local Usage
		Usr 0 12:33:10, Sys 0 00:03:15  -  Total Remote Usage
		Usr 0 00:00:00, Sys 0 00:00:00  -  Total Local Usage
	0  -  Run Bytes Sent By Job
	0  -  Run Bytes Received By Job
	0  -  Total Bytes Sent By Job
	0  -  Total Bytes Received By Job
	Partitionable Resources :    Usage  Request Allocated
	   Cpus                 :                 2         2
	   Disk (KB)            :        1        1   5045804
	   Memory (MB)          :     1330        1         1
...
