000 (20783.000.000) 02/24 21:35:16 Job submitted from host: <134.76.239.76:13753?addrs=134.76.239.76-13753>
...
001 (20783.000.000) 02/25 04:55:47 Job executing on host: <134.76.239.78:21556?addrs=134.76.239.78-21556>
...
006 (20783.000.000) 02/25 04:55:56 Image size of job updated: 1
	3  -  MemoryUsage of job (MB)
	2068  -  ResidentSetSize of job (KB)
...
006 (20783.000.000) 02/25 05:00:57 Image size of job updated: 1142872
	923  -  MemoryUsage of job (MB)
	944460  -  ResidentSetSize of job (KB)
...
006 (20783.000.000) 02/25 05:05:57 Image size of job updated: 1324172
	1139  -  MemoryUsage of job (MB)
	1165968  -  ResidentSetSize of job (KB)
...
006 (20783.000.000) 02/25 05:10:58 Image size of job updated: 1510656
	1285  -  MemoryUsage of job (MB)
	1315140  -  ResidentSetSize of job (KB)
...
006 (20783.000.000) 02/25 05:15:59 Image size of job updated: 1559728
	1285  -  MemoryUsage of job (MB)
	1315140  -  ResidentSetSize of job (KB)
...
006 (20783.000.000) 02/25 05:25:59 Image size of job updated: 1559728
	1296  -  MemoryUsage of job (MB)
	1326832  -  ResidentSetSize of job (KB)
...
006 (20783.000.000) 02/25 05:31:00 Image size of job updated: 1559728
	1297  -  MemoryUsage of job (MB)
	1327160  -  ResidentSetSize of job (KB)
...
006 (20783.000.000) 02/25 05:36:01 Image size of job updated: 1559928
	1297  -  MemoryUsage of job (MB)
	1327160  -  ResidentSetSize of job (KB)
...
005 (20783.000.000) 02/25 06:36:12 Job terminated.
	(1) Normal termination (return value 0)
		Usr 0 02:37:18, Sys 0 00:00:27  -  Run Remote Usage
		Usr 0 00:00:00, Sys 0 00:00:00  -  Run Local Usage
		Usr 0 02:37:18, Sys 0 00:00:27  -  Total Remote Usage
		Usr 0 00:00:00, Sys 0 00:00:00  -  Total Local Usage
	0  -  Run Bytes Sent By Job
	0  -  Run Bytes Received By Job
	0  -  Total Bytes Sent By Job
	0  -  Total Bytes Received By Job
	Partitionable Resources :    Usage  Request Allocated
	   Cpus                 :                 2         2
	   Disk (KB)            :        1        1   5108734
	   Memory (MB)          :     1297        1         1
...
