000 (20912.000.000) 02/24 21:35:23 Job submitted from host: <134.76.239.76:13753?addrs=134.76.239.76-13753>
...
001 (20912.000.000) 02/25 06:45:48 Job executing on host: <134.76.239.87:13734?addrs=134.76.239.87-13734>
...
006 (20912.000.000) 02/25 06:45:57 Image size of job updated: 1
	3  -  MemoryUsage of job (MB)
	2068  -  ResidentSetSize of job (KB)
...
006 (20912.000.000) 02/25 06:50:58 Image size of job updated: 1143824
	933  -  MemoryUsage of job (MB)
	954864  -  ResidentSetSize of job (KB)
...
006 (20912.000.000) 02/25 06:55:59 Image size of job updated: 1145428
	933  -  MemoryUsage of job (MB)
	954864  -  ResidentSetSize of job (KB)
...
006 (20912.000.000) 02/25 07:00:59 Image size of job updated: 1242612
	1072  -  MemoryUsage of job (MB)
	1096868  -  ResidentSetSize of job (KB)
...
006 (20912.000.000) 02/25 07:06:00 Image size of job updated: 1242612
	1072  -  MemoryUsage of job (MB)
	1097008  -  ResidentSetSize of job (KB)
...
006 (20912.000.000) 02/25 07:11:01 Image size of job updated: 1248364
	1078  -  MemoryUsage of job (MB)
	1103344  -  ResidentSetSize of job (KB)
...
006 (20912.000.000) 02/25 07:16:01 Image size of job updated: 1248364
	1078  -  MemoryUsage of job (MB)
	1103348  -  ResidentSetSize of job (KB)
...
006 (20912.000.000) 02/25 07:21:01 Image size of job updated: 1461504
	1309  -  MemoryUsage of job (MB)
	1339848  -  ResidentSetSize of job (KB)
...
006 (20912.000.000) 02/25 07:26:02 Image size of job updated: 1461504
	1309  -  MemoryUsage of job (MB)
	1340184  -  ResidentSetSize of job (KB)
...
006 (20912.000.000) 02/25 07:31:02 Image size of job updated: 1461504
	1310  -  MemoryUsage of job (MB)
	1340508  -  ResidentSetSize of job (KB)
...
006 (20912.000.000) 02/25 07:36:02 Image size of job updated: 1486040
	1334  -  MemoryUsage of job (MB)
	1365044  -  ResidentSetSize of job (KB)
...
005 (20912.000.000) 02/25 09:28:38 Job terminated.
	(1) Normal termination (return value 0)
		Usr 0 04:29:29, Sys 0 00:01:23  -  Run Remote Usage
		Usr 0 00:00:00, Sys 0 00:00:00  -  Run Local Usage
		Usr 0 04:29:29, Sys 0 00:01:23  -  Total Remote Usage
		Usr 0 00:00:00, Sys 0 00:00:00  -  Total Local Usage
	0  -  Run Bytes Sent By Job
	0  -  Run Bytes Received By Job
	0  -  Total Bytes Sent By Job
	0  -  Total Bytes Received By Job
	Partitionable Resources :    Usage  Request Allocated
	   Cpus                 :                 2         2
	   Disk (KB)            :        1        1   5108714
	   Memory (MB)          :     1334        1         1
...
