DATE: 2016-02-26
TIME: 16:59:47
                                         version_number        8118
 read inlist_1.0
 create pre-main-sequence model
                                                species           8
 abundances
                                                     h1    6.5918800000000000D-01
                                                    he3    3.3046003174016322D-05
                                                    he4    3.1049095399682602D-01
                                                    c12    5.2119751090137466D-03
                                                    n14    1.5267553033293509D-03
                                                    o16    1.4175460344881555D-02
                                                   ne20    3.1794221478221147D-03
                                                   mg24    6.1943870949532180D-03


                                        relax_num_steps


                               finished relax_num_steps

 new_lnPgas_flag T
                                        relax_initial_Z    3.0287999999999999D-02
                                                  new z    3.0287999999999388D-02
                                        relax_initial_Y    3.1052400000000002D-01
                                                  new y    3.1052400000000036D-01
 net name basic.net
 do_element_diffusion T
 lnPgas_flag T
 kappa_file_prefix gs98
 kappa_lowT_prefix lowT_fa05_gs98
   eos_file_prefix mesa
                                        OMP_NUM_THREADS           1



stop because Lnuc_div_L >= Lnuc_div_L_zams_limit
    0.1002524143E+01    0.9990000000E+00

        841   7.185093   6100.779   0.283011   0.283011   1.266428   1.266428   0.658888   0.002562   0.310524   0.659122  -2.246306    805      0
   5.177421   1.775425   0.093704 -44.788658  -1.060607 -99.000000   0.000000   0.310676   0.014175   0.030288   0.310563   0.066180      2      0
 2.1197E+07  17.074354   0.281916 -99.000000   4.570782  -6.998899   0.000000   0.004324   0.003179  3.044E-02  3.031E-02 -0.189E-09    varcontrol

save photos/x841 for model 841
save final_profile.data write fgong_plot.data
                               s% atm_structure_num_pts          63
save final_profile.data.FGONG    841
 final_profile.data.FGONG for model 841
 saved to zams.mod
termination code: Lnuc_div_L_zams_limit

       runtime, prev time, retries, backups, steps         7.8        28.2         0         0       841
        841   7.185093   6100.779   0.283011   0.283011   1.266428   1.266428   0.658888   0.002562   0.310524   0.659122  -2.246306    805      0
   5.177421   1.775425   0.093704 -44.788658  -1.060607 -99.000000   0.000000   0.310676   0.014175   0.030288   0.310563   0.066180      2      0
 2.1197E+07  17.074354   0.281916 -99.000000   4.570782  -6.998899   0.000000   0.004324   0.003179  3.044E-02  3.031E-02 -0.189E-09    varcontrol

DATE: 2016-02-26
TIME: 17:09:14
DATE: 2016-02-26
TIME: 17:09:14
                                         version_number        8118
 read inlist_1.0
load saved model zams.mod

 new_lnPgas_flag T
 net name basic.net
 do_element_diffusion T
 lnPgas_flag T
                       which_atm_option: Eddington_grey
 kappa_file_prefix gs98
 kappa_lowT_prefix lowT_fa05_gs98
   eos_file_prefix mesa
                                        OMP_NUM_THREADS           1


__________________________________________________________________________________________________________________________________________________

       step    lg_Tcntr    Teff       lg_LH     lg_Lnuc     Mass       H_rich     H_cntr     N_cntr     Y_surf     X_avg     eta_cntr  zones retry
   lg_dt_yr    lg_Dcntr    lg_R       lg_L3a    lg_Lneu     lg_Mdot    He_core    He_cntr    O_cntr     Z_surf     Y_avg     gam_cntr  iters bckup
     age_yr    lg_Pcntr    lg_L       lg_LZ     lg_Psurf    lg_Dsurf   C_core     C_cntr     Ne_cntr    Z_cntr     Z_avg     v_div_cs     dt_limit
__________________________________________________________________________________________________________________________________________________

