000 (20010.000.000) 02/24 21:34:35 Job submitted from host: <134.76.239.76:13753?addrs=134.76.239.76-13753>
...
001 (20010.000.000) 02/24 21:34:48 Job executing on host: <134.76.239.78:21556?addrs=134.76.239.78-21556>
...
006 (20010.000.000) 02/24 21:35:03 Image size of job updated: 65712
	4  -  MemoryUsage of job (MB)
	3832  -  ResidentSetSize of job (KB)
...
006 (20010.000.000) 02/24 21:40:04 Image size of job updated: 168720
	18  -  MemoryUsage of job (MB)
	18052  -  ResidentSetSize of job (KB)
...
006 (20010.000.000) 02/24 21:45:05 Image size of job updated: 1146200
	926  -  MemoryUsage of job (MB)
	947588  -  ResidentSetSize of job (KB)
...
006 (20010.000.000) 02/24 21:50:05 Image size of job updated: 1147112
	926  -  MemoryUsage of job (MB)
	947588  -  ResidentSetSize of job (KB)
...
006 (20010.000.000) 02/24 22:45:10 Image size of job updated: 1281148
	1062  -  MemoryUsage of job (MB)
	1086568  -  ResidentSetSize of job (KB)
...
006 (20010.000.000) 02/24 23:15:14 Image size of job updated: 1281148
	1062  -  MemoryUsage of job (MB)
	1086896  -  ResidentSetSize of job (KB)
...
006 (20010.000.000) 02/24 23:40:16 Image size of job updated: 1402096
	1206  -  MemoryUsage of job (MB)
	1234164  -  ResidentSetSize of job (KB)
...
006 (20010.000.000) 02/24 23:50:17 Image size of job updated: 1402096
	1206  -  MemoryUsage of job (MB)
	1234500  -  ResidentSetSize of job (KB)
...
006 (20010.000.000) 02/24 23:55:18 Image size of job updated: 1402096
	1206  -  MemoryUsage of job (MB)
	1234508  -  ResidentSetSize of job (KB)
...
006 (20010.000.000) 02/25 00:25:20 Image size of job updated: 1402096
	1206  -  MemoryUsage of job (MB)
	1234828  -  ResidentSetSize of job (KB)
...
006 (20010.000.000) 02/25 02:05:32 Image size of job updated: 1414452
	1206  -  MemoryUsage of job (MB)
	1234828  -  ResidentSetSize of job (KB)
...
006 (20010.000.000) 02/25 02:25:34 Image size of job updated: 1414676
	1206  -  MemoryUsage of job (MB)
	1234828  -  ResidentSetSize of job (KB)
...
006 (20010.000.000) 02/25 04:45:49 Image size of job updated: 12289032
	1206  -  MemoryUsage of job (MB)
	1234828  -  ResidentSetSize of job (KB)
...
005 (20010.000.000) 02/25 04:46:12 Job terminated.
	(1) Normal termination (return value 0)
		Usr 0 11:27:51, Sys 0 00:02:14  -  Run Remote Usage
		Usr 0 00:00:00, Sys 0 00:00:00  -  Run Local Usage
		Usr 0 11:27:51, Sys 0 00:02:14  -  Total Remote Usage
		Usr 0 00:00:00, Sys 0 00:00:00  -  Total Local Usage
	0  -  Run Bytes Sent By Job
	0  -  Run Bytes Received By Job
	0  -  Total Bytes Sent By Job
	0  -  Total Bytes Received By Job
	Partitionable Resources :    Usage  Request Allocated
	   Cpus                 :                 2         2
	   Disk (KB)            :        1        1   5108822
	   Memory (MB)          :     1206        1         1
...
