DATE: 2016-02-26
TIME: 16:59:24
                                         version_number        8118
 read inlist_1.0
 create pre-main-sequence model
                                                species           8
 abundances
                                                     h1    7.4463299999999999D-01
                                                    he3    2.6759021396403748D-05
                                                    he4    2.5142024097860349D-01
                                                    c12    6.7455567971914606D-04
                                                    n14    1.9759907517997031D-04
                                                    o16    1.8346475353913970D-03
                                                   ne20    4.1149415014073067D-04
                                                   mg24    8.0170355956867847D-04


                                        relax_num_steps


                               finished relax_num_steps

 new_lnPgas_flag T
                                        relax_initial_Z    3.9199999999999999D-03
                                                  new z    3.9199999999995749D-03
                                        relax_initial_Y    2.5144699999999998D-01
                                                  new y    2.5144700000000014D-01
 net name basic.net
 do_element_diffusion T
 lnPgas_flag T
 kappa_file_prefix gs98
 kappa_lowT_prefix lowT_fa05_gs98
   eos_file_prefix mesa
                                        OMP_NUM_THREADS           1



stop because Lnuc_div_L >= Lnuc_div_L_zams_limit
    0.1010979508E+01    0.9990000000E+00

        780   7.065867   5336.273  -0.523855  -0.523855   0.712607   0.712607   0.744259   0.000204   0.251447   0.744555  -1.250118    762      0
   5.885258   1.980620  -0.195259 -50.925470  -2.128316 -99.000000   0.000000   0.251820   0.001835   0.003920   0.251525   0.097107      2      0
 4.6047E+07  17.193227  -0.528597 -16.255620   5.206081  -6.341277   0.000000   0.000669   0.000411  3.921E-03  3.920E-03 -0.173E-10    varcontrol

save photos/x780 for model 780
save final_profile.data write fgong_plot.data
                               s% atm_structure_num_pts          98
save final_profile.data.FGONG    780
 final_profile.data.FGONG for model 780
 saved to zams.mod
termination code: Lnuc_div_L_zams_limit

       runtime, prev time, retries, backups, steps         7.0        28.2         0         0       780
        780   7.065867   5336.273  -0.523855  -0.523855   0.712607   0.712607   0.744259   0.000204   0.251447   0.744555  -1.250118    762      0
   5.885258   1.980620  -0.195259 -50.925470  -2.128316 -99.000000   0.000000   0.251820   0.001835   0.003920   0.251525   0.097107      2      0
 4.6047E+07  17.193227  -0.528597 -16.255620   5.206081  -6.341277   0.000000   0.000669   0.000411  3.921E-03  3.920E-03 -0.173E-10    varcontrol

DATE: 2016-02-26
TIME: 17:08:31
DATE: 2016-02-26
TIME: 17:08:31
                                         version_number        8118
 read inlist_1.0
load saved model zams.mod

 new_lnPgas_flag T
 net name basic.net
 do_element_diffusion T
 lnPgas_flag T
                       which_atm_option: Eddington_grey
 kappa_file_prefix gs98
 kappa_lowT_prefix lowT_fa05_gs98
   eos_file_prefix mesa
                                        OMP_NUM_THREADS           1


__________________________________________________________________________________________________________________________________________________

       step    lg_Tcntr    Teff       lg_LH     lg_Lnuc     Mass       H_rich     H_cntr     N_cntr     Y_surf     X_avg     eta_cntr  zones retry
   lg_dt_yr    lg_Dcntr    lg_R       lg_L3a    lg_Lneu     lg_Mdot    He_core    He_cntr    O_cntr     Z_surf     Y_avg     gam_cntr  iters bckup
     age_yr    lg_Pcntr    lg_L       lg_LZ     lg_Psurf    lg_Dsurf   C_core     C_cntr     Ne_cntr    Z_cntr     Z_avg     v_div_cs     dt_limit
__________________________________________________________________________________________________________________________________________________

