000 (20811.000.000) 02/24 21:35:17 Job submitted from host: <134.76.239.76:13753?addrs=134.76.239.76-13753>
...
001 (20811.000.000) 02/25 05:14:47 Job executing on host: <134.76.239.83:20501?addrs=134.76.239.83-20501>
...
006 (20811.000.000) 02/25 05:14:56 Image size of job updated: 209748
	78  -  MemoryUsage of job (MB)
	79780  -  ResidentSetSize of job (KB)
...
006 (20811.000.000) 02/25 05:19:57 Image size of job updated: 1143448
	933  -  MemoryUsage of job (MB)
	954584  -  ResidentSetSize of job (KB)
...
006 (20811.000.000) 02/25 05:24:57 Image size of job updated: 1145204
	933  -  MemoryUsage of job (MB)
	954584  -  ResidentSetSize of job (KB)
...
006 (20811.000.000) 02/25 05:29:57 Image size of job updated: 1242808
	1070  -  MemoryUsage of job (MB)
	1094720  -  ResidentSetSize of job (KB)
...
006 (20811.000.000) 02/25 05:34:58 Image size of job updated: 1248508
	1074  -  MemoryUsage of job (MB)
	1099512  -  ResidentSetSize of job (KB)
...
006 (20811.000.000) 02/25 05:39:58 Image size of job updated: 1459528
	1243  -  MemoryUsage of job (MB)
	1272388  -  ResidentSetSize of job (KB)
...
006 (20811.000.000) 02/25 05:44:58 Image size of job updated: 1459528
	1243  -  MemoryUsage of job (MB)
	1272708  -  ResidentSetSize of job (KB)
...
006 (20811.000.000) 02/25 06:10:02 Image size of job updated: 1459528
	1246  -  MemoryUsage of job (MB)
	1275676  -  ResidentSetSize of job (KB)
...
006 (20811.000.000) 02/25 06:15:02 Image size of job updated: 1459528
	1247  -  MemoryUsage of job (MB)
	1275996  -  ResidentSetSize of job (KB)
...
006 (20811.000.000) 02/25 06:20:02 Image size of job updated: 1459528
	1247  -  MemoryUsage of job (MB)
	1276000  -  ResidentSetSize of job (KB)
...
005 (20811.000.000) 02/25 07:36:42 Job terminated.
	(1) Normal termination (return value 0)
		Usr 0 03:52:28, Sys 0 00:00:49  -  Run Remote Usage
		Usr 0 00:00:00, Sys 0 00:00:00  -  Run Local Usage
		Usr 0 03:52:28, Sys 0 00:00:49  -  Total Remote Usage
		Usr 0 00:00:00, Sys 0 00:00:00  -  Total Local Usage
	0  -  Run Bytes Sent By Job
	0  -  Run Bytes Received By Job
	0  -  Total Bytes Sent By Job
	0  -  Total Bytes Received By Job
	Partitionable Resources :    Usage  Request Allocated
	   Cpus                 :                 2         2
	   Disk (KB)            :        1        1   5108697
	   Memory (MB)          :     1247        1         1
...
