000 (20204.000.000) 02/24 21:34:45 Job submitted from host: <134.76.239.76:13753?addrs=134.76.239.76-13753>
...
001 (20204.000.000) 02/24 22:11:39 Job executing on host: <134.76.239.90:23525?addrs=134.76.239.90-23525>
...
006 (20204.000.000) 02/24 22:11:52 Image size of job updated: 65712
	2  -  MemoryUsage of job (MB)
	1464  -  ResidentSetSize of job (KB)
...
006 (20204.000.000) 02/24 22:16:52 Image size of job updated: 1138524
	914  -  MemoryUsage of job (MB)
	935764  -  ResidentSetSize of job (KB)
...
006 (20204.000.000) 02/24 22:21:53 Image size of job updated: 1138900
	915  -  MemoryUsage of job (MB)
	936476  -  ResidentSetSize of job (KB)
...
006 (20204.000.000) 02/24 22:26:54 Image size of job updated: 1145528
	915  -  MemoryUsage of job (MB)
	936476  -  ResidentSetSize of job (KB)
...
006 (20204.000.000) 02/24 22:41:55 Image size of job updated: 1253484
	1072  -  MemoryUsage of job (MB)
	1097208  -  ResidentSetSize of job (KB)
...
006 (20204.000.000) 02/24 22:46:56 Image size of job updated: 1253484
	1072  -  MemoryUsage of job (MB)
	1097556  -  ResidentSetSize of job (KB)
...
006 (20204.000.000) 02/24 22:51:56 Image size of job updated: 1464504
	1240  -  MemoryUsage of job (MB)
	1269688  -  ResidentSetSize of job (KB)
...
006 (20204.000.000) 02/24 22:56:57 Image size of job updated: 1464504
	1241  -  MemoryUsage of job (MB)
	1270008  -  ResidentSetSize of job (KB)
...
005 (20204.000.000) 02/25 00:40:33 Job terminated.
	(1) Normal termination (return value 0)
		Usr 0 03:37:10, Sys 0 00:00:58  -  Run Remote Usage
		Usr 0 00:00:00, Sys 0 00:00:00  -  Run Local Usage
		Usr 0 03:37:10, Sys 0 00:00:58  -  Total Remote Usage
		Usr 0 00:00:00, Sys 0 00:00:00  -  Total Local Usage
	0  -  Run Bytes Sent By Job
	0  -  Run Bytes Received By Job
	0  -  Total Bytes Sent By Job
	0  -  Total Bytes Received By Job
	Partitionable Resources :    Usage  Request Allocated
	   Cpus                 :                 2         2
	   Disk (KB)            :        1        1   5108864
	   Memory (MB)          :     1241        1         1
...
