DATE: 2016-02-25
TIME: 13:25:13
                                         version_number        8118
 read inlist_1.0
 create pre-main-sequence model
                                                species           8
 abundances
                                                     h1    7.1852400000000016D-01
                                                    he3    2.9304590807858171D-05
                                                    he4    2.7533769540919223D-01
                                                    c12    1.0512399610725233D-03
                                                    n14    3.0794202813123645D-04
                                                    o16    2.8591484167617654D-03
                                                   ne20    6.4128004163513798D-04
                                                   mg24    1.2493895523992577D-03


                                        relax_num_steps


                               finished relax_num_steps

 new_lnPgas_flag T
                                        relax_initial_Z    6.1089999999999998D-03
                                                  new z    6.1089999999996338D-03
                                        relax_initial_Y    2.7536699999999997D-01
                                                  new y    2.7536700000000019D-01
 net name basic.net
 do_element_diffusion T
 lnPgas_flag T
 kappa_file_prefix gs98
 kappa_lowT_prefix lowT_fa05_gs98
   eos_file_prefix mesa
                                        OMP_NUM_THREADS           2


