000 (20554.000.000) 02/24 21:35:04 Job submitted from host: <134.76.239.76:13753?addrs=134.76.239.76-13753>
...
001 (20554.000.000) 02/25 02:19:41 Job executing on host: <134.76.239.85:29523?addrs=134.76.239.85-29523>
...
006 (20554.000.000) 02/25 02:19:50 Image size of job updated: 827412
	626  -  MemoryUsage of job (MB)
	640096  -  ResidentSetSize of job (KB)
...
006 (20554.000.000) 02/25 02:24:51 Image size of job updated: 1146556
	933  -  MemoryUsage of job (MB)
	955052  -  ResidentSetSize of job (KB)
...
006 (20554.000.000) 02/25 02:29:51 Image size of job updated: 1147696
	933  -  MemoryUsage of job (MB)
	955052  -  ResidentSetSize of job (KB)
...
006 (20554.000.000) 02/25 03:24:57 Image size of job updated: 1281900
	1061  -  MemoryUsage of job (MB)
	1085508  -  ResidentSetSize of job (KB)
...
006 (20554.000.000) 02/25 03:29:58 Image size of job updated: 1281900
	1061  -  MemoryUsage of job (MB)
	1085516  -  ResidentSetSize of job (KB)
...
006 (20554.000.000) 02/25 03:44:59 Image size of job updated: 1281900
	1061  -  MemoryUsage of job (MB)
	1085844  -  ResidentSetSize of job (KB)
...
006 (20554.000.000) 02/25 04:10:02 Image size of job updated: 1402848
	1205  -  MemoryUsage of job (MB)
	1233112  -  ResidentSetSize of job (KB)
...
006 (20554.000.000) 02/25 04:20:03 Image size of job updated: 1402848
	1205  -  MemoryUsage of job (MB)
	1233456  -  ResidentSetSize of job (KB)
...
006 (20554.000.000) 02/25 04:50:06 Image size of job updated: 1402848
	1205  -  MemoryUsage of job (MB)
	1233776  -  ResidentSetSize of job (KB)
...
022 (20554.000.000) 02/25 05:31:36 Job disconnected, attempting to reconnect
    Socket between submit and execute hosts closed unexpectedly
    Trying to reconnect to slot1@seismo25.mps.mpg.de <134.76.239.85:29523?addrs=134.76.239.85-29523>
...
024 (20554.000.000) 02/25 06:11:39 Job reconnection failed
    Job disconnected too long: JobLeaseDuration (2400 seconds) expired
    Can not reconnect to slot1@seismo25.mps.mpg.de, rescheduling job
...
001 (20554.000.000) 02/25 06:16:47 Job executing on host: <134.76.239.89:24193?addrs=134.76.239.89-24193>
...
004 (20554.000.000) 02/25 09:57:09 Job was evicted.
	(0) Job was not checkpointed.
		Usr 0 06:18:43, Sys 0 00:01:51  -  Run Remote Usage
		Usr 0 00:00:00, Sys 0 00:00:00  -  Run Local Usage
	0  -  Run Bytes Sent By Job
	0  -  Run Bytes Received By Job
	Partitionable Resources :    Usage  Request Allocated
	   Cpus                 :                 2         2
	   Disk (KB)            :        1        1   5108759
	   Memory (MB)          :     1221     1221      1221
...
001 (20554.000.000) 02/25 09:58:49 Job executing on host: <134.76.239.91:19968?addrs=134.76.239.91-19968>
...
004 (20554.000.000) 02/25 10:03:11 Job was evicted.
	(0) Job was not checkpointed.
		Usr 0 00:01:57, Sys 0 00:00:01  -  Run Remote Usage
		Usr 0 00:00:00, Sys 0 00:00:00  -  Run Local Usage
	0  -  Run Bytes Sent By Job
	0  -  Run Bytes Received By Job
	Partitionable Resources :    Usage  Request Allocated
	   Cpus                 :                 2         2
	   Disk (KB)            :        1        1   5108619
	   Memory (MB)          :     1221     1221      1221
...
001 (20554.000.000) 02/25 10:03:32 Job executing on host: <134.76.239.91:19968?addrs=134.76.239.91-19968>
...
004 (20554.000.000) 02/25 10:08:51 Job was evicted.
	(0) Job was not checkpointed.
		Usr 0 00:08:49, Sys 0 00:00:03  -  Run Remote Usage
		Usr 0 00:00:00, Sys 0 00:00:00  -  Run Local Usage
	0  -  Run Bytes Sent By Job
	0  -  Run Bytes Received By Job
	Partitionable Resources :    Usage  Request Allocated
	   Cpus                 :                 2         2
	   Disk (KB)            :        1        1   5108593
	   Memory (MB)          :     1221     1221      1221
...
001 (20554.000.000) 02/25 10:10:17 Job executing on host: <134.76.239.88:25067?addrs=134.76.239.88-25067>
...
004 (20554.000.000) 02/25 10:49:48 Job was evicted.
	(0) Job was not checkpointed.
		Usr 0 01:09:49, Sys 0 00:00:20  -  Run Remote Usage
		Usr 0 00:00:00, Sys 0 00:00:00  -  Run Local Usage
	0  -  Run Bytes Sent By Job
	0  -  Run Bytes Received By Job
	Partitionable Resources :    Usage  Request Allocated
	   Cpus                 :                 2         2
	   Disk (KB)            :        1        1   5108601
	   Memory (MB)          :     1221     1221      1221
...
001 (20554.000.000) 02/25 10:50:42 Job executing on host: <134.76.239.88:25067?addrs=134.76.239.88-25067>
...
004 (20554.000.000) 02/25 10:52:27 Job was evicted.
	(0) Job was not checkpointed.
		Usr 0 00:02:23, Sys 0 00:00:01  -  Run Remote Usage
		Usr 0 00:00:00, Sys 0 00:00:00  -  Run Local Usage
	0  -  Run Bytes Sent By Job
	0  -  Run Bytes Received By Job
	Partitionable Resources :    Usage  Request Allocated
	   Cpus                 :                 2         2
	   Disk (KB)            :        1        1   5108602
	   Memory (MB)          :     1221     1221      1221
...
001 (20554.000.000) 02/25 10:54:27 Job executing on host: <134.76.239.79:12046?addrs=134.76.239.79-12046>
...
004 (20554.000.000) 02/25 11:04:25 Job was evicted.
	(0) Job was not checkpointed.
		Usr 0 00:16:53, Sys 0 00:00:05  -  Run Remote Usage
		Usr 0 00:00:00, Sys 0 00:00:00  -  Run Local Usage
	0  -  Run Bytes Sent By Job
	0  -  Run Bytes Received By Job
	Partitionable Resources :    Usage  Request Allocated
	   Cpus                 :                 2         2
	   Disk (KB)            :        1        1   5108590
	   Memory (MB)          :     1221     1221      1221
...
001 (20554.000.000) 02/25 11:06:25 Job executing on host: <134.76.239.83:20501?addrs=134.76.239.83-20501>
...
004 (20554.000.000) 02/25 11:08:07 Job was evicted.
	(0) Job was not checkpointed.
		Usr 0 00:02:20, Sys 0 00:00:01  -  Run Remote Usage
		Usr 0 00:00:00, Sys 0 00:00:00  -  Run Local Usage
	0  -  Run Bytes Sent By Job
	0  -  Run Bytes Received By Job
	Partitionable Resources :    Usage  Request Allocated
	   Cpus                 :                 2         2
	   Disk (KB)            :        1        1   5108600
	   Memory (MB)          :     1221     1221      1221
...
001 (20554.000.000) 02/25 11:11:06 Job executing on host: <134.76.239.91:19968?addrs=134.76.239.91-19968>
...
