000 (20849.000.000) 02/24 21:35:20 Job submitted from host: <134.76.239.76:13753?addrs=134.76.239.76-13753>
...
001 (20849.000.000) 02/25 05:44:47 Job executing on host: <134.76.239.84:12289?addrs=134.76.239.84-12289>
...
006 (20849.000.000) 02/25 05:44:56 Image size of job updated: 1
	3  -  MemoryUsage of job (MB)
	2076  -  ResidentSetSize of job (KB)
...
006 (20849.000.000) 02/25 05:49:56 Image size of job updated: 1146980
	936  -  MemoryUsage of job (MB)
	958164  -  ResidentSetSize of job (KB)
...
006 (20849.000.000) 02/25 06:50:02 Image size of job updated: 1255428
	1070  -  MemoryUsage of job (MB)
	1095644  -  ResidentSetSize of job (KB)
...
006 (20849.000.000) 02/25 07:15:05 Image size of job updated: 1255428
	1071  -  MemoryUsage of job (MB)
	1095964  -  ResidentSetSize of job (KB)
...
006 (20849.000.000) 02/25 07:40:08 Image size of job updated: 1466872
	1239  -  MemoryUsage of job (MB)
	1267776  -  ResidentSetSize of job (KB)
...
006 (20849.000.000) 02/25 07:45:09 Image size of job updated: 1466872
	1239  -  MemoryUsage of job (MB)
	1267784  -  ResidentSetSize of job (KB)
...
006 (20849.000.000) 02/25 07:50:09 Image size of job updated: 1466872
	1239  -  MemoryUsage of job (MB)
	1268128  -  ResidentSetSize of job (KB)
...
006 (20849.000.000) 02/25 07:55:09 Image size of job updated: 1466872
	1239  -  MemoryUsage of job (MB)
	1268132  -  ResidentSetSize of job (KB)
...
006 (20849.000.000) 02/25 08:05:11 Image size of job updated: 1466872
	1239  -  MemoryUsage of job (MB)
	1268156  -  ResidentSetSize of job (KB)
...
006 (20849.000.000) 02/25 08:10:11 Image size of job updated: 1466872
	1239  -  MemoryUsage of job (MB)
	1268484  -  ResidentSetSize of job (KB)
...
006 (20849.000.000) 02/25 08:15:12 Image size of job updated: 1467040
	1239  -  MemoryUsage of job (MB)
	1268724  -  ResidentSetSize of job (KB)
...
006 (20849.000.000) 02/25 08:20:13 Image size of job updated: 1470688
	1243  -  MemoryUsage of job (MB)
	1272300  -  ResidentSetSize of job (KB)
...
006 (20849.000.000) 02/25 08:25:13 Image size of job updated: 1470688
	1243  -  MemoryUsage of job (MB)
	1272360  -  ResidentSetSize of job (KB)
...
006 (20849.000.000) 02/25 08:30:13 Image size of job updated: 1470688
	1243  -  MemoryUsage of job (MB)
	1272680  -  ResidentSetSize of job (KB)
...
006 (20849.000.000) 02/25 08:35:14 Image size of job updated: 1472700
	1243  -  MemoryUsage of job (MB)
	1272680  -  ResidentSetSize of job (KB)
...
004 (20849.000.000) 02/25 10:02:51 Job was evicted.
	(0) Job was not checkpointed.
		Usr 0 07:28:02, Sys 0 00:01:43  -  Run Remote Usage
		Usr 0 00:00:00, Sys 0 00:00:00  -  Run Local Usage
	0  -  Run Bytes Sent By Job
	0  -  Run Bytes Received By Job
	Partitionable Resources :    Usage  Request Allocated
	   Cpus                 :                 2         2
	   Disk (KB)            :        1        1   5108539
	   Memory (MB)          :     1243        1         1
...
001 (20849.000.000) 02/25 10:03:32 Job executing on host: <134.76.239.89:24193?addrs=134.76.239.89-24193>
...
004 (20849.000.000) 02/25 10:08:51 Job was evicted.
	(0) Job was not checkpointed.
		Usr 0 00:08:55, Sys 0 00:00:04  -  Run Remote Usage
		Usr 0 00:00:00, Sys 0 00:00:00  -  Run Local Usage
	0  -  Run Bytes Sent By Job
	0  -  Run Bytes Received By Job
	Partitionable Resources :    Usage  Request Allocated
	   Cpus                 :                 2         2
	   Disk (KB)            :        1        1   5108703
	   Memory (MB)          :     1465     1465      1465
...
001 (20849.000.000) 02/25 10:11:12 Job executing on host: <134.76.239.84:12289?addrs=134.76.239.84-12289>
...
004 (20849.000.000) 02/25 10:49:46 Job was evicted.
	(0) Job was not checkpointed.
		Usr 0 01:07:32, Sys 0 00:00:15  -  Run Remote Usage
		Usr 0 00:00:00, Sys 0 00:00:00  -  Run Local Usage
	0  -  Run Bytes Sent By Job
	0  -  Run Bytes Received By Job
	Partitionable Resources :    Usage  Request Allocated
	   Cpus                 :                 2         2
	   Disk (KB)            :        1        1   5108534
	   Memory (MB)          :     1465     1465      1465
...
001 (20849.000.000) 02/25 10:50:43 Job executing on host: <134.76.239.91:19968?addrs=134.76.239.91-19968>
...
004 (20849.000.000) 02/25 10:52:28 Job was evicted.
	(0) Job was not checkpointed.
		Usr 0 00:02:24, Sys 0 00:00:01  -  Run Remote Usage
		Usr 0 00:00:00, Sys 0 00:00:00  -  Run Local Usage
	0  -  Run Bytes Sent By Job
	0  -  Run Bytes Received By Job
	Partitionable Resources :    Usage  Request Allocated
	   Cpus                 :                 2         2
	   Disk (KB)            :        1        1   5108560
	   Memory (MB)          :     1465     1465      1465
...
001 (20849.000.000) 02/25 10:54:28 Job executing on host: <134.76.239.84:12289?addrs=134.76.239.84-12289>
...
004 (20849.000.000) 02/25 11:04:25 Job was evicted.
	(0) Job was not checkpointed.
		Usr 0 00:17:08, Sys 0 00:00:09  -  Run Remote Usage
		Usr 0 00:00:00, Sys 0 00:00:00  -  Run Local Usage
	0  -  Run Bytes Sent By Job
	0  -  Run Bytes Received By Job
	Partitionable Resources :    Usage  Request Allocated
	   Cpus                 :                 2         2
	   Disk (KB)            :        1        1   5108528
	   Memory (MB)          :     1465     1465      1465
...
001 (20849.000.000) 02/25 11:06:26 Job executing on host: <134.76.239.80:23833?addrs=134.76.239.80-23833>
...
004 (20849.000.000) 02/25 11:08:07 Job was evicted.
	(0) Job was not checkpointed.
		Usr 0 00:02:15, Sys 0 00:00:01  -  Run Remote Usage
		Usr 0 00:00:00, Sys 0 00:00:00  -  Run Local Usage
	0  -  Run Bytes Sent By Job
	0  -  Run Bytes Received By Job
	Partitionable Resources :    Usage  Request Allocated
	   Cpus                 :                 2         2
	   Disk (KB)            :        1        1   5045666
	   Memory (MB)          :     1465     1465      1465
...
001 (20849.000.000) 02/25 11:11:08 Job executing on host: <134.76.239.90:23525?addrs=134.76.239.90-23525>
...
004 (20849.000.000) 02/25 11:30:52 Job was evicted.
	(0) Job was not checkpointed.
		Usr 0 00:28:24, Sys 0 00:00:08  -  Run Remote Usage
		Usr 0 00:00:00, Sys 0 00:00:00  -  Run Local Usage
	0  -  Run Bytes Sent By Job
	0  -  Run Bytes Received By Job
	Partitionable Resources :    Usage  Request Allocated
	   Cpus                 :                 2         2
	   Disk (KB)            :        1        1   5108654
	   Memory (MB)          :     1465     1465      1465
...
001 (20849.000.000) 02/25 11:32:40 Job executing on host: <134.76.239.80:23833?addrs=134.76.239.80-23833>
...
004 (20849.000.000) 02/25 11:45:13 Job was evicted.
	(0) Job was not checkpointed.
		Usr 0 00:16:03, Sys 0 00:00:06  -  Run Remote Usage
		Usr 0 00:00:00, Sys 0 00:00:00  -  Run Local Usage
	0  -  Run Bytes Sent By Job
	0  -  Run Bytes Received By Job
	Partitionable Resources :    Usage  Request Allocated
	   Cpus                 :                 2         2
	   Disk (KB)            :        1        1   5045658
	   Memory (MB)          :     1465     1465      1465
...
001 (20849.000.000) 02/25 11:48:00 Job executing on host: <134.76.239.79:12046?addrs=134.76.239.79-12046>
...
004 (20849.000.000) 02/25 11:57:15 Job was evicted.
	(0) Job was not checkpointed.
		Usr 0 00:11:57, Sys 0 00:00:06  -  Run Remote Usage
		Usr 0 00:00:00, Sys 0 00:00:00  -  Run Local Usage
	0  -  Run Bytes Sent By Job
	0  -  Run Bytes Received By Job
	Partitionable Resources :    Usage  Request Allocated
	   Cpus                 :                 2         2
	   Disk (KB)            :        1        1   5108558
	   Memory (MB)          :     1465     1465      1465
...
001 (20849.000.000) 02/25 11:59:21 Job executing on host: <134.76.239.86:20177?addrs=134.76.239.86-20177>
...
004 (20849.000.000) 02/25 13:21:06 Job was evicted.
	(0) Job was not checkpointed.
		Usr 0 02:18:56, Sys 0 00:00:26  -  Run Remote Usage
		Usr 0 00:00:00, Sys 0 00:00:00  -  Run Local Usage
	0  -  Run Bytes Sent By Job
	0  -  Run Bytes Received By Job
	Partitionable Resources :    Usage  Request Allocated
	   Cpus                 :                 2         2
	   Disk (KB)            :        1        1   5108560
	   Memory (MB)          :     1465     1465      1465
...
001 (20849.000.000) 02/25 13:23:11 Job executing on host: <134.76.239.90:23525?addrs=134.76.239.90-23525>
...
