DATE: 2016-02-26
TIME: 16:59:20
                                         version_number        8118
 read inlist_1.0
 create pre-main-sequence model
                                                species           8
 abundances
                                                     h1    6.6200899999999996D-01
                                                    he3    3.5887846215967772D-05
                                                    he4    3.3719211215378408D-01
                                                    c12    1.3129744480247204D-04
                                                    n14    3.8461248561814303D-05
                                                    o16    3.5710103813867009D-04
                                                   ne20    8.0094397080960841D-05
                                                   mg24    1.5604587141604084D-04


                                        relax_num_steps


                               finished relax_num_steps

 new_lnPgas_flag T
                                        relax_initial_Z    7.6300000000000001D-04
                                                  new z    7.6299999999931414D-04
                                        relax_initial_Y    3.3722800000000003D-01
                                                  new y    3.3722800000000008D-01
 net name basic.net
 do_element_diffusion T
 lnPgas_flag T
 kappa_file_prefix gs98
 kappa_lowT_prefix lowT_fa05_gs98
   eos_file_prefix mesa
                                        OMP_NUM_THREADS           1



stop because Lnuc_div_L >= Lnuc_div_L_zams_limit
    0.1003240376E+01    0.9990000000E+00

        950   7.303136   9906.799   0.877098   0.877098   1.278622   1.278622   0.661290   0.000191   0.304860   0.661864  -1.974175    891      0
   5.416556   2.064844  -0.030504 -38.441686  -0.601192 -99.000000   0.000000   0.337925   0.000356   0.000613   0.337369   0.062113      2      0
 7.4106E+06  17.485605   0.875693 -99.000000   3.114332  -8.877883   0.000000   0.000001   0.000080  7.846E-04  7.678E-04 -0.106E-10  max increase

save photos/x950 for model 950
save final_profile.data write fgong_plot.data
                               s% atm_structure_num_pts          41
save final_profile.data.FGONG    950
 final_profile.data.FGONG for model 950
 saved to zams.mod
termination code: Lnuc_div_L_zams_limit

       runtime, prev time, retries, backups, steps         8.9        28.2         0         0       950
        950   7.303136   9906.799   0.877098   0.877098   1.278622   1.278622   0.661290   0.000191   0.304860   0.661864  -1.974175    891      0
   5.416556   2.064844  -0.030504 -38.441686  -0.601192 -99.000000   0.000000   0.337925   0.000356   0.000613   0.337369   0.062113      2      0
 7.4106E+06  17.485605   0.875693 -99.000000   3.114332  -8.877883   0.000000   0.000001   0.000080  7.846E-04  7.678E-04 -0.106E-10  max increase

DATE: 2016-02-26
TIME: 17:10:28
DATE: 2016-02-26
TIME: 17:10:28
                                         version_number        8118
 read inlist_1.0
load saved model zams.mod

 new_lnPgas_flag T
 net name basic.net
 do_element_diffusion T
 lnPgas_flag T
                       which_atm_option: Eddington_grey
 kappa_file_prefix gs98
 kappa_lowT_prefix lowT_fa05_gs98
   eos_file_prefix mesa
                                        OMP_NUM_THREADS           1


__________________________________________________________________________________________________________________________________________________

       step    lg_Tcntr    Teff       lg_LH     lg_Lnuc     Mass       H_rich     H_cntr     N_cntr     Y_surf     X_avg     eta_cntr  zones retry
   lg_dt_yr    lg_Dcntr    lg_R       lg_L3a    lg_Lneu     lg_Mdot    He_core    He_cntr    O_cntr     Z_surf     Y_avg     gam_cntr  iters bckup
     age_yr    lg_Pcntr    lg_L       lg_LZ     lg_Psurf    lg_Dsurf   C_core     C_cntr     Ne_cntr    Z_cntr     Z_avg     v_div_cs     dt_limit
__________________________________________________________________________________________________________________________________________________

