000 (20353.000.000) 02/24 21:34:53 Job submitted from host: <134.76.239.76:13753?addrs=134.76.239.76-13753>
...
001 (20353.000.000) 02/25 00:09:40 Job executing on host: <134.76.239.86:20177?addrs=134.76.239.86-20177>
...
006 (20353.000.000) 02/25 00:09:49 Image size of job updated: 1
	3  -  MemoryUsage of job (MB)
	2072  -  ResidentSetSize of job (KB)
...
006 (20353.000.000) 02/25 00:14:51 Image size of job updated: 1145056
	926  -  MemoryUsage of job (MB)
	948064  -  ResidentSetSize of job (KB)
...
006 (20353.000.000) 02/25 00:19:51 Image size of job updated: 1145940
	926  -  MemoryUsage of job (MB)
	948064  -  ResidentSetSize of job (KB)
...
006 (20353.000.000) 02/25 00:29:52 Image size of job updated: 1241876
	1071  -  MemoryUsage of job (MB)
	1096672  -  ResidentSetSize of job (KB)
...
006 (20353.000.000) 02/25 00:34:53 Image size of job updated: 1241876
	1071  -  MemoryUsage of job (MB)
	1096676  -  ResidentSetSize of job (KB)
...
006 (20353.000.000) 02/25 00:39:53 Image size of job updated: 1241876
	1072  -  MemoryUsage of job (MB)
	1097012  -  ResidentSetSize of job (KB)
...
006 (20353.000.000) 02/25 00:44:53 Image size of job updated: 1428360
	1216  -  MemoryUsage of job (MB)
	1244276  -  ResidentSetSize of job (KB)
...
006 (20353.000.000) 02/25 00:49:54 Image size of job updated: 1428360
	1216  -  MemoryUsage of job (MB)
	1244612  -  ResidentSetSize of job (KB)
...
006 (20353.000.000) 02/25 00:59:54 Image size of job updated: 1428360
	1216  -  MemoryUsage of job (MB)
	1244936  -  ResidentSetSize of job (KB)
...
006 (20353.000.000) 02/25 01:09:56 Image size of job updated: 1452896
	1240  -  MemoryUsage of job (MB)
	1269472  -  ResidentSetSize of job (KB)
...
006 (20353.000.000) 02/25 01:14:56 Image size of job updated: 1456336
	1242  -  MemoryUsage of job (MB)
	1271528  -  ResidentSetSize of job (KB)
...
006 (20353.000.000) 02/25 02:15:03 Image size of job updated: 1479132
	1242  -  MemoryUsage of job (MB)
	1271528  -  ResidentSetSize of job (KB)
...
006 (20353.000.000) 02/25 02:25:03 Image size of job updated: 1482156
	1242  -  MemoryUsage of job (MB)
	1271528  -  ResidentSetSize of job (KB)
...
005 (20353.000.000) 02/25 03:54:04 Job terminated.
	(1) Normal termination (return value 0)
		Usr 0 06:18:18, Sys 0 00:01:31  -  Run Remote Usage
		Usr 0 00:00:00, Sys 0 00:00:00  -  Run Local Usage
		Usr 0 06:18:18, Sys 0 00:01:31  -  Total Remote Usage
		Usr 0 00:00:00, Sys 0 00:00:00  -  Total Local Usage
	0  -  Run Bytes Sent By Job
	0  -  Run Bytes Received By Job
	0  -  Total Bytes Sent By Job
	0  -  Total Bytes Received By Job
	Partitionable Resources :    Usage  Request Allocated
	   Cpus                 :                 2         2
	   Disk (KB)            :        1        1   5108748
	   Memory (MB)          :     1242        1         1
...
