DATE: 2016-02-26
TIME: 16:59:53
                                         version_number        8118
 read inlist_1.0
 create pre-main-sequence model
                                                species           8
 abundances
                                                     h1    7.1311900000000017D-01
                                                    he3    2.9926616443725700D-05
                                                    he4    2.8118207338355639D-01
                                                    c12    9.7552452763465913D-04
                                                    n14    2.8576254010083142D-04
                                                    o16    2.6532185913606880D-03
                                                   ne20    5.9509192274179016D-04
                                                   mg24    1.1594024181619561D-03


                                        relax_num_steps


                               finished relax_num_steps

 new_lnPgas_flag T
                                        relax_initial_Z    5.6690000000000004D-03
                                                  new z    5.6690000000005529D-03
                                        relax_initial_Y    2.8121200000000002D-01
                                                  new y    2.8121199999999985D-01
 net name basic.net
 do_element_diffusion T
 lnPgas_flag T
 kappa_file_prefix gs98
 kappa_lowT_prefix lowT_fa05_gs98
   eos_file_prefix mesa
                                        OMP_NUM_THREADS           1



stop because Lnuc_div_L >= Lnuc_div_L_zams_limit
    0.1007640060E+01    0.9990000000E+00

        809   7.144012   6107.372  -0.068106  -0.068106   0.911240   0.911240   0.712672   0.000474   0.281212   0.713020  -1.576953    793      0
   5.809171   1.974401  -0.083899 -46.644532  -1.647202 -99.000000   0.000000   0.281632   0.002653   0.005669   0.281307   0.081849      2      0
 2.8124E+07  17.253543  -0.071411 -15.352530   4.805371  -6.786926   0.000000   0.000814   0.000595  5.696E-03  5.673E-03 -0.162E-10  max increase

save photos/x809 for model 809
save final_profile.data write fgong_plot.data
                               s% atm_structure_num_pts          57
save final_profile.data.FGONG    809
 final_profile.data.FGONG for model 809
 saved to zams.mod
termination code: Lnuc_div_L_zams_limit

       runtime, prev time, retries, backups, steps         7.1        28.2         0         0       809
        809   7.144012   6107.372  -0.068106  -0.068106   0.911240   0.911240   0.712672   0.000474   0.281212   0.713020  -1.576953    793      0
   5.809171   1.974401  -0.083899 -46.644532  -1.647202 -99.000000   0.000000   0.281632   0.002653   0.005669   0.281307   0.081849      2      0
 2.8124E+07  17.253543  -0.071411 -15.352530   4.805371  -6.786926   0.000000   0.000814   0.000595  5.696E-03  5.673E-03 -0.162E-10  max increase

DATE: 2016-02-26
TIME: 17:08:32
DATE: 2016-02-26
TIME: 17:08:32
                                         version_number        8118
 read inlist_1.0
load saved model zams.mod

 new_lnPgas_flag T
 net name basic.net
 do_element_diffusion T
 lnPgas_flag T
                       which_atm_option: Eddington_grey
 kappa_file_prefix gs98
 kappa_lowT_prefix lowT_fa05_gs98
   eos_file_prefix mesa
                                        OMP_NUM_THREADS           1


__________________________________________________________________________________________________________________________________________________

       step    lg_Tcntr    Teff       lg_LH     lg_Lnuc     Mass       H_rich     H_cntr     N_cntr     Y_surf     X_avg     eta_cntr  zones retry
   lg_dt_yr    lg_Dcntr    lg_R       lg_L3a    lg_Lneu     lg_Mdot    He_core    He_cntr    O_cntr     Z_surf     Y_avg     gam_cntr  iters bckup
     age_yr    lg_Pcntr    lg_L       lg_LZ     lg_Psurf    lg_Dsurf   C_core     C_cntr     Ne_cntr    Z_cntr     Z_avg     v_div_cs     dt_limit
__________________________________________________________________________________________________________________________________________________

