000 (20796.000.000) 02/24 21:35:17 Job submitted from host: <134.76.239.76:13753?addrs=134.76.239.76-13753>
...
001 (20796.000.000) 02/25 05:05:47 Job executing on host: <134.76.239.88:25067?addrs=134.76.239.88-25067>
...
006 (20796.000.000) 02/25 05:05:55 Image size of job updated: 202156
	56  -  MemoryUsage of job (MB)
	56680  -  ResidentSetSize of job (KB)
...
006 (20796.000.000) 02/25 05:10:55 Image size of job updated: 1143180
	936  -  MemoryUsage of job (MB)
	957512  -  ResidentSetSize of job (KB)
...
006 (20796.000.000) 02/25 05:15:56 Image size of job updated: 1145568
	936  -  MemoryUsage of job (MB)
	957512  -  ResidentSetSize of job (KB)
...
006 (20796.000.000) 02/25 05:20:57 Image size of job updated: 1311884
	1076  -  MemoryUsage of job (MB)
	1100944  -  ResidentSetSize of job (KB)
...
006 (20796.000.000) 02/25 05:25:57 Image size of job updated: 1522904
	1306  -  MemoryUsage of job (MB)
	1336388  -  ResidentSetSize of job (KB)
...
006 (20796.000.000) 02/25 05:30:58 Image size of job updated: 1527816
	1308  -  MemoryUsage of job (MB)
	1338552  -  ResidentSetSize of job (KB)
...
006 (20796.000.000) 02/25 05:35:59 Image size of job updated: 1527828
	1308  -  MemoryUsage of job (MB)
	1338552  -  ResidentSetSize of job (KB)
...
006 (20796.000.000) 02/25 06:52:50 Image size of job updated: 1542592
	1308  -  MemoryUsage of job (MB)
	1338552  -  ResidentSetSize of job (KB)
...
005 (20796.000.000) 02/25 06:52:50 Job terminated.
	(1) Normal termination (return value 0)
		Usr 0 02:46:19, Sys 0 00:00:35  -  Run Remote Usage
		Usr 0 00:00:00, Sys 0 00:00:00  -  Run Local Usage
		Usr 0 02:46:19, Sys 0 00:00:35  -  Total Remote Usage
		Usr 0 00:00:00, Sys 0 00:00:00  -  Total Local Usage
	0  -  Run Bytes Sent By Job
	0  -  Run Bytes Received By Job
	0  -  Total Bytes Sent By Job
	0  -  Total Bytes Received By Job
	Partitionable Resources :    Usage  Request Allocated
	   Cpus                 :                 2         2
	   Disk (KB)            :        1        1   5108689
	   Memory (MB)          :     1308        1         1
...
