000 (20494.000.000) 02/24 21:35:01 Job submitted from host: <134.76.239.76:13753?addrs=134.76.239.76-13753>
...
001 (20494.000.000) 02/25 01:39:41 Job executing on host: <134.76.239.79:12046?addrs=134.76.239.79-12046>
...
006 (20494.000.000) 02/25 01:39:50 Image size of job updated: 202152
	54  -  MemoryUsage of job (MB)
	54372  -  ResidentSetSize of job (KB)
...
006 (20494.000.000) 02/25 01:44:51 Image size of job updated: 1145188
	934  -  MemoryUsage of job (MB)
	955400  -  ResidentSetSize of job (KB)
...
006 (20494.000.000) 02/25 01:49:52 Image size of job updated: 1146452
	934  -  MemoryUsage of job (MB)
	955400  -  ResidentSetSize of job (KB)
...
006 (20494.000.000) 02/25 02:04:53 Image size of job updated: 1242584
	1060  -  MemoryUsage of job (MB)
	1085308  -  ResidentSetSize of job (KB)
...
006 (20494.000.000) 02/25 02:14:53 Image size of job updated: 1242584
	1061  -  MemoryUsage of job (MB)
	1085652  -  ResidentSetSize of job (KB)
...
006 (20494.000.000) 02/25 02:19:54 Image size of job updated: 1453604
	1228  -  MemoryUsage of job (MB)
	1257464  -  ResidentSetSize of job (KB)
...
006 (20494.000.000) 02/25 02:24:55 Image size of job updated: 1453604
	1229  -  MemoryUsage of job (MB)
	1257800  -  ResidentSetSize of job (KB)
...
006 (20494.000.000) 02/25 02:34:56 Image size of job updated: 1459240
	1233  -  MemoryUsage of job (MB)
	1262156  -  ResidentSetSize of job (KB)
...
006 (20494.000.000) 02/25 02:39:57 Image size of job updated: 1459240
	1233  -  MemoryUsage of job (MB)
	1262372  -  ResidentSetSize of job (KB)
...
006 (20494.000.000) 02/25 02:44:57 Image size of job updated: 1459252
	1233  -  MemoryUsage of job (MB)
	1262372  -  ResidentSetSize of job (KB)
...
006 (20494.000.000) 02/25 03:15:01 Image size of job updated: 1466464
	1238  -  MemoryUsage of job (MB)
	1267580  -  ResidentSetSize of job (KB)
...
006 (20494.000.000) 02/25 03:20:01 Image size of job updated: 1466720
	1239  -  MemoryUsage of job (MB)
	1268096  -  ResidentSetSize of job (KB)
...
006 (20494.000.000) 02/25 03:30:02 Image size of job updated: 1469864
	1241  -  MemoryUsage of job (MB)
	1270224  -  ResidentSetSize of job (KB)
...
006 (20494.000.000) 02/25 03:35:02 Image size of job updated: 1471912
	1243  -  MemoryUsage of job (MB)
	1272524  -  ResidentSetSize of job (KB)
...
006 (20494.000.000) 02/25 03:40:02 Image size of job updated: 1471924
	1243  -  MemoryUsage of job (MB)
	1272524  -  ResidentSetSize of job (KB)
...
005 (20494.000.000) 02/25 04:58:02 Job terminated.
	(1) Normal termination (return value 0)
		Usr 0 05:31:26, Sys 0 00:00:57  -  Run Remote Usage
		Usr 0 00:00:00, Sys 0 00:00:00  -  Run Local Usage
		Usr 0 05:31:26, Sys 0 00:00:57  -  Total Remote Usage
		Usr 0 00:00:00, Sys 0 00:00:00  -  Total Local Usage
	0  -  Run Bytes Sent By Job
	0  -  Run Bytes Received By Job
	0  -  Total Bytes Sent By Job
	0  -  Total Bytes Received By Job
	Partitionable Resources :    Usage  Request Allocated
	   Cpus                 :                 2         2
	   Disk (KB)            :        1        1   5108703
	   Memory (MB)          :     1243        1         1
...
