DATE: 2016-02-26
TIME: 16:59:53
                                         version_number        8118
 read inlist_1.0
 create pre-main-sequence model
                                                species           8
 abundances
                                                     h1    7.3133599999999999D-01
                                                    he3    2.8007648733552363D-05
                                                    he4    2.6315199235126646D-01
                                                    c12    9.4368962948466833D-04
                                                    n14    2.7643707354259886D-04
                                                    o16    2.5666344602261991D-03
                                                   ne20    5.7567191820709948D-04
                                                   mg24    1.1215669185394789D-03


                                        relax_num_steps


                               finished relax_num_steps

 new_lnPgas_flag T
                                        relax_initial_Z    5.4840000000000002D-03
                                                  new z    5.4840000000003029D-03
                                        relax_initial_Y    2.6318000000000003D-01
                                                  new y    2.6317999999999980D-01
 net name basic.net
 do_element_diffusion T
 lnPgas_flag T
 kappa_file_prefix gs98
 kappa_lowT_prefix lowT_fa05_gs98
   eos_file_prefix mesa
                                        OMP_NUM_THREADS           1



stop because Lnuc_div_L >= Lnuc_div_L_zams_limit
    0.9996080370E+00    0.9990000000E+00

        854   7.181999   6313.557   0.216151   0.216151   1.073068   1.073068   0.730916   0.000690   0.263109   0.731242  -1.749559    811      0
   5.493555   1.956219   0.031129 -44.806136  -1.326478 -99.000000   0.000000   0.263540   0.002567   0.005482   0.263265   0.073385      4      0
 2.1403E+07  17.278825   0.216322 -99.000000   4.597952  -7.017612   0.000000   0.000590   0.000576  5.543E-03  5.493E-03 -0.428E-10    varcontrol

save photos/x854 for model 854
save final_profile.data write fgong_plot.data
                               s% atm_structure_num_pts          57
save final_profile.data.FGONG    854
 final_profile.data.FGONG for model 854
 saved to zams.mod
termination code: Lnuc_div_L_zams_limit

       runtime, prev time, retries, backups, steps         7.7        28.2         0         0       854
        854   7.181999   6313.557   0.216151   0.216151   1.073068   1.073068   0.730916   0.000690   0.263109   0.731242  -1.749559    811      0
   5.493555   1.956219   0.031129 -44.806136  -1.326478 -99.000000   0.000000   0.263540   0.002567   0.005482   0.263265   0.073385      4      0
 2.1403E+07  17.278825   0.216322 -99.000000   4.597952  -7.017612   0.000000   0.000590   0.000576  5.543E-03  5.493E-03 -0.428E-10  max increase

DATE: 2016-02-26
TIME: 17:09:08
DATE: 2016-02-26
TIME: 17:09:08
                                         version_number        8118
 read inlist_1.0
load saved model zams.mod

 new_lnPgas_flag T
 net name basic.net
 do_element_diffusion T
 lnPgas_flag T
                       which_atm_option: Eddington_grey
 kappa_file_prefix gs98
 kappa_lowT_prefix lowT_fa05_gs98
   eos_file_prefix mesa
                                        OMP_NUM_THREADS           1


__________________________________________________________________________________________________________________________________________________

       step    lg_Tcntr    Teff       lg_LH     lg_Lnuc     Mass       H_rich     H_cntr     N_cntr     Y_surf     X_avg     eta_cntr  zones retry
   lg_dt_yr    lg_Dcntr    lg_R       lg_L3a    lg_Lneu     lg_Mdot    He_core    He_cntr    O_cntr     Z_surf     Y_avg     gam_cntr  iters bckup
     age_yr    lg_Pcntr    lg_L       lg_LZ     lg_Psurf    lg_Dsurf   C_core     C_cntr     Ne_cntr    Z_cntr     Z_avg     v_div_cs     dt_limit
__________________________________________________________________________________________________________________________________________________

        855   7.181841   6471.857   0.213741   0.213741   1.073068   1.073068   0.730885   0.000725   0.263106   0.731235  -1.749173    811      0
   5.572736   1.956150   0.007732 -44.814127  -1.333289 -99.000000   0.000000   0.263567   0.002567   0.005482   0.263271   0.073409      5      0
 2.1777E+07  17.278588   0.212547 -99.000000   4.941159  -6.687763   0.000000   0.000560   0.000576  5.548E-03  5.494E-03 -0.391E-09              

