DATE: 2016-02-26
TIME: 16:59:49
                                         version_number        8118
 read inlist_1.0
 create pre-main-sequence model
                                                species           8
 abundances
                                                     h1    7.0957300000000001D-01
                                                    he3    3.0302279488141834D-05
                                                    he4    2.8471169772051186D-01
                                                    c12    9.7827781612331135D-04
                                                    n14    2.8656906693830145D-04
                                                    o16    2.6607069486480070D-03
                                                   ne20    5.9677149070154988D-04
                                                   mg24    1.1626746775887705D-03


                                        relax_num_steps


                               finished relax_num_steps

 new_lnPgas_flag T
                                        relax_initial_Z    5.6849999999999999D-03
                                                  new z    5.6849999999999332D-03
                                        relax_initial_Y    2.8474200000000000D-01
                                                  new y    2.8474199999999994D-01
 net name basic.net
 do_element_diffusion T
 lnPgas_flag T
 kappa_file_prefix gs98
 kappa_lowT_prefix lowT_fa05_gs98
   eos_file_prefix mesa
                                        OMP_NUM_THREADS           1



stop because Lnuc_div_L >= Lnuc_div_L_zams_limit
    0.1000784246E+01    0.9990000000E+00

        934   7.271451   8059.274   0.731993   0.731993   1.361349   1.361349   0.708416   0.001422   0.284098   0.709290  -2.008776    879      0
   5.818080   1.989512   0.076750 -40.259283  -0.806186 -99.000000   0.000000   0.285737   0.002658   0.005654   0.284988   0.061863      2      0
 1.5739E+07  17.393902   0.731652 -14.750470   3.757866  -7.959937   0.000000   0.000007   0.000597  5.847E-03  5.723E-03 -0.536E-11  max increase

save photos/x934 for model 934
save final_profile.data write fgong_plot.data
                               s% atm_structure_num_pts          45
save final_profile.data.FGONG    934
 final_profile.data.FGONG for model 934
 saved to zams.mod
termination code: Lnuc_div_L_zams_limit

       runtime, prev time, retries, backups, steps         8.5        28.2         0         0       934
        934   7.271451   8059.274   0.731993   0.731993   1.361349   1.361349   0.708416   0.001422   0.284098   0.709290  -2.008776    879      0
   5.818080   1.989512   0.076750 -40.259283  -0.806186 -99.000000   0.000000   0.285737   0.002658   0.005654   0.284988   0.061863      2      0
 1.5739E+07  17.393902   0.731652 -14.750470   3.757866  -7.959937   0.000000   0.000007   0.000597  5.847E-03  5.723E-03 -0.536E-11  max increase

DATE: 2016-02-26
TIME: 17:10:00
DATE: 2016-02-26
TIME: 17:10:00
                                         version_number        8118
 read inlist_1.0
load saved model zams.mod

 new_lnPgas_flag T
 net name basic.net
 do_element_diffusion T
 lnPgas_flag T
                       which_atm_option: Eddington_grey
 kappa_file_prefix gs98
 kappa_lowT_prefix lowT_fa05_gs98
   eos_file_prefix mesa
                                        OMP_NUM_THREADS           1


__________________________________________________________________________________________________________________________________________________

       step    lg_Tcntr    Teff       lg_LH     lg_Lnuc     Mass       H_rich     H_cntr     N_cntr     Y_surf     X_avg     eta_cntr  zones retry
   lg_dt_yr    lg_Dcntr    lg_R       lg_L3a    lg_Lneu     lg_Mdot    He_core    He_cntr    O_cntr     Z_surf     Y_avg     gam_cntr  iters bckup
     age_yr    lg_Pcntr    lg_L       lg_LZ     lg_Psurf    lg_Dsurf   C_core     C_cntr     Ne_cntr    Z_cntr     Z_avg     v_div_cs     dt_limit
__________________________________________________________________________________________________________________________________________________

