000 (20808.000.000) 02/24 21:35:17 Job submitted from host: <134.76.239.76:13753?addrs=134.76.239.76-13753>
...
001 (20808.000.000) 02/25 05:12:48 Job executing on host: <134.76.239.79:12046?addrs=134.76.239.79-12046>
...
006 (20808.000.000) 02/25 05:12:56 Image size of job updated: 1
	3  -  MemoryUsage of job (MB)
	2068  -  ResidentSetSize of job (KB)
...
006 (20808.000.000) 02/25 05:17:56 Image size of job updated: 1144612
	933  -  MemoryUsage of job (MB)
	955016  -  ResidentSetSize of job (KB)
...
006 (20808.000.000) 02/25 05:22:57 Image size of job updated: 1146320
	933  -  MemoryUsage of job (MB)
	955016  -  ResidentSetSize of job (KB)
...
006 (20808.000.000) 02/25 05:37:58 Image size of job updated: 1248456
	1067  -  MemoryUsage of job (MB)
	1092424  -  ResidentSetSize of job (KB)
...
006 (20808.000.000) 02/25 05:42:59 Image size of job updated: 1251812
	1070  -  MemoryUsage of job (MB)
	1094928  -  ResidentSetSize of job (KB)
...
006 (20808.000.000) 02/25 05:47:59 Image size of job updated: 1462832
	1238  -  MemoryUsage of job (MB)
	1266748  -  ResidentSetSize of job (KB)
...
006 (20808.000.000) 02/25 05:52:59 Image size of job updated: 1462832
	1238  -  MemoryUsage of job (MB)
	1267076  -  ResidentSetSize of job (KB)
...
006 (20808.000.000) 02/25 05:58:00 Image size of job updated: 1511912
	1286  -  MemoryUsage of job (MB)
	1316544  -  ResidentSetSize of job (KB)
...
006 (20808.000.000) 02/25 06:38:04 Image size of job updated: 1513568
	1296  -  MemoryUsage of job (MB)
	1327068  -  ResidentSetSize of job (KB)
...
006 (20808.000.000) 02/25 06:43:04 Image size of job updated: 1562640
	1296  -  MemoryUsage of job (MB)
	1327068  -  ResidentSetSize of job (KB)
...
006 (20808.000.000) 02/25 08:18:14 Image size of job updated: 1567908
	1296  -  MemoryUsage of job (MB)
	1327068  -  ResidentSetSize of job (KB)
...
006 (20808.000.000) 02/25 09:03:19 Image size of job updated: 1567908
	1302  -  MemoryUsage of job (MB)
	1332660  -  ResidentSetSize of job (KB)
...
006 (20808.000.000) 02/25 09:08:20 Image size of job updated: 1570440
	1302  -  MemoryUsage of job (MB)
	1332660  -  ResidentSetSize of job (KB)
...
004 (20808.000.000) 02/25 09:59:11 Job was evicted.
	(0) Job was not checkpointed.
		Usr 0 08:15:42, Sys 0 00:02:50  -  Run Remote Usage
		Usr 0 00:00:00, Sys 0 00:00:00  -  Run Local Usage
	0  -  Run Bytes Sent By Job
	0  -  Run Bytes Received By Job
	Partitionable Resources :    Usage  Request Allocated
	   Cpus                 :                 2         2
	   Disk (KB)            :        1        1   5108674
	   Memory (MB)          :     1302        1         1
...
001 (20808.000.000) 02/25 09:59:31 Job executing on host: <134.76.239.90:23525?addrs=134.76.239.90-23525>
...
004 (20808.000.000) 02/25 10:02:31 Job was evicted.
	(0) Job was not checkpointed.
		Usr 0 00:01:37, Sys 0 00:00:01  -  Run Remote Usage
		Usr 0 00:00:00, Sys 0 00:00:00  -  Run Local Usage
	0  -  Run Bytes Sent By Job
	0  -  Run Bytes Received By Job
	Partitionable Resources :    Usage  Request Allocated
	   Cpus                 :                 2         2
	   Disk (KB)            :        1        1   5108744
	   Memory (MB)          :     1465     1465      1465
...
001 (20808.000.000) 02/25 10:03:32 Job executing on host: <134.76.239.84:12289?addrs=134.76.239.84-12289>
...
004 (20808.000.000) 02/25 10:08:52 Job was evicted.
	(0) Job was not checkpointed.
		Usr 0 00:09:42, Sys 0 00:00:03  -  Run Remote Usage
		Usr 0 00:00:00, Sys 0 00:00:00  -  Run Local Usage
	0  -  Run Bytes Sent By Job
	0  -  Run Bytes Received By Job
	Partitionable Resources :    Usage  Request Allocated
	   Cpus                 :                 2         2
	   Disk (KB)            :        1        1   5108547
	   Memory (MB)          :     1465     1465      1465
...
001 (20808.000.000) 02/25 10:11:12 Job executing on host: <134.76.239.87:13734?addrs=134.76.239.87-13734>
...
004 (20808.000.000) 02/25 10:49:46 Job was evicted.
	(0) Job was not checkpointed.
		Usr 0 01:08:01, Sys 0 00:00:13  -  Run Remote Usage
		Usr 0 00:00:00, Sys 0 00:00:00  -  Run Local Usage
	0  -  Run Bytes Sent By Job
	0  -  Run Bytes Received By Job
	Partitionable Resources :    Usage  Request Allocated
	   Cpus                 :                 2         2
	   Disk (KB)            :        1        1   5108626
	   Memory (MB)          :     1465     1465      1465
...
001 (20808.000.000) 02/25 10:50:44 Job executing on host: <134.76.239.83:20501?addrs=134.76.239.83-20501>
...
004 (20808.000.000) 02/25 10:52:27 Job was evicted.
	(0) Job was not checkpointed.
		Usr 0 00:02:22, Sys 0 00:00:01  -  Run Remote Usage
		Usr 0 00:00:00, Sys 0 00:00:00  -  Run Local Usage
	0  -  Run Bytes Sent By Job
	0  -  Run Bytes Received By Job
	Partitionable Resources :    Usage  Request Allocated
	   Cpus                 :                 2         2
	   Disk (KB)            :        1        1   5108608
	   Memory (MB)          :     1465     1465      1465
...
001 (20808.000.000) 02/25 10:54:28 Job executing on host: <134.76.239.89:24193?addrs=134.76.239.89-24193>
...
004 (20808.000.000) 02/25 11:04:25 Job was evicted.
	(0) Job was not checkpointed.
		Usr 0 00:16:41, Sys 0 00:00:05  -  Run Remote Usage
		Usr 0 00:00:00, Sys 0 00:00:00  -  Run Local Usage
	0  -  Run Bytes Sent By Job
	0  -  Run Bytes Received By Job
	Partitionable Resources :    Usage  Request Allocated
	   Cpus                 :                 2         2
	   Disk (KB)            :        1        1   5108665
	   Memory (MB)          :     1465     1465      1465
...
001 (20808.000.000) 02/25 11:06:25 Job executing on host: <134.76.239.84:12289?addrs=134.76.239.84-12289>
...
004 (20808.000.000) 02/25 11:08:07 Job was evicted.
	(0) Job was not checkpointed.
		Usr 0 00:02:56, Sys 0 00:00:02  -  Run Remote Usage
		Usr 0 00:00:00, Sys 0 00:00:00  -  Run Local Usage
	0  -  Run Bytes Sent By Job
	0  -  Run Bytes Received By Job
	Partitionable Resources :    Usage  Request Allocated
	   Cpus                 :                 2         2
	   Disk (KB)            :        1        1   5108512
	   Memory (MB)          :     1465     1465      1465
...
001 (20808.000.000) 02/25 11:11:06 Job executing on host: <134.76.239.89:24193?addrs=134.76.239.89-24193>
...
004 (20808.000.000) 02/25 11:30:52 Job was evicted.
	(0) Job was not checkpointed.
		Usr 0 00:29:12, Sys 0 00:00:05  -  Run Remote Usage
		Usr 0 00:00:00, Sys 0 00:00:00  -  Run Local Usage
	0  -  Run Bytes Sent By Job
	0  -  Run Bytes Received By Job
	Partitionable Resources :    Usage  Request Allocated
	   Cpus                 :                 2         2
	   Disk (KB)            :        1        1   5108647
	   Memory (MB)          :     1465     1465      1465
...
001 (20808.000.000) 02/25 11:32:42 Job executing on host: <134.76.239.86:20177?addrs=134.76.239.86-20177>
...
004 (20808.000.000) 02/25 11:45:13 Job was evicted.
	(0) Job was not checkpointed.
		Usr 0 00:16:42, Sys 0 00:00:05  -  Run Remote Usage
		Usr 0 00:00:00, Sys 0 00:00:00  -  Run Local Usage
	0  -  Run Bytes Sent By Job
	0  -  Run Bytes Received By Job
	Partitionable Resources :    Usage  Request Allocated
	   Cpus                 :                 2         2
	   Disk (KB)            :        1        1   5108556
	   Memory (MB)          :     1465     1465      1465
...
001 (20808.000.000) 02/25 11:47:59 Job executing on host: <134.76.239.80:23833?addrs=134.76.239.80-23833>
...
004 (20808.000.000) 02/25 11:57:16 Job was evicted.
	(0) Job was not checkpointed.
		Usr 0 00:11:49, Sys 0 00:00:06  -  Run Remote Usage
		Usr 0 00:00:00, Sys 0 00:00:00  -  Run Local Usage
	0  -  Run Bytes Sent By Job
	0  -  Run Bytes Received By Job
	Partitionable Resources :    Usage  Request Allocated
	   Cpus                 :                 2         2
	   Disk (KB)            :        1        1   5045654
	   Memory (MB)          :     1465     1465      1465
...
001 (20808.000.000) 02/25 11:59:21 Job executing on host: <134.76.239.91:19968?addrs=134.76.239.91-19968>
...
004 (20808.000.000) 02/25 13:21:06 Job was evicted.
	(0) Job was not checkpointed.
		Usr 0 02:19:36, Sys 0 00:00:32  -  Run Remote Usage
		Usr 0 00:00:00, Sys 0 00:00:00  -  Run Local Usage
	0  -  Run Bytes Sent By Job
	0  -  Run Bytes Received By Job
	Partitionable Resources :    Usage  Request Allocated
	   Cpus                 :                 2         2
	   Disk (KB)            :        1        1   5108498
	   Memory (MB)          :     1465     1465      1465
...
001 (20808.000.000) 02/25 13:23:08 Job executing on host: <134.76.239.84:12289?addrs=134.76.239.84-12289>
...
