DATE: 2016-02-26
TIME: 16:59:35
                                         version_number        8118
 read inlist_1.0
 create pre-main-sequence model
                                                species           8
 abundances
                                                     h1    7.1305400000000008D-01
                                                    he3    3.0076243140736763D-05
                                                    he4    2.8258792375685926D-01
                                                    c12    7.4476453617970553D-04
                                                    n14    2.1816550953543526D-04
                                                    o16    2.0256006462178360D-03
                                                   ne20    4.5432313311455900D-04
                                                   mg24    8.8514617495235193D-04


                                        relax_num_steps


                               finished relax_num_steps

 new_lnPgas_flag T
                                        relax_initial_Z    4.3280000000000002D-03
                                                  new z    4.3279999999998944D-03
                                        relax_initial_Y    2.8261799999999998D-01
                                                  new y    2.8261800000000015D-01
 net name basic.net
 do_element_diffusion T
 lnPgas_flag T
 kappa_file_prefix gs98
 kappa_lowT_prefix lowT_fa05_gs98
   eos_file_prefix mesa
                                        OMP_NUM_THREADS           1



stop because Lnuc_div_L >= Lnuc_div_L_zams_limit
    0.1000301360E+01    0.9990000000E+00

        929   7.257209   7847.824   0.643002   0.643002   1.280380   1.280380   0.711738   0.001083   0.281864   0.712709  -1.931257    889      0
   6.043195   1.999445   0.055453 -40.932074  -0.930390 -99.000000   0.000000   0.283811   0.002024   0.004300   0.282933   0.064286      2      0
 1.9026E+07  17.390882   0.642871 -99.000000   3.891452  -7.814006   0.000000   0.000005   0.000454  4.451E-03  4.358E-03 -0.589E-12  max increase

save photos/x929 for model 929
save final_profile.data write fgong_plot.data
                               s% atm_structure_num_pts          69
save final_profile.data.FGONG    929
 final_profile.data.FGONG for model 929
 saved to zams.mod
termination code: Lnuc_div_L_zams_limit

       runtime, prev time, retries, backups, steps         8.8        28.2         0         0       929
        929   7.257209   7847.824   0.643002   0.643002   1.280380   1.280380   0.711738   0.001083   0.281864   0.712709  -1.931257    889      0
   6.043195   1.999445   0.055453 -40.932074  -0.930390 -99.000000   0.000000   0.283811   0.002024   0.004300   0.282933   0.064286      2      0
 1.9026E+07  17.390882   0.642871 -99.000000   3.891452  -7.814006   0.000000   0.000005   0.000454  4.451E-03  4.358E-03 -0.589E-12  max increase

DATE: 2016-02-26
TIME: 17:10:17
DATE: 2016-02-26
TIME: 17:10:17
                                         version_number        8118
 read inlist_1.0
load saved model zams.mod

 new_lnPgas_flag T
 net name basic.net
 do_element_diffusion T
 lnPgas_flag T
                       which_atm_option: Eddington_grey
 kappa_file_prefix gs98
 kappa_lowT_prefix lowT_fa05_gs98
   eos_file_prefix mesa
                                        OMP_NUM_THREADS           1


__________________________________________________________________________________________________________________________________________________

       step    lg_Tcntr    Teff       lg_LH     lg_Lnuc     Mass       H_rich     H_cntr     N_cntr     Y_surf     X_avg     eta_cntr  zones retry
   lg_dt_yr    lg_Dcntr    lg_R       lg_L3a    lg_Lneu     lg_Mdot    He_core    He_cntr    O_cntr     Z_surf     Y_avg     gam_cntr  iters bckup
     age_yr    lg_Pcntr    lg_L       lg_LZ     lg_Psurf    lg_Dsurf   C_core     C_cntr     Ne_cntr    Z_cntr     Z_avg     v_div_cs     dt_limit
__________________________________________________________________________________________________________________________________________________

