000 (20195.000.000) 02/24 21:34:45 Job submitted from host: <134.76.239.76:13753?addrs=134.76.239.76-13753>
...
001 (20195.000.000) 02/24 22:11:37 Job executing on host: <134.76.239.86:20177?addrs=134.76.239.86-20177>
...
006 (20195.000.000) 02/24 22:11:47 Image size of job updated: 65712
	4  -  MemoryUsage of job (MB)
	3256  -  ResidentSetSize of job (KB)
...
006 (20195.000.000) 02/24 22:16:47 Image size of job updated: 145596
	30  -  MemoryUsage of job (MB)
	30232  -  ResidentSetSize of job (KB)
...
006 (20195.000.000) 02/24 22:21:48 Image size of job updated: 1138752
	926  -  MemoryUsage of job (MB)
	947884  -  ResidentSetSize of job (KB)
...
006 (20195.000.000) 02/24 22:26:49 Image size of job updated: 1145296
	932  -  MemoryUsage of job (MB)
	954240  -  ResidentSetSize of job (KB)
...
006 (20195.000.000) 02/24 22:31:49 Image size of job updated: 1145896
	932  -  MemoryUsage of job (MB)
	954240  -  ResidentSetSize of job (KB)
...
006 (20195.000.000) 02/24 22:41:51 Image size of job updated: 1252420
	1077  -  MemoryUsage of job (MB)
	1102744  -  ResidentSetSize of job (KB)
...
006 (20195.000.000) 02/24 22:46:51 Image size of job updated: 1254684
	1080  -  MemoryUsage of job (MB)
	1105184  -  ResidentSetSize of job (KB)
...
006 (20195.000.000) 02/24 22:51:51 Image size of job updated: 1254684
	1081  -  MemoryUsage of job (MB)
	1105980  -  ResidentSetSize of job (KB)
...
006 (20195.000.000) 02/24 22:56:52 Image size of job updated: 1514776
	1297  -  MemoryUsage of job (MB)
	1327192  -  ResidentSetSize of job (KB)
...
006 (20195.000.000) 02/24 23:01:52 Image size of job updated: 1514776
	1297  -  MemoryUsage of job (MB)
	1327512  -  ResidentSetSize of job (KB)
...
006 (20195.000.000) 02/24 23:06:52 Image size of job updated: 1514784
	1297  -  MemoryUsage of job (MB)
	1327512  -  ResidentSetSize of job (KB)
...
006 (20195.000.000) 02/24 23:26:55 Image size of job updated: 1514784
	1302  -  MemoryUsage of job (MB)
	1333044  -  ResidentSetSize of job (KB)
...
006 (20195.000.000) 02/24 23:31:56 Image size of job updated: 1514784
	1303  -  MemoryUsage of job (MB)
	1333376  -  ResidentSetSize of job (KB)
...
006 (20195.000.000) 02/24 23:36:56 Image size of job updated: 1514784
	1303  -  MemoryUsage of job (MB)
	1333696  -  ResidentSetSize of job (KB)
...
006 (20195.000.000) 02/25 00:11:59 Image size of job updated: 1518092
	1303  -  MemoryUsage of job (MB)
	1333888  -  ResidentSetSize of job (KB)
...
006 (20195.000.000) 02/25 00:16:59 Image size of job updated: 1567164
	1303  -  MemoryUsage of job (MB)
	1333888  -  ResidentSetSize of job (KB)
...
006 (20195.000.000) 02/25 00:52:03 Image size of job updated: 1567236
	1341  -  MemoryUsage of job (MB)
	1372936  -  ResidentSetSize of job (KB)
...
005 (20195.000.000) 02/25 01:56:48 Job terminated.
	(1) Normal termination (return value 0)
		Usr 0 05:46:07, Sys 0 00:01:13  -  Run Remote Usage
		Usr 0 00:00:00, Sys 0 00:00:00  -  Run Local Usage
		Usr 0 05:46:07, Sys 0 00:01:13  -  Total Remote Usage
		Usr 0 00:00:00, Sys 0 00:00:00  -  Total Local Usage
	0  -  Run Bytes Sent By Job
	0  -  Run Bytes Received By Job
	0  -  Total Bytes Sent By Job
	0  -  Total Bytes Received By Job
	Partitionable Resources :    Usage  Request Allocated
	   Cpus                 :                 2         2
	   Disk (KB)            :        1        1   5108770
	   Memory (MB)          :     1341        1         1
...
