DATE: 2016-02-26
TIME: 16:59:37
                                         version_number        8118
 read inlist_1.0
 create pre-main-sequence model
                                                species           8
 abundances
                                                     h1    6.7076899999999995D-01
                                                    he3    3.4665611070041601D-05
                                                    he4    3.2570833438892999D-01
                                                    c12    6.0021689052562740D-04
                                                    n14    1.7582285056830596D-04
                                                    o16    1.6324618886340318D-03
                                                   ne20    3.6614581522727453D-04
                                                   mg24    7.1335255504480699D-04


                                        relax_num_steps


                               finished relax_num_steps

 new_lnPgas_flag T
                                        relax_initial_Z    3.4880000000000002D-03
                                                  new z    3.4879999999998610D-03
                                        relax_initial_Y    3.2574300000000000D-01
                                                  new y    3.2574299999999984D-01
 net name basic.net
 do_element_diffusion T
 lnPgas_flag T
 kappa_file_prefix gs98
 kappa_lowT_prefix lowT_fa05_gs98
   eos_file_prefix mesa
                                        OMP_NUM_THREADS           1



stop because Lnuc_div_L >= Lnuc_div_L_zams_limit
    0.1007939704E+01    0.9990000000E+00

        798   7.112320   5816.511  -0.304890  -0.304890   0.731943   0.731943   0.670246   0.000194   0.324961   0.670699  -1.388032    786      0
   5.648537   2.014886  -0.159971 -48.063936  -1.935097 -99.000000   0.000000   0.326260   0.001634   0.003480   0.325812   0.092475      4      0
 3.1127E+07  17.249003  -0.308325 -16.255620   5.018628  -6.537807   0.000000   0.000585   0.000366  3.494E-03  3.489E-03 -0.331E-10    varcontrol

save photos/x798 for model 798
save final_profile.data write fgong_plot.data
                               s% atm_structure_num_pts          85
save final_profile.data.FGONG    798
 final_profile.data.FGONG for model 798
 saved to zams.mod
termination code: Lnuc_div_L_zams_limit

       runtime, prev time, retries, backups, steps         7.7        28.2         0         0       798
        798   7.112320   5816.511  -0.304890  -0.304890   0.731943   0.731943   0.670246   0.000194   0.324961   0.670699  -1.388032    786      0
   5.648537   2.014886  -0.159971 -48.063936  -1.935097 -99.000000   0.000000   0.326260   0.001634   0.003480   0.325812   0.092475      4      0
 3.1127E+07  17.249003  -0.308325 -16.255620   5.018628  -6.537807   0.000000   0.000585   0.000366  3.494E-03  3.489E-03 -0.331E-10    varcontrol

DATE: 2016-02-26
TIME: 17:09:15
DATE: 2016-02-26
TIME: 17:09:15
                                         version_number        8118
 read inlist_1.0
load saved model zams.mod

 new_lnPgas_flag T
 net name basic.net
 do_element_diffusion T
 lnPgas_flag T
                       which_atm_option: Eddington_grey
 kappa_file_prefix gs98
 kappa_lowT_prefix lowT_fa05_gs98
   eos_file_prefix mesa
                                        OMP_NUM_THREADS           1


__________________________________________________________________________________________________________________________________________________

       step    lg_Tcntr    Teff       lg_LH     lg_Lnuc     Mass       H_rich     H_cntr     N_cntr     Y_surf     X_avg     eta_cntr  zones retry
   lg_dt_yr    lg_Dcntr    lg_R       lg_L3a    lg_Lneu     lg_Mdot    He_core    He_cntr    O_cntr     Z_surf     Y_avg     gam_cntr  iters bckup
     age_yr    lg_Pcntr    lg_L       lg_LZ     lg_Psurf    lg_Dsurf   C_core     C_cntr     Ne_cntr    Z_cntr     Z_avg     v_div_cs     dt_limit
__________________________________________________________________________________________________________________________________________________

