DATE: 2016-02-26
TIME: 16:59:53
                                         version_number        8118
 read inlist_1.0
 create pre-main-sequence model
                                                species           8
 abundances
                                                     h1    6.8841700000000006D-01
                                                    he3    3.2447389965846117D-05
                                                    he4    3.0486655261003415D-01
                                                    c12    1.1501862661333678D-03
                                                    n14    3.3692658635278835D-04
                                                    o16    3.1282612567745355D-03
                                                   ne20    7.0163951518894445D-04
                                                   mg24    1.3669863755502755D-03


                                        relax_num_steps


                               finished relax_num_steps

 new_lnPgas_flag T
                                        relax_initial_Z    6.6839999999999998D-03
                                                  new z    6.6840000000003624D-03
                                        relax_initial_Y    3.0489899999999998D-01
                                                  new y    3.0489899999999981D-01
 net name basic.net
 do_element_diffusion T
 lnPgas_flag T
 kappa_file_prefix gs98
 kappa_lowT_prefix lowT_fa05_gs98
   eos_file_prefix mesa
                                        OMP_NUM_THREADS           1



stop because Lnuc_div_L >= Lnuc_div_L_zams_limit
    0.9999957354E+00    0.9990000000E+00

        973   7.316269   9357.218   1.041292   1.041292   1.589865   1.589865   0.687349   0.001680   0.265960   0.688202  -2.250174    884      0
   5.425091   1.961890   0.101869 -38.115835  -0.339188 -99.000000   0.000000   0.305778   0.003115   0.004866   0.305069   0.055160      2      0
 9.2964E+06  17.403759   1.041294 -14.051500   3.068871  -8.851569   0.000000   0.000010   0.000702  6.872E-03  6.729E-03 -0.173E-10  max increase

save photos/x973 for model 973
save final_profile.data write fgong_plot.data
                               s% atm_structure_num_pts          41
save final_profile.data.FGONG    973
 final_profile.data.FGONG for model 973
 saved to zams.mod
termination code: Lnuc_div_L_zams_limit

       runtime, prev time, retries, backups, steps        10.7        28.2         0         0       973
        973   7.316269   9357.218   1.041292   1.041292   1.589865   1.589865   0.687349   0.001680   0.265960   0.688202  -2.250174    884      0
   5.425091   1.961890   0.101869 -38.115835  -0.339188 -99.000000   0.000000   0.305778   0.003115   0.004866   0.305069   0.055160      2      0
 9.2964E+06  17.403759   1.041294 -14.051500   3.068871  -8.851569   0.000000   0.000010   0.000702  6.872E-03  6.729E-03 -0.173E-10  max increase

DATE: 2016-02-26
TIME: 17:12:26
DATE: 2016-02-26
TIME: 17:12:26
                                         version_number        8118
 read inlist_1.0
load saved model zams.mod

 new_lnPgas_flag T
 net name basic.net
 do_element_diffusion T
 lnPgas_flag T
                       which_atm_option: Eddington_grey
 kappa_file_prefix gs98
 kappa_lowT_prefix lowT_fa05_gs98
   eos_file_prefix mesa
                                        OMP_NUM_THREADS           1


__________________________________________________________________________________________________________________________________________________

       step    lg_Tcntr    Teff       lg_LH     lg_Lnuc     Mass       H_rich     H_cntr     N_cntr     Y_surf     X_avg     eta_cntr  zones retry
   lg_dt_yr    lg_Dcntr    lg_R       lg_L3a    lg_Lneu     lg_Mdot    He_core    He_cntr    O_cntr     Z_surf     Y_avg     gam_cntr  iters bckup
     age_yr    lg_Pcntr    lg_L       lg_LZ     lg_Psurf    lg_Dsurf   C_core     C_cntr     Ne_cntr    Z_cntr     Z_avg     v_div_cs     dt_limit
__________________________________________________________________________________________________________________________________________________

        974   7.316367   9355.370   1.039572   1.039572   1.589865   1.589865   0.687233   0.001682   0.261492   0.688180  -2.251370    884      0
   5.504273   1.961568   0.101163 -38.111348  -0.341568 -99.000000   0.000000   0.305895   0.003112   0.004663   0.305091   0.055137      3      0
 9.6158E+06  17.403495   1.039539 -99.000000   3.568503  -8.338924   0.000000   0.000010   0.000702  6.872E-03  6.730E-03 -0.146E-10              

