000 (28602.000.000) 02/26 16:56:24 Job submitted from host: <134.76.239.76:15915?addrs=134.76.239.76-15915>
...
001 (28602.000.000) 02/26 16:56:44 Job executing on host: <134.76.239.87:21186?addrs=134.76.239.87-21186>
...
006 (28602.000.000) 02/26 16:56:55 Image size of job updated: 65708
	4  -  MemoryUsage of job (MB)
	3268  -  ResidentSetSize of job (KB)
...
006 (28602.000.000) 02/26 17:01:55 Image size of job updated: 1070792
	932  -  MemoryUsage of job (MB)
	953512  -  ResidentSetSize of job (KB)
...
006 (28602.000.000) 02/26 17:06:56 Image size of job updated: 1071324
	932  -  MemoryUsage of job (MB)
	953704  -  ResidentSetSize of job (KB)
...
006 (28602.000.000) 02/26 17:11:57 Image size of job updated: 1078232
	939  -  MemoryUsage of job (MB)
	960584  -  ResidentSetSize of job (KB)
...
006 (28602.000.000) 02/26 17:16:57 Image size of job updated: 1237608
	1091  -  MemoryUsage of job (MB)
	1116212  -  ResidentSetSize of job (KB)
...
