000 (20791.000.000) 02/24 21:35:16 Job submitted from host: <134.76.239.76:13753?addrs=134.76.239.76-13753>
...
001 (20791.000.000) 02/25 05:03:47 Job executing on host: <134.76.239.89:24193?addrs=134.76.239.89-24193>
...
006 (20791.000.000) 02/25 05:03:56 Image size of job updated: 1
	3  -  MemoryUsage of job (MB)
	2072  -  ResidentSetSize of job (KB)
...
006 (20791.000.000) 02/25 05:08:57 Image size of job updated: 1143420
	934  -  MemoryUsage of job (MB)
	956224  -  ResidentSetSize of job (KB)
...
006 (20791.000.000) 02/25 05:13:57 Image size of job updated: 1145048
	934  -  MemoryUsage of job (MB)
	956224  -  ResidentSetSize of job (KB)
...
006 (20791.000.000) 02/25 05:18:57 Image size of job updated: 1322748
	1148  -  MemoryUsage of job (MB)
	1175408  -  ResidentSetSize of job (KB)
...
006 (20791.000.000) 02/25 05:23:58 Image size of job updated: 1322748
	1149  -  MemoryUsage of job (MB)
	1175768  -  ResidentSetSize of job (KB)
...
006 (20791.000.000) 02/25 05:28:58 Image size of job updated: 1509232
	1293  -  MemoryUsage of job (MB)
	1323364  -  ResidentSetSize of job (KB)
...
006 (20791.000.000) 02/25 05:33:58 Image size of job updated: 1509232
	1293  -  MemoryUsage of job (MB)
	1323684  -  ResidentSetSize of job (KB)
...
006 (20791.000.000) 02/25 05:59:01 Image size of job updated: 1509788
	1294  -  MemoryUsage of job (MB)
	1324880  -  ResidentSetSize of job (KB)
...
006 (20791.000.000) 02/25 06:04:01 Image size of job updated: 1509788
	1295  -  MemoryUsage of job (MB)
	1325212  -  ResidentSetSize of job (KB)
...
006 (20791.000.000) 02/25 06:09:01 Image size of job updated: 1509788
	1295  -  MemoryUsage of job (MB)
	1325528  -  ResidentSetSize of job (KB)
...
005 (20791.000.000) 02/25 07:29:40 Job terminated.
	(1) Normal termination (return value 0)
		Usr 0 04:00:00, Sys 0 00:00:26  -  Run Remote Usage
		Usr 0 00:00:00, Sys 0 00:00:00  -  Run Local Usage
		Usr 0 04:00:00, Sys 0 00:00:26  -  Total Remote Usage
		Usr 0 00:00:00, Sys 0 00:00:00  -  Total Local Usage
	0  -  Run Bytes Sent By Job
	0  -  Run Bytes Received By Job
	0  -  Total Bytes Sent By Job
	0  -  Total Bytes Received By Job
	Partitionable Resources :    Usage  Request Allocated
	   Cpus                 :                 2         2
	   Disk (KB)            :        1        1   5108777
	   Memory (MB)          :     1295        1         1
...
