000 (20278.000.000) 02/24 21:34:49 Job submitted from host: <134.76.239.76:13753?addrs=134.76.239.76-13753>
...
001 (20278.000.000) 02/24 23:17:36 Job executing on host: <134.76.239.80:23833?addrs=134.76.239.80-23833>
...
006 (20278.000.000) 02/24 23:17:45 Image size of job updated: 1
	3  -  MemoryUsage of job (MB)
	2068  -  ResidentSetSize of job (KB)
...
006 (20278.000.000) 02/24 23:22:46 Image size of job updated: 1145064
	928  -  MemoryUsage of job (MB)
	950024  -  ResidentSetSize of job (KB)
...
006 (20278.000.000) 02/24 23:27:47 Image size of job updated: 1146180
	928  -  MemoryUsage of job (MB)
	950024  -  ResidentSetSize of job (KB)
...
006 (20278.000.000) 02/24 23:47:49 Image size of job updated: 1229132
	1060  -  MemoryUsage of job (MB)
	1085008  -  ResidentSetSize of job (KB)
...
006 (20278.000.000) 02/24 23:57:51 Image size of job updated: 1229132
	1060  -  MemoryUsage of job (MB)
	1085348  -  ResidentSetSize of job (KB)
...
006 (20278.000.000) 02/25 00:02:51 Image size of job updated: 1440152
	1228  -  MemoryUsage of job (MB)
	1257180  -  ResidentSetSize of job (KB)
...
006 (20278.000.000) 02/25 00:07:51 Image size of job updated: 1440576
	1229  -  MemoryUsage of job (MB)
	1257512  -  ResidentSetSize of job (KB)
...
006 (20278.000.000) 02/25 00:17:53 Image size of job updated: 1440576
	1229  -  MemoryUsage of job (MB)
	1257832  -  ResidentSetSize of job (KB)
...
006 (20278.000.000) 02/25 00:22:53 Image size of job updated: 1440576
	1229  -  MemoryUsage of job (MB)
	1257836  -  ResidentSetSize of job (KB)
...
006 (20278.000.000) 02/25 00:27:53 Image size of job updated: 1441176
	1229  -  MemoryUsage of job (MB)
	1258004  -  ResidentSetSize of job (KB)
...
006 (20278.000.000) 02/25 00:32:54 Image size of job updated: 1444248
	1229  -  MemoryUsage of job (MB)
	1258004  -  ResidentSetSize of job (KB)
...
006 (20278.000.000) 02/25 01:17:58 Image size of job updated: 1444248
	1242  -  MemoryUsage of job (MB)
	1270960  -  ResidentSetSize of job (KB)
...
006 (20278.000.000) 02/25 01:23:00 Image size of job updated: 1444248
	1242  -  MemoryUsage of job (MB)
	1270968  -  ResidentSetSize of job (KB)
...
006 (20278.000.000) 02/25 01:28:00 Image size of job updated: 1444248
	1242  -  MemoryUsage of job (MB)
	1271288  -  ResidentSetSize of job (KB)
...
006 (20278.000.000) 02/25 01:33:00 Image size of job updated: 1444248
	1242  -  MemoryUsage of job (MB)
	1271292  -  ResidentSetSize of job (KB)
...
006 (20278.000.000) 02/25 01:38:01 Image size of job updated: 1444248
	1242  -  MemoryUsage of job (MB)
	1271296  -  ResidentSetSize of job (KB)
...
006 (20278.000.000) 02/25 01:43:02 Image size of job updated: 1444248
	1242  -  MemoryUsage of job (MB)
	1271644  -  ResidentSetSize of job (KB)
...
005 (20278.000.000) 02/25 03:08:05 Job terminated.
	(1) Normal termination (return value 0)
		Usr 0 06:27:41, Sys 0 00:01:23  -  Run Remote Usage
		Usr 0 00:00:00, Sys 0 00:00:00  -  Run Local Usage
		Usr 0 06:27:41, Sys 0 00:01:23  -  Total Remote Usage
		Usr 0 00:00:00, Sys 0 00:00:00  -  Total Local Usage
	0  -  Run Bytes Sent By Job
	0  -  Run Bytes Received By Job
	0  -  Total Bytes Sent By Job
	0  -  Total Bytes Received By Job
	Partitionable Resources :    Usage  Request Allocated
	   Cpus                 :                 2         2
	   Disk (KB)            :        1        1   5045825
	   Memory (MB)          :     1242        1         1
...
