DATE: 2016-02-26
TIME: 16:59:41
                                         version_number        8118
 read inlist_1.0
 create pre-main-sequence model
                                                species           8
 abundances
                                                     h1    7.7325800000000000D-01
                                                    he3    2.4040306440115050D-05
                                                    he4    2.2587595969355989D-01
                                                    c12    1.4489180671518840D-04
                                                    n14    4.2443474821821469D-05
                                                    o16    3.9407480224479692D-04
                                                   ne20    8.8387263882271929D-05
                                                   mg24    1.7220265233593070D-04


                                        relax_num_steps


                               finished relax_num_steps

 new_lnPgas_flag T
                                        relax_initial_Z    8.4199999999999998D-04
                                                  new z    8.4199999999961812D-04
                                        relax_initial_Y    2.2589999999999999D-01
                                                  new y    2.2590000000000021D-01
 net name basic.net
 do_element_diffusion T
 lnPgas_flag T
 kappa_file_prefix gs98
 kappa_lowT_prefix lowT_fa05_gs98
   eos_file_prefix mesa
                                        OMP_NUM_THREADS           1



stop because Lnuc_div_L >= Lnuc_div_L_zams_limit
    0.1006082960E+01    0.9990000000E+00

        844   7.163846   6574.058   0.138827   0.138827   0.988583   0.988583   0.772855   0.000085   0.225884   0.773160  -1.582580    806      0
   5.602018   1.987170  -0.044054 -45.854068  -1.474756 -99.000000   0.000000   0.226297   0.000394   0.000842   0.225997   0.076928      4      0
 1.9180E+07  17.305813   0.136193 -15.653560   4.578118  -7.072499   0.000000   0.000109   0.000088  8.480E-04  8.429E-04 -0.211E-10    varcontrol

save photos/x844 for model 844
save final_profile.data write fgong_plot.data
                               s% atm_structure_num_pts          55
save final_profile.data.FGONG    844
 final_profile.data.FGONG for model 844
 saved to zams.mod
termination code: Lnuc_div_L_zams_limit

       runtime, prev time, retries, backups, steps         9.4        28.2         0         0       844
        844   7.163846   6574.058   0.138827   0.138827   0.988583   0.988583   0.772855   0.000085   0.225884   0.773160  -1.582580    806      0
   5.602018   1.987170  -0.044054 -45.854068  -1.474756 -99.000000   0.000000   0.226297   0.000394   0.000842   0.225997   0.076928      4      0
 1.9180E+07  17.305813   0.136193 -15.653560   4.578118  -7.072499   0.000000   0.000109   0.000088  8.480E-04  8.429E-04 -0.211E-10  max increase

DATE: 2016-02-26
TIME: 17:11:04
DATE: 2016-02-26
TIME: 17:11:04
                                         version_number        8118
 read inlist_1.0
load saved model zams.mod

 new_lnPgas_flag T
 net name basic.net
 do_element_diffusion T
 lnPgas_flag T
                       which_atm_option: Eddington_grey
 kappa_file_prefix gs98
 kappa_lowT_prefix lowT_fa05_gs98
   eos_file_prefix mesa
                                        OMP_NUM_THREADS           1


__________________________________________________________________________________________________________________________________________________

       step    lg_Tcntr    Teff       lg_LH     lg_Lnuc     Mass       H_rich     H_cntr     N_cntr     Y_surf     X_avg     eta_cntr  zones retry
   lg_dt_yr    lg_Dcntr    lg_R       lg_L3a    lg_Lneu     lg_Mdot    He_core    He_cntr    O_cntr     Z_surf     Y_avg     gam_cntr  iters bckup
     age_yr    lg_Pcntr    lg_L       lg_LZ     lg_Psurf    lg_Dsurf   C_core     C_cntr     Ne_cntr    Z_cntr     Z_avg     v_div_cs     dt_limit
__________________________________________________________________________________________________________________________________________________

