000 (20097.000.000) 02/24 21:34:39 Job submitted from host: <134.76.239.76:13753?addrs=134.76.239.76-13753>
...
001 (20097.000.000) 02/24 21:34:57 Job executing on host: <134.76.239.83:20501?addrs=134.76.239.83-20501>
...
006 (20097.000.000) 02/24 21:35:08 Image size of job updated: 65972
	5  -  MemoryUsage of job (MB)
	4308  -  ResidentSetSize of job (KB)
...
006 (20097.000.000) 02/24 21:40:08 Image size of job updated: 1139612
	917  -  MemoryUsage of job (MB)
	938940  -  ResidentSetSize of job (KB)
...
006 (20097.000.000) 02/24 21:45:09 Image size of job updated: 1147492
	917  -  MemoryUsage of job (MB)
	938940  -  ResidentSetSize of job (KB)
...
006 (20097.000.000) 02/24 21:55:10 Image size of job updated: 1285572
	1065  -  MemoryUsage of job (MB)
	1090272  -  ResidentSetSize of job (KB)
...
006 (20097.000.000) 02/24 22:00:11 Image size of job updated: 1288720
	1065  -  MemoryUsage of job (MB)
	1090360  -  ResidentSetSize of job (KB)
...
006 (20097.000.000) 02/24 22:05:12 Image size of job updated: 1288720
	1066  -  MemoryUsage of job (MB)
	1090696  -  ResidentSetSize of job (KB)
...
006 (20097.000.000) 02/24 22:10:12 Image size of job updated: 1409668
	1210  -  MemoryUsage of job (MB)
	1238416  -  ResidentSetSize of job (KB)
...
006 (20097.000.000) 02/24 22:15:12 Image size of job updated: 1434204
	1235  -  MemoryUsage of job (MB)
	1263668  -  ResidentSetSize of job (KB)
...
006 (20097.000.000) 02/24 22:20:13 Image size of job updated: 1434204
	1235  -  MemoryUsage of job (MB)
	1264020  -  ResidentSetSize of job (KB)
...
006 (20097.000.000) 02/24 22:25:13 Image size of job updated: 1436256
	1237  -  MemoryUsage of job (MB)
	1266128  -  ResidentSetSize of job (KB)
...
006 (20097.000.000) 02/24 22:30:13 Image size of job updated: 1436268
	1237  -  MemoryUsage of job (MB)
	1266128  -  ResidentSetSize of job (KB)
...
006 (20097.000.000) 02/24 22:55:16 Image size of job updated: 1448692
	1237  -  MemoryUsage of job (MB)
	1266128  -  ResidentSetSize of job (KB)
...
006 (20097.000.000) 02/24 23:00:16 Image size of job updated: 1473228
	1239  -  MemoryUsage of job (MB)
	1267836  -  ResidentSetSize of job (KB)
...
006 (20097.000.000) 02/24 23:05:16 Image size of job updated: 1473228
	1239  -  MemoryUsage of job (MB)
	1268168  -  ResidentSetSize of job (KB)
...
006 (20097.000.000) 02/24 23:10:17 Image size of job updated: 1475276
	1241  -  MemoryUsage of job (MB)
	1270236  -  ResidentSetSize of job (KB)
...
005 (20097.000.000) 02/25 00:15:58 Job terminated.
	(1) Normal termination (return value 0)
		Usr 0 03:56:27, Sys 0 00:01:27  -  Run Remote Usage
		Usr 0 00:00:00, Sys 0 00:00:00  -  Run Local Usage
		Usr 0 03:56:27, Sys 0 00:01:27  -  Total Remote Usage
		Usr 0 00:00:00, Sys 0 00:00:00  -  Total Local Usage
	0  -  Run Bytes Sent By Job
	0  -  Run Bytes Received By Job
	0  -  Total Bytes Sent By Job
	0  -  Total Bytes Received By Job
	Partitionable Resources :    Usage  Request Allocated
	   Cpus                 :                 2         2
	   Disk (KB)            :        1        1   5108805
	   Memory (MB)          :     1241        1         1
...
