000 (20297.000.000) 02/24 21:34:50 Job submitted from host: <134.76.239.76:13753?addrs=134.76.239.76-13753>
...
001 (20297.000.000) 02/24 23:33:37 Job executing on host: <134.76.239.85:29523?addrs=134.76.239.85-29523>
...
006 (20297.000.000) 02/24 23:33:46 Image size of job updated: 748464
	532  -  MemoryUsage of job (MB)
	544232  -  ResidentSetSize of job (KB)
...
006 (20297.000.000) 02/24 23:38:47 Image size of job updated: 1147444
	922  -  MemoryUsage of job (MB)
	943944  -  ResidentSetSize of job (KB)
...
006 (20297.000.000) 02/24 23:43:47 Image size of job updated: 1147972
	922  -  MemoryUsage of job (MB)
	943944  -  ResidentSetSize of job (KB)
...
006 (20297.000.000) 02/25 00:18:50 Image size of job updated: 1241840
	1060  -  MemoryUsage of job (MB)
	1084440  -  ResidentSetSize of job (KB)
...
006 (20297.000.000) 02/25 00:28:51 Image size of job updated: 1241840
	1060  -  MemoryUsage of job (MB)
	1084452  -  ResidentSetSize of job (KB)
...
006 (20297.000.000) 02/25 00:48:53 Image size of job updated: 1241840
	1060  -  MemoryUsage of job (MB)
	1084784  -  ResidentSetSize of job (KB)
...
006 (20297.000.000) 02/25 00:53:53 Image size of job updated: 1241840
	1060  -  MemoryUsage of job (MB)
	1084788  -  ResidentSetSize of job (KB)
...
006 (20297.000.000) 02/25 01:13:55 Image size of job updated: 1428324
	1204  -  MemoryUsage of job (MB)
	1232064  -  ResidentSetSize of job (KB)
...
006 (20297.000.000) 02/25 01:28:57 Image size of job updated: 1428324
	1204  -  MemoryUsage of job (MB)
	1232392  -  ResidentSetSize of job (KB)
...
006 (20297.000.000) 02/25 01:33:57 Image size of job updated: 1428324
	1204  -  MemoryUsage of job (MB)
	1232400  -  ResidentSetSize of job (KB)
...
006 (20297.000.000) 02/25 01:48:59 Image size of job updated: 1428744
	1204  -  MemoryUsage of job (MB)
	1232404  -  ResidentSetSize of job (KB)
...
006 (20297.000.000) 02/25 02:09:01 Image size of job updated: 1428744
	1204  -  MemoryUsage of job (MB)
	1232720  -  ResidentSetSize of job (KB)
...
006 (20297.000.000) 02/25 02:44:04 Image size of job updated: 1428744
	1204  -  MemoryUsage of job (MB)
	1232724  -  ResidentSetSize of job (KB)
...
006 (20297.000.000) 02/25 04:19:14 Image size of job updated: 1428744
	1208  -  MemoryUsage of job (MB)
	1236772  -  ResidentSetSize of job (KB)
...
006 (20297.000.000) 02/25 04:34:16 Image size of job updated: 1428744
	1209  -  MemoryUsage of job (MB)
	1237100  -  ResidentSetSize of job (KB)
...
006 (20297.000.000) 02/25 04:39:16 Image size of job updated: 1428744
	1209  -  MemoryUsage of job (MB)
	1237108  -  ResidentSetSize of job (KB)
...
006 (20297.000.000) 02/25 04:59:18 Image size of job updated: 1428876
	1209  -  MemoryUsage of job (MB)
	1237116  -  ResidentSetSize of job (KB)
...
006 (20297.000.000) 02/25 05:04:20 Image size of job updated: 1428876
	1209  -  MemoryUsage of job (MB)
	1237120  -  ResidentSetSize of job (KB)
...
006 (20297.000.000) 02/25 05:19:21 Image size of job updated: 1428876
	1209  -  MemoryUsage of job (MB)
	1237440  -  ResidentSetSize of job (KB)
...
022 (20297.000.000) 02/25 05:35:47 Job disconnected, attempting to reconnect
    Socket between submit and execute hosts closed unexpectedly
    Trying to reconnect to slot1@seismo25.mps.mpg.de <134.76.239.85:29523?addrs=134.76.239.85-29523>
...
024 (20297.000.000) 02/25 06:15:50 Job reconnection failed
    Job disconnected too long: JobLeaseDuration (2400 seconds) expired
    Can not reconnect to slot1@seismo25.mps.mpg.de, rescheduling job
...
001 (20297.000.000) 02/25 06:16:48 Job executing on host: <134.76.239.79:12046?addrs=134.76.239.79-12046>
...
004 (20297.000.000) 02/25 09:57:09 Job was evicted.
	(0) Job was not checkpointed.
		Usr 0 06:12:57, Sys 0 00:01:14  -  Run Remote Usage
		Usr 0 00:00:00, Sys 0 00:00:00  -  Run Local Usage
	0  -  Run Bytes Sent By Job
	0  -  Run Bytes Received By Job
	Partitionable Resources :    Usage  Request Allocated
	   Cpus                 :                 2         2
	   Disk (KB)            :        1        1   5108649
	   Memory (MB)          :     1221     1221      1221
...
001 (20297.000.000) 02/25 09:58:51 Job executing on host: <134.76.239.89:24193?addrs=134.76.239.89-24193>
...
004 (20297.000.000) 02/25 10:49:46 Job was evicted.
	(0) Job was not checkpointed.
		Usr 0 01:22:26, Sys 0 00:00:16  -  Run Remote Usage
		Usr 0 00:00:00, Sys 0 00:00:00  -  Run Local Usage
	0  -  Run Bytes Sent By Job
	0  -  Run Bytes Received By Job
	Partitionable Resources :    Usage  Request Allocated
	   Cpus                 :                 2         2
	   Disk (KB)            :        1        1   5108724
	   Memory (MB)          :     1221     1221      1221
...
001 (20297.000.000) 02/25 10:50:42 Job executing on host: <134.76.239.86:20177?addrs=134.76.239.86-20177>
...
004 (20297.000.000) 02/25 10:52:28 Job was evicted.
	(0) Job was not checkpointed.
		Usr 0 00:02:28, Sys 0 00:00:01  -  Run Remote Usage
		Usr 0 00:00:00, Sys 0 00:00:00  -  Run Local Usage
	0  -  Run Bytes Sent By Job
	0  -  Run Bytes Received By Job
	Partitionable Resources :    Usage  Request Allocated
	   Cpus                 :                 2         2
	   Disk (KB)            :        1        1   5108611
	   Memory (MB)          :     1221     1221      1221
...
001 (20297.000.000) 02/25 10:54:26 Job executing on host: <134.76.239.83:20501?addrs=134.76.239.83-20501>
...
004 (20297.000.000) 02/25 11:04:25 Job was evicted.
	(0) Job was not checkpointed.
		Usr 0 00:16:44, Sys 0 00:00:04  -  Run Remote Usage
		Usr 0 00:00:00, Sys 0 00:00:00  -  Run Local Usage
	0  -  Run Bytes Sent By Job
	0  -  Run Bytes Received By Job
	Partitionable Resources :    Usage  Request Allocated
	   Cpus                 :                 2         2
	   Disk (KB)            :        1        1   5108597
	   Memory (MB)          :     1221     1221      1221
...
001 (20297.000.000) 02/25 11:06:24 Job executing on host: <134.76.239.86:20177?addrs=134.76.239.86-20177>
...
004 (20297.000.000) 02/25 11:08:07 Job was evicted.
	(0) Job was not checkpointed.
		Usr 0 00:02:17, Sys 0 00:00:01  -  Run Remote Usage
		Usr 0 00:00:00, Sys 0 00:00:00  -  Run Local Usage
	0  -  Run Bytes Sent By Job
	0  -  Run Bytes Received By Job
	Partitionable Resources :    Usage  Request Allocated
	   Cpus                 :                 2         2
	   Disk (KB)            :        1        1   5108599
	   Memory (MB)          :     1221     1221      1221
...
001 (20297.000.000) 02/25 11:11:06 Job executing on host: <134.76.239.90:23525?addrs=134.76.239.90-23525>
...
