000 (20837.000.000) 02/24 21:35:19 Job submitted from host: <134.76.239.76:13753?addrs=134.76.239.76-13753>
...
001 (20837.000.000) 02/25 05:37:47 Job executing on host: <134.76.239.80:23833?addrs=134.76.239.80-23833>
...
006 (20837.000.000) 02/25 05:37:56 Image size of job updated: 839256
	629  -  MemoryUsage of job (MB)
	643144  -  ResidentSetSize of job (KB)
...
006 (20837.000.000) 02/25 05:42:57 Image size of job updated: 1145784
	629  -  MemoryUsage of job (MB)
	643144  -  ResidentSetSize of job (KB)
...
006 (20837.000.000) 02/25 05:47:58 Image size of job updated: 1145784
	918  -  MemoryUsage of job (MB)
	939880  -  ResidentSetSize of job (KB)
...
006 (20837.000.000) 02/25 05:52:58 Image size of job updated: 1243064
	1075  -  MemoryUsage of job (MB)
	1100312  -  ResidentSetSize of job (KB)
...
006 (20837.000.000) 02/25 06:02:59 Image size of job updated: 1243064
	1075  -  MemoryUsage of job (MB)
	1100648  -  ResidentSetSize of job (KB)
...
006 (20837.000.000) 02/25 06:07:59 Image size of job updated: 1243064
	1075  -  MemoryUsage of job (MB)
	1100652  -  ResidentSetSize of job (KB)
...
006 (20837.000.000) 02/25 06:12:59 Image size of job updated: 1429548
	1219  -  MemoryUsage of job (MB)
	1248248  -  ResidentSetSize of job (KB)
...
006 (20837.000.000) 02/25 06:18:00 Image size of job updated: 1429548
	1219  -  MemoryUsage of job (MB)
	1248256  -  ResidentSetSize of job (KB)
...
006 (20837.000.000) 02/25 06:23:01 Image size of job updated: 1429548
	1220  -  MemoryUsage of job (MB)
	1248576  -  ResidentSetSize of job (KB)
...
006 (20837.000.000) 02/25 06:28:01 Image size of job updated: 1478620
	1268  -  MemoryUsage of job (MB)
	1297648  -  ResidentSetSize of job (KB)
...
005 (20837.000.000) 02/25 08:49:52 Job terminated.
	(1) Normal termination (return value 0)
		Usr 0 05:15:44, Sys 0 00:01:32  -  Run Remote Usage
		Usr 0 00:00:00, Sys 0 00:00:00  -  Run Local Usage
		Usr 0 05:15:44, Sys 0 00:01:32  -  Total Remote Usage
		Usr 0 00:00:00, Sys 0 00:00:00  -  Total Local Usage
	0  -  Run Bytes Sent By Job
	0  -  Run Bytes Received By Job
	0  -  Total Bytes Sent By Job
	0  -  Total Bytes Received By Job
	Partitionable Resources :    Usage  Request Allocated
	   Cpus                 :                 2         2
	   Disk (KB)            :        1        1   5045760
	   Memory (MB)          :     1268        1         1
...
