000 (20470.000.000) 02/24 21:34:59 Job submitted from host: <134.76.239.76:13753?addrs=134.76.239.76-13753>
...
001 (20470.000.000) 02/25 01:22:40 Job executing on host: <134.76.239.79:12046?addrs=134.76.239.79-12046>
...
006 (20470.000.000) 02/25 01:22:48 Image size of job updated: 1
	3  -  MemoryUsage of job (MB)
	2068  -  ResidentSetSize of job (KB)
...
006 (20470.000.000) 02/25 01:27:48 Image size of job updated: 1146792
	932  -  MemoryUsage of job (MB)
	953576  -  ResidentSetSize of job (KB)
...
006 (20470.000.000) 02/25 01:52:51 Image size of job updated: 1242440
	1066  -  MemoryUsage of job (MB)
	1090724  -  ResidentSetSize of job (KB)
...
006 (20470.000.000) 02/25 01:57:52 Image size of job updated: 1242440
	1066  -  MemoryUsage of job (MB)
	1090844  -  ResidentSetSize of job (KB)
...
006 (20470.000.000) 02/25 02:07:53 Image size of job updated: 1242440
	1066  -  MemoryUsage of job (MB)
	1091180  -  ResidentSetSize of job (KB)
...
006 (20470.000.000) 02/25 02:12:54 Image size of job updated: 1242876
	1066  -  MemoryUsage of job (MB)
	1091184  -  ResidentSetSize of job (KB)
...
006 (20470.000.000) 02/25 02:17:54 Image size of job updated: 1456992
	1234  -  MemoryUsage of job (MB)
	1263464  -  ResidentSetSize of job (KB)
...
006 (20470.000.000) 02/25 02:22:54 Image size of job updated: 1456992
	1235  -  MemoryUsage of job (MB)
	1263800  -  ResidentSetSize of job (KB)
...
006 (20470.000.000) 02/25 02:27:55 Image size of job updated: 1456992
	1235  -  MemoryUsage of job (MB)
	1264000  -  ResidentSetSize of job (KB)
...
006 (20470.000.000) 02/25 02:32:55 Image size of job updated: 1456992
	1235  -  MemoryUsage of job (MB)
	1264340  -  ResidentSetSize of job (KB)
...
006 (20470.000.000) 02/25 02:37:55 Image size of job updated: 1459012
	1237  -  MemoryUsage of job (MB)
	1266432  -  ResidentSetSize of job (KB)
...
006 (20470.000.000) 02/25 03:53:04 Image size of job updated: 1459356
	1237  -  MemoryUsage of job (MB)
	1266432  -  ResidentSetSize of job (KB)
...
005 (20470.000.000) 02/25 05:12:23 Job terminated.
	(1) Normal termination (return value 0)
		Usr 0 06:26:16, Sys 0 00:00:54  -  Run Remote Usage
		Usr 0 00:00:00, Sys 0 00:00:00  -  Run Local Usage
		Usr 0 06:26:16, Sys 0 00:00:54  -  Total Remote Usage
		Usr 0 00:00:00, Sys 0 00:00:00  -  Total Local Usage
	0  -  Run Bytes Sent By Job
	0  -  Run Bytes Received By Job
	0  -  Total Bytes Sent By Job
	0  -  Total Bytes Received By Job
	Partitionable Resources :    Usage  Request Allocated
	   Cpus                 :                 2         2
	   Disk (KB)            :        1        1   5108702
	   Memory (MB)          :     1237        1         1
...
