000 (20339.000.000) 02/24 21:34:52 Job submitted from host: <134.76.239.76:13753?addrs=134.76.239.76-13753>
...
001 (20339.000.000) 02/25 00:00:39 Job executing on host: <134.76.239.85:29523?addrs=134.76.239.85-29523>
...
006 (20339.000.000) 02/25 00:00:47 Image size of job updated: 1
	3  -  MemoryUsage of job (MB)
	2068  -  ResidentSetSize of job (KB)
...
006 (20339.000.000) 02/25 00:05:47 Image size of job updated: 1142580
	930  -  MemoryUsage of job (MB)
	951912  -  ResidentSetSize of job (KB)
...
006 (20339.000.000) 02/25 00:10:48 Image size of job updated: 1146280
	930  -  MemoryUsage of job (MB)
	951912  -  ResidentSetSize of job (KB)
...
006 (20339.000.000) 02/25 00:15:48 Image size of job updated: 1266544
	1071  -  MemoryUsage of job (MB)
	1096232  -  ResidentSetSize of job (KB)
...
006 (20339.000.000) 02/25 00:20:48 Image size of job updated: 1266544
	1071  -  MemoryUsage of job (MB)
	1096580  -  ResidentSetSize of job (KB)
...
006 (20339.000.000) 02/25 00:25:49 Image size of job updated: 1526636
	1287  -  MemoryUsage of job (MB)
	1317816  -  ResidentSetSize of job (KB)
...
006 (20339.000.000) 02/25 00:30:50 Image size of job updated: 1526636
	1290  -  MemoryUsage of job (MB)
	1320504  -  ResidentSetSize of job (KB)
...
006 (20339.000.000) 02/25 00:35:50 Image size of job updated: 1526644
	1290  -  MemoryUsage of job (MB)
	1320504  -  ResidentSetSize of job (KB)
...
006 (20339.000.000) 02/25 00:55:52 Image size of job updated: 1526644
	1296  -  MemoryUsage of job (MB)
	1326444  -  ResidentSetSize of job (KB)
...
006 (20339.000.000) 02/25 01:00:53 Image size of job updated: 1526644
	1300  -  MemoryUsage of job (MB)
	1330444  -  ResidentSetSize of job (KB)
...
005 (20339.000.000) 02/25 01:58:56 Job terminated.
	(1) Normal termination (return value 0)
		Usr 0 03:07:15, Sys 0 00:00:49  -  Run Remote Usage
		Usr 0 00:00:00, Sys 0 00:00:00  -  Run Local Usage
		Usr 0 03:07:15, Sys 0 00:00:49  -  Total Remote Usage
		Usr 0 00:00:00, Sys 0 00:00:00  -  Total Local Usage
	0  -  Run Bytes Sent By Job
	0  -  Run Bytes Received By Job
	0  -  Total Bytes Sent By Job
	0  -  Total Bytes Received By Job
	Partitionable Resources :    Usage  Request Allocated
	   Cpus                 :                 2         2
	   Disk (KB)            :        1        1   5108765
	   Memory (MB)          :     1300        1         1
...
