000 (20271.000.000) 02/24 21:34:49 Job submitted from host: <134.76.239.76:13753?addrs=134.76.239.76-13753>
...
001 (20271.000.000) 02/24 23:06:36 Job executing on host: <134.76.239.79:12046?addrs=134.76.239.79-12046>
...
006 (20271.000.000) 02/24 23:06:45 Image size of job updated: 26264
	4  -  MemoryUsage of job (MB)
	3304  -  ResidentSetSize of job (KB)
...
006 (20271.000.000) 02/24 23:11:46 Image size of job updated: 1143556
	919  -  MemoryUsage of job (MB)
	940964  -  ResidentSetSize of job (KB)
...
006 (20271.000.000) 02/24 23:16:47 Image size of job updated: 1145532
	919  -  MemoryUsage of job (MB)
	940964  -  ResidentSetSize of job (KB)
...
006 (20271.000.000) 02/24 23:26:47 Image size of job updated: 1294040
	1060  -  MemoryUsage of job (MB)
	1085060  -  ResidentSetSize of job (KB)
...
006 (20271.000.000) 02/24 23:31:48 Image size of job updated: 1294040
	1060  -  MemoryUsage of job (MB)
	1085392  -  ResidentSetSize of job (KB)
...
006 (20271.000.000) 02/24 23:36:48 Image size of job updated: 1414988
	1205  -  MemoryUsage of job (MB)
	1233000  -  ResidentSetSize of job (KB)
...
006 (20271.000.000) 02/24 23:41:48 Image size of job updated: 1414988
	1205  -  MemoryUsage of job (MB)
	1233320  -  ResidentSetSize of job (KB)
...
006 (20271.000.000) 02/24 23:46:49 Image size of job updated: 1439524
	1229  -  MemoryUsage of job (MB)
	1257856  -  ResidentSetSize of job (KB)
...
006 (20271.000.000) 02/24 23:51:50 Image size of job updated: 1443024
	1229  -  MemoryUsage of job (MB)
	1257856  -  ResidentSetSize of job (KB)
...
006 (20271.000.000) 02/25 00:21:52 Image size of job updated: 1453348
	1239  -  MemoryUsage of job (MB)
	1268288  -  ResidentSetSize of job (KB)
...
006 (20271.000.000) 02/25 00:31:53 Image size of job updated: 1456740
	1239  -  MemoryUsage of job (MB)
	1268288  -  ResidentSetSize of job (KB)
...
005 (20271.000.000) 02/25 01:51:01 Job terminated.
	(1) Normal termination (return value 0)
		Usr 0 04:33:05, Sys 0 00:01:06  -  Run Remote Usage
		Usr 0 00:00:00, Sys 0 00:00:00  -  Run Local Usage
		Usr 0 04:33:05, Sys 0 00:01:06  -  Total Remote Usage
		Usr 0 00:00:00, Sys 0 00:00:00  -  Total Local Usage
	0  -  Run Bytes Sent By Job
	0  -  Run Bytes Received By Job
	0  -  Total Bytes Sent By Job
	0  -  Total Bytes Received By Job
	Partitionable Resources :    Usage  Request Allocated
	   Cpus                 :                 2         2
	   Disk (KB)            :        1        1   5108723
	   Memory (MB)          :     1239        1         1
...
