000 (19952.000.000) 02/24 21:34:32 Job submitted from host: <134.76.239.76:13753?addrs=134.76.239.76-13753>
...
001 (19952.000.000) 02/24 21:34:36 Job executing on host: <134.76.239.79:12046?addrs=134.76.239.79-12046>
...
006 (19952.000.000) 02/24 21:34:48 Image size of job updated: 65708
	4  -  MemoryUsage of job (MB)
	3248  -  ResidentSetSize of job (KB)
...
006 (19952.000.000) 02/24 21:39:49 Image size of job updated: 1140496
	929  -  MemoryUsage of job (MB)
	950820  -  ResidentSetSize of job (KB)
...
006 (19952.000.000) 02/24 21:44:49 Image size of job updated: 1146484
	936  -  MemoryUsage of job (MB)
	957568  -  ResidentSetSize of job (KB)
...
006 (19952.000.000) 02/24 21:49:49 Image size of job updated: 1146904
	936  -  MemoryUsage of job (MB)
	957568  -  ResidentSetSize of job (KB)
...
006 (19952.000.000) 02/24 22:14:53 Image size of job updated: 1294532
	1060  -  MemoryUsage of job (MB)
	1084844  -  ResidentSetSize of job (KB)
...
006 (19952.000.000) 02/24 22:19:53 Image size of job updated: 1294532
	1060  -  MemoryUsage of job (MB)
	1084852  -  ResidentSetSize of job (KB)
...
006 (19952.000.000) 02/24 22:29:54 Image size of job updated: 1295044
	1060  -  MemoryUsage of job (MB)
	1084856  -  ResidentSetSize of job (KB)
...
006 (19952.000.000) 02/24 22:39:54 Image size of job updated: 1295044
	1060  -  MemoryUsage of job (MB)
	1085192  -  ResidentSetSize of job (KB)
...
006 (19952.000.000) 02/24 22:44:55 Image size of job updated: 1295044
	1060  -  MemoryUsage of job (MB)
	1085196  -  ResidentSetSize of job (KB)
...
006 (19952.000.000) 02/24 22:49:56 Image size of job updated: 1298096
	1060  -  MemoryUsage of job (MB)
	1085256  -  ResidentSetSize of job (KB)
...
006 (19952.000.000) 02/24 22:54:56 Image size of job updated: 1298096
	1061  -  MemoryUsage of job (MB)
	1085832  -  ResidentSetSize of job (KB)
...
006 (19952.000.000) 02/24 22:59:57 Image size of job updated: 1443580
	1229  -  MemoryUsage of job (MB)
	1257664  -  ResidentSetSize of job (KB)
...
006 (19952.000.000) 02/24 23:04:58 Image size of job updated: 1443580
	1229  -  MemoryUsage of job (MB)
	1258028  -  ResidentSetSize of job (KB)
...
006 (19952.000.000) 02/24 23:09:58 Image size of job updated: 1443772
	1231  -  MemoryUsage of job (MB)
	1260248  -  ResidentSetSize of job (KB)
...
006 (19952.000.000) 02/24 23:14:58 Image size of job updated: 1447208
	1234  -  MemoryUsage of job (MB)
	1263256  -  ResidentSetSize of job (KB)
...
006 (19952.000.000) 02/24 23:19:59 Image size of job updated: 1447208
	1234  -  MemoryUsage of job (MB)
	1263584  -  ResidentSetSize of job (KB)
...
006 (19952.000.000) 02/24 23:24:59 Image size of job updated: 1447208
	1234  -  MemoryUsage of job (MB)
	1263604  -  ResidentSetSize of job (KB)
...
006 (19952.000.000) 02/24 23:29:59 Image size of job updated: 1449276
	1234  -  MemoryUsage of job (MB)
	1263604  -  ResidentSetSize of job (KB)
...
006 (19952.000.000) 02/25 00:25:06 Image size of job updated: 1449276
	1244  -  MemoryUsage of job (MB)
	1273044  -  ResidentSetSize of job (KB)
...
006 (19952.000.000) 02/25 00:30:07 Image size of job updated: 1449276
	1244  -  MemoryUsage of job (MB)
	1273680  -  ResidentSetSize of job (KB)
...
006 (19952.000.000) 02/25 00:35:07 Image size of job updated: 1449276
	1245  -  MemoryUsage of job (MB)
	1274452  -  ResidentSetSize of job (KB)
...
006 (19952.000.000) 02/25 00:40:07 Image size of job updated: 1449276
	1247  -  MemoryUsage of job (MB)
	1276776  -  ResidentSetSize of job (KB)
...
006 (19952.000.000) 02/25 00:45:08 Image size of job updated: 1449276
	1248  -  MemoryUsage of job (MB)
	1276936  -  ResidentSetSize of job (KB)
...
006 (19952.000.000) 02/25 02:02:17 Image size of job updated: 9348928
	1248  -  MemoryUsage of job (MB)
	1276936  -  ResidentSetSize of job (KB)
...
005 (19952.000.000) 02/25 02:02:17 Job terminated.
	(1) Normal termination (return value 0)
		Usr 0 06:36:31, Sys 0 00:01:55  -  Run Remote Usage
		Usr 0 00:00:00, Sys 0 00:00:00  -  Run Local Usage
		Usr 0 06:36:31, Sys 0 00:01:55  -  Total Remote Usage
		Usr 0 00:00:00, Sys 0 00:00:00  -  Total Local Usage
	0  -  Run Bytes Sent By Job
	0  -  Run Bytes Received By Job
	0  -  Total Bytes Sent By Job
	0  -  Total Bytes Received By Job
	Partitionable Resources :    Usage  Request Allocated
	   Cpus                 :                 2         2
	   Disk (KB)            :        1        1   5108766
	   Memory (MB)          :     1248        1         1
...
