DATE: 2016-02-26
TIME: 16:59:46
                                         version_number        8118
 read inlist_1.0
 create pre-main-sequence model
                                                species           8
 abundances
                                                     h1    7.5302600000000008D-01
                                                    he3    2.5812733636928317D-05
                                                    he4    2.4252918726636313D-01
                                                    c12    7.6042386445893042D-04
                                                    n14    2.2275263092355063D-04
                                                    o16    2.0681906782895046D-03
                                                   ne20    4.6387567588570167D-04
                                                   mg24    9.0375715044237550D-04


                                        relax_num_steps


                               finished relax_num_steps

 new_lnPgas_flag T
                                        relax_initial_Z    4.4190000000000002D-03
                                                  new z    4.4190000000007973D-03
                                        relax_initial_Y    2.4255499999999999D-01
                                                  new y    2.4255499999999966D-01
 net name basic.net
 do_element_diffusion T
 lnPgas_flag T
 kappa_file_prefix gs98
 kappa_lowT_prefix lowT_fa05_gs98
   eos_file_prefix mesa
                                        OMP_NUM_THREADS           1



stop because Lnuc_div_L >= Lnuc_div_L_zams_limit
    0.1004109812E+01    0.9990000000E+00

        815   7.146553   6085.421   0.019640   0.019640   0.974631   0.974631   0.752748   0.000287   0.242447   0.752948  -1.620788    796      0
   5.495890   1.950181  -0.036136 -46.726626  -1.589957 -99.000000   0.000000   0.242824   0.002068   0.004417   0.242631   0.078528      4      0
 2.5352E+07  17.244716   0.017859 -99.000000   4.769482  -6.840369   0.000000   0.000705   0.000464  4.428E-03  4.421E-03 -0.527E-10    varcontrol

save photos/x815 for model 815
save final_profile.data write fgong_plot.data
                               s% atm_structure_num_pts          57
save final_profile.data.FGONG    815
 final_profile.data.FGONG for model 815
 saved to zams.mod
termination code: Lnuc_div_L_zams_limit

       runtime, prev time, retries, backups, steps         7.7        28.2         0         0       815
        815   7.146553   6085.421   0.019640   0.019640   0.974631   0.974631   0.752748   0.000287   0.242447   0.752948  -1.620788    796      0
   5.495890   1.950181  -0.036136 -46.726626  -1.589957 -99.000000   0.000000   0.242824   0.002068   0.004417   0.242631   0.078528      4      0
 2.5352E+07  17.244716   0.017859 -99.000000   4.769482  -6.840369   0.000000   0.000705   0.000464  4.428E-03  4.421E-03 -0.527E-10    varcontrol

DATE: 2016-02-26
TIME: 17:09:13
DATE: 2016-02-26
TIME: 17:09:14
                                         version_number        8118
 read inlist_1.0
load saved model zams.mod

 new_lnPgas_flag T
 net name basic.net
 do_element_diffusion T
 lnPgas_flag T
                       which_atm_option: Eddington_grey
 kappa_file_prefix gs98
 kappa_lowT_prefix lowT_fa05_gs98
   eos_file_prefix mesa
                                        OMP_NUM_THREADS           1


__________________________________________________________________________________________________________________________________________________

       step    lg_Tcntr    Teff       lg_LH     lg_Lnuc     Mass       H_rich     H_cntr     N_cntr     Y_surf     X_avg     eta_cntr  zones retry
   lg_dt_yr    lg_Dcntr    lg_R       lg_L3a    lg_Lneu     lg_Mdot    He_core    He_cntr    O_cntr     Z_surf     Y_avg     gam_cntr  iters bckup
     age_yr    lg_Pcntr    lg_L       lg_LZ     lg_Psurf    lg_Dsurf   C_core     C_cntr     Ne_cntr    Z_cntr     Z_avg     v_div_cs     dt_limit
__________________________________________________________________________________________________________________________________________________

