DATE: 2016-02-26
TIME: 16:59:29
                                         version_number        8118
 read inlist_1.0
 create pre-main-sequence model
                                                species           8
 abundances
                                                     h1    7.3369500000000010D-01
                                                    he3    2.6883639363829062D-05
                                                    he4    2.5259111636063625D-01
                                                    c12    2.3552662215092193D-03
                                                    n14    6.8993330152762979D-04
                                                    o16    6.4058216369649382D-03
                                                   ne20    1.4367654165755854D-03
                                                   mg24    2.7992134234226325D-03


                                        relax_num_steps


                               finished relax_num_steps

 new_lnPgas_flag T
                                        relax_initial_Z    1.3687000000000000D-02
                                                  new z    1.3687000000000740D-02
                                        relax_initial_Y    2.5261800000000001D-01
                                                  new y    2.5261799999999973D-01
 net name basic.net
 do_element_diffusion T
 lnPgas_flag T
 kappa_file_prefix gs98
 kappa_lowT_prefix lowT_fa05_gs98
   eos_file_prefix mesa
                                        OMP_NUM_THREADS           1



stop because Lnuc_div_L >= Lnuc_div_L_zams_limit
    0.9994203540E+00    0.9990000000E+00

        942   7.262396   7283.752   0.705294   0.705294   1.505380   1.505380   0.729287   0.003447   0.252598   0.732989  -2.109712    853      0
   6.422151   1.929337   0.151578 -40.924331  -0.831620 -99.000000   0.000000   0.256640   0.006373   0.013684   0.253236   0.059983      2      0
 3.2870E+07  17.330855   0.705545 -99.000000   4.070525  -7.610021   0.000000   0.000016   0.001437  1.407E-02  1.377E-02 -0.385E-12  max increase

save photos/x942 for model 942
save final_profile.data write fgong_plot.data
                               s% atm_structure_num_pts          50
save final_profile.data.FGONG    942
 final_profile.data.FGONG for model 942
 saved to zams.mod
termination code: Lnuc_div_L_zams_limit

       runtime, prev time, retries, backups, steps         8.7        28.2         0         0       942
        942   7.262396   7283.752   0.705294   0.705294   1.505380   1.505380   0.729287   0.003447   0.252598   0.732989  -2.109712    853      0
   6.422151   1.929337   0.151578 -40.924331  -0.831620 -99.000000   0.000000   0.256640   0.006373   0.013684   0.253236   0.059983      2      0
 3.2870E+07  17.330855   0.705545 -99.000000   4.070525  -7.610021   0.000000   0.000016   0.001437  1.407E-02  1.377E-02 -0.385E-12  max increase

DATE: 2016-02-26
TIME: 17:10:12
DATE: 2016-02-26
TIME: 17:10:12
                                         version_number        8118
 read inlist_1.0
load saved model zams.mod

 new_lnPgas_flag T
 net name basic.net
 do_element_diffusion T
 lnPgas_flag T
                       which_atm_option: Eddington_grey
 kappa_file_prefix gs98
 kappa_lowT_prefix lowT_fa05_gs98
   eos_file_prefix mesa
                                        OMP_NUM_THREADS           1


__________________________________________________________________________________________________________________________________________________

       step    lg_Tcntr    Teff       lg_LH     lg_Lnuc     Mass       H_rich     H_cntr     N_cntr     Y_surf     X_avg     eta_cntr  zones retry
   lg_dt_yr    lg_Dcntr    lg_R       lg_L3a    lg_Lneu     lg_Mdot    He_core    He_cntr    O_cntr     Z_surf     Y_avg     gam_cntr  iters bckup
     age_yr    lg_Pcntr    lg_L       lg_LZ     lg_Psurf    lg_Dsurf   C_core     C_cntr     Ne_cntr    Z_cntr     Z_avg     v_div_cs     dt_limit
__________________________________________________________________________________________________________________________________________________

        949   7.263080   7306.274   0.706357   0.706357   1.505380   1.505380   0.727851   0.003458   0.252599   0.732761  -2.110907    819      0
   6.000000   1.930234   0.149255 -40.883361  -0.833198 -99.000000   0.000000   0.258078   0.006361   0.013685   0.253459   0.059965      4      0
 3.9630E+07  17.331972   0.706262 -15.051500   4.461905  -7.221740   0.000000   0.000016   0.001437  1.407E-02  1.378E-02  0.274E-13        max_dt

