000 (20850.000.000) 02/24 21:35:20 Job submitted from host: <134.76.239.76:13753?addrs=134.76.239.76-13753>
...
001 (20850.000.000) 02/25 05:44:47 Job executing on host: <134.76.239.89:24193?addrs=134.76.239.89-24193>
...
006 (20850.000.000) 02/25 05:44:56 Image size of job updated: 827420
	616  -  MemoryUsage of job (MB)
	629984  -  ResidentSetSize of job (KB)
...
006 (20850.000.000) 02/25 05:49:56 Image size of job updated: 1144996
	920  -  MemoryUsage of job (MB)
	941840  -  ResidentSetSize of job (KB)
...
006 (20850.000.000) 02/25 05:54:56 Image size of job updated: 1147084
	920  -  MemoryUsage of job (MB)
	941840  -  ResidentSetSize of job (KB)
...
006 (20850.000.000) 02/25 06:04:58 Image size of job updated: 1242564
	1073  -  MemoryUsage of job (MB)
	1097828  -  ResidentSetSize of job (KB)
...
006 (20850.000.000) 02/25 06:14:59 Image size of job updated: 1243184
	1073  -  MemoryUsage of job (MB)
	1098448  -  ResidentSetSize of job (KB)
...
006 (20850.000.000) 02/25 06:20:00 Image size of job updated: 1243808
	1074  -  MemoryUsage of job (MB)
	1099408  -  ResidentSetSize of job (KB)
...
006 (20850.000.000) 02/25 06:25:00 Image size of job updated: 1244232
	1074  -  MemoryUsage of job (MB)
	1099412  -  ResidentSetSize of job (KB)
...
006 (20850.000.000) 02/25 06:30:00 Image size of job updated: 1245012
	1075  -  MemoryUsage of job (MB)
	1100188  -  ResidentSetSize of job (KB)
...
006 (20850.000.000) 02/25 06:35:02 Image size of job updated: 1459056
	1243  -  MemoryUsage of job (MB)
	1272064  -  ResidentSetSize of job (KB)
...
006 (20850.000.000) 02/25 06:40:02 Image size of job updated: 1459056
	1243  -  MemoryUsage of job (MB)
	1272436  -  ResidentSetSize of job (KB)
...
006 (20850.000.000) 02/25 06:45:02 Image size of job updated: 1459056
	1244  -  MemoryUsage of job (MB)
	1273552  -  ResidentSetSize of job (KB)
...
006 (20850.000.000) 02/25 06:50:03 Image size of job updated: 1459056
	1245  -  MemoryUsage of job (MB)
	1273876  -  ResidentSetSize of job (KB)
...
006 (20850.000.000) 02/25 06:55:04 Image size of job updated: 1461032
	1247  -  MemoryUsage of job (MB)
	1276204  -  ResidentSetSize of job (KB)
...
006 (20850.000.000) 02/25 07:00:04 Image size of job updated: 1461032
	1247  -  MemoryUsage of job (MB)
	1276268  -  ResidentSetSize of job (KB)
...
006 (20850.000.000) 02/25 07:05:04 Image size of job updated: 1461644
	1247  -  MemoryUsage of job (MB)
	1276268  -  ResidentSetSize of job (KB)
...
005 (20850.000.000) 02/25 09:17:45 Job terminated.
	(1) Normal termination (return value 0)
		Usr 0 05:55:27, Sys 0 00:01:29  -  Run Remote Usage
		Usr 0 00:00:00, Sys 0 00:00:00  -  Run Local Usage
		Usr 0 05:55:27, Sys 0 00:01:29  -  Total Remote Usage
		Usr 0 00:00:00, Sys 0 00:00:00  -  Total Local Usage
	0  -  Run Bytes Sent By Job
	0  -  Run Bytes Received By Job
	0  -  Total Bytes Sent By Job
	0  -  Total Bytes Received By Job
	Partitionable Resources :    Usage  Request Allocated
	   Cpus                 :                 2         2
	   Disk (KB)            :        1        1   5108768
	   Memory (MB)          :     1247        1         1
...
