000 (20489.000.000) 02/24 21:35:00 Job submitted from host: <134.76.239.76:13753?addrs=134.76.239.76-13753>
...
001 (20489.000.000) 02/25 01:35:39 Job executing on host: <134.76.239.80:23833?addrs=134.76.239.80-23833>
...
006 (20489.000.000) 02/25 01:35:48 Image size of job updated: 1
	3  -  MemoryUsage of job (MB)
	2068  -  ResidentSetSize of job (KB)
...
006 (20489.000.000) 02/25 01:40:49 Image size of job updated: 1145820
	927  -  MemoryUsage of job (MB)
	948292  -  ResidentSetSize of job (KB)
...
006 (20489.000.000) 02/25 01:45:50 Image size of job updated: 1147036
	927  -  MemoryUsage of job (MB)
	948292  -  ResidentSetSize of job (KB)
...
006 (20489.000.000) 02/25 02:00:52 Image size of job updated: 1255652
	1072  -  MemoryUsage of job (MB)
	1097068  -  ResidentSetSize of job (KB)
...
006 (20489.000.000) 02/25 02:30:54 Image size of job updated: 1255652
	1072  -  MemoryUsage of job (MB)
	1097388  -  ResidentSetSize of job (KB)
...
006 (20489.000.000) 02/25 02:45:56 Image size of job updated: 1255652
	1072  -  MemoryUsage of job (MB)
	1097392  -  ResidentSetSize of job (KB)
...
006 (20489.000.000) 02/25 03:00:57 Image size of job updated: 1442136
	1216  -  MemoryUsage of job (MB)
	1244656  -  ResidentSetSize of job (KB)
...
006 (20489.000.000) 02/25 03:15:59 Image size of job updated: 1442136
	1216  -  MemoryUsage of job (MB)
	1244984  -  ResidentSetSize of job (KB)
...
006 (20489.000.000) 02/25 03:21:00 Image size of job updated: 1442136
	1216  -  MemoryUsage of job (MB)
	1244992  -  ResidentSetSize of job (KB)
...
006 (20489.000.000) 02/25 03:56:03 Image size of job updated: 1442136
	1217  -  MemoryUsage of job (MB)
	1245308  -  ResidentSetSize of job (KB)
...
006 (20489.000.000) 02/25 04:41:07 Image size of job updated: 1442136
	1218  -  MemoryUsage of job (MB)
	1246352  -  ResidentSetSize of job (KB)
...
006 (20489.000.000) 02/25 05:06:10 Image size of job updated: 1442148
	1218  -  MemoryUsage of job (MB)
	1246352  -  ResidentSetSize of job (KB)
...
006 (20489.000.000) 02/25 06:36:20 Image size of job updated: 1442148
	1218  -  MemoryUsage of job (MB)
	1246380  -  ResidentSetSize of job (KB)
...
006 (20489.000.000) 02/25 06:41:20 Image size of job updated: 1442148
	1218  -  MemoryUsage of job (MB)
	1246388  -  ResidentSetSize of job (KB)
...
006 (20489.000.000) 02/25 07:21:24 Image size of job updated: 1442148
	1218  -  MemoryUsage of job (MB)
	1246716  -  ResidentSetSize of job (KB)
...
006 (20489.000.000) 02/25 07:26:25 Image size of job updated: 1442148
	1222  -  MemoryUsage of job (MB)
	1250464  -  ResidentSetSize of job (KB)
...
006 (20489.000.000) 02/25 07:31:25 Image size of job updated: 1442148
	1222  -  MemoryUsage of job (MB)
	1250512  -  ResidentSetSize of job (KB)
...
006 (20489.000.000) 02/25 07:36:25 Image size of job updated: 1442148
	1222  -  MemoryUsage of job (MB)
	1250516  -  ResidentSetSize of job (KB)
...
006 (20489.000.000) 02/25 07:41:27 Image size of job updated: 1442148
	1222  -  MemoryUsage of job (MB)
	1250520  -  ResidentSetSize of job (KB)
...
006 (20489.000.000) 02/25 07:46:27 Image size of job updated: 1442148
	1222  -  MemoryUsage of job (MB)
	1250524  -  ResidentSetSize of job (KB)
...
006 (20489.000.000) 02/25 07:51:27 Image size of job updated: 1442148
	1222  -  MemoryUsage of job (MB)
	1250528  -  ResidentSetSize of job (KB)
...
006 (20489.000.000) 02/25 07:56:28 Image size of job updated: 1442148
	1222  -  MemoryUsage of job (MB)
	1250532  -  ResidentSetSize of job (KB)
...
006 (20489.000.000) 02/25 08:01:29 Image size of job updated: 1442148
	1222  -  MemoryUsage of job (MB)
	1250536  -  ResidentSetSize of job (KB)
...
006 (20489.000.000) 02/25 08:06:29 Image size of job updated: 1442148
	1222  -  MemoryUsage of job (MB)
	1250540  -  ResidentSetSize of job (KB)
...
006 (20489.000.000) 02/25 08:11:30 Image size of job updated: 1442148
	1222  -  MemoryUsage of job (MB)
	1250544  -  ResidentSetSize of job (KB)
...
006 (20489.000.000) 02/25 08:16:31 Image size of job updated: 1442148
	1222  -  MemoryUsage of job (MB)
	1250548  -  ResidentSetSize of job (KB)
...
006 (20489.000.000) 02/25 09:26:39 Image size of job updated: 4229348
	1222  -  MemoryUsage of job (MB)
	1250548  -  ResidentSetSize of job (KB)
...
005 (20489.000.000) 02/25 09:27:08 Job terminated.
	(1) Normal termination (return value 0)
		Usr 0 13:19:02, Sys 0 00:01:56  -  Run Remote Usage
		Usr 0 00:00:00, Sys 0 00:00:00  -  Run Local Usage
		Usr 0 13:19:02, Sys 0 00:01:56  -  Total Remote Usage
		Usr 0 00:00:00, Sys 0 00:00:00  -  Total Local Usage
	0  -  Run Bytes Sent By Job
	0  -  Run Bytes Received By Job
	0  -  Total Bytes Sent By Job
	0  -  Total Bytes Received By Job
	Partitionable Resources :    Usage  Request Allocated
	   Cpus                 :                 2         2
	   Disk (KB)            :        1        1   5045800
	   Memory (MB)          :     1222        1         1
...
