000 (20345.000.000) 02/24 21:34:53 Job submitted from host: <134.76.239.76:13753?addrs=134.76.239.76-13753>
...
001 (20345.000.000) 02/25 00:03:40 Job executing on host: <134.76.239.78:21556?addrs=134.76.239.78-21556>
...
006 (20345.000.000) 02/25 00:03:48 Image size of job updated: 26260
	4  -  MemoryUsage of job (MB)
	3308  -  ResidentSetSize of job (KB)
...
006 (20345.000.000) 02/25 00:08:48 Image size of job updated: 1146532
	925  -  MemoryUsage of job (MB)
	947188  -  ResidentSetSize of job (KB)
...
006 (20345.000.000) 02/25 00:13:48 Image size of job updated: 1147848
	925  -  MemoryUsage of job (MB)
	947188  -  ResidentSetSize of job (KB)
...
006 (20345.000.000) 02/25 01:08:55 Image size of job updated: 1241960
	1070  -  MemoryUsage of job (MB)
	1095456  -  ResidentSetSize of job (KB)
...
006 (20345.000.000) 02/25 01:23:56 Image size of job updated: 1241960
	1070  -  MemoryUsage of job (MB)
	1095460  -  ResidentSetSize of job (KB)
...
006 (20345.000.000) 02/25 01:33:57 Image size of job updated: 1241960
	1071  -  MemoryUsage of job (MB)
	1095808  -  ResidentSetSize of job (KB)
...
006 (20345.000.000) 02/25 01:38:58 Image size of job updated: 1241960
	1071  -  MemoryUsage of job (MB)
	1095812  -  ResidentSetSize of job (KB)
...
006 (20345.000.000) 02/25 01:53:59 Image size of job updated: 1428444
	1214  -  MemoryUsage of job (MB)
	1243080  -  ResidentSetSize of job (KB)
...
006 (20345.000.000) 02/25 02:04:01 Image size of job updated: 1428444
	1215  -  MemoryUsage of job (MB)
	1243416  -  ResidentSetSize of job (KB)
...
006 (20345.000.000) 02/25 02:09:01 Image size of job updated: 1428860
	1215  -  MemoryUsage of job (MB)
	1243420  -  ResidentSetSize of job (KB)
...
006 (20345.000.000) 02/25 02:24:03 Image size of job updated: 1428860
	1215  -  MemoryUsage of job (MB)
	1243424  -  ResidentSetSize of job (KB)
...
006 (20345.000.000) 02/25 02:29:04 Image size of job updated: 1428860
	1215  -  MemoryUsage of job (MB)
	1243744  -  ResidentSetSize of job (KB)
...
006 (20345.000.000) 02/25 02:44:05 Image size of job updated: 1428860
	1215  -  MemoryUsage of job (MB)
	1243876  -  ResidentSetSize of job (KB)
...
006 (20345.000.000) 02/25 02:49:06 Image size of job updated: 1428860
	1219  -  MemoryUsage of job (MB)
	1247496  -  ResidentSetSize of job (KB)
...
006 (20345.000.000) 02/25 02:59:06 Image size of job updated: 1428860
	1219  -  MemoryUsage of job (MB)
	1247508  -  ResidentSetSize of job (KB)
...
006 (20345.000.000) 02/25 03:09:08 Image size of job updated: 1428872
	1219  -  MemoryUsage of job (MB)
	1247596  -  ResidentSetSize of job (KB)
...
006 (20345.000.000) 02/25 03:14:08 Image size of job updated: 1431916
	1221  -  MemoryUsage of job (MB)
	1249652  -  ResidentSetSize of job (KB)
...
006 (20345.000.000) 02/25 06:14:28 Image size of job updated: 1431960
	1221  -  MemoryUsage of job (MB)
	1249652  -  ResidentSetSize of job (KB)
...
006 (20345.000.000) 02/25 07:58:27 Image size of job updated: 12862792
	1221  -  MemoryUsage of job (MB)
	1249652  -  ResidentSetSize of job (KB)
...
005 (20345.000.000) 02/25 07:58:27 Job terminated.
	(1) Normal termination (return value 0)
		Usr 0 13:33:33, Sys 0 00:02:11  -  Run Remote Usage
		Usr 0 00:00:00, Sys 0 00:00:00  -  Run Local Usage
		Usr 0 13:33:33, Sys 0 00:02:11  -  Total Remote Usage
		Usr 0 00:00:00, Sys 0 00:00:00  -  Total Local Usage
	0  -  Run Bytes Sent By Job
	0  -  Run Bytes Received By Job
	0  -  Total Bytes Sent By Job
	0  -  Total Bytes Received By Job
	Partitionable Resources :    Usage  Request Allocated
	   Cpus                 :                 2         2
	   Disk (KB)            :        1        1   5108776
	   Memory (MB)          :     1221        1         1
...
