000 (28283.000.000) 02/26 16:56:07 Job submitted from host: <134.76.239.76:15915?addrs=134.76.239.76-15915>
...
001 (28283.000.000) 02/26 16:56:12 Job executing on host: <134.76.239.80:25185?addrs=134.76.239.80-25185>
...
006 (28283.000.000) 02/26 16:56:22 Image size of job updated: 65712
	5  -  MemoryUsage of job (MB)
	4308  -  ResidentSetSize of job (KB)
...
006 (28283.000.000) 02/26 17:01:23 Image size of job updated: 1071700
	932  -  MemoryUsage of job (MB)
	953672  -  ResidentSetSize of job (KB)
...
006 (28283.000.000) 02/26 17:06:23 Image size of job updated: 1072316
	932  -  MemoryUsage of job (MB)
	954212  -  ResidentSetSize of job (KB)
...
006 (28283.000.000) 02/26 17:11:24 Image size of job updated: 1080156
	932  -  MemoryUsage of job (MB)
	954212  -  ResidentSetSize of job (KB)
...
006 (28283.000.000) 02/26 17:16:25 Image size of job updated: 1080156
	934  -  MemoryUsage of job (MB)
	955900  -  ResidentSetSize of job (KB)
...
