000 (19993.000.000) 02/24 21:34:34 Job submitted from host: <134.76.239.76:13753?addrs=134.76.239.76-13753>
...
001 (19993.000.000) 02/24 21:34:38 Job executing on host: <134.76.239.91:19968?addrs=134.76.239.91-19968>
...
006 (19993.000.000) 02/24 21:34:50 Image size of job updated: 65712
	4  -  MemoryUsage of job (MB)
	4036  -  ResidentSetSize of job (KB)
...
006 (19993.000.000) 02/24 21:39:51 Image size of job updated: 1140340
	931  -  MemoryUsage of job (MB)
	953260  -  ResidentSetSize of job (KB)
...
006 (19993.000.000) 02/24 21:44:51 Image size of job updated: 1209104
	931  -  MemoryUsage of job (MB)
	953260  -  ResidentSetSize of job (KB)
...
006 (19993.000.000) 02/24 22:04:52 Image size of job updated: 1209104
	964  -  MemoryUsage of job (MB)
	986876  -  ResidentSetSize of job (KB)
...
006 (19993.000.000) 02/24 22:24:55 Image size of job updated: 1308020
	1121  -  MemoryUsage of job (MB)
	1147300  -  ResidentSetSize of job (KB)
...
006 (19993.000.000) 02/24 23:04:59 Image size of job updated: 1308020
	1121  -  MemoryUsage of job (MB)
	1147620  -  ResidentSetSize of job (KB)
...
006 (19993.000.000) 02/24 23:20:01 Image size of job updated: 1308640
	1122  -  MemoryUsage of job (MB)
	1148240  -  ResidentSetSize of job (KB)
...
006 (19993.000.000) 02/24 23:40:03 Image size of job updated: 1495124
	1269  -  MemoryUsage of job (MB)
	1298832  -  ResidentSetSize of job (KB)
...
006 (19993.000.000) 02/25 00:00:05 Image size of job updated: 1495124
	1269  -  MemoryUsage of job (MB)
	1299152  -  ResidentSetSize of job (KB)
...
006 (19993.000.000) 02/25 00:05:05 Image size of job updated: 1495124
	1269  -  MemoryUsage of job (MB)
	1299160  -  ResidentSetSize of job (KB)
...
006 (19993.000.000) 02/25 00:50:10 Image size of job updated: 1495124
	1270  -  MemoryUsage of job (MB)
	1299480  -  ResidentSetSize of job (KB)
...
006 (19993.000.000) 02/25 01:10:12 Image size of job updated: 1495428
	1270  -  MemoryUsage of job (MB)
	1299784  -  ResidentSetSize of job (KB)
...
006 (19993.000.000) 02/25 01:25:14 Image size of job updated: 1495428
	1288  -  MemoryUsage of job (MB)
	1318376  -  ResidentSetSize of job (KB)
...
006 (19993.000.000) 02/25 01:30:14 Image size of job updated: 1519964
	1312  -  MemoryUsage of job (MB)
	1342912  -  ResidentSetSize of job (KB)
...
006 (19993.000.000) 02/25 04:40:34 Image size of job updated: 1519972
	1324  -  MemoryUsage of job (MB)
	1354864  -  ResidentSetSize of job (KB)
...
006 (19993.000.000) 02/25 06:08:11 Image size of job updated: 12030064
	1324  -  MemoryUsage of job (MB)
	1354864  -  ResidentSetSize of job (KB)
...
005 (19993.000.000) 02/25 06:08:11 Job terminated.
	(1) Normal termination (return value 0)
		Usr 0 13:30:20, Sys 0 00:02:33  -  Run Remote Usage
		Usr 0 00:00:00, Sys 0 00:00:00  -  Run Local Usage
		Usr 0 13:30:20, Sys 0 00:02:33  -  Total Remote Usage
		Usr 0 00:00:00, Sys 0 00:00:00  -  Total Local Usage
	0  -  Run Bytes Sent By Job
	0  -  Run Bytes Received By Job
	0  -  Total Bytes Sent By Job
	0  -  Total Bytes Received By Job
	Partitionable Resources :    Usage  Request Allocated
	   Cpus                 :                 2         2
	   Disk (KB)            :        1        1   5108772
	   Memory (MB)          :     1324        1         1
...
