DATE: 2016-02-25
TIME: 13:25:12
                                         version_number        8118
 read inlist_1.0
 create pre-main-sequence model
                                                species           8
 abundances
                                                     h1    6.9459899999999997D-01
                                                    he3    2.9228287577590077D-05
                                                    he4    2.7462077171242238D-01
                                                    c12    5.2916483946540624D-03
                                                    n14    1.5500941736886235D-03
                                                    o16    1.4392154683883192D-02
                                                   ne20    3.2280246456576262D-03
                                                   mg24    6.2890781021165791D-03


                                        relax_num_steps


                               finished relax_num_steps

 new_lnPgas_flag T
                                        relax_initial_Z    3.0751000000000001D-02
                                                  new z    3.0750999999999633D-02
                                        relax_initial_Y    2.7465000000000001D-01
                                                  new y    2.7465000000000012D-01
 net name basic.net
 do_element_diffusion T
 lnPgas_flag T
 kappa_file_prefix gs98
 kappa_lowT_prefix lowT_fa05_gs98
   eos_file_prefix mesa
                                        OMP_NUM_THREADS           2


