000 (20293.000.000) 02/24 21:34:50 Job submitted from host: <134.76.239.76:13753?addrs=134.76.239.76-13753>
...
001 (20293.000.000) 02/24 23:32:37 Job executing on host: <134.76.239.85:29523?addrs=134.76.239.85-29523>
...
006 (20293.000.000) 02/24 23:32:45 Image size of job updated: 735308
	524  -  MemoryUsage of job (MB)
	536152  -  ResidentSetSize of job (KB)
...
006 (20293.000.000) 02/24 23:37:45 Image size of job updated: 1145252
	920  -  MemoryUsage of job (MB)
	941824  -  ResidentSetSize of job (KB)
...
006 (20293.000.000) 02/24 23:42:46 Image size of job updated: 1147052
	920  -  MemoryUsage of job (MB)
	941824  -  ResidentSetSize of job (KB)
...
006 (20293.000.000) 02/24 23:57:47 Image size of job updated: 1147052
	963  -  MemoryUsage of job (MB)
	985764  -  ResidentSetSize of job (KB)
...
006 (20293.000.000) 02/25 00:07:47 Image size of job updated: 1308668
	1120  -  MemoryUsage of job (MB)
	1146192  -  ResidentSetSize of job (KB)
...
006 (20293.000.000) 02/25 00:17:49 Image size of job updated: 1308668
	1120  -  MemoryUsage of job (MB)
	1146196  -  ResidentSetSize of job (KB)
...
006 (20293.000.000) 02/25 00:22:49 Image size of job updated: 1309280
	1120  -  MemoryUsage of job (MB)
	1146816  -  ResidentSetSize of job (KB)
...
006 (20293.000.000) 02/25 00:32:50 Image size of job updated: 1309588
	1121  -  MemoryUsage of job (MB)
	1147396  -  ResidentSetSize of job (KB)
...
006 (20293.000.000) 02/25 00:57:52 Image size of job updated: 1496072
	1265  -  MemoryUsage of job (MB)
	1294668  -  ResidentSetSize of job (KB)
...
006 (20293.000.000) 02/25 01:12:54 Image size of job updated: 1496072
	1265  -  MemoryUsage of job (MB)
	1294996  -  ResidentSetSize of job (KB)
...
006 (20293.000.000) 02/25 01:17:54 Image size of job updated: 1496072
	1265  -  MemoryUsage of job (MB)
	1295004  -  ResidentSetSize of job (KB)
...
006 (20293.000.000) 02/25 01:32:55 Image size of job updated: 1496072
	1269  -  MemoryUsage of job (MB)
	1299448  -  ResidentSetSize of job (KB)
...
006 (20293.000.000) 02/25 01:47:57 Image size of job updated: 1496072
	1270  -  MemoryUsage of job (MB)
	1299768  -  ResidentSetSize of job (KB)
...
006 (20293.000.000) 02/25 02:07:59 Image size of job updated: 1520608
	1312  -  MemoryUsage of job (MB)
	1342952  -  ResidentSetSize of job (KB)
...
006 (20293.000.000) 02/25 02:18:00 Image size of job updated: 1545144
	1336  -  MemoryUsage of job (MB)
	1367488  -  ResidentSetSize of job (KB)
...
022 (20293.000.000) 02/25 05:34:45 Job disconnected, attempting to reconnect
    Socket between submit and execute hosts closed unexpectedly
    Trying to reconnect to slot1@seismo25.mps.mpg.de <134.76.239.85:29523?addrs=134.76.239.85-29523>
...
024 (20293.000.000) 02/25 06:14:48 Job reconnection failed
    Job disconnected too long: JobLeaseDuration (2400 seconds) expired
    Can not reconnect to slot1@seismo25.mps.mpg.de, rescheduling job
...
001 (20293.000.000) 02/25 06:15:48 Job executing on host: <134.76.239.88:25067?addrs=134.76.239.88-25067>
...
004 (20293.000.000) 02/25 09:57:09 Job was evicted.
	(0) Job was not checkpointed.
		Usr 0 06:16:02, Sys 0 00:01:15  -  Run Remote Usage
		Usr 0 00:00:00, Sys 0 00:00:00  -  Run Local Usage
	0  -  Run Bytes Sent By Job
	0  -  Run Bytes Received By Job
	Partitionable Resources :    Usage  Request Allocated
	   Cpus                 :                 2         2
	   Disk (KB)            :        1        1   5108686
	   Memory (MB)          :     1465     1465      1465
...
001 (20293.000.000) 02/25 09:58:50 Job executing on host: <134.76.239.78:21556?addrs=134.76.239.78-21556>
...
004 (20293.000.000) 02/25 10:09:51 Job was evicted.
	(0) Job was not checkpointed.
		Usr 0 00:13:50, Sys 0 00:00:04  -  Run Remote Usage
		Usr 0 00:00:00, Sys 0 00:00:00  -  Run Local Usage
	0  -  Run Bytes Sent By Job
	0  -  Run Bytes Received By Job
	Partitionable Resources :    Usage  Request Allocated
	   Cpus                 :                 2         2
	   Disk (KB)            :        1        1   5108680
	   Memory (MB)          :     1465     1465      1465
...
001 (20293.000.000) 02/25 10:10:14 Job executing on host: <134.76.239.83:20501?addrs=134.76.239.83-20501>
...
004 (20293.000.000) 02/25 10:49:49 Job was evicted.
	(0) Job was not checkpointed.
		Usr 0 01:09:47, Sys 0 00:00:17  -  Run Remote Usage
		Usr 0 00:00:00, Sys 0 00:00:00  -  Run Local Usage
	0  -  Run Bytes Sent By Job
	0  -  Run Bytes Received By Job
	Partitionable Resources :    Usage  Request Allocated
	   Cpus                 :                 2         2
	   Disk (KB)            :        1        1   5108600
	   Memory (MB)          :     1465     1465      1465
...
001 (20293.000.000) 02/25 10:50:42 Job executing on host: <134.76.239.91:19968?addrs=134.76.239.91-19968>
...
004 (20293.000.000) 02/25 10:52:28 Job was evicted.
	(0) Job was not checkpointed.
		Usr 0 00:02:25, Sys 0 00:00:01  -  Run Remote Usage
		Usr 0 00:00:00, Sys 0 00:00:00  -  Run Local Usage
	0  -  Run Bytes Sent By Job
	0  -  Run Bytes Received By Job
	Partitionable Resources :    Usage  Request Allocated
	   Cpus                 :                 2         2
	   Disk (KB)            :        1        1   5108564
	   Memory (MB)          :     1465     1465      1465
...
001 (20293.000.000) 02/25 10:54:26 Job executing on host: <134.76.239.78:21556?addrs=134.76.239.78-21556>
...
004 (20293.000.000) 02/25 11:04:25 Job was evicted.
	(0) Job was not checkpointed.
		Usr 0 00:16:38, Sys 0 00:00:05  -  Run Remote Usage
		Usr 0 00:00:00, Sys 0 00:00:00  -  Run Local Usage
	0  -  Run Bytes Sent By Job
	0  -  Run Bytes Received By Job
	Partitionable Resources :    Usage  Request Allocated
	   Cpus                 :                 2         2
	   Disk (KB)            :        1        1   5108655
	   Memory (MB)          :     1465     1465      1465
...
001 (20293.000.000) 02/25 11:06:24 Job executing on host: <134.76.239.91:19968?addrs=134.76.239.91-19968>
...
004 (20293.000.000) 02/25 11:08:07 Job was evicted.
	(0) Job was not checkpointed.
		Usr 0 00:02:20, Sys 0 00:00:02  -  Run Remote Usage
		Usr 0 00:00:00, Sys 0 00:00:00  -  Run Local Usage
	0  -  Run Bytes Sent By Job
	0  -  Run Bytes Received By Job
	Partitionable Resources :    Usage  Request Allocated
	   Cpus                 :                 2         2
	   Disk (KB)            :        1        1   5108561
	   Memory (MB)          :     1465     1465      1465
...
001 (20293.000.000) 02/25 11:11:02 Job executing on host: <134.76.239.84:12289?addrs=134.76.239.84-12289>
...
