000 (20218.000.000) 02/24 21:34:46 Job submitted from host: <134.76.239.76:13753?addrs=134.76.239.76-13753>
...
001 (20218.000.000) 02/24 22:11:37 Job executing on host: <134.76.239.84:12289?addrs=134.76.239.84-12289>
...
006 (20218.000.000) 02/24 22:11:46 Image size of job updated: 839532
	638  -  MemoryUsage of job (MB)
	652892  -  ResidentSetSize of job (KB)
...
006 (20218.000.000) 02/24 22:16:47 Image size of job updated: 1155544
	940  -  MemoryUsage of job (MB)
	961884  -  ResidentSetSize of job (KB)
...
006 (20218.000.000) 02/24 22:21:48 Image size of job updated: 1156944
	940  -  MemoryUsage of job (MB)
	961884  -  ResidentSetSize of job (KB)
...
006 (20218.000.000) 02/24 22:31:48 Image size of job updated: 1156944
	969  -  MemoryUsage of job (MB)
	991468  -  ResidentSetSize of job (KB)
...
006 (20218.000.000) 02/24 22:36:49 Image size of job updated: 1156944
	969  -  MemoryUsage of job (MB)
	991472  -  ResidentSetSize of job (KB)
...
006 (20218.000.000) 02/24 22:41:50 Image size of job updated: 1307624
	1125  -  MemoryUsage of job (MB)
	1151900  -  ResidentSetSize of job (KB)
...
006 (20218.000.000) 02/24 22:56:52 Image size of job updated: 1308244
	1126  -  MemoryUsage of job (MB)
	1152440  -  ResidentSetSize of job (KB)
...
006 (20218.000.000) 02/24 23:01:52 Image size of job updated: 1308244
	1126  -  MemoryUsage of job (MB)
	1152924  -  ResidentSetSize of job (KB)
...
006 (20218.000.000) 02/24 23:06:52 Image size of job updated: 1308244
	1126  -  MemoryUsage of job (MB)
	1152928  -  ResidentSetSize of job (KB)
...
006 (20218.000.000) 02/24 23:16:53 Image size of job updated: 1494728
	1270  -  MemoryUsage of job (MB)
	1300192  -  ResidentSetSize of job (KB)
...
006 (20218.000.000) 02/24 23:26:54 Image size of job updated: 1494728
	1271  -  MemoryUsage of job (MB)
	1300512  -  ResidentSetSize of job (KB)
...
006 (20218.000.000) 02/25 00:11:58 Image size of job updated: 1494728
	1289  -  MemoryUsage of job (MB)
	1319424  -  ResidentSetSize of job (KB)
...
006 (20218.000.000) 02/25 00:16:59 Image size of job updated: 1519264
	1313  -  MemoryUsage of job (MB)
	1343960  -  ResidentSetSize of job (KB)
...
006 (20218.000.000) 02/25 00:27:00 Image size of job updated: 1519764
	1313  -  MemoryUsage of job (MB)
	1343964  -  ResidentSetSize of job (KB)
...
006 (20218.000.000) 02/25 00:32:01 Image size of job updated: 1522768
	1313  -  MemoryUsage of job (MB)
	1344032  -  ResidentSetSize of job (KB)
...
006 (20218.000.000) 02/25 00:37:02 Image size of job updated: 1522768
	1313  -  MemoryUsage of job (MB)
	1344052  -  ResidentSetSize of job (KB)
...
006 (20218.000.000) 02/25 00:42:02 Image size of job updated: 1522768
	1313  -  MemoryUsage of job (MB)
	1344064  -  ResidentSetSize of job (KB)
...
006 (20218.000.000) 02/25 00:47:02 Image size of job updated: 1522768
	1313  -  MemoryUsage of job (MB)
	1344076  -  ResidentSetSize of job (KB)
...
006 (20218.000.000) 02/25 00:52:03 Image size of job updated: 1522776
	1313  -  MemoryUsage of job (MB)
	1344076  -  ResidentSetSize of job (KB)
...
006 (20218.000.000) 02/25 05:02:29 Image size of job updated: 9368244
	1313  -  MemoryUsage of job (MB)
	1344076  -  ResidentSetSize of job (KB)
...
005 (20218.000.000) 02/25 05:03:11 Job terminated.
	(1) Normal termination (return value 0)
		Usr 0 11:38:35, Sys 0 00:02:22  -  Run Remote Usage
		Usr 0 00:00:00, Sys 0 00:00:00  -  Run Local Usage
		Usr 0 11:38:35, Sys 0 00:02:22  -  Total Remote Usage
		Usr 0 00:00:00, Sys 0 00:00:00  -  Total Local Usage
	0  -  Run Bytes Sent By Job
	0  -  Run Bytes Received By Job
	0  -  Total Bytes Sent By Job
	0  -  Total Bytes Received By Job
	Partitionable Resources :    Usage  Request Allocated
	   Cpus                 :                 2         2
	   Disk (KB)            :        1        1   5108582
	   Memory (MB)          :     1313        1         1
...
