000 (20744.000.000) 02/24 21:35:14 Job submitted from host: <134.76.239.76:13753?addrs=134.76.239.76-13753>
...
001 (20744.000.000) 02/25 04:31:47 Job executing on host: <134.76.239.89:24193?addrs=134.76.239.89-24193>
...
006 (20744.000.000) 02/25 04:31:56 Image size of job updated: 145464
	30  -  MemoryUsage of job (MB)
	29992  -  ResidentSetSize of job (KB)
...
006 (20744.000.000) 02/25 04:36:57 Image size of job updated: 1146112
	936  -  MemoryUsage of job (MB)
	957544  -  ResidentSetSize of job (KB)
...
006 (20744.000.000) 02/25 04:56:59 Image size of job updated: 1242872
	1072  -  MemoryUsage of job (MB)
	1097628  -  ResidentSetSize of job (KB)
...
006 (20744.000.000) 02/25 05:07:00 Image size of job updated: 1242872
	1073  -  MemoryUsage of job (MB)
	1097964  -  ResidentSetSize of job (KB)
...
006 (20744.000.000) 02/25 05:17:01 Image size of job updated: 1429356
	1217  -  MemoryUsage of job (MB)
	1245232  -  ResidentSetSize of job (KB)
...
006 (20744.000.000) 02/25 05:22:01 Image size of job updated: 1429356
	1217  -  MemoryUsage of job (MB)
	1245568  -  ResidentSetSize of job (KB)
...
006 (20744.000.000) 02/25 05:27:02 Image size of job updated: 1429356
	1217  -  MemoryUsage of job (MB)
	1245584  -  ResidentSetSize of job (KB)
...
006 (20744.000.000) 02/25 05:37:02 Image size of job updated: 1453892
	1241  -  MemoryUsage of job (MB)
	1270440  -  ResidentSetSize of job (KB)
...
006 (20744.000.000) 02/25 05:47:04 Image size of job updated: 1543964
	1326  -  MemoryUsage of job (MB)
	1357536  -  ResidentSetSize of job (KB)
...
006 (20744.000.000) 02/25 05:52:04 Image size of job updated: 1544484
	1326  -  MemoryUsage of job (MB)
	1357540  -  ResidentSetSize of job (KB)
...
006 (20744.000.000) 02/25 07:12:13 Image size of job updated: 1569676
	1326  -  MemoryUsage of job (MB)
	1357540  -  ResidentSetSize of job (KB)
...
006 (20744.000.000) 02/25 07:22:14 Image size of job updated: 1570004
	1326  -  MemoryUsage of job (MB)
	1357540  -  ResidentSetSize of job (KB)
...
005 (20744.000.000) 02/25 08:55:35 Job terminated.
	(1) Normal termination (return value 0)
		Usr 0 07:26:36, Sys 0 00:01:22  -  Run Remote Usage
		Usr 0 00:00:00, Sys 0 00:00:00  -  Run Local Usage
		Usr 0 07:26:36, Sys 0 00:01:22  -  Total Remote Usage
		Usr 0 00:00:00, Sys 0 00:00:00  -  Total Local Usage
	0  -  Run Bytes Sent By Job
	0  -  Run Bytes Received By Job
	0  -  Total Bytes Sent By Job
	0  -  Total Bytes Received By Job
	Partitionable Resources :    Usage  Request Allocated
	   Cpus                 :                 2         2
	   Disk (KB)            :        1        1   5108783
	   Memory (MB)          :     1326        1         1
...
