000 (20657.000.000) 02/24 21:35:09 Job submitted from host: <134.76.239.76:13753?addrs=134.76.239.76-13753>
...
001 (20657.000.000) 02/25 03:35:45 Job executing on host: <134.76.239.78:21556?addrs=134.76.239.78-21556>
...
006 (20657.000.000) 02/25 03:35:53 Image size of job updated: 1
	3  -  MemoryUsage of job (MB)
	2076  -  ResidentSetSize of job (KB)
...
006 (20657.000.000) 02/25 03:40:53 Image size of job updated: 1146260
	925  -  MemoryUsage of job (MB)
	946456  -  ResidentSetSize of job (KB)
...
006 (20657.000.000) 02/25 03:45:54 Image size of job updated: 1146864
	925  -  MemoryUsage of job (MB)
	946456  -  ResidentSetSize of job (KB)
...
006 (20657.000.000) 02/25 04:00:55 Image size of job updated: 1293760
	1072  -  MemoryUsage of job (MB)
	1097172  -  ResidentSetSize of job (KB)
...
006 (20657.000.000) 02/25 04:05:56 Image size of job updated: 1293760
	1072  -  MemoryUsage of job (MB)
	1097176  -  ResidentSetSize of job (KB)
...
006 (20657.000.000) 02/25 04:10:56 Image size of job updated: 1293760
	1072  -  MemoryUsage of job (MB)
	1097184  -  ResidentSetSize of job (KB)
...
006 (20657.000.000) 02/25 04:20:58 Image size of job updated: 1293760
	1072  -  MemoryUsage of job (MB)
	1097516  -  ResidentSetSize of job (KB)
...
006 (20657.000.000) 02/25 04:35:59 Image size of job updated: 1414708
	1216  -  MemoryUsage of job (MB)
	1244784  -  ResidentSetSize of job (KB)
...
006 (20657.000.000) 02/25 04:41:00 Image size of job updated: 1414708
	1216  -  MemoryUsage of job (MB)
	1245120  -  ResidentSetSize of job (KB)
...
006 (20657.000.000) 02/25 05:01:02 Image size of job updated: 1414708
	1217  -  MemoryUsage of job (MB)
	1245440  -  ResidentSetSize of job (KB)
...
006 (20657.000.000) 02/25 05:31:04 Image size of job updated: 1415196
	1217  -  MemoryUsage of job (MB)
	1245448  -  ResidentSetSize of job (KB)
...
006 (20657.000.000) 02/25 05:36:04 Image size of job updated: 1418200
	1217  -  MemoryUsage of job (MB)
	1245536  -  ResidentSetSize of job (KB)
...
006 (20657.000.000) 02/25 05:41:05 Image size of job updated: 1418208
	1217  -  MemoryUsage of job (MB)
	1245536  -  ResidentSetSize of job (KB)
...
006 (20657.000.000) 02/25 06:36:12 Image size of job updated: 1454304
	1217  -  MemoryUsage of job (MB)
	1245536  -  ResidentSetSize of job (KB)
...
006 (20657.000.000) 02/25 07:26:17 Image size of job updated: 1454544
	1217  -  MemoryUsage of job (MB)
	1245536  -  ResidentSetSize of job (KB)
...
006 (20657.000.000) 02/25 07:36:17 Image size of job updated: 1457552
	1217  -  MemoryUsage of job (MB)
	1245536  -  ResidentSetSize of job (KB)
...
006 (20657.000.000) 02/25 08:57:44 Image size of job updated: 10913384
	1217  -  MemoryUsage of job (MB)
	1245536  -  ResidentSetSize of job (KB)
...
005 (20657.000.000) 02/25 08:57:44 Job terminated.
	(1) Normal termination (return value 0)
		Usr 0 09:00:56, Sys 0 00:02:23  -  Run Remote Usage
		Usr 0 00:00:00, Sys 0 00:00:00  -  Run Local Usage
		Usr 0 09:00:56, Sys 0 00:02:23  -  Total Remote Usage
		Usr 0 00:00:00, Sys 0 00:00:00  -  Total Local Usage
	0  -  Run Bytes Sent By Job
	0  -  Run Bytes Received By Job
	0  -  Total Bytes Sent By Job
	0  -  Total Bytes Received By Job
	Partitionable Resources :    Usage  Request Allocated
	   Cpus                 :                 2         2
	   Disk (KB)            :        1        1   5108753
	   Memory (MB)          :     1217        1         1
...
