DATE: 2016-02-26
TIME: 16:59:52
                                         version_number        8118
 read inlist_1.0
 create pre-main-sequence model
                                                species           8
 abundances
                                                     h1    6.8307800000000007D-01
                                                    he3    3.3070905483476197D-05
                                                    he4    3.1072492909451649D-01
                                                    c12    1.0607043902522799D-03
                                                    n14    3.1071446413504406D-04
                                                    o16    2.8848896449369644D-03
                                                   ne20    6.4705355649682093D-04
                                                   mg24    1.2606379441789488D-03


                                        relax_num_steps


                               finished relax_num_steps

 new_lnPgas_flag T
                                        relax_initial_Z    6.1640000000000002D-03
                                                  new z    6.1639999999997114D-03
                                        relax_initial_Y    3.1075799999999998D-01
                                                  new y    3.1075800000000003D-01
 net name basic.net
 do_element_diffusion T
 lnPgas_flag T
 kappa_file_prefix gs98
 kappa_lowT_prefix lowT_fa05_gs98
   eos_file_prefix mesa
                                        OMP_NUM_THREADS           1



stop because Lnuc_div_L >= Lnuc_div_L_zams_limit
    0.1000719962E+01    0.9990000000E+00

        805   7.126428   5878.555  -0.225355  -0.225355   0.818185   0.818185   0.682692   0.000411   0.310755   0.682987  -1.502130    785      0
   5.865309   1.986777  -0.127859 -47.426135  -1.814754 -99.000000   0.000000   0.311129   0.002885   0.006164   0.310847   0.087206      4      0
 3.2679E+07  17.238573  -0.225668 -99.000000   4.945963  -6.619661   0.000000   0.000975   0.000647  6.178E-03  6.166E-03 -0.143E-10  max increase

save photos/x805 for model 805
save final_profile.data write fgong_plot.data
                               s% atm_structure_num_pts          60
save final_profile.data.FGONG    805
 final_profile.data.FGONG for model 805
 saved to zams.mod
termination code: Lnuc_div_L_zams_limit

       runtime, prev time, retries, backups, steps         7.6        28.2         0         0       805
        805   7.126428   5878.555  -0.225355  -0.225355   0.818185   0.818185   0.682692   0.000411   0.310755   0.682987  -1.502130    785      0
   5.865309   1.986777  -0.127859 -47.426135  -1.814754 -99.000000   0.000000   0.311129   0.002885   0.006164   0.310847   0.087206      4      0
 3.2679E+07  17.238573  -0.225668 -99.000000   4.945963  -6.619661   0.000000   0.000975   0.000647  6.178E-03  6.166E-03 -0.143E-10  max increase

DATE: 2016-02-26
TIME: 17:09:06
DATE: 2016-02-26
TIME: 17:09:06
                                         version_number        8118
 read inlist_1.0
load saved model zams.mod

 new_lnPgas_flag T
 net name basic.net
 do_element_diffusion T
 lnPgas_flag T
                       which_atm_option: Eddington_grey
 kappa_file_prefix gs98
 kappa_lowT_prefix lowT_fa05_gs98
   eos_file_prefix mesa
                                        OMP_NUM_THREADS           1


__________________________________________________________________________________________________________________________________________________

       step    lg_Tcntr    Teff       lg_LH     lg_Lnuc     Mass       H_rich     H_cntr     N_cntr     Y_surf     X_avg     eta_cntr  zones retry
   lg_dt_yr    lg_Dcntr    lg_R       lg_L3a    lg_Lneu     lg_Mdot    He_core    He_cntr    O_cntr     Z_surf     Y_avg     gam_cntr  iters bckup
     age_yr    lg_Pcntr    lg_L       lg_LZ     lg_Psurf    lg_Dsurf   C_core     C_cntr     Ne_cntr    Z_cntr     Z_avg     v_div_cs     dt_limit
__________________________________________________________________________________________________________________________________________________

