000 (20070.000.000) 02/24 21:34:38 Job submitted from host: <134.76.239.76:13753?addrs=134.76.239.76-13753>
...
001 (20070.000.000) 02/24 21:34:55 Job executing on host: <134.76.239.83:20501?addrs=134.76.239.83-20501>
...
006 (20070.000.000) 02/24 21:35:05 Image size of job updated: 65708
	5  -  MemoryUsage of job (MB)
	4300  -  ResidentSetSize of job (KB)
...
006 (20070.000.000) 02/24 21:40:06 Image size of job updated: 1140412
	919  -  MemoryUsage of job (MB)
	940156  -  ResidentSetSize of job (KB)
...
006 (20070.000.000) 02/24 21:45:06 Image size of job updated: 1147136
	919  -  MemoryUsage of job (MB)
	940156  -  ResidentSetSize of job (KB)
...
006 (20070.000.000) 02/24 22:20:10 Image size of job updated: 1242908
	1061  -  MemoryUsage of job (MB)
	1086132  -  ResidentSetSize of job (KB)
...
006 (20070.000.000) 02/24 22:40:11 Image size of job updated: 1242908
	1062  -  MemoryUsage of job (MB)
	1086468  -  ResidentSetSize of job (KB)
...
006 (20070.000.000) 02/24 23:00:14 Image size of job updated: 1429392
	1205  -  MemoryUsage of job (MB)
	1233736  -  ResidentSetSize of job (KB)
...
006 (20070.000.000) 02/24 23:10:15 Image size of job updated: 1429392
	1206  -  MemoryUsage of job (MB)
	1234064  -  ResidentSetSize of job (KB)
...
006 (20070.000.000) 02/24 23:15:15 Image size of job updated: 1429392
	1206  -  MemoryUsage of job (MB)
	1234072  -  ResidentSetSize of job (KB)
...
006 (20070.000.000) 02/24 23:40:19 Image size of job updated: 1429392
	1206  -  MemoryUsage of job (MB)
	1234392  -  ResidentSetSize of job (KB)
...
006 (20070.000.000) 02/25 00:00:20 Image size of job updated: 1453928
	1230  -  MemoryUsage of job (MB)
	1258928  -  ResidentSetSize of job (KB)
...
006 (20070.000.000) 02/25 02:10:34 Image size of job updated: 1453928
	1241  -  MemoryUsage of job (MB)
	1270696  -  ResidentSetSize of job (KB)
...
006 (20070.000.000) 02/25 02:25:36 Image size of job updated: 1453928
	1241  -  MemoryUsage of job (MB)
	1270744  -  ResidentSetSize of job (KB)
...
006 (20070.000.000) 02/25 04:05:47 Image size of job updated: 11619792
	1241  -  MemoryUsage of job (MB)
	1270744  -  ResidentSetSize of job (KB)
...
005 (20070.000.000) 02/25 04:06:00 Job terminated.
	(1) Normal termination (return value 0)
		Usr 0 10:47:36, Sys 0 00:02:28  -  Run Remote Usage
		Usr 0 00:00:00, Sys 0 00:00:00  -  Run Local Usage
		Usr 0 10:47:36, Sys 0 00:02:28  -  Total Remote Usage
		Usr 0 00:00:00, Sys 0 00:00:00  -  Total Local Usage
	0  -  Run Bytes Sent By Job
	0  -  Run Bytes Received By Job
	0  -  Total Bytes Sent By Job
	0  -  Total Bytes Received By Job
	Partitionable Resources :    Usage  Request Allocated
	   Cpus                 :                 2         2
	   Disk (KB)            :        1        1   5108812
	   Memory (MB)          :     1241        1         1
...
