000 (20868.000.000) 02/24 21:35:20 Job submitted from host: <134.76.239.76:13753?addrs=134.76.239.76-13753>
...
001 (20868.000.000) 02/25 06:00:48 Job executing on host: <134.76.239.84:12289?addrs=134.76.239.84-12289>
...
006 (20868.000.000) 02/25 06:00:56 Image size of job updated: 202156
	44  -  MemoryUsage of job (MB)
	44876  -  ResidentSetSize of job (KB)
...
006 (20868.000.000) 02/25 06:05:56 Image size of job updated: 1143640
	934  -  MemoryUsage of job (MB)
	956188  -  ResidentSetSize of job (KB)
...
006 (20868.000.000) 02/25 06:10:57 Image size of job updated: 1145824
	934  -  MemoryUsage of job (MB)
	956188  -  ResidentSetSize of job (KB)
...
006 (20868.000.000) 02/25 06:15:58 Image size of job updated: 1266140
	1072  -  MemoryUsage of job (MB)
	1097024  -  ResidentSetSize of job (KB)
...
006 (20868.000.000) 02/25 06:20:58 Image size of job updated: 1526232
	1289  -  MemoryUsage of job (MB)
	1319000  -  ResidentSetSize of job (KB)
...
006 (20868.000.000) 02/25 06:25:59 Image size of job updated: 1526240
	1289  -  MemoryUsage of job (MB)
	1319404  -  ResidentSetSize of job (KB)
...
006 (20868.000.000) 02/25 06:46:01 Image size of job updated: 1526240
	1295  -  MemoryUsage of job (MB)
	1325380  -  ResidentSetSize of job (KB)
...
006 (20868.000.000) 02/25 06:51:01 Image size of job updated: 1526240
	1295  -  MemoryUsage of job (MB)
	1325764  -  ResidentSetSize of job (KB)
...
005 (20868.000.000) 02/25 07:51:15 Job terminated.
	(1) Normal termination (return value 0)
		Usr 0 02:52:54, Sys 0 00:00:32  -  Run Remote Usage
		Usr 0 00:00:00, Sys 0 00:00:00  -  Run Local Usage
		Usr 0 02:52:54, Sys 0 00:00:32  -  Total Remote Usage
		Usr 0 00:00:00, Sys 0 00:00:00  -  Total Local Usage
	0  -  Run Bytes Sent By Job
	0  -  Run Bytes Received By Job
	0  -  Total Bytes Sent By Job
	0  -  Total Bytes Received By Job
	Partitionable Resources :    Usage  Request Allocated
	   Cpus                 :                 2         2
	   Disk (KB)            :        1        1   5108552
	   Memory (MB)          :     1295        1         1
...
