000 (20413.000.000) 02/24 21:34:57 Job submitted from host: <134.76.239.76:13753?addrs=134.76.239.76-13753>
...
001 (20413.000.000) 02/25 00:48:40 Job executing on host: <134.76.239.85:29523?addrs=134.76.239.85-29523>
...
006 (20413.000.000) 02/25 00:48:48 Image size of job updated: 827412
	626  -  MemoryUsage of job (MB)
	640164  -  ResidentSetSize of job (KB)
...
006 (20413.000.000) 02/25 00:53:48 Image size of job updated: 1146476
	937  -  MemoryUsage of job (MB)
	958784  -  ResidentSetSize of job (KB)
...
006 (20413.000.000) 02/25 01:03:50 Image size of job updated: 1284996
	1077  -  MemoryUsage of job (MB)
	1102588  -  ResidentSetSize of job (KB)
...
006 (20413.000.000) 02/25 01:08:50 Image size of job updated: 1284996
	1078  -  MemoryUsage of job (MB)
	1102920  -  ResidentSetSize of job (KB)
...
006 (20413.000.000) 02/25 01:13:51 Image size of job updated: 1430480
	1246  -  MemoryUsage of job (MB)
	1275064  -  ResidentSetSize of job (KB)
...
006 (20413.000.000) 02/25 01:18:52 Image size of job updated: 1430480
	1246  -  MemoryUsage of job (MB)
	1275384  -  ResidentSetSize of job (KB)
...
006 (20413.000.000) 02/25 01:23:52 Image size of job updated: 1433596
	1249  -  MemoryUsage of job (MB)
	1278004  -  ResidentSetSize of job (KB)
...
006 (20413.000.000) 02/25 01:28:52 Image size of job updated: 1435640
	1249  -  MemoryUsage of job (MB)
	1278004  -  ResidentSetSize of job (KB)
...
006 (20413.000.000) 02/25 01:43:53 Image size of job updated: 1444200
	1249  -  MemoryUsage of job (MB)
	1278004  -  ResidentSetSize of job (KB)
...
006 (20413.000.000) 02/25 01:53:55 Image size of job updated: 1447316
	1249  -  MemoryUsage of job (MB)
	1278004  -  ResidentSetSize of job (KB)
...
006 (20413.000.000) 02/25 01:58:55 Image size of job updated: 1449360
	1249  -  MemoryUsage of job (MB)
	1278004  -  ResidentSetSize of job (KB)
...
005 (20413.000.000) 02/25 03:01:22 Job terminated.
	(1) Normal termination (return value 0)
		Usr 0 03:32:47, Sys 0 00:00:42  -  Run Remote Usage
		Usr 0 00:00:00, Sys 0 00:00:00  -  Run Local Usage
		Usr 0 03:32:47, Sys 0 00:00:42  -  Total Remote Usage
		Usr 0 00:00:00, Sys 0 00:00:00  -  Total Local Usage
	0  -  Run Bytes Sent By Job
	0  -  Run Bytes Received By Job
	0  -  Total Bytes Sent By Job
	0  -  Total Bytes Received By Job
	Partitionable Resources :    Usage  Request Allocated
	   Cpus                 :                 2         2
	   Disk (KB)            :        1        1   5108752
	   Memory (MB)          :     1249        1         1
...
