000 (20446.000.000) 02/24 21:34:59 Job submitted from host: <134.76.239.76:13753?addrs=134.76.239.76-13753>
...
001 (20446.000.000) 02/25 01:07:40 Job executing on host: <134.76.239.78:21556?addrs=134.76.239.78-21556>
...
006 (20446.000.000) 02/25 01:07:48 Image size of job updated: 26260
	4  -  MemoryUsage of job (MB)
	3312  -  ResidentSetSize of job (KB)
...
006 (20446.000.000) 02/25 01:12:48 Image size of job updated: 1144540
	938  -  MemoryUsage of job (MB)
	960472  -  ResidentSetSize of job (KB)
...
006 (20446.000.000) 02/25 01:17:49 Image size of job updated: 1146116
	938  -  MemoryUsage of job (MB)
	960472  -  ResidentSetSize of job (KB)
...
006 (20446.000.000) 02/25 01:27:49 Image size of job updated: 1285648
	1074  -  MemoryUsage of job (MB)
	1099228  -  ResidentSetSize of job (KB)
...
006 (20446.000.000) 02/25 01:32:50 Image size of job updated: 1286448
	1075  -  MemoryUsage of job (MB)
	1100444  -  ResidentSetSize of job (KB)
...
006 (20446.000.000) 02/25 01:37:51 Image size of job updated: 1407856
	1219  -  MemoryUsage of job (MB)
	1248024  -  ResidentSetSize of job (KB)
...
006 (20446.000.000) 02/25 01:42:51 Image size of job updated: 1435704
	1246  -  MemoryUsage of job (MB)
	1275436  -  ResidentSetSize of job (KB)
...
006 (20446.000.000) 02/25 01:47:52 Image size of job updated: 1435704
	1246  -  MemoryUsage of job (MB)
	1275772  -  ResidentSetSize of job (KB)
...
006 (20446.000.000) 02/25 01:52:53 Image size of job updated: 1437868
	1246  -  MemoryUsage of job (MB)
	1275772  -  ResidentSetSize of job (KB)
...
006 (20446.000.000) 02/25 02:22:56 Image size of job updated: 1488172
	1247  -  MemoryUsage of job (MB)
	1276192  -  ResidentSetSize of job (KB)
...
006 (20446.000.000) 02/25 02:27:57 Image size of job updated: 1488172
	1247  -  MemoryUsage of job (MB)
	1276368  -  ResidentSetSize of job (KB)
...
006 (20446.000.000) 02/25 02:32:57 Image size of job updated: 1488180
	1247  -  MemoryUsage of job (MB)
	1276788  -  ResidentSetSize of job (KB)
...
006 (20446.000.000) 02/25 02:37:58 Image size of job updated: 1490336
	1247  -  MemoryUsage of job (MB)
	1276788  -  ResidentSetSize of job (KB)
...
005 (20446.000.000) 02/25 03:35:38 Job terminated.
	(1) Normal termination (return value 0)
		Usr 0 03:58:24, Sys 0 00:00:55  -  Run Remote Usage
		Usr 0 00:00:00, Sys 0 00:00:00  -  Run Local Usage
		Usr 0 03:58:24, Sys 0 00:00:55  -  Total Remote Usage
		Usr 0 00:00:00, Sys 0 00:00:00  -  Total Local Usage
	0  -  Run Bytes Sent By Job
	0  -  Run Bytes Received By Job
	0  -  Total Bytes Sent By Job
	0  -  Total Bytes Received By Job
	Partitionable Resources :    Usage  Request Allocated
	   Cpus                 :                 2         2
	   Disk (KB)            :        1        1   5108775
	   Memory (MB)          :     1247        1         1
...
