000 (19918.000.000) 02/24 21:34:30 Job submitted from host: <134.76.239.76:13753?addrs=134.76.239.76-13753>
...
001 (19918.000.000) 02/24 21:34:35 Job executing on host: <134.76.239.80:23833?addrs=134.76.239.80-23833>
...
006 (19918.000.000) 02/24 21:34:45 Image size of job updated: 65708
	5  -  MemoryUsage of job (MB)
	4296  -  ResidentSetSize of job (KB)
...
006 (19918.000.000) 02/24 21:39:45 Image size of job updated: 1140164
	917  -  MemoryUsage of job (MB)
	938444  -  ResidentSetSize of job (KB)
...
006 (19918.000.000) 02/24 21:44:45 Image size of job updated: 1145592
	917  -  MemoryUsage of job (MB)
	938444  -  ResidentSetSize of job (KB)
...
006 (19918.000.000) 02/24 22:04:48 Image size of job updated: 1294272
	1060  -  MemoryUsage of job (MB)
	1085040  -  ResidentSetSize of job (KB)
...
006 (19918.000.000) 02/24 22:14:48 Image size of job updated: 1294272
	1060  -  MemoryUsage of job (MB)
	1085372  -  ResidentSetSize of job (KB)
...
006 (19918.000.000) 02/24 22:24:50 Image size of job updated: 1415220
	1205  -  MemoryUsage of job (MB)
	1232976  -  ResidentSetSize of job (KB)
...
006 (19918.000.000) 02/24 22:29:50 Image size of job updated: 1440180
	1229  -  MemoryUsage of job (MB)
	1257524  -  ResidentSetSize of job (KB)
...
006 (19918.000.000) 02/24 22:34:50 Image size of job updated: 1440180
	1229  -  MemoryUsage of job (MB)
	1257844  -  ResidentSetSize of job (KB)
...
006 (19918.000.000) 02/24 22:39:51 Image size of job updated: 1440180
	1229  -  MemoryUsage of job (MB)
	1257848  -  ResidentSetSize of job (KB)
...
006 (19918.000.000) 02/24 22:44:51 Image size of job updated: 1443252
	1229  -  MemoryUsage of job (MB)
	1258276  -  ResidentSetSize of job (KB)
...
006 (19918.000.000) 02/24 23:19:55 Image size of job updated: 1453392
	1231  -  MemoryUsage of job (MB)
	1259560  -  ResidentSetSize of job (KB)
...
006 (19918.000.000) 02/24 23:24:55 Image size of job updated: 1453392
	1231  -  MemoryUsage of job (MB)
	1259876  -  ResidentSetSize of job (KB)
...
006 (19918.000.000) 02/24 23:29:57 Image size of job updated: 1456708
	1231  -  MemoryUsage of job (MB)
	1259960  -  ResidentSetSize of job (KB)
...
006 (19918.000.000) 02/25 00:53:09 Image size of job updated: 9108452
	1231  -  MemoryUsage of job (MB)
	1259960  -  ResidentSetSize of job (KB)
...
005 (19918.000.000) 02/25 00:53:09 Job terminated.
	(1) Normal termination (return value 0)
		Usr 0 04:49:15, Sys 0 00:01:43  -  Run Remote Usage
		Usr 0 00:00:00, Sys 0 00:00:00  -  Run Local Usage
		Usr 0 04:49:15, Sys 0 00:01:43  -  Total Remote Usage
		Usr 0 00:00:00, Sys 0 00:00:00  -  Total Local Usage
	0  -  Run Bytes Sent By Job
	0  -  Run Bytes Received By Job
	0  -  Total Bytes Sent By Job
	0  -  Total Bytes Received By Job
	Partitionable Resources :    Usage  Request Allocated
	   Cpus                 :                 2         2
	   Disk (KB)            :        1        1   5045872
	   Memory (MB)          :     1231        1         1
...
