DATE: 2016-02-26
TIME: 16:59:22
                                         version_number        8118
 read inlist_1.0
 create pre-main-sequence model
                                                species           8
 abundances
                                                     h1    7.5156899999999993D-01
                                                    he3    2.5910959413131173D-05
                                                    he4    2.4345208904058688D-01
                                                    c12    8.5231486776759851D-04
                                                    n14    2.4967046412408401D-04
                                                    o16    2.3181146027535056D-03
                                                   ne20    5.1993125654262076D-04
                                                   mg24    1.0129688088121765D-03


                                        relax_num_steps


                               finished relax_num_steps

 new_lnPgas_flag T
                                        relax_initial_Z    4.9529999999999999D-03
                                                  new z    4.9529999999999115D-03
                                        relax_initial_Y    2.4347800000000000D-01
                                                  new y    2.4347799999999994D-01
 net name basic.net
 do_element_diffusion T
 lnPgas_flag T
 kappa_file_prefix gs98
 kappa_lowT_prefix lowT_fa05_gs98
   eos_file_prefix mesa
                                        OMP_NUM_THREADS           1



stop because Lnuc_div_L >= Lnuc_div_L_zams_limit
    0.1000954487E+01    0.9990000000E+00

        835   7.177080   6453.137   0.207382   0.207382   1.081747   1.081747   0.751148   0.000586   0.243478   0.751477  -1.727025    795      0
   5.492175   1.953126   0.007458 -45.153405  -1.350866 -99.000000   0.000000   0.243851   0.002318   0.004953   0.243564   0.073426      2      0
 2.0697E+07  17.277404   0.206968 -99.000000   4.564200  -7.067641   0.000000   0.000564   0.000520  5.001E-03  4.960E-03 -0.487E-10    varcontrol

save photos/x835 for model 835
save final_profile.data write fgong_plot.data
                               s% atm_structure_num_pts          51
save final_profile.data.FGONG    835
 final_profile.data.FGONG for model 835
 saved to zams.mod
termination code: Lnuc_div_L_zams_limit

       runtime, prev time, retries, backups, steps         7.6        28.2         0         0       835
        835   7.177080   6453.137   0.207382   0.207382   1.081747   1.081747   0.751148   0.000586   0.243478   0.751477  -1.727025    795      0
   5.492175   1.953126   0.007458 -45.153405  -1.350866 -99.000000   0.000000   0.243851   0.002318   0.004953   0.243564   0.073426      2      0
 2.0697E+07  17.277404   0.206968 -99.000000   4.564200  -7.067641   0.000000   0.000564   0.000520  5.001E-03  4.960E-03 -0.487E-10    varcontrol

DATE: 2016-02-26
TIME: 17:09:04
DATE: 2016-02-26
TIME: 17:09:04
                                         version_number        8118
 read inlist_1.0
load saved model zams.mod

 new_lnPgas_flag T
 net name basic.net
 do_element_diffusion T
 lnPgas_flag T
                       which_atm_option: Eddington_grey
 kappa_file_prefix gs98
 kappa_lowT_prefix lowT_fa05_gs98
   eos_file_prefix mesa
                                        OMP_NUM_THREADS           1


__________________________________________________________________________________________________________________________________________________

       step    lg_Tcntr    Teff       lg_LH     lg_Lnuc     Mass       H_rich     H_cntr     N_cntr     Y_surf     X_avg     eta_cntr  zones retry
   lg_dt_yr    lg_Dcntr    lg_R       lg_L3a    lg_Lneu     lg_Mdot    He_core    He_cntr    O_cntr     Z_surf     Y_avg     gam_cntr  iters bckup
     age_yr    lg_Pcntr    lg_L       lg_LZ     lg_Psurf    lg_Dsurf   C_core     C_cntr     Ne_cntr    Z_cntr     Z_avg     v_div_cs     dt_limit
__________________________________________________________________________________________________________________________________________________

