DATE: 2016-02-26
TIME: 16:59:50
                                         version_number        8118
 read inlist_1.0
 create pre-main-sequence model
                                                species           8
 abundances
                                                     h1    6.9439600000000012D-01
                                                    he3    3.2347567887754813D-05
                                                    he4    3.0392865243211231D-01
                                                    c12    2.8272831167821947D-04
                                                    n14    8.2820224622630049D-05
                                                    o16    7.6896068894087685D-04
                                                   ne20    1.7247063486766816D-04
                                                   mg24    3.3602013989066684D-04


                                        relax_num_steps


                               finished relax_num_steps

 new_lnPgas_flag T
                                        relax_initial_Z    1.6429999999999999D-03
                                                  new z    1.6430000000007927D-03
                                        relax_initial_Y    3.0396099999999998D-01
                                                  new y    3.0396099999999970D-01
 net name basic.net
 do_element_diffusion T
 lnPgas_flag T
 kappa_file_prefix gs98
 kappa_lowT_prefix lowT_fa05_gs98
   eos_file_prefix mesa
                                        OMP_NUM_THREADS           1



stop because Lnuc_div_L >= Lnuc_div_L_zams_limit
    0.9992836379E+00    0.9990000000E+00

        955   7.271733   8748.915   0.721306   0.721306   1.245334   1.245334   0.692958   0.000412   0.303571   0.694148  -1.899190    870      0
   5.876576   2.039835   0.000416 -40.081436  -0.835196 -99.000000   0.000000   0.305352   0.000767   0.001638   0.304199   0.064583      2      0
 1.2609E+07  17.439893   0.721617 -99.000000   3.489614  -8.281025   0.000000   0.000002   0.000172  1.690E-03  1.653E-03 -0.282E-12  max increase

save photos/x955 for model 955
save final_profile.data write fgong_plot.data
                               s% atm_structure_num_pts          44
save final_profile.data.FGONG    955
 final_profile.data.FGONG for model 955
 saved to zams.mod
termination code: Lnuc_div_L_zams_limit

       runtime, prev time, retries, backups, steps         8.5        28.2         0         0       955
        955   7.271733   8748.915   0.721306   0.721306   1.245334   1.245334   0.692958   0.000412   0.303571   0.694148  -1.899190    870      0
   5.876576   2.039835   0.000416 -40.081436  -0.835196 -99.000000   0.000000   0.305352   0.000767   0.001638   0.304199   0.064583      2      0
 1.2609E+07  17.439893   0.721617 -99.000000   3.489614  -8.281025   0.000000   0.000002   0.000172  1.690E-03  1.653E-03 -0.282E-12  max increase

DATE: 2016-02-26
TIME: 17:10:06
DATE: 2016-02-26
TIME: 17:10:06
                                         version_number        8118
 read inlist_1.0
load saved model zams.mod

 new_lnPgas_flag T
 net name basic.net
 do_element_diffusion T
 lnPgas_flag T
                       which_atm_option: Eddington_grey
 kappa_file_prefix gs98
 kappa_lowT_prefix lowT_fa05_gs98
   eos_file_prefix mesa
                                        OMP_NUM_THREADS           1


__________________________________________________________________________________________________________________________________________________

       step    lg_Tcntr    Teff       lg_LH     lg_Lnuc     Mass       H_rich     H_cntr     N_cntr     Y_surf     X_avg     eta_cntr  zones retry
   lg_dt_yr    lg_Dcntr    lg_R       lg_L3a    lg_Lneu     lg_Mdot    He_core    He_cntr    O_cntr     Z_surf     Y_avg     gam_cntr  iters bckup
     age_yr    lg_Pcntr    lg_L       lg_LZ     lg_Psurf    lg_Dsurf   C_core     C_cntr     Ne_cntr    Z_cntr     Z_avg     v_div_cs     dt_limit
__________________________________________________________________________________________________________________________________________________

        957   7.271904   8754.043   0.722086   0.722086   1.245334   1.245334   0.692511   0.000413   0.303446   0.694073  -1.898845    869      0
   5.935571   2.040360   0.000139 -40.070679  -0.836588 -99.000000   0.000000   0.305799   0.000766   0.001637   0.304274   0.064597      2      0
 1.4374E+07  17.440443   0.722080 -14.750470   4.015621  -7.753741   0.000000   0.000002   0.000172  1.689E-03  1.653E-03  0.277E-12    varcontrol

