DATE: 2016-02-26
TIME: 16:59:22
                                         version_number        8118
 read inlist_1.0
 create pre-main-sequence model
                                                species           8
 abundances
                                                     h1    7.6945200000000002D-01
                                                    he3    2.4414373182642740D-05
                                                    he4    2.2939058562681738D-01
                                                    c12    1.9496724110249153D-04
                                                    n14    5.7112181678290526D-05
                                                    o16    5.3026930040775075D-04
                                                   ne20    1.1893440615036537D-04
                                                   mg24    2.3171687066104139D-04


                                        relax_num_steps


                               finished relax_num_steps

 new_lnPgas_flag T
                                        relax_initial_Z    1.1329999999999999D-03
                                                  new z    1.1329999999995385D-03
                                        relax_initial_Y    2.2941500000000001D-01
                                                  new y    2.2941500000000015D-01
 net name basic.net
 do_element_diffusion T
 lnPgas_flag T
 kappa_file_prefix gs98
 kappa_lowT_prefix lowT_fa05_gs98
   eos_file_prefix mesa
                                        OMP_NUM_THREADS           1



stop because Lnuc_div_L >= Lnuc_div_L_zams_limit
    0.1000994951E+01    0.9990000000E+00

        927   7.247360   8277.640   0.652024   0.652024   1.299716   1.299716   0.768333   0.000283   0.039897   0.769162  -1.879840    893      0
   6.048177   1.991861   0.013499 -41.663518  -0.958140 -99.000000   0.000000   0.230501   0.000530   0.000026   0.229697   0.063816      2      0
 1.5898E+07  17.391914   0.651592 -99.000000   3.597143  -8.218628   0.000000   0.000001   0.000119  1.166E-03  1.141E-03  0.113E-11  max increase

save photos/x927 for model 927
save final_profile.data write fgong_plot.data
                               s% atm_structure_num_pts          42
save final_profile.data.FGONG    927
 final_profile.data.FGONG for model 927
 saved to zams.mod
termination code: Lnuc_div_L_zams_limit

       runtime, prev time, retries, backups, steps         8.6        28.2         0         0       927
        927   7.247360   8277.640   0.652024   0.652024   1.299716   1.299716   0.768333   0.000283   0.039897   0.769162  -1.879840    893      0
   6.048177   1.991861   0.013499 -41.663518  -0.958140 -99.000000   0.000000   0.230501   0.000530   0.000026   0.229697   0.063816      2      0
 1.5898E+07  17.391914   0.651592 -99.000000   3.597143  -8.218628   0.000000   0.000001   0.000119  1.166E-03  1.141E-03  0.113E-11  max increase

DATE: 2016-02-26
TIME: 17:10:04
DATE: 2016-02-26
TIME: 17:10:04
                                         version_number        8118
 read inlist_1.0
load saved model zams.mod

 new_lnPgas_flag T
 net name basic.net
 do_element_diffusion T
 lnPgas_flag T
                       which_atm_option: Eddington_grey
 kappa_file_prefix gs98
 kappa_lowT_prefix lowT_fa05_gs98
   eos_file_prefix mesa
                                        OMP_NUM_THREADS           1


__________________________________________________________________________________________________________________________________________________

       step    lg_Tcntr    Teff       lg_LH     lg_Lnuc     Mass       H_rich     H_cntr     N_cntr     Y_surf     X_avg     eta_cntr  zones retry
   lg_dt_yr    lg_Dcntr    lg_R       lg_L3a    lg_Lneu     lg_Mdot    He_core    He_cntr    O_cntr     Z_surf     Y_avg     gam_cntr  iters bckup
     age_yr    lg_Pcntr    lg_L       lg_LZ     lg_Psurf    lg_Dsurf   C_core     C_cntr     Ne_cntr    Z_cntr     Z_avg     v_div_cs     dt_limit
__________________________________________________________________________________________________________________________________________________

