DATE: 2016-02-25
TIME: 11:14:31
                                         version_number        8118
 read inlist_1.0
 create pre-main-sequence model
                                                species           8
 abundances
                                                     h1    6.7174000000000000D-01
                                                    he3    3.2821456708373807D-05
                                                    he4    3.0838117854329167D-01
                                                    c12    3.4151102091087900D-03
                                                    n14    1.0003957260259629D-03
                                                    o16    9.2883711702496010D-03
                                                   ne20    2.0832941080849783D-03
                                                   mg24    4.0588287865306986D-03


                                        relax_num_steps


                               finished relax_num_steps

 new_lnPgas_flag T
                                        relax_initial_Z    1.9845999999999999D-02
                                                  new z    1.9845999999999243D-02
                                        relax_initial_Y    3.0841400000000002D-01
                                                  new y    3.0841400000000019D-01
 net name basic.net
 do_element_diffusion T
 lnPgas_flag T
 kappa_file_prefix gs98
 kappa_lowT_prefix lowT_fa05_gs98
   eos_file_prefix mesa
                                        OMP_NUM_THREADS           2



stop because Lnuc_div_L >= Lnuc_div_L_zams_limit
    0.1011515326E+01    0.9990000000E+00

        802   7.068040   4842.051  -0.653237  -0.653237   0.737326   0.737326   0.671341   0.001042   0.308414   0.671657  -1.471323    557      0
   6.172865   1.915555  -0.175647 -50.701776  -2.251563 -99.000000   0.000000   0.308807   0.009288   0.019846   0.308496   0.095491      2      0
 6.3367E+07  17.104105  -0.658209 -15.778499   4.973910  -6.499840   0.000000   0.003380   0.002083  1.985E-02  1.985E-02 -0.855E-11    varcontrol

save photos/x802 for model 802
save final_profile.data write fgong_plot.data
                               s% atm_structure_num_pts          69
save final_profile.data.FGONG    802
 final_profile.data.FGONG for model 802
 saved to zams.mod
termination code: Lnuc_div_L_zams_limit

       runtime, prev time, retries, backups, steps         4.2        28.2         0         0       802
        802   7.068040   4842.051  -0.653237  -0.653237   0.737326   0.737326   0.671341   0.001042   0.308414   0.671657  -1.471323    557      0
   6.172865   1.915555  -0.175647 -50.701776  -2.251563 -99.000000   0.000000   0.308807   0.009288   0.019846   0.308496   0.095491      2      0
 6.3367E+07  17.104105  -0.658209 -15.778499   4.973910  -6.499840   0.000000   0.003380   0.002083  1.985E-02  1.985E-02 -0.855E-11    varcontrol

DATE: 2016-02-25
TIME: 11:19:22
DATE: 2016-02-25
TIME: 11:19:22
                                         version_number        8118
 read inlist_1.0
load saved model zams.mod

 new_lnPgas_flag T
 net name basic.net
 do_element_diffusion T
 lnPgas_flag T
                       which_atm_option: Eddington_grey
 kappa_file_prefix gs98
 kappa_lowT_prefix lowT_fa05_gs98
   eos_file_prefix mesa
                                        OMP_NUM_THREADS           2


__________________________________________________________________________________________________________________________________________________

       step    lg_Tcntr    Teff       lg_LH     lg_Lnuc     Mass       H_rich     H_cntr     N_cntr     Y_surf     X_avg     eta_cntr  zones retry
   lg_dt_yr    lg_Dcntr    lg_R       lg_L3a    lg_Lneu     lg_Mdot    He_core    He_cntr    O_cntr     Z_surf     Y_avg     gam_cntr  iters bckup
     age_yr    lg_Pcntr    lg_L       lg_LZ     lg_Psurf    lg_Dsurf   C_core     C_cntr     Ne_cntr    Z_cntr     Z_avg     v_div_cs     dt_limit
__________________________________________________________________________________________________________________________________________________

