000 (20809.000.000) 02/24 21:35:17 Job submitted from host: <134.76.239.76:13753?addrs=134.76.239.76-13753>
...
001 (20809.000.000) 02/25 05:13:47 Job executing on host: <134.76.239.85:29523?addrs=134.76.239.85-29523>
...
006 (20809.000.000) 02/25 05:13:56 Image size of job updated: 145604
	20  -  MemoryUsage of job (MB)
	20240  -  ResidentSetSize of job (KB)
...
006 (20809.000.000) 02/25 05:18:56 Image size of job updated: 1145692
	929  -  MemoryUsage of job (MB)
	950464  -  ResidentSetSize of job (KB)
...
006 (20809.000.000) 02/25 05:23:56 Image size of job updated: 1146776
	929  -  MemoryUsage of job (MB)
	950464  -  ResidentSetSize of job (KB)
...
022 (20809.000.000) 02/25 05:35:23 Job disconnected, attempting to reconnect
    Socket between submit and execute hosts closed unexpectedly
    Trying to reconnect to slot1@seismo25.mps.mpg.de <134.76.239.85:29523?addrs=134.76.239.85-29523>
...
024 (20809.000.000) 02/25 06:15:25 Job reconnection failed
    Job disconnected too long: JobLeaseDuration (2400 seconds) expired
    Can not reconnect to slot1@seismo25.mps.mpg.de, rescheduling job
...
001 (20809.000.000) 02/25 06:25:47 Job executing on host: <134.76.239.91:19968?addrs=134.76.239.91-19968>
...
006 (20809.000.000) 02/25 06:55:59 Image size of job updated: 1268232
	1075  -  MemoryUsage of job (MB)
	1100044  -  ResidentSetSize of job (KB)
...
006 (20809.000.000) 02/25 07:00:59 Image size of job updated: 1268232
	1075  -  MemoryUsage of job (MB)
	1100052  -  ResidentSetSize of job (KB)
...
006 (20809.000.000) 02/25 07:21:01 Image size of job updated: 1268232
	1075  -  MemoryUsage of job (MB)
	1100372  -  ResidentSetSize of job (KB)
...
006 (20809.000.000) 02/25 07:46:04 Image size of job updated: 1454716
	1219  -  MemoryUsage of job (MB)
	1247636  -  ResidentSetSize of job (KB)
...
006 (20809.000.000) 02/25 07:56:05 Image size of job updated: 1454716
	1219  -  MemoryUsage of job (MB)
	1247964  -  ResidentSetSize of job (KB)
...
006 (20809.000.000) 02/25 08:01:06 Image size of job updated: 1454716
	1219  -  MemoryUsage of job (MB)
	1247972  -  ResidentSetSize of job (KB)
...
006 (20809.000.000) 02/25 09:46:16 Image size of job updated: 1454716
	1219  -  MemoryUsage of job (MB)
	1248164  -  ResidentSetSize of job (KB)
...
006 (20809.000.000) 02/25 09:51:17 Image size of job updated: 1454716
	1220  -  MemoryUsage of job (MB)
	1249280  -  ResidentSetSize of job (KB)
...
006 (20809.000.000) 02/25 09:56:18 Image size of job updated: 1454716
	1221  -  MemoryUsage of job (MB)
	1249328  -  ResidentSetSize of job (KB)
...
004 (20809.000.000) 02/25 09:57:09 Job was evicted.
	(0) Job was not checkpointed.
		Usr 0 05:55:59, Sys 0 00:01:05  -  Run Remote Usage
		Usr 0 00:00:00, Sys 0 00:00:00  -  Run Local Usage
	0  -  Run Bytes Sent By Job
	0  -  Run Bytes Received By Job
	Partitionable Resources :    Usage  Request Allocated
	   Cpus                 :                 2         2
	   Disk (KB)            :        1        1   5108657
	   Memory (MB)          :     1221      977       977
...
001 (20809.000.000) 02/25 09:58:50 Job executing on host: <134.76.239.88:25067?addrs=134.76.239.88-25067>
...
004 (20809.000.000) 02/25 10:09:31 Job was evicted.
	(0) Job was not checkpointed.
		Usr 0 00:13:32, Sys 0 00:00:04  -  Run Remote Usage
		Usr 0 00:00:00, Sys 0 00:00:00  -  Run Local Usage
	0  -  Run Bytes Sent By Job
	0  -  Run Bytes Received By Job
	Partitionable Resources :    Usage  Request Allocated
	   Cpus                 :                 2         2
	   Disk (KB)            :        1        1   5108644
	   Memory (MB)          :     1221     1221      1221
...
001 (20809.000.000) 02/25 10:11:12 Job executing on host: <134.76.239.86:20177?addrs=134.76.239.86-20177>
...
004 (20809.000.000) 02/25 10:49:46 Job was evicted.
	(0) Job was not checkpointed.
		Usr 0 01:08:07, Sys 0 00:00:07  -  Run Remote Usage
		Usr 0 00:00:00, Sys 0 00:00:00  -  Run Local Usage
	0  -  Run Bytes Sent By Job
	0  -  Run Bytes Received By Job
	Partitionable Resources :    Usage  Request Allocated
	   Cpus                 :                 2         2
	   Disk (KB)            :        1        1   5108616
	   Memory (MB)          :     1221     1221      1221
...
001 (20809.000.000) 02/25 10:50:43 Job executing on host: <134.76.239.84:12289?addrs=134.76.239.84-12289>
...
004 (20809.000.000) 02/25 10:52:28 Job was evicted.
	(0) Job was not checkpointed.
		Usr 0 00:03:00, Sys 0 00:00:01  -  Run Remote Usage
		Usr 0 00:00:00, Sys 0 00:00:00  -  Run Local Usage
	0  -  Run Bytes Sent By Job
	0  -  Run Bytes Received By Job
	Partitionable Resources :    Usage  Request Allocated
	   Cpus                 :                 2         2
	   Disk (KB)            :        1        1   5108524
	   Memory (MB)          :     1221     1221      1221
...
001 (20809.000.000) 02/25 10:54:28 Job executing on host: <134.76.239.86:20177?addrs=134.76.239.86-20177>
...
004 (20809.000.000) 02/25 11:04:25 Job was evicted.
	(0) Job was not checkpointed.
		Usr 0 00:16:50, Sys 0 00:00:07  -  Run Remote Usage
		Usr 0 00:00:00, Sys 0 00:00:00  -  Run Local Usage
	0  -  Run Bytes Sent By Job
	0  -  Run Bytes Received By Job
	Partitionable Resources :    Usage  Request Allocated
	   Cpus                 :                 2         2
	   Disk (KB)            :        1        1   5108602
	   Memory (MB)          :     1221     1221      1221
...
001 (20809.000.000) 02/25 11:06:25 Job executing on host: <134.76.239.88:25067?addrs=134.76.239.88-25067>
...
004 (20809.000.000) 02/25 11:08:07 Job was evicted.
	(0) Job was not checkpointed.
		Usr 0 00:02:20, Sys 0 00:00:01  -  Run Remote Usage
		Usr 0 00:00:00, Sys 0 00:00:00  -  Run Local Usage
	0  -  Run Bytes Sent By Job
	0  -  Run Bytes Received By Job
	Partitionable Resources :    Usage  Request Allocated
	   Cpus                 :                 2         2
	   Disk (KB)            :        1        1   5108607
	   Memory (MB)          :     1221     1221      1221
...
001 (20809.000.000) 02/25 11:11:07 Job executing on host: <134.76.239.90:23525?addrs=134.76.239.90-23525>
...
004 (20809.000.000) 02/25 11:30:52 Job was evicted.
	(0) Job was not checkpointed.
		Usr 0 00:29:00, Sys 0 00:00:08  -  Run Remote Usage
		Usr 0 00:00:00, Sys 0 00:00:00  -  Run Local Usage
	0  -  Run Bytes Sent By Job
	0  -  Run Bytes Received By Job
	Partitionable Resources :    Usage  Request Allocated
	   Cpus                 :                 2         2
	   Disk (KB)            :        1        1   5108655
	   Memory (MB)          :     1221     1221      1221
...
001 (20809.000.000) 02/25 11:32:41 Job executing on host: <134.76.239.80:23833?addrs=134.76.239.80-23833>
...
004 (20809.000.000) 02/25 11:45:13 Job was evicted.
	(0) Job was not checkpointed.
		Usr 0 00:16:00, Sys 0 00:00:06  -  Run Remote Usage
		Usr 0 00:00:00, Sys 0 00:00:00  -  Run Local Usage
	0  -  Run Bytes Sent By Job
	0  -  Run Bytes Received By Job
	Partitionable Resources :    Usage  Request Allocated
	   Cpus                 :                 2         2
	   Disk (KB)            :        1        1   5045659
	   Memory (MB)          :     1221     1221      1221
...
001 (20809.000.000) 02/25 11:47:57 Job executing on host: <134.76.239.84:12289?addrs=134.76.239.84-12289>
...
004 (20809.000.000) 02/25 11:57:17 Job was evicted.
	(0) Job was not checkpointed.
		Usr 0 00:16:31, Sys 0 00:00:04  -  Run Remote Usage
		Usr 0 00:00:00, Sys 0 00:00:00  -  Run Local Usage
	0  -  Run Bytes Sent By Job
	0  -  Run Bytes Received By Job
	Partitionable Resources :    Usage  Request Allocated
	   Cpus                 :                 2         2
	   Disk (KB)            :        1        1   5108479
	   Memory (MB)          :     1221     1221      1221
...
001 (20809.000.000) 02/25 11:59:19 Job executing on host: <134.76.239.87:13734?addrs=134.76.239.87-13734>
...
004 (20809.000.000) 02/25 13:21:06 Job was evicted.
	(0) Job was not checkpointed.
		Usr 0 02:21:46, Sys 0 00:00:26  -  Run Remote Usage
		Usr 0 00:00:00, Sys 0 00:00:00  -  Run Local Usage
	0  -  Run Bytes Sent By Job
	0  -  Run Bytes Received By Job
	Partitionable Resources :    Usage  Request Allocated
	   Cpus                 :                 2         2
	   Disk (KB)            :        1        1   5108588
	   Memory (MB)          :     1221     1221      1221
...
001 (20809.000.000) 02/25 13:23:11 Job executing on host: <134.76.239.88:25067?addrs=134.76.239.88-25067>
...
