DATE: 2016-02-26
TIME: 16:59:22
                                         version_number        8118
 read inlist_1.0
 create pre-main-sequence model
                                                species           8
 abundances
                                                     h1    6.7641599999999991D-01
                                                    he3    3.4291544327513911D-05
                                                    he4    3.2219370845567252D-01
                                                    c12    2.3334119941306026D-04
                                                    n14    6.8353149475522903D-05
                                                    o16    6.3463828009970079D-04
                                                   ne20    1.4234338458950297D-04
                                                   mg24    2.7732398642223697D-04


                                        relax_num_steps


                               finished relax_num_steps

 new_lnPgas_flag T
                                        relax_initial_Z    1.3560000000000000D-03
                                                  new z    1.3560000000002325D-03
                                        relax_initial_Y    3.2222800000000001D-01
                                                  new y    3.2222800000000013D-01
 net name basic.net
 do_element_diffusion T
 lnPgas_flag T
 kappa_file_prefix gs98
 kappa_lowT_prefix lowT_fa05_gs98
   eos_file_prefix mesa
                                        OMP_NUM_THREADS           1



stop because Lnuc_div_L >= Lnuc_div_L_zams_limit
    0.1008250422E+01    0.9990000000E+00

        798   7.114700   5998.195  -0.284035  -0.284035   0.716122   0.716122   0.676145   0.000078   0.322226   0.676345  -1.348198    776      0
   5.642462   2.032939  -0.176327 -47.916906  -1.911433 -99.000000   0.000000   0.322497   0.000635   0.001356   0.322299   0.092917      4      0
 2.6858E+07  17.271810  -0.287603 -99.000000   4.972870  -6.598844   0.000000   0.000225   0.000142  1.357E-03  1.356E-03 -0.288E-10    varcontrol

save photos/x798 for model 798
save final_profile.data write fgong_plot.data
                               s% atm_structure_num_pts          57
save final_profile.data.FGONG    798
 final_profile.data.FGONG for model 798
 saved to zams.mod
termination code: Lnuc_div_L_zams_limit

       runtime, prev time, retries, backups, steps         9.1        28.2         0         0       798
        798   7.114700   5998.195  -0.284035  -0.284035   0.716122   0.716122   0.676145   0.000078   0.322226   0.676345  -1.348198    776      0
   5.642462   2.032939  -0.176327 -47.916906  -1.911433 -99.000000   0.000000   0.322497   0.000635   0.001356   0.322299   0.092917      4      0
 2.6858E+07  17.271810  -0.287603 -99.000000   4.972870  -6.598844   0.000000   0.000225   0.000142  1.357E-03  1.356E-03 -0.288E-10    varcontrol

DATE: 2016-02-26
TIME: 17:10:46
DATE: 2016-02-26
TIME: 17:10:46
                                         version_number        8118
 read inlist_1.0
load saved model zams.mod

 new_lnPgas_flag T
 net name basic.net
 do_element_diffusion T
 lnPgas_flag T
                       which_atm_option: Eddington_grey
 kappa_file_prefix gs98
 kappa_lowT_prefix lowT_fa05_gs98
   eos_file_prefix mesa
                                        OMP_NUM_THREADS           1


__________________________________________________________________________________________________________________________________________________

       step    lg_Tcntr    Teff       lg_LH     lg_Lnuc     Mass       H_rich     H_cntr     N_cntr     Y_surf     X_avg     eta_cntr  zones retry
   lg_dt_yr    lg_Dcntr    lg_R       lg_L3a    lg_Lneu     lg_Mdot    He_core    He_cntr    O_cntr     Z_surf     Y_avg     gam_cntr  iters bckup
     age_yr    lg_Pcntr    lg_L       lg_LZ     lg_Psurf    lg_Dsurf   C_core     C_cntr     Ne_cntr    Z_cntr     Z_avg     v_div_cs     dt_limit
__________________________________________________________________________________________________________________________________________________

