000 (19946.000.000) 02/24 21:34:31 Job submitted from host: <134.76.239.76:13753?addrs=134.76.239.76-13753>
...
001 (19946.000.000) 02/24 21:34:35 Job executing on host: <134.76.239.80:23833?addrs=134.76.239.80-23833>
...
006 (19946.000.000) 02/24 21:34:45 Image size of job updated: 65712
	5  -  MemoryUsage of job (MB)
	4304  -  ResidentSetSize of job (KB)
...
006 (19946.000.000) 02/24 21:39:45 Image size of job updated: 1141640
	927  -  MemoryUsage of job (MB)
	948612  -  ResidentSetSize of job (KB)
...
006 (19946.000.000) 02/24 21:44:45 Image size of job updated: 1147576
	927  -  MemoryUsage of job (MB)
	948612  -  ResidentSetSize of job (KB)
...
006 (19946.000.000) 02/24 22:24:49 Image size of job updated: 1242152
	1059  -  MemoryUsage of job (MB)
	1084152  -  ResidentSetSize of job (KB)
...
006 (19946.000.000) 02/24 22:39:51 Image size of job updated: 1242152
	1059  -  MemoryUsage of job (MB)
	1084156  -  ResidentSetSize of job (KB)
...
006 (19946.000.000) 02/24 22:54:52 Image size of job updated: 1242640
	1060  -  MemoryUsage of job (MB)
	1084492  -  ResidentSetSize of job (KB)
...
006 (19946.000.000) 02/24 23:14:54 Image size of job updated: 1453660
	1227  -  MemoryUsage of job (MB)
	1256300  -  ResidentSetSize of job (KB)
...
006 (19946.000.000) 02/24 23:19:54 Image size of job updated: 1453660
	1228  -  MemoryUsage of job (MB)
	1256636  -  ResidentSetSize of job (KB)
...
006 (19946.000.000) 02/24 23:24:55 Image size of job updated: 1453660
	1228  -  MemoryUsage of job (MB)
	1256648  -  ResidentSetSize of job (KB)
...
006 (19946.000.000) 02/24 23:29:56 Image size of job updated: 1453660
	1228  -  MemoryUsage of job (MB)
	1256660  -  ResidentSetSize of job (KB)
...
006 (19946.000.000) 02/24 23:39:56 Image size of job updated: 1453660
	1228  -  MemoryUsage of job (MB)
	1256980  -  ResidentSetSize of job (KB)
...
006 (19946.000.000) 02/24 23:59:58 Image size of job updated: 1453660
	1228  -  MemoryUsage of job (MB)
	1256984  -  ResidentSetSize of job (KB)
...
006 (19946.000.000) 02/25 00:04:59 Image size of job updated: 1453672
	1228  -  MemoryUsage of job (MB)
	1257136  -  ResidentSetSize of job (KB)
...
006 (19946.000.000) 02/25 00:09:59 Image size of job updated: 1456832
	1232  -  MemoryUsage of job (MB)
	1261344  -  ResidentSetSize of job (KB)
...
006 (19946.000.000) 02/25 01:25:07 Image size of job updated: 1456832
	1242  -  MemoryUsage of job (MB)
	1271212  -  ResidentSetSize of job (KB)
...
006 (19946.000.000) 02/25 01:30:08 Image size of job updated: 1456832
	1242  -  MemoryUsage of job (MB)
	1271216  -  ResidentSetSize of job (KB)
...
006 (19946.000.000) 02/25 01:35:08 Image size of job updated: 1456832
	1242  -  MemoryUsage of job (MB)
	1271552  -  ResidentSetSize of job (KB)
...
006 (19946.000.000) 02/25 01:50:10 Image size of job updated: 1456832
	1243  -  MemoryUsage of job (MB)
	1271872  -  ResidentSetSize of job (KB)
...
006 (19946.000.000) 02/25 02:15:14 Image size of job updated: 1456832
	1245  -  MemoryUsage of job (MB)
	1274396  -  ResidentSetSize of job (KB)
...
006 (19946.000.000) 02/25 02:20:14 Image size of job updated: 1456832
	1245  -  MemoryUsage of job (MB)
	1274480  -  ResidentSetSize of job (KB)
...
006 (19946.000.000) 02/25 02:25:14 Image size of job updated: 1456832
	1248  -  MemoryUsage of job (MB)
	1277544  -  ResidentSetSize of job (KB)
...
005 (19946.000.000) 02/25 03:56:16 Job terminated.
	(1) Normal termination (return value 0)
		Usr 0 10:15:19, Sys 0 00:02:25  -  Run Remote Usage
		Usr 0 00:00:00, Sys 0 00:00:00  -  Run Local Usage
		Usr 0 10:15:19, Sys 0 00:02:25  -  Total Remote Usage
		Usr 0 00:00:00, Sys 0 00:00:00  -  Total Local Usage
	0  -  Run Bytes Sent By Job
	0  -  Run Bytes Received By Job
	0  -  Total Bytes Sent By Job
	0  -  Total Bytes Received By Job
	Partitionable Resources :    Usage  Request Allocated
	   Cpus                 :                 2         2
	   Disk (KB)            :        1        1   5045877
	   Memory (MB)          :     1248        1         1
...
