DATE: 2016-02-26
TIME: 16:59:47
                                         version_number        8118
 read inlist_1.0
 create pre-main-sequence model
                                                species           8
 abundances
                                                     h1    7.4165900000000007D-01
                                                    he3    2.7409035525382167D-05
                                                    he4    2.5752759096447458D-01
                                                    c12    1.3525529700490505D-04
                                                    n14    3.9620630890676157D-05
                                                    o16    3.6786555173917880D-04
                                                   ne20    8.2508776023112635D-05
                                                   mg24    1.6074974434208077D-04


                                        relax_num_steps


                               finished relax_num_steps

 new_lnPgas_flag T
                                        relax_initial_Z    7.8600000000000002D-04
                                                  new z    7.8600000000078141D-04
                                        relax_initial_Y    2.5755499999999998D-01
                                                  new y    2.5755499999999981D-01
 net name basic.net
 do_element_diffusion T
 lnPgas_flag T
 kappa_file_prefix gs98
 kappa_lowT_prefix lowT_fa05_gs98
   eos_file_prefix mesa
                                        OMP_NUM_THREADS           1



stop because Lnuc_div_L >= Lnuc_div_L_zams_limit
    0.1007467081E+01    0.9990000000E+00

        818   7.139767   6321.027  -0.055976  -0.055976   0.862131   0.862131   0.741249   0.000062   0.257555   0.741566  -1.463938    793      0
   5.715158   2.006669  -0.107663 -46.906627  -1.665452 -99.000000   0.000000   0.257962   0.000368   0.000786   0.257648   0.083563      2      0
 2.2606E+07  17.291605  -0.059207 -15.954590   4.754277  -6.866771   0.000000   0.000116   0.000083  7.892E-04  7.864E-04 -0.170E-10  max increase

save photos/x818 for model 818
save final_profile.data write fgong_plot.data
                               s% atm_structure_num_pts          56
save final_profile.data.FGONG    818
 final_profile.data.FGONG for model 818
 saved to zams.mod
termination code: Lnuc_div_L_zams_limit

       runtime, prev time, retries, backups, steps         7.4        28.2         0         0       818
        818   7.139767   6321.027  -0.055976  -0.055976   0.862131   0.862131   0.741249   0.000062   0.257555   0.741566  -1.463938    793      0
   5.715158   2.006669  -0.107663 -46.906627  -1.665452 -99.000000   0.000000   0.257962   0.000368   0.000786   0.257648   0.083563      2      0
 2.2606E+07  17.291605  -0.059207 -15.954590   4.754277  -6.866771   0.000000   0.000116   0.000083  7.892E-04  7.864E-04 -0.170E-10  max increase

DATE: 2016-02-26
TIME: 17:08:58
DATE: 2016-02-26
TIME: 17:08:59
                                         version_number        8118
 read inlist_1.0
load saved model zams.mod

 new_lnPgas_flag T
 net name basic.net
 do_element_diffusion T
 lnPgas_flag T
                       which_atm_option: Eddington_grey
 kappa_file_prefix gs98
 kappa_lowT_prefix lowT_fa05_gs98
   eos_file_prefix mesa
                                        OMP_NUM_THREADS           1


__________________________________________________________________________________________________________________________________________________

       step    lg_Tcntr    Teff       lg_LH     lg_Lnuc     Mass       H_rich     H_cntr     N_cntr     Y_surf     X_avg     eta_cntr  zones retry
   lg_dt_yr    lg_Dcntr    lg_R       lg_L3a    lg_Lneu     lg_Mdot    He_core    He_cntr    O_cntr     Z_surf     Y_avg     gam_cntr  iters bckup
     age_yr    lg_Pcntr    lg_L       lg_LZ     lg_Psurf    lg_Dsurf   C_core     C_cntr     Ne_cntr    Z_cntr     Z_avg     v_div_cs     dt_limit
__________________________________________________________________________________________________________________________________________________

