000 (20704.000.000) 02/24 21:35:12 Job submitted from host: <134.76.239.76:13753?addrs=134.76.239.76-13753>
...
001 (20704.000.000) 02/25 04:06:46 Job executing on host: <134.76.239.83:20501?addrs=134.76.239.83-20501>
...
006 (20704.000.000) 02/25 04:06:54 Image size of job updated: 65712
	5  -  MemoryUsage of job (MB)
	4292  -  ResidentSetSize of job (KB)
...
006 (20704.000.000) 02/25 04:11:54 Image size of job updated: 1143988
	920  -  MemoryUsage of job (MB)
	941596  -  ResidentSetSize of job (KB)
...
006 (20704.000.000) 02/25 04:16:55 Image size of job updated: 1145832
	920  -  MemoryUsage of job (MB)
	941596  -  ResidentSetSize of job (KB)
...
006 (20704.000.000) 02/25 04:21:56 Image size of job updated: 1315788
	1077  -  MemoryUsage of job (MB)
	1102656  -  ResidentSetSize of job (KB)
...
006 (20704.000.000) 02/25 04:26:56 Image size of job updated: 1463552
	1248  -  MemoryUsage of job (MB)
	1277448  -  ResidentSetSize of job (KB)
...
006 (20704.000.000) 02/25 04:31:57 Image size of job updated: 1463560
	1248  -  MemoryUsage of job (MB)
	1277448  -  ResidentSetSize of job (KB)
...
006 (20704.000.000) 02/25 04:46:58 Image size of job updated: 1477356
	1248  -  MemoryUsage of job (MB)
	1277448  -  ResidentSetSize of job (KB)
...
006 (20704.000.000) 02/25 04:51:59 Image size of job updated: 1477364
	1248  -  MemoryUsage of job (MB)
	1277448  -  ResidentSetSize of job (KB)
...
005 (20704.000.000) 02/25 05:43:40 Job terminated.
	(1) Normal termination (return value 0)
		Usr 0 02:26:48, Sys 0 00:00:31  -  Run Remote Usage
		Usr 0 00:00:00, Sys 0 00:00:00  -  Run Local Usage
		Usr 0 02:26:48, Sys 0 00:00:31  -  Total Remote Usage
		Usr 0 00:00:00, Sys 0 00:00:00  -  Total Local Usage
	0  -  Run Bytes Sent By Job
	0  -  Run Bytes Received By Job
	0  -  Total Bytes Sent By Job
	0  -  Total Bytes Received By Job
	Partitionable Resources :    Usage  Request Allocated
	   Cpus                 :                 2         2
	   Disk (KB)            :        1        1   5108703
	   Memory (MB)          :     1248        1         1
...
