000 (20475.000.000) 02/24 21:35:00 Job submitted from host: <134.76.239.76:13753?addrs=134.76.239.76-13753>
...
001 (20475.000.000) 02/25 01:24:39 Job executing on host: <134.76.239.89:24193?addrs=134.76.239.89-24193>
...
006 (20475.000.000) 02/25 01:24:48 Image size of job updated: 26260
	4  -  MemoryUsage of job (MB)
	3308  -  ResidentSetSize of job (KB)
...
006 (20475.000.000) 02/25 01:29:49 Image size of job updated: 1143344
	932  -  MemoryUsage of job (MB)
	953712  -  ResidentSetSize of job (KB)
...
006 (20475.000.000) 02/25 01:34:49 Image size of job updated: 1144888
	932  -  MemoryUsage of job (MB)
	953712  -  ResidentSetSize of job (KB)
...
006 (20475.000.000) 02/25 01:44:51 Image size of job updated: 1268432
	1062  -  MemoryUsage of job (MB)
	1086744  -  ResidentSetSize of job (KB)
...
006 (20475.000.000) 02/25 01:49:51 Image size of job updated: 1272008
	1064  -  MemoryUsage of job (MB)
	1088820  -  ResidentSetSize of job (KB)
...
006 (20475.000.000) 02/25 01:54:51 Image size of job updated: 1339592
	1128  -  MemoryUsage of job (MB)
	1154516  -  ResidentSetSize of job (KB)
...
006 (20475.000.000) 02/25 02:04:52 Image size of job updated: 1534148
	1344  -  MemoryUsage of job (MB)
	1375692  -  ResidentSetSize of job (KB)
...
006 (20475.000.000) 02/25 02:09:52 Image size of job updated: 1534148
	1344  -  MemoryUsage of job (MB)
	1376036  -  ResidentSetSize of job (KB)
...
006 (20475.000.000) 02/25 02:14:54 Image size of job updated: 1534148
	1344  -  MemoryUsage of job (MB)
	1376044  -  ResidentSetSize of job (KB)
...
006 (20475.000.000) 02/25 02:24:54 Image size of job updated: 1558684
	1369  -  MemoryUsage of job (MB)
	1400900  -  ResidentSetSize of job (KB)
...
006 (20475.000.000) 02/25 03:30:00 Image size of job updated: 1558684
	1376  -  MemoryUsage of job (MB)
	1408860  -  ResidentSetSize of job (KB)
...
006 (20475.000.000) 02/25 03:35:01 Image size of job updated: 1558684
	1376  -  MemoryUsage of job (MB)
	1408864  -  ResidentSetSize of job (KB)
...
005 (20475.000.000) 02/25 05:06:09 Job terminated.
	(1) Normal termination (return value 0)
		Usr 0 06:14:47, Sys 0 00:01:09  -  Run Remote Usage
		Usr 0 00:00:00, Sys 0 00:00:00  -  Run Local Usage
		Usr 0 06:14:47, Sys 0 00:01:09  -  Total Remote Usage
		Usr 0 00:00:00, Sys 0 00:00:00  -  Total Local Usage
	0  -  Run Bytes Sent By Job
	0  -  Run Bytes Received By Job
	0  -  Total Bytes Sent By Job
	0  -  Total Bytes Received By Job
	Partitionable Resources :    Usage  Request Allocated
	   Cpus                 :                 2         2
	   Disk (KB)            :        1        1   5108820
	   Memory (MB)          :     1376        1         1
...
