DATE: 2016-02-26
TIME: 16:59:53
                                         version_number        8118
 read inlist_1.0
 create pre-main-sequence model
                                                species           8
 abundances
                                                     h1    6.8680600000000003D-01
                                                    he3    2.9803488358062949D-05
                                                    he4    2.8002519651164193D-01
                                                    c12    5.7025767015850106D-03
                                                    n14    1.6704683041809112D-03
                                                    o16    1.5509792009014480D-02
                                                   ne20    3.4787001636515194D-03
                                                   mg24    6.7774628215681067D-03


                                        relax_num_steps


                               finished relax_num_steps

 new_lnPgas_flag T
                                        relax_initial_Z    3.3139000000000002D-02
                                                  new z    3.3139000000000120D-02
                                        relax_initial_Y    2.8005500000000000D-01
                                                  new y    2.8005500000000000D-01
 net name basic.net
 do_element_diffusion T
 lnPgas_flag T
 kappa_file_prefix gs98
 kappa_lowT_prefix lowT_fa05_gs98
   eos_file_prefix mesa
                                        OMP_NUM_THREADS           1



stop because Lnuc_div_L >= Lnuc_div_L_zams_limit
    0.1002435387E+01    0.9990000000E+00

        832   7.169744   5803.938   0.169015   0.169015   1.255881   1.255881   0.686531   0.002389   0.280055   0.686738  -2.184197    802      0
   5.325953   1.771176   0.080050 -45.694100  -1.217565 -99.000000   0.000000   0.280227   0.015510   0.033139   0.280102   0.067527      2      0
 2.7152E+07  17.064120   0.167959 -99.000000   4.639009  -6.919259   0.000000   0.005087   0.003479  3.324E-02  3.316E-02 -0.131E-09    varcontrol

save photos/x832 for model 832
save final_profile.data write fgong_plot.data
                               s% atm_structure_num_pts          59
save final_profile.data.FGONG    832
 final_profile.data.FGONG for model 832
 saved to zams.mod
termination code: Lnuc_div_L_zams_limit

       runtime, prev time, retries, backups, steps         7.6        28.2         0         0       832
        832   7.169744   5803.938   0.169015   0.169015   1.255881   1.255881   0.686531   0.002389   0.280055   0.686738  -2.184197    802      0
   5.325953   1.771176   0.080050 -45.694100  -1.217565 -99.000000   0.000000   0.280227   0.015510   0.033139   0.280102   0.067527      2      0
 2.7152E+07  17.064120   0.167959 -99.000000   4.639009  -6.919259   0.000000   0.005087   0.003479  3.324E-02  3.316E-02 -0.131E-09    varcontrol

DATE: 2016-02-26
TIME: 17:09:03
DATE: 2016-02-26
TIME: 17:09:03
                                         version_number        8118
 read inlist_1.0
load saved model zams.mod

 new_lnPgas_flag T
 net name basic.net
 do_element_diffusion T
 lnPgas_flag T
                       which_atm_option: Eddington_grey
 kappa_file_prefix gs98
 kappa_lowT_prefix lowT_fa05_gs98
   eos_file_prefix mesa
                                        OMP_NUM_THREADS           1


__________________________________________________________________________________________________________________________________________________

       step    lg_Tcntr    Teff       lg_LH     lg_Lnuc     Mass       H_rich     H_cntr     N_cntr     Y_surf     X_avg     eta_cntr  zones retry
   lg_dt_yr    lg_Dcntr    lg_R       lg_L3a    lg_Lneu     lg_Mdot    He_core    He_cntr    O_cntr     Z_surf     Y_avg     gam_cntr  iters bckup
     age_yr    lg_Pcntr    lg_L       lg_LZ     lg_Psurf    lg_Dsurf   C_core     C_cntr     Ne_cntr    Z_cntr     Z_avg     v_div_cs     dt_limit
__________________________________________________________________________________________________________________________________________________

