DATE: 2016-02-26
TIME: 16:59:53
                                         version_number        8118
 read inlist_1.0
 create pre-main-sequence model
                                                species           8
 abundances
                                                     h1    7.0314600000000005D-01
                                                    he3    3.1474603595022343D-05
                                                    he4    2.9572652539640498D-01
                                                    c12    1.8860026147249722D-04
                                                    n14    5.5247088366645146D-05
                                                    o16    5.1295247418086352D-04
                                                   ne20    1.1505040524342958D-04
                                                   mg24    2.2414977073655041D-04


                                        relax_num_steps


                               finished relax_num_steps

 new_lnPgas_flag T
                                        relax_initial_Z    1.0960000000000000D-03
                                                  new z    1.0960000000009348D-03
                                        relax_initial_Y    2.9575800000000002D-01
                                                  new y    2.9575799999999969D-01
 net name basic.net
 do_element_diffusion T
 lnPgas_flag T
 kappa_file_prefix gs98
 kappa_lowT_prefix lowT_fa05_gs98
   eos_file_prefix mesa
                                        OMP_NUM_THREADS           1



stop because Lnuc_div_L >= Lnuc_div_L_zams_limit
    0.1004627213E+01    0.9990000000E+00

        848   7.180950   6858.133   0.162869   0.162869   0.930685   0.930685   0.702716   0.000152   0.295758   0.703036  -1.594441    804      0
   5.745078   2.025586  -0.068464 -44.599484  -1.440474 -99.000000   0.000000   0.296174   0.000513   0.001096   0.295866   0.078378      2      0
 1.7867E+07  17.338749   0.160864 -99.000000   4.484199  -7.151301   0.000000   0.000106   0.000115  1.110E-03  1.098E-03 -0.781E-11  max increase

save photos/x848 for model 848
save final_profile.data write fgong_plot.data
                               s% atm_structure_num_pts          58
save final_profile.data.FGONG    848
 final_profile.data.FGONG for model 848
 saved to zams.mod
termination code: Lnuc_div_L_zams_limit

       runtime, prev time, retries, backups, steps         7.7        28.2         0         0       848
        848   7.180950   6858.133   0.162869   0.162869   0.930685   0.930685   0.702716   0.000152   0.295758   0.703036  -1.594441    804      0
   5.745078   2.025586  -0.068464 -44.599484  -1.440474 -99.000000   0.000000   0.296174   0.000513   0.001096   0.295866   0.078378      2      0
 1.7867E+07  17.338749   0.160864 -99.000000   4.484199  -7.151301   0.000000   0.000106   0.000115  1.110E-03  1.098E-03 -0.781E-11  max increase

DATE: 2016-02-26
TIME: 17:09:14
DATE: 2016-02-26
TIME: 17:09:15
                                         version_number        8118
 read inlist_1.0
load saved model zams.mod

 new_lnPgas_flag T
 net name basic.net
 do_element_diffusion T
 lnPgas_flag T
                       which_atm_option: Eddington_grey
 kappa_file_prefix gs98
 kappa_lowT_prefix lowT_fa05_gs98
   eos_file_prefix mesa
                                        OMP_NUM_THREADS           1


__________________________________________________________________________________________________________________________________________________

       step    lg_Tcntr    Teff       lg_LH     lg_Lnuc     Mass       H_rich     H_cntr     N_cntr     Y_surf     X_avg     eta_cntr  zones retry
   lg_dt_yr    lg_Dcntr    lg_R       lg_L3a    lg_Lneu     lg_Mdot    He_core    He_cntr    O_cntr     Z_surf     Y_avg     gam_cntr  iters bckup
     age_yr    lg_Pcntr    lg_L       lg_LZ     lg_Psurf    lg_Dsurf   C_core     C_cntr     Ne_cntr    Z_cntr     Z_avg     v_div_cs     dt_limit
__________________________________________________________________________________________________________________________________________________

