000 (20403.000.000) 02/24 21:34:56 Job submitted from host: <134.76.239.76:13753?addrs=134.76.239.76-13753>
...
001 (20403.000.000) 02/25 00:40:39 Job executing on host: <134.76.239.90:23525?addrs=134.76.239.90-23525>
...
006 (20403.000.000) 02/25 00:40:48 Image size of job updated: 26260
	4  -  MemoryUsage of job (MB)
	3308  -  ResidentSetSize of job (KB)
...
006 (20403.000.000) 02/25 00:45:49 Image size of job updated: 1138844
	918  -  MemoryUsage of job (MB)
	939808  -  ResidentSetSize of job (KB)
...
006 (20403.000.000) 02/25 00:50:50 Image size of job updated: 1263516
	1076  -  MemoryUsage of job (MB)
	1100872  -  ResidentSetSize of job (KB)
...
006 (20403.000.000) 02/25 00:55:50 Image size of job updated: 1474536
	1246  -  MemoryUsage of job (MB)
	1275800  -  ResidentSetSize of job (KB)
...
006 (20403.000.000) 02/25 01:00:51 Image size of job updated: 1476852
	1246  -  MemoryUsage of job (MB)
	1275800  -  ResidentSetSize of job (KB)
...
006 (20403.000.000) 02/25 01:10:52 Image size of job updated: 1476852
	1249  -  MemoryUsage of job (MB)
	1278296  -  ResidentSetSize of job (KB)
...
005 (20403.000.000) 02/25 02:00:45 Job terminated.
	(1) Normal termination (return value 0)
		Usr 0 01:53:37, Sys 0 00:00:24  -  Run Remote Usage
		Usr 0 00:00:00, Sys 0 00:00:00  -  Run Local Usage
		Usr 0 01:53:37, Sys 0 00:00:24  -  Total Remote Usage
		Usr 0 00:00:00, Sys 0 00:00:00  -  Total Local Usage
	0  -  Run Bytes Sent By Job
	0  -  Run Bytes Received By Job
	0  -  Total Bytes Sent By Job
	0  -  Total Bytes Received By Job
	Partitionable Resources :    Usage  Request Allocated
	   Cpus                 :                 2         2
	   Disk (KB)            :        1        1   5108829
	   Memory (MB)          :     1249        1         1
...
