DATE: 2016-02-26
TIME: 16:59:53
                                         version_number        8118
 read inlist_1.0
 create pre-main-sequence model
                                                species           8
 abundances
                                                     h1    6.8285400000000007D-01
                                                    he3    3.3694421001106270D-05
                                                    he4    3.1658330557899889D-01
                                                    c12    9.1030600655978678D-05
                                                    n14    2.6665793563828239D-05
                                                    o16    2.4758381281175286D-04
                                                   ne20    5.5530715669502940D-05
                                                   mg24    1.0818907729893891D-04


                                        relax_num_steps


                               finished relax_num_steps

 new_lnPgas_flag T
                                        relax_initial_Z    5.2899999999999996D-04
                                                  new z    5.2899999999997827D-04
                                        relax_initial_Y    3.1661699999999998D-01
                                                  new y    3.1661699999999976D-01
 net name basic.net
 do_element_diffusion T
 lnPgas_flag T
 kappa_file_prefix gs98
 kappa_lowT_prefix lowT_fa05_gs98
   eos_file_prefix mesa
                                        OMP_NUM_THREADS           1



stop because Lnuc_div_L >= Lnuc_div_L_zams_limit
    0.1004279938E+01    0.9990000000E+00

        959   7.302756  1.002E+04   0.897785   0.897785   1.319162   1.319162   0.682102   0.000133   0.254409   0.682711  -1.979405    892      0
   5.396873   2.056415  -0.030547 -38.542748  -0.595845 -99.000000   0.000000   0.317354   0.000247   0.000323   0.316757   0.061169      2      0
 7.2636E+06  17.483851   0.895930 -14.750470   3.086113  -8.948012   0.000000   0.000001   0.000056  5.440E-04  5.323E-04 -0.110E-10  max increase

save photos/x959 for model 959
save final_profile.data write fgong_plot.data
                               s% atm_structure_num_pts          40
save final_profile.data.FGONG    959
 final_profile.data.FGONG for model 959
 saved to zams.mod
termination code: Lnuc_div_L_zams_limit

       runtime, prev time, retries, backups, steps         8.5        28.2         0         0       959
        959   7.302756  1.002E+04   0.897785   0.897785   1.319162   1.319162   0.682102   0.000133   0.254409   0.682711  -1.979405    892      0
   5.396873   2.056415  -0.030547 -38.542748  -0.595845 -99.000000   0.000000   0.317354   0.000247   0.000323   0.316757   0.061169      2      0
 7.2636E+06  17.483851   0.895930 -14.750470   3.086113  -8.948012   0.000000   0.000001   0.000056  5.440E-04  5.323E-04 -0.110E-10  max increase

DATE: 2016-02-26
TIME: 17:09:53
DATE: 2016-02-26
TIME: 17:09:53
                                         version_number        8118
 read inlist_1.0
load saved model zams.mod

 new_lnPgas_flag T
 net name basic.net
 do_element_diffusion T
 lnPgas_flag T
                       which_atm_option: Eddington_grey
 kappa_file_prefix gs98
 kappa_lowT_prefix lowT_fa05_gs98
   eos_file_prefix mesa
                                        OMP_NUM_THREADS           1


__________________________________________________________________________________________________________________________________________________

       step    lg_Tcntr    Teff       lg_LH     lg_Lnuc     Mass       H_rich     H_cntr     N_cntr     Y_surf     X_avg     eta_cntr  zones retry
   lg_dt_yr    lg_Dcntr    lg_R       lg_L3a    lg_Lneu     lg_Mdot    He_core    He_cntr    O_cntr     Z_surf     Y_avg     gam_cntr  iters bckup
     age_yr    lg_Pcntr    lg_L       lg_LZ     lg_Psurf    lg_Dsurf   C_core     C_cntr     Ne_cntr    Z_cntr     Z_avg     v_div_cs     dt_limit
__________________________________________________________________________________________________________________________________________________

