000 (20160.000.000) 02/24 21:34:43 Job submitted from host: <134.76.239.76:13753?addrs=134.76.239.76-13753>
...
001 (20160.000.000) 02/24 22:10:38 Job executing on host: <134.76.239.91:19968?addrs=134.76.239.91-19968>
...
006 (20160.000.000) 02/24 22:10:49 Image size of job updated: 65708
	3  -  MemoryUsage of job (MB)
	2324  -  ResidentSetSize of job (KB)
...
006 (20160.000.000) 02/24 22:15:50 Image size of job updated: 65708
	5  -  MemoryUsage of job (MB)
	4164  -  ResidentSetSize of job (KB)
...
006 (20160.000.000) 02/24 22:20:51 Image size of job updated: 1138472
	930  -  MemoryUsage of job (MB)
	951308  -  ResidentSetSize of job (KB)
...
006 (20160.000.000) 02/24 22:25:51 Image size of job updated: 1143400
	935  -  MemoryUsage of job (MB)
	956588  -  ResidentSetSize of job (KB)
...
006 (20160.000.000) 02/24 22:30:52 Image size of job updated: 1146812
	935  -  MemoryUsage of job (MB)
	956588  -  ResidentSetSize of job (KB)
...
006 (20160.000.000) 02/24 22:45:53 Image size of job updated: 1260524
	1075  -  MemoryUsage of job (MB)
	1100204  -  ResidentSetSize of job (KB)
...
006 (20160.000.000) 02/24 22:50:54 Image size of job updated: 1260524
	1075  -  MemoryUsage of job (MB)
	1100532  -  ResidentSetSize of job (KB)
...
006 (20160.000.000) 02/24 22:55:54 Image size of job updated: 1513100
	1281  -  MemoryUsage of job (MB)
	1311004  -  ResidentSetSize of job (KB)
...
006 (20160.000.000) 02/24 23:00:54 Image size of job updated: 1541544
	1306  -  MemoryUsage of job (MB)
	1336884  -  ResidentSetSize of job (KB)
...
006 (20160.000.000) 02/24 23:05:55 Image size of job updated: 1541544
	1306  -  MemoryUsage of job (MB)
	1336912  -  ResidentSetSize of job (KB)
...
006 (20160.000.000) 02/24 23:35:57 Image size of job updated: 1541544
	1312  -  MemoryUsage of job (MB)
	1342740  -  ResidentSetSize of job (KB)
...
006 (20160.000.000) 02/24 23:40:58 Image size of job updated: 1541544
	1312  -  MemoryUsage of job (MB)
	1342992  -  ResidentSetSize of job (KB)
...
005 (20160.000.000) 02/25 00:46:10 Job terminated.
	(1) Normal termination (return value 0)
		Usr 0 03:35:07, Sys 0 00:00:54  -  Run Remote Usage
		Usr 0 00:00:00, Sys 0 00:00:00  -  Run Local Usage
		Usr 0 03:35:07, Sys 0 00:00:54  -  Total Remote Usage
		Usr 0 00:00:00, Sys 0 00:00:00  -  Total Local Usage
	0  -  Run Bytes Sent By Job
	0  -  Run Bytes Received By Job
	0  -  Total Bytes Sent By Job
	0  -  Total Bytes Received By Job
	Partitionable Resources :    Usage  Request Allocated
	   Cpus                 :                 2         2
	   Disk (KB)            :        1        1   5108751
	   Memory (MB)          :     1312        1         1
...
