DATE: 2016-02-26
TIME: 16:59:37
                                         version_number        8118
 read inlist_1.0
 create pre-main-sequence model
                                                species           8
 abundances
                                                     h1    7.6729099999999995D-01
                                                    he3    2.4688724267205009D-05
                                                    he4    2.3196831127573281D-01
                                                    c12    1.2320965986707954D-04
                                                    n14    3.6092075976752910D-05
                                                    o16    3.3510398860723411D-04
                                                   ne20    7.5160666199181004D-05
                                                   mg24    1.4643360934980235D-04


                                        relax_num_steps


                               finished relax_num_steps

 new_lnPgas_flag T
                                        relax_initial_Z    7.1599999999999995D-04
                                                  new z    7.1600000000059257D-04
                                        relax_initial_Y    2.3199300000000000D-01
                                                  new y    2.3199299999999987D-01
 net name basic.net
 do_element_diffusion T
 lnPgas_flag T
 kappa_file_prefix gs98
 kappa_lowT_prefix lowT_fa05_gs98
   eos_file_prefix mesa
                                        OMP_NUM_THREADS           1



stop because Lnuc_div_L >= Lnuc_div_L_zams_limit
    0.1000812511E+01    0.9990000000E+00

        905   7.229183   8008.764   0.546218   0.546218   1.210068   1.210068   0.766570   0.000178   0.231986   0.767169  -1.785756    877      0
   5.579318   2.003963  -0.010682 -42.516698  -1.069400 -99.000000   0.000000   0.232693   0.000335   0.000716   0.232113   0.067199      2      0
 1.2064E+07  17.385523   0.545865 -99.000000   3.864940  -7.865657   0.000000   0.000002   0.000075  7.363E-04  7.183E-04 -0.127E-10  max increase

save photos/x905 for model 905
save final_profile.data write fgong_plot.data
                               s% atm_structure_num_pts          51
save final_profile.data.FGONG    905
 final_profile.data.FGONG for model 905
 saved to zams.mod
termination code: Lnuc_div_L_zams_limit

       runtime, prev time, retries, backups, steps         8.3        28.2         0         0       905
        905   7.229183   8008.764   0.546218   0.546218   1.210068   1.210068   0.766570   0.000178   0.231986   0.767169  -1.785756    877      0
   5.579318   2.003963  -0.010682 -42.516698  -1.069400 -99.000000   0.000000   0.232693   0.000335   0.000716   0.232113   0.067199      2      0
 1.2064E+07  17.385523   0.545865 -99.000000   3.864940  -7.865657   0.000000   0.000002   0.000075  7.363E-04  7.183E-04 -0.127E-10  max increase

DATE: 2016-02-26
TIME: 17:09:50
DATE: 2016-02-26
TIME: 17:09:50
                                         version_number        8118
 read inlist_1.0
load saved model zams.mod

 new_lnPgas_flag T
 net name basic.net
 do_element_diffusion T
 lnPgas_flag T
                       which_atm_option: Eddington_grey
 kappa_file_prefix gs98
 kappa_lowT_prefix lowT_fa05_gs98
   eos_file_prefix mesa
                                        OMP_NUM_THREADS           1


__________________________________________________________________________________________________________________________________________________

       step    lg_Tcntr    Teff       lg_LH     lg_Lnuc     Mass       H_rich     H_cntr     N_cntr     Y_surf     X_avg     eta_cntr  zones retry
   lg_dt_yr    lg_Dcntr    lg_R       lg_L3a    lg_Lneu     lg_Mdot    He_core    He_cntr    O_cntr     Z_surf     Y_avg     gam_cntr  iters bckup
     age_yr    lg_Pcntr    lg_L       lg_LZ     lg_Psurf    lg_Dsurf   C_core     C_cntr     Ne_cntr    Z_cntr     Z_avg     v_div_cs     dt_limit
__________________________________________________________________________________________________________________________________________________

