000 (20152.000.000) 02/24 21:34:42 Job submitted from host: <134.76.239.76:13753?addrs=134.76.239.76-13753>
...
001 (20152.000.000) 02/24 21:35:16 Job executing on host: <134.76.239.86:20177?addrs=134.76.239.86-20177>
...
006 (20152.000.000) 02/24 21:35:29 Image size of job updated: 65708
	2  -  MemoryUsage of job (MB)
	1460  -  ResidentSetSize of job (KB)
...
006 (20152.000.000) 02/24 21:40:29 Image size of job updated: 1139640
	922  -  MemoryUsage of job (MB)
	943352  -  ResidentSetSize of job (KB)
...
006 (20152.000.000) 02/24 21:45:30 Image size of job updated: 1146388
	929  -  MemoryUsage of job (MB)
	950336  -  ResidentSetSize of job (KB)
...
006 (20152.000.000) 02/24 22:05:32 Image size of job updated: 1272824
	1063  -  MemoryUsage of job (MB)
	1087892  -  ResidentSetSize of job (KB)
...
006 (20152.000.000) 02/24 22:10:32 Image size of job updated: 1272824
	1063  -  MemoryUsage of job (MB)
	1088216  -  ResidentSetSize of job (KB)
...
006 (20152.000.000) 02/24 22:15:32 Image size of job updated: 1483844
	1231  -  MemoryUsage of job (MB)
	1260016  -  ResidentSetSize of job (KB)
...
006 (20152.000.000) 02/24 22:20:33 Image size of job updated: 1483844
	1231  -  MemoryUsage of job (MB)
	1260340  -  ResidentSetSize of job (KB)
...
006 (20152.000.000) 02/24 22:25:34 Image size of job updated: 1487264
	1232  -  MemoryUsage of job (MB)
	1260764  -  ResidentSetSize of job (KB)
...
006 (20152.000.000) 02/24 23:00:37 Image size of job updated: 1487264
	1235  -  MemoryUsage of job (MB)
	1263924  -  ResidentSetSize of job (KB)
...
006 (20152.000.000) 02/24 23:05:37 Image size of job updated: 1487264
	1237  -  MemoryUsage of job (MB)
	1266304  -  ResidentSetSize of job (KB)
...
006 (20152.000.000) 02/24 23:10:38 Image size of job updated: 1487264
	1237  -  MemoryUsage of job (MB)
	1266344  -  ResidentSetSize of job (KB)
...
005 (20152.000.000) 02/25 00:19:18 Job terminated.
	(1) Normal termination (return value 0)
		Usr 0 03:31:32, Sys 0 00:01:03  -  Run Remote Usage
		Usr 0 00:00:00, Sys 0 00:00:00  -  Run Local Usage
		Usr 0 03:31:32, Sys 0 00:01:03  -  Total Remote Usage
		Usr 0 00:00:00, Sys 0 00:00:00  -  Total Local Usage
	0  -  Run Bytes Sent By Job
	0  -  Run Bytes Received By Job
	0  -  Total Bytes Sent By Job
	0  -  Total Bytes Received By Job
	Partitionable Resources :    Usage  Request Allocated
	   Cpus                 :                 2         2
	   Disk (KB)            :        1        1   5108790
	   Memory (MB)          :     1237        1         1
...
