DATE: 2016-02-26
TIME: 16:59:46
                                         version_number        8118
 read inlist_1.0
 create pre-main-sequence model
                                                species           8
 abundances
                                                     h1    7.3809299999999989D-01
                                                    he3    2.7309213447290844D-05
                                                    he4    2.5658969078655264D-01
                                                    c12    9.1030600655978662D-04
                                                    n14    2.6665793563828235D-04
                                                    o16    2.4758381281175285D-03
                                                   ne20    5.5530715669502935D-04
                                                   mg24    1.0818907729893896D-03


                                        relax_num_steps


                               finished relax_num_steps

 new_lnPgas_flag T
                                        relax_initial_Z    5.2900000000000004D-03
                                                  new z    5.2899999999992528D-03
                                        relax_initial_Y    2.5661699999999998D-01
                                                  new y    2.5661700000000010D-01
 net name basic.net
 do_element_diffusion T
 lnPgas_flag T
 kappa_file_prefix gs98
 kappa_lowT_prefix lowT_fa05_gs98
   eos_file_prefix mesa
                                        OMP_NUM_THREADS           1



stop because Lnuc_div_L >= Lnuc_div_L_zams_limit
    0.1001624307E+01    0.9990000000E+00

        799   7.117948   5847.026  -0.199493  -0.199493   0.869162   0.869162   0.737755   0.000313   0.256617   0.738010  -1.505156    775      0
   5.717624   1.957966  -0.110453 -48.144996  -1.809342 -99.000000   0.000000   0.256948   0.002476   0.005290   0.256699   0.084915      2      0
 3.2619E+07  17.219401  -0.200198 -99.000000   4.942308  -6.643848   0.000000   0.000871   0.000555  5.297E-03  5.291E-03 -0.276E-10    varcontrol

save photos/x799 for model 799
save final_profile.data write fgong_plot.data
                               s% atm_structure_num_pts          59
save final_profile.data.FGONG    799
 final_profile.data.FGONG for model 799
 saved to zams.mod
termination code: Lnuc_div_L_zams_limit

       runtime, prev time, retries, backups, steps         7.2        28.2         0         0       799
        799   7.117948   5847.026  -0.199493  -0.199493   0.869162   0.869162   0.737755   0.000313   0.256617   0.738010  -1.505156    775      0
   5.717624   1.957966  -0.110453 -48.144996  -1.809342 -99.000000   0.000000   0.256948   0.002476   0.005290   0.256699   0.084915      2      0
 3.2619E+07  17.219401  -0.200198 -99.000000   4.942308  -6.643848   0.000000   0.000871   0.000555  5.297E-03  5.291E-03 -0.276E-10    varcontrol

DATE: 2016-02-26
TIME: 17:08:42
DATE: 2016-02-26
TIME: 17:08:42
                                         version_number        8118
 read inlist_1.0
load saved model zams.mod

 new_lnPgas_flag T
 net name basic.net
 do_element_diffusion T
 lnPgas_flag T
                       which_atm_option: Eddington_grey
 kappa_file_prefix gs98
 kappa_lowT_prefix lowT_fa05_gs98
   eos_file_prefix mesa
                                        OMP_NUM_THREADS           1


__________________________________________________________________________________________________________________________________________________

       step    lg_Tcntr    Teff       lg_LH     lg_Lnuc     Mass       H_rich     H_cntr     N_cntr     Y_surf     X_avg     eta_cntr  zones retry
   lg_dt_yr    lg_Dcntr    lg_R       lg_L3a    lg_Lneu     lg_Mdot    He_core    He_cntr    O_cntr     Z_surf     Y_avg     gam_cntr  iters bckup
     age_yr    lg_Pcntr    lg_L       lg_LZ     lg_Psurf    lg_Dsurf   C_core     C_cntr     Ne_cntr    Z_cntr     Z_avg     v_div_cs     dt_limit
__________________________________________________________________________________________________________________________________________________

