000 (20859.000.000) 02/24 21:35:20 Job submitted from host: <134.76.239.76:13753?addrs=134.76.239.76-13753>
...
001 (20859.000.000) 02/25 05:52:47 Job executing on host: <134.76.239.88:25067?addrs=134.76.239.88-25067>
...
006 (20859.000.000) 02/25 05:52:55 Image size of job updated: 830464
	622  -  MemoryUsage of job (MB)
	636108  -  ResidentSetSize of job (KB)
...
006 (20859.000.000) 02/25 05:57:55 Image size of job updated: 1145572
	746  -  MemoryUsage of job (MB)
	763632  -  ResidentSetSize of job (KB)
...
006 (20859.000.000) 02/25 06:02:56 Image size of job updated: 1145572
	917  -  MemoryUsage of job (MB)
	938212  -  ResidentSetSize of job (KB)
...
006 (20859.000.000) 02/25 06:07:56 Image size of job updated: 1295744
	1073  -  MemoryUsage of job (MB)
	1098672  -  ResidentSetSize of job (KB)
...
006 (20859.000.000) 02/25 06:12:56 Image size of job updated: 1301184
	1079  -  MemoryUsage of job (MB)
	1104760  -  ResidentSetSize of job (KB)
...
006 (20859.000.000) 02/25 06:17:57 Image size of job updated: 1446668
	1247  -  MemoryUsage of job (MB)
	1276608  -  ResidentSetSize of job (KB)
...
006 (20859.000.000) 02/25 06:22:58 Image size of job updated: 1446668
	1248  -  MemoryUsage of job (MB)
	1276936  -  ResidentSetSize of job (KB)
...
006 (20859.000.000) 02/25 06:27:58 Image size of job updated: 1446668
	1248  -  MemoryUsage of job (MB)
	1277264  -  ResidentSetSize of job (KB)
...
006 (20859.000.000) 02/25 06:32:59 Image size of job updated: 1446676
	1248  -  MemoryUsage of job (MB)
	1277264  -  ResidentSetSize of job (KB)
...
006 (20859.000.000) 02/25 08:08:08 Image size of job updated: 7934208
	1248  -  MemoryUsage of job (MB)
	1277264  -  ResidentSetSize of job (KB)
...
005 (20859.000.000) 02/25 08:08:21 Job terminated.
	(1) Normal termination (return value 0)
		Usr 0 03:39:20, Sys 0 00:00:36  -  Run Remote Usage
		Usr 0 00:00:00, Sys 0 00:00:00  -  Run Local Usage
		Usr 0 03:39:20, Sys 0 00:00:36  -  Total Remote Usage
		Usr 0 00:00:00, Sys 0 00:00:00  -  Total Local Usage
	0  -  Run Bytes Sent By Job
	0  -  Run Bytes Received By Job
	0  -  Total Bytes Sent By Job
	0  -  Total Bytes Received By Job
	Partitionable Resources :    Usage  Request Allocated
	   Cpus                 :                 2         2
	   Disk (KB)            :        1        1   5108678
	   Memory (MB)          :     1248        1         1
...
