000 (20329.000.000) 02/24 21:34:52 Job submitted from host: <134.76.239.76:13753?addrs=134.76.239.76-13753>
...
001 (20329.000.000) 02/24 23:55:38 Job executing on host: <134.76.239.90:23525?addrs=134.76.239.90-23525>
...
006 (20329.000.000) 02/24 23:55:47 Image size of job updated: 1
	3  -  MemoryUsage of job (MB)
	2072  -  ResidentSetSize of job (KB)
...
006 (20329.000.000) 02/25 00:00:47 Image size of job updated: 1147072
	935  -  MemoryUsage of job (MB)
	956988  -  ResidentSetSize of job (KB)
...
006 (20329.000.000) 02/25 00:10:48 Image size of job updated: 1267916
	1071  -  MemoryUsage of job (MB)
	1096640  -  ResidentSetSize of job (KB)
...
006 (20329.000.000) 02/25 00:15:49 Image size of job updated: 1267916
	1071  -  MemoryUsage of job (MB)
	1096652  -  ResidentSetSize of job (KB)
...
006 (20329.000.000) 02/25 00:20:49 Image size of job updated: 1267916
	1072  -  MemoryUsage of job (MB)
	1096988  -  ResidentSetSize of job (KB)
...
006 (20329.000.000) 02/25 00:30:51 Image size of job updated: 1388864
	1216  -  MemoryUsage of job (MB)
	1244252  -  ResidentSetSize of job (KB)
...
006 (20329.000.000) 02/25 00:35:51 Image size of job updated: 1388864
	1216  -  MemoryUsage of job (MB)
	1244588  -  ResidentSetSize of job (KB)
...
006 (20329.000.000) 02/25 00:50:53 Image size of job updated: 1388864
	1216  -  MemoryUsage of job (MB)
	1244912  -  ResidentSetSize of job (KB)
...
006 (20329.000.000) 02/25 01:05:55 Image size of job updated: 1389284
	1216  -  MemoryUsage of job (MB)
	1244916  -  ResidentSetSize of job (KB)
...
006 (20329.000.000) 02/25 01:10:55 Image size of job updated: 1389296
	1216  -  MemoryUsage of job (MB)
	1245008  -  ResidentSetSize of job (KB)
...
006 (20329.000.000) 02/25 01:15:56 Image size of job updated: 1392316
	1216  -  MemoryUsage of job (MB)
	1245108  -  ResidentSetSize of job (KB)
...
006 (20329.000.000) 02/25 01:50:59 Image size of job updated: 1428556
	1216  -  MemoryUsage of job (MB)
	1245152  -  ResidentSetSize of job (KB)
...
006 (20329.000.000) 02/25 01:56:00 Image size of job updated: 1428556
	1217  -  MemoryUsage of job (MB)
	1245480  -  ResidentSetSize of job (KB)
...
006 (20329.000.000) 02/25 02:01:00 Image size of job updated: 1428556
	1217  -  MemoryUsage of job (MB)
	1245488  -  ResidentSetSize of job (KB)
...
006 (20329.000.000) 02/25 02:16:02 Image size of job updated: 1428556
	1217  -  MemoryUsage of job (MB)
	1245808  -  ResidentSetSize of job (KB)
...
006 (20329.000.000) 02/25 02:36:03 Image size of job updated: 1428812
	1217  -  MemoryUsage of job (MB)
	1245900  -  ResidentSetSize of job (KB)
...
006 (20329.000.000) 02/25 02:41:04 Image size of job updated: 1431828
	1217  -  MemoryUsage of job (MB)
	1245984  -  ResidentSetSize of job (KB)
...
005 (20329.000.000) 02/25 04:16:39 Job terminated.
	(1) Normal termination (return value 0)
		Usr 0 07:20:48, Sys 0 00:01:28  -  Run Remote Usage
		Usr 0 00:00:00, Sys 0 00:00:00  -  Run Local Usage
		Usr 0 07:20:48, Sys 0 00:01:28  -  Total Remote Usage
		Usr 0 00:00:00, Sys 0 00:00:00  -  Total Local Usage
	0  -  Run Bytes Sent By Job
	0  -  Run Bytes Received By Job
	0  -  Total Bytes Sent By Job
	0  -  Total Bytes Received By Job
	Partitionable Resources :    Usage  Request Allocated
	   Cpus                 :                 2         2
	   Disk (KB)            :        1        1   5108841
	   Memory (MB)          :     1217        1         1
...
