000 (20237.000.000) 02/24 21:34:47 Job submitted from host: <134.76.239.76:13753?addrs=134.76.239.76-13753>
...
001 (20237.000.000) 02/24 22:22:34 Job executing on host: <134.76.239.88:25067?addrs=134.76.239.88-25067>
...
006 (20237.000.000) 02/24 22:22:43 Image size of job updated: 202156
	44  -  MemoryUsage of job (MB)
	44996  -  ResidentSetSize of job (KB)
...
006 (20237.000.000) 02/24 22:27:44 Image size of job updated: 1143960
	936  -  MemoryUsage of job (MB)
	958272  -  ResidentSetSize of job (KB)
...
006 (20237.000.000) 02/24 22:32:44 Image size of job updated: 1146092
	936  -  MemoryUsage of job (MB)
	958272  -  ResidentSetSize of job (KB)
...
006 (20237.000.000) 02/24 22:47:46 Image size of job updated: 1242208
	1060  -  MemoryUsage of job (MB)
	1085092  -  ResidentSetSize of job (KB)
...
006 (20237.000.000) 02/24 22:57:48 Image size of job updated: 1242208
	1060  -  MemoryUsage of job (MB)
	1085428  -  ResidentSetSize of job (KB)
...
006 (20237.000.000) 02/24 23:07:48 Image size of job updated: 1428692
	1204  -  MemoryUsage of job (MB)
	1232692  -  ResidentSetSize of job (KB)
...
006 (20237.000.000) 02/24 23:12:49 Image size of job updated: 1428692
	1205  -  MemoryUsage of job (MB)
	1233032  -  ResidentSetSize of job (KB)
...
006 (20237.000.000) 02/24 23:22:49 Image size of job updated: 1428692
	1205  -  MemoryUsage of job (MB)
	1233356  -  ResidentSetSize of job (KB)
...
006 (20237.000.000) 02/24 23:27:50 Image size of job updated: 1428692
	1205  -  MemoryUsage of job (MB)
	1233360  -  ResidentSetSize of job (KB)
...
006 (20237.000.000) 02/24 23:32:51 Image size of job updated: 1453228
	1229  -  MemoryUsage of job (MB)
	1257900  -  ResidentSetSize of job (KB)
...
006 (20237.000.000) 02/24 23:37:51 Image size of job updated: 1456724
	1229  -  MemoryUsage of job (MB)
	1257972  -  ResidentSetSize of job (KB)
...
006 (20237.000.000) 02/25 00:37:58 Image size of job updated: 1456724
	1231  -  MemoryUsage of job (MB)
	1259648  -  ResidentSetSize of job (KB)
...
006 (20237.000.000) 02/25 00:42:58 Image size of job updated: 1456724
	1231  -  MemoryUsage of job (MB)
	1259652  -  ResidentSetSize of job (KB)
...
006 (20237.000.000) 02/25 00:47:58 Image size of job updated: 1456784
	1231  -  MemoryUsage of job (MB)
	1259652  -  ResidentSetSize of job (KB)
...
005 (20237.000.000) 02/25 02:10:07 Job terminated.
	(1) Normal termination (return value 0)
		Usr 0 06:16:10, Sys 0 00:01:36  -  Run Remote Usage
		Usr 0 00:00:00, Sys 0 00:00:00  -  Run Local Usage
		Usr 0 06:16:10, Sys 0 00:01:36  -  Total Remote Usage
		Usr 0 00:00:00, Sys 0 00:00:00  -  Total Local Usage
	0  -  Run Bytes Sent By Job
	0  -  Run Bytes Received By Job
	0  -  Total Bytes Sent By Job
	0  -  Total Bytes Received By Job
	Partitionable Resources :    Usage  Request Allocated
	   Cpus                 :                 2         2
	   Disk (KB)            :        1        1   5108763
	   Memory (MB)          :     1231        1         1
...
