DATE: 2016-02-26
TIME: 16:59:32
                                         version_number        8118
 read inlist_1.0
 create pre-main-sequence model
                                                species           8
 abundances
                                                     h1    6.8735299999999999D-01
                                                    he3    3.1448104983674011D-05
                                                    he4    2.9547755189501640D-01
                                                    c12    2.9491161324048136D-03
                                                    n14    8.6389105878427897D-04
                                                    o16    8.0209666993719779D-03
                                                   ne20    1.7990272308959008D-03
                                                   mg24    3.5049988785429038D-03


                                        relax_num_steps


                               finished relax_num_steps

 new_lnPgas_flag T
                                        relax_initial_Z    1.7138000000000000D-02
                                                  new z    1.7137999999999935D-02
                                        relax_initial_Y    2.9550900000000002D-01
                                                  new y    2.9550899999999997D-01
 net name basic.net
 do_element_diffusion T
 lnPgas_flag T
 kappa_file_prefix gs98
 kappa_lowT_prefix lowT_fa05_gs98
   eos_file_prefix mesa
                                        OMP_NUM_THREADS           1



stop because Lnuc_div_L >= Lnuc_div_L_zams_limit
    0.9991741199E+00    0.9990000000E+00

        813   7.134848   5627.987  -0.168093  -0.168093   0.958701   0.958701   0.686893   0.001169   0.295355   0.687261  -1.742630    805      0
   5.879029   1.900967  -0.061057 -47.201484  -1.708192 -99.000000   0.000000   0.295922   0.008022   0.017131   0.295594   0.080292      4      0
 3.8033E+07  17.161046  -0.167734 -15.954590   4.874092  -6.674296   0.000000   0.002689   0.001800  1.719E-02  1.715E-02 -0.164E-10  max increase

save photos/x813 for model 813
save final_profile.data write fgong_plot.data
                               s% atm_structure_num_pts          74
save final_profile.data.FGONG    813
 final_profile.data.FGONG for model 813
 saved to zams.mod
termination code: Lnuc_div_L_zams_limit

       runtime, prev time, retries, backups, steps         7.8        28.2         0         0       813
        813   7.134848   5627.987  -0.168093  -0.168093   0.958701   0.958701   0.686893   0.001169   0.295355   0.687261  -1.742630    805      0
   5.879029   1.900967  -0.061057 -47.201484  -1.708192 -99.000000   0.000000   0.295922   0.008022   0.017131   0.295594   0.080292      4      0
 3.8033E+07  17.161046  -0.167734 -15.954590   4.874092  -6.674296   0.000000   0.002689   0.001800  1.719E-02  1.715E-02 -0.164E-10  max increase

DATE: 2016-02-26
TIME: 17:09:20
DATE: 2016-02-26
TIME: 17:09:20
                                         version_number        8118
 read inlist_1.0
load saved model zams.mod

 new_lnPgas_flag T
 net name basic.net
 do_element_diffusion T
 lnPgas_flag T
                       which_atm_option: Eddington_grey
 kappa_file_prefix gs98
 kappa_lowT_prefix lowT_fa05_gs98
   eos_file_prefix mesa
                                        OMP_NUM_THREADS           1


__________________________________________________________________________________________________________________________________________________

       step    lg_Tcntr    Teff       lg_LH     lg_Lnuc     Mass       H_rich     H_cntr     N_cntr     Y_surf     X_avg     eta_cntr  zones retry
   lg_dt_yr    lg_Dcntr    lg_R       lg_L3a    lg_Lneu     lg_Mdot    He_core    He_cntr    O_cntr     Z_surf     Y_avg     gam_cntr  iters bckup
     age_yr    lg_Pcntr    lg_L       lg_LZ     lg_Psurf    lg_Dsurf   C_core     C_cntr     Ne_cntr    Z_cntr     Z_avg     v_div_cs     dt_limit
__________________________________________________________________________________________________________________________________________________

        816   7.134717   5699.401  -0.171040  -0.171040   0.958701   0.958701   0.686798   0.001268   0.295343   0.687241  -1.742212    805      0
   5.831232   1.900970  -0.073813 -47.208019  -1.712671 -99.000000   0.000000   0.296002   0.008023   0.017130   0.295611   0.080321      4      0
 4.0346E+07  17.160886  -0.171342 -15.954590   5.065177  -6.488743   0.000000   0.002603   0.001800  1.720E-02  1.715E-02 -0.901E-11    varcontrol

