DATE: 2016-02-26
TIME: 16:59:22
                                         version_number        8118
 read inlist_1.0
 create pre-main-sequence model
                                                species           8
 abundances
                                                     h1    6.6865100000000000D-01
                                                    he3    3.2695242439060057D-05
                                                    he4    3.0719530475756096D-01
                                                    c12    4.1507544771698492D-03
                                                    n14    1.2158896154122827D-03
                                                    o16    1.1289166632953231D-02
                                                   ne20    2.5320536723328420D-03
                                                   mg24    4.9331356021317455D-03


                                        relax_num_steps


                               finished relax_num_steps

 new_lnPgas_flag T
                                        relax_initial_Z    2.4121000000000000D-02
                                                  new z    2.4120999999999844D-02
                                        relax_initial_Y    3.0722800000000000D-01
                                                  new y    3.0722800000000000D-01
 net name basic.net
 do_element_diffusion T
 lnPgas_flag T
 kappa_file_prefix gs98
 kappa_lowT_prefix lowT_fa05_gs98
   eos_file_prefix mesa
                                        OMP_NUM_THREADS           1



stop because Lnuc_div_L >= Lnuc_div_L_zams_limit
    0.1000185736E+01    0.9990000000E+00

        823   7.153834   5770.476  -0.040316  -0.040316   1.053622   1.053622   0.668254   0.001918   0.307228   0.668564  -1.925838    819      0
   5.721287   1.859197  -0.019105 -46.249109  -1.502662 -99.000000   0.000000   0.307525   0.011289   0.024121   0.307299   0.075302      4      0
 3.2563E+07  17.131025  -0.040396 -99.000000   4.771603  -6.778195   0.000000   0.003549   0.002532  2.422E-02  2.414E-02 -0.307E-10    varcontrol

save photos/x823 for model 823
save final_profile.data write fgong_plot.data
                               s% atm_structure_num_pts          66
save final_profile.data.FGONG    823
 final_profile.data.FGONG for model 823
 saved to zams.mod
termination code: Lnuc_div_L_zams_limit

       runtime, prev time, retries, backups, steps         7.7        28.2         0         0       823
        823   7.153834   5770.476  -0.040316  -0.040316   1.053622   1.053622   0.668254   0.001918   0.307228   0.668564  -1.925838    819      0
   5.721287   1.859197  -0.019105 -46.249109  -1.502662 -99.000000   0.000000   0.307525   0.011289   0.024121   0.307299   0.075302      4      0
 3.2563E+07  17.131025  -0.040396 -99.000000   4.771603  -6.778195   0.000000   0.003549   0.002532  2.422E-02  2.414E-02 -0.307E-10  max increase

DATE: 2016-02-26
TIME: 17:09:16
DATE: 2016-02-26
TIME: 17:09:16
                                         version_number        8118
 read inlist_1.0
load saved model zams.mod

 new_lnPgas_flag T
 net name basic.net
 do_element_diffusion T
 lnPgas_flag T
                       which_atm_option: Eddington_grey
 kappa_file_prefix gs98
 kappa_lowT_prefix lowT_fa05_gs98
   eos_file_prefix mesa
                                        OMP_NUM_THREADS           1


__________________________________________________________________________________________________________________________________________________

       step    lg_Tcntr    Teff       lg_LH     lg_Lnuc     Mass       H_rich     H_cntr     N_cntr     Y_surf     X_avg     eta_cntr  zones retry
   lg_dt_yr    lg_Dcntr    lg_R       lg_L3a    lg_Lneu     lg_Mdot    He_core    He_cntr    O_cntr     Z_surf     Y_avg     gam_cntr  iters bckup
     age_yr    lg_Pcntr    lg_L       lg_LZ     lg_Psurf    lg_Dsurf   C_core     C_cntr     Ne_cntr    Z_cntr     Z_avg     v_div_cs     dt_limit
__________________________________________________________________________________________________________________________________________________

