000 (28256.000.000) 02/26 16:56:06 Job submitted from host: <134.76.239.76:15915?addrs=134.76.239.76-15915>
...
001 (28256.000.000) 02/26 16:56:12 Job executing on host: <134.76.239.84:25445?addrs=134.76.239.84-25445>
...
006 (28256.000.000) 02/26 16:56:23 Image size of job updated: 65708
	5  -  MemoryUsage of job (MB)
	4308  -  ResidentSetSize of job (KB)
...
006 (28256.000.000) 02/26 17:01:23 Image size of job updated: 1072748
	930  -  MemoryUsage of job (MB)
	951768  -  ResidentSetSize of job (KB)
...
006 (28256.000.000) 02/26 17:06:24 Image size of job updated: 1073376
	930  -  MemoryUsage of job (MB)
	952308  -  ResidentSetSize of job (KB)
...
006 (28256.000.000) 02/26 17:11:25 Image size of job updated: 1080700
	935  -  MemoryUsage of job (MB)
	956568  -  ResidentSetSize of job (KB)
...
006 (28256.000.000) 02/26 17:16:25 Image size of job updated: 1080700
	941  -  MemoryUsage of job (MB)
	963120  -  ResidentSetSize of job (KB)
...
