000 (20431.000.000) 02/24 21:34:58 Job submitted from host: <134.76.239.76:13753?addrs=134.76.239.76-13753>
...
001 (20431.000.000) 02/25 00:58:40 Job executing on host: <134.76.239.89:24193?addrs=134.76.239.89-24193>
...
006 (20431.000.000) 02/25 00:58:48 Image size of job updated: 45168
	5  -  MemoryUsage of job (MB)
	4296  -  ResidentSetSize of job (KB)
...
006 (20431.000.000) 02/25 01:03:48 Image size of job updated: 1142344
	934  -  MemoryUsage of job (MB)
	955844  -  ResidentSetSize of job (KB)
...
006 (20431.000.000) 02/25 01:08:48 Image size of job updated: 1345924
	1147  -  MemoryUsage of job (MB)
	1174004  -  ResidentSetSize of job (KB)
...
006 (20431.000.000) 02/25 01:13:49 Image size of job updated: 1583700
	1342  -  MemoryUsage of job (MB)
	1373620  -  ResidentSetSize of job (KB)
...
006 (20431.000.000) 02/25 01:18:49 Image size of job updated: 1583708
	1342  -  MemoryUsage of job (MB)
	1373620  -  ResidentSetSize of job (KB)
...
005 (20431.000.000) 02/25 02:23:41 Job terminated.
	(1) Normal termination (return value 0)
		Usr 0 02:06:42, Sys 0 00:00:33  -  Run Remote Usage
		Usr 0 00:00:00, Sys 0 00:00:00  -  Run Local Usage
		Usr 0 02:06:42, Sys 0 00:00:33  -  Total Remote Usage
		Usr 0 00:00:00, Sys 0 00:00:00  -  Total Local Usage
	0  -  Run Bytes Sent By Job
	0  -  Run Bytes Received By Job
	0  -  Total Bytes Sent By Job
	0  -  Total Bytes Received By Job
	Partitionable Resources :    Usage  Request Allocated
	   Cpus                 :                 2         2
	   Disk (KB)            :        1        1   5108824
	   Memory (MB)          :     1342        1         1
...
