000 (20137.000.000) 02/24 21:34:42 Job submitted from host: <134.76.239.76:13753?addrs=134.76.239.76-13753>
...
001 (20137.000.000) 02/24 21:35:11 Job executing on host: <134.76.239.85:29523?addrs=134.76.239.85-29523>
...
006 (20137.000.000) 02/24 21:35:26 Image size of job updated: 65332
	2  -  MemoryUsage of job (MB)
	1208  -  ResidentSetSize of job (KB)
...
006 (20137.000.000) 02/24 21:40:26 Image size of job updated: 1139576
	916  -  MemoryUsage of job (MB)
	937876  -  ResidentSetSize of job (KB)
...
006 (20137.000.000) 02/24 21:45:26 Image size of job updated: 1144092
	922  -  MemoryUsage of job (MB)
	943588  -  ResidentSetSize of job (KB)
...
006 (20137.000.000) 02/24 21:50:27 Image size of job updated: 1146376
	922  -  MemoryUsage of job (MB)
	943588  -  ResidentSetSize of job (KB)
...
006 (20137.000.000) 02/24 21:55:27 Image size of job updated: 1243756
	1061  -  MemoryUsage of job (MB)
	1086272  -  ResidentSetSize of job (KB)
...
006 (20137.000.000) 02/24 22:00:27 Image size of job updated: 1244284
	1062  -  MemoryUsage of job (MB)
	1086620  -  ResidentSetSize of job (KB)
...
006 (20137.000.000) 02/24 22:05:28 Image size of job updated: 1461844
	1235  -  MemoryUsage of job (MB)
	1264116  -  ResidentSetSize of job (KB)
...
006 (20137.000.000) 02/24 22:10:28 Image size of job updated: 1461844
	1235  -  MemoryUsage of job (MB)
	1264448  -  ResidentSetSize of job (KB)
...
006 (20137.000.000) 02/24 22:15:28 Image size of job updated: 1461844
	1236  -  MemoryUsage of job (MB)
	1264776  -  ResidentSetSize of job (KB)
...
006 (20137.000.000) 02/24 22:35:30 Image size of job updated: 1461844
	1245  -  MemoryUsage of job (MB)
	1274044  -  ResidentSetSize of job (KB)
...
006 (20137.000.000) 02/24 22:40:31 Image size of job updated: 1461844
	1247  -  MemoryUsage of job (MB)
	1276584  -  ResidentSetSize of job (KB)
...
006 (20137.000.000) 02/24 22:45:31 Image size of job updated: 1461844
	1247  -  MemoryUsage of job (MB)
	1276904  -  ResidentSetSize of job (KB)
...
005 (20137.000.000) 02/25 00:00:15 Job terminated.
	(1) Normal termination (return value 0)
		Usr 0 03:21:53, Sys 0 00:00:48  -  Run Remote Usage
		Usr 0 00:00:00, Sys 0 00:00:00  -  Run Local Usage
		Usr 0 03:21:53, Sys 0 00:00:48  -  Total Remote Usage
		Usr 0 00:00:00, Sys 0 00:00:00  -  Total Local Usage
	0  -  Run Bytes Sent By Job
	0  -  Run Bytes Received By Job
	0  -  Total Bytes Sent By Job
	0  -  Total Bytes Received By Job
	Partitionable Resources :    Usage  Request Allocated
	   Cpus                 :                 2         2
	   Disk (KB)            :        1        1   5108806
	   Memory (MB)          :     1247        1         1
...
