000 (19925.000.000) 02/24 21:34:30 Job submitted from host: <134.76.239.76:13753?addrs=134.76.239.76-13753>
...
001 (19925.000.000) 02/24 21:34:35 Job executing on host: <134.76.239.88:25067?addrs=134.76.239.88-25067>
...
006 (19925.000.000) 02/24 21:34:46 Image size of job updated: 65976
	2  -  MemoryUsage of job (MB)
	1460  -  ResidentSetSize of job (KB)
...
006 (19925.000.000) 02/24 21:39:47 Image size of job updated: 1138944
	927  -  MemoryUsage of job (MB)
	948612  -  ResidentSetSize of job (KB)
...
006 (19925.000.000) 02/24 21:44:48 Image size of job updated: 1143928
	932  -  MemoryUsage of job (MB)
	953912  -  ResidentSetSize of job (KB)
...
006 (19925.000.000) 02/24 21:49:48 Image size of job updated: 1145996
	932  -  MemoryUsage of job (MB)
	953912  -  ResidentSetSize of job (KB)
...
006 (19925.000.000) 02/24 21:59:49 Image size of job updated: 1215536
	949  -  MemoryUsage of job (MB)
	971312  -  ResidentSetSize of job (KB)
...
006 (19925.000.000) 02/24 22:04:49 Image size of job updated: 1300652
	1065  -  MemoryUsage of job (MB)
	1089844  -  ResidentSetSize of job (KB)
...
006 (19925.000.000) 02/24 22:09:49 Image size of job updated: 1300652
	1065  -  MemoryUsage of job (MB)
	1089944  -  ResidentSetSize of job (KB)
...
006 (19925.000.000) 02/24 22:14:50 Image size of job updated: 1446136
	1233  -  MemoryUsage of job (MB)
	1262444  -  ResidentSetSize of job (KB)
...
006 (19925.000.000) 02/24 22:19:51 Image size of job updated: 1446136
	1236  -  MemoryUsage of job (MB)
	1264836  -  ResidentSetSize of job (KB)
...
006 (19925.000.000) 02/24 22:24:51 Image size of job updated: 1446144
	1236  -  MemoryUsage of job (MB)
	1264836  -  ResidentSetSize of job (KB)
...
006 (19925.000.000) 02/24 22:39:53 Image size of job updated: 1460792
	1236  -  MemoryUsage of job (MB)
	1264836  -  ResidentSetSize of job (KB)
...
006 (19925.000.000) 02/24 22:49:54 Image size of job updated: 1460792
	1236  -  MemoryUsage of job (MB)
	1265316  -  ResidentSetSize of job (KB)
...
006 (19925.000.000) 02/24 22:54:55 Image size of job updated: 1460804
	1236  -  MemoryUsage of job (MB)
	1265316  -  ResidentSetSize of job (KB)
...
005 (19925.000.000) 02/24 23:53:47 Job terminated.
	(1) Normal termination (return value 0)
		Usr 0 03:00:36, Sys 0 00:00:43  -  Run Remote Usage
		Usr 0 00:00:00, Sys 0 00:00:00  -  Run Local Usage
		Usr 0 03:00:36, Sys 0 00:00:43  -  Total Remote Usage
		Usr 0 00:00:00, Sys 0 00:00:00  -  Total Local Usage
	0  -  Run Bytes Sent By Job
	0  -  Run Bytes Received By Job
	0  -  Total Bytes Sent By Job
	0  -  Total Bytes Received By Job
	Partitionable Resources :    Usage  Request Allocated
	   Cpus                 :                 2         2
	   Disk (KB)            :        1        1   5108811
	   Memory (MB)          :     1236        1         1
...
