DATE: 2016-02-26
TIME: 16:59:52
                                         version_number        8118
 read inlist_1.0
 create pre-main-sequence model
                                                species           8
 abundances
                                                     h1    6.9306099999999993D-01
                                                    he3    3.1150341471414416D-05
                                                    he4    2.9267984965852861D-01
                                                    c12    2.4483617885317057D-03
                                                    n14    7.1720399021956598D-04
                                                    o16    6.6590217177422322D-03
                                                   ne20    1.4935558082149198D-03
                                                   mg24    2.9098566952917067D-03


                                        relax_num_steps


                               finished relax_num_steps

 new_lnPgas_flag T
                                        relax_initial_Z    1.4227999999999999D-02
                                                  new z    1.4227999999999869D-02
                                        relax_initial_Y    2.9271100000000000D-01
                                                  new y    2.9271100000000028D-01
 net name basic.net
 do_element_diffusion T
 lnPgas_flag T
 kappa_file_prefix gs98
 kappa_lowT_prefix lowT_fa05_gs98
   eos_file_prefix mesa
                                        OMP_NUM_THREADS           1



stop because Lnuc_div_L >= Lnuc_div_L_zams_limit
    0.9992790585E+00    0.9990000000E+00

        911   7.246271   6899.000   0.549859   0.549859   1.329709   1.329709   0.690799   0.003562   0.291549   0.692621  -2.016436    812      0
   6.143816   1.953891   0.121030 -41.501982  -1.003727 -99.000000   0.000000   0.294569   0.006652   0.014161   0.293071   0.064518      4      0
 2.9299E+07  17.326668   0.550173 -99.000000   4.268301  -7.373123   0.000000   0.000015   0.001494  1.463E-02  1.431E-02 -0.780E-12  max increase

save photos/x911 for model 911
save final_profile.data write fgong_plot.data
                               s% atm_structure_num_pts          51
save final_profile.data.FGONG    911
 final_profile.data.FGONG for model 911
 saved to zams.mod
termination code: Lnuc_div_L_zams_limit

       runtime, prev time, retries, backups, steps        10.5        28.2         0         0       911
        911   7.246271   6899.000   0.549859   0.549859   1.329709   1.329709   0.690799   0.003562   0.291549   0.692621  -2.016436    812      0
   6.143816   1.953891   0.121030 -41.501982  -1.003727 -99.000000   0.000000   0.294569   0.006652   0.014161   0.293071   0.064518      4      0
 2.9299E+07  17.326668   0.550173 -99.000000   4.268301  -7.373123   0.000000   0.000015   0.001494  1.463E-02  1.431E-02 -0.780E-12  max increase

DATE: 2016-02-26
TIME: 17:12:10
DATE: 2016-02-26
TIME: 17:12:11
                                         version_number        8118
 read inlist_1.0
load saved model zams.mod

 new_lnPgas_flag T
 net name basic.net
 do_element_diffusion T
 lnPgas_flag T
                       which_atm_option: Eddington_grey
 kappa_file_prefix gs98
 kappa_lowT_prefix lowT_fa05_gs98
   eos_file_prefix mesa
                                        OMP_NUM_THREADS           1


__________________________________________________________________________________________________________________________________________________

       step    lg_Tcntr    Teff       lg_LH     lg_Lnuc     Mass       H_rich     H_cntr     N_cntr     Y_surf     X_avg     eta_cntr  zones retry
   lg_dt_yr    lg_Dcntr    lg_R       lg_L3a    lg_Lneu     lg_Mdot    He_core    He_cntr    O_cntr     Z_surf     Y_avg     gam_cntr  iters bckup
     age_yr    lg_Pcntr    lg_L       lg_LZ     lg_Psurf    lg_Dsurf   C_core     C_cntr     Ne_cntr    Z_cntr     Z_avg     v_div_cs     dt_limit
__________________________________________________________________________________________________________________________________________________

        920   7.246957   7047.387   0.551502   0.551502   1.329709   1.329709   0.689560   0.003567   0.292236   0.692389  -2.017612    804      0
   6.000000   1.954771   0.103004 -41.462414  -1.006550 -99.000000   0.000000   0.295808   0.006647   0.014205   0.293297   0.064496      4      0
 3.7937E+07  17.327816   0.551088 -15.051500   4.609242  -7.041217   0.000000   0.000015   0.001494  1.463E-02  1.431E-02  0.268E-13        max_dt

