DATE: 2016-02-26
TIME: 16:59:39
                                         version_number        8118
 read inlist_1.0
 create pre-main-sequence model
                                                species           8
 abundances
                                                     h1    6.8963700000000017D-01
                                                    he3    3.2969593523622335D-05
                                                    he4    3.0977303040647647D-01
                                                    c12    9.5848855511101259D-05
                                                    n14    2.8077215529395301D-05
                                                    o16    2.6068843806451004D-04
                                                   ne20    5.8469959599070939D-05
                                                   mg24    1.1391553129584118D-04


                                        relax_num_steps


                               finished relax_num_steps

 new_lnPgas_flag T
                                        relax_initial_Z    5.5699999999999999D-04
                                                  new z    5.5700000000097089D-04
                                        relax_initial_Y    3.0980600000000003D-01
                                                  new y    3.0980599999999958D-01
 net name basic.net
 do_element_diffusion T
 lnPgas_flag T
 kappa_file_prefix gs98
 kappa_lowT_prefix lowT_fa05_gs98
   eos_file_prefix mesa
                                        OMP_NUM_THREADS           1



stop because Lnuc_div_L >= Lnuc_div_L_zams_limit
    0.1000028710E+01    0.9990000000E+00

        975   7.327210  1.085E+04   1.059415   1.059415   1.456161   1.456161   0.688951   0.000140   0.309793   0.689503  -2.085209    890      0
   5.217936   2.047121  -0.017820 -37.448542  -0.356264 -99.000000   0.000000   0.310476   0.000259   0.000557   0.309936   0.057233      2      0
 5.7715E+06  17.501167   1.059403 -99.000000   3.125838  -8.936988   0.000000   0.000001   0.000058  5.726E-04  5.609E-04 -0.309E-10  max increase

save photos/x975 for model 975
save final_profile.data write fgong_plot.data
                               s% atm_structure_num_pts          41
save final_profile.data.FGONG    975
 final_profile.data.FGONG for model 975
 saved to zams.mod
termination code: Lnuc_div_L_zams_limit

       runtime, prev time, retries, backups, steps         8.7        28.2         0         0       975
        975   7.327210  1.085E+04   1.059415   1.059415   1.456161   1.456161   0.688951   0.000140   0.309793   0.689503  -2.085209    890      0
   5.217936   2.047121  -0.017820 -37.448542  -0.356264 -99.000000   0.000000   0.310476   0.000259   0.000557   0.309936   0.057233      2      0
 5.7715E+06  17.501167   1.059403 -99.000000   3.125838  -8.936988   0.000000   0.000001   0.000058  5.726E-04  5.609E-04 -0.309E-10  max increase

DATE: 2016-02-26
TIME: 17:10:14
DATE: 2016-02-26
TIME: 17:10:15
                                         version_number        8118
 read inlist_1.0
load saved model zams.mod

 new_lnPgas_flag T
 net name basic.net
 do_element_diffusion T
 lnPgas_flag T
                       which_atm_option: Eddington_grey
 kappa_file_prefix gs98
 kappa_lowT_prefix lowT_fa05_gs98
   eos_file_prefix mesa
                                        OMP_NUM_THREADS           1


__________________________________________________________________________________________________________________________________________________

       step    lg_Tcntr    Teff       lg_LH     lg_Lnuc     Mass       H_rich     H_cntr     N_cntr     Y_surf     X_avg     eta_cntr  zones retry
   lg_dt_yr    lg_Dcntr    lg_R       lg_L3a    lg_Lneu     lg_Mdot    He_core    He_cntr    O_cntr     Z_surf     Y_avg     gam_cntr  iters bckup
     age_yr    lg_Pcntr    lg_L       lg_LZ     lg_Psurf    lg_Dsurf   C_core     C_cntr     Ne_cntr    Z_cntr     Z_avg     v_div_cs     dt_limit
__________________________________________________________________________________________________________________________________________________

