000 (20215.000.000) 02/24 21:34:46 Job submitted from host: <134.76.239.76:13753?addrs=134.76.239.76-13753>
...
001 (20215.000.000) 02/24 22:11:36 Job executing on host: <134.76.239.84:12289?addrs=134.76.239.84-12289>
...
006 (20215.000.000) 02/24 22:11:45 Image size of job updated: 857228
	639  -  MemoryUsage of job (MB)
	653688  -  ResidentSetSize of job (KB)
...
006 (20215.000.000) 02/24 22:16:46 Image size of job updated: 1138740
	915  -  MemoryUsage of job (MB)
	936032  -  ResidentSetSize of job (KB)
...
006 (20215.000.000) 02/24 22:21:46 Image size of job updated: 1288444
	1074  -  MemoryUsage of job (MB)
	1099184  -  ResidentSetSize of job (KB)
...
006 (20215.000.000) 02/24 22:26:47 Image size of job updated: 1433928
	1243  -  MemoryUsage of job (MB)
	1271924  -  ResidentSetSize of job (KB)
...
006 (20215.000.000) 02/24 22:31:48 Image size of job updated: 1433936
	1243  -  MemoryUsage of job (MB)
	1271924  -  ResidentSetSize of job (KB)
...
006 (20215.000.000) 02/24 22:41:48 Image size of job updated: 1459764
	1243  -  MemoryUsage of job (MB)
	1271924  -  ResidentSetSize of job (KB)
...
006 (20215.000.000) 02/24 22:46:49 Image size of job updated: 1462052
	1243  -  MemoryUsage of job (MB)
	1271924  -  ResidentSetSize of job (KB)
...
005 (20215.000.000) 02/24 23:31:28 Job terminated.
	(1) Normal termination (return value 0)
		Usr 0 01:58:59, Sys 0 00:00:32  -  Run Remote Usage
		Usr 0 00:00:00, Sys 0 00:00:00  -  Run Local Usage
		Usr 0 01:58:59, Sys 0 00:00:32  -  Total Remote Usage
		Usr 0 00:00:00, Sys 0 00:00:00  -  Total Local Usage
	0  -  Run Bytes Sent By Job
	0  -  Run Bytes Received By Job
	0  -  Total Bytes Sent By Job
	0  -  Total Bytes Received By Job
	Partitionable Resources :    Usage  Request Allocated
	   Cpus                 :                 2         2
	   Disk (KB)            :        1        1   5108573
	   Memory (MB)          :     1243        1         1
...
