DATE: 2016-02-26
TIME: 16:59:37
                                         version_number        8118
 read inlist_1.0
 create pre-main-sequence model
                                                species           8
 abundances
                                                     h1    7.5536999999999976D-01
                                                    he3    2.4838457384341971D-05
                                                    he4    2.3337516154261562D-01
                                                    c12    1.9324643579709713D-03
                                                    n14    5.6608102404875633D-04
                                                    o16    5.2558907710321236D-03
                                                   ne20    1.1788467617552363D-03
                                                   mg24    2.2967170851929844D-03


                                        relax_num_steps


                               finished relax_num_steps

 new_lnPgas_flag T
                                        relax_initial_Z    1.1230000000000000D-02
                                                  new z    1.1229999999999875D-02
                                        relax_initial_Y    2.3340000000000000D-01
                                                  new y    2.3340000000000025D-01
 net name basic.net
 do_element_diffusion T
 lnPgas_flag T
 kappa_file_prefix gs98
 kappa_lowT_prefix lowT_fa05_gs98
   eos_file_prefix mesa
                                        OMP_NUM_THREADS           1



stop because Lnuc_div_L >= Lnuc_div_L_zams_limit
    0.9996157953E+00    0.9990000000E+00

        864   7.202352   6504.517   0.361505   0.361505   1.269833   1.269833   0.751791   0.002811   0.232410   0.754783  -1.862697    787      0
   6.604460   1.935754   0.077922 -43.947992  -1.265581 -99.000000   0.000000   0.236657   0.005254   0.011184   0.233938   0.068516      4      0
 4.7060E+07  17.284915   0.361672 -99.000000   4.462266  -7.178982   0.000000   0.000011   0.001179  1.155E-02  1.128E-02  0.287E-12  max increase

save photos/x864 for model 864
save final_profile.data write fgong_plot.data
                               s% atm_structure_num_pts          54
save final_profile.data.FGONG    864
 final_profile.data.FGONG for model 864
 saved to zams.mod
termination code: Lnuc_div_L_zams_limit

       runtime, prev time, retries, backups, steps         8.2        28.2         0         0       864
        864   7.202352   6504.517   0.361505   0.361505   1.269833   1.269833   0.751791   0.002811   0.232410   0.754783  -1.862697    787      0
   6.604460   1.935754   0.077922 -43.947992  -1.265581 -99.000000   0.000000   0.236657   0.005254   0.011184   0.233938   0.068516      4      0
 4.7060E+07  17.284915   0.361672 -99.000000   4.462266  -7.178982   0.000000   0.000011   0.001179  1.155E-02  1.128E-02  0.287E-12  max increase

DATE: 2016-02-26
TIME: 17:09:40
DATE: 2016-02-26
TIME: 17:09:40
                                         version_number        8118
 read inlist_1.0
load saved model zams.mod

 new_lnPgas_flag T
 net name basic.net
 do_element_diffusion T
 lnPgas_flag T
                       which_atm_option: Eddington_grey
 kappa_file_prefix gs98
 kappa_lowT_prefix lowT_fa05_gs98
   eos_file_prefix mesa
                                        OMP_NUM_THREADS           1


__________________________________________________________________________________________________________________________________________________

       step    lg_Tcntr    Teff       lg_LH     lg_Lnuc     Mass       H_rich     H_cntr     N_cntr     Y_surf     X_avg     eta_cntr  zones retry
   lg_dt_yr    lg_Dcntr    lg_R       lg_L3a    lg_Lneu     lg_Mdot    He_core    He_cntr    O_cntr     Z_surf     Y_avg     gam_cntr  iters bckup
     age_yr    lg_Pcntr    lg_L       lg_LZ     lg_Psurf    lg_Dsurf   C_core     C_cntr     Ne_cntr    Z_cntr     Z_avg     v_div_cs     dt_limit
__________________________________________________________________________________________________________________________________________________

        867   7.202437   6692.162   0.362256   0.362256   1.269833   1.269833   0.751442   0.002812   0.232822   0.754734  -1.862061    783      0
   5.924476   1.936230   0.053487 -43.941131  -1.265971 -99.000000   0.000000   0.237006   0.005254   0.011204   0.233986   0.068537      4      0
 4.9700E+07  17.285366   0.362208 -14.875409   4.792672  -6.859609   0.000000   0.000010   0.001179  1.155E-02  1.128E-02  0.389E-13    varcontrol

