000 (20836.000.000) 02/24 21:35:19 Job submitted from host: <134.76.239.76:13753?addrs=134.76.239.76-13753>
...
001 (20836.000.000) 02/25 05:34:48 Job executing on host: <134.76.239.89:24193?addrs=134.76.239.89-24193>
...
006 (20836.000.000) 02/25 05:34:56 Image size of job updated: 202160
	46  -  MemoryUsage of job (MB)
	46824  -  ResidentSetSize of job (KB)
...
006 (20836.000.000) 02/25 05:39:56 Image size of job updated: 1143680
	925  -  MemoryUsage of job (MB)
	947136  -  ResidentSetSize of job (KB)
...
006 (20836.000.000) 02/25 05:44:57 Image size of job updated: 1145336
	925  -  MemoryUsage of job (MB)
	947136  -  ResidentSetSize of job (KB)
...
006 (20836.000.000) 02/25 05:49:58 Image size of job updated: 1286636
	1066  -  MemoryUsage of job (MB)
	1091468  -  ResidentSetSize of job (KB)
...
006 (20836.000.000) 02/25 05:54:58 Image size of job updated: 1483436
	1285  -  MemoryUsage of job (MB)
	1315260  -  ResidentSetSize of job (KB)
...
006 (20836.000.000) 02/25 05:59:58 Image size of job updated: 1484228
	1286  -  MemoryUsage of job (MB)
	1316656  -  ResidentSetSize of job (KB)
...
006 (20836.000.000) 02/25 06:14:59 Image size of job updated: 1524752
	1296  -  MemoryUsage of job (MB)
	1327000  -  ResidentSetSize of job (KB)
...
006 (20836.000.000) 02/25 06:20:00 Image size of job updated: 1524764
	1299  -  MemoryUsage of job (MB)
	1330120  -  ResidentSetSize of job (KB)
...
006 (20836.000.000) 02/25 06:45:03 Image size of job updated: 1529628
	1299  -  MemoryUsage of job (MB)
	1330120  -  ResidentSetSize of job (KB)
...
006 (20836.000.000) 02/25 07:30:08 Image size of job updated: 1540260
	1341  -  MemoryUsage of job (MB)
	1372344  -  ResidentSetSize of job (KB)
...
006 (20836.000.000) 02/25 07:35:08 Image size of job updated: 1543080
	1341  -  MemoryUsage of job (MB)
	1372344  -  ResidentSetSize of job (KB)
...
006 (20836.000.000) 02/25 09:25:18 Image size of job updated: 1553136
	1341  -  MemoryUsage of job (MB)
	1372344  -  ResidentSetSize of job (KB)
...
006 (20836.000.000) 02/25 09:45:20 Image size of job updated: 1570016
	1341  -  MemoryUsage of job (MB)
	1372344  -  ResidentSetSize of job (KB)
...
006 (20836.000.000) 02/25 09:55:20 Image size of job updated: 1619100
	1384  -  MemoryUsage of job (MB)
	1416952  -  ResidentSetSize of job (KB)
...
004 (20836.000.000) 02/25 09:59:08 Job was evicted.
	(0) Job was not checkpointed.
		Usr 0 07:36:30, Sys 0 00:02:45  -  Run Remote Usage
		Usr 0 00:00:00, Sys 0 00:00:00  -  Run Local Usage
	0  -  Run Bytes Sent By Job
	0  -  Run Bytes Received By Job
	Partitionable Resources :    Usage  Request Allocated
	   Cpus                 :                 2         2
	   Disk (KB)            :        1        1   5108768
	   Memory (MB)          :     1384        1         1
...
001 (20836.000.000) 02/25 09:59:33 Job executing on host: <134.76.239.80:23833?addrs=134.76.239.80-23833>
...
004 (20836.000.000) 02/25 10:02:51 Job was evicted.
	(0) Job was not checkpointed.
		Usr 0 00:01:10, Sys 0 00:00:01  -  Run Remote Usage
		Usr 0 00:00:00, Sys 0 00:00:00  -  Run Local Usage
	0  -  Run Bytes Sent By Job
	0  -  Run Bytes Received By Job
	Partitionable Resources :    Usage  Request Allocated
	   Cpus                 :                 2         2
	   Disk (KB)            :        1        1   5045736
	   Memory (MB)          :     1465     1465      1465
...
001 (20836.000.000) 02/25 10:03:32 Job executing on host: <134.76.239.86:20177?addrs=134.76.239.86-20177>
...
004 (20836.000.000) 02/25 10:08:52 Job was evicted.
	(0) Job was not checkpointed.
		Usr 0 00:09:12, Sys 0 00:00:03  -  Run Remote Usage
		Usr 0 00:00:00, Sys 0 00:00:00  -  Run Local Usage
	0  -  Run Bytes Sent By Job
	0  -  Run Bytes Received By Job
	Partitionable Resources :    Usage  Request Allocated
	   Cpus                 :                 2         2
	   Disk (KB)            :        1        1   5108645
	   Memory (MB)          :     1465     1465      1465
...
001 (20836.000.000) 02/25 10:11:12 Job executing on host: <134.76.239.91:19968?addrs=134.76.239.91-19968>
...
004 (20836.000.000) 02/25 10:49:46 Job was evicted.
	(0) Job was not checkpointed.
		Usr 0 01:06:33, Sys 0 00:00:16  -  Run Remote Usage
		Usr 0 00:00:00, Sys 0 00:00:00  -  Run Local Usage
	0  -  Run Bytes Sent By Job
	0  -  Run Bytes Received By Job
	Partitionable Resources :    Usage  Request Allocated
	   Cpus                 :                 2         2
	   Disk (KB)            :        1        1   5108591
	   Memory (MB)          :     1465     1465      1465
...
001 (20836.000.000) 02/25 10:50:44 Job executing on host: <134.76.239.78:21556?addrs=134.76.239.78-21556>
...
004 (20836.000.000) 02/25 10:52:28 Job was evicted.
	(0) Job was not checkpointed.
		Usr 0 00:02:23, Sys 0 00:00:02  -  Run Remote Usage
		Usr 0 00:00:00, Sys 0 00:00:00  -  Run Local Usage
	0  -  Run Bytes Sent By Job
	0  -  Run Bytes Received By Job
	Partitionable Resources :    Usage  Request Allocated
	   Cpus                 :                 2         2
	   Disk (KB)            :        1        1   5108644
	   Memory (MB)          :     1465     1465      1465
...
001 (20836.000.000) 02/25 10:54:28 Job executing on host: <134.76.239.87:13734?addrs=134.76.239.87-13734>
...
004 (20836.000.000) 02/25 11:04:25 Job was evicted.
	(0) Job was not checkpointed.
		Usr 0 00:17:00, Sys 0 00:00:05  -  Run Remote Usage
		Usr 0 00:00:00, Sys 0 00:00:00  -  Run Local Usage
	0  -  Run Bytes Sent By Job
	0  -  Run Bytes Received By Job
	Partitionable Resources :    Usage  Request Allocated
	   Cpus                 :                 2         2
	   Disk (KB)            :        1        1   5108602
	   Memory (MB)          :     1465     1465      1465
...
001 (20836.000.000) 02/25 11:06:27 Job executing on host: <134.76.239.83:20501?addrs=134.76.239.83-20501>
...
004 (20836.000.000) 02/25 11:08:07 Job was evicted.
	(0) Job was not checkpointed.
		Usr 0 00:02:17, Sys 0 00:00:02  -  Run Remote Usage
		Usr 0 00:00:00, Sys 0 00:00:00  -  Run Local Usage
	0  -  Run Bytes Sent By Job
	0  -  Run Bytes Received By Job
	Partitionable Resources :    Usage  Request Allocated
	   Cpus                 :                 2         2
	   Disk (KB)            :        1        1   5108595
	   Memory (MB)          :     1465     1465      1465
...
001 (20836.000.000) 02/25 11:11:04 Job executing on host: <134.76.239.84:12289?addrs=134.76.239.84-12289>
...
004 (20836.000.000) 02/25 11:30:52 Job was evicted.
	(0) Job was not checkpointed.
		Usr 0 00:34:30, Sys 0 00:00:20  -  Run Remote Usage
		Usr 0 00:00:00, Sys 0 00:00:00  -  Run Local Usage
	0  -  Run Bytes Sent By Job
	0  -  Run Bytes Received By Job
	Partitionable Resources :    Usage  Request Allocated
	   Cpus                 :                 2         2
	   Disk (KB)            :        1        1   5108498
	   Memory (MB)          :     1465     1465      1465
...
001 (20836.000.000) 02/25 11:32:41 Job executing on host: <134.76.239.91:19968?addrs=134.76.239.91-19968>
...
004 (20836.000.000) 02/25 11:45:13 Job was evicted.
	(0) Job was not checkpointed.
		Usr 0 00:16:18, Sys 0 00:00:04  -  Run Remote Usage
		Usr 0 00:00:00, Sys 0 00:00:00  -  Run Local Usage
	0  -  Run Bytes Sent By Job
	0  -  Run Bytes Received By Job
	Partitionable Resources :    Usage  Request Allocated
	   Cpus                 :                 2         2
	   Disk (KB)            :        1        1   5108525
	   Memory (MB)          :     1465     1465      1465
...
001 (20836.000.000) 02/25 11:47:57 Job executing on host: <134.76.239.84:12289?addrs=134.76.239.84-12289>
...
004 (20836.000.000) 02/25 11:57:17 Job was evicted.
	(0) Job was not checkpointed.
		Usr 0 00:16:18, Sys 0 00:00:10  -  Run Remote Usage
		Usr 0 00:00:00, Sys 0 00:00:00  -  Run Local Usage
	0  -  Run Bytes Sent By Job
	0  -  Run Bytes Received By Job
	Partitionable Resources :    Usage  Request Allocated
	   Cpus                 :                 2         2
	   Disk (KB)            :        1        1   5108478
	   Memory (MB)          :     1465     1465      1465
...
001 (20836.000.000) 02/25 11:59:19 Job executing on host: <134.76.239.88:25067?addrs=134.76.239.88-25067>
...
004 (20836.000.000) 02/25 13:21:06 Job was evicted.
	(0) Job was not checkpointed.
		Usr 0 02:20:40, Sys 0 00:00:35  -  Run Remote Usage
		Usr 0 00:00:00, Sys 0 00:00:00  -  Run Local Usage
	0  -  Run Bytes Sent By Job
	0  -  Run Bytes Received By Job
	Partitionable Resources :    Usage  Request Allocated
	   Cpus                 :                 2         2
	   Disk (KB)            :        1        1   5108552
	   Memory (MB)          :     1465     1465      1465
...
001 (20836.000.000) 02/25 13:23:08 Job executing on host: <134.76.239.84:12289?addrs=134.76.239.84-12289>
...
