DATE: 2016-02-26
TIME: 16:59:22
                                         version_number        8118
 read inlist_1.0
 create pre-main-sequence model
                                                species           8
 abundances
                                                     h1    6.4934900000000007D-01
                                                    he3    3.3144228950219182D-05
                                                    he4    3.1141385577104980D-01
                                                    c12    6.7462451193137790D-03
                                                    n14    1.9761923835091163D-03
                                                    o16    1.8348347443236223D-02
                                                   ne20    4.1153613933973422D-03
                                                   mg24    8.0178536605436754D-03


                                        relax_num_steps


                               finished relax_num_steps

 new_lnPgas_flag T
                                        relax_initial_Z    3.9204000000000003D-02
                                                  new z    3.9204000000000926D-02
                                        relax_initial_Y    3.1144699999999997D-01
                                                  new y    3.1144699999999953D-01
 net name basic.net
 do_element_diffusion T
 lnPgas_flag T
 kappa_file_prefix gs98
 kappa_lowT_prefix lowT_fa05_gs98
   eos_file_prefix mesa
                                        OMP_NUM_THREADS           1



stop because Lnuc_div_L >= Lnuc_div_L_zams_limit
    0.9991674256E+00    0.9990000000E+00

        828   7.161423   5721.436   0.044197   0.044197   1.162607   1.162607   0.649041   0.002799   0.311445   0.649280  -2.162457    812      0
   5.476548   1.776956   0.030785 -45.994577  -1.341914 -99.000000   0.000000   0.311637   0.018348   0.039204   0.311495   0.070579      4      0
 2.9590E+07  17.048262   0.044559 -15.653560   4.660088  -6.873904   0.000000   0.006041   0.004115  3.932E-02  3.923E-02 -0.781E-10    varcontrol

save photos/x828 for model 828
save final_profile.data write fgong_plot.data
                               s% atm_structure_num_pts          59
save final_profile.data.FGONG    828
 final_profile.data.FGONG for model 828
 saved to zams.mod
termination code: Lnuc_div_L_zams_limit

       runtime, prev time, retries, backups, steps         7.9        28.2         0         0       828
        828   7.161423   5721.436   0.044197   0.044197   1.162607   1.162607   0.649041   0.002799   0.311445   0.649280  -2.162457    812      0
   5.476548   1.776956   0.030785 -45.994577  -1.341914 -99.000000   0.000000   0.311637   0.018348   0.039204   0.311495   0.070579      4      0
 2.9590E+07  17.048262   0.044559 -15.653560   4.660088  -6.873904   0.000000   0.006041   0.004115  3.932E-02  3.923E-02 -0.781E-10    varcontrol

DATE: 2016-02-26
TIME: 17:09:23
DATE: 2016-02-26
TIME: 17:09:24
                                         version_number        8118
 read inlist_1.0
load saved model zams.mod

 new_lnPgas_flag T
 net name basic.net
 do_element_diffusion T
 lnPgas_flag T
                       which_atm_option: Eddington_grey
 kappa_file_prefix gs98
 kappa_lowT_prefix lowT_fa05_gs98
   eos_file_prefix mesa
                                        OMP_NUM_THREADS           1


__________________________________________________________________________________________________________________________________________________

       step    lg_Tcntr    Teff       lg_LH     lg_Lnuc     Mass       H_rich     H_cntr     N_cntr     Y_surf     X_avg     eta_cntr  zones retry
   lg_dt_yr    lg_Dcntr    lg_R       lg_L3a    lg_Lneu     lg_Mdot    He_core    He_cntr    O_cntr     Z_surf     Y_avg     gam_cntr  iters bckup
     age_yr    lg_Pcntr    lg_L       lg_LZ     lg_Psurf    lg_Dsurf   C_core     C_cntr     Ne_cntr    Z_cntr     Z_avg     v_div_cs     dt_limit
__________________________________________________________________________________________________________________________________________________

        832   7.160920   5767.348   0.028316   0.028316   1.162607   1.162607   0.648982   0.003009   0.311445   0.649267  -2.166414    811      0
   5.444902   1.774557   0.014757 -46.024513  -1.359271 -99.000000   0.000000   0.311666   0.018348   0.039204   0.311502   0.070535      4      0
 3.0696E+07  17.045325   0.026386 -15.653560   4.839846  -6.698860   0.000000   0.005861   0.004115  3.935E-02  3.923E-02 -0.516E-10  max increase

