000 (28006.000.000) 02/26 16:55:52 Job submitted from host: <134.76.239.76:15915?addrs=134.76.239.76-15915>
...
001 (28006.000.000) 02/26 16:56:00 Job executing on host: <134.76.239.88:23213?addrs=134.76.239.88-23213>
...
006 (28006.000.000) 02/26 16:56:09 Image size of job updated: 65712
	5  -  MemoryUsage of job (MB)
	4304  -  ResidentSetSize of job (KB)
...
006 (28006.000.000) 02/26 17:01:10 Image size of job updated: 1071872
	931  -  MemoryUsage of job (MB)
	953004  -  ResidentSetSize of job (KB)
...
006 (28006.000.000) 02/26 17:06:10 Image size of job updated: 1072496
	934  -  MemoryUsage of job (MB)
	955608  -  ResidentSetSize of job (KB)
...
006 (28006.000.000) 02/26 17:11:10 Image size of job updated: 1279604
	1132  -  MemoryUsage of job (MB)
	1159008  -  ResidentSetSize of job (KB)
...
006 (28006.000.000) 02/26 17:16:11 Image size of job updated: 1279604
	1132  -  MemoryUsage of job (MB)
	1159012  -  ResidentSetSize of job (KB)
...
