DATE: 2016-02-25
TIME: 11:14:40
                                         version_number        8118
 read inlist_1.0
 create pre-main-sequence model
                                                species           8
 abundances
                                                     h1    7.3150300000000001D-01
                                                    he3    2.6536071232649704D-05
                                                    he4    2.4932546392876734D-01
                                                    c12    3.2944817571998364D-03
                                                    n14    9.6505976895934237D-04
                                                    o16    8.9602875165992676D-03
                                                   ne20    2.0097080368480808D-03
                                                   mg24    3.9154629203935511D-03


                                        relax_num_steps


                               finished relax_num_steps

 new_lnPgas_flag T
                                        relax_initial_Z    1.9144999999999999D-02
                                                  new z    1.9144999999999742D-02
                                        relax_initial_Y    2.4935199999999999D-01
                                                  new y    2.4935199999999999D-01
 net name basic.net
 do_element_diffusion T
 lnPgas_flag T
 kappa_file_prefix gs98
 kappa_lowT_prefix lowT_fa05_gs98
   eos_file_prefix mesa
                                        OMP_NUM_THREADS           2


