DATE: 2016-02-26
TIME: 16:59:50
                                         version_number        8118
 read inlist_1.0
 create pre-main-sequence model
                                                species           8
 abundances
                                                     h1    7.2032200000000013D-01
                                                    he3    2.9653861661051875D-05
                                                    he4    2.7861934613833900D-01
                                                    c12    1.7707086592627018D-04
                                                    n14    5.1869757234740550D-05
                                                    o16    4.8159497804022629D-04
                                                   ne20    1.0801721441193835D-04
                                                   mg24    2.1044718438677129D-04


                                        relax_num_steps


                               finished relax_num_steps

 new_lnPgas_flag T
                                        relax_initial_Z    1.0290000000000000D-03
                                                  new z    1.0290000000001851D-03
                                        relax_initial_Y    2.7864899999999998D-01
                                                  new y    2.7864899999999998D-01
 net name basic.net
 do_element_diffusion T
 lnPgas_flag T
 kappa_file_prefix gs98
 kappa_lowT_prefix lowT_fa05_gs98
   eos_file_prefix mesa
                                        OMP_NUM_THREADS           1



stop because Lnuc_div_L >= Lnuc_div_L_zams_limit
    0.1010240565E+01    0.9990000000E+00

        823   7.158147   6579.395   0.039462   0.039462   0.886740   0.886740   0.719888   0.000108   0.278649   0.720227  -1.513227    785      0
   5.673768   2.019884  -0.095337 -45.841713  -1.569795 -99.000000   0.000000   0.279075   0.000482   0.001029   0.278743   0.081639      2      0
 2.0038E+07  17.316134   0.035037 -99.000000   4.633929  -6.995395   0.000000   0.000129   0.000108  1.037E-03  1.030E-03 -0.188E-10  max increase

save photos/x823 for model 823
save final_profile.data write fgong_plot.data
                               s% atm_structure_num_pts          58
save final_profile.data.FGONG    823
 final_profile.data.FGONG for model 823
 saved to zams.mod
termination code: Lnuc_div_L_zams_limit

       runtime, prev time, retries, backups, steps         7.5        28.2         0         0       823
        823   7.158147   6579.395   0.039462   0.039462   0.886740   0.886740   0.719888   0.000108   0.278649   0.720227  -1.513227    785      0
   5.673768   2.019884  -0.095337 -45.841713  -1.569795 -99.000000   0.000000   0.279075   0.000482   0.001029   0.278743   0.081639      2      0
 2.0038E+07  17.316134   0.035037 -99.000000   4.633929  -6.995395   0.000000   0.000129   0.000108  1.037E-03  1.030E-03 -0.188E-10  max increase

DATE: 2016-02-26
TIME: 17:09:00
DATE: 2016-02-26
TIME: 17:09:00
                                         version_number        8118
 read inlist_1.0
load saved model zams.mod

 new_lnPgas_flag T
 net name basic.net
 do_element_diffusion T
 lnPgas_flag T
                       which_atm_option: Eddington_grey
 kappa_file_prefix gs98
 kappa_lowT_prefix lowT_fa05_gs98
   eos_file_prefix mesa
                                        OMP_NUM_THREADS           1


__________________________________________________________________________________________________________________________________________________

       step    lg_Tcntr    Teff       lg_LH     lg_Lnuc     Mass       H_rich     H_cntr     N_cntr     Y_surf     X_avg     eta_cntr  zones retry
   lg_dt_yr    lg_Dcntr    lg_R       lg_L3a    lg_Lneu     lg_Mdot    He_core    He_cntr    O_cntr     Z_surf     Y_avg     gam_cntr  iters bckup
     age_yr    lg_Pcntr    lg_L       lg_LZ     lg_Psurf    lg_Dsurf   C_core     C_cntr     Ne_cntr    Z_cntr     Z_avg     v_div_cs     dt_limit
__________________________________________________________________________________________________________________________________________________

