000 (27970.000.000) 02/26 16:55:50 Job submitted from host: <134.76.239.76:15915?addrs=134.76.239.76-15915>
...
001 (27970.000.000) 02/26 16:56:00 Job executing on host: <134.76.239.83:29154?addrs=134.76.239.83-29154>
...
006 (27970.000.000) 02/26 16:56:08 Image size of job updated: 45172
	5  -  MemoryUsage of job (MB)
	4312  -  ResidentSetSize of job (KB)
...
006 (27970.000.000) 02/26 17:01:08 Image size of job updated: 1071232
	932  -  MemoryUsage of job (MB)
	953996  -  ResidentSetSize of job (KB)
...
006 (27970.000.000) 02/26 17:06:09 Image size of job updated: 1071836
	933  -  MemoryUsage of job (MB)
	954528  -  ResidentSetSize of job (KB)
...
006 (27970.000.000) 02/26 17:11:10 Image size of job updated: 1080308
	933  -  MemoryUsage of job (MB)
	954528  -  ResidentSetSize of job (KB)
...
006 (27970.000.000) 02/26 17:16:10 Image size of job updated: 1236748
	1092  -  MemoryUsage of job (MB)
	1117632  -  ResidentSetSize of job (KB)
...
