DATE: 2016-02-26
TIME: 16:59:22
                                         version_number        8118
 read inlist_1.0
 create pre-main-sequence model
                                                species           8
 abundances
                                                     h1    6.5530400000000000D-01
                                                    he3    3.3468384653701210D-05
                                                    he4    3.1445953161534634D-01
                                                    c12    5.1973482639177948D-03
                                                    n14    1.5224706295052953D-03
                                                    o16    1.4135678446792709D-02
                                                   ne20    3.1704994430358999D-03
                                                   mg24    6.1770032167482794D-03


                                        relax_num_steps


                               finished relax_num_steps

 new_lnPgas_flag T
                                        relax_initial_Z    3.0203000000000001D-02
                                                  new z    3.0202999999998557D-02
                                        relax_initial_Y    3.1449300000000002D-01
                                                  new y    3.1449300000000041D-01
 net name basic.net
 do_element_diffusion T
 lnPgas_flag T
 kappa_file_prefix gs98
 kappa_lowT_prefix lowT_fa05_gs98
   eos_file_prefix mesa
                                        OMP_NUM_THREADS           1



stop because Lnuc_div_L >= Lnuc_div_L_zams_limit
    0.1004330516E+01    0.9990000000E+00

        808   7.087014   4887.110  -0.568910  -0.568910   0.816318   0.816318   0.654896   0.001656   0.314493   0.655214  -1.658491    794      0
   6.205655   1.872618  -0.139982 -49.726072  -2.146675 -99.000000   0.000000   0.314882   0.014136   0.030203   0.314580   0.089540      2      0
 6.1577E+07  17.073134  -0.570786 -16.255620   4.867380  -6.602055   0.000000   0.005083   0.003170  3.022E-02  3.021E-02 -0.679E-11  max increase

save photos/x808 for model 808
save final_profile.data write fgong_plot.data
                               s% atm_structure_num_pts          67
save final_profile.data.FGONG    808
 final_profile.data.FGONG for model 808
 saved to zams.mod
termination code: Lnuc_div_L_zams_limit

       runtime, prev time, retries, backups, steps         7.6        28.2         0         0       808
        808   7.087014   4887.110  -0.568910  -0.568910   0.816318   0.816318   0.654896   0.001656   0.314493   0.655214  -1.658491    794      0
   6.205655   1.872618  -0.139982 -49.726072  -2.146675 -99.000000   0.000000   0.314882   0.014136   0.030203   0.314580   0.089540      2      0
 6.1577E+07  17.073134  -0.570786 -16.255620   4.867380  -6.602055   0.000000   0.005083   0.003170  3.022E-02  3.021E-02 -0.679E-11  max increase

DATE: 2016-02-26
TIME: 17:09:06
DATE: 2016-02-26
TIME: 17:09:07
                                         version_number        8118
 read inlist_1.0
load saved model zams.mod

 new_lnPgas_flag T
 net name basic.net
 do_element_diffusion T
 lnPgas_flag T
                       which_atm_option: Eddington_grey
 kappa_file_prefix gs98
 kappa_lowT_prefix lowT_fa05_gs98
   eos_file_prefix mesa
                                        OMP_NUM_THREADS           1


__________________________________________________________________________________________________________________________________________________

       step    lg_Tcntr    Teff       lg_LH     lg_Lnuc     Mass       H_rich     H_cntr     N_cntr     Y_surf     X_avg     eta_cntr  zones retry
   lg_dt_yr    lg_Dcntr    lg_R       lg_L3a    lg_Lneu     lg_Mdot    He_core    He_cntr    O_cntr     Z_surf     Y_avg     gam_cntr  iters bckup
     age_yr    lg_Pcntr    lg_L       lg_LZ     lg_Psurf    lg_Dsurf   C_core     C_cntr     Ne_cntr    Z_cntr     Z_avg     v_div_cs     dt_limit
__________________________________________________________________________________________________________________________________________________

