DATE: 2016-02-25
TIME: 11:14:32
                                         version_number        8118
 read inlist_1.0
 create pre-main-sequence model
                                                species           8
 abundances
                                                     h1    6.7054400000000003D-01
                                                    he3    3.4816834068941124D-05
                                                    he4    3.2712918316593109D-01
                                                    c12    3.9440857599905277D-04
                                                    n14    1.1553496946747275D-04
                                                    o16    1.0727071814074216D-03
                                                   ne20    2.4059811023534623D-04
                                                   mg24    4.6875116289066721D-04


                                        relax_num_steps


                               finished relax_num_steps

 new_lnPgas_flag T
                                        relax_initial_Z    2.2920000000000002D-03
                                                  new z    2.2919999999998567D-03
                                        relax_initial_Y    3.2716400000000001D-01
                                                  new y    3.2716400000000001D-01
 net name basic.net
 do_element_diffusion T
 lnPgas_flag T
 kappa_file_prefix gs98
 kappa_lowT_prefix lowT_fa05_gs98
   eos_file_prefix mesa
                                        OMP_NUM_THREADS           2



stop because Lnuc_div_L >= Lnuc_div_L_zams_limit
    0.9995017323E+00    0.9990000000E+00

        954   7.299614   9363.636   0.868242   0.868242   1.327951   1.327951   0.669161   0.000577   0.326874   0.670229  -2.022605    617      0
   5.886752   2.037048   0.014856 -38.688680  -0.605574 -99.000000   0.000000   0.328482   0.001068   0.002288   0.327463   0.061112      2      0
 1.1436E+07  17.456735   0.868459 -14.206402   3.213208  -8.624590   0.000000   0.000003   0.000241  2.357E-03  2.308E-03 -0.317E-12  max increase

save photos/x954 for model 954
save final_profile.data write fgong_plot.data
                               s% atm_structure_num_pts          42
save final_profile.data.FGONG    954
 final_profile.data.FGONG for model 954
 saved to zams.mod
termination code: Lnuc_div_L_zams_limit

       runtime, prev time, retries, backups, steps         4.6        28.2         0         0       954
        954   7.299614   9363.636   0.868242   0.868242   1.327951   1.327951   0.669161   0.000577   0.326874   0.670229  -2.022605    617      0
   5.886752   2.037048   0.014856 -38.688680  -0.605574 -99.000000   0.000000   0.328482   0.001068   0.002288   0.327463   0.061112      2      0
 1.1436E+07  17.456735   0.868459 -14.206402   3.213208  -8.624590   0.000000   0.000003   0.000241  2.357E-03  2.308E-03 -0.317E-12  max increase

DATE: 2016-02-25
TIME: 11:19:43
DATE: 2016-02-25
TIME: 11:19:43
                                         version_number        8118
 read inlist_1.0
load saved model zams.mod

 new_lnPgas_flag T
 net name basic.net
 do_element_diffusion T
 lnPgas_flag T
                       which_atm_option: Eddington_grey
 kappa_file_prefix gs98
 kappa_lowT_prefix lowT_fa05_gs98
   eos_file_prefix mesa
                                        OMP_NUM_THREADS           2


__________________________________________________________________________________________________________________________________________________

       step    lg_Tcntr    Teff       lg_LH     lg_Lnuc     Mass       H_rich     H_cntr     N_cntr     Y_surf     X_avg     eta_cntr  zones retry
   lg_dt_yr    lg_Dcntr    lg_R       lg_L3a    lg_Lneu     lg_Mdot    He_core    He_cntr    O_cntr     Z_surf     Y_avg     gam_cntr  iters bckup
     age_yr    lg_Pcntr    lg_L       lg_LZ     lg_Psurf    lg_Dsurf   C_core     C_cntr     Ne_cntr    Z_cntr     Z_avg     v_div_cs     dt_limit
__________________________________________________________________________________________________________________________________________________

        956   7.299828   9367.304   0.869107   0.869107   1.327951   1.327951   0.668725   0.000578   0.326768   0.670122  -2.023575    617      0
   6.000000   2.037084   0.014613 -38.677055  -0.605025 -99.000000   0.000000   0.328919   0.001066   0.002286   0.327569   0.061096      2      0
 1.3360E+07  17.456836   0.868653 -99.000000   3.717709  -8.112256   0.000000   0.000003   0.000241  2.356E-03  2.309E-03  0.179E-12        max_dt

