000 (20788.000.000) 02/24 21:35:16 Job submitted from host: <134.76.239.76:13753?addrs=134.76.239.76-13753>
...
001 (20788.000.000) 02/25 05:00:47 Job executing on host: <134.76.239.85:29523?addrs=134.76.239.85-29523>
...
006 (20788.000.000) 02/25 05:00:56 Image size of job updated: 1
	3  -  MemoryUsage of job (MB)
	2076  -  ResidentSetSize of job (KB)
...
006 (20788.000.000) 02/25 05:05:57 Image size of job updated: 1142932
	929  -  MemoryUsage of job (MB)
	951184  -  ResidentSetSize of job (KB)
...
006 (20788.000.000) 02/25 05:10:57 Image size of job updated: 1248776
	1074  -  MemoryUsage of job (MB)
	1099008  -  ResidentSetSize of job (KB)
...
006 (20788.000.000) 02/25 05:15:58 Image size of job updated: 1462016
	1244  -  MemoryUsage of job (MB)
	1273748  -  ResidentSetSize of job (KB)
...
006 (20788.000.000) 02/25 05:20:59 Image size of job updated: 1511088
	1294  -  MemoryUsage of job (MB)
	1324736  -  ResidentSetSize of job (KB)
...
006 (20788.000.000) 02/25 05:25:59 Image size of job updated: 1511096
	1294  -  MemoryUsage of job (MB)
	1324736  -  ResidentSetSize of job (KB)
...
022 (20788.000.000) 02/25 05:32:25 Job disconnected, attempting to reconnect
    Socket between submit and execute hosts closed unexpectedly
    Trying to reconnect to slot1@seismo25.mps.mpg.de <134.76.239.85:29523?addrs=134.76.239.85-29523>
...
024 (20788.000.000) 02/25 06:12:27 Job reconnection failed
    Job disconnected too long: JobLeaseDuration (2400 seconds) expired
    Can not reconnect to slot1@seismo25.mps.mpg.de, rescheduling job
...
001 (20788.000.000) 02/25 06:23:47 Job executing on host: <134.76.239.84:12289?addrs=134.76.239.84-12289>
...
004 (20788.000.000) 02/25 09:57:09 Job was evicted.
	(0) Job was not checkpointed.
		Usr 0 06:16:12, Sys 0 00:02:17  -  Run Remote Usage
		Usr 0 00:00:00, Sys 0 00:00:00  -  Run Local Usage
	0  -  Run Bytes Sent By Job
	0  -  Run Bytes Received By Job
	Partitionable Resources :    Usage  Request Allocated
	   Cpus                 :                 2         2
	   Disk (KB)            :        1        1   5108555
	   Memory (MB)          :     1465     1465      1465
...
001 (20788.000.000) 02/25 09:58:49 Job executing on host: <134.76.239.87:13734?addrs=134.76.239.87-13734>
...
004 (20788.000.000) 02/25 10:49:46 Job was evicted.
	(0) Job was not checkpointed.
		Usr 0 01:23:39, Sys 0 00:00:24  -  Run Remote Usage
		Usr 0 00:00:00, Sys 0 00:00:00  -  Run Local Usage
	0  -  Run Bytes Sent By Job
	0  -  Run Bytes Received By Job
	Partitionable Resources :    Usage  Request Allocated
	   Cpus                 :                 2         2
	   Disk (KB)            :        1        1   5108685
	   Memory (MB)          :     1465     1465      1465
...
001 (20788.000.000) 02/25 10:50:44 Job executing on host: <134.76.239.86:20177?addrs=134.76.239.86-20177>
...
004 (20788.000.000) 02/25 10:52:28 Job was evicted.
	(0) Job was not checkpointed.
		Usr 0 00:02:20, Sys 0 00:00:01  -  Run Remote Usage
		Usr 0 00:00:00, Sys 0 00:00:00  -  Run Local Usage
	0  -  Run Bytes Sent By Job
	0  -  Run Bytes Received By Job
	Partitionable Resources :    Usage  Request Allocated
	   Cpus                 :                 2         2
	   Disk (KB)            :        1        1   5108608
	   Memory (MB)          :     1465     1465      1465
...
001 (20788.000.000) 02/25 10:54:27 Job executing on host: <134.76.239.90:23525?addrs=134.76.239.90-23525>
...
004 (20788.000.000) 02/25 11:04:25 Job was evicted.
	(0) Job was not checkpointed.
		Usr 0 00:17:18, Sys 0 00:00:05  -  Run Remote Usage
		Usr 0 00:00:00, Sys 0 00:00:00  -  Run Local Usage
	0  -  Run Bytes Sent By Job
	0  -  Run Bytes Received By Job
	Partitionable Resources :    Usage  Request Allocated
	   Cpus                 :                 2         2
	   Disk (KB)            :        1        1   5108665
	   Memory (MB)          :     1465     1465      1465
...
001 (20788.000.000) 02/25 11:06:26 Job executing on host: <134.76.239.83:20501?addrs=134.76.239.83-20501>
...
004 (20788.000.000) 02/25 11:08:07 Job was evicted.
	(0) Job was not checkpointed.
		Usr 0 00:02:17, Sys 0 00:00:01  -  Run Remote Usage
		Usr 0 00:00:00, Sys 0 00:00:00  -  Run Local Usage
	0  -  Run Bytes Sent By Job
	0  -  Run Bytes Received By Job
	Partitionable Resources :    Usage  Request Allocated
	   Cpus                 :                 2         2
	   Disk (KB)            :        1        1   5108596
	   Memory (MB)          :     1465     1465      1465
...
001 (20788.000.000) 02/25 11:11:07 Job executing on host: <134.76.239.88:25067?addrs=134.76.239.88-25067>
...
