DATE: 2016-02-26
TIME: 16:59:48
                                         version_number        8118
 read inlist_1.0
 create pre-main-sequence model
                                                species           8
 abundances
                                                     h1    6.6137200000000007D-01
                                                    he3    3.3295345528992814D-05
                                                    he4    3.1283370465447102D-01
                                                    c12    4.4329665472564320D-03
                                                    n14    1.2985586162528829D-03
                                                    o16    1.2056723254902696D-02
                                                   ne20    2.7042093882080464D-03
                                                   mg24    5.2685421933798618D-03


                                        relax_num_steps


                               finished relax_num_steps

 new_lnPgas_flag T
                                        relax_initial_Z    2.5760999999999999D-02
                                                  new z    2.5760999999999753D-02
                                        relax_initial_Y    3.1286700000000001D-01
                                                  new y    3.1286700000000006D-01
 net name basic.net
 do_element_diffusion T
 lnPgas_flag T
 kappa_file_prefix gs98
 kappa_lowT_prefix lowT_fa05_gs98
   eos_file_prefix mesa
                                        OMP_NUM_THREADS           1



stop because Lnuc_div_L >= Lnuc_div_L_zams_limit
    0.9990321042E+00    0.9990000000E+00

        812   7.115287   5355.081  -0.354054  -0.354054   0.897287   0.897287   0.660963   0.001582   0.312867   0.661277  -1.742821    807      0
   6.105738   1.878971  -0.110833 -48.208985  -1.901510 -99.000000   0.000000   0.313236   0.012057   0.025761   0.312955   0.083899      3      0
 4.7412E+07  17.110009  -0.353633 -16.255620   4.864106  -6.648942   0.000000   0.004190   0.002704  2.580E-02  2.577E-02 -0.681E-11  max increase

save photos/x812 for model 812
save final_profile.data write fgong_plot.data
                               s% atm_structure_num_pts          63
save final_profile.data.FGONG    812
 final_profile.data.FGONG for model 812
 saved to zams.mod
termination code: Lnuc_div_L_zams_limit

       runtime, prev time, retries, backups, steps         7.7        28.2         0         0       812
        812   7.115287   5355.081  -0.354054  -0.354054   0.897287   0.897287   0.660963   0.001582   0.312867   0.661277  -1.742821    807      0
   6.105738   1.878971  -0.110833 -48.208985  -1.901510 -99.000000   0.000000   0.313236   0.012057   0.025761   0.312955   0.083899      3      0
 4.7412E+07  17.110009  -0.353633 -16.255620   4.864106  -6.648942   0.000000   0.004190   0.002704  2.580E-02  2.577E-02 -0.681E-11  max increase

DATE: 2016-02-26
TIME: 17:09:14
DATE: 2016-02-26
TIME: 17:09:14
                                         version_number        8118
 read inlist_1.0
load saved model zams.mod

 new_lnPgas_flag T
 net name basic.net
 do_element_diffusion T
 lnPgas_flag T
                       which_atm_option: Eddington_grey
 kappa_file_prefix gs98
 kappa_lowT_prefix lowT_fa05_gs98
   eos_file_prefix mesa
                                        OMP_NUM_THREADS           1


__________________________________________________________________________________________________________________________________________________

       step    lg_Tcntr    Teff       lg_LH     lg_Lnuc     Mass       H_rich     H_cntr     N_cntr     Y_surf     X_avg     eta_cntr  zones retry
   lg_dt_yr    lg_Dcntr    lg_R       lg_L3a    lg_Lneu     lg_Mdot    He_core    He_cntr    O_cntr     Z_surf     Y_avg     gam_cntr  iters bckup
     age_yr    lg_Pcntr    lg_L       lg_LZ     lg_Psurf    lg_Dsurf   C_core     C_cntr     Ne_cntr    Z_cntr     Z_avg     v_div_cs     dt_limit
__________________________________________________________________________________________________________________________________________________

        817   7.115152   5392.996  -0.356434  -0.356434   0.897287   0.897287   0.660828   0.001725   0.312867   0.661248  -1.739627    809      0
   6.000000   1.880111  -0.118562 -48.213678  -1.904163 -99.000000   0.000000   0.313351   0.012057   0.025761   0.312982   0.084005      2      0
 5.2172E+07  17.110977  -0.356835 -99.000000   5.034752  -6.482235   0.000000   0.004068   0.002704  2.582E-02  2.577E-02 -0.133E-11        max_dt

