000 (20417.000.000) 02/24 21:34:57 Job submitted from host: <134.76.239.76:13753?addrs=134.76.239.76-13753>
...
001 (20417.000.000) 02/25 00:50:40 Job executing on host: <134.76.239.83:20501?addrs=134.76.239.83-20501>
...
006 (20417.000.000) 02/25 00:50:49 Image size of job updated: 1
	3  -  MemoryUsage of job (MB)
	2064  -  ResidentSetSize of job (KB)
...
006 (20417.000.000) 02/25 00:55:50 Image size of job updated: 1145084
	934  -  MemoryUsage of job (MB)
	955564  -  ResidentSetSize of job (KB)
...
006 (20417.000.000) 02/25 01:00:51 Image size of job updated: 1146020
	934  -  MemoryUsage of job (MB)
	955564  -  ResidentSetSize of job (KB)
...
006 (20417.000.000) 02/25 01:10:52 Image size of job updated: 1242120
	1061  -  MemoryUsage of job (MB)
	1085724  -  ResidentSetSize of job (KB)
...
006 (20417.000.000) 02/25 01:25:53 Image size of job updated: 1242120
	1061  -  MemoryUsage of job (MB)
	1086056  -  ResidentSetSize of job (KB)
...
006 (20417.000.000) 02/25 01:30:54 Image size of job updated: 1242120
	1061  -  MemoryUsage of job (MB)
	1086064  -  ResidentSetSize of job (KB)
...
006 (20417.000.000) 02/25 01:40:55 Image size of job updated: 1428604
	1205  -  MemoryUsage of job (MB)
	1233336  -  ResidentSetSize of job (KB)
...
006 (20417.000.000) 02/25 01:50:57 Image size of job updated: 1428604
	1205  -  MemoryUsage of job (MB)
	1233672  -  ResidentSetSize of job (KB)
...
006 (20417.000.000) 02/25 02:10:58 Image size of job updated: 1428604
	1206  -  MemoryUsage of job (MB)
	1233992  -  ResidentSetSize of job (KB)
...
006 (20417.000.000) 02/25 02:20:59 Image size of job updated: 1453140
	1230  -  MemoryUsage of job (MB)
	1258528  -  ResidentSetSize of job (KB)
...
006 (20417.000.000) 02/25 02:36:01 Image size of job updated: 1456640
	1230  -  MemoryUsage of job (MB)
	1258600  -  ResidentSetSize of job (KB)
...
006 (20417.000.000) 02/25 02:41:02 Image size of job updated: 1481176
	1254  -  MemoryUsage of job (MB)
	1283172  -  ResidentSetSize of job (KB)
...
006 (20417.000.000) 02/25 06:11:25 Image size of job updated: 11643132
	1254  -  MemoryUsage of job (MB)
	1283172  -  ResidentSetSize of job (KB)
...
005 (20417.000.000) 02/25 06:11:43 Job terminated.
	(1) Normal termination (return value 0)
		Usr 0 09:06:13, Sys 0 00:02:15  -  Run Remote Usage
		Usr 0 00:00:00, Sys 0 00:00:00  -  Run Local Usage
		Usr 0 09:06:13, Sys 0 00:02:15  -  Total Remote Usage
		Usr 0 00:00:00, Sys 0 00:00:00  -  Total Local Usage
	0  -  Run Bytes Sent By Job
	0  -  Run Bytes Received By Job
	0  -  Total Bytes Sent By Job
	0  -  Total Bytes Received By Job
	Partitionable Resources :    Usage  Request Allocated
	   Cpus                 :                 2         2
	   Disk (KB)            :        1        1   5108747
	   Memory (MB)          :     1254        1         1
...
