DATE: 2016-02-26
TIME: 16:59:36
                                         version_number        8118
 read inlist_1.0
 create pre-main-sequence model
                                                species           8
 abundances
                                                     h1    7.3058699999999988D-01
                                                    he3    2.8579763330374219D-05
                                                    he4    2.6852742023666959D-01
                                                    c12    1.4747301467329520D-04
                                                    n14    4.3199593731948275D-05
                                                    o16    4.0109513720164585D-04
                                                   ne20    8.9961858844543811D-05
                                                   mg24    1.7527039554856333D-04


                                        relax_num_steps


                               finished relax_num_steps

 new_lnPgas_flag T
                                        relax_initial_Z    8.5700000000000001D-04
                                                  new z    8.5700000000061985D-04
                                        relax_initial_Y    2.6855600000000002D-01
                                                  new y    2.6855599999999968D-01
 net name basic.net
 do_element_diffusion T
 lnPgas_flag T
 kappa_file_prefix gs98
 kappa_lowT_prefix lowT_fa05_gs98
   eos_file_prefix mesa
                                        OMP_NUM_THREADS           1



stop because Lnuc_div_L >= Lnuc_div_L_zams_limit
    0.1001714102E+01    0.9990000000E+00

        979   7.319510  1.051E+04   1.054721   1.054721   1.540536   1.540536   0.729996   0.000215   0.259121   0.730429  -2.113916    894      0
   5.348357   2.012384   0.007702 -38.025835  -0.390559 -99.000000   0.000000   0.269123   0.000400   0.000797   0.268708   0.055741      2      0
 6.7010E+06  17.472099   1.053978 -99.000000   3.075084  -8.994905   0.000000   0.000001   0.000090  8.812E-04  8.631E-04 -0.138E-10  max increase

save photos/x979 for model 979
save final_profile.data write fgong_plot.data
                               s% atm_structure_num_pts          40
save final_profile.data.FGONG    979
 final_profile.data.FGONG for model 979
 saved to zams.mod
termination code: Lnuc_div_L_zams_limit

       runtime, prev time, retries, backups, steps         9.0        28.2         0         0       979
        979   7.319510  1.051E+04   1.054721   1.054721   1.540536   1.540536   0.729996   0.000215   0.259121   0.730429  -2.113916    894      0
   5.348357   2.012384   0.007702 -38.025835  -0.390559 -99.000000   0.000000   0.269123   0.000400   0.000797   0.268708   0.055741      2      0
 6.7010E+06  17.472099   1.053978 -99.000000   3.075084  -8.994905   0.000000   0.000001   0.000090  8.812E-04  8.631E-04 -0.138E-10  max increase

DATE: 2016-02-26
TIME: 17:10:30
DATE: 2016-02-26
TIME: 17:10:30
                                         version_number        8118
 read inlist_1.0
load saved model zams.mod

 new_lnPgas_flag T
 net name basic.net
 do_element_diffusion T
 lnPgas_flag T
                       which_atm_option: Eddington_grey
 kappa_file_prefix gs98
 kappa_lowT_prefix lowT_fa05_gs98
   eos_file_prefix mesa
                                        OMP_NUM_THREADS           1


__________________________________________________________________________________________________________________________________________________

       step    lg_Tcntr    Teff       lg_LH     lg_Lnuc     Mass       H_rich     H_cntr     N_cntr     Y_surf     X_avg     eta_cntr  zones retry
   lg_dt_yr    lg_Dcntr    lg_R       lg_L3a    lg_Lneu     lg_Mdot    He_core    He_cntr    O_cntr     Z_surf     Y_avg     gam_cntr  iters bckup
     age_yr    lg_Pcntr    lg_L       lg_LZ     lg_Psurf    lg_Dsurf   C_core     C_cntr     Ne_cntr    Z_cntr     Z_avg     v_div_cs     dt_limit
__________________________________________________________________________________________________________________________________________________

