000 (20228.000.000) 02/24 21:34:46 Job submitted from host: <134.76.239.76:13753?addrs=134.76.239.76-13753>
...
001 (20228.000.000) 02/24 22:12:35 Job executing on host: <134.76.239.85:29523?addrs=134.76.239.85-29523>
...
006 (20228.000.000) 02/24 22:12:44 Image size of job updated: 45176
	5  -  MemoryUsage of job (MB)
	4300  -  ResidentSetSize of job (KB)
...
006 (20228.000.000) 02/24 22:17:45 Image size of job updated: 1138568
	920  -  MemoryUsage of job (MB)
	941172  -  ResidentSetSize of job (KB)
...
006 (20228.000.000) 02/24 22:22:45 Image size of job updated: 1143584
	920  -  MemoryUsage of job (MB)
	941172  -  ResidentSetSize of job (KB)
...
006 (20228.000.000) 02/24 22:27:46 Image size of job updated: 1323052
	1137  -  MemoryUsage of job (MB)
	1163864  -  ResidentSetSize of job (KB)
...
006 (20228.000.000) 02/24 22:32:47 Image size of job updated: 1509536
	1284  -  MemoryUsage of job (MB)
	1313940  -  ResidentSetSize of job (KB)
...
006 (20228.000.000) 02/24 22:37:47 Image size of job updated: 1509544
	1284  -  MemoryUsage of job (MB)
	1313940  -  ResidentSetSize of job (KB)
...
006 (20228.000.000) 02/24 22:52:49 Image size of job updated: 1536492
	1284  -  MemoryUsage of job (MB)
	1313940  -  ResidentSetSize of job (KB)
...
006 (20228.000.000) 02/24 22:57:49 Image size of job updated: 1536500
	1284  -  MemoryUsage of job (MB)
	1313940  -  ResidentSetSize of job (KB)
...
005 (20228.000.000) 02/24 23:38:32 Job terminated.
	(1) Normal termination (return value 0)
		Usr 0 01:55:32, Sys 0 00:00:56  -  Run Remote Usage
		Usr 0 00:00:00, Sys 0 00:00:00  -  Run Local Usage
		Usr 0 01:55:32, Sys 0 00:00:56  -  Total Remote Usage
		Usr 0 00:00:00, Sys 0 00:00:00  -  Total Local Usage
	0  -  Run Bytes Sent By Job
	0  -  Run Bytes Received By Job
	0  -  Total Bytes Sent By Job
	0  -  Total Bytes Received By Job
	Partitionable Resources :    Usage  Request Allocated
	   Cpus                 :                 2         2
	   Disk (KB)            :        1        1   5108779
	   Memory (MB)          :     1284        1         1
...
