DATE: 2016-02-25
TIME: 13:24:19
                                         version_number        8118
 read inlist_1.0
 create pre-main-sequence model
                                                species           8
 abundances
                                                     h1    7.5353000000000003D-01
                                                    he3    2.5787831327468435D-05
                                                    he4    2.4229521216867253D-01
                                                    c12    7.1396212121295000D-04
                                                    n14    2.0914249054125123D-04
                                                    o16    1.9418246490660663D-03
                                                   ne20    4.3553296656477253D-04
                                                   mg24    8.4853777261491813D-04


                                        relax_num_steps


                               finished relax_num_steps

 new_lnPgas_flag T
                                        relax_initial_Z    4.1489999999999999D-03
                                                  new z    4.1490000000004431D-03
                                        relax_initial_Y    2.4232100000000001D-01
                                                  new y    2.4232099999999987D-01
 net name basic.net
 do_element_diffusion T
 lnPgas_flag T
 kappa_file_prefix gs98
 kappa_lowT_prefix lowT_fa05_gs98
   eos_file_prefix mesa
                                        OMP_NUM_THREADS           2


