000 (20738.000.000) 02/24 21:35:14 Job submitted from host: <134.76.239.76:13753?addrs=134.76.239.76-13753>
...
001 (20738.000.000) 02/25 04:27:47 Job executing on host: <134.76.239.90:23525?addrs=134.76.239.90-23525>
...
006 (20738.000.000) 02/25 04:27:56 Image size of job updated: 202156
	36  -  MemoryUsage of job (MB)
	35956  -  ResidentSetSize of job (KB)
...
006 (20738.000.000) 02/25 04:32:57 Image size of job updated: 1145212
	924  -  MemoryUsage of job (MB)
	945436  -  ResidentSetSize of job (KB)
...
006 (20738.000.000) 02/25 04:37:58 Image size of job updated: 1146748
	924  -  MemoryUsage of job (MB)
	945436  -  ResidentSetSize of job (KB)
...
006 (20738.000.000) 02/25 05:28:03 Image size of job updated: 1268760
	1071  -  MemoryUsage of job (MB)
	1096068  -  ResidentSetSize of job (KB)
...
006 (20738.000.000) 02/25 05:58:06 Image size of job updated: 1268760
	1071  -  MemoryUsage of job (MB)
	1096388  -  ResidentSetSize of job (KB)
...
006 (20738.000.000) 02/25 06:18:08 Image size of job updated: 1455244
	1215  -  MemoryUsage of job (MB)
	1243652  -  ResidentSetSize of job (KB)
...
006 (20738.000.000) 02/25 06:28:08 Image size of job updated: 1455244
	1215  -  MemoryUsage of job (MB)
	1243968  -  ResidentSetSize of job (KB)
...
006 (20738.000.000) 02/25 06:33:09 Image size of job updated: 1455676
	1215  -  MemoryUsage of job (MB)
	1243980  -  ResidentSetSize of job (KB)
...
006 (20738.000.000) 02/25 06:38:09 Image size of job updated: 1480212
	1239  -  MemoryUsage of job (MB)
	1268516  -  ResidentSetSize of job (KB)
...
006 (20738.000.000) 02/25 06:43:10 Image size of job updated: 1545748
	1301  -  MemoryUsage of job (MB)
	1331560  -  ResidentSetSize of job (KB)
...
006 (20738.000.000) 02/25 06:48:11 Image size of job updated: 1548788
	1303  -  MemoryUsage of job (MB)
	1333620  -  ResidentSetSize of job (KB)
...
006 (20738.000.000) 02/25 06:53:11 Image size of job updated: 1548788
	1303  -  MemoryUsage of job (MB)
	1333888  -  ResidentSetSize of job (KB)
...
006 (20738.000.000) 02/25 07:03:12 Image size of job updated: 1548788
	1303  -  MemoryUsage of job (MB)
	1333896  -  ResidentSetSize of job (KB)
...
006 (20738.000.000) 02/25 07:08:12 Image size of job updated: 1548788
	1323  -  MemoryUsage of job (MB)
	1353960  -  ResidentSetSize of job (KB)
...
006 (20738.000.000) 02/25 07:13:12 Image size of job updated: 1550784
	1327  -  MemoryUsage of job (MB)
	1358252  -  ResidentSetSize of job (KB)
...
004 (20738.000.000) 02/25 09:59:08 Job was evicted.
	(0) Job was not checkpointed.
		Usr 0 09:21:35, Sys 0 00:01:48  -  Run Remote Usage
		Usr 0 00:00:00, Sys 0 00:00:00  -  Run Local Usage
	0  -  Run Bytes Sent By Job
	0  -  Run Bytes Received By Job
	Partitionable Resources :    Usage  Request Allocated
	   Cpus                 :                 2         2
	   Disk (KB)            :        1        1   5108795
	   Memory (MB)          :     1327        1         1
...
001 (20738.000.000) 02/25 09:59:32 Job executing on host: <134.76.239.78:21556?addrs=134.76.239.78-21556>
...
004 (20738.000.000) 02/25 10:02:31 Job was evicted.
	(0) Job was not checkpointed.
		Usr 0 00:01:14, Sys 0 00:00:01  -  Run Remote Usage
		Usr 0 00:00:00, Sys 0 00:00:00  -  Run Local Usage
	0  -  Run Bytes Sent By Job
	0  -  Run Bytes Received By Job
	Partitionable Resources :    Usage  Request Allocated
	   Cpus                 :                 2         2
	   Disk (KB)            :        1        1   5108695
	   Memory (MB)          :     1465     1465      1465
...
001 (20738.000.000) 02/25 10:03:33 Job executing on host: <134.76.239.78:21556?addrs=134.76.239.78-21556>
...
004 (20738.000.000) 02/25 10:08:52 Job was evicted.
	(0) Job was not checkpointed.
		Usr 0 00:09:16, Sys 0 00:00:03  -  Run Remote Usage
		Usr 0 00:00:00, Sys 0 00:00:00  -  Run Local Usage
	0  -  Run Bytes Sent By Job
	0  -  Run Bytes Received By Job
	Partitionable Resources :    Usage  Request Allocated
	   Cpus                 :                 2         2
	   Disk (KB)            :        1        1   5108672
	   Memory (MB)          :     1465     1465      1465
...
001 (20738.000.000) 02/25 10:11:11 Job executing on host: <134.76.239.86:20177?addrs=134.76.239.86-20177>
...
004 (20738.000.000) 02/25 10:49:46 Job was evicted.
	(0) Job was not checkpointed.
		Usr 0 01:07:53, Sys 0 00:00:08  -  Run Remote Usage
		Usr 0 00:00:00, Sys 0 00:00:00  -  Run Local Usage
	0  -  Run Bytes Sent By Job
	0  -  Run Bytes Received By Job
	Partitionable Resources :    Usage  Request Allocated
	   Cpus                 :                 2         2
	   Disk (KB)            :        1        1   5108615
	   Memory (MB)          :     1465     1465      1465
...
001 (20738.000.000) 02/25 10:50:43 Job executing on host: <134.76.239.91:19968?addrs=134.76.239.91-19968>
...
004 (20738.000.000) 02/25 10:52:28 Job was evicted.
	(0) Job was not checkpointed.
		Usr 0 00:02:27, Sys 0 00:00:01  -  Run Remote Usage
		Usr 0 00:00:00, Sys 0 00:00:00  -  Run Local Usage
	0  -  Run Bytes Sent By Job
	0  -  Run Bytes Received By Job
	Partitionable Resources :    Usage  Request Allocated
	   Cpus                 :                 2         2
	   Disk (KB)            :        1        1   5108562
	   Memory (MB)          :     1465     1465      1465
...
001 (20738.000.000) 02/25 10:54:27 Job executing on host: <134.76.239.78:21556?addrs=134.76.239.78-21556>
...
004 (20738.000.000) 02/25 11:04:25 Job was evicted.
	(0) Job was not checkpointed.
		Usr 0 00:16:53, Sys 0 00:00:06  -  Run Remote Usage
		Usr 0 00:00:00, Sys 0 00:00:00  -  Run Local Usage
	0  -  Run Bytes Sent By Job
	0  -  Run Bytes Received By Job
	Partitionable Resources :    Usage  Request Allocated
	   Cpus                 :                 2         2
	   Disk (KB)            :        1        1   5108652
	   Memory (MB)          :     1465     1465      1465
...
001 (20738.000.000) 02/25 11:06:25 Job executing on host: <134.76.239.86:20177?addrs=134.76.239.86-20177>
...
004 (20738.000.000) 02/25 11:08:07 Job was evicted.
	(0) Job was not checkpointed.
		Usr 0 00:02:15, Sys 0 00:00:02  -  Run Remote Usage
		Usr 0 00:00:00, Sys 0 00:00:00  -  Run Local Usage
	0  -  Run Bytes Sent By Job
	0  -  Run Bytes Received By Job
	Partitionable Resources :    Usage  Request Allocated
	   Cpus                 :                 2         2
	   Disk (KB)            :        1        1   5108597
	   Memory (MB)          :     1465     1465      1465
...
001 (20738.000.000) 02/25 11:11:06 Job executing on host: <134.76.239.86:20177?addrs=134.76.239.86-20177>
...
004 (20738.000.000) 02/25 11:30:52 Job was evicted.
	(0) Job was not checkpointed.
		Usr 0 00:28:11, Sys 0 00:00:05  -  Run Remote Usage
		Usr 0 00:00:00, Sys 0 00:00:00  -  Run Local Usage
	0  -  Run Bytes Sent By Job
	0  -  Run Bytes Received By Job
	Partitionable Resources :    Usage  Request Allocated
	   Cpus                 :                 2         2
	   Disk (KB)            :        1        1   5108584
	   Memory (MB)          :     1465     1465      1465
...
001 (20738.000.000) 02/25 11:32:40 Job executing on host: <134.76.239.83:20501?addrs=134.76.239.83-20501>
...
004 (20738.000.000) 02/25 11:45:13 Job was evicted.
	(0) Job was not checkpointed.
		Usr 0 00:16:09, Sys 0 00:00:06  -  Run Remote Usage
		Usr 0 00:00:00, Sys 0 00:00:00  -  Run Local Usage
	0  -  Run Bytes Sent By Job
	0  -  Run Bytes Received By Job
	Partitionable Resources :    Usage  Request Allocated
	   Cpus                 :                 2         2
	   Disk (KB)            :        1        1   5108584
	   Memory (MB)          :     1465     1465      1465
...
001 (20738.000.000) 02/25 11:47:59 Job executing on host: <134.76.239.88:25067?addrs=134.76.239.88-25067>
...
004 (20738.000.000) 02/25 11:57:16 Job was evicted.
	(0) Job was not checkpointed.
		Usr 0 00:12:16, Sys 0 00:00:04  -  Run Remote Usage
		Usr 0 00:00:00, Sys 0 00:00:00  -  Run Local Usage
	0  -  Run Bytes Sent By Job
	0  -  Run Bytes Received By Job
	Partitionable Resources :    Usage  Request Allocated
	   Cpus                 :                 2         2
	   Disk (KB)            :        1        1   5108562
	   Memory (MB)          :     1465     1465      1465
...
001 (20738.000.000) 02/25 11:59:19 Job executing on host: <134.76.239.80:23833?addrs=134.76.239.80-23833>
...
004 (20738.000.000) 02/25 13:21:06 Job was evicted.
	(0) Job was not checkpointed.
		Usr 0 02:19:14, Sys 0 00:00:24  -  Run Remote Usage
		Usr 0 00:00:00, Sys 0 00:00:00  -  Run Local Usage
	0  -  Run Bytes Sent By Job
	0  -  Run Bytes Received By Job
	Partitionable Resources :    Usage  Request Allocated
	   Cpus                 :                 2         2
	   Disk (KB)            :        1        1   5045648
	   Memory (MB)          :     1465     1465      1465
...
001 (20738.000.000) 02/25 13:23:08 Job executing on host: <134.76.239.89:24193?addrs=134.76.239.89-24193>
...
