000 (27982.000.000) 02/26 16:55:51 Job submitted from host: <134.76.239.76:15915?addrs=134.76.239.76-15915>
...
001 (27982.000.000) 02/26 16:56:00 Job executing on host: <134.76.239.83:29154?addrs=134.76.239.83-29154>
...
006 (27982.000.000) 02/26 16:56:08 Image size of job updated: 45172
	5  -  MemoryUsage of job (MB)
	4292  -  ResidentSetSize of job (KB)
...
006 (27982.000.000) 02/26 17:01:08 Image size of job updated: 1071396
	930  -  MemoryUsage of job (MB)
	952260  -  ResidentSetSize of job (KB)
...
006 (27982.000.000) 02/26 17:06:09 Image size of job updated: 1072012
	931  -  MemoryUsage of job (MB)
	952808  -  ResidentSetSize of job (KB)
...
006 (27982.000.000) 02/26 17:11:10 Image size of job updated: 1080788
	931  -  MemoryUsage of job (MB)
	952808  -  ResidentSetSize of job (KB)
...
006 (27982.000.000) 02/26 17:16:10 Image size of job updated: 1313004
	1163  -  MemoryUsage of job (MB)
	1190100  -  ResidentSetSize of job (KB)
...
