000 (20829.000.000) 02/24 21:35:18 Job submitted from host: <134.76.239.76:13753?addrs=134.76.239.76-13753>
...
001 (20829.000.000) 02/25 05:26:48 Job executing on host: <134.76.239.79:12046?addrs=134.76.239.79-12046>
...
006 (20829.000.000) 02/25 05:26:56 Image size of job updated: 400616
	190  -  MemoryUsage of job (MB)
	193772  -  ResidentSetSize of job (KB)
...
006 (20829.000.000) 02/25 05:31:56 Image size of job updated: 1144888
	932  -  MemoryUsage of job (MB)
	954176  -  ResidentSetSize of job (KB)
...
006 (20829.000.000) 02/25 05:36:58 Image size of job updated: 1146608
	932  -  MemoryUsage of job (MB)
	954176  -  ResidentSetSize of job (KB)
...
006 (20829.000.000) 02/25 05:41:58 Image size of job updated: 1294228
	1071  -  MemoryUsage of job (MB)
	1096616  -  ResidentSetSize of job (KB)
...
006 (20829.000.000) 02/25 05:51:59 Image size of job updated: 1294228
	1072  -  MemoryUsage of job (MB)
	1096952  -  ResidentSetSize of job (KB)
...
006 (20829.000.000) 02/25 05:57:00 Image size of job updated: 1415176
	1216  -  MemoryUsage of job (MB)
	1244236  -  ResidentSetSize of job (KB)
...
006 (20829.000.000) 02/25 06:02:00 Image size of job updated: 1415788
	1217  -  MemoryUsage of job (MB)
	1245192  -  ResidentSetSize of job (KB)
...
006 (20829.000.000) 02/25 06:12:02 Image size of job updated: 1440324
	1241  -  MemoryUsage of job (MB)
	1270052  -  ResidentSetSize of job (KB)
...
006 (20829.000.000) 02/25 06:22:02 Image size of job updated: 1440836
	1241  -  MemoryUsage of job (MB)
	1270056  -  ResidentSetSize of job (KB)
...
006 (20829.000.000) 02/25 07:12:07 Image size of job updated: 1454232
	1241  -  MemoryUsage of job (MB)
	1270056  -  ResidentSetSize of job (KB)
...
006 (20829.000.000) 02/25 07:22:09 Image size of job updated: 1454484
	1241  -  MemoryUsage of job (MB)
	1270056  -  ResidentSetSize of job (KB)
...
005 (20829.000.000) 02/25 08:51:51 Job terminated.
	(1) Normal termination (return value 0)
		Usr 0 05:44:00, Sys 0 00:01:24  -  Run Remote Usage
		Usr 0 00:00:00, Sys 0 00:00:00  -  Run Local Usage
		Usr 0 05:44:00, Sys 0 00:01:24  -  Total Remote Usage
		Usr 0 00:00:00, Sys 0 00:00:00  -  Total Local Usage
	0  -  Run Bytes Sent By Job
	0  -  Run Bytes Received By Job
	0  -  Total Bytes Sent By Job
	0  -  Total Bytes Received By Job
	Partitionable Resources :    Usage  Request Allocated
	   Cpus                 :                 2         2
	   Disk (KB)            :        1        1   5108672
	   Memory (MB)          :     1241        1         1
...
