000 (20693.000.000) 02/24 21:35:11 Job submitted from host: <134.76.239.76:13753?addrs=134.76.239.76-13753>
...
001 (20693.000.000) 02/25 03:56:45 Job executing on host: <134.76.239.80:23833?addrs=134.76.239.80-23833>
...
006 (20693.000.000) 02/25 03:56:54 Image size of job updated: 1
	3  -  MemoryUsage of job (MB)
	2072  -  ResidentSetSize of job (KB)
...
006 (20693.000.000) 02/25 04:01:55 Image size of job updated: 1143628
	937  -  MemoryUsage of job (MB)
	959468  -  ResidentSetSize of job (KB)
...
006 (20693.000.000) 02/25 04:06:55 Image size of job updated: 1145280
	937  -  MemoryUsage of job (MB)
	959468  -  ResidentSetSize of job (KB)
...
006 (20693.000.000) 02/25 04:11:56 Image size of job updated: 1242360
	1073  -  MemoryUsage of job (MB)
	1097756  -  ResidentSetSize of job (KB)
...
006 (20693.000.000) 02/25 04:16:57 Image size of job updated: 1242360
	1073  -  MemoryUsage of job (MB)
	1097764  -  ResidentSetSize of job (KB)
...
006 (20693.000.000) 02/25 04:21:57 Image size of job updated: 1242360
	1073  -  MemoryUsage of job (MB)
	1097768  -  ResidentSetSize of job (KB)
...
006 (20693.000.000) 02/25 04:26:57 Image size of job updated: 1242360
	1073  -  MemoryUsage of job (MB)
	1098100  -  ResidentSetSize of job (KB)
...
006 (20693.000.000) 02/25 04:36:58 Image size of job updated: 1428844
	1217  -  MemoryUsage of job (MB)
	1245372  -  ResidentSetSize of job (KB)
...
006 (20693.000.000) 02/25 04:41:58 Image size of job updated: 1453380
	1241  -  MemoryUsage of job (MB)
	1270236  -  ResidentSetSize of job (KB)
...
006 (20693.000.000) 02/25 04:46:59 Image size of job updated: 1453380
	1241  -  MemoryUsage of job (MB)
	1270244  -  ResidentSetSize of job (KB)
...
006 (20693.000.000) 02/25 04:52:00 Image size of job updated: 1453892
	1241  -  MemoryUsage of job (MB)
	1270248  -  ResidentSetSize of job (KB)
...
006 (20693.000.000) 02/25 04:57:00 Image size of job updated: 1524604
	1307  -  MemoryUsage of job (MB)
	1337348  -  ResidentSetSize of job (KB)
...
006 (20693.000.000) 02/25 05:02:01 Image size of job updated: 1549140
	1331  -  MemoryUsage of job (MB)
	1362152  -  ResidentSetSize of job (KB)
...
006 (20693.000.000) 02/25 05:07:02 Image size of job updated: 1549140
	1331  -  MemoryUsage of job (MB)
	1362160  -  ResidentSetSize of job (KB)
...
006 (20693.000.000) 02/25 05:12:02 Image size of job updated: 1549140
	1331  -  MemoryUsage of job (MB)
	1362380  -  ResidentSetSize of job (KB)
...
006 (20693.000.000) 02/25 06:12:08 Image size of job updated: 1549204
	1332  -  MemoryUsage of job (MB)
	1363364  -  ResidentSetSize of job (KB)
...
006 (20693.000.000) 02/25 06:17:09 Image size of job updated: 1549204
	1332  -  MemoryUsage of job (MB)
	1363584  -  ResidentSetSize of job (KB)
...
005 (20693.000.000) 02/25 07:54:05 Job terminated.
	(1) Normal termination (return value 0)
		Usr 0 06:39:55, Sys 0 00:00:56  -  Run Remote Usage
		Usr 0 00:00:00, Sys 0 00:00:00  -  Run Local Usage
		Usr 0 06:39:55, Sys 0 00:00:56  -  Total Remote Usage
		Usr 0 00:00:00, Sys 0 00:00:00  -  Total Local Usage
	0  -  Run Bytes Sent By Job
	0  -  Run Bytes Received By Job
	0  -  Total Bytes Sent By Job
	0  -  Total Bytes Received By Job
	Partitionable Resources :    Usage  Request Allocated
	   Cpus                 :                 2         2
	   Disk (KB)            :        1        1   5045772
	   Memory (MB)          :     1332        1         1
...
