000 (20433.000.000) 02/24 21:34:58 Job submitted from host: <134.76.239.76:13753?addrs=134.76.239.76-13753>
...
001 (20433.000.000) 02/25 00:58:40 Job executing on host: <134.76.239.89:24193?addrs=134.76.239.89-24193>
...
006 (20433.000.000) 02/25 00:58:48 Image size of job updated: 1
	3  -  MemoryUsage of job (MB)
	2068  -  ResidentSetSize of job (KB)
...
006 (20433.000.000) 02/25 01:03:48 Image size of job updated: 1145368
	934  -  MemoryUsage of job (MB)
	956320  -  ResidentSetSize of job (KB)
...
006 (20433.000.000) 02/25 01:08:49 Image size of job updated: 1146796
	934  -  MemoryUsage of job (MB)
	956320  -  ResidentSetSize of job (KB)
...
006 (20433.000.000) 02/25 01:13:50 Image size of job updated: 1242908
	1070  -  MemoryUsage of job (MB)
	1094972  -  ResidentSetSize of job (KB)
...
006 (20433.000.000) 02/25 01:18:50 Image size of job updated: 1242908
	1070  -  MemoryUsage of job (MB)
	1094980  -  ResidentSetSize of job (KB)
...
006 (20433.000.000) 02/25 01:28:52 Image size of job updated: 1242908
	1070  -  MemoryUsage of job (MB)
	1095312  -  ResidentSetSize of job (KB)
...
006 (20433.000.000) 02/25 01:38:52 Image size of job updated: 1429392
	1214  -  MemoryUsage of job (MB)
	1242588  -  ResidentSetSize of job (KB)
...
006 (20433.000.000) 02/25 01:43:54 Image size of job updated: 1429392
	1214  -  MemoryUsage of job (MB)
	1242924  -  ResidentSetSize of job (KB)
...
006 (20433.000.000) 02/25 01:48:54 Image size of job updated: 1429392
	1214  -  MemoryUsage of job (MB)
	1242932  -  ResidentSetSize of job (KB)
...
006 (20433.000.000) 02/25 02:03:56 Image size of job updated: 1429392
	1215  -  MemoryUsage of job (MB)
	1243248  -  ResidentSetSize of job (KB)
...
006 (20433.000.000) 02/25 02:13:56 Image size of job updated: 1453928
	1239  -  MemoryUsage of job (MB)
	1267784  -  ResidentSetSize of job (KB)
...
006 (20433.000.000) 02/25 02:28:57 Image size of job updated: 1454444
	1239  -  MemoryUsage of job (MB)
	1267784  -  ResidentSetSize of job (KB)
...
006 (20433.000.000) 02/25 03:39:05 Image size of job updated: 1454444
	1242  -  MemoryUsage of job (MB)
	1270864  -  ResidentSetSize of job (KB)
...
005 (20433.000.000) 02/25 05:22:41 Job terminated.
	(1) Normal termination (return value 0)
		Usr 0 07:21:36, Sys 0 00:01:39  -  Run Remote Usage
		Usr 0 00:00:00, Sys 0 00:00:00  -  Run Local Usage
		Usr 0 07:21:36, Sys 0 00:01:39  -  Total Remote Usage
		Usr 0 00:00:00, Sys 0 00:00:00  -  Total Local Usage
	0  -  Run Bytes Sent By Job
	0  -  Run Bytes Received By Job
	0  -  Total Bytes Sent By Job
	0  -  Total Bytes Received By Job
	Partitionable Resources :    Usage  Request Allocated
	   Cpus                 :                 2         2
	   Disk (KB)            :        1        1   5108824
	   Memory (MB)          :     1242        1         1
...
