DATE: 2016-02-26
TIME: 16:59:48
                                         version_number        8118
 read inlist_1.0
 create pre-main-sequence model
                                                species           8
 abundances
                                                     h1    6.5517700000000001D-01
                                                    he3    3.5889336097730323D-05
                                                    he4    3.3720611066390227D-01
                                                    c12    1.3045425020282941D-03
                                                    n14    3.8214249717841186D-04
                                                    o16    3.5480772871944797D-03
                                                   ne20    7.9580029393288773D-04
                                                   mg24    1.5504374196658750D-03


                                        relax_num_steps


                               finished relax_num_steps

 new_lnPgas_flag T
                                        relax_initial_Z    7.5810000000000001D-03
                                                  new z    7.5810000000005612D-03
                                        relax_initial_Y    3.3724199999999999D-01
                                                  new y    3.3724199999999971D-01
 net name basic.net
 do_element_diffusion T
 lnPgas_flag T
 kappa_file_prefix gs98
 kappa_lowT_prefix lowT_fa05_gs98
   eos_file_prefix mesa
                                        OMP_NUM_THREADS           1



stop because Lnuc_div_L >= Lnuc_div_L_zams_limit
    0.1009757574E+01    0.9990000000E+00

        821   7.149614   5915.324  -0.103181  -0.103181   0.855099   0.855099   0.654718   0.000706   0.337205   0.655084  -1.584026    819      0
   5.767999   1.996097  -0.074140 -46.108970  -1.661660 -99.000000   0.000000   0.337654   0.003548   0.007580   0.337329   0.084414      4      0
 2.9706E+07  17.261195  -0.107398 -15.653560   4.870620  -6.684427   0.000000   0.001027   0.000796  7.627E-03  7.587E-03 -0.208E-10  max increase

save photos/x821 for model 821
save final_profile.data write fgong_plot.data
                               s% atm_structure_num_pts          58
save final_profile.data.FGONG    821
 final_profile.data.FGONG for model 821
 saved to zams.mod
termination code: Lnuc_div_L_zams_limit

       runtime, prev time, retries, backups, steps         8.0        28.2         0         0       821
        821   7.149614   5915.324  -0.103181  -0.103181   0.855099   0.855099   0.654718   0.000706   0.337205   0.655084  -1.584026    819      0
   5.767999   1.996097  -0.074140 -46.108970  -1.661660 -99.000000   0.000000   0.337654   0.003548   0.007580   0.337329   0.084414      4      0
 2.9706E+07  17.261195  -0.107398 -15.653560   4.870620  -6.684427   0.000000   0.001027   0.000796  7.627E-03  7.587E-03 -0.208E-10  max increase

DATE: 2016-02-26
TIME: 17:09:33
DATE: 2016-02-26
TIME: 17:09:33
                                         version_number        8118
 read inlist_1.0
load saved model zams.mod

 new_lnPgas_flag T
 net name basic.net
 do_element_diffusion T
 lnPgas_flag T
                       which_atm_option: Eddington_grey
 kappa_file_prefix gs98
 kappa_lowT_prefix lowT_fa05_gs98
   eos_file_prefix mesa
                                        OMP_NUM_THREADS           1


__________________________________________________________________________________________________________________________________________________

       step    lg_Tcntr    Teff       lg_LH     lg_Lnuc     Mass       H_rich     H_cntr     N_cntr     Y_surf     X_avg     eta_cntr  zones retry
   lg_dt_yr    lg_Dcntr    lg_R       lg_L3a    lg_Lneu     lg_Mdot    He_core    He_cntr    O_cntr     Z_surf     Y_avg     gam_cntr  iters bckup
     age_yr    lg_Pcntr    lg_L       lg_LZ     lg_Psurf    lg_Dsurf   C_core     C_cntr     Ne_cntr    Z_cntr     Z_avg     v_div_cs     dt_limit
__________________________________________________________________________________________________________________________________________________

