DATE: 2016-02-25
TIME: 13:25:07
                                         version_number        8118
 read inlist_1.0
 create pre-main-sequence model
                                                species           8
 abundances
                                                     h1    7.3067299999999991D-01
                                                    he3    2.7833013306955516D-05
                                                    he4    2.6151116698669308D-01
                                                    c12    1.3401631718502104D-03
                                                    n14    3.9257693813817414D-04
                                                    o16    3.6449579095991103D-03
                                                   ne20    8.1752970441226560D-04
                                                   mg24    1.5927722760002566D-03


                                        relax_num_steps


                               finished relax_num_steps

 new_lnPgas_flag T
                                        relax_initial_Z    7.7879999999999998D-03
                                                  new z    7.7880000000006989D-03
                                        relax_initial_Y    2.6153900000000002D-01
                                                  new y    2.6153899999999969D-01
 net name basic.net
 do_element_diffusion T
 lnPgas_flag T
 kappa_file_prefix gs98
 kappa_lowT_prefix lowT_fa05_gs98
   eos_file_prefix mesa
                                        OMP_NUM_THREADS           2


