000 (28399.000.000) 02/26 16:56:13 Job submitted from host: <134.76.239.76:15915?addrs=134.76.239.76-15915>
...
001 (28399.000.000) 02/26 16:56:22 Job executing on host: <134.76.239.83:29154?addrs=134.76.239.83-29154>
...
006 (28399.000.000) 02/26 16:56:33 Image size of job updated: 65712
	4  -  MemoryUsage of job (MB)
	3260  -  ResidentSetSize of job (KB)
...
006 (28399.000.000) 02/26 17:01:34 Image size of job updated: 1071420
	928  -  MemoryUsage of job (MB)
	950028  -  ResidentSetSize of job (KB)
...
006 (28399.000.000) 02/26 17:06:35 Image size of job updated: 1072028
	928  -  MemoryUsage of job (MB)
	950184  -  ResidentSetSize of job (KB)
...
006 (28399.000.000) 02/26 17:11:35 Image size of job updated: 1079936
	928  -  MemoryUsage of job (MB)
	950184  -  ResidentSetSize of job (KB)
...
006 (28399.000.000) 02/26 17:16:35 Image size of job updated: 1079936
	931  -  MemoryUsage of job (MB)
	953312  -  ResidentSetSize of job (KB)
...
