DATE: 2016-02-25
TIME: 11:14:36
                                         version_number        8118
 read inlist_1.0
 create pre-main-sequence model
                                                species           8
 abundances
                                                     h1    7.5746500000000005D-01
                                                    he3    2.5362257244006636D-05
                                                    he4    2.3829663774275603D-01
                                                    c12    7.2497527516754044D-04
                                                    n14    2.1236859789112598D-04
                                                    o16    1.9717780782152923D-03
                                                   ne20    4.4225123840380007D-04
                                                   mg24    8.6162681032215258D-04


                                        relax_num_steps

       retry log10(dt/yr), log10(dt), retry_factor     1     1       -5.602060        1.897052        0.500000
       retry log10(dt/yr), log10(dt), retry_factor     2     1       -5.903090        1.596022        0.500000

                               finished relax_num_steps

 new_lnPgas_flag T
                                        relax_initial_Z    4.2129999999999997D-03
                                                  new z    4.2130000000004377D-03
                                        relax_initial_Y    2.3832200000000001D-01
                                                  new y    2.3832199999999987D-01
 net name basic.net
 do_element_diffusion T
 lnPgas_flag T
 kappa_file_prefix gs98
 kappa_lowT_prefix lowT_fa05_gs98
   eos_file_prefix mesa
                                        OMP_NUM_THREADS           2



stop because Lnuc_div_L >= Lnuc_div_L_zams_limit
    0.9990568976E+00    0.9990000000E+00

        926   7.240412   7533.992   0.603261   0.603261   1.317294   1.317294   0.755665   0.001055   0.187381   0.757150  -1.888009    646      0
   6.124941   1.980959   0.071301 -41.977418  -1.000341 -99.000000   0.000000   0.240002   0.001970   0.001916   0.238617   0.064701      2      0
 2.0586E+07  17.369857   0.603671 -15.051500   3.934982  -7.850832   0.000000   0.000005   0.000442  4.333E-03  4.233E-03 -0.399E-12        dHe/He

save photos/x926 for model 926
save final_profile.data write fgong_plot.data
                               s% atm_structure_num_pts          48
save final_profile.data.FGONG    926
 final_profile.data.FGONG for model 926
 saved to zams.mod
termination code: Lnuc_div_L_zams_limit

       runtime, prev time, retries, backups, steps         4.9        28.2         0         0       926
        926   7.240412   7533.992   0.603261   0.603261   1.317294   1.317294   0.755665   0.001055   0.187381   0.757150  -1.888009    646      0
   6.124941   1.980959   0.071301 -41.977418  -1.000341 -99.000000   0.000000   0.240002   0.001970   0.001916   0.238617   0.064701      2      0
 2.0586E+07  17.369857   0.603671 -15.051500   3.934982  -7.850832   0.000000   0.000005   0.000442  4.333E-03  4.233E-03 -0.399E-12        dHe/He

DATE: 2016-02-25
TIME: 11:20:10
DATE: 2016-02-25
TIME: 11:20:10
                                         version_number        8118
 read inlist_1.0
load saved model zams.mod

 new_lnPgas_flag T
 net name basic.net
 do_element_diffusion T
 lnPgas_flag T
                       which_atm_option: Eddington_grey
 kappa_file_prefix gs98
 kappa_lowT_prefix lowT_fa05_gs98
   eos_file_prefix mesa
                                        OMP_NUM_THREADS           2


__________________________________________________________________________________________________________________________________________________

       step    lg_Tcntr    Teff       lg_LH     lg_Lnuc     Mass       H_rich     H_cntr     N_cntr     Y_surf     X_avg     eta_cntr  zones retry
   lg_dt_yr    lg_Dcntr    lg_R       lg_L3a    lg_Lneu     lg_Mdot    He_core    He_cntr    O_cntr     Z_surf     Y_avg     gam_cntr  iters bckup
     age_yr    lg_Pcntr    lg_L       lg_LZ     lg_Psurf    lg_Dsurf   C_core     C_cntr     Ne_cntr    Z_cntr     Z_avg     v_div_cs     dt_limit
__________________________________________________________________________________________________________________________________________________

