000 (20864.000.000) 02/24 21:35:20 Job submitted from host: <134.76.239.76:13753?addrs=134.76.239.76-13753>
...
001 (20864.000.000) 02/25 05:56:47 Job executing on host: <134.76.239.78:21556?addrs=134.76.239.78-21556>
...
006 (20864.000.000) 02/25 05:56:56 Image size of job updated: 1
	3  -  MemoryUsage of job (MB)
	2072  -  ResidentSetSize of job (KB)
...
006 (20864.000.000) 02/25 06:01:56 Image size of job updated: 1143904
	937  -  MemoryUsage of job (MB)
	958920  -  ResidentSetSize of job (KB)
...
006 (20864.000.000) 02/25 06:06:56 Image size of job updated: 1145540
	937  -  MemoryUsage of job (MB)
	958920  -  ResidentSetSize of job (KB)
...
006 (20864.000.000) 02/25 06:11:57 Image size of job updated: 1249336
	1077  -  MemoryUsage of job (MB)
	1101912  -  ResidentSetSize of job (KB)
...
006 (20864.000.000) 02/25 06:16:58 Image size of job updated: 1251572
	1081  -  MemoryUsage of job (MB)
	1106844  -  ResidentSetSize of job (KB)
...
006 (20864.000.000) 02/25 06:21:58 Image size of job updated: 1462592
	1250  -  MemoryUsage of job (MB)
	1279012  -  ResidentSetSize of job (KB)
...
006 (20864.000.000) 02/25 06:26:59 Image size of job updated: 1462600
	1250  -  MemoryUsage of job (MB)
	1279012  -  ResidentSetSize of job (KB)
...
005 (20864.000.000) 02/25 08:04:11 Job terminated.
	(1) Normal termination (return value 0)
		Usr 0 03:24:06, Sys 0 00:00:37  -  Run Remote Usage
		Usr 0 00:00:00, Sys 0 00:00:00  -  Run Local Usage
		Usr 0 03:24:06, Sys 0 00:00:37  -  Total Remote Usage
		Usr 0 00:00:00, Sys 0 00:00:00  -  Total Local Usage
	0  -  Run Bytes Sent By Job
	0  -  Run Bytes Received By Job
	0  -  Total Bytes Sent By Job
	0  -  Total Bytes Received By Job
	Partitionable Resources :    Usage  Request Allocated
	   Cpus                 :                 2         2
	   Disk (KB)            :        1        1   5108723
	   Memory (MB)          :     1250        1         1
...
