000 (20742.000.000) 02/24 21:35:14 Job submitted from host: <134.76.239.76:13753?addrs=134.76.239.76-13753>
...
001 (20742.000.000) 02/25 04:29:48 Job executing on host: <134.76.239.85:29523?addrs=134.76.239.85-29523>
...
006 (20742.000.000) 02/25 04:29:56 Image size of job updated: 228640
	77  -  MemoryUsage of job (MB)
	78540  -  ResidentSetSize of job (KB)
...
006 (20742.000.000) 02/25 04:34:56 Image size of job updated: 1146320
	937  -  MemoryUsage of job (MB)
	959392  -  ResidentSetSize of job (KB)
...
006 (20742.000.000) 02/25 04:49:58 Image size of job updated: 1242528
	1074  -  MemoryUsage of job (MB)
	1099684  -  ResidentSetSize of job (KB)
...
006 (20742.000.000) 02/25 04:54:59 Image size of job updated: 1242528
	1075  -  MemoryUsage of job (MB)
	1100020  -  ResidentSetSize of job (KB)
...
006 (20742.000.000) 02/25 05:00:00 Image size of job updated: 1429012
	1219  -  MemoryUsage of job (MB)
	1247624  -  ResidentSetSize of job (KB)
...
006 (20742.000.000) 02/25 05:05:00 Image size of job updated: 1429012
	1219  -  MemoryUsage of job (MB)
	1247944  -  ResidentSetSize of job (KB)
...
006 (20742.000.000) 02/25 05:10:01 Image size of job updated: 1429452
	1219  -  MemoryUsage of job (MB)
	1247948  -  ResidentSetSize of job (KB)
...
006 (20742.000.000) 02/25 05:15:02 Image size of job updated: 1432596
	1220  -  MemoryUsage of job (MB)
	1249020  -  ResidentSetSize of job (KB)
...
006 (20742.000.000) 02/25 05:20:02 Image size of job updated: 1434656
	1220  -  MemoryUsage of job (MB)
	1249020  -  ResidentSetSize of job (KB)
...
022 (20742.000.000) 02/25 05:31:28 Job disconnected, attempting to reconnect
    Socket between submit and execute hosts closed unexpectedly
    Trying to reconnect to slot1@seismo25.mps.mpg.de <134.76.239.85:29523?addrs=134.76.239.85-29523>
...
024 (20742.000.000) 02/25 06:11:29 Job reconnection failed
    Job disconnected too long: JobLeaseDuration (2400 seconds) expired
    Can not reconnect to slot1@seismo25.mps.mpg.de, rescheduling job
...
001 (20742.000.000) 02/25 06:20:47 Job executing on host: <134.76.239.78:21556?addrs=134.76.239.78-21556>
...
005 (20742.000.000) 02/25 09:01:14 Job terminated.
	(1) Normal termination (return value 0)
		Usr 0 04:25:39, Sys 0 00:01:05  -  Run Remote Usage
		Usr 0 00:00:00, Sys 0 00:00:00  -  Run Local Usage
		Usr 0 04:25:39, Sys 0 00:01:05  -  Total Remote Usage
		Usr 0 00:00:00, Sys 0 00:00:00  -  Total Local Usage
	0  -  Run Bytes Sent By Job
	0  -  Run Bytes Received By Job
	0  -  Total Bytes Sent By Job
	0  -  Total Bytes Received By Job
	Partitionable Resources :    Usage  Request Allocated
	   Cpus                 :                 2         2
	   Disk (KB)            :        1        1   5108723
	   Memory (MB)          :     1221     1221      1221
...
