000 (28158.000.000) 02/26 16:56:00 Job submitted from host: <134.76.239.76:15915?addrs=134.76.239.76-15915>
...
001 (28158.000.000) 02/26 16:56:06 Job executing on host: <134.76.239.79:28065?addrs=134.76.239.79-28065>
...
006 (28158.000.000) 02/26 16:56:17 Image size of job updated: 45172
	5  -  MemoryUsage of job (MB)
	4296  -  ResidentSetSize of job (KB)
...
006 (28158.000.000) 02/26 17:01:17 Image size of job updated: 1071656
	933  -  MemoryUsage of job (MB)
	954584  -  ResidentSetSize of job (KB)
...
006 (28158.000.000) 02/26 17:06:17 Image size of job updated: 1072268
	933  -  MemoryUsage of job (MB)
	955128  -  ResidentSetSize of job (KB)
...
006 (28158.000.000) 02/26 17:11:17 Image size of job updated: 1081228
	933  -  MemoryUsage of job (MB)
	955128  -  ResidentSetSize of job (KB)
...
006 (28158.000.000) 02/26 17:16:19 Image size of job updated: 1236688
	1092  -  MemoryUsage of job (MB)
	1117780  -  ResidentSetSize of job (KB)
...
