DATE: 2016-02-25
TIME: 13:24:19
                                         version_number        8118
 read inlist_1.0
 create pre-main-sequence model
                                                species           8
 abundances
                                                     h1    6.5105800000000014D-01
                                                    he3    3.6039069214867295D-05
                                                    he4    3.3861296093078519D-01
                                                    c12    1.7712249008543957D-03
                                                    n14    5.1884879612945222D-04
                                                    o16    4.8173538473938304D-03
                                                   ne20    1.0804870631118822D-03
                                                   mg24    2.1050853925103264D-03


                                        relax_num_steps


                               finished relax_num_steps

 new_lnPgas_flag T
                                        relax_initial_Z    1.0293000000000000D-02
                                                  new z    1.0293000000000234D-02
                                        relax_initial_Y    3.3864899999999998D-01
                                                  new y    3.3864900000000009D-01
 net name basic.net
 do_element_diffusion T
 lnPgas_flag T
 kappa_file_prefix gs98
 kappa_lowT_prefix lowT_fa05_gs98
   eos_file_prefix mesa
                                        OMP_NUM_THREADS           2


