000 (20745.000.000) 02/24 21:35:14 Job submitted from host: <134.76.239.76:13753?addrs=134.76.239.76-13753>
...
001 (20745.000.000) 02/25 04:33:47 Job executing on host: <134.76.239.85:29523?addrs=134.76.239.85-29523>
...
006 (20745.000.000) 02/25 04:33:56 Image size of job updated: 827408
	626  -  MemoryUsage of job (MB)
	640184  -  ResidentSetSize of job (KB)
...
006 (20745.000.000) 02/25 04:38:57 Image size of job updated: 1147024
	936  -  MemoryUsage of job (MB)
	957552  -  ResidentSetSize of job (KB)
...
006 (20745.000.000) 02/25 05:08:59 Image size of job updated: 1242304
	1069  -  MemoryUsage of job (MB)
	1094512  -  ResidentSetSize of job (KB)
...
006 (20745.000.000) 02/25 05:24:01 Image size of job updated: 1242728
	1069  -  MemoryUsage of job (MB)
	1094516  -  ResidentSetSize of job (KB)
...
006 (20745.000.000) 02/25 05:29:02 Image size of job updated: 1242728
	1070  -  MemoryUsage of job (MB)
	1094848  -  ResidentSetSize of job (KB)
...
022 (20745.000.000) 02/25 05:35:28 Job disconnected, attempting to reconnect
    Socket between submit and execute hosts closed unexpectedly
    Trying to reconnect to slot1@seismo25.mps.mpg.de <134.76.239.85:29523?addrs=134.76.239.85-29523>
...
024 (20745.000.000) 02/25 06:15:31 Job reconnection failed
    Job disconnected too long: JobLeaseDuration (2400 seconds) expired
    Can not reconnect to slot1@seismo25.mps.mpg.de, rescheduling job
...
001 (20745.000.000) 02/25 06:21:48 Job executing on host: <134.76.239.87:13734?addrs=134.76.239.87-13734>
...
006 (20745.000.000) 02/25 07:32:02 Image size of job updated: 1431624
	1221  -  MemoryUsage of job (MB)
	1250000  -  ResidentSetSize of job (KB)
...
006 (20745.000.000) 02/25 07:37:02 Image size of job updated: 1456160
	1240  -  MemoryUsage of job (MB)
	1269012  -  ResidentSetSize of job (KB)
...
006 (20745.000.000) 02/25 07:42:03 Image size of job updated: 1456160
	1240  -  MemoryUsage of job (MB)
	1269356  -  ResidentSetSize of job (KB)
...
006 (20745.000.000) 02/25 07:47:04 Image size of job updated: 1456160
	1240  -  MemoryUsage of job (MB)
	1269360  -  ResidentSetSize of job (KB)
...
006 (20745.000.000) 02/25 07:52:04 Image size of job updated: 1456160
	1240  -  MemoryUsage of job (MB)
	1269364  -  ResidentSetSize of job (KB)
...
006 (20745.000.000) 02/25 07:57:05 Image size of job updated: 1456160
	1240  -  MemoryUsage of job (MB)
	1269720  -  ResidentSetSize of job (KB)
...
006 (20745.000.000) 02/25 08:07:06 Image size of job updated: 1456172
	1241  -  MemoryUsage of job (MB)
	1269820  -  ResidentSetSize of job (KB)
...
004 (20745.000.000) 02/25 09:57:09 Job was evicted.
	(0) Job was not checkpointed.
		Usr 0 06:07:59, Sys 0 00:01:09  -  Run Remote Usage
		Usr 0 00:00:00, Sys 0 00:00:00  -  Run Local Usage
	0  -  Run Bytes Sent By Job
	0  -  Run Bytes Received By Job
	Partitionable Resources :    Usage  Request Allocated
	   Cpus                 :                 2         2
	   Disk (KB)            :        1        1   5108716
	   Memory (MB)          :     1241     1221      1221
...
001 (20745.000.000) 02/25 09:58:52 Job executing on host: <134.76.239.80:23833?addrs=134.76.239.80-23833>
...
004 (20745.000.000) 02/25 09:59:08 Job was evicted.
	(0) Job was not checkpointed.
		Usr 0 00:00:00, Sys 0 00:00:00  -  Run Remote Usage
		Usr 0 00:00:00, Sys 0 00:00:00  -  Run Local Usage
	0  -  Run Bytes Sent By Job
	0  -  Run Bytes Received By Job
	Partitionable Resources :    Usage  Request Allocated
	   Cpus                 :                 2         2
	   Disk (KB)            :        1        1   5045739
	   Memory (MB)          :     1465     1465      1465
...
001 (20745.000.000) 02/25 09:59:28 Job executing on host: <134.76.239.84:12289?addrs=134.76.239.84-12289>
...
004 (20745.000.000) 02/25 09:59:47 Job was evicted.
	(0) Job was not checkpointed.
		Usr 0 00:00:21, Sys 0 00:00:01  -  Run Remote Usage
		Usr 0 00:00:00, Sys 0 00:00:00  -  Run Local Usage
	0  -  Run Bytes Sent By Job
	0  -  Run Bytes Received By Job
	Partitionable Resources :    Usage  Request Allocated
	   Cpus                 :                 2         2
	   Disk (KB)            :        1        1   5108543
	   Memory (MB)          :     1465     1465      1465
...
001 (20745.000.000) 02/25 10:00:10 Job executing on host: <134.76.239.78:21556?addrs=134.76.239.78-21556>
...
004 (20745.000.000) 02/25 10:08:52 Job was evicted.
	(0) Job was not checkpointed.
		Usr 0 00:12:03, Sys 0 00:00:04  -  Run Remote Usage
		Usr 0 00:00:00, Sys 0 00:00:00  -  Run Local Usage
	0  -  Run Bytes Sent By Job
	0  -  Run Bytes Received By Job
	Partitionable Resources :    Usage  Request Allocated
	   Cpus                 :                 2         2
	   Disk (KB)            :        1        1   5108688
	   Memory (MB)          :     1465     1465      1465
...
001 (20745.000.000) 02/25 10:11:12 Job executing on host: <134.76.239.89:24193?addrs=134.76.239.89-24193>
...
004 (20745.000.000) 02/25 10:49:46 Job was evicted.
	(0) Job was not checkpointed.
		Usr 0 01:07:11, Sys 0 00:00:13  -  Run Remote Usage
		Usr 0 00:00:00, Sys 0 00:00:00  -  Run Local Usage
	0  -  Run Bytes Sent By Job
	0  -  Run Bytes Received By Job
	Partitionable Resources :    Usage  Request Allocated
	   Cpus                 :                 2         2
	   Disk (KB)            :        1        1   5108682
	   Memory (MB)          :     1465     1465      1465
...
001 (20745.000.000) 02/25 10:50:44 Job executing on host: <134.76.239.78:21556?addrs=134.76.239.78-21556>
...
004 (20745.000.000) 02/25 10:52:28 Job was evicted.
	(0) Job was not checkpointed.
		Usr 0 00:02:25, Sys 0 00:00:02  -  Run Remote Usage
		Usr 0 00:00:00, Sys 0 00:00:00  -  Run Local Usage
	0  -  Run Bytes Sent By Job
	0  -  Run Bytes Received By Job
	Partitionable Resources :    Usage  Request Allocated
	   Cpus                 :                 2         2
	   Disk (KB)            :        1        1   5108645
	   Memory (MB)          :     1465     1465      1465
...
001 (20745.000.000) 02/25 10:54:27 Job executing on host: <134.76.239.83:20501?addrs=134.76.239.83-20501>
...
004 (20745.000.000) 02/25 11:04:25 Job was evicted.
	(0) Job was not checkpointed.
		Usr 0 00:17:05, Sys 0 00:00:05  -  Run Remote Usage
		Usr 0 00:00:00, Sys 0 00:00:00  -  Run Local Usage
	0  -  Run Bytes Sent By Job
	0  -  Run Bytes Received By Job
	Partitionable Resources :    Usage  Request Allocated
	   Cpus                 :                 2         2
	   Disk (KB)            :        1        1   5108605
	   Memory (MB)          :     1465     1465      1465
...
001 (20745.000.000) 02/25 11:06:25 Job executing on host: <134.76.239.87:13734?addrs=134.76.239.87-13734>
...
004 (20745.000.000) 02/25 11:08:07 Job was evicted.
	(0) Job was not checkpointed.
		Usr 0 00:02:18, Sys 0 00:00:01  -  Run Remote Usage
		Usr 0 00:00:00, Sys 0 00:00:00  -  Run Local Usage
	0  -  Run Bytes Sent By Job
	0  -  Run Bytes Received By Job
	Partitionable Resources :    Usage  Request Allocated
	   Cpus                 :                 2         2
	   Disk (KB)            :        1        1   5108624
	   Memory (MB)          :     1465     1465      1465
...
001 (20745.000.000) 02/25 11:11:07 Job executing on host: <134.76.239.88:25067?addrs=134.76.239.88-25067>
...
004 (20745.000.000) 02/25 11:30:52 Job was evicted.
	(0) Job was not checkpointed.
		Usr 0 00:27:49, Sys 0 00:00:10  -  Run Remote Usage
		Usr 0 00:00:00, Sys 0 00:00:00  -  Run Local Usage
	0  -  Run Bytes Sent By Job
	0  -  Run Bytes Received By Job
	Partitionable Resources :    Usage  Request Allocated
	   Cpus                 :                 2         2
	   Disk (KB)            :        1        1   5108583
	   Memory (MB)          :     1465     1465      1465
...
001 (20745.000.000) 02/25 11:32:40 Job executing on host: <134.76.239.87:13734?addrs=134.76.239.87-13734>
...
004 (20745.000.000) 02/25 11:45:13 Job was evicted.
	(0) Job was not checkpointed.
		Usr 0 00:16:32, Sys 0 00:00:05  -  Run Remote Usage
		Usr 0 00:00:00, Sys 0 00:00:00  -  Run Local Usage
	0  -  Run Bytes Sent By Job
	0  -  Run Bytes Received By Job
	Partitionable Resources :    Usage  Request Allocated
	   Cpus                 :                 2         2
	   Disk (KB)            :        1        1   5108607
	   Memory (MB)          :     1465     1465      1465
...
001 (20745.000.000) 02/25 11:48:00 Job executing on host: <134.76.239.87:13734?addrs=134.76.239.87-13734>
...
004 (20745.000.000) 02/25 11:57:16 Job was evicted.
	(0) Job was not checkpointed.
		Usr 0 00:12:03, Sys 0 00:00:04  -  Run Remote Usage
		Usr 0 00:00:00, Sys 0 00:00:00  -  Run Local Usage
	0  -  Run Bytes Sent By Job
	0  -  Run Bytes Received By Job
	Partitionable Resources :    Usage  Request Allocated
	   Cpus                 :                 2         2
	   Disk (KB)            :        1        1   5108594
	   Memory (MB)          :     1465     1465      1465
...
001 (20745.000.000) 02/25 11:59:19 Job executing on host: <134.76.239.78:21556?addrs=134.76.239.78-21556>
...
004 (20745.000.000) 02/25 13:21:06 Job was evicted.
	(0) Job was not checkpointed.
		Usr 0 02:22:24, Sys 0 00:00:32  -  Run Remote Usage
		Usr 0 00:00:00, Sys 0 00:00:00  -  Run Local Usage
	0  -  Run Bytes Sent By Job
	0  -  Run Bytes Received By Job
	Partitionable Resources :    Usage  Request Allocated
	   Cpus                 :                 2         2
	   Disk (KB)            :        1        1   5108597
	   Memory (MB)          :     1465     1465      1465
...
001 (20745.000.000) 02/25 13:23:08 Job executing on host: <134.76.239.84:12289?addrs=134.76.239.84-12289>
...
