000 (20881.000.000) 02/24 21:35:21 Job submitted from host: <134.76.239.76:13753?addrs=134.76.239.76-13753>
...
001 (20881.000.000) 02/25 06:09:47 Job executing on host: <134.76.239.86:20177?addrs=134.76.239.86-20177>
...
006 (20881.000.000) 02/25 06:09:55 Image size of job updated: 1
	3  -  MemoryUsage of job (MB)
	2072  -  ResidentSetSize of job (KB)
...
006 (20881.000.000) 02/25 06:14:55 Image size of job updated: 1145788
	932  -  MemoryUsage of job (MB)
	954368  -  ResidentSetSize of job (KB)
...
006 (20881.000.000) 02/25 06:19:57 Image size of job updated: 1147116
	932  -  MemoryUsage of job (MB)
	954368  -  ResidentSetSize of job (KB)
...
006 (20881.000.000) 02/25 06:34:58 Image size of job updated: 1242252
	1071  -  MemoryUsage of job (MB)
	1096648  -  ResidentSetSize of job (KB)
...
006 (20881.000.000) 02/25 06:44:59 Image size of job updated: 1242252
	1071  -  MemoryUsage of job (MB)
	1096652  -  ResidentSetSize of job (KB)
...
006 (20881.000.000) 02/25 06:49:59 Image size of job updated: 1242252
	1072  -  MemoryUsage of job (MB)
	1096988  -  ResidentSetSize of job (KB)
...
006 (20881.000.000) 02/25 07:00:00 Image size of job updated: 1428736
	1216  -  MemoryUsage of job (MB)
	1244228  -  ResidentSetSize of job (KB)
...
006 (20881.000.000) 02/25 07:05:00 Image size of job updated: 1428736
	1216  -  MemoryUsage of job (MB)
	1244256  -  ResidentSetSize of job (KB)
...
006 (20881.000.000) 02/25 07:10:01 Image size of job updated: 1428736
	1216  -  MemoryUsage of job (MB)
	1244592  -  ResidentSetSize of job (KB)
...
006 (20881.000.000) 02/25 07:30:04 Image size of job updated: 1428736
	1216  -  MemoryUsage of job (MB)
	1244912  -  ResidentSetSize of job (KB)
...
006 (20881.000.000) 02/25 08:40:10 Image size of job updated: 1428924
	1216  -  MemoryUsage of job (MB)
	1244912  -  ResidentSetSize of job (KB)
...
004 (20881.000.000) 02/25 10:09:11 Job was evicted.
	(0) Job was not checkpointed.
		Usr 0 06:43:13, Sys 0 00:01:34  -  Run Remote Usage
		Usr 0 00:00:00, Sys 0 00:00:00  -  Run Local Usage
	0  -  Run Bytes Sent By Job
	0  -  Run Bytes Received By Job
	Partitionable Resources :    Usage  Request Allocated
	   Cpus                 :                 2         2
	   Disk (KB)            :        1        1   5108702
	   Memory (MB)          :     1216        1         1
...
001 (20881.000.000) 02/25 10:11:12 Job executing on host: <134.76.239.90:23525?addrs=134.76.239.90-23525>
...
004 (20881.000.000) 02/25 10:49:46 Job was evicted.
	(0) Job was not checkpointed.
		Usr 0 01:07:54, Sys 0 00:00:16  -  Run Remote Usage
		Usr 0 00:00:00, Sys 0 00:00:00  -  Run Local Usage
	0  -  Run Bytes Sent By Job
	0  -  Run Bytes Received By Job
	Partitionable Resources :    Usage  Request Allocated
	   Cpus                 :                 2         2
	   Disk (KB)            :        1        1   5108689
	   Memory (MB)          :     1221     1221      1221
...
001 (20881.000.000) 02/25 10:50:43 Job executing on host: <134.76.239.84:12289?addrs=134.76.239.84-12289>
...
004 (20881.000.000) 02/25 10:52:29 Job was evicted.
	(0) Job was not checkpointed.
		Usr 0 00:03:05, Sys 0 00:00:01  -  Run Remote Usage
		Usr 0 00:00:00, Sys 0 00:00:00  -  Run Local Usage
	0  -  Run Bytes Sent By Job
	0  -  Run Bytes Received By Job
	Partitionable Resources :    Usage  Request Allocated
	   Cpus                 :                 2         2
	   Disk (KB)            :        1        1   5108523
	   Memory (MB)          :     1221     1221      1221
...
001 (20881.000.000) 02/25 10:54:28 Job executing on host: <134.76.239.86:20177?addrs=134.76.239.86-20177>
...
004 (20881.000.000) 02/25 11:04:25 Job was evicted.
	(0) Job was not checkpointed.
		Usr 0 00:16:46, Sys 0 00:00:06  -  Run Remote Usage
		Usr 0 00:00:00, Sys 0 00:00:00  -  Run Local Usage
	0  -  Run Bytes Sent By Job
	0  -  Run Bytes Received By Job
	Partitionable Resources :    Usage  Request Allocated
	   Cpus                 :                 2         2
	   Disk (KB)            :        1        1   5108600
	   Memory (MB)          :     1221     1221      1221
...
001 (20881.000.000) 02/25 11:06:26 Job executing on host: <134.76.239.90:23525?addrs=134.76.239.90-23525>
...
004 (20881.000.000) 02/25 11:08:07 Job was evicted.
	(0) Job was not checkpointed.
		Usr 0 00:02:21, Sys 0 00:00:01  -  Run Remote Usage
		Usr 0 00:00:00, Sys 0 00:00:00  -  Run Local Usage
	0  -  Run Bytes Sent By Job
	0  -  Run Bytes Received By Job
	Partitionable Resources :    Usage  Request Allocated
	   Cpus                 :                 2         2
	   Disk (KB)            :        1        1   5108665
	   Memory (MB)          :     1221     1221      1221
...
001 (20881.000.000) 02/25 11:11:07 Job executing on host: <134.76.239.89:24193?addrs=134.76.239.89-24193>
...
