000 (20582.000.000) 02/24 21:35:05 Job submitted from host: <134.76.239.76:13753?addrs=134.76.239.76-13753>
...
001 (20582.000.000) 02/25 02:38:43 Job executing on host: <134.76.239.89:24193?addrs=134.76.239.89-24193>
...
006 (20582.000.000) 02/25 02:38:53 Image size of job updated: 65712
	5  -  MemoryUsage of job (MB)
	4300  -  ResidentSetSize of job (KB)
...
006 (20582.000.000) 02/25 02:43:53 Image size of job updated: 1145456
	931  -  MemoryUsage of job (MB)
	953040  -  ResidentSetSize of job (KB)
...
006 (20582.000.000) 02/25 02:48:53 Image size of job updated: 1146672
	931  -  MemoryUsage of job (MB)
	953040  -  ResidentSetSize of job (KB)
...
006 (20582.000.000) 02/25 03:08:55 Image size of job updated: 1281660
	1072  -  MemoryUsage of job (MB)
	1096936  -  ResidentSetSize of job (KB)
...
006 (20582.000.000) 02/25 03:13:56 Image size of job updated: 1281660
	1072  -  MemoryUsage of job (MB)
	1096940  -  ResidentSetSize of job (KB)
...
006 (20582.000.000) 02/25 03:23:56 Image size of job updated: 1281660
	1072  -  MemoryUsage of job (MB)
	1097272  -  ResidentSetSize of job (KB)
...
006 (20582.000.000) 02/25 03:33:58 Image size of job updated: 1402608
	1216  -  MemoryUsage of job (MB)
	1244548  -  ResidentSetSize of job (KB)
...
006 (20582.000.000) 02/25 03:38:58 Image size of job updated: 1427144
	1240  -  MemoryUsage of job (MB)
	1269420  -  ResidentSetSize of job (KB)
...
006 (20582.000.000) 02/25 03:43:59 Image size of job updated: 1427568
	1240  -  MemoryUsage of job (MB)
	1269436  -  ResidentSetSize of job (KB)
...
006 (20582.000.000) 02/25 03:49:00 Image size of job updated: 1427568
	1240  -  MemoryUsage of job (MB)
	1269440  -  ResidentSetSize of job (KB)
...
006 (20582.000.000) 02/25 03:54:00 Image size of job updated: 1428844
	1242  -  MemoryUsage of job (MB)
	1271164  -  ResidentSetSize of job (KB)
...
006 (20582.000.000) 02/25 03:59:00 Image size of job updated: 1433364
	1246  -  MemoryUsage of job (MB)
	1275548  -  ResidentSetSize of job (KB)
...
005 (20582.000.000) 02/25 07:04:15 Job terminated.
	(1) Normal termination (return value 0)
		Usr 0 07:33:51, Sys 0 00:01:14  -  Run Remote Usage
		Usr 0 00:00:00, Sys 0 00:00:00  -  Run Local Usage
		Usr 0 07:33:51, Sys 0 00:01:14  -  Total Remote Usage
		Usr 0 00:00:00, Sys 0 00:00:00  -  Total Local Usage
	0  -  Run Bytes Sent By Job
	0  -  Run Bytes Received By Job
	0  -  Total Bytes Sent By Job
	0  -  Total Bytes Received By Job
	Partitionable Resources :    Usage  Request Allocated
	   Cpus                 :                 2         2
	   Disk (KB)            :        1        1   5108797
	   Memory (MB)          :     1246        1         1
...
