DATE: 2016-02-26
TIME: 16:59:50
                                         version_number        8118
 read inlist_1.0
 create pre-main-sequence model
                                                species           8
 abundances
                                                     h1    7.3921799999999993D-01
                                                    he3    2.6960049014223049D-05
                                                    he4    2.5330903995098575D-01
                                                    c12    1.2813116304053326D-03
                                                    n14    3.7533742698727057D-04
                                                    o16    3.4848942725828388D-03
                                                   ne20    7.8162893927244067D-04
                                                   mg24    1.5228277307521810D-03


                                        relax_num_steps


                               finished relax_num_steps

 new_lnPgas_flag T
                                        relax_initial_Z    7.4460000000000004D-03
                                                  new z    7.4459999999996309D-03
                                        relax_initial_Y    2.5333600000000001D-01
                                                  new y    2.5333599999999978D-01
 net name basic.net
 do_element_diffusion T
 lnPgas_flag T
 kappa_file_prefix gs98
 kappa_lowT_prefix lowT_fa05_gs98
   eos_file_prefix mesa
                                        OMP_NUM_THREADS           1



stop because Lnuc_div_L >= Lnuc_div_L_zams_limit
    0.1004278267E+01    0.9990000000E+00

        807   7.133841   5952.476  -0.097741  -0.097741   0.950021   0.950021   0.738874   0.000485   0.253336   0.739128  -1.619253    782      0
   5.751640   1.935299  -0.075677 -47.366811  -1.689372 -99.000000   0.000000   0.253664   0.003485   0.007446   0.253423   0.080483      2      0
 3.0964E+07  17.212473  -0.099596 -99.000000   4.856974  -6.737204   0.000000   0.001188   0.000782  7.462E-03  7.449E-03 -0.234E-10    varcontrol

save photos/x807 for model 807
save final_profile.data write fgong_plot.data
                               s% atm_structure_num_pts          58
save final_profile.data.FGONG    807
 final_profile.data.FGONG for model 807
 saved to zams.mod
termination code: Lnuc_div_L_zams_limit

       runtime, prev time, retries, backups, steps         7.3        28.2         0         0       807
        807   7.133841   5952.476  -0.097741  -0.097741   0.950021   0.950021   0.738874   0.000485   0.253336   0.739128  -1.619253    782      0
   5.751640   1.935299  -0.075677 -47.366811  -1.689372 -99.000000   0.000000   0.253664   0.003485   0.007446   0.253423   0.080483      2      0
 3.0964E+07  17.212473  -0.099596 -99.000000   4.856974  -6.737204   0.000000   0.001188   0.000782  7.462E-03  7.449E-03 -0.234E-10  max increase

DATE: 2016-02-26
TIME: 17:08:49
DATE: 2016-02-26
TIME: 17:08:49
                                         version_number        8118
 read inlist_1.0
load saved model zams.mod

 new_lnPgas_flag T
 net name basic.net
 do_element_diffusion T
 lnPgas_flag T
                       which_atm_option: Eddington_grey
 kappa_file_prefix gs98
 kappa_lowT_prefix lowT_fa05_gs98
   eos_file_prefix mesa
                                        OMP_NUM_THREADS           1


__________________________________________________________________________________________________________________________________________________

       step    lg_Tcntr    Teff       lg_LH     lg_Lnuc     Mass       H_rich     H_cntr     N_cntr     Y_surf     X_avg     eta_cntr  zones retry
   lg_dt_yr    lg_Dcntr    lg_R       lg_L3a    lg_Lneu     lg_Mdot    He_core    He_cntr    O_cntr     Z_surf     Y_avg     gam_cntr  iters bckup
     age_yr    lg_Pcntr    lg_L       lg_LZ     lg_Psurf    lg_Dsurf   C_core     C_cntr     Ne_cntr    Z_cntr     Z_avg     v_div_cs     dt_limit
__________________________________________________________________________________________________________________________________________________

