000 (20852.000.000) 02/24 21:35:20 Job submitted from host: <134.76.239.76:13753?addrs=134.76.239.76-13753>
...
001 (20852.000.000) 02/25 05:45:47 Job executing on host: <134.76.239.91:19968?addrs=134.76.239.91-19968>
...
006 (20852.000.000) 02/25 05:45:56 Image size of job updated: 1
	3  -  MemoryUsage of job (MB)
	2068  -  ResidentSetSize of job (KB)
...
006 (20852.000.000) 02/25 05:50:57 Image size of job updated: 1143380
	931  -  MemoryUsage of job (MB)
	952760  -  ResidentSetSize of job (KB)
...
006 (20852.000.000) 02/25 05:55:57 Image size of job updated: 1376536
	1151  -  MemoryUsage of job (MB)
	1178228  -  ResidentSetSize of job (KB)
...
006 (20852.000.000) 02/25 06:00:57 Image size of job updated: 1497484
	1296  -  MemoryUsage of job (MB)
	1326168  -  ResidentSetSize of job (KB)
...
006 (20852.000.000) 02/25 06:05:58 Image size of job updated: 1546564
	1296  -  MemoryUsage of job (MB)
	1326168  -  ResidentSetSize of job (KB)
...
006 (20852.000.000) 02/25 06:20:59 Image size of job updated: 1559524
	1296  -  MemoryUsage of job (MB)
	1326168  -  ResidentSetSize of job (KB)
...
005 (20852.000.000) 02/25 07:05:20 Job terminated.
	(1) Normal termination (return value 0)
		Usr 0 01:55:51, Sys 0 00:00:22  -  Run Remote Usage
		Usr 0 00:00:00, Sys 0 00:00:00  -  Run Local Usage
		Usr 0 01:55:51, Sys 0 00:00:22  -  Total Remote Usage
		Usr 0 00:00:00, Sys 0 00:00:00  -  Total Local Usage
	0  -  Run Bytes Sent By Job
	0  -  Run Bytes Received By Job
	0  -  Total Bytes Sent By Job
	0  -  Total Bytes Received By Job
	Partitionable Resources :    Usage  Request Allocated
	   Cpus                 :                 2         2
	   Disk (KB)            :        1        1   5108663
	   Memory (MB)          :     1296        1         1
...
