000 (20468.000.000) 02/24 21:34:59 Job submitted from host: <134.76.239.76:13753?addrs=134.76.239.76-13753>
...
001 (20468.000.000) 02/25 01:20:40 Job executing on host: <134.76.239.89:24193?addrs=134.76.239.89-24193>
...
006 (20468.000.000) 02/25 01:20:49 Image size of job updated: 1
	3  -  MemoryUsage of job (MB)
	2072  -  ResidentSetSize of job (KB)
...
006 (20468.000.000) 02/25 01:25:50 Image size of job updated: 1140760
	929  -  MemoryUsage of job (MB)
	951100  -  ResidentSetSize of job (KB)
...
006 (20468.000.000) 02/25 01:30:50 Image size of job updated: 1262668
	1076  -  MemoryUsage of job (MB)
	1101300  -  ResidentSetSize of job (KB)
...
006 (20468.000.000) 02/25 01:35:50 Image size of job updated: 1475888
	1247  -  MemoryUsage of job (MB)
	1276448  -  ResidentSetSize of job (KB)
...
006 (20468.000.000) 02/25 01:50:52 Image size of job updated: 1475888
	1250  -  MemoryUsage of job (MB)
	1278980  -  ResidentSetSize of job (KB)
...
005 (20468.000.000) 02/25 02:37:51 Job terminated.
	(1) Normal termination (return value 0)
		Usr 0 01:52:44, Sys 0 00:00:28  -  Run Remote Usage
		Usr 0 00:00:00, Sys 0 00:00:00  -  Run Local Usage
		Usr 0 01:52:44, Sys 0 00:00:28  -  Total Remote Usage
		Usr 0 00:00:00, Sys 0 00:00:00  -  Total Local Usage
	0  -  Run Bytes Sent By Job
	0  -  Run Bytes Received By Job
	0  -  Total Bytes Sent By Job
	0  -  Total Bytes Received By Job
	Partitionable Resources :    Usage  Request Allocated
	   Cpus                 :                 2         2
	   Disk (KB)            :        1        1   5108816
	   Memory (MB)          :     1250        1         1
...
