DATE: 2016-02-25
TIME: 11:14:46
                                         version_number        8118
 read inlist_1.0
 create pre-main-sequence model
                                                species           8
 abundances
                                                     h1    6.9234499999999999D-01
                                                    he3    3.1312525743281329D-05
                                                    he4    2.9420368747425674D-01
                                                    c12    2.3093207198548751D-03
                                                    n14    6.7647438492736010D-04
                                                    o16    6.2808596747329108D-03
                                                   ne20    1.4087376262471199D-03
                                                   mg24    2.7446075942377211D-03


                                        relax_num_steps


                               finished relax_num_steps

 new_lnPgas_flag T
                                        relax_initial_Z    1.3420000000000000D-02
                                                  new z    1.3420000000000393D-02
                                        relax_initial_Y    2.9423500000000002D-01
                                                  new y    2.9423499999999997D-01
 net name basic.net
 do_element_diffusion T
 lnPgas_flag T
 kappa_file_prefix gs98
 kappa_lowT_prefix lowT_fa05_gs98
   eos_file_prefix mesa
                                        OMP_NUM_THREADS           2



stop because Lnuc_div_L >= Lnuc_div_L_zams_limit
    0.1008659832E+01    0.9990000000E+00

        820   7.133941   5724.660  -0.167868  -0.167868   0.928049   0.928049   0.691817   0.001092   0.294235   0.692245  -1.658561    562      0
   5.919894   1.932388  -0.077790 -47.197336  -1.722277 -99.000000   0.000000   0.294703   0.006281   0.013420   0.294329   0.082115      4      0
 3.7065E+07  17.193742  -0.171613 -99.000000   4.898892  -6.658665   0.000000   0.001953   0.001409  1.348E-02  1.343E-02 -0.153E-10  max increase

save photos/x820 for model 820
save final_profile.data write fgong_plot.data
                               s% atm_structure_num_pts          80
save final_profile.data.FGONG    820
 final_profile.data.FGONG for model 820
 saved to zams.mod
termination code: Lnuc_div_L_zams_limit

       runtime, prev time, retries, backups, steps         4.3        28.2         0         0       820
        820   7.133941   5724.660  -0.167868  -0.167868   0.928049   0.928049   0.691817   0.001092   0.294235   0.692245  -1.658561    562      0
   5.919894   1.932388  -0.077790 -47.197336  -1.722277 -99.000000   0.000000   0.294703   0.006281   0.013420   0.294329   0.082115      4      0
 3.7065E+07  17.193742  -0.171613 -99.000000   4.898892  -6.658665   0.000000   0.001953   0.001409  1.348E-02  1.343E-02 -0.153E-10  max increase

DATE: 2016-02-25
TIME: 11:19:33
DATE: 2016-02-25
TIME: 11:19:33
                                         version_number        8118
 read inlist_1.0
load saved model zams.mod

 new_lnPgas_flag T
 net name basic.net
 do_element_diffusion T
 lnPgas_flag T
                       which_atm_option: Eddington_grey
 kappa_file_prefix gs98
 kappa_lowT_prefix lowT_fa05_gs98
   eos_file_prefix mesa
                                        OMP_NUM_THREADS           2


__________________________________________________________________________________________________________________________________________________

       step    lg_Tcntr    Teff       lg_LH     lg_Lnuc     Mass       H_rich     H_cntr     N_cntr     Y_surf     X_avg     eta_cntr  zones retry
   lg_dt_yr    lg_Dcntr    lg_R       lg_L3a    lg_Lneu     lg_Mdot    He_core    He_cntr    O_cntr     Z_surf     Y_avg     gam_cntr  iters bckup
     age_yr    lg_Pcntr    lg_L       lg_LZ     lg_Psurf    lg_Dsurf   C_core     C_cntr     Ne_cntr    Z_cntr     Z_avg     v_div_cs     dt_limit
__________________________________________________________________________________________________________________________________________________

