000 (20203.000.000) 02/24 21:34:45 Job submitted from host: <134.76.239.76:13753?addrs=134.76.239.76-13753>
...
001 (20203.000.000) 02/24 22:11:38 Job executing on host: <134.76.239.89:24193?addrs=134.76.239.89-24193>
...
006 (20203.000.000) 02/24 22:11:49 Image size of job updated: 1
	3  -  MemoryUsage of job (MB)
	2064  -  ResidentSetSize of job (KB)
...
006 (20203.000.000) 02/24 22:16:49 Image size of job updated: 168712
	28  -  MemoryUsage of job (MB)
	28172  -  ResidentSetSize of job (KB)
...
006 (20203.000.000) 02/24 22:21:50 Image size of job updated: 1139712
	925  -  MemoryUsage of job (MB)
	946280  -  ResidentSetSize of job (KB)
...
006 (20203.000.000) 02/24 22:26:51 Image size of job updated: 1145232
	925  -  MemoryUsage of job (MB)
	946280  -  ResidentSetSize of job (KB)
...
006 (20203.000.000) 02/24 22:46:53 Image size of job updated: 1242836
	1060  -  MemoryUsage of job (MB)
	1085368  -  ResidentSetSize of job (KB)
...
006 (20203.000.000) 02/24 22:51:53 Image size of job updated: 1242836
	1060  -  MemoryUsage of job (MB)
	1085372  -  ResidentSetSize of job (KB)
...
006 (20203.000.000) 02/24 22:56:54 Image size of job updated: 1248620
	1064  -  MemoryUsage of job (MB)
	1089164  -  ResidentSetSize of job (KB)
...
006 (20203.000.000) 02/24 23:01:55 Image size of job updated: 1314156
	1126  -  MemoryUsage of job (MB)
	1152400  -  ResidentSetSize of job (KB)
...
006 (20203.000.000) 02/24 23:06:55 Image size of job updated: 1314156
	1126  -  MemoryUsage of job (MB)
	1152428  -  ResidentSetSize of job (KB)
...
006 (20203.000.000) 02/24 23:11:55 Image size of job updated: 1387764
	1198  -  MemoryUsage of job (MB)
	1226044  -  ResidentSetSize of job (KB)
...
006 (20203.000.000) 02/24 23:16:56 Image size of job updated: 1508712
	1342  -  MemoryUsage of job (MB)
	1373340  -  ResidentSetSize of job (KB)
...
006 (20203.000.000) 02/24 23:21:56 Image size of job updated: 1508712
	1342  -  MemoryUsage of job (MB)
	1373660  -  ResidentSetSize of job (KB)
...
006 (20203.000.000) 02/24 23:36:58 Image size of job updated: 1533248
	1366  -  MemoryUsage of job (MB)
	1398516  -  ResidentSetSize of job (KB)
...
006 (20203.000.000) 02/24 23:41:58 Image size of job updated: 1558400
	1391  -  MemoryUsage of job (MB)
	1423700  -  ResidentSetSize of job (KB)
...
006 (20203.000.000) 02/25 00:42:04 Image size of job updated: 1559384
	1391  -  MemoryUsage of job (MB)
	1423700  -  ResidentSetSize of job (KB)
...
006 (20203.000.000) 02/25 00:47:04 Image size of job updated: 1584536
	1404  -  MemoryUsage of job (MB)
	1437352  -  ResidentSetSize of job (KB)
...
005 (20203.000.000) 02/25 02:16:54 Job terminated.
	(1) Normal termination (return value 0)
		Usr 0 06:33:47, Sys 0 00:01:31  -  Run Remote Usage
		Usr 0 00:00:00, Sys 0 00:00:00  -  Run Local Usage
		Usr 0 06:33:47, Sys 0 00:01:31  -  Total Remote Usage
		Usr 0 00:00:00, Sys 0 00:00:00  -  Total Local Usage
	0  -  Run Bytes Sent By Job
	0  -  Run Bytes Received By Job
	0  -  Total Bytes Sent By Job
	0  -  Total Bytes Received By Job
	Partitionable Resources :    Usage  Request Allocated
	   Cpus                 :                 2         2
	   Disk (KB)            :        1        1   5108848
	   Memory (MB)          :     1404        1         1
...
