DATE: 2016-02-26
TIME: 16:59:45
                                         version_number        8118
 read inlist_1.0
 create pre-main-sequence model
                                                species           8
 abundances
                                                     h1    7.6488200000000006D-01
                                                    he3    2.3641230968001584D-05
                                                    he4    2.2212635876903200D-01
                                                    c12    2.2315403200505218D-03
                                                    n14    6.5369000176885249D-04
                                                    o16    6.0693135813663437D-03
                                                   ne20    1.3612898313839523D-03
                                                   mg24    2.6521662654303089D-03


                                        relax_num_steps


                               finished relax_num_steps

 new_lnPgas_flag T
                                        relax_initial_Z    1.2968000000000000D-02
                                                  new z    1.2968000000000245D-02
                                        relax_initial_Y    2.2214999999999999D-01
                                                  new y    2.2214999999999988D-01
 net name basic.net
 do_element_diffusion T
 lnPgas_flag T
 kappa_file_prefix gs98
 kappa_lowT_prefix lowT_fa05_gs98
   eos_file_prefix mesa
                                        OMP_NUM_THREADS           1



stop because Lnuc_div_L >= Lnuc_div_L_zams_limit
    0.1001191075E+01    0.9990000000E+00

        872   7.210712   6613.441   0.564275   0.564275   1.466708   1.466708   0.764626   0.001389   0.222149   0.764806  -2.197643    801      0
   4.990287   1.806237   0.164540 -43.831081  -0.820126 -99.000000   0.000000   0.222301   0.006069   0.012968   0.222198   0.060577      4      0
 1.5762E+07  17.166910   0.563758 -99.000000   4.338512  -7.312165   0.000000   0.001601   0.001361  1.307E-02  1.300E-02 -0.232E-09    varcontrol

save photos/x872 for model 872
save final_profile.data write fgong_plot.data
                               s% atm_structure_num_pts          55
save final_profile.data.FGONG    872
 final_profile.data.FGONG for model 872
 saved to zams.mod
termination code: Lnuc_div_L_zams_limit

       runtime, prev time, retries, backups, steps         8.0        28.2         0         0       872
        872   7.210712   6613.441   0.564275   0.564275   1.466708   1.466708   0.764626   0.001389   0.222149   0.764806  -2.197643    801      0
   4.990287   1.806237   0.164540 -43.831081  -0.820126 -99.000000   0.000000   0.222301   0.006069   0.012968   0.222198   0.060577      4      0
 1.5762E+07  17.166910   0.563758 -99.000000   4.338512  -7.312165   0.000000   0.001601   0.001361  1.307E-02  1.300E-02 -0.232E-09    varcontrol

DATE: 2016-02-26
TIME: 17:09:31
DATE: 2016-02-26
TIME: 17:09:31
                                         version_number        8118
 read inlist_1.0
load saved model zams.mod

 new_lnPgas_flag T
 net name basic.net
 do_element_diffusion T
 lnPgas_flag T
                       which_atm_option: Eddington_grey
 kappa_file_prefix gs98
 kappa_lowT_prefix lowT_fa05_gs98
   eos_file_prefix mesa
                                        OMP_NUM_THREADS           1


__________________________________________________________________________________________________________________________________________________

       step    lg_Tcntr    Teff       lg_LH     lg_Lnuc     Mass       H_rich     H_cntr     N_cntr     Y_surf     X_avg     eta_cntr  zones retry
   lg_dt_yr    lg_Dcntr    lg_R       lg_L3a    lg_Lneu     lg_Mdot    He_core    He_cntr    O_cntr     Z_surf     Y_avg     gam_cntr  iters bckup
     age_yr    lg_Pcntr    lg_L       lg_LZ     lg_Psurf    lg_Dsurf   C_core     C_cntr     Ne_cntr    Z_cntr     Z_avg     v_div_cs     dt_limit
__________________________________________________________________________________________________________________________________________________

