000 (20642.000.000) 02/24 21:35:08 Job submitted from host: <134.76.239.76:13753?addrs=134.76.239.76-13753>
...
001 (20642.000.000) 02/25 03:28:45 Job executing on host: <134.76.239.87:13734?addrs=134.76.239.87-13734>
...
006 (20642.000.000) 02/25 03:28:54 Image size of job updated: 202156
	42  -  MemoryUsage of job (MB)
	42984  -  ResidentSetSize of job (KB)
...
006 (20642.000.000) 02/25 03:33:55 Image size of job updated: 1145720
	930  -  MemoryUsage of job (MB)
	952264  -  ResidentSetSize of job (KB)
...
006 (20642.000.000) 02/25 03:38:55 Image size of job updated: 1146924
	930  -  MemoryUsage of job (MB)
	952264  -  ResidentSetSize of job (KB)
...
006 (20642.000.000) 02/25 04:24:00 Image size of job updated: 1268432
	1073  -  MemoryUsage of job (MB)
	1097808  -  ResidentSetSize of job (KB)
...
006 (20642.000.000) 02/25 04:34:01 Image size of job updated: 1268432
	1073  -  MemoryUsage of job (MB)
	1097812  -  ResidentSetSize of job (KB)
...
006 (20642.000.000) 02/25 04:44:02 Image size of job updated: 1335084
	1135  -  MemoryUsage of job (MB)
	1161968  -  ResidentSetSize of job (KB)
...
006 (20642.000.000) 02/25 05:04:04 Image size of job updated: 1335084
	1135  -  MemoryUsage of job (MB)
	1161972  -  ResidentSetSize of job (KB)
...
006 (20642.000.000) 02/25 05:09:05 Image size of job updated: 1456032
	1279  -  MemoryUsage of job (MB)
	1309236  -  ResidentSetSize of job (KB)
...
006 (20642.000.000) 02/25 05:19:06 Image size of job updated: 1480568
	1303  -  MemoryUsage of job (MB)
	1334092  -  ResidentSetSize of job (KB)
...
006 (20642.000.000) 02/25 05:24:06 Image size of job updated: 1483552
	1305  -  MemoryUsage of job (MB)
	1336152  -  ResidentSetSize of job (KB)
...
006 (20642.000.000) 02/25 05:29:07 Image size of job updated: 1483552
	1305  -  MemoryUsage of job (MB)
	1336172  -  ResidentSetSize of job (KB)
...
006 (20642.000.000) 02/25 05:34:07 Image size of job updated: 1483552
	1305  -  MemoryUsage of job (MB)
	1336184  -  ResidentSetSize of job (KB)
...
006 (20642.000.000) 02/25 05:39:07 Image size of job updated: 1483552
	1305  -  MemoryUsage of job (MB)
	1336188  -  ResidentSetSize of job (KB)
...
006 (20642.000.000) 02/25 05:44:08 Image size of job updated: 1483552
	1306  -  MemoryUsage of job (MB)
	1336512  -  ResidentSetSize of job (KB)
...
006 (20642.000.000) 02/25 05:59:10 Image size of job updated: 1551036
	1327  -  MemoryUsage of job (MB)
	1358616  -  ResidentSetSize of job (KB)
...
006 (20642.000.000) 02/25 06:04:11 Image size of job updated: 1551036
	1327  -  MemoryUsage of job (MB)
	1358728  -  ResidentSetSize of job (KB)
...
006 (20642.000.000) 02/25 06:09:11 Image size of job updated: 1551048
	1327  -  MemoryUsage of job (MB)
	1358728  -  ResidentSetSize of job (KB)
...
006 (20642.000.000) 02/25 09:27:07 Image size of job updated: 11650696
	1327  -  MemoryUsage of job (MB)
	1358728  -  ResidentSetSize of job (KB)
...
005 (20642.000.000) 02/25 09:27:07 Job terminated.
	(1) Normal termination (return value 0)
		Usr 0 10:03:44, Sys 0 00:01:36  -  Run Remote Usage
		Usr 0 00:00:00, Sys 0 00:00:00  -  Run Local Usage
		Usr 0 10:03:44, Sys 0 00:01:36  -  Total Remote Usage
		Usr 0 00:00:00, Sys 0 00:00:00  -  Total Local Usage
	0  -  Run Bytes Sent By Job
	0  -  Run Bytes Received By Job
	0  -  Total Bytes Sent By Job
	0  -  Total Bytes Received By Job
	Partitionable Resources :    Usage  Request Allocated
	   Cpus                 :                 2         2
	   Disk (KB)            :        1        1   5108745
	   Memory (MB)          :     1327        1         1
...
