DATE: 2016-02-26
TIME: 16:59:52
                                         version_number        8118
 read inlist_1.0
 create pre-main-sequence model
                                                species           8
 abundances
                                                     h1    7.4644699999999997D-01
                                                    he3    2.6660795620200899D-05
                                                    he4    2.5049733920437983D-01
                                                    c12    5.2123192700747418D-04
                                                    n14    1.5268561191840097D-04
                                                    o16    1.4176396389542236D-03
                                                   ne20    3.1796320938170321D-04
                                                   mg24    6.1947961273814672D-04


                                        relax_num_steps


                               finished relax_num_steps

 new_lnPgas_flag T
                                        relax_initial_Z    3.0290000000000000D-03
                                                  new z    3.0290000000009055D-03
                                        relax_initial_Y    2.5052400000000002D-01
                                                  new y    2.5052399999999986D-01
 net name basic.net
 do_element_diffusion T
 lnPgas_flag T
 kappa_file_prefix gs98
 kappa_lowT_prefix lowT_fa05_gs98
   eos_file_prefix mesa
                                        OMP_NUM_THREADS           1



stop because Lnuc_div_L >= Lnuc_div_L_zams_limit
    0.1018829277E+01    0.9990000000E+00

        795   7.106859   5716.113  -0.230534  -0.230534   0.816428   0.816428   0.745998   0.000163   0.249795   0.746375  -1.407633    791      0
   5.566112   1.978499  -0.110003 -48.721814  -1.870019 -99.000000   0.000000   0.250969   0.001419   0.003020   0.250595   0.088124      4      0
 3.2350E+07  17.232034  -0.238635 -15.954590   5.005935  -6.573045   0.000000   0.000513   0.000318  3.033E-03  3.029E-03 -0.487E-10    varcontrol

save photos/x795 for model 795
save final_profile.data write fgong_plot.data
                               s% atm_structure_num_pts          64
save final_profile.data.FGONG    795
 final_profile.data.FGONG for model 795
 saved to zams.mod
termination code: Lnuc_div_L_zams_limit

       runtime, prev time, retries, backups, steps         7.6        28.2         0         0       795
        795   7.106859   5716.113  -0.230534  -0.230534   0.816428   0.816428   0.745998   0.000163   0.249795   0.746375  -1.407633    791      0
   5.566112   1.978499  -0.110003 -48.721814  -1.870019 -99.000000   0.000000   0.250969   0.001419   0.003020   0.250595   0.088124      4      0
 3.2350E+07  17.232034  -0.238635 -15.954590   5.005935  -6.573045   0.000000   0.000513   0.000318  3.033E-03  3.029E-03 -0.487E-10    varcontrol

DATE: 2016-02-26
TIME: 17:09:09
DATE: 2016-02-26
TIME: 17:09:09
                                         version_number        8118
 read inlist_1.0
load saved model zams.mod

 new_lnPgas_flag T
 net name basic.net
 do_element_diffusion T
 lnPgas_flag T
                       which_atm_option: Eddington_grey
 kappa_file_prefix gs98
 kappa_lowT_prefix lowT_fa05_gs98
   eos_file_prefix mesa
                                        OMP_NUM_THREADS           1


__________________________________________________________________________________________________________________________________________________

       step    lg_Tcntr    Teff       lg_LH     lg_Lnuc     Mass       H_rich     H_cntr     N_cntr     Y_surf     X_avg     eta_cntr  zones retry
   lg_dt_yr    lg_Dcntr    lg_R       lg_L3a    lg_Lneu     lg_Mdot    He_core    He_cntr    O_cntr     Z_surf     Y_avg     gam_cntr  iters bckup
     age_yr    lg_Pcntr    lg_L       lg_LZ     lg_Psurf    lg_Dsurf   C_core     C_cntr     Ne_cntr    Z_cntr     Z_avg     v_div_cs     dt_limit
__________________________________________________________________________________________________________________________________________________

