DATE: 2016-02-26
TIME: 16:59:46
                                         version_number        8118
 read inlist_1.0
 create pre-main-sequence model
                                                species           8
 abundances
                                                     h1    6.9938299999999998D-01
                                                    he3    3.1921993804293011D-05
                                                    he4    2.9993007800619575D-01
                                                    c12    1.1271274750408755D-04
                                                    n14    3.3017192408896798D-05
                                                    o16    3.0655462644931566D-04
                                                   ne20    6.8757313352593865D-05
                                                   mg24    1.3395812028506727D-04


                                        relax_num_steps


                               finished relax_num_steps

 new_lnPgas_flag T
                                        relax_initial_Z    6.5499999999999998D-04
                                                  new z    6.5500000000233958D-04
                                        relax_initial_Y    2.9996200000000001D-01
                                                  new y    2.9996199999999945D-01
 net name basic.net
 do_element_diffusion T
 lnPgas_flag T
 kappa_file_prefix gs98
 kappa_lowT_prefix lowT_fa05_gs98
   eos_file_prefix mesa
                                        OMP_NUM_THREADS           1



stop because Lnuc_div_L >= Lnuc_div_L_zams_limit
    0.1001876511E+01    0.9990000000E+00

        812   7.129535   6143.129  -0.174665  -0.174665   0.770615   0.770615   0.698895   0.000045   0.298286   0.699299  -1.392063    788      0
   5.704769   2.031646  -0.141003 -47.218747  -1.784838 -99.000000   0.000000   0.300448   0.000307   0.000651   0.300046   0.088772      4      0
 2.4095E+07  17.292857  -0.175479 -15.653560   4.871390  -6.724147   0.000000   0.000103   0.000069  6.569E-04  6.552E-04 -0.179E-10    varcontrol

save photos/x812 for model 812
save final_profile.data write fgong_plot.data
                               s% atm_structure_num_pts          62
save final_profile.data.FGONG    812
 final_profile.data.FGONG for model 812
 saved to zams.mod
termination code: Lnuc_div_L_zams_limit

       runtime, prev time, retries, backups, steps         7.4        28.2         0         0       812
        812   7.129535   6143.129  -0.174665  -0.174665   0.770615   0.770615   0.698895   0.000045   0.298286   0.699299  -1.392063    788      0
   5.704769   2.031646  -0.141003 -47.218747  -1.784838 -99.000000   0.000000   0.300448   0.000307   0.000651   0.300046   0.088772      4      0
 2.4095E+07  17.292857  -0.175479 -15.653560   4.871390  -6.724147   0.000000   0.000103   0.000069  6.569E-04  6.552E-04 -0.179E-10  max increase

DATE: 2016-02-26
TIME: 17:08:54
DATE: 2016-02-26
TIME: 17:08:54
                                         version_number        8118
 read inlist_1.0
load saved model zams.mod

 new_lnPgas_flag T
 net name basic.net
 do_element_diffusion T
 lnPgas_flag T
                       which_atm_option: Eddington_grey
 kappa_file_prefix gs98
 kappa_lowT_prefix lowT_fa05_gs98
   eos_file_prefix mesa
                                        OMP_NUM_THREADS           1


__________________________________________________________________________________________________________________________________________________

       step    lg_Tcntr    Teff       lg_LH     lg_Lnuc     Mass       H_rich     H_cntr     N_cntr     Y_surf     X_avg     eta_cntr  zones retry
   lg_dt_yr    lg_Dcntr    lg_R       lg_L3a    lg_Lneu     lg_Mdot    He_core    He_cntr    O_cntr     Z_surf     Y_avg     gam_cntr  iters bckup
     age_yr    lg_Pcntr    lg_L       lg_LZ     lg_Psurf    lg_Dsurf   C_core     C_cntr     Ne_cntr    Z_cntr     Z_avg     v_div_cs     dt_limit
__________________________________________________________________________________________________________________________________________________

