000 (28114.000.000) 02/26 16:55:58 Job submitted from host: <134.76.239.76:15915?addrs=134.76.239.76-15915>
...
001 (28114.000.000) 02/26 16:56:03 Job executing on host: <134.76.239.90:16939?addrs=134.76.239.90-16939>
...
006 (28114.000.000) 02/26 16:56:13 Image size of job updated: 65708
	5  -  MemoryUsage of job (MB)
	4304  -  ResidentSetSize of job (KB)
...
006 (28114.000.000) 02/26 17:01:13 Image size of job updated: 1070832
	929  -  MemoryUsage of job (MB)
	950396  -  ResidentSetSize of job (KB)
...
006 (28114.000.000) 02/26 17:06:13 Image size of job updated: 1071476
	929  -  MemoryUsage of job (MB)
	951000  -  ResidentSetSize of job (KB)
...
006 (28114.000.000) 02/26 17:11:14 Image size of job updated: 1079100
	929  -  MemoryUsage of job (MB)
	951000  -  ResidentSetSize of job (KB)
...
006 (28114.000.000) 02/26 17:16:14 Image size of job updated: 1307660
	1159  -  MemoryUsage of job (MB)
	1186012  -  ResidentSetSize of job (KB)
...
