000 (20007.000.000) 02/24 21:34:35 Job submitted from host: <134.76.239.76:13753?addrs=134.76.239.76-13753>
...
001 (20007.000.000) 02/24 21:34:47 Job executing on host: <134.76.239.78:21556?addrs=134.76.239.78-21556>
...
006 (20007.000.000) 02/24 21:35:02 Image size of job updated: 65708
	4  -  MemoryUsage of job (MB)
	3248  -  ResidentSetSize of job (KB)
...
006 (20007.000.000) 02/24 21:40:03 Image size of job updated: 168716
	20  -  MemoryUsage of job (MB)
	19992  -  ResidentSetSize of job (KB)
...
006 (20007.000.000) 02/24 21:45:03 Image size of job updated: 1142080
	926  -  MemoryUsage of job (MB)
	948020  -  ResidentSetSize of job (KB)
...
006 (20007.000.000) 02/24 21:50:03 Image size of job updated: 1144528
	926  -  MemoryUsage of job (MB)
	948020  -  ResidentSetSize of job (KB)
...
006 (20007.000.000) 02/24 21:55:05 Image size of job updated: 1243344
	1069  -  MemoryUsage of job (MB)
	1094616  -  ResidentSetSize of job (KB)
...
006 (20007.000.000) 02/24 22:00:05 Image size of job updated: 1317472
	1141  -  MemoryUsage of job (MB)
	1168244  -  ResidentSetSize of job (KB)
...
006 (20007.000.000) 02/24 22:05:05 Image size of job updated: 1319052
	1144  -  MemoryUsage of job (MB)
	1170652  -  ResidentSetSize of job (KB)
...
006 (20007.000.000) 02/24 22:10:06 Image size of job updated: 1508148
	1349  -  MemoryUsage of job (MB)
	1381276  -  ResidentSetSize of job (KB)
...
006 (20007.000.000) 02/24 22:15:07 Image size of job updated: 1508148
	1350  -  MemoryUsage of job (MB)
	1381596  -  ResidentSetSize of job (KB)
...
006 (20007.000.000) 02/24 22:20:07 Image size of job updated: 1508148
	1350  -  MemoryUsage of job (MB)
	1381604  -  ResidentSetSize of job (KB)
...
006 (20007.000.000) 02/24 22:25:07 Image size of job updated: 1557220
	1398  -  MemoryUsage of job (MB)
	1431000  -  ResidentSetSize of job (KB)
...
006 (20007.000.000) 02/24 22:30:08 Image size of job updated: 1559332
	1400  -  MemoryUsage of job (MB)
	1433132  -  ResidentSetSize of job (KB)
...
006 (20007.000.000) 02/24 22:35:08 Image size of job updated: 1559340
	1400  -  MemoryUsage of job (MB)
	1433132  -  ResidentSetSize of job (KB)
...
006 (20007.000.000) 02/24 23:15:12 Image size of job updated: 1583244
	1400  -  MemoryUsage of job (MB)
	1433132  -  ResidentSetSize of job (KB)
...
006 (20007.000.000) 02/24 23:20:13 Image size of job updated: 1585356
	1400  -  MemoryUsage of job (MB)
	1433132  -  ResidentSetSize of job (KB)
...
005 (20007.000.000) 02/25 00:49:41 Job terminated.
	(1) Normal termination (return value 0)
		Usr 0 04:33:23, Sys 0 00:01:15  -  Run Remote Usage
		Usr 0 00:00:00, Sys 0 00:00:00  -  Run Local Usage
		Usr 0 04:33:23, Sys 0 00:01:15  -  Total Remote Usage
		Usr 0 00:00:00, Sys 0 00:00:00  -  Total Local Usage
	0  -  Run Bytes Sent By Job
	0  -  Run Bytes Received By Job
	0  -  Total Bytes Sent By Job
	0  -  Total Bytes Received By Job
	Partitionable Resources :    Usage  Request Allocated
	   Cpus                 :                 2         2
	   Disk (KB)            :        1        1   5108823
	   Memory (MB)          :     1400        1         1
...
