000 (20665.000.000) 02/24 21:35:10 Job submitted from host: <134.76.239.76:13753?addrs=134.76.239.76-13753>
...
001 (20665.000.000) 02/25 03:42:45 Job executing on host: <134.76.239.89:24193?addrs=134.76.239.89-24193>
...
006 (20665.000.000) 02/25 03:42:54 Image size of job updated: 202156
	51  -  MemoryUsage of job (MB)
	51328  -  ResidentSetSize of job (KB)
...
006 (20665.000.000) 02/25 03:47:55 Image size of job updated: 1146184
	935  -  MemoryUsage of job (MB)
	957168  -  ResidentSetSize of job (KB)
...
006 (20665.000.000) 02/25 03:52:56 Image size of job updated: 1147220
	935  -  MemoryUsage of job (MB)
	957168  -  ResidentSetSize of job (KB)
...
006 (20665.000.000) 02/25 04:17:57 Image size of job updated: 1242668
	1071  -  MemoryUsage of job (MB)
	1096432  -  ResidentSetSize of job (KB)
...
006 (20665.000.000) 02/25 04:38:00 Image size of job updated: 1242668
	1072  -  MemoryUsage of job (MB)
	1096764  -  ResidentSetSize of job (KB)
...
006 (20665.000.000) 02/25 05:08:02 Image size of job updated: 1429152
	1215  -  MemoryUsage of job (MB)
	1244040  -  ResidentSetSize of job (KB)
...
006 (20665.000.000) 02/25 05:18:04 Image size of job updated: 1429152
	1216  -  MemoryUsage of job (MB)
	1244368  -  ResidentSetSize of job (KB)
...
006 (20665.000.000) 02/25 05:23:04 Image size of job updated: 1429152
	1216  -  MemoryUsage of job (MB)
	1244376  -  ResidentSetSize of job (KB)
...
006 (20665.000.000) 02/25 05:28:05 Image size of job updated: 1429152
	1216  -  MemoryUsage of job (MB)
	1244384  -  ResidentSetSize of job (KB)
...
006 (20665.000.000) 02/25 05:33:06 Image size of job updated: 1429152
	1219  -  MemoryUsage of job (MB)
	1247256  -  ResidentSetSize of job (KB)
...
006 (20665.000.000) 02/25 05:58:08 Image size of job updated: 1429152
	1219  -  MemoryUsage of job (MB)
	1247572  -  ResidentSetSize of job (KB)
...
006 (20665.000.000) 02/25 07:38:19 Image size of job updated: 1429456
	1219  -  MemoryUsage of job (MB)
	1247572  -  ResidentSetSize of job (KB)
...
006 (20665.000.000) 02/25 08:28:24 Image size of job updated: 1429632
	1219  -  MemoryUsage of job (MB)
	1247572  -  ResidentSetSize of job (KB)
...
006 (20665.000.000) 02/25 09:58:34 Image size of job updated: 12111476
	1219  -  MemoryUsage of job (MB)
	1247572  -  ResidentSetSize of job (KB)
...
005 (20665.000.000) 02/25 10:02:37 Job terminated.
	(1) Normal termination (return value 127)
		Usr 0 10:38:09, Sys 0 00:01:39  -  Run Remote Usage
		Usr 0 00:00:00, Sys 0 00:00:00  -  Run Local Usage
		Usr 0 10:38:09, Sys 0 00:01:39  -  Total Remote Usage
		Usr 0 00:00:00, Sys 0 00:00:00  -  Total Local Usage
	0  -  Run Bytes Sent By Job
	0  -  Run Bytes Received By Job
	0  -  Total Bytes Sent By Job
	0  -  Total Bytes Received By Job
	Partitionable Resources :    Usage  Request Allocated
	   Cpus                 :                 2         2
	   Disk (KB)            :        1        1   5108786
	   Memory (MB)          :     1219        1         1
...
