DATE: 2016-02-26
TIME: 16:59:39
                                         version_number        8118
 read inlist_1.0
 create pre-main-sequence model
                                                species           8
 abundances
                                                     h1    6.9351900000000011D-01
                                                    he3    3.2171442579395408D-05
                                                    he4    3.0227382855742069D-01
                                                    c12    7.1843621500701981D-04
                                                    n14    2.1045309665214295D-04
                                                    o16    1.9539932296579869D-03
                                                   ne20    4.3826226449938808D-04
                                                   mg24    8.5385519418350287D-04


                                        relax_num_steps


                               finished relax_num_steps

 new_lnPgas_flag T
                                        relax_initial_Z    4.1749999999999999D-03
                                                  new z    4.1749999999992418D-03
                                        relax_initial_Y    3.0230600000000002D-01
                                                  new y    3.0230600000000013D-01
 net name basic.net
 do_element_diffusion T
 lnPgas_flag T
 kappa_file_prefix gs98
 kappa_lowT_prefix lowT_fa05_gs98
   eos_file_prefix mesa
                                        OMP_NUM_THREADS           1



stop because Lnuc_div_L >= Lnuc_div_L_zams_limit
    0.1002242683E+01    0.9990000000E+00

        809   7.135965   5990.963  -0.144515  -0.144515   0.837411   0.837411   0.693162   0.000293   0.302306   0.693429  -1.507586    793      0
   5.781933   1.995678  -0.104221 -46.941580  -1.739089 -99.000000   0.000000   0.302652   0.001954   0.004175   0.302394   0.085424      2      0
 2.8597E+07  17.260657  -0.145488 -15.653560   4.887144  -6.691422   0.000000   0.000648   0.000438  4.187E-03  4.177E-03 -0.170E-10  max increase

save photos/x809 for model 809
save final_profile.data write fgong_plot.data
                               s% atm_structure_num_pts          60
save final_profile.data.FGONG    809
 final_profile.data.FGONG for model 809
 saved to zams.mod
termination code: Lnuc_div_L_zams_limit

       runtime, prev time, retries, backups, steps         7.4        28.2         0         0       809
        809   7.135965   5990.963  -0.144515  -0.144515   0.837411   0.837411   0.693162   0.000293   0.302306   0.693429  -1.507586    793      0
   5.781933   1.995678  -0.104221 -46.941580  -1.739089 -99.000000   0.000000   0.302652   0.001954   0.004175   0.302394   0.085424      2      0
 2.8597E+07  17.260657  -0.145488 -15.653560   4.887144  -6.691422   0.000000   0.000648   0.000438  4.187E-03  4.177E-03 -0.170E-10  max increase

DATE: 2016-02-26
TIME: 17:08:55
DATE: 2016-02-26
TIME: 17:08:55
                                         version_number        8118
 read inlist_1.0
load saved model zams.mod

 new_lnPgas_flag T
 net name basic.net
 do_element_diffusion T
 lnPgas_flag T
                       which_atm_option: Eddington_grey
 kappa_file_prefix gs98
 kappa_lowT_prefix lowT_fa05_gs98
   eos_file_prefix mesa
                                        OMP_NUM_THREADS           1


__________________________________________________________________________________________________________________________________________________

       step    lg_Tcntr    Teff       lg_LH     lg_Lnuc     Mass       H_rich     H_cntr     N_cntr     Y_surf     X_avg     eta_cntr  zones retry
   lg_dt_yr    lg_Dcntr    lg_R       lg_L3a    lg_Lneu     lg_Mdot    He_core    He_cntr    O_cntr     Z_surf     Y_avg     gam_cntr  iters bckup
     age_yr    lg_Pcntr    lg_L       lg_LZ     lg_Psurf    lg_Dsurf   C_core     C_cntr     Ne_cntr    Z_cntr     Z_avg     v_div_cs     dt_limit
__________________________________________________________________________________________________________________________________________________

