000 (20208.000.000) 02/24 21:34:45 Job submitted from host: <134.76.239.76:13753?addrs=134.76.239.76-13753>
...
001 (20208.000.000) 02/24 22:11:36 Job executing on host: <134.76.239.84:12289?addrs=134.76.239.84-12289>
...
006 (20208.000.000) 02/24 22:11:44 Image size of job updated: 827412
	616  -  MemoryUsage of job (MB)
	629996  -  ResidentSetSize of job (KB)
...
006 (20208.000.000) 02/24 22:16:44 Image size of job updated: 1145440
	920  -  MemoryUsage of job (MB)
	941980  -  ResidentSetSize of job (KB)
...
006 (20208.000.000) 02/24 22:21:44 Image size of job updated: 1146968
	920  -  MemoryUsage of job (MB)
	941980  -  ResidentSetSize of job (KB)
...
006 (20208.000.000) 02/24 22:36:45 Image size of job updated: 1267852
	1061  -  MemoryUsage of job (MB)
	1086424  -  ResidentSetSize of job (KB)
...
006 (20208.000.000) 02/24 22:46:47 Image size of job updated: 1267852
	1061  -  MemoryUsage of job (MB)
	1086432  -  ResidentSetSize of job (KB)
...
006 (20208.000.000) 02/24 22:51:47 Image size of job updated: 1267852
	1062  -  MemoryUsage of job (MB)
	1086760  -  ResidentSetSize of job (KB)
...
006 (20208.000.000) 02/24 23:01:49 Image size of job updated: 1478872
	1230  -  MemoryUsage of job (MB)
	1258576  -  ResidentSetSize of job (KB)
...
006 (20208.000.000) 02/24 23:06:49 Image size of job updated: 1478872
	1230  -  MemoryUsage of job (MB)
	1258916  -  ResidentSetSize of job (KB)
...
006 (20208.000.000) 02/24 23:11:49 Image size of job updated: 1478872
	1230  -  MemoryUsage of job (MB)
	1258920  -  ResidentSetSize of job (KB)
...
006 (20208.000.000) 02/24 23:16:50 Image size of job updated: 1478872
	1230  -  MemoryUsage of job (MB)
	1259244  -  ResidentSetSize of job (KB)
...
006 (20208.000.000) 02/24 23:31:51 Image size of job updated: 1482384
	1233  -  MemoryUsage of job (MB)
	1261576  -  ResidentSetSize of job (KB)
...
005 (20208.000.000) 02/25 02:22:15 Job terminated.
	(1) Normal termination (return value 0)
		Usr 0 07:11:16, Sys 0 00:01:10  -  Run Remote Usage
		Usr 0 00:00:00, Sys 0 00:00:00  -  Run Local Usage
		Usr 0 07:11:16, Sys 0 00:01:10  -  Total Remote Usage
		Usr 0 00:00:00, Sys 0 00:00:00  -  Total Local Usage
	0  -  Run Bytes Sent By Job
	0  -  Run Bytes Received By Job
	0  -  Total Bytes Sent By Job
	0  -  Total Bytes Received By Job
	Partitionable Resources :    Usage  Request Allocated
	   Cpus                 :                 2         2
	   Disk (KB)            :        1        1   5108574
	   Memory (MB)          :     1233        1         1
...
