000 (28474.000.000) 02/26 16:56:17 Job submitted from host: <134.76.239.76:15915?addrs=134.76.239.76-15915>
...
001 (28474.000.000) 02/26 16:56:27 Job executing on host: <134.76.239.81:12597?addrs=134.76.239.81-12597>
...
006 (28474.000.000) 02/26 16:56:41 Image size of job updated: 65712
	4  -  MemoryUsage of job (MB)
	3260  -  ResidentSetSize of job (KB)
...
006 (28474.000.000) 02/26 17:01:40 Image size of job updated: 1070660
	932  -  MemoryUsage of job (MB)
	953520  -  ResidentSetSize of job (KB)
...
006 (28474.000.000) 02/26 17:06:41 Image size of job updated: 1071268
	932  -  MemoryUsage of job (MB)
	954060  -  ResidentSetSize of job (KB)
...
006 (28474.000.000) 02/26 17:11:41 Image size of job updated: 1078552
	932  -  MemoryUsage of job (MB)
	954060  -  ResidentSetSize of job (KB)
...
006 (28474.000.000) 02/26 17:16:41 Image size of job updated: 1310948
	1162  -  MemoryUsage of job (MB)
	1189848  -  ResidentSetSize of job (KB)
...
