DATE: 2016-02-26
TIME: 16:59:18
                                         version_number        8118
 read inlist_1.0
 create pre-main-sequence model
                                                species           8
 abundances
                                                     h1    6.8392100000000000D-01
                                                    he3    3.3593109041252402D-05
                                                    he4    3.1563140689095875D-01
                                                    c12    7.1241339643794458D-05
                                                    n14    2.0868881919513374D-05
                                                    o16    1.9376124480915724D-04
                                                   ne20    4.3458820958732313D-05
                                                   mg24    8.4669712668717007D-05


                                        relax_num_steps


                               finished relax_num_steps

 new_lnPgas_flag T
                                        relax_initial_Z    4.1399999999999998D-04
                                                  new z    4.1400000000058220D-04
                                        relax_initial_Y    3.1566499999999997D-01
                                                  new y    3.1566500000000008D-01
 net name basic.net
 do_element_diffusion T
 lnPgas_flag T
 kappa_file_prefix gs98
 kappa_lowT_prefix lowT_fa05_gs98
   eos_file_prefix mesa
                                        OMP_NUM_THREADS           1



stop because Lnuc_div_L >= Lnuc_div_L_zams_limit
    0.1000863269E+01    0.9990000000E+00

        938   7.278517   9323.579   0.743282   0.743282   1.215341   1.215341   0.683376   0.000103   0.315663   0.683762  -1.903665    895      0
   5.595004   2.050707  -0.044196 -39.699266  -0.796101 -99.000000   0.000000   0.316199   0.000194   0.000414   0.315821   0.064357      2      0
 8.9894E+06  17.454424   0.742907 -99.000000   3.311296  -8.530072   0.000000   0.000001   0.000043  4.258E-04  4.169E-04 -0.334E-11  max increase

save photos/x938 for model 938
save final_profile.data write fgong_plot.data
                               s% atm_structure_num_pts          45
save final_profile.data.FGONG    938
 final_profile.data.FGONG for model 938
 saved to zams.mod
termination code: Lnuc_div_L_zams_limit

       runtime, prev time, retries, backups, steps         8.7        28.2         0         0       938
        938   7.278517   9323.579   0.743282   0.743282   1.215341   1.215341   0.683376   0.000103   0.315663   0.683762  -1.903665    895      0
   5.595004   2.050707  -0.044196 -39.699266  -0.796101 -99.000000   0.000000   0.316199   0.000194   0.000414   0.315821   0.064357      2      0
 8.9894E+06  17.454424   0.742907 -99.000000   3.311296  -8.530072   0.000000   0.000001   0.000043  4.258E-04  4.169E-04 -0.334E-11  max increase

DATE: 2016-02-26
TIME: 17:10:13
DATE: 2016-02-26
TIME: 17:10:13
                                         version_number        8118
 read inlist_1.0
load saved model zams.mod

 new_lnPgas_flag T
 net name basic.net
 do_element_diffusion T
 lnPgas_flag T
                       which_atm_option: Eddington_grey
 kappa_file_prefix gs98
 kappa_lowT_prefix lowT_fa05_gs98
   eos_file_prefix mesa
                                        OMP_NUM_THREADS           1


__________________________________________________________________________________________________________________________________________________

       step    lg_Tcntr    Teff       lg_LH     lg_Lnuc     Mass       H_rich     H_cntr     N_cntr     Y_surf     X_avg     eta_cntr  zones retry
   lg_dt_yr    lg_Dcntr    lg_R       lg_L3a    lg_Lneu     lg_Mdot    He_core    He_cntr    O_cntr     Z_surf     Y_avg     gam_cntr  iters bckup
     age_yr    lg_Pcntr    lg_L       lg_LZ     lg_Psurf    lg_Dsurf   C_core     C_cntr     Ne_cntr    Z_cntr     Z_avg     v_div_cs     dt_limit
__________________________________________________________________________________________________________________________________________________

