000 (20088.000.000) 02/24 21:34:39 Job submitted from host: <134.76.239.76:13753?addrs=134.76.239.76-13753>
...
001 (20088.000.000) 02/24 21:34:55 Job executing on host: <134.76.239.83:20501?addrs=134.76.239.83-20501>
...
006 (20088.000.000) 02/24 21:35:05 Image size of job updated: 65708
	5  -  MemoryUsage of job (MB)
	4284  -  ResidentSetSize of job (KB)
...
006 (20088.000.000) 02/24 21:40:06 Image size of job updated: 1139284
	918  -  MemoryUsage of job (MB)
	939428  -  ResidentSetSize of job (KB)
...
006 (20088.000.000) 02/24 21:45:06 Image size of job updated: 1146296
	918  -  MemoryUsage of job (MB)
	939428  -  ResidentSetSize of job (KB)
...
006 (20088.000.000) 02/24 22:00:08 Image size of job updated: 1252064
	1068  -  MemoryUsage of job (MB)
	1092836  -  ResidentSetSize of job (KB)
...
006 (20088.000.000) 02/24 22:05:08 Image size of job updated: 1438548
	1214  -  MemoryUsage of job (MB)
	1242392  -  ResidentSetSize of job (KB)
...
006 (20088.000.000) 02/24 22:10:09 Image size of job updated: 1465324
	1241  -  MemoryUsage of job (MB)
	1269844  -  ResidentSetSize of job (KB)
...
006 (20088.000.000) 02/24 22:15:10 Image size of job updated: 1465332
	1241  -  MemoryUsage of job (MB)
	1269844  -  ResidentSetSize of job (KB)
...
006 (20088.000.000) 02/24 22:45:12 Image size of job updated: 1465508
	1241  -  MemoryUsage of job (MB)
	1269844  -  ResidentSetSize of job (KB)
...
006 (20088.000.000) 02/24 22:50:13 Image size of job updated: 1465516
	1241  -  MemoryUsage of job (MB)
	1269844  -  ResidentSetSize of job (KB)
...
005 (20088.000.000) 02/24 23:49:18 Job terminated.
	(1) Normal termination (return value 0)
		Usr 0 03:08:24, Sys 0 00:00:59  -  Run Remote Usage
		Usr 0 00:00:00, Sys 0 00:00:00  -  Run Local Usage
		Usr 0 03:08:24, Sys 0 00:00:59  -  Total Remote Usage
		Usr 0 00:00:00, Sys 0 00:00:00  -  Total Local Usage
	0  -  Run Bytes Sent By Job
	0  -  Run Bytes Received By Job
	0  -  Total Bytes Sent By Job
	0  -  Total Bytes Received By Job
	Partitionable Resources :    Usage  Request Allocated
	   Cpus                 :                 2         2
	   Disk (KB)            :        1        1   5108808
	   Memory (MB)          :     1241        1         1
...
