000 (20185.000.000) 02/24 21:34:44 Job submitted from host: <134.76.239.76:13753?addrs=134.76.239.76-13753>
...
001 (20185.000.000) 02/24 22:10:37 Job executing on host: <134.76.239.84:12289?addrs=134.76.239.84-12289>
...
006 (20185.000.000) 02/24 22:10:45 Image size of job updated: 197556
	68  -  MemoryUsage of job (MB)
	69324  -  ResidentSetSize of job (KB)
...
006 (20185.000.000) 02/24 22:15:45 Image size of job updated: 1145308
	922  -  MemoryUsage of job (MB)
	943964  -  ResidentSetSize of job (KB)
...
006 (20185.000.000) 02/24 22:20:46 Image size of job updated: 1146608
	922  -  MemoryUsage of job (MB)
	943964  -  ResidentSetSize of job (KB)
...
006 (20185.000.000) 02/24 22:30:47 Image size of job updated: 1242664
	1069  -  MemoryUsage of job (MB)
	1094444  -  ResidentSetSize of job (KB)
...
006 (20185.000.000) 02/24 22:35:47 Image size of job updated: 1242664
	1069  -  MemoryUsage of job (MB)
	1094452  -  ResidentSetSize of job (KB)
...
006 (20185.000.000) 02/24 22:40:48 Image size of job updated: 1242664
	1070  -  MemoryUsage of job (MB)
	1094796  -  ResidentSetSize of job (KB)
...
006 (20185.000.000) 02/24 22:45:49 Image size of job updated: 1429148
	1213  -  MemoryUsage of job (MB)
	1242064  -  ResidentSetSize of job (KB)
...
006 (20185.000.000) 02/24 22:50:49 Image size of job updated: 1429148
	1214  -  MemoryUsage of job (MB)
	1242400  -  ResidentSetSize of job (KB)
...
006 (20185.000.000) 02/24 22:55:50 Image size of job updated: 1429640
	1214  -  MemoryUsage of job (MB)
	1242404  -  ResidentSetSize of job (KB)
...
006 (20185.000.000) 02/24 23:00:51 Image size of job updated: 1429640
	1214  -  MemoryUsage of job (MB)
	1242728  -  ResidentSetSize of job (KB)
...
006 (20185.000.000) 02/24 23:10:51 Image size of job updated: 1429640
	1214  -  MemoryUsage of job (MB)
	1242736  -  ResidentSetSize of job (KB)
...
006 (20185.000.000) 02/24 23:15:52 Image size of job updated: 1431468
	1216  -  MemoryUsage of job (MB)
	1244200  -  ResidentSetSize of job (KB)
...
006 (20185.000.000) 02/25 00:15:57 Image size of job updated: 1431520
	1216  -  MemoryUsage of job (MB)
	1244200  -  ResidentSetSize of job (KB)
...
005 (20185.000.000) 02/25 01:44:33 Job terminated.
	(1) Normal termination (return value 0)
		Usr 0 06:04:55, Sys 0 00:01:14  -  Run Remote Usage
		Usr 0 00:00:00, Sys 0 00:00:00  -  Run Local Usage
		Usr 0 06:04:55, Sys 0 00:01:14  -  Total Remote Usage
		Usr 0 00:00:00, Sys 0 00:00:00  -  Total Local Usage
	0  -  Run Bytes Sent By Job
	0  -  Run Bytes Received By Job
	0  -  Total Bytes Sent By Job
	0  -  Total Bytes Received By Job
	Partitionable Resources :    Usage  Request Allocated
	   Cpus                 :                 2         2
	   Disk (KB)            :        1        1   5108576
	   Memory (MB)          :     1216        1         1
...
