DATE: 2016-02-26
TIME: 16:59:51
                                         version_number        8118
 read inlist_1.0
 create pre-main-sequence model
                                                species           8
 abundances
                                                     h1    6.7868800000000007D-01
                                                    he3    3.3245540910073057D-05
                                                    he4    3.1236575445908998D-01
                                                    c12    1.5337537687083759D-03
                                                    n14    4.4928585639772970D-04
                                                    o16    4.1714830313632021D-03
                                                   ne20    9.3562432658275121D-04
                                                   mg24    1.8228530169478914D-03


                                        relax_num_steps


                               finished relax_num_steps

 new_lnPgas_flag T
                                        relax_initial_Z    8.9130000000000008D-03
                                                  new z    8.9129999999994925D-03
                                        relax_initial_Y    3.1239899999999998D-01
                                                  new y    3.1239900000000015D-01
 net name basic.net
 do_element_diffusion T
 lnPgas_flag T
 kappa_file_prefix gs98
 kappa_lowT_prefix lowT_fa05_gs98
   eos_file_prefix mesa
                                        OMP_NUM_THREADS           1



stop because Lnuc_div_L >= Lnuc_div_L_zams_limit
    0.9998437585E+00    0.9990000000E+00

        880   7.207587   6486.551   0.284521   0.284521   1.083615   1.083615   0.675932   0.002229   0.312399   0.678028  -1.795130    816      0
   6.654424   1.990906   0.041783 -43.260132  -1.334437 -99.000000   0.000000   0.314901   0.004170   0.008913   0.313006   0.072888      2      0
 5.1523E+07  17.320689   0.284589 -15.352530   4.520733  -7.086040   0.000000   0.000009   0.000936  9.167E-03  8.966E-03  0.140E-12  max increase

save photos/x880 for model 880
save final_profile.data write fgong_plot.data
                               s% atm_structure_num_pts          80
save final_profile.data.FGONG    880
 final_profile.data.FGONG for model 880
 saved to zams.mod
termination code: Lnuc_div_L_zams_limit

       runtime, prev time, retries, backups, steps         8.3        28.2         0         0       880
        880   7.207587   6486.551   0.284521   0.284521   1.083615   1.083615   0.675932   0.002229   0.312399   0.678028  -1.795130    816      0
   6.654424   1.990906   0.041783 -43.260132  -1.334437 -99.000000   0.000000   0.314901   0.004170   0.008913   0.313006   0.072888      2      0
 5.1523E+07  17.320689   0.284589 -15.352530   4.520733  -7.086040   0.000000   0.000009   0.000936  9.167E-03  8.966E-03  0.140E-12  max increase

DATE: 2016-02-26
TIME: 17:09:47
DATE: 2016-02-26
TIME: 17:09:48
                                         version_number        8118
 read inlist_1.0
load saved model zams.mod

 new_lnPgas_flag T
 net name basic.net
 do_element_diffusion T
 lnPgas_flag T
                       which_atm_option: Eddington_grey
 kappa_file_prefix gs98
 kappa_lowT_prefix lowT_fa05_gs98
   eos_file_prefix mesa
                                        OMP_NUM_THREADS           1


__________________________________________________________________________________________________________________________________________________

       step    lg_Tcntr    Teff       lg_LH     lg_Lnuc     Mass       H_rich     H_cntr     N_cntr     Y_surf     X_avg     eta_cntr  zones retry
   lg_dt_yr    lg_Dcntr    lg_R       lg_L3a    lg_Lneu     lg_Mdot    He_core    He_cntr    O_cntr     Z_surf     Y_avg     gam_cntr  iters bckup
     age_yr    lg_Pcntr    lg_L       lg_LZ     lg_Psurf    lg_Dsurf   C_core     C_cntr     Ne_cntr    Z_cntr     Z_avg     v_div_cs     dt_limit
__________________________________________________________________________________________________________________________________________________

        882   7.207644   6654.946   0.284905   0.284905   1.083615   1.083615   0.675790   0.002230   0.312399   0.677996  -1.795010    809      0
   5.903090   1.991082   0.019634 -43.256462  -1.334417 -99.000000   0.000000   0.315043   0.004170   0.008913   0.313038   0.072893      3      0
 5.3323E+07  17.320874   0.284813 -14.875409   4.849613  -6.769571   0.000000   0.000009   0.000936  9.167E-03  8.966E-03 -0.420E-12  max decrease

