000 (20597.000.000) 02/24 21:35:06 Job submitted from host: <134.76.239.76:13753?addrs=134.76.239.76-13753>
...
001 (20597.000.000) 02/25 02:55:45 Job executing on host: <134.76.239.79:12046?addrs=134.76.239.79-12046>
...
006 (20597.000.000) 02/25 02:55:53 Image size of job updated: 65708
	5  -  MemoryUsage of job (MB)
	4292  -  ResidentSetSize of job (KB)
...
006 (20597.000.000) 02/25 03:00:53 Image size of job updated: 1143956
	925  -  MemoryUsage of job (MB)
	946496  -  ResidentSetSize of job (KB)
...
006 (20597.000.000) 02/25 03:05:54 Image size of job updated: 1145772
	925  -  MemoryUsage of job (MB)
	946496  -  ResidentSetSize of job (KB)
...
006 (20597.000.000) 02/25 03:15:55 Image size of job updated: 1298032
	1063  -  MemoryUsage of job (MB)
	1087704  -  ResidentSetSize of job (KB)
...
006 (20597.000.000) 02/25 03:20:55 Image size of job updated: 1298244
	1063  -  MemoryUsage of job (MB)
	1088228  -  ResidentSetSize of job (KB)
...
006 (20597.000.000) 02/25 03:25:56 Image size of job updated: 1298824
	1064  -  MemoryUsage of job (MB)
	1088908  -  ResidentSetSize of job (KB)
...
006 (20597.000.000) 02/25 03:30:56 Image size of job updated: 1447708
	1232  -  MemoryUsage of job (MB)
	1260800  -  ResidentSetSize of job (KB)
...
006 (20597.000.000) 02/25 03:35:56 Image size of job updated: 1447708
	1232  -  MemoryUsage of job (MB)
	1261164  -  ResidentSetSize of job (KB)
...
006 (20597.000.000) 02/25 03:40:57 Image size of job updated: 1447708
	1232  -  MemoryUsage of job (MB)
	1261196  -  ResidentSetSize of job (KB)
...
006 (20597.000.000) 02/25 03:45:58 Image size of job updated: 1447708
	1232  -  MemoryUsage of job (MB)
	1261528  -  ResidentSetSize of job (KB)
...
006 (20597.000.000) 02/25 03:50:58 Image size of job updated: 1496788
	1232  -  MemoryUsage of job (MB)
	1261528  -  ResidentSetSize of job (KB)
...
006 (20597.000.000) 02/25 04:21:01 Image size of job updated: 1496788
	1245  -  MemoryUsage of job (MB)
	1274796  -  ResidentSetSize of job (KB)
...
006 (20597.000.000) 02/25 04:26:01 Image size of job updated: 1496788
	1245  -  MemoryUsage of job (MB)
	1274804  -  ResidentSetSize of job (KB)
...
006 (20597.000.000) 02/25 04:31:02 Image size of job updated: 1496788
	1246  -  MemoryUsage of job (MB)
	1275176  -  ResidentSetSize of job (KB)
...
006 (20597.000.000) 02/25 04:36:03 Image size of job updated: 1496788
	1294  -  MemoryUsage of job (MB)
	1324252  -  ResidentSetSize of job (KB)
...
005 (20597.000.000) 02/25 05:46:18 Job terminated.
	(1) Normal termination (return value 0)
		Usr 0 04:39:01, Sys 0 00:01:01  -  Run Remote Usage
		Usr 0 00:00:00, Sys 0 00:00:00  -  Run Local Usage
		Usr 0 04:39:01, Sys 0 00:01:01  -  Total Remote Usage
		Usr 0 00:00:00, Sys 0 00:00:00  -  Total Local Usage
	0  -  Run Bytes Sent By Job
	0  -  Run Bytes Received By Job
	0  -  Total Bytes Sent By Job
	0  -  Total Bytes Received By Job
	Partitionable Resources :    Usage  Request Allocated
	   Cpus                 :                 2         2
	   Disk (KB)            :        1        1   5108690
	   Memory (MB)          :     1294        1         1
...
