DATE: 2016-02-26
TIME: 16:59:47
                                         version_number        8118
 read inlist_1.0
 create pre-main-sequence model
                                                species           8
 abundances
                                                     h1    6.8809600000000004D-01
                                                    he3    3.2846465437959587D-05
                                                    he4    3.0861615353456207D-01
                                                    c12    5.6012212690964135D-04
                                                    n14    1.6407780349765198D-04
                                                    o16    1.5234126856374811D-03
                                                   ne20    3.4168710681328123D-04
                                                   mg24    6.6570027714184113D-04


                                        relax_num_steps


                               finished relax_num_steps

 new_lnPgas_flag T
                                        relax_initial_Z    3.2550000000000001D-03
                                                  new z    3.2549999999997533D-03
                                        relax_initial_Y    3.0864900000000001D-01
                                                  new y    3.0864899999999995D-01
 net name basic.net
 do_element_diffusion T
 lnPgas_flag T
 kappa_file_prefix gs98
 kappa_lowT_prefix lowT_fa05_gs98
   eos_file_prefix mesa
                                        OMP_NUM_THREADS           1



stop because Lnuc_div_L >= Lnuc_div_L_zams_limit
    0.9995571376E+00    0.9990000000E+00

        915   7.232915   7359.288   0.461519   0.461519   1.111740   1.111740   0.686741   0.000813   0.308545   0.687692  -1.808565    881      0
   6.294549   2.020371   0.020700 -41.973208  -1.138257 -99.000000   0.000000   0.309912   0.001523   0.003252   0.309028   0.069816      2      0
 2.5542E+07  17.379534   0.461712 -14.750470   4.165534  -7.493811   0.000000   0.000004   0.000342  3.348E-03  3.280E-03 -0.175E-12  max increase

save photos/x915 for model 915
save final_profile.data write fgong_plot.data
                               s% atm_structure_num_pts          49
save final_profile.data.FGONG    915
 final_profile.data.FGONG for model 915
 saved to zams.mod
termination code: Lnuc_div_L_zams_limit

       runtime, prev time, retries, backups, steps         8.7        28.2         0         0       915
        915   7.232915   7359.288   0.461519   0.461519   1.111740   1.111740   0.686741   0.000813   0.308545   0.687692  -1.808565    881      0
   6.294549   2.020371   0.020700 -41.973208  -1.138257 -99.000000   0.000000   0.309912   0.001523   0.003252   0.309028   0.069816      2      0
 2.5542E+07  17.379534   0.461712 -14.750470   4.165534  -7.493811   0.000000   0.000004   0.000342  3.348E-03  3.280E-03 -0.175E-12  max increase

DATE: 2016-02-26
TIME: 17:10:11
DATE: 2016-02-26
TIME: 17:10:11
                                         version_number        8118
 read inlist_1.0
load saved model zams.mod

 new_lnPgas_flag T
 net name basic.net
 do_element_diffusion T
 lnPgas_flag T
                       which_atm_option: Eddington_grey
 kappa_file_prefix gs98
 kappa_lowT_prefix lowT_fa05_gs98
   eos_file_prefix mesa
                                        OMP_NUM_THREADS           1


__________________________________________________________________________________________________________________________________________________

       step    lg_Tcntr    Teff       lg_LH     lg_Lnuc     Mass       H_rich     H_cntr     N_cntr     Y_surf     X_avg     eta_cntr  zones retry
   lg_dt_yr    lg_Dcntr    lg_R       lg_L3a    lg_Lneu     lg_Mdot    He_core    He_cntr    O_cntr     Z_surf     Y_avg     gam_cntr  iters bckup
     age_yr    lg_Pcntr    lg_L       lg_LZ     lg_Psurf    lg_Dsurf   C_core     C_cntr     Ne_cntr    Z_cntr     Z_avg     v_div_cs     dt_limit
__________________________________________________________________________________________________________________________________________________

        917   7.232981   7381.186   0.462100   0.462100   1.111740   1.111740   0.686573   0.000814   0.308587   0.687644  -1.807839    845      0
   5.903090   2.020821   0.018286 -41.968570  -1.138271 -99.000000   0.000000   0.310079   0.001523   0.003254   0.309076   0.069835      4      0
 2.7342E+07  17.379997   0.462045 -14.875409   4.580133  -7.088151   0.000000   0.000004   0.000342  3.348E-03  3.280E-03  0.305E-12  max decrease

