000 (28642.000.000) 02/26 16:56:26 Job submitted from host: <134.76.239.76:15915?addrs=134.76.239.76-15915>
...
001 (28642.000.000) 02/26 16:56:52 Job executing on host: <134.76.239.83:29154?addrs=134.76.239.83-29154>
...
006 (28642.000.000) 02/26 16:57:03 Image size of job updated: 65712
	4  -  MemoryUsage of job (MB)
	4032  -  ResidentSetSize of job (KB)
...
006 (28642.000.000) 02/26 17:02:04 Image size of job updated: 1071408
	933  -  MemoryUsage of job (MB)
	954956  -  ResidentSetSize of job (KB)
...
006 (28642.000.000) 02/26 17:07:05 Image size of job updated: 1076168
	937  -  MemoryUsage of job (MB)
	959420  -  ResidentSetSize of job (KB)
...
006 (28642.000.000) 02/26 17:12:05 Image size of job updated: 1080252
	937  -  MemoryUsage of job (MB)
	959420  -  ResidentSetSize of job (KB)
...
006 (28642.000.000) 02/26 17:17:06 Image size of job updated: 1233388
	1088  -  MemoryUsage of job (MB)
	1113600  -  ResidentSetSize of job (KB)
...
