DATE: 2016-02-26
TIME: 16:59:21
                                         version_number        8118
 read inlist_1.0
 create pre-main-sequence model
                                                species           8
 abundances
                                                     h1    7.1731299999999998D-01
                                                    he3    2.9951625173311467D-05
                                                    he4    2.8141704837482667D-01
                                                    c12    2.1337985787036869D-04
                                                    n14    6.2505829903875939D-05
                                                    o16    5.8034768976673867D-04
                                                   ne20    1.3016651688126777D-04
                                                   mg24    2.5360010557787878D-04


                                        relax_num_steps


                               finished relax_num_steps

 new_lnPgas_flag T
                                        relax_initial_Z    1.2400000000000000D-03
                                                  new z    1.2399999999995902D-03
                                        relax_initial_Y    2.8144700000000000D-01
                                                  new y    2.8144700000000000D-01
 net name basic.net
 do_element_diffusion T
 lnPgas_flag T
 kappa_file_prefix gs98
 kappa_lowT_prefix lowT_fa05_gs98
   eos_file_prefix mesa
                                        OMP_NUM_THREADS           1



stop because Lnuc_div_L >= Lnuc_div_L_zams_limit
    0.1002222869E+01    0.9990000000E+00

        852   7.172933   6616.413   0.133615   0.133615   0.937607   0.937607   0.716981   0.000126   0.281446   0.717213  -1.601550    796      0
   5.704310   2.006622  -0.051404 -45.097100  -1.475648 -99.000000   0.000000   0.281770   0.000580   0.001240   0.281545   0.078209      4      0
 1.8979E+07  17.316367   0.132651 -99.000000   4.572559  -7.058560   0.000000   0.000159   0.000130  1.249E-03  1.242E-03 -0.101E-10  max increase

save photos/x852 for model 852
save final_profile.data write fgong_plot.data
                               s% atm_structure_num_pts          54
save final_profile.data.FGONG    852
 final_profile.data.FGONG for model 852
 saved to zams.mod
termination code: Lnuc_div_L_zams_limit

       runtime, prev time, retries, backups, steps         7.8        28.2         0         0       852
        852   7.172933   6616.413   0.133615   0.133615   0.937607   0.937607   0.716981   0.000126   0.281446   0.717213  -1.601550    796      0
   5.704310   2.006622  -0.051404 -45.097100  -1.475648 -99.000000   0.000000   0.281770   0.000580   0.001240   0.281545   0.078209      4      0
 1.8979E+07  17.316367   0.132651 -99.000000   4.572559  -7.058560   0.000000   0.000159   0.000130  1.249E-03  1.242E-03 -0.101E-10  max increase

DATE: 2016-02-26
TIME: 17:09:14
DATE: 2016-02-26
TIME: 17:09:15
                                         version_number        8118
 read inlist_1.0
load saved model zams.mod

 new_lnPgas_flag T
 net name basic.net
 do_element_diffusion T
 lnPgas_flag T
                       which_atm_option: Eddington_grey
 kappa_file_prefix gs98
 kappa_lowT_prefix lowT_fa05_gs98
   eos_file_prefix mesa
                                        OMP_NUM_THREADS           1


__________________________________________________________________________________________________________________________________________________

       step    lg_Tcntr    Teff       lg_LH     lg_Lnuc     Mass       H_rich     H_cntr     N_cntr     Y_surf     X_avg     eta_cntr  zones retry
   lg_dt_yr    lg_Dcntr    lg_R       lg_L3a    lg_Lneu     lg_Mdot    He_core    He_cntr    O_cntr     Z_surf     Y_avg     gam_cntr  iters bckup
     age_yr    lg_Pcntr    lg_L       lg_LZ     lg_Psurf    lg_Dsurf   C_core     C_cntr     Ne_cntr    Z_cntr     Z_avg     v_div_cs     dt_limit
__________________________________________________________________________________________________________________________________________________

