DATE: 2016-02-25
TIME: 11:14:32
                                         version_number        8118
 read inlist_1.0
 create pre-main-sequence model
                                                species           8
 abundances
                                                     h1    7.5937199999999994D-01
                                                    he3    2.5538382552366045D-05
                                                    he4    2.3995146161744763D-01
                                                    c12    1.1202442538194356D-04
                                                    n14    3.2815560699534874D-05
                                                    o16    3.0468253712753778D-04
                                                   ne20    6.8337421362665577D-05
                                                   mg24    1.3314005542838640D-04


                                        relax_num_steps


                               finished relax_num_steps

 new_lnPgas_flag T
                                        relax_initial_Z    6.5099999999999999D-04
                                                  new z    6.5100000000035420D-04
                                        relax_initial_Y    2.3997700000000000D-01
                                                  new y    2.3997699999999969D-01
 net name basic.net
 do_element_diffusion T
 lnPgas_flag T
 kappa_file_prefix gs98
 kappa_lowT_prefix lowT_fa05_gs98
   eos_file_prefix mesa
                                        OMP_NUM_THREADS           2



stop because Lnuc_div_L >= Lnuc_div_L_zams_limit
    0.1004081874E+01    0.9990000000E+00

        801   7.108884   6017.957  -0.197040  -0.197040   0.800607   0.800607   0.759129   0.000035   0.239977   0.759304  -1.364465    536      0
   5.568421   1.996038  -0.134787 -48.635752  -1.837803 -99.000000   0.000000   0.240220   0.000305   0.000651   0.240045   0.088362      2      0
 2.5588E+07  17.256160  -0.198809 -15.954590   4.913389  -6.691594   0.000000   0.000110   0.000068  6.513E-04  6.511E-04 -0.462E-10    varcontrol

save photos/x801 for model 801
save final_profile.data write fgong_plot.data
                               s% atm_structure_num_pts          75
save final_profile.data.FGONG    801
 final_profile.data.FGONG for model 801
 saved to zams.mod
termination code: Lnuc_div_L_zams_limit

       runtime, prev time, retries, backups, steps         4.1        28.2         0         0       801
        801   7.108884   6017.957  -0.197040  -0.197040   0.800607   0.800607   0.759129   0.000035   0.239977   0.759304  -1.364465    536      0
   5.568421   1.996038  -0.134787 -48.635752  -1.837803 -99.000000   0.000000   0.240220   0.000305   0.000651   0.240045   0.088362      2      0
 2.5588E+07  17.256160  -0.198809 -15.954590   4.913389  -6.691594   0.000000   0.000110   0.000068  6.513E-04  6.511E-04 -0.462E-10    varcontrol

DATE: 2016-02-25
TIME: 11:19:20
DATE: 2016-02-25
TIME: 11:19:20
                                         version_number        8118
 read inlist_1.0
load saved model zams.mod

 new_lnPgas_flag T
 net name basic.net
 do_element_diffusion T
 lnPgas_flag T
                       which_atm_option: Eddington_grey
 kappa_file_prefix gs98
 kappa_lowT_prefix lowT_fa05_gs98
   eos_file_prefix mesa
                                        OMP_NUM_THREADS           2


__________________________________________________________________________________________________________________________________________________

       step    lg_Tcntr    Teff       lg_LH     lg_Lnuc     Mass       H_rich     H_cntr     N_cntr     Y_surf     X_avg     eta_cntr  zones retry
   lg_dt_yr    lg_Dcntr    lg_R       lg_L3a    lg_Lneu     lg_Mdot    He_core    He_cntr    O_cntr     Z_surf     Y_avg     gam_cntr  iters bckup
     age_yr    lg_Pcntr    lg_L       lg_LZ     lg_Psurf    lg_Dsurf   C_core     C_cntr     Ne_cntr    Z_cntr     Z_avg     v_div_cs     dt_limit
__________________________________________________________________________________________________________________________________________________

