DATE: 2016-02-26
TIME: 16:59:54
                                         version_number        8118
 read inlist_1.0
 create pre-main-sequence model
                                                species           8
 abundances
                                                     h1    6.9747700000000012D-01
                                                    he3    3.1748954679584615D-05
                                                    he4    2.9830425104532049D-01
                                                    c12    7.2050118137349003D-04
                                                    n14    2.1105799178023992D-04
                                                    o16    1.9596094976234244D-03
                                                   ne20    4.3952194046919624D-04
                                                   mg24    8.5630938875359104D-04


                                        relax_num_steps


                               finished relax_num_steps

 new_lnPgas_flag T
                                        relax_initial_Z    4.1869999999999997D-03
                                                  new z    4.1870000000001212D-03
                                        relax_initial_Y    2.9833599999999999D-01
                                                  new y    2.9833599999999999D-01
 net name basic.net
 do_element_diffusion T
 lnPgas_flag T
 kappa_file_prefix gs98
 kappa_lowT_prefix lowT_fa05_gs98
   eos_file_prefix mesa
                                        OMP_NUM_THREADS           1



stop because Lnuc_div_L >= Lnuc_div_L_zams_limit
    0.1000228129E+01    0.9990000000E+00

        951   7.267864   8141.635   0.694827   0.694827   1.287521   1.287521   0.696238   0.001048   0.298261   0.697182  -1.951915    880      0
   5.924119   2.011082   0.049457 -40.339218  -0.854494 -99.000000   0.000000   0.299456   0.001957   0.004185   0.298604   0.063715      2      0
 1.6135E+07  17.408058   0.694728 -15.051500   3.743894  -7.972173   0.000000   0.000005   0.000440  4.306E-03  4.214E-03 -0.159E-11  max increase

save photos/x951 for model 951
save final_profile.data write fgong_plot.data
                               s% atm_structure_num_pts          61
save final_profile.data.FGONG    951
 final_profile.data.FGONG for model 951
 saved to zams.mod
termination code: Lnuc_div_L_zams_limit

       runtime, prev time, retries, backups, steps         9.2        28.2         0         0       951
        951   7.267864   8141.635   0.694827   0.694827   1.287521   1.287521   0.696238   0.001048   0.298261   0.697182  -1.951915    880      0
   5.924119   2.011082   0.049457 -40.339218  -0.854494 -99.000000   0.000000   0.299456   0.001957   0.004185   0.298604   0.063715      2      0
 1.6135E+07  17.408058   0.694728 -15.051500   3.743894  -7.972173   0.000000   0.000005   0.000440  4.306E-03  4.214E-03 -0.159E-11  max increase

DATE: 2016-02-26
TIME: 17:10:43
DATE: 2016-02-26
TIME: 17:10:43
                                         version_number        8118
 read inlist_1.0
load saved model zams.mod

 new_lnPgas_flag T
 net name basic.net
 do_element_diffusion T
 lnPgas_flag T
                       which_atm_option: Eddington_grey
 kappa_file_prefix gs98
 kappa_lowT_prefix lowT_fa05_gs98
   eos_file_prefix mesa
                                        OMP_NUM_THREADS           1


__________________________________________________________________________________________________________________________________________________

       step    lg_Tcntr    Teff       lg_LH     lg_Lnuc     Mass       H_rich     H_cntr     N_cntr     Y_surf     X_avg     eta_cntr  zones retry
   lg_dt_yr    lg_Dcntr    lg_R       lg_L3a    lg_Lneu     lg_Mdot    He_core    He_cntr    O_cntr     Z_surf     Y_avg     gam_cntr  iters bckup
     age_yr    lg_Pcntr    lg_L       lg_LZ     lg_Psurf    lg_Dsurf   C_core     C_cntr     Ne_cntr    Z_cntr     Z_avg     v_div_cs     dt_limit
__________________________________________________________________________________________________________________________________________________

