DATE: 2016-02-26
TIME: 16:59:46
                                         version_number        8118
 read inlist_1.0
 create pre-main-sequence model
                                                species           8
 abundances
                                                     h1    7.3167499999999996D-01
                                                    he3    2.8506439863631248D-05
                                                    he4    2.6783849356013639D-01
                                                    c12    7.8812882987607609D-05
                                                    n14    2.3086830722561716D-05
                                                    o16    2.1435422734933772D-04
                                                   ne20    4.8077632848083413D-05
                                                   mg24    9.3668426092478993D-05


                                        relax_num_steps


                               finished relax_num_steps

 new_lnPgas_flag T
                                        relax_initial_Z    4.5800000000000002D-04
                                                  new z    4.5799999999993199D-04
                                        relax_initial_Y    2.6786700000000002D-01
                                                  new y    2.6786699999999980D-01
 net name basic.net
 do_element_diffusion T
 lnPgas_flag T
 kappa_file_prefix gs98
 kappa_lowT_prefix lowT_fa05_gs98
   eos_file_prefix mesa
                                        OMP_NUM_THREADS           1



stop because Lnuc_div_L >= Lnuc_div_L_zams_limit
    0.1002024260E+01    0.9990000000E+00

        803   7.118503   6069.919  -0.163332  -0.163332   0.784787   0.784787   0.731481   0.000025   0.267861   0.731611  -1.374103    776      0
   5.435680   2.013542  -0.124955 -47.963111  -1.812451 -99.000000   0.000000   0.268061   0.000214   0.000458   0.267931   0.088561      4      0
 2.3485E+07  17.274430  -0.164211 -99.000000   4.886602  -6.713536   0.000000   0.000077   0.000048  4.582E-04  4.581E-04 -0.552E-10    varcontrol

save photos/x803 for model 803
save final_profile.data write fgong_plot.data
                               s% atm_structure_num_pts          58
save final_profile.data.FGONG    803
 final_profile.data.FGONG for model 803
 saved to zams.mod
termination code: Lnuc_div_L_zams_limit

       runtime, prev time, retries, backups, steps         7.2        28.2         0         0       803
        803   7.118503   6069.919  -0.163332  -0.163332   0.784787   0.784787   0.731481   0.000025   0.267861   0.731611  -1.374103    776      0
   5.435680   2.013542  -0.124955 -47.963111  -1.812451 -99.000000   0.000000   0.268061   0.000214   0.000458   0.267931   0.088561      4      0
 2.3485E+07  17.274430  -0.164211 -99.000000   4.886602  -6.713536   0.000000   0.000077   0.000048  4.582E-04  4.581E-04 -0.552E-10    varcontrol

DATE: 2016-02-26
TIME: 17:08:45
DATE: 2016-02-26
TIME: 17:08:45
                                         version_number        8118
 read inlist_1.0
load saved model zams.mod

 new_lnPgas_flag T
 net name basic.net
 do_element_diffusion T
 lnPgas_flag T
                       which_atm_option: Eddington_grey
 kappa_file_prefix gs98
 kappa_lowT_prefix lowT_fa05_gs98
   eos_file_prefix mesa
                                        OMP_NUM_THREADS           1


__________________________________________________________________________________________________________________________________________________

       step    lg_Tcntr    Teff       lg_LH     lg_Lnuc     Mass       H_rich     H_cntr     N_cntr     Y_surf     X_avg     eta_cntr  zones retry
   lg_dt_yr    lg_Dcntr    lg_R       lg_L3a    lg_Lneu     lg_Mdot    He_core    He_cntr    O_cntr     Z_surf     Y_avg     gam_cntr  iters bckup
     age_yr    lg_Pcntr    lg_L       lg_LZ     lg_Psurf    lg_Dsurf   C_core     C_cntr     Ne_cntr    Z_cntr     Z_avg     v_div_cs     dt_limit
__________________________________________________________________________________________________________________________________________________

