000 (20389.000.000) 02/24 21:34:55 Job submitted from host: <134.76.239.76:13753?addrs=134.76.239.76-13753>
...
001 (20389.000.000) 02/25 00:32:40 Job executing on host: <134.76.239.85:29523?addrs=134.76.239.85-29523>
...
006 (20389.000.000) 02/25 00:32:48 Image size of job updated: 202152
	52  -  MemoryUsage of job (MB)
	52364  -  ResidentSetSize of job (KB)
...
006 (20389.000.000) 02/25 00:37:48 Image size of job updated: 1145708
	932  -  MemoryUsage of job (MB)
	954220  -  ResidentSetSize of job (KB)
...
006 (20389.000.000) 02/25 00:42:49 Image size of job updated: 1147028
	932  -  MemoryUsage of job (MB)
	954220  -  ResidentSetSize of job (KB)
...
006 (20389.000.000) 02/25 00:57:50 Image size of job updated: 1294112
	1060  -  MemoryUsage of job (MB)
	1085368  -  ResidentSetSize of job (KB)
...
006 (20389.000.000) 02/25 01:02:51 Image size of job updated: 1294112
	1061  -  MemoryUsage of job (MB)
	1085704  -  ResidentSetSize of job (KB)
...
006 (20389.000.000) 02/25 01:07:51 Image size of job updated: 1294112
	1061  -  MemoryUsage of job (MB)
	1085708  -  ResidentSetSize of job (KB)
...
006 (20389.000.000) 02/25 01:12:51 Image size of job updated: 1415060
	1205  -  MemoryUsage of job (MB)
	1233308  -  ResidentSetSize of job (KB)
...
006 (20389.000.000) 02/25 01:17:52 Image size of job updated: 1415060
	1205  -  MemoryUsage of job (MB)
	1233316  -  ResidentSetSize of job (KB)
...
006 (20389.000.000) 02/25 01:27:53 Image size of job updated: 1415060
	1205  -  MemoryUsage of job (MB)
	1233640  -  ResidentSetSize of job (KB)
...
006 (20389.000.000) 02/25 01:37:55 Image size of job updated: 1415568
	1205  -  MemoryUsage of job (MB)
	1233644  -  ResidentSetSize of job (KB)
...
006 (20389.000.000) 02/25 01:42:55 Image size of job updated: 1418664
	1206  -  MemoryUsage of job (MB)
	1234672  -  ResidentSetSize of job (KB)
...
006 (20389.000.000) 02/25 02:23:00 Image size of job updated: 1429240
	1215  -  MemoryUsage of job (MB)
	1243376  -  ResidentSetSize of job (KB)
...
006 (20389.000.000) 02/25 02:28:01 Image size of job updated: 1429240
	1215  -  MemoryUsage of job (MB)
	1243712  -  ResidentSetSize of job (KB)
...
006 (20389.000.000) 02/25 02:38:01 Image size of job updated: 1429240
	1215  -  MemoryUsage of job (MB)
	1244032  -  ResidentSetSize of job (KB)
...
006 (20389.000.000) 02/25 02:53:03 Image size of job updated: 1429492
	1215  -  MemoryUsage of job (MB)
	1244048  -  ResidentSetSize of job (KB)
...
006 (20389.000.000) 02/25 02:58:04 Image size of job updated: 1432592
	1216  -  MemoryUsage of job (MB)
	1244616  -  ResidentSetSize of job (KB)
...
005 (20389.000.000) 02/25 04:15:04 Job terminated.
	(1) Normal termination (return value 0)
		Usr 0 06:08:40, Sys 0 00:01:32  -  Run Remote Usage
		Usr 0 00:00:00, Sys 0 00:00:00  -  Run Local Usage
		Usr 0 06:08:40, Sys 0 00:01:32  -  Total Remote Usage
		Usr 0 00:00:00, Sys 0 00:00:00  -  Total Local Usage
	0  -  Run Bytes Sent By Job
	0  -  Run Bytes Received By Job
	0  -  Total Bytes Sent By Job
	0  -  Total Bytes Received By Job
	Partitionable Resources :    Usage  Request Allocated
	   Cpus                 :                 2         2
	   Disk (KB)            :        1        1   5108756
	   Memory (MB)          :     1216        1         1
...
