000 (20501.000.000) 02/24 21:35:01 Job submitted from host: <134.76.239.76:13753?addrs=134.76.239.76-13753>
...
001 (20501.000.000) 02/25 01:41:41 Job executing on host: <134.76.239.78:21556?addrs=134.76.239.78-21556>
...
006 (20501.000.000) 02/25 01:41:50 Image size of job updated: 1
	3  -  MemoryUsage of job (MB)
	2068  -  ResidentSetSize of job (KB)
...
006 (20501.000.000) 02/25 01:46:51 Image size of job updated: 1143912
	937  -  MemoryUsage of job (MB)
	959108  -  ResidentSetSize of job (KB)
...
006 (20501.000.000) 02/25 01:51:51 Image size of job updated: 1145676
	937  -  MemoryUsage of job (MB)
	959108  -  ResidentSetSize of job (KB)
...
006 (20501.000.000) 02/25 01:56:51 Image size of job updated: 1238952
	1077  -  MemoryUsage of job (MB)
	1102332  -  ResidentSetSize of job (KB)
...
006 (20501.000.000) 02/25 02:01:53 Image size of job updated: 1449972
	1245  -  MemoryUsage of job (MB)
	1274540  -  ResidentSetSize of job (KB)
...
006 (20501.000.000) 02/25 02:06:53 Image size of job updated: 1452160
	1245  -  MemoryUsage of job (MB)
	1274540  -  ResidentSetSize of job (KB)
...
006 (20501.000.000) 02/25 02:31:55 Image size of job updated: 1452160
	1248  -  MemoryUsage of job (MB)
	1277108  -  ResidentSetSize of job (KB)
...
005 (20501.000.000) 02/25 03:30:03 Job terminated.
	(1) Normal termination (return value 0)
		Usr 0 02:47:52, Sys 0 00:00:43  -  Run Remote Usage
		Usr 0 00:00:00, Sys 0 00:00:00  -  Run Local Usage
		Usr 0 02:47:52, Sys 0 00:00:43  -  Total Remote Usage
		Usr 0 00:00:00, Sys 0 00:00:00  -  Total Local Usage
	0  -  Run Bytes Sent By Job
	0  -  Run Bytes Received By Job
	0  -  Total Bytes Sent By Job
	0  -  Total Bytes Received By Job
	Partitionable Resources :    Usage  Request Allocated
	   Cpus                 :                 2         2
	   Disk (KB)            :        1        1   5108766
	   Memory (MB)          :     1248        1         1
...
