000 (20746.000.000) 02/24 21:35:14 Job submitted from host: <134.76.239.76:13753?addrs=134.76.239.76-13753>
...
001 (20746.000.000) 02/25 04:33:47 Job executing on host: <134.76.239.83:20501?addrs=134.76.239.83-20501>
...
006 (20746.000.000) 02/25 04:33:56 Image size of job updated: 197564
	76  -  MemoryUsage of job (MB)
	77120  -  ResidentSetSize of job (KB)
...
006 (20746.000.000) 02/25 04:38:57 Image size of job updated: 1146428
	934  -  MemoryUsage of job (MB)
	956376  -  ResidentSetSize of job (KB)
...
006 (20746.000.000) 02/25 04:43:58 Image size of job updated: 1147368
	934  -  MemoryUsage of job (MB)
	956376  -  ResidentSetSize of job (KB)
...
006 (20746.000.000) 02/25 05:29:02 Image size of job updated: 1297836
	1072  -  MemoryUsage of job (MB)
	1096768  -  ResidentSetSize of job (KB)
...
006 (20746.000.000) 02/25 05:54:05 Image size of job updated: 1297836
	1072  -  MemoryUsage of job (MB)
	1096772  -  ResidentSetSize of job (KB)
...
006 (20746.000.000) 02/25 05:59:05 Image size of job updated: 1297836
	1072  -  MemoryUsage of job (MB)
	1097100  -  ResidentSetSize of job (KB)
...
006 (20746.000.000) 02/25 06:34:08 Image size of job updated: 1418784
	1216  -  MemoryUsage of job (MB)
	1244368  -  ResidentSetSize of job (KB)
...
006 (20746.000.000) 02/25 06:49:10 Image size of job updated: 1418784
	1216  -  MemoryUsage of job (MB)
	1244704  -  ResidentSetSize of job (KB)
...
006 (20746.000.000) 02/25 07:09:11 Image size of job updated: 1418784
	1216  -  MemoryUsage of job (MB)
	1244708  -  ResidentSetSize of job (KB)
...
006 (20746.000.000) 02/25 07:14:12 Image size of job updated: 1418784
	1217  -  MemoryUsage of job (MB)
	1246032  -  ResidentSetSize of job (KB)
...
006 (20746.000.000) 02/25 07:39:15 Image size of job updated: 1418784
	1218  -  MemoryUsage of job (MB)
	1246352  -  ResidentSetSize of job (KB)
...
004 (20746.000.000) 02/25 09:59:08 Job was evicted.
	(0) Job was not checkpointed.
		Usr 0 09:06:46, Sys 0 00:02:18  -  Run Remote Usage
		Usr 0 00:00:00, Sys 0 00:00:00  -  Run Local Usage
	0  -  Run Bytes Sent By Job
	0  -  Run Bytes Received By Job
	Partitionable Resources :    Usage  Request Allocated
	   Cpus                 :                 2         2
	   Disk (KB)            :        1        1   5108701
	   Memory (MB)          :     1218        1         1
...
001 (20746.000.000) 02/25 09:59:31 Job executing on host: <134.76.239.87:13734?addrs=134.76.239.87-13734>
...
004 (20746.000.000) 02/25 10:08:52 Job was evicted.
	(0) Job was not checkpointed.
		Usr 0 00:11:31, Sys 0 00:00:06  -  Run Remote Usage
		Usr 0 00:00:00, Sys 0 00:00:00  -  Run Local Usage
	0  -  Run Bytes Sent By Job
	0  -  Run Bytes Received By Job
	Partitionable Resources :    Usage  Request Allocated
	   Cpus                 :                 2         2
	   Disk (KB)            :        1        1   5108676
	   Memory (MB)          :     1221     1221      1221
...
001 (20746.000.000) 02/25 10:11:12 Job executing on host: <134.76.239.90:23525?addrs=134.76.239.90-23525>
...
004 (20746.000.000) 02/25 10:49:46 Job was evicted.
	(0) Job was not checkpointed.
		Usr 0 01:07:17, Sys 0 00:00:09  -  Run Remote Usage
		Usr 0 00:00:00, Sys 0 00:00:00  -  Run Local Usage
	0  -  Run Bytes Sent By Job
	0  -  Run Bytes Received By Job
	Partitionable Resources :    Usage  Request Allocated
	   Cpus                 :                 2         2
	   Disk (KB)            :        1        1   5108691
	   Memory (MB)          :     1221     1221      1221
...
001 (20746.000.000) 02/25 10:50:43 Job executing on host: <134.76.239.87:13734?addrs=134.76.239.87-13734>
...
004 (20746.000.000) 02/25 10:52:27 Job was evicted.
	(0) Job was not checkpointed.
		Usr 0 00:02:24, Sys 0 00:00:01  -  Run Remote Usage
		Usr 0 00:00:00, Sys 0 00:00:00  -  Run Local Usage
	0  -  Run Bytes Sent By Job
	0  -  Run Bytes Received By Job
	Partitionable Resources :    Usage  Request Allocated
	   Cpus                 :                 2         2
	   Disk (KB)            :        1        1   5108616
	   Memory (MB)          :     1221     1221      1221
...
001 (20746.000.000) 02/25 10:54:27 Job executing on host: <134.76.239.87:13734?addrs=134.76.239.87-13734>
...
004 (20746.000.000) 02/25 11:04:25 Job was evicted.
	(0) Job was not checkpointed.
		Usr 0 00:16:28, Sys 0 00:00:05  -  Run Remote Usage
		Usr 0 00:00:00, Sys 0 00:00:00  -  Run Local Usage
	0  -  Run Bytes Sent By Job
	0  -  Run Bytes Received By Job
	Partitionable Resources :    Usage  Request Allocated
	   Cpus                 :                 2         2
	   Disk (KB)            :        1        1   5108604
	   Memory (MB)          :     1221     1221      1221
...
001 (20746.000.000) 02/25 11:06:25 Job executing on host: <134.76.239.83:20501?addrs=134.76.239.83-20501>
...
004 (20746.000.000) 02/25 11:08:07 Job was evicted.
	(0) Job was not checkpointed.
		Usr 0 00:02:19, Sys 0 00:00:01  -  Run Remote Usage
		Usr 0 00:00:00, Sys 0 00:00:00  -  Run Local Usage
	0  -  Run Bytes Sent By Job
	0  -  Run Bytes Received By Job
	Partitionable Resources :    Usage  Request Allocated
	   Cpus                 :                 2         2
	   Disk (KB)            :        1        1   5108597
	   Memory (MB)          :     1221     1221      1221
...
001 (20746.000.000) 02/25 11:11:07 Job executing on host: <134.76.239.78:21556?addrs=134.76.239.78-21556>
...
004 (20746.000.000) 02/25 11:30:52 Job was evicted.
	(0) Job was not checkpointed.
		Usr 0 00:28:00, Sys 0 00:00:07  -  Run Remote Usage
		Usr 0 00:00:00, Sys 0 00:00:00  -  Run Local Usage
	0  -  Run Bytes Sent By Job
	0  -  Run Bytes Received By Job
	Partitionable Resources :    Usage  Request Allocated
	   Cpus                 :                 2         2
	   Disk (KB)            :        1        1   5108643
	   Memory (MB)          :     1221     1221      1221
...
001 (20746.000.000) 02/25 11:32:41 Job executing on host: <134.76.239.91:19968?addrs=134.76.239.91-19968>
...
004 (20746.000.000) 02/25 11:45:13 Job was evicted.
	(0) Job was not checkpointed.
		Usr 0 00:15:57, Sys 0 00:00:04  -  Run Remote Usage
		Usr 0 00:00:00, Sys 0 00:00:00  -  Run Local Usage
	0  -  Run Bytes Sent By Job
	0  -  Run Bytes Received By Job
	Partitionable Resources :    Usage  Request Allocated
	   Cpus                 :                 2         2
	   Disk (KB)            :        1        1   5108528
	   Memory (MB)          :     1221     1221      1221
...
001 (20746.000.000) 02/25 11:47:59 Job executing on host: <134.76.239.90:23525?addrs=134.76.239.90-23525>
...
004 (20746.000.000) 02/25 11:57:16 Job was evicted.
	(0) Job was not checkpointed.
		Usr 0 00:10:54, Sys 0 00:00:05  -  Run Remote Usage
		Usr 0 00:00:00, Sys 0 00:00:00  -  Run Local Usage
	0  -  Run Bytes Sent By Job
	0  -  Run Bytes Received By Job
	Partitionable Resources :    Usage  Request Allocated
	   Cpus                 :                 2         2
	   Disk (KB)            :        1        1   5108627
	   Memory (MB)          :     1221     1221      1221
...
001 (20746.000.000) 02/25 11:59:19 Job executing on host: <134.76.239.88:25067?addrs=134.76.239.88-25067>
...
004 (20746.000.000) 02/25 13:21:06 Job was evicted.
	(0) Job was not checkpointed.
		Usr 0 02:17:51, Sys 0 00:00:23  -  Run Remote Usage
		Usr 0 00:00:00, Sys 0 00:00:00  -  Run Local Usage
	0  -  Run Bytes Sent By Job
	0  -  Run Bytes Received By Job
	Partitionable Resources :    Usage  Request Allocated
	   Cpus                 :                 2         2
	   Disk (KB)            :        1        1   5108554
	   Memory (MB)          :     1221     1221      1221
...
001 (20746.000.000) 02/25 13:23:10 Job executing on host: <134.76.239.87:13734?addrs=134.76.239.87-13734>
...
