DATE: 2016-02-26
TIME: 16:59:22
                                         version_number        8118
 read inlist_1.0
 create pre-main-sequence model
                                                species           8
 abundances
                                                     h1    7.0873699999999995D-01
                                                    he3    3.0699865078492739D-05
                                                    he4    2.8844730013492154D-01
                                                    c12    4.7924427755558266D-04
                                                    n14    1.4038607764699888D-04
                                                    o16    1.3034421903227577D-03
                                                   ne20    2.9234979799540127D-04
                                                   mg24    5.6957765647929664D-04


                                        relax_num_steps


                               finished relax_num_steps

 new_lnPgas_flag T
                                        relax_initial_Z    2.7850000000000001D-03
                                                  new z    2.7850000000007127D-03
                                        relax_initial_Y    2.8847800000000001D-01
                                                  new y    2.8847799999999968D-01
 net name basic.net
 do_element_diffusion T
 lnPgas_flag T
 kappa_file_prefix gs98
 kappa_lowT_prefix lowT_fa05_gs98
   eos_file_prefix mesa
                                        OMP_NUM_THREADS           1



stop because Lnuc_div_L >= Lnuc_div_L_zams_limit
    0.1002595826E+01    0.9990000000E+00

        848   7.179523   6548.237   0.166917   0.166917   0.969247   0.969247   0.708289   0.000393   0.288445   0.708645  -1.631904    804      0
   5.517352   2.006546  -0.025837 -44.734495  -1.416207 -99.000000   0.000000   0.288890   0.001303   0.002785   0.288566   0.077362      4      0
 1.9156E+07  17.319866   0.165791 -99.000000   4.569586  -7.053868   0.000000   0.000263   0.000292  2.821E-03  2.789E-03 -0.344E-10    varcontrol

save photos/x848 for model 848
save final_profile.data write fgong_plot.data
                               s% atm_structure_num_pts          54
save final_profile.data.FGONG    848
 final_profile.data.FGONG for model 848
 saved to zams.mod
termination code: Lnuc_div_L_zams_limit

       runtime, prev time, retries, backups, steps         7.9        28.2         0         0       848
        848   7.179523   6548.237   0.166917   0.166917   0.969247   0.969247   0.708289   0.000393   0.288445   0.708645  -1.631904    804      0
   5.517352   2.006546  -0.025837 -44.734495  -1.416207 -99.000000   0.000000   0.288890   0.001303   0.002785   0.288566   0.077362      4      0
 1.9156E+07  17.319866   0.165791 -99.000000   4.569586  -7.053868   0.000000   0.000263   0.000292  2.821E-03  2.789E-03 -0.344E-10  max increase

DATE: 2016-02-26
TIME: 17:09:26
DATE: 2016-02-26
TIME: 17:09:26
                                         version_number        8118
 read inlist_1.0
load saved model zams.mod

 new_lnPgas_flag T
 net name basic.net
 do_element_diffusion T
 lnPgas_flag T
                       which_atm_option: Eddington_grey
 kappa_file_prefix gs98
 kappa_lowT_prefix lowT_fa05_gs98
   eos_file_prefix mesa
                                        OMP_NUM_THREADS           1


__________________________________________________________________________________________________________________________________________________

       step    lg_Tcntr    Teff       lg_LH     lg_Lnuc     Mass       H_rich     H_cntr     N_cntr     Y_surf     X_avg     eta_cntr  zones retry
   lg_dt_yr    lg_Dcntr    lg_R       lg_L3a    lg_Lneu     lg_Mdot    He_core    He_cntr    O_cntr     Z_surf     Y_avg     gam_cntr  iters bckup
     age_yr    lg_Pcntr    lg_L       lg_LZ     lg_Psurf    lg_Dsurf   C_core     C_cntr     Ne_cntr    Z_cntr     Z_avg     v_div_cs     dt_limit
__________________________________________________________________________________________________________________________________________________

