000 (20523.000.000) 02/24 21:35:02 Job submitted from host: <134.76.239.76:13753?addrs=134.76.239.76-13753>
...
001 (20523.000.000) 02/25 02:00:41 Job executing on host: <134.76.239.83:20501?addrs=134.76.239.83-20501>
...
006 (20523.000.000) 02/25 02:00:49 Image size of job updated: 1
	3  -  MemoryUsage of job (MB)
	2068  -  ResidentSetSize of job (KB)
...
006 (20523.000.000) 02/25 02:05:49 Image size of job updated: 1146328
	929  -  MemoryUsage of job (MB)
	950620  -  ResidentSetSize of job (KB)
...
006 (20523.000.000) 02/25 02:10:49 Image size of job updated: 1147388
	929  -  MemoryUsage of job (MB)
	950620  -  ResidentSetSize of job (KB)
...
006 (20523.000.000) 02/25 03:15:56 Image size of job updated: 1241344
	1071  -  MemoryUsage of job (MB)
	1096252  -  ResidentSetSize of job (KB)
...
006 (20523.000.000) 02/25 03:51:00 Image size of job updated: 1241344
	1071  -  MemoryUsage of job (MB)
	1096584  -  ResidentSetSize of job (KB)
...
006 (20523.000.000) 02/25 04:06:02 Image size of job updated: 1241344
	1075  -  MemoryUsage of job (MB)
	1100164  -  ResidentSetSize of job (KB)
...
006 (20523.000.000) 02/25 04:11:02 Image size of job updated: 1241828
	1075  -  MemoryUsage of job (MB)
	1100168  -  ResidentSetSize of job (KB)
...
006 (20523.000.000) 02/25 04:16:03 Image size of job updated: 1428312
	1219  -  MemoryUsage of job (MB)
	1247436  -  ResidentSetSize of job (KB)
...
006 (20523.000.000) 02/25 04:26:04 Image size of job updated: 1428312
	1219  -  MemoryUsage of job (MB)
	1247764  -  ResidentSetSize of job (KB)
...
006 (20523.000.000) 02/25 04:31:05 Image size of job updated: 1452848
	1243  -  MemoryUsage of job (MB)
	1272312  -  ResidentSetSize of job (KB)
...
006 (20523.000.000) 02/25 04:36:06 Image size of job updated: 1455804
	1243  -  MemoryUsage of job (MB)
	1272384  -  ResidentSetSize of job (KB)
...
006 (20523.000.000) 02/25 04:51:07 Image size of job updated: 1455804
	1243  -  MemoryUsage of job (MB)
	1272712  -  ResidentSetSize of job (KB)
...
006 (20523.000.000) 02/25 04:56:07 Image size of job updated: 1455804
	1243  -  MemoryUsage of job (MB)
	1272752  -  ResidentSetSize of job (KB)
...
006 (20523.000.000) 02/25 05:11:09 Image size of job updated: 1455812
	1243  -  MemoryUsage of job (MB)
	1272832  -  ResidentSetSize of job (KB)
...
006 (20523.000.000) 02/25 07:51:26 Image size of job updated: 1455896
	1243  -  MemoryUsage of job (MB)
	1272832  -  ResidentSetSize of job (KB)
...
006 (20523.000.000) 02/25 08:26:30 Image size of job updated: 1455908
	1243  -  MemoryUsage of job (MB)
	1272832  -  ResidentSetSize of job (KB)
...
006 (20523.000.000) 02/25 09:33:00 Image size of job updated: 2525000
	1243  -  MemoryUsage of job (MB)
	1272832  -  ResidentSetSize of job (KB)
...
005 (20523.000.000) 02/25 09:33:00 Job terminated.
	(1) Normal termination (return value 127)
		Usr 0 12:43:21, Sys 0 00:02:46  -  Run Remote Usage
		Usr 0 00:00:00, Sys 0 00:00:00  -  Run Local Usage
		Usr 0 12:43:21, Sys 0 00:02:46  -  Total Remote Usage
		Usr 0 00:00:00, Sys 0 00:00:00  -  Total Local Usage
	0  -  Run Bytes Sent By Job
	0  -  Run Bytes Received By Job
	0  -  Total Bytes Sent By Job
	0  -  Total Bytes Received By Job
	Partitionable Resources :    Usage  Request Allocated
	   Cpus                 :                 2         2
	   Disk (KB)            :        1        1   5108728
	   Memory (MB)          :     1243        1         1
...
