DATE: 2016-02-26
TIME: 16:59:43
                                         version_number        8118
 read inlist_1.0
 create pre-main-sequence model
                                                species           8
 abundances
                                                     h1    6.7666499999999996D-01
                                                    he3    3.4316446636973792D-05
                                                    he4    3.2242768355336304D-01
                                                    c12    1.5022630316194761D-04
                                                    n14    4.4006120569418366D-05
                                                    o16    4.0858349448896541D-04
                                                   ne20    9.1641426804303622D-05
                                                   mg24    1.7854265497537760D-04


                                        relax_num_steps


                               finished relax_num_steps

 new_lnPgas_flag T
                                        relax_initial_Z    8.7299999999999997D-04
                                                  new z    8.7300000000097608D-04
                                        relax_initial_Y    3.2246200000000003D-01
                                                  new y    3.2246199999999975D-01
 net name basic.net
 do_element_diffusion T
 lnPgas_flag T
 kappa_file_prefix gs98
 kappa_lowT_prefix lowT_fa05_gs98
   eos_file_prefix mesa
                                        OMP_NUM_THREADS           1



stop because Lnuc_div_L >= Lnuc_div_L_zams_limit
    0.9994821358E+00    0.9990000000E+00

        937   7.266619   8788.101   0.662928   0.662928   1.164365   1.164365   0.675835   0.000218   0.322429   0.676453  -1.858381    896      0
   5.831886   2.053837  -0.032697 -40.236449  -0.895541 -99.000000   0.000000   0.323267   0.000408   0.000873   0.322668   0.066544      2      0
 1.1640E+07  17.443169   0.663153 -14.574379   3.510828  -8.251819   0.000000   0.000001   0.000092  8.978E-04  8.783E-04 -0.448E-12  max increase

save photos/x937 for model 937
save final_profile.data write fgong_plot.data
                               s% atm_structure_num_pts          43
save final_profile.data.FGONG    937
 final_profile.data.FGONG for model 937
 saved to zams.mod
termination code: Lnuc_div_L_zams_limit

       runtime, prev time, retries, backups, steps         9.1        28.2         0         0       937
        937   7.266619   8788.101   0.662928   0.662928   1.164365   1.164365   0.675835   0.000218   0.322429   0.676453  -1.858381    896      0
   5.831886   2.053837  -0.032697 -40.236449  -0.895541 -99.000000   0.000000   0.323267   0.000408   0.000873   0.322668   0.066544      2      0
 1.1640E+07  17.443169   0.663153 -14.574379   3.510828  -8.251819   0.000000   0.000001   0.000092  8.978E-04  8.783E-04 -0.448E-12  max increase

DATE: 2016-02-26
TIME: 17:10:38
DATE: 2016-02-26
TIME: 17:10:38
                                         version_number        8118
 read inlist_1.0
load saved model zams.mod

 new_lnPgas_flag T
 net name basic.net
 do_element_diffusion T
 lnPgas_flag T
                       which_atm_option: Eddington_grey
 kappa_file_prefix gs98
 kappa_lowT_prefix lowT_fa05_gs98
   eos_file_prefix mesa
                                        OMP_NUM_THREADS           1


__________________________________________________________________________________________________________________________________________________

       step    lg_Tcntr    Teff       lg_LH     lg_Lnuc     Mass       H_rich     H_cntr     N_cntr     Y_surf     X_avg     eta_cntr  zones retry
   lg_dt_yr    lg_Dcntr    lg_R       lg_L3a    lg_Lneu     lg_Mdot    He_core    He_cntr    O_cntr     Z_surf     Y_avg     gam_cntr  iters bckup
     age_yr    lg_Pcntr    lg_L       lg_LZ     lg_Psurf    lg_Dsurf   C_core     C_cntr     Ne_cntr    Z_cntr     Z_avg     v_div_cs     dt_limit
__________________________________________________________________________________________________________________________________________________

        938   7.266633   8791.490   0.663542   0.663542   1.164365   1.164365   0.675703   0.000218   0.322423   0.676421  -1.858233    896      0
   5.911067   2.053956  -0.033002 -40.235093  -0.895567 -99.000000   0.000000   0.323400   0.000408   0.000873   0.322701   0.066552      5      0
 1.2455E+07  17.443259   0.663214 -99.000000   4.040778  -7.722173   0.000000   0.000001   0.000092  8.978E-04  8.784E-04 -0.212E-11              

