000 (20553.000.000) 02/24 21:35:04 Job submitted from host: <134.76.239.76:13753?addrs=134.76.239.76-13753>
...
001 (20553.000.000) 02/25 02:18:42 Job executing on host: <134.76.239.86:20177?addrs=134.76.239.86-20177>
...
006 (20553.000.000) 02/25 02:18:51 Image size of job updated: 138000
	19  -  MemoryUsage of job (MB)
	18832  -  ResidentSetSize of job (KB)
...
006 (20553.000.000) 02/25 02:23:53 Image size of job updated: 1146184
	938  -  MemoryUsage of job (MB)
	959680  -  ResidentSetSize of job (KB)
...
006 (20553.000.000) 02/25 02:28:53 Image size of job updated: 1147916
	938  -  MemoryUsage of job (MB)
	959680  -  ResidentSetSize of job (KB)
...
006 (20553.000.000) 02/25 02:53:55 Image size of job updated: 1280992
	1071  -  MemoryUsage of job (MB)
	1096568  -  ResidentSetSize of job (KB)
...
006 (20553.000.000) 02/25 02:58:56 Image size of job updated: 1281612
	1072  -  MemoryUsage of job (MB)
	1097188  -  ResidentSetSize of job (KB)
...
006 (20553.000.000) 02/25 03:03:56 Image size of job updated: 1281612
	1072  -  MemoryUsage of job (MB)
	1097192  -  ResidentSetSize of job (KB)
...
006 (20553.000.000) 02/25 03:08:56 Image size of job updated: 1281612
	1072  -  MemoryUsage of job (MB)
	1097196  -  ResidentSetSize of job (KB)
...
006 (20553.000.000) 02/25 03:13:57 Image size of job updated: 1281612
	1072  -  MemoryUsage of job (MB)
	1097532  -  ResidentSetSize of job (KB)
...
006 (20553.000.000) 02/25 03:28:59 Image size of job updated: 1402560
	1216  -  MemoryUsage of job (MB)
	1244804  -  ResidentSetSize of job (KB)
...
006 (20553.000.000) 02/25 03:34:00 Image size of job updated: 1402560
	1216  -  MemoryUsage of job (MB)
	1244808  -  ResidentSetSize of job (KB)
...
006 (20553.000.000) 02/25 03:39:00 Image size of job updated: 1402560
	1216  -  MemoryUsage of job (MB)
	1245152  -  ResidentSetSize of job (KB)
...
006 (20553.000.000) 02/25 04:04:02 Image size of job updated: 1402560
	1217  -  MemoryUsage of job (MB)
	1245472  -  ResidentSetSize of job (KB)
...
006 (20553.000.000) 02/25 04:39:06 Image size of job updated: 1405984
	1219  -  MemoryUsage of job (MB)
	1247528  -  ResidentSetSize of job (KB)
...
006 (20553.000.000) 02/25 04:44:07 Image size of job updated: 1405996
	1219  -  MemoryUsage of job (MB)
	1247624  -  ResidentSetSize of job (KB)
...
006 (20553.000.000) 02/25 04:49:07 Image size of job updated: 1405996
	1219  -  MemoryUsage of job (MB)
	1247644  -  ResidentSetSize of job (KB)
...
006 (20553.000.000) 02/25 05:54:14 Image size of job updated: 1415968
	1219  -  MemoryUsage of job (MB)
	1247644  -  ResidentSetSize of job (KB)
...
006 (20553.000.000) 02/25 06:54:22 Image size of job updated: 1416208
	1219  -  MemoryUsage of job (MB)
	1247644  -  ResidentSetSize of job (KB)
...
006 (20553.000.000) 02/25 06:59:22 Image size of job updated: 1419208
	1219  -  MemoryUsage of job (MB)
	1247644  -  ResidentSetSize of job (KB)
...
006 (20553.000.000) 02/25 07:09:23 Image size of job updated: 1419220
	1219  -  MemoryUsage of job (MB)
	1247644  -  ResidentSetSize of job (KB)
...
005 (20553.000.000) 02/25 08:36:41 Job terminated.
	(1) Normal termination (return value 0)
		Usr 0 10:38:48, Sys 0 00:02:11  -  Run Remote Usage
		Usr 0 00:00:00, Sys 0 00:00:00  -  Run Local Usage
		Usr 0 10:38:48, Sys 0 00:02:11  -  Total Remote Usage
		Usr 0 00:00:00, Sys 0 00:00:00  -  Total Local Usage
	0  -  Run Bytes Sent By Job
	0  -  Run Bytes Received By Job
	0  -  Total Bytes Sent By Job
	0  -  Total Bytes Received By Job
	Partitionable Resources :    Usage  Request Allocated
	   Cpus                 :                 2         2
	   Disk (KB)            :        1        1   5108730
	   Memory (MB)          :     1219        1         1
...
