DATE: 2016-02-26
TIME: 16:59:34
                                         version_number        8118
 read inlist_1.0
 create pre-main-sequence model
                                                species           8
 abundances
                                                     h1    6.5461799999999992D-01
                                                    he3    3.5663299750325256D-05
                                                    he4    3.3508233670024973D-01
                                                    c12    1.7662345654687465D-03
                                                    n14    5.1738696623654737D-04
                                                    o16    4.8037811998106542D-03
                                                   ne20    1.0774428461848378D-03
                                                   mg24    2.0991544222992656D-03


                                        relax_num_steps


                               finished relax_num_steps

 new_lnPgas_flag T
                                        relax_initial_Z    1.0264000000000001D-02
                                                  new z    1.0264000000000445D-02
                                        relax_initial_Y    3.3511800000000003D-01
                                                  new y    3.3511799999999997D-01
 net name basic.net
 do_element_diffusion T
 lnPgas_flag T
 kappa_file_prefix gs98
 kappa_lowT_prefix lowT_fa05_gs98
   eos_file_prefix mesa
                                        OMP_NUM_THREADS           1



stop because Lnuc_div_L >= Lnuc_div_L_zams_limit
    0.1002972310E+01    0.9990000000E+00

        820   7.149973   5914.754  -0.103239  -0.103239   0.886630   0.886630   0.654135   0.000895   0.334951   0.654523  -1.650507    814      0
   5.827499   1.969855  -0.072621 -46.147541  -1.642275 -99.000000   0.000000   0.335546   0.004804   0.010259   0.335205   0.082781      4      0
 3.0816E+07  17.234668  -0.104528 -15.954590   4.857118  -6.699414   0.000000   0.001443   0.001078  1.032E-02  1.027E-02 -0.157E-10  max increase

save photos/x820 for model 820
save final_profile.data write fgong_plot.data
                               s% atm_structure_num_pts          57
save final_profile.data.FGONG    820
 final_profile.data.FGONG for model 820
 saved to zams.mod
termination code: Lnuc_div_L_zams_limit

       runtime, prev time, retries, backups, steps         8.0        28.2         0         0       820
        820   7.149973   5914.754  -0.103239  -0.103239   0.886630   0.886630   0.654135   0.000895   0.334951   0.654523  -1.650507    814      0
   5.827499   1.969855  -0.072621 -46.147541  -1.642275 -99.000000   0.000000   0.335546   0.004804   0.010259   0.335205   0.082781      4      0
 3.0816E+07  17.234668  -0.104528 -15.954590   4.857118  -6.699414   0.000000   0.001443   0.001078  1.032E-02  1.027E-02 -0.157E-10  max increase

DATE: 2016-02-26
TIME: 17:09:32
DATE: 2016-02-26
TIME: 17:09:32
                                         version_number        8118
 read inlist_1.0
load saved model zams.mod

 new_lnPgas_flag T
 net name basic.net
 do_element_diffusion T
 lnPgas_flag T
                       which_atm_option: Eddington_grey
 kappa_file_prefix gs98
 kappa_lowT_prefix lowT_fa05_gs98
   eos_file_prefix mesa
                                        OMP_NUM_THREADS           1


__________________________________________________________________________________________________________________________________________________

       step    lg_Tcntr    Teff       lg_LH     lg_Lnuc     Mass       H_rich     H_cntr     N_cntr     Y_surf     X_avg     eta_cntr  zones retry
   lg_dt_yr    lg_Dcntr    lg_R       lg_L3a    lg_Lneu     lg_Mdot    He_core    He_cntr    O_cntr     Z_surf     Y_avg     gam_cntr  iters bckup
     age_yr    lg_Pcntr    lg_L       lg_LZ     lg_Psurf    lg_Dsurf   C_core     C_cntr     Ne_cntr    Z_cntr     Z_avg     v_div_cs     dt_limit
__________________________________________________________________________________________________________________________________________________

