DATE: 2016-02-25
TIME: 13:25:04
                                         version_number        8118
 read inlist_1.0
 create pre-main-sequence model
                                                species           8
 abundances
                                                     h1    6.9759799999999994D-01
                                                    he3    3.2023305764146880D-05
                                                    he4    3.0088197669423589D-01
                                                    c12    2.5605582944442329D-04
                                                    n14    7.5006995884645535D-05
                                                    o16    6.9641722772003441D-04
                                                   ne20    1.5619982025750966D-04
                                                   mg24    3.0432012669343207D-04


                                        relax_num_steps


                               finished relax_num_steps

 new_lnPgas_flag T
                                        relax_initial_Z    1.4880000000000000D-03
                                                  new z    1.4879999999999225D-03
                                        relax_initial_Y    3.0091400000000001D-01
                                                  new y    3.0091400000000035D-01
 net name basic.net
 do_element_diffusion T
 lnPgas_flag T
 kappa_file_prefix gs98
 kappa_lowT_prefix lowT_fa05_gs98
   eos_file_prefix mesa
                                        OMP_NUM_THREADS           2


