000 (19979.000.000) 02/24 21:34:33 Job submitted from host: <134.76.239.76:13753?addrs=134.76.239.76-13753>
...
001 (19979.000.000) 02/24 21:34:37 Job executing on host: <134.76.239.87:13734?addrs=134.76.239.87-13734>
...
006 (19979.000.000) 02/24 21:34:56 Image size of job updated: 65708
	4  -  MemoryUsage of job (MB)
	3828  -  ResidentSetSize of job (KB)
...
006 (19979.000.000) 02/24 21:39:54 Image size of job updated: 225172
	70  -  MemoryUsage of job (MB)
	71148  -  ResidentSetSize of job (KB)
...
006 (19979.000.000) 02/24 21:44:55 Image size of job updated: 1143340
	923  -  MemoryUsage of job (MB)
	945012  -  ResidentSetSize of job (KB)
...
006 (19979.000.000) 02/24 21:49:56 Image size of job updated: 1145112
	923  -  MemoryUsage of job (MB)
	945012  -  ResidentSetSize of job (KB)
...
006 (19979.000.000) 02/24 22:04:58 Image size of job updated: 1268668
	1060  -  MemoryUsage of job (MB)
	1085120  -  ResidentSetSize of job (KB)
...
006 (19979.000.000) 02/24 22:14:58 Image size of job updated: 1268668
	1061  -  MemoryUsage of job (MB)
	1085456  -  ResidentSetSize of job (KB)
...
006 (19979.000.000) 02/24 22:19:59 Image size of job updated: 1274300
	1063  -  MemoryUsage of job (MB)
	1088324  -  ResidentSetSize of job (KB)
...
006 (19979.000.000) 02/24 22:25:00 Image size of job updated: 1419784
	1231  -  MemoryUsage of job (MB)
	1260136  -  ResidentSetSize of job (KB)
...
006 (19979.000.000) 02/24 22:30:00 Image size of job updated: 1485320
	1294  -  MemoryUsage of job (MB)
	1324668  -  ResidentSetSize of job (KB)
...
006 (19979.000.000) 02/24 22:35:01 Image size of job updated: 1485320
	1294  -  MemoryUsage of job (MB)
	1324720  -  ResidentSetSize of job (KB)
...
006 (19979.000.000) 02/24 22:45:02 Image size of job updated: 1509856
	1318  -  MemoryUsage of job (MB)
	1349576  -  ResidentSetSize of job (KB)
...
006 (19979.000.000) 02/24 23:25:06 Image size of job updated: 1525184
	1318  -  MemoryUsage of job (MB)
	1349576  -  ResidentSetSize of job (KB)
...
006 (19979.000.000) 02/24 23:40:07 Image size of job updated: 1549720
	1321  -  MemoryUsage of job (MB)
	1352028  -  ResidentSetSize of job (KB)
...
005 (19979.000.000) 02/25 01:16:40 Job terminated.
	(1) Normal termination (return value 0)
		Usr 0 05:33:30, Sys 0 00:02:08  -  Run Remote Usage
		Usr 0 00:00:00, Sys 0 00:00:00  -  Run Local Usage
		Usr 0 05:33:30, Sys 0 00:02:08  -  Total Remote Usage
		Usr 0 00:00:00, Sys 0 00:00:00  -  Total Local Usage
	0  -  Run Bytes Sent By Job
	0  -  Run Bytes Received By Job
	0  -  Total Bytes Sent By Job
	0  -  Total Bytes Received By Job
	Partitionable Resources :    Usage  Request Allocated
	   Cpus                 :                 2         2
	   Disk (KB)            :        1        1   5108831
	   Memory (MB)          :     1321        1         1
...
