DATE: 2016-02-26
TIME: 16:59:27
                                         version_number        8118
 read inlist_1.0
 create pre-main-sequence model
                                                species           8
 abundances
                                                     h1    6.7543500000000001D-01
                                                    he3    3.2395882624912011D-05
                                                    he4    3.0438260411737511D-01
                                                    c12    3.4674226903931090D-03
                                                    n14    1.0157197359378723D-03
                                                    o16    9.4306499587084643D-03
                                                   ne20    2.1152058993203680D-03
                                                   mg24    4.1210017156400776D-03


                                        relax_num_steps


                               finished relax_num_steps

 new_lnPgas_flag T
                                        relax_initial_Z    2.0150000000000001D-02
                                                  new z    2.0150000000000435D-02
                                        relax_initial_Y    3.0441499999999999D-01
                                                  new y    3.0441499999999977D-01
 net name basic.net
 do_element_diffusion T
 lnPgas_flag T
 kappa_file_prefix gs98
 kappa_lowT_prefix lowT_fa05_gs98
   eos_file_prefix mesa
                                        OMP_NUM_THREADS           1



stop because Lnuc_div_L >= Lnuc_div_L_zams_limit
    0.1001569461E+01    0.9990000000E+00

        838   7.183817   6218.784   0.230924   0.230924   1.187216   1.187216   0.675090   0.001963   0.304415   0.675356  -2.077661    806      0
   5.370954   1.839446   0.051227 -44.759985  -1.165580 -99.000000   0.000000   0.304625   0.009431   0.020150   0.304469   0.068885      2      0
 2.1685E+07  17.143596   0.230243 -14.875409   4.597587  -6.988339   0.000000   0.002656   0.002115  2.029E-02  2.018E-02 -0.851E-10    varcontrol

save photos/x838 for model 838
save final_profile.data write fgong_plot.data
                               s% atm_structure_num_pts          57
save final_profile.data.FGONG    838
 final_profile.data.FGONG for model 838
 saved to zams.mod
termination code: Lnuc_div_L_zams_limit

       runtime, prev time, retries, backups, steps         7.6        28.2         0         0       838
        838   7.183817   6218.784   0.230924   0.230924   1.187216   1.187216   0.675090   0.001963   0.304415   0.675356  -2.077661    806      0
   5.370954   1.839446   0.051227 -44.759985  -1.165580 -99.000000   0.000000   0.304625   0.009431   0.020150   0.304469   0.068885      2      0
 2.1685E+07  17.143596   0.230243 -14.875409   4.597587  -6.988339   0.000000   0.002656   0.002115  2.029E-02  2.018E-02 -0.851E-10    varcontrol

DATE: 2016-02-26
TIME: 17:09:02
DATE: 2016-02-26
TIME: 17:09:03
                                         version_number        8118
 read inlist_1.0
load saved model zams.mod

 new_lnPgas_flag T
 net name basic.net
 do_element_diffusion T
 lnPgas_flag T
                       which_atm_option: Eddington_grey
 kappa_file_prefix gs98
 kappa_lowT_prefix lowT_fa05_gs98
   eos_file_prefix mesa
                                        OMP_NUM_THREADS           1


__________________________________________________________________________________________________________________________________________________

       step    lg_Tcntr    Teff       lg_LH     lg_Lnuc     Mass       H_rich     H_cntr     N_cntr     Y_surf     X_avg     eta_cntr  zones retry
   lg_dt_yr    lg_Dcntr    lg_R       lg_L3a    lg_Lneu     lg_Mdot    He_core    He_cntr    O_cntr     Z_surf     Y_avg     gam_cntr  iters bckup
     age_yr    lg_Pcntr    lg_L       lg_LZ     lg_Psurf    lg_Dsurf   C_core     C_cntr     Ne_cntr    Z_cntr     Z_avg     v_div_cs     dt_limit
__________________________________________________________________________________________________________________________________________________

