DATE: 2016-02-26
TIME: 16:59:49
                                         version_number        8118
 read inlist_1.0
 create pre-main-sequence model
                                                species           8
 abundances
                                                     h1    7.1086300000000002D-01
                                                    he3    3.0724767387952620D-05
                                                    he4    2.8868127523261211D-01
                                                    c12    7.3134225479738188D-05
                                                    n14    2.1423369120272659D-05
                                                    o16    1.9890949044417636D-04
                                                   ne20    4.4613523931064259D-05
                                                   mg24    8.6919391024646174D-05


                                        relax_num_steps


                               finished relax_num_steps

 new_lnPgas_flag T
                                        relax_initial_Z    4.2499999999999998D-04
                                                  new z    4.2500000000012141D-04
                                        relax_initial_Y    2.8871200000000002D-01
                                                  new y    2.8871200000000002D-01
 net name basic.net
 do_element_diffusion T
 lnPgas_flag T
 kappa_file_prefix gs98
 kappa_lowT_prefix lowT_fa05_gs98
   eos_file_prefix mesa
                                        OMP_NUM_THREADS           1



stop because Lnuc_div_L >= Lnuc_div_L_zams_limit
    0.1004043008E+01    0.9990000000E+00

        969   7.309554  1.034E+04   0.969951   0.969951   1.417490   1.417490   0.710254   0.000106   0.288270   0.710722  -2.030926    897      0
   5.341272   2.037381  -0.021815 -38.362816  -0.510842 -99.000000   0.000000   0.289309   0.000198   0.000424   0.288850   0.058612      2      0
 6.7690E+06  17.480870   0.968199 -14.449440   3.119247  -8.899387   0.000000   0.000001   0.000045  4.370E-04  4.277E-04 -0.178E-10  max increase

save photos/x969 for model 969
save final_profile.data write fgong_plot.data
                               s% atm_structure_num_pts          41
save final_profile.data.FGONG    969
 final_profile.data.FGONG for model 969
 saved to zams.mod
termination code: Lnuc_div_L_zams_limit

       runtime, prev time, retries, backups, steps         9.1        28.2         0         0       969
        969   7.309554  1.034E+04   0.969951   0.969951   1.417490   1.417490   0.710254   0.000106   0.288270   0.710722  -2.030926    897      0
   5.341272   2.037381  -0.021815 -38.362816  -0.510842 -99.000000   0.000000   0.289309   0.000198   0.000424   0.288850   0.058612      2      0
 6.7690E+06  17.480870   0.968199 -14.449440   3.119247  -8.899387   0.000000   0.000001   0.000045  4.370E-04  4.277E-04 -0.178E-10  max increase

DATE: 2016-02-26
TIME: 17:10:31
DATE: 2016-02-26
TIME: 17:10:31
                                         version_number        8118
 read inlist_1.0
load saved model zams.mod

 new_lnPgas_flag T
 net name basic.net
 do_element_diffusion T
 lnPgas_flag T
                       which_atm_option: Eddington_grey
 kappa_file_prefix gs98
 kappa_lowT_prefix lowT_fa05_gs98
   eos_file_prefix mesa
                                        OMP_NUM_THREADS           1


__________________________________________________________________________________________________________________________________________________

       step    lg_Tcntr    Teff       lg_LH     lg_Lnuc     Mass       H_rich     H_cntr     N_cntr     Y_surf     X_avg     eta_cntr  zones retry
   lg_dt_yr    lg_Dcntr    lg_R       lg_L3a    lg_Lneu     lg_Mdot    He_core    He_cntr    O_cntr     Z_surf     Y_avg     gam_cntr  iters bckup
     age_yr    lg_Pcntr    lg_L       lg_LZ     lg_Psurf    lg_Dsurf   C_core     C_cntr     Ne_cntr    Z_cntr     Z_avg     v_div_cs     dt_limit
__________________________________________________________________________________________________________________________________________________

