000 (20317.000.000) 02/24 21:34:51 Job submitted from host: <134.76.239.76:13753?addrs=134.76.239.76-13753>
...
001 (20317.000.000) 02/24 23:46:38 Job executing on host: <134.76.239.80:23833?addrs=134.76.239.80-23833>
...
006 (20317.000.000) 02/24 23:46:46 Image size of job updated: 1
	3  -  MemoryUsage of job (MB)
	2068  -  ResidentSetSize of job (KB)
...
006 (20317.000.000) 02/24 23:51:46 Image size of job updated: 1144144
	927  -  MemoryUsage of job (MB)
	949160  -  ResidentSetSize of job (KB)
...
006 (20317.000.000) 02/24 23:56:47 Image size of job updated: 1145896
	927  -  MemoryUsage of job (MB)
	949160  -  ResidentSetSize of job (KB)
...
006 (20317.000.000) 02/25 00:06:47 Image size of job updated: 1244132
	1073  -  MemoryUsage of job (MB)
	1098364  -  ResidentSetSize of job (KB)
...
006 (20317.000.000) 02/25 00:16:49 Image size of job updated: 1244132
	1073  -  MemoryUsage of job (MB)
	1098368  -  ResidentSetSize of job (KB)
...
006 (20317.000.000) 02/25 00:21:49 Image size of job updated: 1244132
	1073  -  MemoryUsage of job (MB)
	1098696  -  ResidentSetSize of job (KB)
...
006 (20317.000.000) 02/25 00:36:50 Image size of job updated: 1430616
	1217  -  MemoryUsage of job (MB)
	1245972  -  ResidentSetSize of job (KB)
...
006 (20317.000.000) 02/25 00:41:50 Image size of job updated: 1455600
	1242  -  MemoryUsage of job (MB)
	1270852  -  ResidentSetSize of job (KB)
...
006 (20317.000.000) 02/25 00:46:51 Image size of job updated: 1525784
	1307  -  MemoryUsage of job (MB)
	1338232  -  ResidentSetSize of job (KB)
...
006 (20317.000.000) 02/25 00:51:51 Image size of job updated: 1525784
	1307  -  MemoryUsage of job (MB)
	1338244  -  ResidentSetSize of job (KB)
...
006 (20317.000.000) 02/25 00:56:51 Image size of job updated: 1525784
	1307  -  MemoryUsage of job (MB)
	1338256  -  ResidentSetSize of job (KB)
...
006 (20317.000.000) 02/25 01:01:52 Image size of job updated: 1550320
	1332  -  MemoryUsage of job (MB)
	1363088  -  ResidentSetSize of job (KB)
...
006 (20317.000.000) 02/25 04:26:50 Image size of job updated: 10652124
	1332  -  MemoryUsage of job (MB)
	1363088  -  ResidentSetSize of job (KB)
...
005 (20317.000.000) 02/25 04:26:50 Job terminated.
	(1) Normal termination (return value 0)
		Usr 0 07:57:31, Sys 0 00:01:36  -  Run Remote Usage
		Usr 0 00:00:00, Sys 0 00:00:00  -  Run Local Usage
		Usr 0 07:57:31, Sys 0 00:01:36  -  Total Remote Usage
		Usr 0 00:00:00, Sys 0 00:00:00  -  Total Local Usage
	0  -  Run Bytes Sent By Job
	0  -  Run Bytes Received By Job
	0  -  Total Bytes Sent By Job
	0  -  Total Bytes Received By Job
	Partitionable Resources :    Usage  Request Allocated
	   Cpus                 :                 2         2
	   Disk (KB)            :        1        1   5045822
	   Memory (MB)          :     1332        1         1
...
