DATE: 2016-02-26
TIME: 16:59:47
                                         version_number        8118
 read inlist_1.0
 create pre-main-sequence model
                                                species           8
 abundances
                                                     h1    7.6134800000000002D-01
                                                    he3    2.5164209389712459D-05
                                                    he4    2.3643583579061028D-01
                                                    c12    3.7702844241446803D-04
                                                    n14    1.1044376880595260D-04
                                                    o16    1.0254369260313085D-03
                                                   ne20    2.2999583748938292D-04
                                                   mg24    4.4809502525894199D-04


                                        relax_num_steps

       retry log10(dt/yr), log10(dt), retry_factor     1     1       -5.602060        1.897052        0.500000
       retry log10(dt/yr), log10(dt), retry_factor     2     1       -5.903090        1.596022        0.500000
 have reached retry limit so now backup
       retry log10(dt/yr), log10(dt), retry_factor     1     1       -8.204120       -0.705008        0.500000
       retry log10(dt/yr), log10(dt), retry_factor     2     1       -8.505150       -1.006038        0.500000
 first model is slow to converge: num tries          70
 first model is slow to converge: num tries          80
 first model is slow to converge: num tries          90
 first model is slow to converge: num tries         100
 first model is slow to converge: num tries         110
 first model is slow to converge: num tries         120
 first model is slow to converge: num tries         130
 first model is slow to converge: num tries         140
 first model is slow to converge: num tries         150
 first model is slow to converge: num tries         160

                               finished relax_num_steps

 new_lnPgas_flag T
                                        relax_initial_Z    2.1909999999999998D-03
                                                  new z    2.1909999999994599D-03
                                        relax_initial_Y    2.3646100000000000D-01
                                                  new y    2.3646100000000009D-01
 net name basic.net
 do_element_diffusion T
 lnPgas_flag T
 kappa_file_prefix gs98
 kappa_lowT_prefix lowT_fa05_gs98
   eos_file_prefix mesa
                                        OMP_NUM_THREADS           1



stop because Lnuc_div_L >= Lnuc_div_L_zams_limit
    0.1105166243E+01    0.9990000000E+00

        949   7.282878   9336.052   1.028309   1.028309   1.526584   1.526584   0.761097   0.000432   0.229712   0.761281  -2.078562    880      0
   4.769682   1.964248   0.075630 -39.977820  -0.421777 -99.000000   0.000000   0.236666   0.001025   0.002061   0.236518   0.057756      3      0
 7.5757E+06  17.397113   0.984881 -99.000000   3.145944  -8.763249   0.000000   0.000101   0.000230  2.237E-03  2.201E-03 -0.231E-09    varcontrol

save photos/x949 for model 949
save final_profile.data write fgong_plot.data
                               s% atm_structure_num_pts          41
save final_profile.data.FGONG    949
 final_profile.data.FGONG for model 949
 saved to zams.mod
termination code: Lnuc_div_L_zams_limit

       runtime, prev time, retries, backups, steps         8.5        28.2         0         0       949
        949   7.282878   9336.052   1.028309   1.028309   1.526584   1.526584   0.761097   0.000432   0.229712   0.761281  -2.078562    880      0
   4.769682   1.964248   0.075630 -39.977820  -0.421777 -99.000000   0.000000   0.236666   0.001025   0.002061   0.236518   0.057756      3      0
 7.5757E+06  17.397113   0.984881 -99.000000   3.145944  -8.763249   0.000000   0.000101   0.000230  2.237E-03  2.201E-03 -0.231E-09    varcontrol

DATE: 2016-02-26
TIME: 17:11:44
DATE: 2016-02-26
TIME: 17:11:44
                                         version_number        8118
 read inlist_1.0
load saved model zams.mod

 new_lnPgas_flag T
 net name basic.net
 do_element_diffusion T
 lnPgas_flag T
                       which_atm_option: Eddington_grey
 kappa_file_prefix gs98
 kappa_lowT_prefix lowT_fa05_gs98
   eos_file_prefix mesa
                                        OMP_NUM_THREADS           1


__________________________________________________________________________________________________________________________________________________

       step    lg_Tcntr    Teff       lg_LH     lg_Lnuc     Mass       H_rich     H_cntr     N_cntr     Y_surf     X_avg     eta_cntr  zones retry
   lg_dt_yr    lg_Dcntr    lg_R       lg_L3a    lg_Lneu     lg_Mdot    He_core    He_cntr    O_cntr     Z_surf     Y_avg     gam_cntr  iters bckup
     age_yr    lg_Pcntr    lg_L       lg_LZ     lg_Psurf    lg_Dsurf   C_core     C_cntr     Ne_cntr    Z_cntr     Z_avg     v_div_cs     dt_limit
__________________________________________________________________________________________________________________________________________________

