000 (27951.000.000) 02/26 16:55:49 Job submitted from host: <134.76.239.76:15915?addrs=134.76.239.76-15915>
...
001 (27951.000.000) 02/26 16:55:59 Job executing on host: <134.76.239.89:21049?addrs=134.76.239.89-21049>
...
006 (27951.000.000) 02/26 16:56:08 Image size of job updated: 45172
	5  -  MemoryUsage of job (MB)
	4312  -  ResidentSetSize of job (KB)
...
006 (27951.000.000) 02/26 17:01:07 Image size of job updated: 1071144
	930  -  MemoryUsage of job (MB)
	951368  -  ResidentSetSize of job (KB)
...
006 (27951.000.000) 02/26 17:06:07 Image size of job updated: 1071752
	930  -  MemoryUsage of job (MB)
	951912  -  ResidentSetSize of job (KB)
...
006 (27951.000.000) 02/26 17:11:08 Image size of job updated: 1078844
	930  -  MemoryUsage of job (MB)
	951912  -  ResidentSetSize of job (KB)
...
006 (27951.000.000) 02/26 17:16:09 Image size of job updated: 1078844
	933  -  MemoryUsage of job (MB)
	955372  -  ResidentSetSize of job (KB)
...
