000 (28458.000.000) 02/26 16:56:16 Job submitted from host: <134.76.239.76:15915?addrs=134.76.239.76-15915>
...
001 (28458.000.000) 02/26 16:56:28 Job executing on host: <134.76.239.80:25185?addrs=134.76.239.80-25185>
...
006 (28458.000.000) 02/26 16:56:39 Image size of job updated: 65708
	4  -  MemoryUsage of job (MB)
	4040  -  ResidentSetSize of job (KB)
...
006 (28458.000.000) 02/26 17:01:38 Image size of job updated: 1071160
	933  -  MemoryUsage of job (MB)
	954584  -  ResidentSetSize of job (KB)
...
006 (28458.000.000) 02/26 17:06:39 Image size of job updated: 1071692
	933  -  MemoryUsage of job (MB)
	954756  -  ResidentSetSize of job (KB)
...
006 (28458.000.000) 02/26 17:11:39 Image size of job updated: 1079600
	933  -  MemoryUsage of job (MB)
	954756  -  ResidentSetSize of job (KB)
...
006 (28458.000.000) 02/26 17:16:39 Image size of job updated: 1233400
	1089  -  MemoryUsage of job (MB)
	1114764  -  ResidentSetSize of job (KB)
...
