000 (20776.000.000) 02/24 21:35:16 Job submitted from host: <134.76.239.76:13753?addrs=134.76.239.76-13753>
...
001 (20776.000.000) 02/25 04:52:47 Job executing on host: <134.76.239.86:20177?addrs=134.76.239.86-20177>
...
006 (20776.000.000) 02/25 04:52:56 Image size of job updated: 1
	3  -  MemoryUsage of job (MB)
	2064  -  ResidentSetSize of job (KB)
...
006 (20776.000.000) 02/25 04:57:56 Image size of job updated: 1144564
	937  -  MemoryUsage of job (MB)
	958888  -  ResidentSetSize of job (KB)
...
006 (20776.000.000) 02/25 05:02:56 Image size of job updated: 1146256
	937  -  MemoryUsage of job (MB)
	958888  -  ResidentSetSize of job (KB)
...
006 (20776.000.000) 02/25 05:17:58 Image size of job updated: 1281612
	1061  -  MemoryUsage of job (MB)
	1085784  -  ResidentSetSize of job (KB)
...
006 (20776.000.000) 02/25 05:22:59 Image size of job updated: 1285240
	1061  -  MemoryUsage of job (MB)
	1085856  -  ResidentSetSize of job (KB)
...
006 (20776.000.000) 02/25 05:28:00 Image size of job updated: 1285240
	1061  -  MemoryUsage of job (MB)
	1086208  -  ResidentSetSize of job (KB)
...
006 (20776.000.000) 02/25 05:33:00 Image size of job updated: 1432756
	1233  -  MemoryUsage of job (MB)
	1261988  -  ResidentSetSize of job (KB)
...
006 (20776.000.000) 02/25 05:38:00 Image size of job updated: 1432756
	1233  -  MemoryUsage of job (MB)
	1262324  -  ResidentSetSize of job (KB)
...
006 (20776.000.000) 02/25 05:43:01 Image size of job updated: 1432756
	1234  -  MemoryUsage of job (MB)
	1262892  -  ResidentSetSize of job (KB)
...
006 (20776.000.000) 02/25 05:48:01 Image size of job updated: 1432756
	1234  -  MemoryUsage of job (MB)
	1263556  -  ResidentSetSize of job (KB)
...
006 (20776.000.000) 02/25 06:28:05 Image size of job updated: 1459116
	1245  -  MemoryUsage of job (MB)
	1274612  -  ResidentSetSize of job (KB)
...
006 (20776.000.000) 02/25 06:33:06 Image size of job updated: 1459116
	1246  -  MemoryUsage of job (MB)
	1274940  -  ResidentSetSize of job (KB)
...
006 (20776.000.000) 02/25 06:38:07 Image size of job updated: 1459116
	1246  -  MemoryUsage of job (MB)
	1275512  -  ResidentSetSize of job (KB)
...
006 (20776.000.000) 02/25 06:43:07 Image size of job updated: 1459116
	1247  -  MemoryUsage of job (MB)
	1276096  -  ResidentSetSize of job (KB)
...
006 (20776.000.000) 02/25 06:48:08 Image size of job updated: 1459124
	1247  -  MemoryUsage of job (MB)
	1276096  -  ResidentSetSize of job (KB)
...
006 (20776.000.000) 02/25 07:58:00 Image size of job updated: 8729500
	1247  -  MemoryUsage of job (MB)
	1276096  -  ResidentSetSize of job (KB)
...
005 (20776.000.000) 02/25 07:58:00 Job terminated.
	(1) Normal termination (return value 0)
		Usr 0 05:09:05, Sys 0 00:00:47  -  Run Remote Usage
		Usr 0 00:00:00, Sys 0 00:00:00  -  Run Local Usage
		Usr 0 05:09:05, Sys 0 00:00:47  -  Total Remote Usage
		Usr 0 00:00:00, Sys 0 00:00:00  -  Total Local Usage
	0  -  Run Bytes Sent By Job
	0  -  Run Bytes Received By Job
	0  -  Total Bytes Sent By Job
	0  -  Total Bytes Received By Job
	Partitionable Resources :    Usage  Request Allocated
	   Cpus                 :                 2         2
	   Disk (KB)            :        1        1   5108705
	   Memory (MB)          :     1247        1         1
...
