000 (20411.000.000) 02/24 21:34:57 Job submitted from host: <134.76.239.76:13753?addrs=134.76.239.76-13753>
...
001 (20411.000.000) 02/25 00:46:39 Job executing on host: <134.76.239.91:19968?addrs=134.76.239.91-19968>
...
006 (20411.000.000) 02/25 00:46:48 Image size of job updated: 827408
	616  -  MemoryUsage of job (MB)
	630668  -  ResidentSetSize of job (KB)
...
006 (20411.000.000) 02/25 00:51:49 Image size of job updated: 1144028
	924  -  MemoryUsage of job (MB)
	945424  -  ResidentSetSize of job (KB)
...
006 (20411.000.000) 02/25 00:56:49 Image size of job updated: 1310880
	1074  -  MemoryUsage of job (MB)
	1099568  -  ResidentSetSize of job (KB)
...
006 (20411.000.000) 02/25 01:01:50 Image size of job updated: 1317176
	1077  -  MemoryUsage of job (MB)
	1102408  -  ResidentSetSize of job (KB)
...
006 (20411.000.000) 02/25 01:06:51 Image size of job updated: 1462660
	1245  -  MemoryUsage of job (MB)
	1274552  -  ResidentSetSize of job (KB)
...
006 (20411.000.000) 02/25 01:26:52 Image size of job updated: 1463400
	1246  -  MemoryUsage of job (MB)
	1275476  -  ResidentSetSize of job (KB)
...
006 (20411.000.000) 02/25 01:31:52 Image size of job updated: 1463400
	1246  -  MemoryUsage of job (MB)
	1275796  -  ResidentSetSize of job (KB)
...
005 (20411.000.000) 02/25 02:32:08 Job terminated.
	(1) Normal termination (return value 0)
		Usr 0 02:42:12, Sys 0 00:00:28  -  Run Remote Usage
		Usr 0 00:00:00, Sys 0 00:00:00  -  Run Local Usage
		Usr 0 02:42:12, Sys 0 00:00:28  -  Total Remote Usage
		Usr 0 00:00:00, Sys 0 00:00:00  -  Total Local Usage
	0  -  Run Bytes Sent By Job
	0  -  Run Bytes Received By Job
	0  -  Total Bytes Sent By Job
	0  -  Total Bytes Received By Job
	Partitionable Resources :    Usage  Request Allocated
	   Cpus                 :                 2         2
	   Disk (KB)            :        1        1   5108709
	   Memory (MB)          :     1246        1         1
...
