DATE: 2016-02-26
TIME: 16:59:48
                                         version_number        8118
 read inlist_1.0
 create pre-main-sequence model
                                                species           8
 abundances
                                                     h1    6.6755199999999992D-01
                                                    he3    3.4891647417446668D-05
                                                    he4    3.2783210835258259D-01
                                                    c12    7.8830091040650704D-04
                                                    n14    2.3091871515292686D-04
                                                    o16    2.1440102958235358D-03
                                                   ne20    4.8088130147825209D-04
                                                   mg24    9.3688877713883536D-04


                                        relax_num_steps


                               finished relax_num_steps

 new_lnPgas_flag T
                                        relax_initial_Z    4.5810000000000000D-03
                                                  new z    4.5810000000009558D-03
                                        relax_initial_Y    3.2786700000000002D-01
                                                  new y    3.2786700000000008D-01
 net name basic.net
 do_element_diffusion T
 lnPgas_flag T
 kappa_file_prefix gs98
 kappa_lowT_prefix lowT_fa05_gs98
   eos_file_prefix mesa
                                        OMP_NUM_THREADS           1



stop because Lnuc_div_L >= Lnuc_div_L_zams_limit
    0.9996994765E+00    0.9990000000E+00

        940   7.270169   8112.544   0.675908   0.675908   1.234787   1.234787   0.666440   0.001146   0.327863   0.667300  -1.941768    877      0
   5.818935   2.026960   0.043221 -40.097221  -0.855826 -99.000000   0.000000   0.328849   0.002142   0.004581   0.328091   0.065042      2      0
 1.4954E+07  17.416217   0.676039 -99.000000   3.772530  -7.929200   0.000000   0.000006   0.000481  4.711E-03  4.609E-03 -0.562E-11  max increase

save photos/x940 for model 940
save final_profile.data write fgong_plot.data
                               s% atm_structure_num_pts          46
save final_profile.data.FGONG    940
 final_profile.data.FGONG for model 940
 saved to zams.mod
termination code: Lnuc_div_L_zams_limit

       runtime, prev time, retries, backups, steps         8.7        28.2         0         0       940
        940   7.270169   8112.544   0.675908   0.675908   1.234787   1.234787   0.666440   0.001146   0.327863   0.667300  -1.941768    877      0
   5.818935   2.026960   0.043221 -40.097221  -0.855826 -99.000000   0.000000   0.328849   0.002142   0.004581   0.328091   0.065042      2      0
 1.4954E+07  17.416217   0.676039 -99.000000   3.772530  -7.929200   0.000000   0.000006   0.000481  4.711E-03  4.609E-03 -0.562E-11  max increase

DATE: 2016-02-26
TIME: 17:10:14
DATE: 2016-02-26
TIME: 17:10:14
                                         version_number        8118
 read inlist_1.0
load saved model zams.mod

 new_lnPgas_flag T
 net name basic.net
 do_element_diffusion T
 lnPgas_flag T
                       which_atm_option: Eddington_grey
 kappa_file_prefix gs98
 kappa_lowT_prefix lowT_fa05_gs98
   eos_file_prefix mesa
                                        OMP_NUM_THREADS           1


__________________________________________________________________________________________________________________________________________________

       step    lg_Tcntr    Teff       lg_LH     lg_Lnuc     Mass       H_rich     H_cntr     N_cntr     Y_surf     X_avg     eta_cntr  zones retry
   lg_dt_yr    lg_Dcntr    lg_R       lg_L3a    lg_Lneu     lg_Mdot    He_core    He_cntr    O_cntr     Z_surf     Y_avg     gam_cntr  iters bckup
     age_yr    lg_Pcntr    lg_L       lg_LZ     lg_Psurf    lg_Dsurf   C_core     C_cntr     Ne_cntr    Z_cntr     Z_avg     v_div_cs     dt_limit
__________________________________________________________________________________________________________________________________________________

        941   7.270223   8115.179   0.675343   0.675343   1.234787   1.234787   0.666298   0.001147   0.327863   0.667269  -1.942172    877      0
   5.898116   2.026910   0.042509 -40.094246  -0.856632 -99.000000   0.000000   0.328990   0.002141   0.004581   0.328121   0.065036      8      0
 1.5745E+07  17.416172   0.675179 -15.051500   4.261129  -7.446238   0.000000   0.000005   0.000481  4.711E-03  4.610E-03 -0.629E-11              

