DATE: 2016-02-26
TIME: 16:59:41
                                         version_number        8118
 read inlist_1.0
 create pre-main-sequence model
                                                species           8
 abundances
                                                     h1    6.7710599999999999D-01
                                                    he3    3.3867460125814667D-05
                                                    he4    3.1820913253987421D-01
                                                    c12    8.0034654754433253D-04
                                                    n14    2.3444727006685008D-04
                                                    o16    2.1767718589554806D-03
                                                   ne20    4.8822941130218374D-04
                                                   mg24    9.5120491213111346D-04


                                        relax_num_steps


                               finished relax_num_steps

 new_lnPgas_flag T
                                        relax_initial_Z    4.6509999999999998D-03
                                                  new z    4.6510000000003363D-03
                                        relax_initial_Y    3.1824300000000000D-01
                                                  new y    3.1824299999999983D-01
 net name basic.net
 do_element_diffusion T
 lnPgas_flag T
 kappa_file_prefix gs98
 kappa_lowT_prefix lowT_fa05_gs98
   eos_file_prefix mesa
                                        OMP_NUM_THREADS           1



stop because Lnuc_div_L >= Lnuc_div_L_zams_limit
    0.9995197807E+00    0.9990000000E+00

        863   7.201487   6787.739   0.268803   0.268803   1.013193   1.013193   0.674842   0.001164   0.318220   0.676740  -1.685238    782      0
   6.432542   2.027263  -0.005429 -43.478090  -1.349996 -99.000000   0.000000   0.320374   0.002176   0.004651   0.318591   0.075909      4      0
 3.1572E+07  17.351195   0.269011 -99.000000   4.451633  -7.173862   0.000000   0.000005   0.000488  4.784E-03  4.669E-03  0.151E-12  max increase

save photos/x863 for model 863
save final_profile.data write fgong_plot.data
                               s% atm_structure_num_pts          52
save final_profile.data.FGONG    863
 final_profile.data.FGONG for model 863
 saved to zams.mod
termination code: Lnuc_div_L_zams_limit

       runtime, prev time, retries, backups, steps         8.4        28.2         0         0       863
        863   7.201487   6787.739   0.268803   0.268803   1.013193   1.013193   0.674842   0.001164   0.318220   0.676740  -1.685238    782      0
   6.432542   2.027263  -0.005429 -43.478090  -1.349996 -99.000000   0.000000   0.320374   0.002176   0.004651   0.318591   0.075909      4      0
 3.1572E+07  17.351195   0.269011 -99.000000   4.451633  -7.173862   0.000000   0.000005   0.000488  4.784E-03  4.669E-03  0.151E-12  max increase

DATE: 2016-02-26
TIME: 17:09:55
DATE: 2016-02-26
TIME: 17:09:55
                                         version_number        8118
 read inlist_1.0
load saved model zams.mod

 new_lnPgas_flag T
 net name basic.net
 do_element_diffusion T
 lnPgas_flag T
                       which_atm_option: Eddington_grey
 kappa_file_prefix gs98
 kappa_lowT_prefix lowT_fa05_gs98
   eos_file_prefix mesa
                                        OMP_NUM_THREADS           1


__________________________________________________________________________________________________________________________________________________

       step    lg_Tcntr    Teff       lg_LH     lg_Lnuc     Mass       H_rich     H_cntr     N_cntr     Y_surf     X_avg     eta_cntr  zones retry
   lg_dt_yr    lg_Dcntr    lg_R       lg_L3a    lg_Lneu     lg_Mdot    He_core    He_cntr    O_cntr     Z_surf     Y_avg     gam_cntr  iters bckup
     age_yr    lg_Pcntr    lg_L       lg_LZ     lg_Psurf    lg_Dsurf   C_core     C_cntr     Ne_cntr    Z_cntr     Z_avg     v_div_cs     dt_limit
__________________________________________________________________________________________________________________________________________________

        865   7.201516   6966.892   0.269372   0.269372   1.013193   1.013193   0.674603   0.001164   0.318233   0.676706  -1.684572    773      0
   5.903090   2.027649  -0.027898 -43.475095  -1.350622 -99.000000   0.000000   0.320614   0.002176   0.004651   0.318624   0.075935      4      0
 3.3372E+07  17.351532   0.269329 -15.653560   4.790234  -6.848499   0.000000   0.000004   0.000488  4.784E-03  4.669E-03 -0.413E-12  max decrease

