DATE: 2016-02-26
TIME: 16:59:18
                                         version_number        8118
 read inlist_1.0
 create pre-main-sequence model
                                                species           8
 abundances
                                                     h1    6.6247199999999995D-01
                                                    he3    3.4191722249422594D-05
                                                    he4    3.2125580827775063D-01
                                                    c12    2.7942436549182889D-03
                                                    n14    8.1852392417663684D-04
                                                    o16    7.5997466019607262D-03
                                                   ne20    1.7045515331595171D-03
                                                   mg24    3.3209342857848049D-03


                                        relax_num_steps


                               finished relax_num_steps

 new_lnPgas_flag T
                                        relax_initial_Z    1.6237999999999999D-02
                                                  new z    1.6238000000000374D-02
                                        relax_initial_Y    3.2129000000000002D-01
                                                  new y    3.2128999999999969D-01
 net name basic.net
 do_element_diffusion T
 lnPgas_flag T
 kappa_file_prefix gs98
 kappa_lowT_prefix lowT_fa05_gs98
   eos_file_prefix mesa
                                        OMP_NUM_THREADS           1



stop because Lnuc_div_L >= Lnuc_div_L_zams_limit
    0.9991240451E+00    0.9990000000E+00

        927   7.255116   6961.369   0.571055   0.571055   1.313779   1.313779   0.659138   0.004074   0.321288   0.661883  -2.053391    809      0
   6.354898   1.960544   0.123844 -40.954076  -0.950861 -99.000000   0.000000   0.324164   0.007581   0.016238   0.321781   0.064541      4      0
 3.3216E+07  17.331211   0.571435 -15.051500   4.244457  -7.385697   0.000000   0.000018   0.001705  1.670E-02  1.634E-02 -0.292E-12  max increase

save photos/x927 for model 927
save final_profile.data write fgong_plot.data
                               s% atm_structure_num_pts          50
save final_profile.data.FGONG    927
 final_profile.data.FGONG for model 927
 saved to zams.mod
termination code: Lnuc_div_L_zams_limit

       runtime, prev time, retries, backups, steps         8.8        28.2         0         0       927
        927   7.255116   6961.369   0.571055   0.571055   1.313779   1.313779   0.659138   0.004074   0.321288   0.661883  -2.053391    809      0
   6.354898   1.960544   0.123844 -40.954076  -0.950861 -99.000000   0.000000   0.324164   0.007581   0.016238   0.321781   0.064541      4      0
 3.3216E+07  17.331211   0.571435 -15.051500   4.244457  -7.385697   0.000000   0.000018   0.001705  1.670E-02  1.634E-02 -0.292E-12  max increase

DATE: 2016-02-26
TIME: 17:10:15
DATE: 2016-02-26
TIME: 17:10:15
                                         version_number        8118
 read inlist_1.0
load saved model zams.mod

 new_lnPgas_flag T
 net name basic.net
 do_element_diffusion T
 lnPgas_flag T
                       which_atm_option: Eddington_grey
 kappa_file_prefix gs98
 kappa_lowT_prefix lowT_fa05_gs98
   eos_file_prefix mesa
                                        OMP_NUM_THREADS           1


__________________________________________________________________________________________________________________________________________________

       step    lg_Tcntr    Teff       lg_LH     lg_Lnuc     Mass       H_rich     H_cntr     N_cntr     Y_surf     X_avg     eta_cntr  zones retry
   lg_dt_yr    lg_Dcntr    lg_R       lg_L3a    lg_Lneu     lg_Mdot    He_core    He_cntr    O_cntr     Z_surf     Y_avg     gam_cntr  iters bckup
     age_yr    lg_Pcntr    lg_L       lg_LZ     lg_Psurf    lg_Dsurf   C_core     C_cntr     Ne_cntr    Z_cntr     Z_avg     v_div_cs     dt_limit
__________________________________________________________________________________________________________________________________________________

        931   7.255561   7096.144   0.571800   0.571800   1.313779   1.313779   0.658613   0.004077   0.321290   0.661782  -2.054687    803      0
   5.977146   1.960821   0.107336 -40.930307  -0.951796 -99.000000   0.000000   0.324689   0.007577   0.016238   0.321879   0.064505      4      0
 3.6756E+07  17.331751   0.571729 -15.352530   4.586112  -7.053844   0.000000   0.000018   0.001705  1.670E-02  1.634E-02 -0.224E-12  max increase

