DATE: 2016-02-26
TIME: 16:59:52
                                         version_number        8118
 read inlist_1.0
 create pre-main-sequence model
                                                species           8
 abundances
                                                     h1    7.1729299999999996D-01
                                                    he3    2.9878301706568489D-05
                                                    he4    2.8072812169829348D-01
                                                    c12    3.3538495402362934D-04
                                                    n14    9.8245050389225892D-05
                                                    o16    9.1217552206067950D-04
                                                   ne20    2.0459237209803345D-04
                                                   mg24    3.9860210142841045D-04


                                        relax_num_steps


                               finished relax_num_steps

 new_lnPgas_flag T
                                        relax_initial_Z    1.9490000000000000D-03
                                                  new z    1.9490000000008723D-03
                                        relax_initial_Y    2.8075800000000001D-01
                                                  new y    2.8075799999999962D-01
 net name basic.net
 do_element_diffusion T
 lnPgas_flag T
 kappa_file_prefix gs98
 kappa_lowT_prefix lowT_fa05_gs98
   eos_file_prefix mesa
                                        OMP_NUM_THREADS           1



stop because Lnuc_div_L >= Lnuc_div_L_zams_limit
    0.9990065479E+00    0.9990000000E+00

        967   7.309931   9862.767   0.990543   0.990543   1.493185   1.493185   0.716414   0.000490   0.280647   0.717111  -2.091720    893      0
   5.482064   2.010612   0.031006 -38.424341  -0.474165 -99.000000   0.000000   0.281582   0.000909   0.001947   0.280927   0.057256      2      0
 8.1072E+06  17.456279   0.990975 -14.273349   3.096294  -8.856073   0.000000   0.000003   0.000205  2.004E-03  1.962E-03 -0.103E-10  max increase

save photos/x967 for model 967
save final_profile.data write fgong_plot.data
                               s% atm_structure_num_pts          41
save final_profile.data.FGONG    967
 final_profile.data.FGONG for model 967
 saved to zams.mod
termination code: Lnuc_div_L_zams_limit

       runtime, prev time, retries, backups, steps         8.8        28.2         0         0       967
        967   7.309931   9862.767   0.990543   0.990543   1.493185   1.493185   0.716414   0.000490   0.280647   0.717111  -2.091720    893      0
   5.482064   2.010612   0.031006 -38.424341  -0.474165 -99.000000   0.000000   0.281582   0.000909   0.001947   0.280927   0.057256      2      0
 8.1072E+06  17.456279   0.990975 -14.273349   3.096294  -8.856073   0.000000   0.000003   0.000205  2.004E-03  1.962E-03 -0.103E-10  max increase

DATE: 2016-02-26
TIME: 17:10:17
DATE: 2016-02-26
TIME: 17:10:17
                                         version_number        8118
 read inlist_1.0
load saved model zams.mod

 new_lnPgas_flag T
 net name basic.net
 do_element_diffusion T
 lnPgas_flag T
                       which_atm_option: Eddington_grey
 kappa_file_prefix gs98
 kappa_lowT_prefix lowT_fa05_gs98
   eos_file_prefix mesa
                                        OMP_NUM_THREADS           1


__________________________________________________________________________________________________________________________________________________

       step    lg_Tcntr    Teff       lg_LH     lg_Lnuc     Mass       H_rich     H_cntr     N_cntr     Y_surf     X_avg     eta_cntr  zones retry
   lg_dt_yr    lg_Dcntr    lg_R       lg_L3a    lg_Lneu     lg_Mdot    He_core    He_cntr    O_cntr     Z_surf     Y_avg     gam_cntr  iters bckup
     age_yr    lg_Pcntr    lg_L       lg_LZ     lg_Psurf    lg_Dsurf   C_core     C_cntr     Ne_cntr    Z_cntr     Z_avg     v_div_cs     dt_limit
__________________________________________________________________________________________________________________________________________________

        969   7.310080   9859.831   0.989216   0.989216   1.493185   1.493185   0.716154   0.000491   0.280608   0.717058  -2.092673    892      0
   5.640426   2.010503   0.030355 -38.416514  -0.477151 -99.000000   0.000000   0.281842   0.000907   0.001947   0.280979   0.057238      2      0
 8.9083E+06  17.456234   0.989156 -99.000000   3.485577  -8.442856   0.000000   0.000003   0.000205  2.004E-03  1.963E-03 -0.159E-11  max increase

