000 (20794.000.000) 02/24 21:35:17 Job submitted from host: <134.76.239.76:13753?addrs=134.76.239.76-13753>
...
001 (20794.000.000) 02/25 05:05:47 Job executing on host: <134.76.239.79:12046?addrs=134.76.239.79-12046>
...
006 (20794.000.000) 02/25 05:05:56 Image size of job updated: 1
	3  -  MemoryUsage of job (MB)
	2068  -  ResidentSetSize of job (KB)
...
006 (20794.000.000) 02/25 05:10:57 Image size of job updated: 1145400
	932  -  MemoryUsage of job (MB)
	954256  -  ResidentSetSize of job (KB)
...
006 (20794.000.000) 02/25 05:15:58 Image size of job updated: 1146612
	932  -  MemoryUsage of job (MB)
	954256  -  ResidentSetSize of job (KB)
...
006 (20794.000.000) 02/25 05:40:59 Image size of job updated: 1267632
	1072  -  MemoryUsage of job (MB)
	1097668  -  ResidentSetSize of job (KB)
...
006 (20794.000.000) 02/25 05:46:00 Image size of job updated: 1267632
	1072  -  MemoryUsage of job (MB)
	1097676  -  ResidentSetSize of job (KB)
...
006 (20794.000.000) 02/25 05:56:01 Image size of job updated: 1267632
	1073  -  MemoryUsage of job (MB)
	1097996  -  ResidentSetSize of job (KB)
...
006 (20794.000.000) 02/25 06:06:03 Image size of job updated: 1454116
	1217  -  MemoryUsage of job (MB)
	1245264  -  ResidentSetSize of job (KB)
...
006 (20794.000.000) 02/25 06:11:03 Image size of job updated: 1454116
	1217  -  MemoryUsage of job (MB)
	1245592  -  ResidentSetSize of job (KB)
...
006 (20794.000.000) 02/25 06:31:05 Image size of job updated: 1454116
	1217  -  MemoryUsage of job (MB)
	1245912  -  ResidentSetSize of job (KB)
...
006 (20794.000.000) 02/25 06:56:08 Image size of job updated: 1454556
	1217  -  MemoryUsage of job (MB)
	1246000  -  ResidentSetSize of job (KB)
...
006 (20794.000.000) 02/25 07:01:08 Image size of job updated: 1457576
	1217  -  MemoryUsage of job (MB)
	1246068  -  ResidentSetSize of job (KB)
...
006 (20794.000.000) 02/25 08:56:19 Image size of job updated: 1457688
	1217  -  MemoryUsage of job (MB)
	1246068  -  ResidentSetSize of job (KB)
...
006 (20794.000.000) 02/25 10:09:31 Image size of job updated: 11807248
	1217  -  MemoryUsage of job (MB)
	1246068  -  ResidentSetSize of job (KB)
...
005 (20794.000.000) 02/25 10:09:31 Job terminated.
	(1) Normal termination (return value 127)
		Usr 0 08:26:34, Sys 0 00:02:28  -  Run Remote Usage
		Usr 0 00:00:00, Sys 0 00:00:00  -  Run Local Usage
		Usr 0 08:26:34, Sys 0 00:02:28  -  Total Remote Usage
		Usr 0 00:00:00, Sys 0 00:00:00  -  Total Local Usage
	0  -  Run Bytes Sent By Job
	0  -  Run Bytes Received By Job
	0  -  Total Bytes Sent By Job
	0  -  Total Bytes Received By Job
	Partitionable Resources :    Usage  Request Allocated
	   Cpus                 :                 2         2
	   Disk (KB)            :        1        1   5108672
	   Memory (MB)          :     1217        1         1
...
