DATE: 2016-02-25
TIME: 13:24:43
                                         version_number        8118
 read inlist_1.0
 create pre-main-sequence model
                                                species           8
 abundances
                                                     h1    6.8925600000000009D-01
                                                    he3    3.0051340831276892D-05
                                                    he4    2.8235394865916885D-01
                                                    c12    4.8802038461314597D-03
                                                    n14    1.4295688194143005D-03
                                                    o16    1.3273113291760445D-02
                                                   ne20    2.9770342086712577D-03
                                                   mg24    5.8000798340224835D-03


                                        relax_num_steps


                               finished relax_num_steps

 new_lnPgas_flag T
                                        relax_initial_Z    2.8360000000000000D-02
                                                  new z    2.8360000000000121D-02
                                        relax_initial_Y    2.8238400000000002D-01
                                                  new y    2.8238400000000002D-01
 net name basic.net
 do_element_diffusion T
 lnPgas_flag T
 kappa_file_prefix gs98
 kappa_lowT_prefix lowT_fa05_gs98
   eos_file_prefix mesa
                                        OMP_NUM_THREADS           2


