000 (20895.000.000) 02/24 21:35:22 Job submitted from host: <134.76.239.76:13753?addrs=134.76.239.76-13753>
...
001 (20895.000.000) 02/25 06:36:47 Job executing on host: <134.76.239.91:19968?addrs=134.76.239.91-19968>
...
006 (20895.000.000) 02/25 06:36:56 Image size of job updated: 1137136
	932  -  MemoryUsage of job (MB)
	953488  -  ResidentSetSize of job (KB)
...
006 (20895.000.000) 02/25 06:41:57 Image size of job updated: 1142800
	937  -  MemoryUsage of job (MB)
	958968  -  ResidentSetSize of job (KB)
...
006 (20895.000.000) 02/25 06:46:58 Image size of job updated: 1289064
	1078  -  MemoryUsage of job (MB)
	1103068  -  ResidentSetSize of job (KB)
...
006 (20895.000.000) 02/25 06:51:58 Image size of job updated: 1485824
	1296  -  MemoryUsage of job (MB)
	1326484  -  ResidentSetSize of job (KB)
...
006 (20895.000.000) 02/25 06:56:59 Image size of job updated: 1485824
	1297  -  MemoryUsage of job (MB)
	1327380  -  ResidentSetSize of job (KB)
...
006 (20895.000.000) 02/25 07:02:00 Image size of job updated: 1485832
	1297  -  MemoryUsage of job (MB)
	1327380  -  ResidentSetSize of job (KB)
...
006 (20895.000.000) 02/25 07:07:00 Image size of job updated: 1514456
	1298  -  MemoryUsage of job (MB)
	1328988  -  ResidentSetSize of job (KB)
...
006 (20895.000.000) 02/25 07:12:00 Image size of job updated: 1514456
	1299  -  MemoryUsage of job (MB)
	1329660  -  ResidentSetSize of job (KB)
...
006 (20895.000.000) 02/25 07:27:02 Image size of job updated: 1514456
	1302  -  MemoryUsage of job (MB)
	1332448  -  ResidentSetSize of job (KB)
...
006 (20895.000.000) 02/25 07:42:04 Image size of job updated: 1517120
	1303  -  MemoryUsage of job (MB)
	1333648  -  ResidentSetSize of job (KB)
...
006 (20895.000.000) 02/25 07:47:04 Image size of job updated: 1522612
	1303  -  MemoryUsage of job (MB)
	1333648  -  ResidentSetSize of job (KB)
...
006 (20895.000.000) 02/25 07:57:05 Image size of job updated: 1581432
	1352  -  MemoryUsage of job (MB)
	1384336  -  ResidentSetSize of job (KB)
...
006 (20895.000.000) 02/25 08:02:05 Image size of job updated: 1582492
	1352  -  MemoryUsage of job (MB)
	1384336  -  ResidentSetSize of job (KB)
...
006 (20895.000.000) 02/25 08:52:10 Image size of job updated: 1582492
	1360  -  MemoryUsage of job (MB)
	1392088  -  ResidentSetSize of job (KB)
...
006 (20895.000.000) 02/25 09:12:12 Image size of job updated: 1582492
	1367  -  MemoryUsage of job (MB)
	1399124  -  ResidentSetSize of job (KB)
...
004 (20895.000.000) 02/25 09:59:09 Job was evicted.
	(0) Job was not checkpointed.
		Usr 0 05:45:10, Sys 0 00:01:36  -  Run Remote Usage
		Usr 0 00:00:00, Sys 0 00:00:00  -  Run Local Usage
	0  -  Run Bytes Sent By Job
	0  -  Run Bytes Received By Job
	Partitionable Resources :    Usage  Request Allocated
	   Cpus                 :                 2         2
	   Disk (KB)            :        1        1   5108641
	   Memory (MB)          :     1367        1         1
...
001 (20895.000.000) 02/25 09:59:32 Job executing on host: <134.76.239.78:21556?addrs=134.76.239.78-21556>
...
004 (20895.000.000) 02/25 10:08:52 Job was evicted.
	(0) Job was not checkpointed.
		Usr 0 00:12:16, Sys 0 00:00:05  -  Run Remote Usage
		Usr 0 00:00:00, Sys 0 00:00:00  -  Run Local Usage
	0  -  Run Bytes Sent By Job
	0  -  Run Bytes Received By Job
	Partitionable Resources :    Usage  Request Allocated
	   Cpus                 :                 2         2
	   Disk (KB)            :        1        1   5108693
	   Memory (MB)          :     1465     1465      1465
...
001 (20895.000.000) 02/25 10:11:12 Job executing on host: <134.76.239.86:20177?addrs=134.76.239.86-20177>
...
004 (20895.000.000) 02/25 10:49:46 Job was evicted.
	(0) Job was not checkpointed.
		Usr 0 01:08:17, Sys 0 00:00:17  -  Run Remote Usage
		Usr 0 00:00:00, Sys 0 00:00:00  -  Run Local Usage
	0  -  Run Bytes Sent By Job
	0  -  Run Bytes Received By Job
	Partitionable Resources :    Usage  Request Allocated
	   Cpus                 :                 2         2
	   Disk (KB)            :        1        1   5108614
	   Memory (MB)          :     1465     1465      1465
...
001 (20895.000.000) 02/25 10:50:43 Job executing on host: <134.76.239.79:12046?addrs=134.76.239.79-12046>
...
004 (20895.000.000) 02/25 10:52:28 Job was evicted.
	(0) Job was not checkpointed.
		Usr 0 00:02:26, Sys 0 00:00:02  -  Run Remote Usage
		Usr 0 00:00:00, Sys 0 00:00:00  -  Run Local Usage
	0  -  Run Bytes Sent By Job
	0  -  Run Bytes Received By Job
	Partitionable Resources :    Usage  Request Allocated
	   Cpus                 :                 2         2
	   Disk (KB)            :        1        1   5108590
	   Memory (MB)          :     1465     1465      1465
...
001 (20895.000.000) 02/25 10:54:28 Job executing on host: <134.76.239.80:23833?addrs=134.76.239.80-23833>
...
004 (20895.000.000) 02/25 11:04:25 Job was evicted.
	(0) Job was not checkpointed.
		Usr 0 00:16:43, Sys 0 00:00:06  -  Run Remote Usage
		Usr 0 00:00:00, Sys 0 00:00:00  -  Run Local Usage
	0  -  Run Bytes Sent By Job
	0  -  Run Bytes Received By Job
	Partitionable Resources :    Usage  Request Allocated
	   Cpus                 :                 2         2
	   Disk (KB)            :        1        1   5045682
	   Memory (MB)          :     1465     1465      1465
...
001 (20895.000.000) 02/25 11:06:27 Job executing on host: <134.76.239.83:20501?addrs=134.76.239.83-20501>
...
004 (20895.000.000) 02/25 11:08:07 Job was evicted.
	(0) Job was not checkpointed.
		Usr 0 00:02:21, Sys 0 00:00:01  -  Run Remote Usage
		Usr 0 00:00:00, Sys 0 00:00:00  -  Run Local Usage
	0  -  Run Bytes Sent By Job
	0  -  Run Bytes Received By Job
	Partitionable Resources :    Usage  Request Allocated
	   Cpus                 :                 2         2
	   Disk (KB)            :        1        1   5108593
	   Memory (MB)          :     1465     1465      1465
...
001 (20895.000.000) 02/25 11:11:05 Job executing on host: <134.76.239.84:12289?addrs=134.76.239.84-12289>
...
004 (20895.000.000) 02/25 11:30:52 Job was evicted.
	(0) Job was not checkpointed.
		Usr 0 00:34:42, Sys 0 00:00:12  -  Run Remote Usage
		Usr 0 00:00:00, Sys 0 00:00:00  -  Run Local Usage
	0  -  Run Bytes Sent By Job
	0  -  Run Bytes Received By Job
	Partitionable Resources :    Usage  Request Allocated
	   Cpus                 :                 2         2
	   Disk (KB)            :        1        1   5108495
	   Memory (MB)          :     1465     1465      1465
...
001 (20895.000.000) 02/25 11:32:40 Job executing on host: <134.76.239.79:12046?addrs=134.76.239.79-12046>
...
004 (20895.000.000) 02/25 11:45:13 Job was evicted.
	(0) Job was not checkpointed.
		Usr 0 00:17:22, Sys 0 00:00:13  -  Run Remote Usage
		Usr 0 00:00:00, Sys 0 00:00:00  -  Run Local Usage
	0  -  Run Bytes Sent By Job
	0  -  Run Bytes Received By Job
	Partitionable Resources :    Usage  Request Allocated
	   Cpus                 :                 2         2
	   Disk (KB)            :        1        1   5108559
	   Memory (MB)          :     1465     1465      1465
...
001 (20895.000.000) 02/25 11:48:00 Job executing on host: <134.76.239.86:20177?addrs=134.76.239.86-20177>
...
004 (20895.000.000) 02/25 11:57:16 Job was evicted.
	(0) Job was not checkpointed.
		Usr 0 00:11:26, Sys 0 00:00:06  -  Run Remote Usage
		Usr 0 00:00:00, Sys 0 00:00:00  -  Run Local Usage
	0  -  Run Bytes Sent By Job
	0  -  Run Bytes Received By Job
	Partitionable Resources :    Usage  Request Allocated
	   Cpus                 :                 2         2
	   Disk (KB)            :        1        1   5108557
	   Memory (MB)          :     1465     1465      1465
...
001 (20895.000.000) 02/25 11:59:19 Job executing on host: <134.76.239.84:12289?addrs=134.76.239.84-12289>
...
004 (20895.000.000) 02/25 13:21:07 Job was evicted.
	(0) Job was not checkpointed.
		Usr 0 02:23:44, Sys 0 00:00:49  -  Run Remote Usage
		Usr 0 00:00:00, Sys 0 00:00:00  -  Run Local Usage
	0  -  Run Bytes Sent By Job
	0  -  Run Bytes Received By Job
	Partitionable Resources :    Usage  Request Allocated
	   Cpus                 :                 2         2
	   Disk (KB)            :        1        1   5108458
	   Memory (MB)          :     1465     1465      1465
...
001 (20895.000.000) 02/25 13:23:11 Job executing on host: <134.76.239.90:23525?addrs=134.76.239.90-23525>
...
