DATE: 2016-02-25
TIME: 13:24:44
                                         version_number        8118
 read inlist_1.0
 create pre-main-sequence model
                                                species           8
 abundances
                                                     h1    7.0507500000000001D-01
                                                    he3    3.0526825953784336D-05
                                                    he4    2.8682147317404622D-01
                                                    c12    1.3892061230542784D-03
                                                    n14    4.0694319743059471D-04
                                                    o16    3.7783442737793454D-03
                                                   ne20    8.4744700869545493D-04
                                                   mg24    1.6510593970403232D-03


                                        relax_num_steps


                               finished relax_num_steps

 new_lnPgas_flag T
                                        relax_initial_Z    8.0730000000000003D-03
                                                  new z    8.0730000000001738D-03
                                        relax_initial_Y    2.8685200000000000D-01
                                                  new y    2.8685200000000011D-01
 net name basic.net
 do_element_diffusion T
 lnPgas_flag T
 kappa_file_prefix gs98
 kappa_lowT_prefix lowT_fa05_gs98
   eos_file_prefix mesa
                                        OMP_NUM_THREADS           2


