000 (20334.000.000) 02/24 21:34:52 Job submitted from host: <134.76.239.76:13753?addrs=134.76.239.76-13753>
...
001 (20334.000.000) 02/24 23:57:39 Job executing on host: <134.76.239.87:13734?addrs=134.76.239.87-13734>
...
006 (20334.000.000) 02/24 23:57:47 Image size of job updated: 1
	3  -  MemoryUsage of job (MB)
	2068  -  ResidentSetSize of job (KB)
...
006 (20334.000.000) 02/25 00:02:47 Image size of job updated: 1144828
	937  -  MemoryUsage of job (MB)
	959176  -  ResidentSetSize of job (KB)
...
006 (20334.000.000) 02/25 00:07:47 Image size of job updated: 1145936
	937  -  MemoryUsage of job (MB)
	959176  -  ResidentSetSize of job (KB)
...
006 (20334.000.000) 02/25 00:22:49 Image size of job updated: 1269396
	1073  -  MemoryUsage of job (MB)
	1098200  -  ResidentSetSize of job (KB)
...
006 (20334.000.000) 02/25 00:32:51 Image size of job updated: 1270516
	1074  -  MemoryUsage of job (MB)
	1099392  -  ResidentSetSize of job (KB)
...
006 (20334.000.000) 02/25 00:37:51 Image size of job updated: 1273764
	1075  -  MemoryUsage of job (MB)
	1100100  -  ResidentSetSize of job (KB)
...
006 (20334.000.000) 02/25 00:42:51 Image size of job updated: 1460248
	1219  -  MemoryUsage of job (MB)
	1247368  -  ResidentSetSize of job (KB)
...
006 (20334.000.000) 02/25 00:47:52 Image size of job updated: 1484784
	1245  -  MemoryUsage of job (MB)
	1274396  -  ResidentSetSize of job (KB)
...
006 (20334.000.000) 02/25 00:52:52 Image size of job updated: 1484784
	1245  -  MemoryUsage of job (MB)
	1274736  -  ResidentSetSize of job (KB)
...
006 (20334.000.000) 02/25 00:57:52 Image size of job updated: 1484792
	1245  -  MemoryUsage of job (MB)
	1274736  -  ResidentSetSize of job (KB)
...
006 (20334.000.000) 02/25 03:02:57 Image size of job updated: 8986836
	1245  -  MemoryUsage of job (MB)
	1274736  -  ResidentSetSize of job (KB)
...
005 (20334.000.000) 02/25 03:02:57 Job terminated.
	(1) Normal termination (return value 0)
		Usr 0 05:04:57, Sys 0 00:01:07  -  Run Remote Usage
		Usr 0 00:00:00, Sys 0 00:00:00  -  Run Local Usage
		Usr 0 05:04:57, Sys 0 00:01:07  -  Total Remote Usage
		Usr 0 00:00:00, Sys 0 00:00:00  -  Total Local Usage
	0  -  Run Bytes Sent By Job
	0  -  Run Bytes Received By Job
	0  -  Total Bytes Sent By Job
	0  -  Total Bytes Received By Job
	Partitionable Resources :    Usage  Request Allocated
	   Cpus                 :                 2         2
	   Disk (KB)            :        1        1   5108775
	   Memory (MB)          :     1245        1         1
...
