DATE: 2016-02-26
TIME: 16:59:37
                                         version_number        8118
 read inlist_1.0
 create pre-main-sequence model
                                                species           8
 abundances
                                                     h1    7.5204700000000002D-01
                                                    he3    2.6334937194704518D-05
                                                    he4    2.4743566506280532D-01
                                                    c12    8.4491540495419717D-05
                                                    n14    2.4750292324833978D-05
                                                    o16    2.2979896425434317D-04
                                                   ne20    5.1541741765067595D-05
                                                   mg24    1.0041746116024372D-04


                                        relax_num_steps


                               finished relax_num_steps

 new_lnPgas_flag T
                                        relax_initial_Z    4.9100000000000001D-04
                                                  new z    4.9100000000005845D-04
                                        relax_initial_Y    2.4746199999999999D-01
                                                  new y    2.4746199999999996D-01
 net name basic.net
 do_element_diffusion T
 lnPgas_flag T
 kappa_file_prefix gs98
 kappa_lowT_prefix lowT_fa05_gs98
   eos_file_prefix mesa
                                        OMP_NUM_THREADS           1



stop because Lnuc_div_L >= Lnuc_div_L_zams_limit
    0.9994313325E+00    0.9990000000E+00

        883   7.195363   7222.087   0.312872   0.312872   1.051865   1.051865   0.751635   0.000076   0.247459   0.751921  -1.682848    864      0
   5.765429   1.998420  -0.037250 -44.128293  -1.304272 -99.000000   0.000000   0.247867   0.000230   0.000491   0.247586   0.072748      4      0
 1.5862E+07  17.341603   0.313119 -99.000000   4.293141  -7.388270   0.000000   0.000040   0.000052  4.984E-04  4.928E-04 -0.351E-11  max increase

save photos/x883 for model 883
save final_profile.data write fgong_plot.data
                               s% atm_structure_num_pts          48
save final_profile.data.FGONG    883
 final_profile.data.FGONG for model 883
 saved to zams.mod
termination code: Lnuc_div_L_zams_limit

       runtime, prev time, retries, backups, steps         8.0        28.2         0         0       883
        883   7.195363   7222.087   0.312872   0.312872   1.051865   1.051865   0.751635   0.000076   0.247459   0.751921  -1.682848    864      0
   5.765429   1.998420  -0.037250 -44.128293  -1.304272 -99.000000   0.000000   0.247867   0.000230   0.000491   0.247586   0.072748      4      0
 1.5862E+07  17.341603   0.313119 -99.000000   4.293141  -7.388270   0.000000   0.000040   0.000052  4.984E-04  4.928E-04 -0.351E-11  max increase

DATE: 2016-02-26
TIME: 17:09:31
DATE: 2016-02-26
TIME: 17:09:31
                                         version_number        8118
 read inlist_1.0
load saved model zams.mod

 new_lnPgas_flag T
 net name basic.net
 do_element_diffusion T
 lnPgas_flag T
                       which_atm_option: Eddington_grey
 kappa_file_prefix gs98
 kappa_lowT_prefix lowT_fa05_gs98
   eos_file_prefix mesa
                                        OMP_NUM_THREADS           1


__________________________________________________________________________________________________________________________________________________

       step    lg_Tcntr    Teff       lg_LH     lg_Lnuc     Mass       H_rich     H_cntr     N_cntr     Y_surf     X_avg     eta_cntr  zones retry
   lg_dt_yr    lg_Dcntr    lg_R       lg_L3a    lg_Lneu     lg_Mdot    He_core    He_cntr    O_cntr     Z_surf     Y_avg     gam_cntr  iters bckup
     age_yr    lg_Pcntr    lg_L       lg_LZ     lg_Psurf    lg_Dsurf   C_core     C_cntr     Ne_cntr    Z_cntr     Z_avg     v_div_cs     dt_limit
__________________________________________________________________________________________________________________________________________________

        884   7.195311   7296.161   0.313092   0.313092   1.051865   1.051865   0.751585   0.000081   0.247458   0.751906  -1.682647    864      0
   5.844610   1.998439  -0.046530 -44.130601  -1.306142 -99.000000   0.000000   0.247916   0.000230   0.000491   0.247601   0.072759      8      0
 1.6561E+07  17.341554   0.312286 -99.000000   4.683919  -7.006227   0.000000   0.000036   0.000052  4.991E-04  4.930E-04 -0.717E-10              

