DATE: 2016-02-25
TIME: 13:23:16
                                         version_number        8118
 read inlist_1.0
 create pre-main-sequence model
                                                species           8
 abundances
                                                     h1    6.8508400000000003D-01
                                                    he3    2.9329599537443952D-05
                                                    he4    2.7557267040046257D-01
                                                    c12    6.7651739776731961D-03
                                                    n14    1.9817372555167032D-03
                                                    o16    1.8399829899586360D-02
                                                   ne20    4.1269084231206491D-03
                                                   mg24    8.0403504441029436D-03


                                        relax_num_steps


                               finished relax_num_steps

 new_lnPgas_flag T
                                        relax_initial_Z    3.9314000000000002D-02
                                                  new z    3.9314000000000099D-02
                                        relax_initial_Y    2.7560200000000001D-01
                                                  new y    2.7560200000000018D-01
 net name basic.net
 do_element_diffusion T
 lnPgas_flag T
 kappa_file_prefix gs98
 kappa_lowT_prefix lowT_fa05_gs98
   eos_file_prefix mesa
                                        OMP_NUM_THREADS           2


