DATE: 2016-02-26
TIME: 16:59:26
                                         version_number        8118
 read inlist_1.0
 create pre-main-sequence model
                                                species           8
 abundances
                                                     h1    7.6615600000000017D-01
                                                    he3    2.3566417619496054D-05
                                                    he4    2.2142343358238056D-01
                                                    c12    2.1332823371118404D-03
                                                    n14    6.2490707525666815D-04
                                                    o16    5.8020728306754045D-03
                                                   ne20    1.3013502498200858D-03
                                                   mg24    2.5353875071359934D-03


                                        relax_num_steps


                               finished relax_num_steps

 new_lnPgas_flag T
                                        relax_initial_Z    1.2397000000000000D-02
                                                  new z    1.2396999999999417D-02
                                        relax_initial_Y    2.2144700000000000D-01
                                                  new y    2.2144700000000003D-01
 net name basic.net
 do_element_diffusion T
 lnPgas_flag T
 kappa_file_prefix gs98
 kappa_lowT_prefix lowT_fa05_gs98
   eos_file_prefix mesa
                                        OMP_NUM_THREADS           1



stop because Lnuc_div_L >= Lnuc_div_L_zams_limit
    0.9991027199E+00    0.9990000000E+00

        883   7.221817   6660.426   0.490139   0.490139   1.387607   1.387607   0.763157   0.003104   0.216015   0.765655  -1.956211    796      0
   6.352316   1.923685   0.121777 -43.070282  -1.119443 -99.000000   0.000000   0.224089   0.005799   0.012087   0.221888   0.064649      4      0
 3.6551E+07  17.295694   0.490529 -99.000000   4.343528  -7.322049   0.000000   0.000012   0.001302  1.275E-02  1.246E-02  0.324E-12  max increase

save photos/x883 for model 883
save final_profile.data write fgong_plot.data
                               s% atm_structure_num_pts          53
save final_profile.data.FGONG    883
 final_profile.data.FGONG for model 883
 saved to zams.mod
termination code: Lnuc_div_L_zams_limit

       runtime, prev time, retries, backups, steps         8.8        28.2         0         0       883
        883   7.221817   6660.426   0.490139   0.490139   1.387607   1.387607   0.763157   0.003104   0.216015   0.765655  -1.956211    796      0
   6.352316   1.923685   0.121777 -43.070282  -1.119443 -99.000000   0.000000   0.224089   0.005799   0.012087   0.221888   0.064649      4      0
 3.6551E+07  17.295694   0.490529 -99.000000   4.343528  -7.322049   0.000000   0.000012   0.001302  1.275E-02  1.246E-02  0.324E-12  max increase

DATE: 2016-02-26
TIME: 17:10:15
DATE: 2016-02-26
TIME: 17:10:15
                                         version_number        8118
 read inlist_1.0
load saved model zams.mod

 new_lnPgas_flag T
 net name basic.net
 do_element_diffusion T
 lnPgas_flag T
                       which_atm_option: Eddington_grey
 kappa_file_prefix gs98
 kappa_lowT_prefix lowT_fa05_gs98
   eos_file_prefix mesa
                                        OMP_NUM_THREADS           1


__________________________________________________________________________________________________________________________________________________

       step    lg_Tcntr    Teff       lg_LH     lg_Lnuc     Mass       H_rich     H_cntr     N_cntr     Y_surf     X_avg     eta_cntr  zones retry
   lg_dt_yr    lg_Dcntr    lg_R       lg_L3a    lg_Lneu     lg_Mdot    He_core    He_cntr    O_cntr     Z_surf     Y_avg     gam_cntr  iters bckup
     age_yr    lg_Pcntr    lg_L       lg_LZ     lg_Psurf    lg_Dsurf   C_core     C_cntr     Ne_cntr    Z_cntr     Z_avg     v_div_cs     dt_limit
__________________________________________________________________________________________________________________________________________________

        888   7.222094   6838.064   0.491083   0.491083   1.387607   1.387607   0.762438   0.003106   0.218722   0.765549  -1.955904    791      0
   6.000000   1.924398   0.099185 -43.051641  -1.121200 -99.000000   0.000000   0.224808   0.005798   0.012256   0.221991   0.064661      4      0
 4.1207E+07  17.296458   0.491070 -14.875409   4.689943  -6.977037   0.000000   0.000012   0.001302  1.275E-02  1.246E-02  0.421E-12        max_dt

