000 (20140.000.000) 02/24 21:34:42 Job submitted from host: <134.76.239.76:13753?addrs=134.76.239.76-13753>
...
001 (20140.000.000) 02/24 21:35:03 Job executing on host: <134.76.239.83:20501?addrs=134.76.239.83-20501>
...
006 (20140.000.000) 02/24 21:35:16 Image size of job updated: 65708
	4  -  MemoryUsage of job (MB)
	4040  -  ResidentSetSize of job (KB)
...
006 (20140.000.000) 02/24 21:40:16 Image size of job updated: 1138988
	921  -  MemoryUsage of job (MB)
	943084  -  ResidentSetSize of job (KB)
...
006 (20140.000.000) 02/24 21:45:18 Image size of job updated: 1145396
	928  -  MemoryUsage of job (MB)
	949544  -  ResidentSetSize of job (KB)
...
006 (20140.000.000) 02/24 22:05:20 Image size of job updated: 1360712
	1139  -  MemoryUsage of job (MB)
	1165484  -  ResidentSetSize of job (KB)
...
006 (20140.000.000) 02/24 22:10:20 Image size of job updated: 1360712
	1139  -  MemoryUsage of job (MB)
	1165496  -  ResidentSetSize of job (KB)
...
006 (20140.000.000) 02/24 22:15:20 Image size of job updated: 1426248
	1200  -  MemoryUsage of job (MB)
	1228684  -  ResidentSetSize of job (KB)
...
006 (20140.000.000) 02/24 22:25:21 Image size of job updated: 1547196
	1345  -  MemoryUsage of job (MB)
	1376276  -  ResidentSetSize of job (KB)
...
006 (20140.000.000) 02/24 22:30:21 Image size of job updated: 1547196
	1345  -  MemoryUsage of job (MB)
	1376284  -  ResidentSetSize of job (KB)
...
006 (20140.000.000) 02/24 22:35:22 Image size of job updated: 1547196
	1345  -  MemoryUsage of job (MB)
	1376608  -  ResidentSetSize of job (KB)
...
006 (20140.000.000) 02/24 22:40:23 Image size of job updated: 1547196
	1345  -  MemoryUsage of job (MB)
	1376636  -  ResidentSetSize of job (KB)
...
006 (20140.000.000) 02/24 22:45:23 Image size of job updated: 1547812
	1345  -  MemoryUsage of job (MB)
	1376636  -  ResidentSetSize of job (KB)
...
006 (20140.000.000) 02/24 23:20:27 Image size of job updated: 1547812
	1357  -  MemoryUsage of job (MB)
	1388864  -  ResidentSetSize of job (KB)
...
006 (20140.000.000) 02/24 23:25:28 Image size of job updated: 1547812
	1357  -  MemoryUsage of job (MB)
	1388872  -  ResidentSetSize of job (KB)
...
006 (20140.000.000) 02/24 23:30:28 Image size of job updated: 1573832
	1357  -  MemoryUsage of job (MB)
	1389200  -  ResidentSetSize of job (KB)
...
006 (20140.000.000) 02/24 23:35:28 Image size of job updated: 1574448
	1357  -  MemoryUsage of job (MB)
	1389200  -  ResidentSetSize of job (KB)
...
005 (20140.000.000) 02/25 00:52:37 Job terminated.
	(1) Normal termination (return value 0)
		Usr 0 05:07:35, Sys 0 00:01:22  -  Run Remote Usage
		Usr 0 00:00:00, Sys 0 00:00:00  -  Run Local Usage
		Usr 0 05:07:35, Sys 0 00:01:22  -  Total Remote Usage
		Usr 0 00:00:00, Sys 0 00:00:00  -  Total Local Usage
	0  -  Run Bytes Sent By Job
	0  -  Run Bytes Received By Job
	0  -  Total Bytes Sent By Job
	0  -  Total Bytes Received By Job
	Partitionable Resources :    Usage  Request Allocated
	   Cpus                 :                 2         2
	   Disk (KB)            :        1        1   5108804
	   Memory (MB)          :     1357        1         1
...
