DATE: 2016-02-26
TIME: 16:59:53
                                         version_number        8118
 read inlist_1.0
 create pre-main-sequence model
                                                species           8
 abundances
                                                     h1    6.8539999999999990D-01
                                                    he3    3.3195629871027382D-05
                                                    he4    3.1189680437012890D-01
                                                    c12    4.5945501654339832D-04
                                                    n14    1.3458916600268399D-04
                                                    o16    1.2496196223201618D-03
                                                   ne20    2.8027790328463058D-04
                                                   mg24    5.4605829184907505D-04


                                        relax_num_steps


                               finished relax_num_steps

 new_lnPgas_flag T
                                        relax_initial_Z    2.6700000000000001D-03
                                                  new z    2.6700000000002707D-03
                                        relax_initial_Y    3.1192999999999999D-01
                                                  new y    3.1192999999999993D-01
 net name basic.net
 do_element_diffusion T
 lnPgas_flag T
 kappa_file_prefix gs98
 kappa_lowT_prefix lowT_fa05_gs98
   eos_file_prefix mesa
                                        OMP_NUM_THREADS           1



stop because Lnuc_div_L >= Lnuc_div_L_zams_limit
    0.9991490238E+00    0.9990000000E+00

        932   7.263508   8276.468   0.660049   0.660049   1.213693   1.213693   0.683221   0.000671   0.297533   0.685057  -1.881140    870      0
   6.102107   2.037669   0.018035 -40.446758  -0.903697 -99.000000   0.000000   0.314033   0.001245   0.002399   0.312257   0.066025      2      0
 1.6658E+07  17.426199   0.660419 -15.051500   3.674691  -8.063078   0.000000   0.000003   0.000280  2.746E-03  2.686E-03 -0.541E-13  max increase

save photos/x932 for model 932
save final_profile.data write fgong_plot.data
                               s% atm_structure_num_pts          48
save final_profile.data.FGONG    932
 final_profile.data.FGONG for model 932
 saved to zams.mod
termination code: Lnuc_div_L_zams_limit

       runtime, prev time, retries, backups, steps         8.9        28.2         0         0       932
        932   7.263508   8276.468   0.660049   0.660049   1.213693   1.213693   0.683221   0.000671   0.297533   0.685057  -1.881140    870      0
   6.102107   2.037669   0.018035 -40.446758  -0.903697 -99.000000   0.000000   0.314033   0.001245   0.002399   0.312257   0.066025      2      0
 1.6658E+07  17.426199   0.660419 -15.051500   3.674691  -8.063078   0.000000   0.000003   0.000280  2.746E-03  2.686E-03 -0.541E-13  max increase

DATE: 2016-02-26
TIME: 17:10:21
DATE: 2016-02-26
TIME: 17:10:21
                                         version_number        8118
 read inlist_1.0
load saved model zams.mod

 new_lnPgas_flag T
 net name basic.net
 do_element_diffusion T
 lnPgas_flag T
                       which_atm_option: Eddington_grey
 kappa_file_prefix gs98
 kappa_lowT_prefix lowT_fa05_gs98
   eos_file_prefix mesa
                                        OMP_NUM_THREADS           1


__________________________________________________________________________________________________________________________________________________

       step    lg_Tcntr    Teff       lg_LH     lg_Lnuc     Mass       H_rich     H_cntr     N_cntr     Y_surf     X_avg     eta_cntr  zones retry
   lg_dt_yr    lg_Dcntr    lg_R       lg_L3a    lg_Lneu     lg_Mdot    He_core    He_cntr    O_cntr     Z_surf     Y_avg     gam_cntr  iters bckup
     age_yr    lg_Pcntr    lg_L       lg_LZ     lg_Psurf    lg_Dsurf   C_core     C_cntr     Ne_cntr    Z_cntr     Z_avg     v_div_cs     dt_limit
__________________________________________________________________________________________________________________________________________________

        934   7.263695   8282.451   0.660771   0.660771   1.213693   1.213693   0.682819   0.000671   0.294584   0.684989  -1.881139    862      0
   5.903090   2.038063   0.017567 -40.435670  -0.904442 -99.000000   0.000000   0.314436   0.001244   0.002346   0.312325   0.066028      2      0
 1.8458E+07  17.426646   0.660738 -99.000000   4.188050  -7.563298   0.000000   0.000003   0.000280  2.745E-03  2.686E-03  0.298E-12  max decrease

