DATE: 2016-02-26
TIME: 16:59:51
                                         version_number        8118
 read inlist_1.0
 create pre-main-sequence model
                                                species           8
 abundances
                                                     h1    6.6657200000000005D-01
                                                    he3    3.5440456006697103D-05
                                                    he4    3.3298855954399337D-01
                                                    c12    6.9520534338415391D-05
                                                    n14    2.0364802646102967D-05
                                                    o16    1.8908102150466053D-04
                                                   ne20    4.2409090983899925D-05
                                                   mg24    8.2624550526992226D-05


                                        relax_num_steps


                               finished relax_num_steps

 new_lnPgas_flag T
                                        relax_initial_Z    4.0400000000000001D-04
                                                  new z    4.0399999999994786D-04
                                        relax_initial_Y    3.3302399999999999D-01
                                                  new y    3.3302399999999988D-01
 net name basic.net
 do_element_diffusion T
 lnPgas_flag T
 kappa_file_prefix gs98
 kappa_lowT_prefix lowT_fa05_gs98
   eos_file_prefix mesa
                                        OMP_NUM_THREADS           1



stop because Lnuc_div_L >= Lnuc_div_L_zams_limit
    0.1003531805E+01    0.9990000000E+00

       1001   7.356441  1.194E+04   1.217581   1.217581   1.547678   1.547678   0.666133   0.000102   0.333024   0.666440  -2.204996    902      0
   5.072997   2.047059  -0.022136 -36.027077  -0.021203 -99.000000   0.000000   0.333452   0.000188   0.000404   0.333153   0.054062      2      0
 4.4699E+06  17.522561   1.216050 -13.847380   3.225393  -8.899757   0.000000   0.000001   0.000042  4.153E-04  4.073E-04 -0.427E-10  max increase

save photos/x001 for model 1001
save final_profile.data write fgong_plot.data
                               s% atm_structure_num_pts          40
save final_profile.data.FGONG   1001
 final_profile.data.FGONG for model 1001
 saved to zams.mod
termination code: Lnuc_div_L_zams_limit

       runtime, prev time, retries, backups, steps         9.2        28.2         0         0      1001
       1001   7.356441  1.194E+04   1.217581   1.217581   1.547678   1.547678   0.666133   0.000102   0.333024   0.666440  -2.204996    902      0
   5.072997   2.047059  -0.022136 -36.027077  -0.021203 -99.000000   0.000000   0.333452   0.000188   0.000404   0.333153   0.054062      2      0
 4.4699E+06  17.522561   1.216050 -13.847380   3.225393  -8.899757   0.000000   0.000001   0.000042  4.153E-04  4.073E-04 -0.427E-10  max increase

DATE: 2016-02-26
TIME: 17:10:40
DATE: 2016-02-26
TIME: 17:10:40
                                         version_number        8118
 read inlist_1.0
load saved model zams.mod

 new_lnPgas_flag T
 net name basic.net
 do_element_diffusion T
 lnPgas_flag T
                       which_atm_option: Eddington_grey
 kappa_file_prefix gs98
 kappa_lowT_prefix lowT_fa05_gs98
   eos_file_prefix mesa
                                        OMP_NUM_THREADS           1


__________________________________________________________________________________________________________________________________________________

       step    lg_Tcntr    Teff       lg_LH     lg_Lnuc     Mass       H_rich     H_cntr     N_cntr     Y_surf     X_avg     eta_cntr  zones retry
   lg_dt_yr    lg_Dcntr    lg_R       lg_L3a    lg_Lneu     lg_Mdot    He_core    He_cntr    O_cntr     Z_surf     Y_avg     gam_cntr  iters bckup
     age_yr    lg_Pcntr    lg_L       lg_LZ     lg_Psurf    lg_Dsurf   C_core     C_cntr     Ne_cntr    Z_cntr     Z_avg     v_div_cs     dt_limit
__________________________________________________________________________________________________________________________________________________

