DATE: 2016-02-26
TIME: 16:59:45
                                         version_number        8118
 read inlist_1.0
 create pre-main-sequence model
                                                species           8
 abundances
                                                     h1    6.9813199999999997D-01
                                                    he3    3.2071620501304084D-05
                                                    he4    3.0133592837949874D-01
                                                    c12    8.6040265270291460D-05
                                                    n14    2.5203963670912304D-05
                                                    o16    2.3401116522847335D-04
                                                   ne20    5.2486498742435397D-05
                                                   mg24    1.0225810708783245D-04


                                        relax_num_steps


                               finished relax_num_steps

 new_lnPgas_flag T
                                        relax_initial_Z    5.0000000000000001D-04
                                                  new z    4.9999999999887016D-04
                                        relax_initial_Y    3.0136800000000002D-01
                                                  new y    3.0136800000000036D-01
 net name basic.net
 do_element_diffusion T
 lnPgas_flag T
 kappa_file_prefix gs98
 kappa_lowT_prefix lowT_fa05_gs98
   eos_file_prefix mesa
                                        OMP_NUM_THREADS           1



stop because Lnuc_div_L >= Lnuc_div_L_zams_limit
    0.1000298931E+01    0.9990000000E+00

        934   7.265261   8912.999   0.678588   0.678588   1.196005   1.196005   0.697482   0.000125   0.258453   0.697948  -1.867298    902      0
   5.741824   2.042178  -0.037303 -40.400112  -0.888780 -99.000000   0.000000   0.302004   0.000234   0.000351   0.301548   0.065508      2      0
 1.0768E+07  17.437378   0.678458 -99.000000   3.367434  -8.474445   0.000000   0.000001   0.000052  5.142E-04  5.034E-04  0.189E-12  max increase

save photos/x934 for model 934
save final_profile.data write fgong_plot.data
                               s% atm_structure_num_pts          45
save final_profile.data.FGONG    934
 final_profile.data.FGONG for model 934
 saved to zams.mod
termination code: Lnuc_div_L_zams_limit

       runtime, prev time, retries, backups, steps         8.2        28.2         0         0       934
        934   7.265261   8912.999   0.678588   0.678588   1.196005   1.196005   0.697482   0.000125   0.258453   0.697948  -1.867298    902      0
   5.741824   2.042178  -0.037303 -40.400112  -0.888780 -99.000000   0.000000   0.302004   0.000234   0.000351   0.301548   0.065508      2      0
 1.0768E+07  17.437378   0.678458 -99.000000   3.367434  -8.474445   0.000000   0.000001   0.000052  5.142E-04  5.034E-04  0.189E-12  max increase

DATE: 2016-02-26
TIME: 17:09:40
DATE: 2016-02-26
TIME: 17:09:40
                                         version_number        8118
 read inlist_1.0
load saved model zams.mod

 new_lnPgas_flag T
 net name basic.net
 do_element_diffusion T
 lnPgas_flag T
                       which_atm_option: Eddington_grey
 kappa_file_prefix gs98
 kappa_lowT_prefix lowT_fa05_gs98
   eos_file_prefix mesa
                                        OMP_NUM_THREADS           1


__________________________________________________________________________________________________________________________________________________

       step    lg_Tcntr    Teff       lg_LH     lg_Lnuc     Mass       H_rich     H_cntr     N_cntr     Y_surf     X_avg     eta_cntr  zones retry
   lg_dt_yr    lg_Dcntr    lg_R       lg_L3a    lg_Lneu     lg_Mdot    He_core    He_cntr    O_cntr     Z_surf     Y_avg     gam_cntr  iters bckup
     age_yr    lg_Pcntr    lg_L       lg_LZ     lg_Psurf    lg_Dsurf   C_core     C_cntr     Ne_cntr    Z_cntr     Z_avg     v_div_cs     dt_limit
__________________________________________________________________________________________________________________________________________________

