000 (28166.000.000) 02/26 16:56:01 Job submitted from host: <134.76.239.76:15915?addrs=134.76.239.76-15915>
...
001 (28166.000.000) 02/26 16:56:05 Job executing on host: <134.76.239.90:16939?addrs=134.76.239.90-16939>
...
006 (28166.000.000) 02/26 16:56:17 Image size of job updated: 65708
	5  -  MemoryUsage of job (MB)
	4304  -  ResidentSetSize of job (KB)
...
006 (28166.000.000) 02/26 17:01:17 Image size of job updated: 1072060
	931  -  MemoryUsage of job (MB)
	953080  -  ResidentSetSize of job (KB)
...
006 (28166.000.000) 02/26 17:06:18 Image size of job updated: 1072748
	932  -  MemoryUsage of job (MB)
	953616  -  ResidentSetSize of job (KB)
...
006 (28166.000.000) 02/26 17:11:18 Image size of job updated: 1081936
	932  -  MemoryUsage of job (MB)
	953616  -  ResidentSetSize of job (KB)
...
006 (28166.000.000) 02/26 17:16:19 Image size of job updated: 1081936
	933  -  MemoryUsage of job (MB)
	954812  -  ResidentSetSize of job (KB)
...
