000 (20856.000.000) 02/24 21:35:20 Job submitted from host: <134.76.239.76:13753?addrs=134.76.239.76-13753>
...
001 (20856.000.000) 02/25 05:49:48 Job executing on host: <134.76.239.83:20501?addrs=134.76.239.83-20501>
...
006 (20856.000.000) 02/25 05:49:56 Image size of job updated: 1
	3  -  MemoryUsage of job (MB)
	2072  -  ResidentSetSize of job (KB)
...
006 (20856.000.000) 02/25 05:54:56 Image size of job updated: 1144408
	934  -  MemoryUsage of job (MB)
	955976  -  ResidentSetSize of job (KB)
...
006 (20856.000.000) 02/25 05:59:57 Image size of job updated: 1146180
	934  -  MemoryUsage of job (MB)
	955976  -  ResidentSetSize of job (KB)
...
006 (20856.000.000) 02/25 06:04:58 Image size of job updated: 1146180
	975  -  MemoryUsage of job (MB)
	998256  -  ResidentSetSize of job (KB)
...
006 (20856.000.000) 02/25 06:14:59 Image size of job updated: 1308336
	1132  -  MemoryUsage of job (MB)
	1158684  -  ResidentSetSize of job (KB)
...
006 (20856.000.000) 02/25 06:25:00 Image size of job updated: 1308336
	1132  -  MemoryUsage of job (MB)
	1159004  -  ResidentSetSize of job (KB)
...
006 (20856.000.000) 02/25 06:30:00 Image size of job updated: 1308336
	1132  -  MemoryUsage of job (MB)
	1159008  -  ResidentSetSize of job (KB)
...
006 (20856.000.000) 02/25 06:35:01 Image size of job updated: 1494820
	1276  -  MemoryUsage of job (MB)
	1306272  -  ResidentSetSize of job (KB)
...
006 (20856.000.000) 02/25 06:40:02 Image size of job updated: 1519356
	1300  -  MemoryUsage of job (MB)
	1330808  -  ResidentSetSize of job (KB)
...
006 (20856.000.000) 02/25 06:45:02 Image size of job updated: 1519824
	1301  -  MemoryUsage of job (MB)
	1331352  -  ResidentSetSize of job (KB)
...
006 (20856.000.000) 02/25 07:00:04 Image size of job updated: 1520336
	1301  -  MemoryUsage of job (MB)
	1331676  -  ResidentSetSize of job (KB)
...
006 (20856.000.000) 02/25 07:05:05 Image size of job updated: 1523448
	1301  -  MemoryUsage of job (MB)
	1331752  -  ResidentSetSize of job (KB)
...
006 (20856.000.000) 02/25 07:10:06 Image size of job updated: 1523448
	1301  -  MemoryUsage of job (MB)
	1331764  -  ResidentSetSize of job (KB)
...
006 (20856.000.000) 02/25 07:20:06 Image size of job updated: 1708336
	1524  -  MemoryUsage of job (MB)
	1560420  -  ResidentSetSize of job (KB)
...
006 (20856.000.000) 02/25 07:25:07 Image size of job updated: 1708336
	1525  -  MemoryUsage of job (MB)
	1560740  -  ResidentSetSize of job (KB)
...
006 (20856.000.000) 02/25 07:30:08 Image size of job updated: 1732872
	1549  -  MemoryUsage of job (MB)
	1585288  -  ResidentSetSize of job (KB)
...
006 (20856.000.000) 02/25 07:35:08 Image size of job updated: 1732872
	1550  -  MemoryUsage of job (MB)
	1586476  -  ResidentSetSize of job (KB)
...
006 (20856.000.000) 02/25 07:40:09 Image size of job updated: 1822944
	1592  -  MemoryUsage of job (MB)
	1629620  -  ResidentSetSize of job (KB)
...
004 (20856.000.000) 02/25 10:02:51 Job was evicted.
	(0) Job was not checkpointed.
		Usr 0 06:58:47, Sys 0 00:01:39  -  Run Remote Usage
		Usr 0 00:00:00, Sys 0 00:00:00  -  Run Local Usage
	0  -  Run Bytes Sent By Job
	0  -  Run Bytes Received By Job
	Partitionable Resources :    Usage  Request Allocated
	   Cpus                 :                 2         2
	   Disk (KB)            :        1        1   5108682
	   Memory (MB)          :     1592        1         1
...
001 (20856.000.000) 02/25 10:03:32 Job executing on host: <134.76.239.80:23833?addrs=134.76.239.80-23833>
...
004 (20856.000.000) 02/25 10:08:51 Job was evicted.
	(0) Job was not checkpointed.
		Usr 0 00:09:42, Sys 0 00:00:02  -  Run Remote Usage
		Usr 0 00:00:00, Sys 0 00:00:00  -  Run Local Usage
	0  -  Run Bytes Sent By Job
	0  -  Run Bytes Received By Job
	Partitionable Resources :    Usage  Request Allocated
	   Cpus                 :                 2         2
	   Disk (KB)            :        1        1   5045690
	   Memory (MB)          :     1709     1709      1709
...
001 (20856.000.000) 02/25 10:11:12 Job executing on host: <134.76.239.80:23833?addrs=134.76.239.80-23833>
...
004 (20856.000.000) 02/25 10:49:46 Job was evicted.
	(0) Job was not checkpointed.
		Usr 0 01:07:46, Sys 0 00:00:11  -  Run Remote Usage
		Usr 0 00:00:00, Sys 0 00:00:00  -  Run Local Usage
	0  -  Run Bytes Sent By Job
	0  -  Run Bytes Received By Job
	Partitionable Resources :    Usage  Request Allocated
	   Cpus                 :                 2         2
	   Disk (KB)            :        1        1   5045687
	   Memory (MB)          :     1709     1709      1709
...
001 (20856.000.000) 02/25 10:50:44 Job executing on host: <134.76.239.83:20501?addrs=134.76.239.83-20501>
...
004 (20856.000.000) 02/25 10:52:27 Job was evicted.
	(0) Job was not checkpointed.
		Usr 0 00:02:20, Sys 0 00:00:02  -  Run Remote Usage
		Usr 0 00:00:00, Sys 0 00:00:00  -  Run Local Usage
	0  -  Run Bytes Sent By Job
	0  -  Run Bytes Received By Job
	Partitionable Resources :    Usage  Request Allocated
	   Cpus                 :                 2         2
	   Disk (KB)            :        1        1   5108607
	   Memory (MB)          :     1709     1709      1709
...
001 (20856.000.000) 02/25 10:54:28 Job executing on host: <134.76.239.80:23833?addrs=134.76.239.80-23833>
...
004 (20856.000.000) 02/25 11:04:25 Job was evicted.
	(0) Job was not checkpointed.
		Usr 0 00:16:29, Sys 0 00:00:04  -  Run Remote Usage
		Usr 0 00:00:00, Sys 0 00:00:00  -  Run Local Usage
	0  -  Run Bytes Sent By Job
	0  -  Run Bytes Received By Job
	Partitionable Resources :    Usage  Request Allocated
	   Cpus                 :                 2         2
	   Disk (KB)            :        1        1   5045683
	   Memory (MB)          :     1709     1709      1709
...
001 (20856.000.000) 02/25 11:06:26 Job executing on host: <134.76.239.88:25067?addrs=134.76.239.88-25067>
...
004 (20856.000.000) 02/25 11:08:07 Job was evicted.
	(0) Job was not checkpointed.
		Usr 0 00:02:17, Sys 0 00:00:01  -  Run Remote Usage
		Usr 0 00:00:00, Sys 0 00:00:00  -  Run Local Usage
	0  -  Run Bytes Sent By Job
	0  -  Run Bytes Received By Job
	Partitionable Resources :    Usage  Request Allocated
	   Cpus                 :                 2         2
	   Disk (KB)            :        1        1   5108605
	   Memory (MB)          :     1709     1709      1709
...
001 (20856.000.000) 02/25 11:11:06 Job executing on host: <134.76.239.83:20501?addrs=134.76.239.83-20501>
...
