DATE: 2016-02-25
TIME: 13:24:49
                                         version_number        8118
 read inlist_1.0
 create pre-main-sequence model
                                                species           8
 abundances
                                                     h1    7.3209199999999996D-01
                                                    he3    2.5139307080252578D-05
                                                    he4    2.3620186069291974D-01
                                                    c12    5.4516832880568203D-03
                                                    n14    1.5969735461165248D-03
                                                    o16    1.4827415451208194D-02
                                                   ne20    3.3256495333185651D-03
                                                   mg24    6.4792781812999627D-03


                                        relax_num_steps


                               finished relax_num_steps

 new_lnPgas_flag T
                                        relax_initial_Z    3.1681000000000001D-02
                                                  new z    3.1681000000000244D-02
                                        relax_initial_Y    2.3622699999999999D-01
                                                  new y    2.3622699999999996D-01
 net name basic.net
 do_element_diffusion T
 lnPgas_flag T
 kappa_file_prefix gs98
 kappa_lowT_prefix lowT_fa05_gs98
   eos_file_prefix mesa
                                        OMP_NUM_THREADS           2


