DATE: 2016-02-26
TIME: 16:59:51
                                         version_number        8118
 read inlist_1.0
 create pre-main-sequence model
                                                species           8
 abundances
                                                     h1    7.5270100000000006D-01
                                                    he3    2.6111987030950463D-05
                                                    he4    2.4534088801296908D-01
                                                    c12    3.3245958500443141D-04
                                                    n14    9.7388115624412534D-05
                                                    o16    9.0421914244288967D-04
                                                   ne20    2.0280783114078575D-04
                                                   mg24    3.9512532578741448D-04


                                        relax_num_steps


                               finished relax_num_steps

 new_lnPgas_flag T
                                        relax_initial_Z    1.9319999999999999D-03
                                                  new z    1.9320000000001430D-03
                                        relax_initial_Y    2.4536700000000000D-01
                                                  new y    2.4536700000000003D-01
 net name basic.net
 do_element_diffusion T
 lnPgas_flag T
 kappa_file_prefix gs98
 kappa_lowT_prefix lowT_fa05_gs98
   eos_file_prefix mesa
                                        OMP_NUM_THREADS           1



stop because Lnuc_div_L >= Lnuc_div_L_zams_limit
    0.1013089834E+01    0.9990000000E+00

        798   7.117818   6017.549  -0.156216  -0.156216   0.841037   0.841037   0.752437   0.000109   0.245367   0.752628  -1.438776    779      0
   5.555335   1.980999  -0.116255 -48.158978  -1.793370 -99.000000   0.000000   0.245629   0.000904   0.001932   0.245439   0.085836      2      0
 2.6791E+07  17.247506  -0.161864 -99.000000   4.889126  -6.715433   0.000000   0.000323   0.000203  1.934E-03  1.932E-03 -0.440E-10    varcontrol

save photos/x798 for model 798
save final_profile.data write fgong_plot.data
                               s% atm_structure_num_pts          59
save final_profile.data.FGONG    798
 final_profile.data.FGONG for model 798
 saved to zams.mod
termination code: Lnuc_div_L_zams_limit

       runtime, prev time, retries, backups, steps         7.5        28.2         0         0       798
        798   7.117818   6017.549  -0.156216  -0.156216   0.841037   0.841037   0.752437   0.000109   0.245367   0.752628  -1.438776    779      0
   5.555335   1.980999  -0.116255 -48.158978  -1.793370 -99.000000   0.000000   0.245629   0.000904   0.001932   0.245439   0.085836      2      0
 2.6791E+07  17.247506  -0.161864 -99.000000   4.889126  -6.715433   0.000000   0.000323   0.000203  1.934E-03  1.932E-03 -0.440E-10    varcontrol

DATE: 2016-02-26
TIME: 17:08:55
DATE: 2016-02-26
TIME: 17:08:56
                                         version_number        8118
 read inlist_1.0
load saved model zams.mod

 new_lnPgas_flag T
 net name basic.net
 do_element_diffusion T
 lnPgas_flag T
                       which_atm_option: Eddington_grey
 kappa_file_prefix gs98
 kappa_lowT_prefix lowT_fa05_gs98
   eos_file_prefix mesa
                                        OMP_NUM_THREADS           1


__________________________________________________________________________________________________________________________________________________

       step    lg_Tcntr    Teff       lg_LH     lg_Lnuc     Mass       H_rich     H_cntr     N_cntr     Y_surf     X_avg     eta_cntr  zones retry
   lg_dt_yr    lg_Dcntr    lg_R       lg_L3a    lg_Lneu     lg_Mdot    He_core    He_cntr    O_cntr     Z_surf     Y_avg     gam_cntr  iters bckup
     age_yr    lg_Pcntr    lg_L       lg_LZ     lg_Psurf    lg_Dsurf   C_core     C_cntr     Ne_cntr    Z_cntr     Z_avg     v_div_cs     dt_limit
__________________________________________________________________________________________________________________________________________________

