000 (20789.000.000) 02/24 21:35:16 Job submitted from host: <134.76.239.76:13753?addrs=134.76.239.76-13753>
...
001 (20789.000.000) 02/25 05:01:47 Job executing on host: <134.76.239.83:20501?addrs=134.76.239.83-20501>
...
006 (20789.000.000) 02/25 05:01:56 Image size of job updated: 1
	3  -  MemoryUsage of job (MB)
	2076  -  ResidentSetSize of job (KB)
...
006 (20789.000.000) 02/25 05:06:56 Image size of job updated: 1144160
	926  -  MemoryUsage of job (MB)
	947944  -  ResidentSetSize of job (KB)
...
006 (20789.000.000) 02/25 05:11:56 Image size of job updated: 1145732
	926  -  MemoryUsage of job (MB)
	947944  -  ResidentSetSize of job (KB)
...
006 (20789.000.000) 02/25 05:21:58 Image size of job updated: 1242476
	1061  -  MemoryUsage of job (MB)
	1086204  -  ResidentSetSize of job (KB)
...
006 (20789.000.000) 02/25 05:26:58 Image size of job updated: 1242476
	1061  -  MemoryUsage of job (MB)
	1086208  -  ResidentSetSize of job (KB)
...
006 (20789.000.000) 02/25 05:31:59 Image size of job updated: 1243612
	1062  -  MemoryUsage of job (MB)
	1087168  -  ResidentSetSize of job (KB)
...
006 (20789.000.000) 02/25 05:37:00 Image size of job updated: 1246756
	1063  -  MemoryUsage of job (MB)
	1087572  -  ResidentSetSize of job (KB)
...
006 (20789.000.000) 02/25 05:42:00 Image size of job updated: 1433240
	1207  -  MemoryUsage of job (MB)
	1235900  -  ResidentSetSize of job (KB)
...
006 (20789.000.000) 02/25 05:47:00 Image size of job updated: 1459820
	1234  -  MemoryUsage of job (MB)
	1263052  -  ResidentSetSize of job (KB)
...
006 (20789.000.000) 02/25 05:52:01 Image size of job updated: 1459820
	1234  -  MemoryUsage of job (MB)
	1263068  -  ResidentSetSize of job (KB)
...
006 (20789.000.000) 02/25 05:57:01 Image size of job updated: 1459820
	1234  -  MemoryUsage of job (MB)
	1263416  -  ResidentSetSize of job (KB)
...
006 (20789.000.000) 02/25 06:02:01 Image size of job updated: 1459820
	1235  -  MemoryUsage of job (MB)
	1263688  -  ResidentSetSize of job (KB)
...
006 (20789.000.000) 02/25 06:47:06 Image size of job updated: 1485692
	1245  -  MemoryUsage of job (MB)
	1274644  -  ResidentSetSize of job (KB)
...
006 (20789.000.000) 02/25 06:52:06 Image size of job updated: 1485692
	1245  -  MemoryUsage of job (MB)
	1274656  -  ResidentSetSize of job (KB)
...
006 (20789.000.000) 02/25 06:57:07 Image size of job updated: 1485692
	1246  -  MemoryUsage of job (MB)
	1275000  -  ResidentSetSize of job (KB)
...
006 (20789.000.000) 02/25 07:02:08 Image size of job updated: 1485692
	1246  -  MemoryUsage of job (MB)
	1275192  -  ResidentSetSize of job (KB)
...
006 (20789.000.000) 02/25 07:07:08 Image size of job updated: 1485700
	1246  -  MemoryUsage of job (MB)
	1275192  -  ResidentSetSize of job (KB)
...
005 (20789.000.000) 02/25 08:14:13 Job terminated.
	(1) Normal termination (return value 0)
		Usr 0 05:19:35, Sys 0 00:01:12  -  Run Remote Usage
		Usr 0 00:00:00, Sys 0 00:00:00  -  Run Local Usage
		Usr 0 05:19:35, Sys 0 00:01:12  -  Total Remote Usage
		Usr 0 00:00:00, Sys 0 00:00:00  -  Total Local Usage
	0  -  Run Bytes Sent By Job
	0  -  Run Bytes Received By Job
	0  -  Total Bytes Sent By Job
	0  -  Total Bytes Received By Job
	Partitionable Resources :    Usage  Request Allocated
	   Cpus                 :                 2         2
	   Disk (KB)            :        1        1   5108701
	   Memory (MB)          :     1246        1         1
...
