DATE: 2016-02-26
TIME: 16:59:20
                                         version_number        8118
 read inlist_1.0
 create pre-main-sequence model
                                                species           8
 abundances
                                                     h1    7.1666800000000008D-01
                                                    he3    2.8455038942823034D-05
                                                    he4    2.6735554496105723D-01
                                                    c12    2.7443403010615317D-03
                                                    n14    8.0390562524751115D-04
                                                    o16    7.4640201261282433D-03
                                                   ne20    1.6741093638889116D-03
                                                   mg24    3.2616245836738765D-03


                                        relax_num_steps


                               finished relax_num_steps

 new_lnPgas_flag T
                                        relax_initial_Z    1.5948000000000000D-02
                                                  new z    1.5947999999999962D-02
                                        relax_initial_Y    2.6738400000000001D-01
                                                  new y    2.6738399999999984D-01
 net name basic.net
 do_element_diffusion T
 lnPgas_flag T
 kappa_file_prefix gs98
 kappa_lowT_prefix lowT_fa05_gs98
   eos_file_prefix mesa
                                        OMP_NUM_THREADS           1



stop because Lnuc_div_L >= Lnuc_div_L_zams_limit
    0.1000058448E+01    0.9990000000E+00

        914   7.243695   6772.312   0.557259   0.557259   1.394638   1.394638   0.714405   0.003991   0.254977   0.716205  -2.051361    820      0
   6.131489   1.929579   0.140659 -41.773257  -1.005574 -99.000000   0.000000   0.269191   0.007459   0.015077   0.267756   0.063089      4      0
 3.1846E+07  17.307454   0.557234 -99.000000   4.280624  -7.378591   0.000000   0.000017   0.001674  1.640E-02  1.604E-02 -0.890E-12  max increase

save photos/x914 for model 914
save final_profile.data write fgong_plot.data
                               s% atm_structure_num_pts          54
save final_profile.data.FGONG    914
 final_profile.data.FGONG for model 914
 saved to zams.mod
termination code: Lnuc_div_L_zams_limit

       runtime, prev time, retries, backups, steps         8.7        28.2         0         0       914
        914   7.243695   6772.312   0.557259   0.557259   1.394638   1.394638   0.714405   0.003991   0.254977   0.716205  -2.051361    820      0
   6.131489   1.929579   0.140659 -41.773257  -1.005574 -99.000000   0.000000   0.269191   0.007459   0.015077   0.267756   0.063089      4      0
 3.1846E+07  17.307454   0.557234 -99.000000   4.280624  -7.378591   0.000000   0.000017   0.001674  1.640E-02  1.604E-02 -0.890E-12  max increase

DATE: 2016-02-26
TIME: 17:10:10
DATE: 2016-02-26
TIME: 17:10:10
                                         version_number        8118
 read inlist_1.0
load saved model zams.mod

 new_lnPgas_flag T
 net name basic.net
 do_element_diffusion T
 lnPgas_flag T
                       which_atm_option: Eddington_grey
 kappa_file_prefix gs98
 kappa_lowT_prefix lowT_fa05_gs98
   eos_file_prefix mesa
                                        OMP_NUM_THREADS           1


__________________________________________________________________________________________________________________________________________________

       step    lg_Tcntr    Teff       lg_LH     lg_Lnuc     Mass       H_rich     H_cntr     N_cntr     Y_surf     X_avg     eta_cntr  zones retry
   lg_dt_yr    lg_Dcntr    lg_R       lg_L3a    lg_Lneu     lg_Mdot    He_core    He_cntr    O_cntr     Z_surf     Y_avg     gam_cntr  iters bckup
     age_yr    lg_Pcntr    lg_L       lg_LZ     lg_Psurf    lg_Dsurf   C_core     C_cntr     Ne_cntr    Z_cntr     Z_avg     v_div_cs     dt_limit
__________________________________________________________________________________________________________________________________________________

