000 (20401.000.000) 02/24 21:34:56 Job submitted from host: <134.76.239.76:13753?addrs=134.76.239.76-13753>
...
001 (20401.000.000) 02/25 00:38:39 Job executing on host: <134.76.239.88:25067?addrs=134.76.239.88-25067>
...
006 (20401.000.000) 02/25 00:38:48 Image size of job updated: 1
	3  -  MemoryUsage of job (MB)
	2072  -  ResidentSetSize of job (KB)
...
006 (20401.000.000) 02/25 00:43:48 Image size of job updated: 1145168
	921  -  MemoryUsage of job (MB)
	942976  -  ResidentSetSize of job (KB)
...
006 (20401.000.000) 02/25 00:48:48 Image size of job updated: 1146104
	921  -  MemoryUsage of job (MB)
	942976  -  ResidentSetSize of job (KB)
...
006 (20401.000.000) 02/25 01:03:50 Image size of job updated: 1242968
	1071  -  MemoryUsage of job (MB)
	1096300  -  ResidentSetSize of job (KB)
...
006 (20401.000.000) 02/25 01:18:52 Image size of job updated: 1242968
	1071  -  MemoryUsage of job (MB)
	1096636  -  ResidentSetSize of job (KB)
...
006 (20401.000.000) 02/25 01:28:54 Image size of job updated: 1429876
	1215  -  MemoryUsage of job (MB)
	1243908  -  ResidentSetSize of job (KB)
...
006 (20401.000.000) 02/25 01:33:54 Image size of job updated: 1454412
	1240  -  MemoryUsage of job (MB)
	1268780  -  ResidentSetSize of job (KB)
...
006 (20401.000.000) 02/25 01:43:55 Image size of job updated: 1454412
	1240  -  MemoryUsage of job (MB)
	1269116  -  ResidentSetSize of job (KB)
...
006 (20401.000.000) 02/25 01:53:56 Image size of job updated: 1457440
	1240  -  MemoryUsage of job (MB)
	1269216  -  ResidentSetSize of job (KB)
...
006 (20401.000.000) 02/25 01:58:56 Image size of job updated: 1457452
	1240  -  MemoryUsage of job (MB)
	1269216  -  ResidentSetSize of job (KB)
...
006 (20401.000.000) 02/25 04:25:48 Image size of job updated: 9421920
	1240  -  MemoryUsage of job (MB)
	1269216  -  ResidentSetSize of job (KB)
...
005 (20401.000.000) 02/25 04:25:48 Job terminated.
	(1) Normal termination (return value 0)
		Usr 0 06:18:54, Sys 0 00:01:10  -  Run Remote Usage
		Usr 0 00:00:00, Sys 0 00:00:00  -  Run Local Usage
		Usr 0 06:18:54, Sys 0 00:01:10  -  Total Remote Usage
		Usr 0 00:00:00, Sys 0 00:00:00  -  Total Local Usage
	0  -  Run Bytes Sent By Job
	0  -  Run Bytes Received By Job
	0  -  Total Bytes Sent By Job
	0  -  Total Bytes Received By Job
	Partitionable Resources :    Usage  Request Allocated
	   Cpus                 :                 2         2
	   Disk (KB)            :        1        1   5108735
	   Memory (MB)          :     1240        1         1
...
