DATE: 2016-02-26
TIME: 16:59:44
                                         version_number        8118
 read inlist_1.0
 create pre-main-sequence model
                                                species           8
 abundances
                                                     h1    6.8962900000000005D-01
                                                    he3    3.2896270056879343D-05
                                                    he4    3.0908410372994310D-01
                                                    c12    2.1578898529791085D-04
                                                    n14    6.3211540886653881D-05
                                                    o16    5.8690000239306525D-04
                                                   ne20    1.3163613884604010D-04
                                                   mg24    2.5646333257630738D-04


                                        relax_num_steps


                               finished relax_num_steps

 new_lnPgas_flag T
                                        relax_initial_Z    1.2539999999999999D-03
                                                  new z    1.2540000000000016D-03
                                        relax_initial_Y    3.0911699999999998D-01
                                                  new y    3.0911699999999964D-01
 net name basic.net
 do_element_diffusion T
 lnPgas_flag T
 kappa_file_prefix gs98
 kappa_lowT_prefix lowT_fa05_gs98
   eos_file_prefix mesa
                                        OMP_NUM_THREADS           1



stop because Lnuc_div_L >= Lnuc_div_L_zams_limit
    0.1001537683E+01    0.9990000000E+00

        817   7.146141   6330.770  -0.078892  -0.078892   0.812912   0.812912   0.689282   0.000098   0.309116   0.689539  -1.466636    788      0
   5.750154   2.028746  -0.119177 -46.324385  -1.688153 -99.000000   0.000000   0.309459   0.000587   0.001254   0.309206   0.085635      4      0
 2.2514E+07  17.303028  -0.079559 -99.000000   4.764506  -6.835940   0.000000   0.000186   0.000132  1.259E-03  1.255E-03 -0.138E-10  max increase

save photos/x817 for model 817
save final_profile.data write fgong_plot.data
                               s% atm_structure_num_pts          58
save final_profile.data.FGONG    817
 final_profile.data.FGONG for model 817
 saved to zams.mod
termination code: Lnuc_div_L_zams_limit

       runtime, prev time, retries, backups, steps         7.3        28.2         0         0       817
        817   7.146141   6330.770  -0.078892  -0.078892   0.812912   0.812912   0.689282   0.000098   0.309116   0.689539  -1.466636    788      0
   5.750154   2.028746  -0.119177 -46.324385  -1.688153 -99.000000   0.000000   0.309459   0.000587   0.001254   0.309206   0.085635      4      0
 2.2514E+07  17.303028  -0.079559 -99.000000   4.764506  -6.835940   0.000000   0.000186   0.000132  1.259E-03  1.255E-03 -0.138E-10  max increase

DATE: 2016-02-26
TIME: 17:08:48
DATE: 2016-02-26
TIME: 17:08:48
                                         version_number        8118
 read inlist_1.0
load saved model zams.mod

 new_lnPgas_flag T
 net name basic.net
 do_element_diffusion T
 lnPgas_flag T
                       which_atm_option: Eddington_grey
 kappa_file_prefix gs98
 kappa_lowT_prefix lowT_fa05_gs98
   eos_file_prefix mesa
                                        OMP_NUM_THREADS           1


__________________________________________________________________________________________________________________________________________________

       step    lg_Tcntr    Teff       lg_LH     lg_Lnuc     Mass       H_rich     H_cntr     N_cntr     Y_surf     X_avg     eta_cntr  zones retry
   lg_dt_yr    lg_Dcntr    lg_R       lg_L3a    lg_Lneu     lg_Mdot    He_core    He_cntr    O_cntr     Z_surf     Y_avg     gam_cntr  iters bckup
     age_yr    lg_Pcntr    lg_L       lg_LZ     lg_Psurf    lg_Dsurf   C_core     C_cntr     Ne_cntr    Z_cntr     Z_avg     v_div_cs     dt_limit
__________________________________________________________________________________________________________________________________________________

