DATE: 2016-02-26
TIME: 16:59:25
                                         version_number        8118
 read inlist_1.0
 create pre-main-sequence model
                                                species           8
 abundances
                                                     h1    6.9149799999999995D-01
                                                    he3    3.2745153478105712D-05
                                                    he4    3.0766425484652193D-01
                                                    c12    1.3852482708519409D-04
                                                    n14    4.0578381510176081D-05
                                                    o16    3.7675797601790964D-04
                                                   ne20    8.4503262975336142D-05
                                                   mg24    1.6463555241143972D-04


                                        relax_num_steps


                               finished relax_num_steps

 new_lnPgas_flag T
                                        relax_initial_Z    8.0500000000000005D-04
                                                  new z    8.0500000000041183D-04
                                        relax_initial_Y    3.0769700000000000D-01
                                                  new y    3.0769700000000005D-01
 net name basic.net
 do_element_diffusion T
 lnPgas_flag T
 kappa_file_prefix gs98
 kappa_lowT_prefix lowT_fa05_gs98
   eos_file_prefix mesa
                                        OMP_NUM_THREADS           1



stop because Lnuc_div_L >= Lnuc_div_L_zams_limit
    0.1000248012E+01    0.9990000000E+00

        968   7.279155   9149.697   0.755382   0.755382   1.246982   1.246982   0.690736   0.000201   0.089238   0.691264  -1.929121    894      0
   5.820886   2.039010  -0.021660 -39.718139  -0.783068 -99.000000   0.000000   0.308436   0.000376   0.000063   0.307924   0.063489      2      0
 1.1127E+07  17.445729   0.755274 -99.000000   3.242891  -8.675228   0.000000   0.000001   0.000085  8.279E-04  8.119E-04  0.108E-11  max increase

save photos/x968 for model 968
save final_profile.data write fgong_plot.data
                               s% atm_structure_num_pts          41
save final_profile.data.FGONG    968
 final_profile.data.FGONG for model 968
 saved to zams.mod
termination code: Lnuc_div_L_zams_limit

       runtime, prev time, retries, backups, steps         9.2        28.2         0         0       968
        968   7.279155   9149.697   0.755382   0.755382   1.246982   1.246982   0.690736   0.000201   0.089238   0.691264  -1.929121    894      0
   5.820886   2.039010  -0.021660 -39.718139  -0.783068 -99.000000   0.000000   0.308436   0.000376   0.000063   0.307924   0.063489      2      0
 1.1127E+07  17.445729   0.755274 -99.000000   3.242891  -8.675228   0.000000   0.000001   0.000085  8.279E-04  8.119E-04  0.108E-11  max increase

DATE: 2016-02-26
TIME: 17:10:41
DATE: 2016-02-26
TIME: 17:10:41
                                         version_number        8118
 read inlist_1.0
load saved model zams.mod

 new_lnPgas_flag T
 net name basic.net
 do_element_diffusion T
 lnPgas_flag T
                       which_atm_option: Eddington_grey
 kappa_file_prefix gs98
 kappa_lowT_prefix lowT_fa05_gs98
   eos_file_prefix mesa
                                        OMP_NUM_THREADS           1


__________________________________________________________________________________________________________________________________________________

       step    lg_Tcntr    Teff       lg_LH     lg_Lnuc     Mass       H_rich     H_cntr     N_cntr     Y_surf     X_avg     eta_cntr  zones retry
   lg_dt_yr    lg_Dcntr    lg_R       lg_L3a    lg_Lneu     lg_Mdot    He_core    He_cntr    O_cntr     Z_surf     Y_avg     gam_cntr  iters bckup
     age_yr    lg_Pcntr    lg_L       lg_LZ     lg_Psurf    lg_Dsurf   C_core     C_cntr     Ne_cntr    Z_cntr     Z_avg     v_div_cs     dt_limit
__________________________________________________________________________________________________________________________________________________

