000 (20876.000.000) 02/24 21:35:21 Job submitted from host: <134.76.239.76:13753?addrs=134.76.239.76-13753>
...
001 (20876.000.000) 02/25 06:06:48 Job executing on host: <134.76.239.79:12046?addrs=134.76.239.79-12046>
...
006 (20876.000.000) 02/25 06:06:56 Image size of job updated: 65708
	3  -  MemoryUsage of job (MB)
	2072  -  ResidentSetSize of job (KB)
...
006 (20876.000.000) 02/25 06:11:56 Image size of job updated: 1144888
	928  -  MemoryUsage of job (MB)
	949452  -  ResidentSetSize of job (KB)
...
006 (20876.000.000) 02/25 06:16:57 Image size of job updated: 1145600
	928  -  MemoryUsage of job (MB)
	949452  -  ResidentSetSize of job (KB)
...
006 (20876.000.000) 02/25 06:21:58 Image size of job updated: 1301844
	1076  -  MemoryUsage of job (MB)
	1100940  -  ResidentSetSize of job (KB)
...
006 (20876.000.000) 02/25 06:26:58 Image size of job updated: 1301844
	1078  -  MemoryUsage of job (MB)
	1103484  -  ResidentSetSize of job (KB)
...
006 (20876.000.000) 02/25 06:31:58 Image size of job updated: 1447328
	1246  -  MemoryUsage of job (MB)
	1275628  -  ResidentSetSize of job (KB)
...
006 (20876.000.000) 02/25 06:36:59 Image size of job updated: 1447328
	1247  -  MemoryUsage of job (MB)
	1275956  -  ResidentSetSize of job (KB)
...
006 (20876.000.000) 02/25 07:02:01 Image size of job updated: 1460996
	1249  -  MemoryUsage of job (MB)
	1278168  -  ResidentSetSize of job (KB)
...
006 (20876.000.000) 02/25 07:07:02 Image size of job updated: 1460996
	1249  -  MemoryUsage of job (MB)
	1278500  -  ResidentSetSize of job (KB)
...
006 (20876.000.000) 02/25 07:12:03 Image size of job updated: 1460996
	1249  -  MemoryUsage of job (MB)
	1278820  -  ResidentSetSize of job (KB)
...
006 (20876.000.000) 02/25 07:17:03 Image size of job updated: 1461004
	1249  -  MemoryUsage of job (MB)
	1278820  -  ResidentSetSize of job (KB)
...
006 (20876.000.000) 02/25 08:25:21 Image size of job updated: 6900976
	1249  -  MemoryUsage of job (MB)
	1278820  -  ResidentSetSize of job (KB)
...
005 (20876.000.000) 02/25 08:25:21 Job terminated.
	(1) Normal termination (return value 0)
		Usr 0 03:44:22, Sys 0 00:00:36  -  Run Remote Usage
		Usr 0 00:00:00, Sys 0 00:00:00  -  Run Local Usage
		Usr 0 03:44:22, Sys 0 00:00:36  -  Total Remote Usage
		Usr 0 00:00:00, Sys 0 00:00:00  -  Total Local Usage
	0  -  Run Bytes Sent By Job
	0  -  Run Bytes Received By Job
	0  -  Total Bytes Sent By Job
	0  -  Total Bytes Received By Job
	Partitionable Resources :    Usage  Request Allocated
	   Cpus                 :                 2         2
	   Disk (KB)            :        1        1   5108662
	   Memory (MB)          :     1249        1         1
...
