000 (20072.000.000) 02/24 21:34:38 Job submitted from host: <134.76.239.76:13753?addrs=134.76.239.76-13753>
...
001 (20072.000.000) 02/24 21:34:54 Job executing on host: <134.76.239.89:24193?addrs=134.76.239.89-24193>
...
006 (20072.000.000) 02/24 21:35:03 Image size of job updated: 45168
	5  -  MemoryUsage of job (MB)
	4292  -  ResidentSetSize of job (KB)
...
006 (20072.000.000) 02/24 21:40:04 Image size of job updated: 1139760
	926  -  MemoryUsage of job (MB)
	947336  -  ResidentSetSize of job (KB)
...
006 (20072.000.000) 02/24 21:45:05 Image size of job updated: 1146568
	926  -  MemoryUsage of job (MB)
	947336  -  ResidentSetSize of job (KB)
...
006 (20072.000.000) 02/24 22:05:07 Image size of job updated: 1274428
	1065  -  MemoryUsage of job (MB)
	1089844  -  ResidentSetSize of job (KB)
...
006 (20072.000.000) 02/24 22:10:07 Image size of job updated: 1274428
	1065  -  MemoryUsage of job (MB)
	1089848  -  ResidentSetSize of job (KB)
...
006 (20072.000.000) 02/24 22:15:08 Image size of job updated: 1280008
	1069  -  MemoryUsage of job (MB)
	1094500  -  ResidentSetSize of job (KB)
...
006 (20072.000.000) 02/24 22:20:08 Image size of job updated: 1280008
	1071  -  MemoryUsage of job (MB)
	1096584  -  ResidentSetSize of job (KB)
...
006 (20072.000.000) 02/24 22:25:08 Image size of job updated: 1491028
	1241  -  MemoryUsage of job (MB)
	1270256  -  ResidentSetSize of job (KB)
...
006 (20072.000.000) 02/24 23:35:16 Image size of job updated: 1491028
	1241  -  MemoryUsage of job (MB)
	1270592  -  ResidentSetSize of job (KB)
...
006 (20072.000.000) 02/24 23:40:17 Image size of job updated: 1491028
	1244  -  MemoryUsage of job (MB)
	1272840  -  ResidentSetSize of job (KB)
...
006 (20072.000.000) 02/25 01:40:30 Image size of job updated: 1491028
	1244  -  MemoryUsage of job (MB)
	1273160  -  ResidentSetSize of job (KB)
...
006 (20072.000.000) 02/25 08:51:15 Image size of job updated: 1491040
	1244  -  MemoryUsage of job (MB)
	1273160  -  ResidentSetSize of job (KB)
...
