000 (20542.000.000) 02/24 21:35:03 Job submitted from host: <134.76.239.76:13753?addrs=134.76.239.76-13753>
...
001 (20542.000.000) 02/25 02:12:40 Job executing on host: <134.76.239.84:12289?addrs=134.76.239.84-12289>
...
006 (20542.000.000) 02/25 02:12:49 Image size of job updated: 1
	3  -  MemoryUsage of job (MB)
	2076  -  ResidentSetSize of job (KB)
...
006 (20542.000.000) 02/25 02:17:50 Image size of job updated: 1144924
	936  -  MemoryUsage of job (MB)
	957664  -  ResidentSetSize of job (KB)
...
006 (20542.000.000) 02/25 02:22:51 Image size of job updated: 1145536
	936  -  MemoryUsage of job (MB)
	957664  -  ResidentSetSize of job (KB)
...
006 (20542.000.000) 02/25 02:32:51 Image size of job updated: 1294344
	1070  -  MemoryUsage of job (MB)
	1095208  -  ResidentSetSize of job (KB)
...
006 (20542.000.000) 02/25 02:37:52 Image size of job updated: 1297896
	1070  -  MemoryUsage of job (MB)
	1095628  -  ResidentSetSize of job (KB)
...
006 (20542.000.000) 02/25 02:42:53 Image size of job updated: 1443380
	1239  -  MemoryUsage of job (MB)
	1268652  -  ResidentSetSize of job (KB)
...
006 (20542.000.000) 02/25 02:47:53 Image size of job updated: 1445416
	1243  -  MemoryUsage of job (MB)
	1272536  -  ResidentSetSize of job (KB)
...
006 (20542.000.000) 02/25 03:12:56 Image size of job updated: 1457096
	1243  -  MemoryUsage of job (MB)
	1272536  -  ResidentSetSize of job (KB)
...
006 (20542.000.000) 02/25 03:22:56 Image size of job updated: 1459132
	1246  -  MemoryUsage of job (MB)
	1275080  -  ResidentSetSize of job (KB)
...
005 (20542.000.000) 02/25 04:34:41 Job terminated.
	(1) Normal termination (return value 0)
		Usr 0 03:52:15, Sys 0 00:00:46  -  Run Remote Usage
		Usr 0 00:00:00, Sys 0 00:00:00  -  Run Local Usage
		Usr 0 03:52:15, Sys 0 00:00:46  -  Total Remote Usage
		Usr 0 00:00:00, Sys 0 00:00:00  -  Total Local Usage
	0  -  Run Bytes Sent By Job
	0  -  Run Bytes Received By Job
	0  -  Total Bytes Sent By Job
	0  -  Total Bytes Received By Job
	Partitionable Resources :    Usage  Request Allocated
	   Cpus                 :                 2         2
	   Disk (KB)            :        1        1   5108551
	   Memory (MB)          :     1246        1         1
...
