DATE: 2016-02-26
TIME: 16:59:39
                                         version_number        8118
 read inlist_1.0
 create pre-main-sequence model
                                                species           8
 abundances
                                                     h1    6.6540800000000011D-01
                                                    he3    3.5290722889560131D-05
                                                    he4    3.3158170927711050D-01
                                                    c12    5.1193957835828205D-04
                                                    n14    1.4996358384194221D-04
                                                    o16    1.3923664331095466D-03
                                                   ne20    3.1229466751751979D-04
                                                   mg24    6.0843573717265988D-04


                                        relax_num_steps


                               finished relax_num_steps

 new_lnPgas_flag T
                                        relax_initial_Z    2.9750000000000002D-03
                                                  new z    2.9750000000008680D-03
                                        relax_initial_Y    3.3161700000000000D-01
                                                  new y    3.3161699999999972D-01
 net name basic.net
 do_element_diffusion T
 lnPgas_flag T
 kappa_file_prefix gs98
 kappa_lowT_prefix lowT_fa05_gs98
   eos_file_prefix mesa
                                        OMP_NUM_THREADS           1



stop because Lnuc_div_L >= Lnuc_div_L_zams_limit
    0.1006001266E+01    0.9990000000E+00

        811   7.127070   5929.353  -0.225372  -0.225372   0.756662   0.756662   0.665071   0.000180   0.331316   0.665334  -1.432462    790      0
   5.652986   2.020815  -0.136484 -47.256099  -1.843622 -99.000000   0.000000   0.331949   0.001393   0.002972   0.331690   0.089993      4      0
 2.8030E+07  17.267803  -0.227971 -99.000000   4.953243  -6.609794   0.000000   0.000486   0.000312  2.980E-03  2.976E-03 -0.284E-10    varcontrol

save photos/x811 for model 811
save final_profile.data write fgong_plot.data
                               s% atm_structure_num_pts          61
save final_profile.data.FGONG    811
 final_profile.data.FGONG for model 811
 saved to zams.mod
termination code: Lnuc_div_L_zams_limit

       runtime, prev time, retries, backups, steps         7.9        28.2         0         0       811
        811   7.127070   5929.353  -0.225372  -0.225372   0.756662   0.756662   0.665071   0.000180   0.331316   0.665334  -1.432462    790      0
   5.652986   2.020815  -0.136484 -47.256099  -1.843622 -99.000000   0.000000   0.331949   0.001393   0.002972   0.331690   0.089993      4      0
 2.8030E+07  17.267803  -0.227971 -99.000000   4.953243  -6.609794   0.000000   0.000486   0.000312  2.980E-03  2.976E-03 -0.284E-10    varcontrol

DATE: 2016-02-26
TIME: 17:09:24
DATE: 2016-02-26
TIME: 17:09:25
                                         version_number        8118
 read inlist_1.0
load saved model zams.mod

 new_lnPgas_flag T
 net name basic.net
 do_element_diffusion T
 lnPgas_flag T
                       which_atm_option: Eddington_grey
 kappa_file_prefix gs98
 kappa_lowT_prefix lowT_fa05_gs98
   eos_file_prefix mesa
                                        OMP_NUM_THREADS           1


__________________________________________________________________________________________________________________________________________________

       step    lg_Tcntr    Teff       lg_LH     lg_Lnuc     Mass       H_rich     H_cntr     N_cntr     Y_surf     X_avg     eta_cntr  zones retry
   lg_dt_yr    lg_Dcntr    lg_R       lg_L3a    lg_Lneu     lg_Mdot    He_core    He_cntr    O_cntr     Z_surf     Y_avg     gam_cntr  iters bckup
     age_yr    lg_Pcntr    lg_L       lg_LZ     lg_Psurf    lg_Dsurf   C_core     C_cntr     Ne_cntr    Z_cntr     Z_avg     v_div_cs     dt_limit
__________________________________________________________________________________________________________________________________________________

