000 (20409.000.000) 02/24 21:34:57 Job submitted from host: <134.76.239.76:13753?addrs=134.76.239.76-13753>
...
001 (20409.000.000) 02/25 00:44:40 Job executing on host: <134.76.239.86:20177?addrs=134.76.239.86-20177>
...
006 (20409.000.000) 02/25 00:44:49 Image size of job updated: 209736
	80  -  MemoryUsage of job (MB)
	81560  -  ResidentSetSize of job (KB)
...
006 (20409.000.000) 02/25 00:49:50 Image size of job updated: 1145808
	934  -  MemoryUsage of job (MB)
	955932  -  ResidentSetSize of job (KB)
...
006 (20409.000.000) 02/25 00:54:50 Image size of job updated: 1146944
	934  -  MemoryUsage of job (MB)
	955932  -  ResidentSetSize of job (KB)
...
006 (20409.000.000) 02/25 01:14:51 Image size of job updated: 1294668
	1060  -  MemoryUsage of job (MB)
	1085368  -  ResidentSetSize of job (KB)
...
006 (20409.000.000) 02/25 01:39:55 Image size of job updated: 1294668
	1061  -  MemoryUsage of job (MB)
	1085700  -  ResidentSetSize of job (KB)
...
006 (20409.000.000) 02/25 01:49:55 Image size of job updated: 1294968
	1061  -  MemoryUsage of job (MB)
	1086000  -  ResidentSetSize of job (KB)
...
006 (20409.000.000) 02/25 01:59:57 Image size of job updated: 1440452
	1229  -  MemoryUsage of job (MB)
	1257804  -  ResidentSetSize of job (KB)
...
006 (20409.000.000) 02/25 02:09:58 Image size of job updated: 1440452
	1229  -  MemoryUsage of job (MB)
	1258132  -  ResidentSetSize of job (KB)
...
006 (20409.000.000) 02/25 02:14:59 Image size of job updated: 1440452
	1229  -  MemoryUsage of job (MB)
	1258140  -  ResidentSetSize of job (KB)
...
006 (20409.000.000) 02/25 02:19:59 Image size of job updated: 1440880
	1229  -  MemoryUsage of job (MB)
	1258148  -  ResidentSetSize of job (KB)
...
006 (20409.000.000) 02/25 02:25:00 Image size of job updated: 1441620
	1229  -  MemoryUsage of job (MB)
	1258468  -  ResidentSetSize of job (KB)
...
006 (20409.000.000) 02/25 02:30:01 Image size of job updated: 1444648
	1231  -  MemoryUsage of job (MB)
	1260528  -  ResidentSetSize of job (KB)
...
006 (20409.000.000) 02/25 02:35:01 Image size of job updated: 1444648
	1232  -  MemoryUsage of job (MB)
	1260868  -  ResidentSetSize of job (KB)
...
006 (20409.000.000) 02/25 02:45:03 Image size of job updated: 1444648
	1233  -  MemoryUsage of job (MB)
	1262244  -  ResidentSetSize of job (KB)
...
006 (20409.000.000) 02/25 02:50:03 Image size of job updated: 1446636
	1235  -  MemoryUsage of job (MB)
	1264548  -  ResidentSetSize of job (KB)
...
006 (20409.000.000) 02/25 02:55:03 Image size of job updated: 1446644
	1235  -  MemoryUsage of job (MB)
	1264548  -  ResidentSetSize of job (KB)
...
006 (20409.000.000) 02/25 03:55:10 Image size of job updated: 1446644
	1241  -  MemoryUsage of job (MB)
	1270260  -  ResidentSetSize of job (KB)
...
006 (20409.000.000) 02/25 04:00:10 Image size of job updated: 1446644
	1241  -  MemoryUsage of job (MB)
	1270264  -  ResidentSetSize of job (KB)
...
006 (20409.000.000) 02/25 04:05:11 Image size of job updated: 1446644
	1241  -  MemoryUsage of job (MB)
	1270596  -  ResidentSetSize of job (KB)
...
006 (20409.000.000) 02/25 04:10:12 Image size of job updated: 1446644
	1241  -  MemoryUsage of job (MB)
	1270604  -  ResidentSetSize of job (KB)
...
006 (20409.000.000) 02/25 04:15:12 Image size of job updated: 1446644
	1241  -  MemoryUsage of job (MB)
	1270608  -  ResidentSetSize of job (KB)
...
006 (20409.000.000) 02/25 04:20:12 Image size of job updated: 1446644
	1242  -  MemoryUsage of job (MB)
	1271108  -  ResidentSetSize of job (KB)
...
006 (20409.000.000) 02/25 04:25:13 Image size of job updated: 1446644
	1242  -  MemoryUsage of job (MB)
	1271188  -  ResidentSetSize of job (KB)
...
006 (20409.000.000) 02/25 04:30:14 Image size of job updated: 1446644
	1242  -  MemoryUsage of job (MB)
	1271532  -  ResidentSetSize of job (KB)
...
006 (20409.000.000) 02/25 04:35:14 Image size of job updated: 1446644
	1242  -  MemoryUsage of job (MB)
	1271536  -  ResidentSetSize of job (KB)
...
006 (20409.000.000) 02/25 04:40:15 Image size of job updated: 1446644
	1244  -  MemoryUsage of job (MB)
	1272912  -  ResidentSetSize of job (KB)
...
006 (20409.000.000) 02/25 04:45:16 Image size of job updated: 1446884
	1246  -  MemoryUsage of job (MB)
	1275652  -  ResidentSetSize of job (KB)
...
006 (20409.000.000) 02/25 04:50:16 Image size of job updated: 1446884
	1246  -  MemoryUsage of job (MB)
	1275764  -  ResidentSetSize of job (KB)
...
006 (20409.000.000) 02/25 04:55:16 Image size of job updated: 1446896
	1246  -  MemoryUsage of job (MB)
	1275764  -  ResidentSetSize of job (KB)
...
006 (20409.000.000) 02/25 06:12:12 Image size of job updated: 8606616
	1246  -  MemoryUsage of job (MB)
	1275764  -  ResidentSetSize of job (KB)
...
005 (20409.000.000) 02/25 06:12:12 Job terminated.
	(1) Normal termination (return value 0)
		Usr 0 09:13:31, Sys 0 00:01:54  -  Run Remote Usage
		Usr 0 00:00:00, Sys 0 00:00:00  -  Run Local Usage
		Usr 0 09:13:31, Sys 0 00:01:54  -  Total Remote Usage
		Usr 0 00:00:00, Sys 0 00:00:00  -  Total Local Usage
	0  -  Run Bytes Sent By Job
	0  -  Run Bytes Received By Job
	0  -  Total Bytes Sent By Job
	0  -  Total Bytes Received By Job
	Partitionable Resources :    Usage  Request Allocated
	   Cpus                 :                 2         2
	   Disk (KB)            :        1        1   5108731
	   Memory (MB)          :     1246        1         1
...
