DATE: 2016-02-26
TIME: 16:59:43
                                         version_number        8118
 read inlist_1.0
 create pre-main-sequence model
                                                species           8
 abundances
                                                     h1    6.8492999999999993D-01
                                                    he3    3.3418580034781440D-05
                                                    he4    3.1399158141996519D-01
                                                    c12    1.7982415441492250D-04
                                                    n14    5.2676284072210621D-05
                                                    o16    4.8908333532754554D-04
                                                   ne20    1.0969678237169811D-04
                                                   mg24    2.1371944381358567D-04


                                        relax_num_steps


                               finished relax_num_steps

 new_lnPgas_flag T
                                        relax_initial_Z    1.0449999999999999D-03
                                                  new z    1.0450000000001894D-03
                                        relax_initial_Y    3.1402500000000000D-01
                                                  new y    3.1402499999999989D-01
 net name basic.net
 do_element_diffusion T
 lnPgas_flag T
 kappa_file_prefix gs98
 kappa_lowT_prefix lowT_fa05_gs98
   eos_file_prefix mesa
                                        OMP_NUM_THREADS           1



stop because Lnuc_div_L >= Lnuc_div_L_zams_limit
    0.1002444316E+01    0.9990000000E+00

        988   7.329990  1.075E+04   1.079180   1.079180   1.480771   1.480771   0.684230   0.000263   0.303399   0.684785  -2.120551    898      0
   5.248332   2.037695   0.000030 -37.320882  -0.310848 -99.000000   0.000000   0.314695   0.000486   0.000975   0.314162   0.056589      2      0
 6.0897E+06  17.492854   1.078120 -13.972319   3.088998  -8.987013   0.000000   0.000002   0.000110  1.074E-03  1.052E-03 -0.249E-10  max increase

save photos/x988 for model 988
save final_profile.data write fgong_plot.data
                               s% atm_structure_num_pts          40
save final_profile.data.FGONG    988
 final_profile.data.FGONG for model 988
 saved to zams.mod
termination code: Lnuc_div_L_zams_limit

       runtime, prev time, retries, backups, steps        11.1        28.2         0         0       988
        988   7.329990  1.075E+04   1.079180   1.079180   1.480771   1.480771   0.684230   0.000263   0.303399   0.684785  -2.120551    898      0
   5.248332   2.037695   0.000030 -37.320882  -0.310848 -99.000000   0.000000   0.314695   0.000486   0.000975   0.314162   0.056589      2      0
 6.0897E+06  17.492854   1.078120 -13.972319   3.088998  -8.987013   0.000000   0.000002   0.000110  1.074E-03  1.052E-03 -0.249E-10  max increase

DATE: 2016-02-26
TIME: 17:12:46
DATE: 2016-02-26
TIME: 17:12:46
                                         version_number        8118
 read inlist_1.0
load saved model zams.mod

 new_lnPgas_flag T
 net name basic.net
 do_element_diffusion T
 lnPgas_flag T
                       which_atm_option: Eddington_grey
 kappa_file_prefix gs98
 kappa_lowT_prefix lowT_fa05_gs98
   eos_file_prefix mesa
                                        OMP_NUM_THREADS           1


__________________________________________________________________________________________________________________________________________________

       step    lg_Tcntr    Teff       lg_LH     lg_Lnuc     Mass       H_rich     H_cntr     N_cntr     Y_surf     X_avg     eta_cntr  zones retry
   lg_dt_yr    lg_Dcntr    lg_R       lg_L3a    lg_Lneu     lg_Mdot    He_core    He_cntr    O_cntr     Z_surf     Y_avg     gam_cntr  iters bckup
     age_yr    lg_Pcntr    lg_L       lg_LZ     lg_Psurf    lg_Dsurf   C_core     C_cntr     Ne_cntr    Z_cntr     Z_avg     v_div_cs     dt_limit
__________________________________________________________________________________________________________________________________________________

