DATE: 2016-02-26
TIME: 16:59:46
                                         version_number        8118
 read inlist_1.0
 create pre-main-sequence model
                                                species           8
 abundances
                                                     h1    6.5324900000000008D-01
                                                    he3    3.4692109681389939D-05
                                                    he4    3.2595730789031868D-01
                                                    c12    3.5722197334923499D-03
                                                    n14    1.0464181636890512D-03
                                                    o16    9.7156755579568162D-03
                                                   ne20    2.1791344547886704D-03
                                                   mg24    4.2455520900730884D-03


                                        relax_num_steps


                               finished relax_num_steps

 new_lnPgas_flag T
                                        relax_initial_Z    2.0759000000000000D-02
                                                  new z    2.0758999999999243D-02
                                        relax_initial_Y    3.2599200000000000D-01
                                                  new y    3.2599200000000017D-01
 net name basic.net
 do_element_diffusion T
 lnPgas_flag T
 kappa_file_prefix gs98
 kappa_lowT_prefix lowT_fa05_gs98
   eos_file_prefix mesa
                                        OMP_NUM_THREADS           1



stop because Lnuc_div_L >= Lnuc_div_L_zams_limit
    0.1002505602E+01    0.9990000000E+00

        828   7.153059   5754.835  -0.069384  -0.069384   0.995724   0.995724   0.652874   0.001632   0.325992   0.653160  -1.864235    815      0
   5.777648   1.887461  -0.031785 -46.170938  -1.546865 -99.000000   0.000000   0.326283   0.009716   0.020759   0.326066   0.077553      4      0
 3.2869E+07  17.153556  -0.070471 -99.000000   4.801615  -6.740640   0.000000   0.003071   0.002179  2.084E-02  2.077E-02 -0.230E-10  max increase

save photos/x828 for model 828
save final_profile.data write fgong_plot.data
                               s% atm_structure_num_pts          80
save final_profile.data.FGONG    828
 final_profile.data.FGONG for model 828
 saved to zams.mod
termination code: Lnuc_div_L_zams_limit

       runtime, prev time, retries, backups, steps         7.9        28.2         0         0       828
        828   7.153059   5754.835  -0.069384  -0.069384   0.995724   0.995724   0.652874   0.001632   0.325992   0.653160  -1.864235    815      0
   5.777648   1.887461  -0.031785 -46.170938  -1.546865 -99.000000   0.000000   0.326283   0.009716   0.020759   0.326066   0.077553      4      0
 3.2869E+07  17.153556  -0.070471 -99.000000   4.801615  -6.740640   0.000000   0.003071   0.002179  2.084E-02  2.077E-02 -0.230E-10  max increase

DATE: 2016-02-26
TIME: 17:09:29
DATE: 2016-02-26
TIME: 17:09:29
                                         version_number        8118
 read inlist_1.0
load saved model zams.mod

 new_lnPgas_flag T
 net name basic.net
 do_element_diffusion T
 lnPgas_flag T
                       which_atm_option: Eddington_grey
 kappa_file_prefix gs98
 kappa_lowT_prefix lowT_fa05_gs98
   eos_file_prefix mesa
                                        OMP_NUM_THREADS           1


__________________________________________________________________________________________________________________________________________________

       step    lg_Tcntr    Teff       lg_LH     lg_Lnuc     Mass       H_rich     H_cntr     N_cntr     Y_surf     X_avg     eta_cntr  zones retry
   lg_dt_yr    lg_Dcntr    lg_R       lg_L3a    lg_Lneu     lg_Mdot    He_core    He_cntr    O_cntr     Z_surf     Y_avg     gam_cntr  iters bckup
     age_yr    lg_Pcntr    lg_L       lg_LZ     lg_Psurf    lg_Dsurf   C_core     C_cntr     Ne_cntr    Z_cntr     Z_avg     v_div_cs     dt_limit
__________________________________________________________________________________________________________________________________________________

