000 (20726.000.000) 02/24 21:35:13 Job submitted from host: <134.76.239.76:13753?addrs=134.76.239.76-13753>
...
001 (20726.000.000) 02/25 04:18:46 Job executing on host: <134.76.239.91:19968?addrs=134.76.239.91-19968>
...
006 (20726.000.000) 02/25 04:18:55 Image size of job updated: 1
	3  -  MemoryUsage of job (MB)
	2068  -  ResidentSetSize of job (KB)
...
006 (20726.000.000) 02/25 04:23:56 Image size of job updated: 1146108
	934  -  MemoryUsage of job (MB)
	955680  -  ResidentSetSize of job (KB)
...
006 (20726.000.000) 02/25 04:28:56 Image size of job updated: 1146108
	976  -  MemoryUsage of job (MB)
	999020  -  ResidentSetSize of job (KB)
...
006 (20726.000.000) 02/25 04:33:56 Image size of job updated: 1146108
	976  -  MemoryUsage of job (MB)
	999024  -  ResidentSetSize of job (KB)
...
006 (20726.000.000) 02/25 04:38:57 Image size of job updated: 1146108
	976  -  MemoryUsage of job (MB)
	999036  -  ResidentSetSize of job (KB)
...
006 (20726.000.000) 02/25 04:48:58 Image size of job updated: 1307772
	1133  -  MemoryUsage of job (MB)
	1159464  -  ResidentSetSize of job (KB)
...
006 (20726.000.000) 02/25 05:04:00 Image size of job updated: 1307772
	1133  -  MemoryUsage of job (MB)
	1159736  -  ResidentSetSize of job (KB)
...
006 (20726.000.000) 02/25 05:24:01 Image size of job updated: 1494256
	1277  -  MemoryUsage of job (MB)
	1307012  -  ResidentSetSize of job (KB)
...
006 (20726.000.000) 02/25 05:29:02 Image size of job updated: 1494256
	1277  -  MemoryUsage of job (MB)
	1307340  -  ResidentSetSize of job (KB)
...
006 (20726.000.000) 02/25 05:34:03 Image size of job updated: 1494256
	1277  -  MemoryUsage of job (MB)
	1307348  -  ResidentSetSize of job (KB)
...
006 (20726.000.000) 02/25 05:44:04 Image size of job updated: 1494680
	1277  -  MemoryUsage of job (MB)
	1307356  -  ResidentSetSize of job (KB)
...
006 (20726.000.000) 02/25 05:49:05 Image size of job updated: 1494680
	1277  -  MemoryUsage of job (MB)
	1307484  -  ResidentSetSize of job (KB)
...
006 (20726.000.000) 02/25 05:54:05 Image size of job updated: 1494680
	1278  -  MemoryUsage of job (MB)
	1307672  -  ResidentSetSize of job (KB)
...
006 (20726.000.000) 02/25 05:59:05 Image size of job updated: 1494680
	1278  -  MemoryUsage of job (MB)
	1307676  -  ResidentSetSize of job (KB)
...
006 (20726.000.000) 02/25 06:04:06 Image size of job updated: 1543752
	1325  -  MemoryUsage of job (MB)
	1356748  -  ResidentSetSize of job (KB)
...
006 (20726.000.000) 02/25 06:09:07 Image size of job updated: 1543752
	1326  -  MemoryUsage of job (MB)
	1357160  -  ResidentSetSize of job (KB)
...
006 (20726.000.000) 02/25 06:14:07 Image size of job updated: 1543752
	1326  -  MemoryUsage of job (MB)
	1357164  -  ResidentSetSize of job (KB)
...
006 (20726.000.000) 02/25 06:24:09 Image size of job updated: 1546812
	1326  -  MemoryUsage of job (MB)
	1357164  -  ResidentSetSize of job (KB)
...
006 (20726.000.000) 02/25 08:09:19 Image size of job updated: 1546812
	1327  -  MemoryUsage of job (MB)
	1358024  -  ResidentSetSize of job (KB)
...
006 (20726.000.000) 02/25 08:14:19 Image size of job updated: 1546812
	1327  -  MemoryUsage of job (MB)
	1358032  -  ResidentSetSize of job (KB)
...
006 (20726.000.000) 02/25 08:19:20 Image size of job updated: 1546812
	1327  -  MemoryUsage of job (MB)
	1358104  -  ResidentSetSize of job (KB)
...
006 (20726.000.000) 02/25 08:24:20 Image size of job updated: 1546820
	1327  -  MemoryUsage of job (MB)
	1358180  -  ResidentSetSize of job (KB)
...
006 (20726.000.000) 02/25 09:35:38 Image size of job updated: 12636248
	1327  -  MemoryUsage of job (MB)
	1358180  -  ResidentSetSize of job (KB)
...
005 (20726.000.000) 02/25 09:35:38 Job terminated.
	(1) Normal termination (return value 127)
		Usr 0 08:52:41, Sys 0 00:01:36  -  Run Remote Usage
		Usr 0 00:00:00, Sys 0 00:00:00  -  Run Local Usage
		Usr 0 08:52:41, Sys 0 00:01:36  -  Total Remote Usage
		Usr 0 00:00:00, Sys 0 00:00:00  -  Total Local Usage
	0  -  Run Bytes Sent By Job
	0  -  Run Bytes Received By Job
	0  -  Total Bytes Sent By Job
	0  -  Total Bytes Received By Job
	Partitionable Resources :    Usage  Request Allocated
	   Cpus                 :                 2         2
	   Disk (KB)            :        1        1   5108681
	   Memory (MB)          :     1327        1         1
...
