DATE: 2016-02-26
TIME: 16:59:32
                                         version_number        8118
 read inlist_1.0
 create pre-main-sequence model
                                                species           8
 abundances
                                                     h1    7.5240600000000002D-01
                                                    he3    2.6260123846198981D-05
                                                    he4    2.4673273987615382D-01
                                                    c12    1.4368724300138866D-04
                                                    n14    4.2090619330424109D-05
                                                    o16    3.9079864593155573D-04
                                                   ne20    8.7652452899868277D-05
                                                   mg24    1.7077103883668236D-04


                                        relax_num_steps


                               finished relax_num_steps

 new_lnPgas_flag T
                                        relax_initial_Z    8.3500000000000002D-04
                                                  new z    8.3500000000012687D-04
                                        relax_initial_Y    2.4675900000000001D-01
                                                  new y    2.4675899999999990D-01
 net name basic.net
 do_element_diffusion T
 lnPgas_flag T
 kappa_file_prefix gs98
 kappa_lowT_prefix lowT_fa05_gs98
   eos_file_prefix mesa
                                        OMP_NUM_THREADS           1



stop because Lnuc_div_L >= Lnuc_div_L_zams_limit
    0.1000251109E+01    0.9990000000E+00

        936   7.264132   8836.564   0.736049   0.736049   1.324326   1.324326   0.751539   0.000209   0.121508   0.752188  -1.912026    885      0
   5.817895   2.007710  -0.001081 -40.742928  -0.851334 -99.000000   0.000000   0.247602   0.000390   0.000133   0.246973   0.062549      2      0
 1.1676E+07  17.419199   0.735940 -99.000000   3.343700  -8.527591   0.000000   0.000001   0.000088  8.588E-04  8.400E-04  0.994E-12  max increase

save photos/x936 for model 936
save final_profile.data write fgong_plot.data
                               s% atm_structure_num_pts          43
save final_profile.data.FGONG    936
 final_profile.data.FGONG for model 936
 saved to zams.mod
termination code: Lnuc_div_L_zams_limit

       runtime, prev time, retries, backups, steps         8.6        28.2         0         0       936
        936   7.264132   8836.564   0.736049   0.736049   1.324326   1.324326   0.751539   0.000209   0.121508   0.752188  -1.912026    885      0
   5.817895   2.007710  -0.001081 -40.742928  -0.851334 -99.000000   0.000000   0.247602   0.000390   0.000133   0.246973   0.062549      2      0
 1.1676E+07  17.419199   0.735940 -99.000000   3.343700  -8.527591   0.000000   0.000001   0.000088  8.588E-04  8.400E-04  0.994E-12  max increase

DATE: 2016-02-26
TIME: 17:10:04
DATE: 2016-02-26
TIME: 17:10:04
                                         version_number        8118
 read inlist_1.0
load saved model zams.mod

 new_lnPgas_flag T
 net name basic.net
 do_element_diffusion T
 lnPgas_flag T
                       which_atm_option: Eddington_grey
 kappa_file_prefix gs98
 kappa_lowT_prefix lowT_fa05_gs98
   eos_file_prefix mesa
                                        OMP_NUM_THREADS           1


__________________________________________________________________________________________________________________________________________________

       step    lg_Tcntr    Teff       lg_LH     lg_Lnuc     Mass       H_rich     H_cntr     N_cntr     Y_surf     X_avg     eta_cntr  zones retry
   lg_dt_yr    lg_Dcntr    lg_R       lg_L3a    lg_Lneu     lg_Mdot    He_core    He_cntr    O_cntr     Z_surf     Y_avg     gam_cntr  iters bckup
     age_yr    lg_Pcntr    lg_L       lg_LZ     lg_Psurf    lg_Dsurf   C_core     C_cntr     Ne_cntr    Z_cntr     Z_avg     v_div_cs     dt_limit
__________________________________________________________________________________________________________________________________________________

