000 (20862.000.000) 02/24 21:35:20 Job submitted from host: <134.76.239.76:13753?addrs=134.76.239.76-13753>
...
001 (20862.000.000) 02/25 05:56:48 Job executing on host: <134.76.239.80:23833?addrs=134.76.239.80-23833>
...
006 (20862.000.000) 02/25 05:56:56 Image size of job updated: 1
	3  -  MemoryUsage of job (MB)
	2076  -  ResidentSetSize of job (KB)
...
006 (20862.000.000) 02/25 06:01:56 Image size of job updated: 1145396
	924  -  MemoryUsage of job (MB)
	946084  -  ResidentSetSize of job (KB)
...
006 (20862.000.000) 02/25 06:06:56 Image size of job updated: 1145872
	924  -  MemoryUsage of job (MB)
	946084  -  ResidentSetSize of job (KB)
...
006 (20862.000.000) 02/25 06:21:57 Image size of job updated: 1243556
	1074  -  MemoryUsage of job (MB)
	1099096  -  ResidentSetSize of job (KB)
...
006 (20862.000.000) 02/25 06:26:58 Image size of job updated: 1243556
	1074  -  MemoryUsage of job (MB)
	1099424  -  ResidentSetSize of job (KB)
...
006 (20862.000.000) 02/25 06:31:59 Image size of job updated: 1243556
	1074  -  MemoryUsage of job (MB)
	1099428  -  ResidentSetSize of job (KB)
...
006 (20862.000.000) 02/25 06:36:59 Image size of job updated: 1454576
	1303  -  MemoryUsage of job (MB)
	1334112  -  ResidentSetSize of job (KB)
...
006 (20862.000.000) 02/25 06:42:00 Image size of job updated: 1454576
	1304  -  MemoryUsage of job (MB)
	1334432  -  ResidentSetSize of job (KB)
...
006 (20862.000.000) 02/25 06:47:01 Image size of job updated: 1458228
	1306  -  MemoryUsage of job (MB)
	1336500  -  ResidentSetSize of job (KB)
...
006 (20862.000.000) 02/25 06:52:01 Image size of job updated: 1458228
	1306  -  MemoryUsage of job (MB)
	1336616  -  ResidentSetSize of job (KB)
...
006 (20862.000.000) 02/25 06:57:01 Image size of job updated: 1523764
	1306  -  MemoryUsage of job (MB)
	1336936  -  ResidentSetSize of job (KB)
...
006 (20862.000.000) 02/25 07:02:02 Image size of job updated: 1523764
	1307  -  MemoryUsage of job (MB)
	1338068  -  ResidentSetSize of job (KB)
...
006 (20862.000.000) 02/25 07:07:03 Image size of job updated: 1523764
	1308  -  MemoryUsage of job (MB)
	1338376  -  ResidentSetSize of job (KB)
...
006 (20862.000.000) 02/25 07:47:06 Image size of job updated: 1533280
	1308  -  MemoryUsage of job (MB)
	1338376  -  ResidentSetSize of job (KB)
...
006 (20862.000.000) 02/25 07:52:07 Image size of job updated: 1536424
	1308  -  MemoryUsage of job (MB)
	1338376  -  ResidentSetSize of job (KB)
...
005 (20862.000.000) 02/25 09:06:38 Job terminated.
	(1) Normal termination (return value 0)
		Usr 0 05:14:32, Sys 0 00:00:49  -  Run Remote Usage
		Usr 0 00:00:00, Sys 0 00:00:00  -  Run Local Usage
		Usr 0 05:14:32, Sys 0 00:00:49  -  Total Remote Usage
		Usr 0 00:00:00, Sys 0 00:00:00  -  Total Local Usage
	0  -  Run Bytes Sent By Job
	0  -  Run Bytes Received By Job
	0  -  Total Bytes Sent By Job
	0  -  Total Bytes Received By Job
	Partitionable Resources :    Usage  Request Allocated
	   Cpus                 :                 2         2
	   Disk (KB)            :        1        1   5045756
	   Memory (MB)          :     1308        1         1
...
