000 (20469.000.000) 02/24 21:34:59 Job submitted from host: <134.76.239.76:13753?addrs=134.76.239.76-13753>
...
001 (20469.000.000) 02/25 01:21:39 Job executing on host: <134.76.239.89:24193?addrs=134.76.239.89-24193>
...
006 (20469.000.000) 02/25 01:21:48 Image size of job updated: 1
	3  -  MemoryUsage of job (MB)
	2068  -  ResidentSetSize of job (KB)
...
006 (20469.000.000) 02/25 01:26:49 Image size of job updated: 1145820
	924  -  MemoryUsage of job (MB)
	945924  -  ResidentSetSize of job (KB)
...
006 (20469.000.000) 02/25 01:31:49 Image size of job updated: 1242620
	1073  -  MemoryUsage of job (MB)
	1098024  -  ResidentSetSize of job (KB)
...
006 (20469.000.000) 02/25 01:41:50 Image size of job updated: 1248260
	1077  -  MemoryUsage of job (MB)
	1102340  -  ResidentSetSize of job (KB)
...
006 (20469.000.000) 02/25 01:46:50 Image size of job updated: 1459280
	1245  -  MemoryUsage of job (MB)
	1274592  -  ResidentSetSize of job (KB)
...
006 (20469.000.000) 02/25 01:51:50 Image size of job updated: 1459280
	1246  -  MemoryUsage of job (MB)
	1274972  -  ResidentSetSize of job (KB)
...
006 (20469.000.000) 02/25 01:56:51 Image size of job updated: 1524816
	1307  -  MemoryUsage of job (MB)
	1337876  -  ResidentSetSize of job (KB)
...
006 (20469.000.000) 02/25 02:01:52 Image size of job updated: 1524816
	1307  -  MemoryUsage of job (MB)
	1338144  -  ResidentSetSize of job (KB)
...
006 (20469.000.000) 02/25 02:36:55 Image size of job updated: 1524832
	1307  -  MemoryUsage of job (MB)
	1338144  -  ResidentSetSize of job (KB)
...
006 (20469.000.000) 02/25 02:41:55 Image size of job updated: 1524832
	1308  -  MemoryUsage of job (MB)
	1338404  -  ResidentSetSize of job (KB)
...
005 (20469.000.000) 02/25 04:08:08 Job terminated.
	(1) Normal termination (return value 0)
		Usr 0 04:37:27, Sys 0 00:00:48  -  Run Remote Usage
		Usr 0 00:00:00, Sys 0 00:00:00  -  Run Local Usage
		Usr 0 04:37:27, Sys 0 00:00:48  -  Total Remote Usage
		Usr 0 00:00:00, Sys 0 00:00:00  -  Total Local Usage
	0  -  Run Bytes Sent By Job
	0  -  Run Bytes Received By Job
	0  -  Total Bytes Sent By Job
	0  -  Total Bytes Received By Job
	Partitionable Resources :    Usage  Request Allocated
	   Cpus                 :                 2         2
	   Disk (KB)            :        1        1   5108814
	   Memory (MB)          :     1308        1         1
...
