DATE: 2016-02-26
TIME: 16:59:47
                                         version_number        8118
 read inlist_1.0
 create pre-main-sequence model
                                                species           8
 abundances
                                                     h1    6.5909399999999996D-01
                                                    he3    3.4991469495537978D-05
                                                    he4    3.2877000853050448D-01
                                                    c12    2.0823465000718092D-03
                                                    n14    6.0998632876348255D-04
                                                    o16    5.6635382208600977D-03
                                                   ne20    1.2702782425645528D-03
                                                   mg24    2.4748507077399749D-03


                                        relax_num_steps


                               finished relax_num_steps

 new_lnPgas_flag T
                                        relax_initial_Z    1.2101000000000001D-02
                                                  new z    1.2100999999999869D-02
                                        relax_initial_Y    3.2880500000000001D-01
                                                  new y    3.2880500000000018D-01
 net name basic.net
 do_element_diffusion T
 lnPgas_flag T
 kappa_file_prefix gs98
 kappa_lowT_prefix lowT_fa05_gs98
   eos_file_prefix mesa
                                        OMP_NUM_THREADS           1



stop because Lnuc_div_L >= Lnuc_div_L_zams_limit
    0.9990146852E+00    0.9990000000E+00

        872   7.217749   6627.741   0.325581   0.325581   1.115256   1.115256   0.656521   0.003028   0.328805   0.658594  -1.843351    805      0
   6.427572   1.991967   0.043789 -42.698134  -1.271366 -99.000000   0.000000   0.331034   0.005661   0.012101   0.329243   0.072016      2      0
 4.0447E+07  17.324979   0.326009 -15.051500   4.462887  -7.144208   0.000000   0.000012   0.001270  1.245E-02  1.216E-02 -0.277E-12  max increase

save photos/x872 for model 872
save final_profile.data write fgong_plot.data
                               s% atm_structure_num_pts         100
save final_profile.data.FGONG    872
 final_profile.data.FGONG for model 872
 saved to zams.mod
termination code: Lnuc_div_L_zams_limit

       runtime, prev time, retries, backups, steps         8.1        28.2         0         0       872
        872   7.217749   6627.741   0.325581   0.325581   1.115256   1.115256   0.656521   0.003028   0.328805   0.658594  -1.843351    805      0
   6.427572   1.991967   0.043789 -42.698134  -1.271366 -99.000000   0.000000   0.331034   0.005661   0.012101   0.329243   0.072016      2      0
 4.0447E+07  17.324979   0.326009 -15.051500   4.462887  -7.144208   0.000000   0.000012   0.001270  1.245E-02  1.216E-02 -0.277E-12  max increase

DATE: 2016-02-26
TIME: 17:09:36
DATE: 2016-02-26
TIME: 17:09:36
                                         version_number        8118
 read inlist_1.0
load saved model zams.mod

 new_lnPgas_flag T
 net name basic.net
 do_element_diffusion T
 lnPgas_flag T
                       which_atm_option: Eddington_grey
 kappa_file_prefix gs98
 kappa_lowT_prefix lowT_fa05_gs98
   eos_file_prefix mesa
                                        OMP_NUM_THREADS           1


__________________________________________________________________________________________________________________________________________________

       step    lg_Tcntr    Teff       lg_LH     lg_Lnuc     Mass       H_rich     H_cntr     N_cntr     Y_surf     X_avg     eta_cntr  zones retry
   lg_dt_yr    lg_Dcntr    lg_R       lg_L3a    lg_Lneu     lg_Mdot    He_core    He_cntr    O_cntr     Z_surf     Y_avg     gam_cntr  iters bckup
     age_yr    lg_Pcntr    lg_L       lg_LZ     lg_Psurf    lg_Dsurf   C_core     C_cntr     Ne_cntr    Z_cntr     Z_avg     v_div_cs     dt_limit
__________________________________________________________________________________________________________________________________________________

        875   7.217901   6816.369   0.326339   0.326339   1.115256   1.115256   0.656232   0.003029   0.328805   0.658544  -1.843348    802      0
   5.910270   1.992278   0.019557 -42.689105  -1.271272 -99.000000   0.000000   0.331322   0.005660   0.012101   0.329292   0.072018      2      0
 4.3060E+07  17.325344   0.326294 -99.000000   4.783809  -6.836898   0.000000   0.000012   0.001270  1.245E-02  1.216E-02 -0.107E-12    varcontrol

