000 (20274.000.000) 02/24 21:34:49 Job submitted from host: <134.76.239.76:13753?addrs=134.76.239.76-13753>
...
001 (20274.000.000) 02/24 23:09:35 Job executing on host: <134.76.239.87:13734?addrs=134.76.239.87-13734>
...
006 (20274.000.000) 02/24 23:09:44 Image size of job updated: 827412
	628  -  MemoryUsage of job (MB)
	642792  -  ResidentSetSize of job (KB)
...
006 (20274.000.000) 02/24 23:14:45 Image size of job updated: 1145672
	935  -  MemoryUsage of job (MB)
	956792  -  ResidentSetSize of job (KB)
...
006 (20274.000.000) 02/24 23:19:45 Image size of job updated: 1147080
	935  -  MemoryUsage of job (MB)
	956792  -  ResidentSetSize of job (KB)
...
006 (20274.000.000) 02/25 00:04:51 Image size of job updated: 1229140
	1072  -  MemoryUsage of job (MB)
	1097640  -  ResidentSetSize of job (KB)
...
006 (20274.000.000) 02/25 00:29:54 Image size of job updated: 1229140
	1073  -  MemoryUsage of job (MB)
	1097972  -  ResidentSetSize of job (KB)
...
006 (20274.000.000) 02/25 00:49:56 Image size of job updated: 1440668
	1241  -  MemoryUsage of job (MB)
	1269808  -  ResidentSetSize of job (KB)
...
006 (20274.000.000) 02/25 00:54:56 Image size of job updated: 1443760
	1243  -  MemoryUsage of job (MB)
	1271880  -  ResidentSetSize of job (KB)
...
006 (20274.000.000) 02/25 00:59:56 Image size of job updated: 1443760
	1243  -  MemoryUsage of job (MB)
	1272208  -  ResidentSetSize of job (KB)
...
006 (20274.000.000) 02/25 01:09:57 Image size of job updated: 1443760
	1243  -  MemoryUsage of job (MB)
	1272736  -  ResidentSetSize of job (KB)
...
006 (20274.000.000) 02/25 01:14:57 Image size of job updated: 1443760
	1244  -  MemoryUsage of job (MB)
	1273620  -  ResidentSetSize of job (KB)
...
006 (20274.000.000) 02/25 01:19:58 Image size of job updated: 1443760
	1245  -  MemoryUsage of job (MB)
	1274136  -  ResidentSetSize of job (KB)
...
006 (20274.000.000) 02/25 01:24:59 Image size of job updated: 1443760
	1245  -  MemoryUsage of job (MB)
	1274148  -  ResidentSetSize of job (KB)
...
006 (20274.000.000) 02/25 01:29:59 Image size of job updated: 1445784
	1247  -  MemoryUsage of job (MB)
	1276188  -  ResidentSetSize of job (KB)
...
006 (20274.000.000) 02/25 01:35:00 Image size of job updated: 1445796
	1247  -  MemoryUsage of job (MB)
	1276188  -  ResidentSetSize of job (KB)
...
006 (20274.000.000) 02/25 03:05:10 Image size of job updated: 1479412
	1247  -  MemoryUsage of job (MB)
	1276188  -  ResidentSetSize of job (KB)
...
006 (20274.000.000) 02/25 03:10:10 Image size of job updated: 1482752
	1247  -  MemoryUsage of job (MB)
	1276188  -  ResidentSetSize of job (KB)
...
006 (20274.000.000) 02/25 03:50:14 Image size of job updated: 1484780
	1248  -  MemoryUsage of job (MB)
	1277344  -  ResidentSetSize of job (KB)
...
006 (20274.000.000) 02/25 05:28:29 Image size of job updated: 10571048
	1248  -  MemoryUsage of job (MB)
	1277344  -  ResidentSetSize of job (KB)
...
005 (20274.000.000) 02/25 05:28:29 Job terminated.
	(1) Normal termination (return value 0)
		Usr 0 10:51:01, Sys 0 00:01:45  -  Run Remote Usage
		Usr 0 00:00:00, Sys 0 00:00:00  -  Run Local Usage
		Usr 0 10:51:01, Sys 0 00:01:45  -  Total Remote Usage
		Usr 0 00:00:00, Sys 0 00:00:00  -  Total Local Usage
	0  -  Run Bytes Sent By Job
	0  -  Run Bytes Received By Job
	0  -  Total Bytes Sent By Job
	0  -  Total Bytes Received By Job
	Partitionable Resources :    Usage  Request Allocated
	   Cpus                 :                 2         2
	   Disk (KB)            :        1        1   5108789
	   Memory (MB)          :     1248        1         1
...
