000 (20268.000.000) 02/24 21:34:48 Job submitted from host: <134.76.239.76:13753?addrs=134.76.239.76-13753>
...
001 (20268.000.000) 02/24 23:05:36 Job executing on host: <134.76.239.79:12046?addrs=134.76.239.79-12046>
...
006 (20268.000.000) 02/24 23:05:45 Image size of job updated: 45168
	4  -  MemoryUsage of job (MB)
	3308  -  ResidentSetSize of job (KB)
...
006 (20268.000.000) 02/24 23:10:45 Image size of job updated: 1142892
	919  -  MemoryUsage of job (MB)
	940100  -  ResidentSetSize of job (KB)
...
006 (20268.000.000) 02/24 23:15:45 Image size of job updated: 1145116
	919  -  MemoryUsage of job (MB)
	940100  -  ResidentSetSize of job (KB)
...
006 (20268.000.000) 02/24 23:20:46 Image size of job updated: 1300136
	1074  -  MemoryUsage of job (MB)
	1099232  -  ResidentSetSize of job (KB)
...
006 (20268.000.000) 02/24 23:25:47 Image size of job updated: 1445620
	1242  -  MemoryUsage of job (MB)
	1271716  -  ResidentSetSize of job (KB)
...
006 (20268.000.000) 02/24 23:30:47 Image size of job updated: 1496928
	1242  -  MemoryUsage of job (MB)
	1271716  -  ResidentSetSize of job (KB)
...
006 (20268.000.000) 02/24 23:50:49 Image size of job updated: 1510700
	1283  -  MemoryUsage of job (MB)
	1313652  -  ResidentSetSize of job (KB)
...
006 (20268.000.000) 02/25 00:43:49 Image size of job updated: 7369540
	1283  -  MemoryUsage of job (MB)
	1313652  -  ResidentSetSize of job (KB)
...
005 (20268.000.000) 02/25 00:43:49 Job terminated.
	(1) Normal termination (return value 0)
		Usr 0 02:30:34, Sys 0 00:00:36  -  Run Remote Usage
		Usr 0 00:00:00, Sys 0 00:00:00  -  Run Local Usage
		Usr 0 02:30:34, Sys 0 00:00:36  -  Total Remote Usage
		Usr 0 00:00:00, Sys 0 00:00:00  -  Total Local Usage
	0  -  Run Bytes Sent By Job
	0  -  Run Bytes Received By Job
	0  -  Total Bytes Sent By Job
	0  -  Total Bytes Received By Job
	Partitionable Resources :    Usage  Request Allocated
	   Cpus                 :                 2         2
	   Disk (KB)            :        1        1   5108726
	   Memory (MB)          :     1283        1         1
...
