000 (20341.000.000) 02/24 21:34:53 Job submitted from host: <134.76.239.76:13753?addrs=134.76.239.76-13753>
...
001 (20341.000.000) 02/25 00:03:40 Job executing on host: <134.76.239.84:12289?addrs=134.76.239.84-12289>
...
006 (20341.000.000) 02/25 00:03:48 Image size of job updated: 26264
	4  -  MemoryUsage of job (MB)
	3316  -  ResidentSetSize of job (KB)
...
006 (20341.000.000) 02/25 00:08:48 Image size of job updated: 1144116
	922  -  MemoryUsage of job (MB)
	944068  -  ResidentSetSize of job (KB)
...
006 (20341.000.000) 02/25 00:13:49 Image size of job updated: 1145992
	922  -  MemoryUsage of job (MB)
	944068  -  ResidentSetSize of job (KB)
...
006 (20341.000.000) 02/25 00:23:50 Image size of job updated: 1268680
	1070  -  MemoryUsage of job (MB)
	1095636  -  ResidentSetSize of job (KB)
...
006 (20341.000.000) 02/25 00:28:50 Image size of job updated: 1272320
	1073  -  MemoryUsage of job (MB)
	1097804  -  ResidentSetSize of job (KB)
...
006 (20341.000.000) 02/25 00:33:51 Image size of job updated: 1272320
	1073  -  MemoryUsage of job (MB)
	1098576  -  ResidentSetSize of job (KB)
...
006 (20341.000.000) 02/25 00:38:52 Image size of job updated: 1272320
	1073  -  MemoryUsage of job (MB)
	1098580  -  ResidentSetSize of job (KB)
...
006 (20341.000.000) 02/25 00:43:52 Image size of job updated: 1485444
	1245  -  MemoryUsage of job (MB)
	1274548  -  ResidentSetSize of job (KB)
...
006 (20341.000.000) 02/25 00:48:53 Image size of job updated: 1485444
	1245  -  MemoryUsage of job (MB)
	1274560  -  ResidentSetSize of job (KB)
...
006 (20341.000.000) 02/25 00:53:54 Image size of job updated: 1485444
	1246  -  MemoryUsage of job (MB)
	1274892  -  ResidentSetSize of job (KB)
...
006 (20341.000.000) 02/25 00:58:54 Image size of job updated: 1485444
	1246  -  MemoryUsage of job (MB)
	1274908  -  ResidentSetSize of job (KB)
...
006 (20341.000.000) 02/25 03:16:08 Image size of job updated: 8712932
	1246  -  MemoryUsage of job (MB)
	1274908  -  ResidentSetSize of job (KB)
...
005 (20341.000.000) 02/25 03:16:08 Job terminated.
	(1) Normal termination (return value 0)
		Usr 0 05:25:12, Sys 0 00:01:35  -  Run Remote Usage
		Usr 0 00:00:00, Sys 0 00:00:00  -  Run Local Usage
		Usr 0 05:25:12, Sys 0 00:01:35  -  Total Remote Usage
		Usr 0 00:00:00, Sys 0 00:00:00  -  Total Local Usage
	0  -  Run Bytes Sent By Job
	0  -  Run Bytes Received By Job
	0  -  Total Bytes Sent By Job
	0  -  Total Bytes Received By Job
	Partitionable Resources :    Usage  Request Allocated
	   Cpus                 :                 2         2
	   Disk (KB)            :        1        1   5108551
	   Memory (MB)          :     1246        1         1
...
