000 (20370.000.000) 02/24 21:34:54 Job submitted from host: <134.76.239.76:13753?addrs=134.76.239.76-13753>
...
001 (20370.000.000) 02/25 00:20:40 Job executing on host: <134.76.239.85:29523?addrs=134.76.239.85-29523>
...
006 (20370.000.000) 02/25 00:20:48 Image size of job updated: 1
	3  -  MemoryUsage of job (MB)
	2072  -  ResidentSetSize of job (KB)
...
006 (20370.000.000) 02/25 00:25:48 Image size of job updated: 1145596
	924  -  MemoryUsage of job (MB)
	945188  -  ResidentSetSize of job (KB)
...
006 (20370.000.000) 02/25 00:30:49 Image size of job updated: 1146624
	924  -  MemoryUsage of job (MB)
	945188  -  ResidentSetSize of job (KB)
...
006 (20370.000.000) 02/25 01:00:52 Image size of job updated: 1294888
	1071  -  MemoryUsage of job (MB)
	1095884  -  ResidentSetSize of job (KB)
...
006 (20370.000.000) 02/25 01:05:53 Image size of job updated: 1295392
	1071  -  MemoryUsage of job (MB)
	1095888  -  ResidentSetSize of job (KB)
...
006 (20370.000.000) 02/25 01:15:54 Image size of job updated: 1295392
	1071  -  MemoryUsage of job (MB)
	1096216  -  ResidentSetSize of job (KB)
...
006 (20370.000.000) 02/25 01:30:55 Image size of job updated: 1440876
	1239  -  MemoryUsage of job (MB)
	1268024  -  ResidentSetSize of job (KB)
...
006 (20370.000.000) 02/25 01:35:55 Image size of job updated: 1440876
	1239  -  MemoryUsage of job (MB)
	1268356  -  ResidentSetSize of job (KB)
...
006 (20370.000.000) 02/25 01:40:56 Image size of job updated: 1440876
	1239  -  MemoryUsage of job (MB)
	1268364  -  ResidentSetSize of job (KB)
...
006 (20370.000.000) 02/25 01:45:56 Image size of job updated: 1443944
	1239  -  MemoryUsage of job (MB)
	1268436  -  ResidentSetSize of job (KB)
...
006 (20370.000.000) 02/25 01:50:56 Image size of job updated: 1443944
	1240  -  MemoryUsage of job (MB)
	1268764  -  ResidentSetSize of job (KB)
...
006 (20370.000.000) 02/25 01:55:57 Image size of job updated: 1443944
	1241  -  MemoryUsage of job (MB)
	1270540  -  ResidentSetSize of job (KB)
...
006 (20370.000.000) 02/25 02:00:58 Image size of job updated: 1443944
	1241  -  MemoryUsage of job (MB)
	1270720  -  ResidentSetSize of job (KB)
...
006 (20370.000.000) 02/25 02:05:58 Image size of job updated: 1445952
	1244  -  MemoryUsage of job (MB)
	1273236  -  ResidentSetSize of job (KB)
...
006 (20370.000.000) 02/25 03:16:05 Image size of job updated: 1456068
	1244  -  MemoryUsage of job (MB)
	1273236  -  ResidentSetSize of job (KB)
...
006 (20370.000.000) 02/25 03:21:06 Image size of job updated: 1480604
	1244  -  MemoryUsage of job (MB)
	1273236  -  ResidentSetSize of job (KB)
...
006 (20370.000.000) 02/25 03:31:07 Image size of job updated: 1483488
	1244  -  MemoryUsage of job (MB)
	1273236  -  ResidentSetSize of job (KB)
...
006 (20370.000.000) 02/25 03:51:08 Image size of job updated: 1485492
	1244  -  MemoryUsage of job (MB)
	1273236  -  ResidentSetSize of job (KB)
...
005 (20370.000.000) 02/25 05:13:08 Job terminated.
	(1) Normal termination (return value 0)
		Usr 0 08:14:11, Sys 0 00:01:58  -  Run Remote Usage
		Usr 0 00:00:00, Sys 0 00:00:00  -  Run Local Usage
		Usr 0 08:14:11, Sys 0 00:01:58  -  Total Remote Usage
		Usr 0 00:00:00, Sys 0 00:00:00  -  Total Local Usage
	0  -  Run Bytes Sent By Job
	0  -  Run Bytes Received By Job
	0  -  Total Bytes Sent By Job
	0  -  Total Bytes Received By Job
	Partitionable Resources :    Usage  Request Allocated
	   Cpus                 :                 2         2
	   Disk (KB)            :        1        1   5108757
	   Memory (MB)          :     1244        1         1
...
