000 (28522.000.000) 02/26 16:56:20 Job submitted from host: <134.76.239.76:15915?addrs=134.76.239.76-15915>
...
001 (28522.000.000) 02/26 16:56:38 Job executing on host: <134.76.239.91:19068?addrs=134.76.239.91-19068>
...
006 (28522.000.000) 02/26 16:56:52 Image size of job updated: 65712
	4  -  MemoryUsage of job (MB)
	4036  -  ResidentSetSize of job (KB)
...
006 (28522.000.000) 02/26 17:01:51 Image size of job updated: 1071308
	933  -  MemoryUsage of job (MB)
	954704  -  ResidentSetSize of job (KB)
...
006 (28522.000.000) 02/26 17:06:51 Image size of job updated: 1071780
	933  -  MemoryUsage of job (MB)
	954828  -  ResidentSetSize of job (KB)
...
006 (28522.000.000) 02/26 17:11:53 Image size of job updated: 1080400
	933  -  MemoryUsage of job (MB)
	954828  -  ResidentSetSize of job (KB)
...
006 (28522.000.000) 02/26 17:16:53 Image size of job updated: 1311140
	1163  -  MemoryUsage of job (MB)
	1190652  -  ResidentSetSize of job (KB)
...
