DATE: 2016-02-26
TIME: 16:59:47
                                         version_number        8118
 read inlist_1.0
 create pre-main-sequence model
                                                species           8
 abundances
                                                     h1    6.9872200000000007D-01
                                                    he3    3.1948492415641343D-05
                                                    he4    3.0017905150758439D-01
                                                    c12    1.8360992608681002D-04
                                                    n14    5.3785258473729210D-05
                                                    o16    4.9937982659758399D-04
                                                   ne20    1.1200618831636203D-04
                                                   mg24    2.1821880052544384D-04


                                        relax_num_steps


                               finished relax_num_steps

 new_lnPgas_flag T
                                        relax_initial_Z    1.0670000000000000D-03
                                                  new z    1.0669999999989026D-03
                                        relax_initial_Y    3.0021100000000001D-01
                                                  new y    3.0021100000000045D-01
 net name basic.net
 do_element_diffusion T
 lnPgas_flag T
 kappa_file_prefix gs98
 kappa_lowT_prefix lowT_fa05_gs98
   eos_file_prefix mesa
                                        OMP_NUM_THREADS           1



stop because Lnuc_div_L >= Lnuc_div_L_zams_limit
    0.1001951844E+01    0.9990000000E+00

        983   7.325557  1.057E+04   1.060570   1.060570   1.498459   1.498459   0.698097   0.000268   0.258014   0.698536  -2.133840    898      0
   5.433900   2.021554   0.005172 -37.601902  -0.338033 -99.000000   0.000000   0.300806   0.000497   0.000772   0.300389   0.056119      2      0
 6.8220E+06  17.476842   1.059724 -99.000000   3.046843  -9.061858   0.000000   0.000002   0.000112  1.097E-03  1.075E-03 -0.320E-11  max increase

save photos/x983 for model 983
save final_profile.data write fgong_plot.data
                               s% atm_structure_num_pts          40
save final_profile.data.FGONG    983
 final_profile.data.FGONG for model 983
 saved to zams.mod
termination code: Lnuc_div_L_zams_limit

       runtime, prev time, retries, backups, steps         8.9        28.2         0         0       983
        983   7.325557  1.057E+04   1.060570   1.060570   1.498459   1.498459   0.698097   0.000268   0.258014   0.698536  -2.133840    898      0
   5.433900   2.021554   0.005172 -37.601902  -0.338033 -99.000000   0.000000   0.300806   0.000497   0.000772   0.300389   0.056119      2      0
 6.8220E+06  17.476842   1.059724 -99.000000   3.046843  -9.061858   0.000000   0.000002   0.000112  1.097E-03  1.075E-03 -0.320E-11  max increase

DATE: 2016-02-26
TIME: 17:10:22
DATE: 2016-02-26
TIME: 17:10:22
                                         version_number        8118
 read inlist_1.0
load saved model zams.mod

 new_lnPgas_flag T
 net name basic.net
 do_element_diffusion T
 lnPgas_flag T
                       which_atm_option: Eddington_grey
 kappa_file_prefix gs98
 kappa_lowT_prefix lowT_fa05_gs98
   eos_file_prefix mesa
                                        OMP_NUM_THREADS           1


__________________________________________________________________________________________________________________________________________________

       step    lg_Tcntr    Teff       lg_LH     lg_Lnuc     Mass       H_rich     H_cntr     N_cntr     Y_surf     X_avg     eta_cntr  zones retry
   lg_dt_yr    lg_Dcntr    lg_R       lg_L3a    lg_Lneu     lg_Mdot    He_core    He_cntr    O_cntr     Z_surf     Y_avg     gam_cntr  iters bckup
     age_yr    lg_Pcntr    lg_L       lg_LZ     lg_Psurf    lg_Dsurf   C_core     C_cntr     Ne_cntr    Z_cntr     Z_avg     v_div_cs     dt_limit
__________________________________________________________________________________________________________________________________________________

