000 (28610.000.000) 02/26 16:56:25 Job submitted from host: <134.76.239.76:15915?addrs=134.76.239.76-15915>
...
001 (28610.000.000) 02/26 16:56:45 Job executing on host: <134.76.239.87:21186?addrs=134.76.239.87-21186>
...
006 (28610.000.000) 02/26 16:56:57 Image size of job updated: 65712
	4  -  MemoryUsage of job (MB)
	3256  -  ResidentSetSize of job (KB)
...
006 (28610.000.000) 02/26 17:01:58 Image size of job updated: 1071160
	932  -  MemoryUsage of job (MB)
	953960  -  ResidentSetSize of job (KB)
...
006 (28610.000.000) 02/26 17:06:58 Image size of job updated: 1071632
	932  -  MemoryUsage of job (MB)
	954120  -  ResidentSetSize of job (KB)
...
006 (28610.000.000) 02/26 17:11:58 Image size of job updated: 1080120
	940  -  MemoryUsage of job (MB)
	961900  -  ResidentSetSize of job (KB)
...
006 (28610.000.000) 02/26 17:16:59 Image size of job updated: 1227376
	1082  -  MemoryUsage of job (MB)
	1107396  -  ResidentSetSize of job (KB)
...
