000 (19982.000.000) 02/24 21:34:33 Job submitted from host: <134.76.239.76:13753?addrs=134.76.239.76-13753>
...
001 (19982.000.000) 02/24 21:34:37 Job executing on host: <134.76.239.91:19968?addrs=134.76.239.91-19968>
...
006 (19982.000.000) 02/24 21:34:48 Image size of job updated: 65708
	4  -  MemoryUsage of job (MB)
	4028  -  ResidentSetSize of job (KB)
...
006 (19982.000.000) 02/24 21:39:48 Image size of job updated: 1139148
	919  -  MemoryUsage of job (MB)
	941000  -  ResidentSetSize of job (KB)
...
006 (19982.000.000) 02/24 21:44:49 Image size of job updated: 1145636
	919  -  MemoryUsage of job (MB)
	941000  -  ResidentSetSize of job (KB)
...
006 (19982.000.000) 02/24 21:49:49 Image size of job updated: 1145636
	947  -  MemoryUsage of job (MB)
	969188  -  ResidentSetSize of job (KB)
...
006 (19982.000.000) 02/24 21:54:49 Image size of job updated: 1145636
	963  -  MemoryUsage of job (MB)
	986020  -  ResidentSetSize of job (KB)
...
006 (19982.000.000) 02/24 21:59:50 Image size of job updated: 1145636
	963  -  MemoryUsage of job (MB)
	986024  -  ResidentSetSize of job (KB)
...
006 (19982.000.000) 02/24 22:09:51 Image size of job updated: 1145636
	963  -  MemoryUsage of job (MB)
	986032  -  ResidentSetSize of job (KB)
...
006 (19982.000.000) 02/24 22:29:53 Image size of job updated: 1308708
	1120  -  MemoryUsage of job (MB)
	1146456  -  ResidentSetSize of job (KB)
...
006 (19982.000.000) 02/24 22:49:56 Image size of job updated: 1308708
	1120  -  MemoryUsage of job (MB)
	1146460  -  ResidentSetSize of job (KB)
...
006 (19982.000.000) 02/24 22:54:57 Image size of job updated: 1308708
	1120  -  MemoryUsage of job (MB)
	1146468  -  ResidentSetSize of job (KB)
...
006 (19982.000.000) 02/24 22:59:57 Image size of job updated: 1308708
	1120  -  MemoryUsage of job (MB)
	1146740  -  ResidentSetSize of job (KB)
...
006 (19982.000.000) 02/24 23:14:58 Image size of job updated: 1495192
	1264  -  MemoryUsage of job (MB)
	1294004  -  ResidentSetSize of job (KB)
...
006 (19982.000.000) 02/24 23:19:58 Image size of job updated: 1495192
	1269  -  MemoryUsage of job (MB)
	1298580  -  ResidentSetSize of job (KB)
...
006 (19982.000.000) 02/24 23:24:59 Image size of job updated: 1519728
	1293  -  MemoryUsage of job (MB)
	1323116  -  ResidentSetSize of job (KB)
...
006 (19982.000.000) 02/24 23:30:00 Image size of job updated: 1521440
	1294  -  MemoryUsage of job (MB)
	1324828  -  ResidentSetSize of job (KB)
...
006 (19982.000.000) 02/24 23:35:00 Image size of job updated: 1525548
	1298  -  MemoryUsage of job (MB)
	1328944  -  ResidentSetSize of job (KB)
...
006 (19982.000.000) 02/25 00:05:03 Image size of job updated: 1550084
	1323  -  MemoryUsage of job (MB)
	1353800  -  ResidentSetSize of job (KB)
...
006 (19982.000.000) 02/25 02:10:15 Image size of job updated: 1550084
	1332  -  MemoryUsage of job (MB)
	1363868  -  ResidentSetSize of job (KB)
...
005 (19982.000.000) 02/25 03:53:46 Job terminated.
	(1) Normal termination (return value 0)
		Usr 0 09:48:58, Sys 0 00:01:54  -  Run Remote Usage
		Usr 0 00:00:00, Sys 0 00:00:00  -  Run Local Usage
		Usr 0 09:48:58, Sys 0 00:01:54  -  Total Remote Usage
		Usr 0 00:00:00, Sys 0 00:00:00  -  Total Local Usage
	0  -  Run Bytes Sent By Job
	0  -  Run Bytes Received By Job
	0  -  Total Bytes Sent By Job
	0  -  Total Bytes Received By Job
	Partitionable Resources :    Usage  Request Allocated
	   Cpus                 :                 2         2
	   Disk (KB)            :        1        1   5108775
	   Memory (MB)          :     1332        1         1
...
