DATE: 2016-02-26
TIME: 16:59:15
                                         version_number        8118
 read inlist_1.0
 create pre-main-sequence model
                                                species           8
 abundances
                                                     h1    7.1975699999999998D-01
                                                    he3    2.9552549701198010D-05
                                                    he4    2.7766744745029887D-01
                                                    c12    4.3811703075636156D-04
                                                    n14    1.2833858301229643D-04
                                                    o16    1.1915848533434882D-03
                                                   ne20    2.6726125159650386D-04
                                                   mg24    5.2069828129128713D-04


                                        relax_num_steps


                               finished relax_num_steps

 new_lnPgas_flag T
                                        relax_initial_Z    2.5460000000000001D-03
                                                  new z    2.5459999999994311D-03
                                        relax_initial_Y    2.7769700000000003D-01
                                                  new y    2.7769700000000014D-01
 net name basic.net
 do_element_diffusion T
 lnPgas_flag T
 kappa_file_prefix gs98
 kappa_lowT_prefix lowT_fa05_gs98
   eos_file_prefix mesa
                                        OMP_NUM_THREADS           1



stop because Lnuc_div_L >= Lnuc_div_L_zams_limit
    0.9995006295E+00    0.9990000000E+00

        961   7.301909   9456.976   0.940694   0.940694   1.471982   1.471982   0.717834   0.000645   0.258150   0.719419  -2.070643    883      0
   5.884449   2.006998   0.042467 -38.814297  -0.551796 -99.000000   0.000000   0.279549   0.001181   0.002177   0.278016   0.058142      2      0
 1.1513E+07  17.445088   0.940911 -14.449440   3.134856  -8.792911   0.000000   0.000003   0.000267  2.617E-03  2.564E-03 -0.507E-14  max increase

save photos/x961 for model 961
save final_profile.data write fgong_plot.data
                               s% atm_structure_num_pts          40
save final_profile.data.FGONG    961
 final_profile.data.FGONG for model 961
 saved to zams.mod
termination code: Lnuc_div_L_zams_limit

       runtime, prev time, retries, backups, steps         8.8        28.2         0         0       961
        961   7.301909   9456.976   0.940694   0.940694   1.471982   1.471982   0.717834   0.000645   0.258150   0.719419  -2.070643    883      0
   5.884449   2.006998   0.042467 -38.814297  -0.551796 -99.000000   0.000000   0.279549   0.001181   0.002177   0.278016   0.058142      2      0
 1.1513E+07  17.445088   0.940911 -14.449440   3.134856  -8.792911   0.000000   0.000003   0.000267  2.617E-03  2.564E-03 -0.507E-14  max increase

DATE: 2016-02-26
TIME: 17:12:14
DATE: 2016-02-26
TIME: 17:12:14
                                         version_number        8118
 read inlist_1.0
load saved model zams.mod

 new_lnPgas_flag T
 net name basic.net
 do_element_diffusion T
 lnPgas_flag T
                       which_atm_option: Eddington_grey
 kappa_file_prefix gs98
 kappa_lowT_prefix lowT_fa05_gs98
   eos_file_prefix mesa
                                        OMP_NUM_THREADS           1


__________________________________________________________________________________________________________________________________________________

       step    lg_Tcntr    Teff       lg_LH     lg_Lnuc     Mass       H_rich     H_cntr     N_cntr     Y_surf     X_avg     eta_cntr  zones retry
   lg_dt_yr    lg_Dcntr    lg_R       lg_L3a    lg_Lneu     lg_Mdot    He_core    He_cntr    O_cntr     Z_surf     Y_avg     gam_cntr  iters bckup
     age_yr    lg_Pcntr    lg_L       lg_LZ     lg_Psurf    lg_Dsurf   C_core     C_cntr     Ne_cntr    Z_cntr     Z_avg     v_div_cs     dt_limit
__________________________________________________________________________________________________________________________________________________

        962   7.302030   9459.890   0.941129   0.941129   1.471982   1.471982   0.717571   0.000646   0.254763   0.719365  -2.071002    883      0
   5.963630   2.007100   0.042247 -38.807328  -0.551378 -99.000000   0.000000   0.279812   0.001179   0.002115   0.278070   0.058137      3      0
 1.2433E+07  17.445226   0.941005 -99.000000   3.599679  -8.305854   0.000000   0.000003   0.000267  2.617E-03  2.565E-03 -0.139E-11              

