000 (19928.000.000) 02/24 21:34:30 Job submitted from host: <134.76.239.76:13753?addrs=134.76.239.76-13753>
...
001 (19928.000.000) 02/24 21:34:36 Job executing on host: <134.76.239.79:12046?addrs=134.76.239.79-12046>
...
006 (19928.000.000) 02/24 21:34:47 Image size of job updated: 65712
	4  -  MemoryUsage of job (MB)
	3836  -  ResidentSetSize of job (KB)
...
006 (19928.000.000) 02/24 21:39:48 Image size of job updated: 1138796
	916  -  MemoryUsage of job (MB)
	937752  -  ResidentSetSize of job (KB)
...
006 (19928.000.000) 02/24 21:44:49 Image size of job updated: 1143932
	922  -  MemoryUsage of job (MB)
	943464  -  ResidentSetSize of job (KB)
...
006 (19928.000.000) 02/24 21:49:49 Image size of job updated: 1145748
	922  -  MemoryUsage of job (MB)
	943464  -  ResidentSetSize of job (KB)
...
006 (19928.000.000) 02/24 22:04:51 Image size of job updated: 1250516
	1065  -  MemoryUsage of job (MB)
	1090480  -  ResidentSetSize of job (KB)
...
006 (19928.000.000) 02/24 22:09:51 Image size of job updated: 1250516
	1066  -  MemoryUsage of job (MB)
	1090840  -  ResidentSetSize of job (KB)
...
006 (19928.000.000) 02/24 22:14:52 Image size of job updated: 1437000
	1210  -  MemoryUsage of job (MB)
	1238348  -  ResidentSetSize of job (KB)
...
006 (19928.000.000) 02/24 22:19:53 Image size of job updated: 1461536
	1234  -  MemoryUsage of job (MB)
	1263224  -  ResidentSetSize of job (KB)
...
006 (19928.000.000) 02/24 22:24:53 Image size of job updated: 1463752
	1237  -  MemoryUsage of job (MB)
	1265924  -  ResidentSetSize of job (KB)
...
006 (19928.000.000) 02/24 22:29:54 Image size of job updated: 1468396
	1237  -  MemoryUsage of job (MB)
	1265924  -  ResidentSetSize of job (KB)
...
006 (19928.000.000) 02/24 23:09:59 Image size of job updated: 1468396
	1238  -  MemoryUsage of job (MB)
	1267080  -  ResidentSetSize of job (KB)
...
005 (19928.000.000) 02/25 00:15:24 Job terminated.
	(1) Normal termination (return value 0)
		Usr 0 03:20:13, Sys 0 00:00:58  -  Run Remote Usage
		Usr 0 00:00:00, Sys 0 00:00:00  -  Run Local Usage
		Usr 0 03:20:13, Sys 0 00:00:58  -  Total Remote Usage
		Usr 0 00:00:00, Sys 0 00:00:00  -  Total Local Usage
	0  -  Run Bytes Sent By Job
	0  -  Run Bytes Received By Job
	0  -  Total Bytes Sent By Job
	0  -  Total Bytes Received By Job
	Partitionable Resources :    Usage  Request Allocated
	   Cpus                 :                 2         2
	   Disk (KB)            :        1        1   5108768
	   Memory (MB)          :     1238        1         1
...
