000 (20179.000.000) 02/24 21:34:44 Job submitted from host: <134.76.239.76:13753?addrs=134.76.239.76-13753>
...
001 (20179.000.000) 02/24 22:10:39 Job executing on host: <134.76.239.86:20177?addrs=134.76.239.86-20177>
...
006 (20179.000.000) 02/24 22:10:50 Image size of job updated: 1
	3  -  MemoryUsage of job (MB)
	2064  -  ResidentSetSize of job (KB)
...
006 (20179.000.000) 02/24 22:15:51 Image size of job updated: 135772
	10  -  MemoryUsage of job (MB)
	9608  -  ResidentSetSize of job (KB)
...
006 (20179.000.000) 02/24 22:20:52 Image size of job updated: 1137868
	917  -  MemoryUsage of job (MB)
	938292  -  ResidentSetSize of job (KB)
...
006 (20179.000.000) 02/24 22:25:52 Image size of job updated: 1142688
	922  -  MemoryUsage of job (MB)
	943748  -  ResidentSetSize of job (KB)
...
006 (20179.000.000) 02/24 22:30:52 Image size of job updated: 1314392
	1062  -  MemoryUsage of job (MB)
	1086520  -  ResidentSetSize of job (KB)
...
006 (20179.000.000) 02/24 22:35:54 Image size of job updated: 1314392
	1062  -  MemoryUsage of job (MB)
	1086604  -  ResidentSetSize of job (KB)
...
006 (20179.000.000) 02/24 22:40:54 Image size of job updated: 1316608
	1064  -  MemoryUsage of job (MB)
	1089184  -  ResidentSetSize of job (KB)
...
006 (20179.000.000) 02/24 22:45:54 Image size of job updated: 1462092
	1233  -  MemoryUsage of job (MB)
	1261684  -  ResidentSetSize of job (KB)
...
006 (20179.000.000) 02/24 22:50:55 Image size of job updated: 1462100
	1233  -  MemoryUsage of job (MB)
	1261684  -  ResidentSetSize of job (KB)
...
006 (20179.000.000) 02/24 23:05:56 Image size of job updated: 1462100
	1244  -  MemoryUsage of job (MB)
	1273540  -  ResidentSetSize of job (KB)
...
006 (20179.000.000) 02/24 23:10:57 Image size of job updated: 1462100
	1245  -  MemoryUsage of job (MB)
	1274256  -  ResidentSetSize of job (KB)
...
006 (20179.000.000) 02/25 00:05:52 Image size of job updated: 7204540
	1245  -  MemoryUsage of job (MB)
	1274256  -  ResidentSetSize of job (KB)
...
005 (20179.000.000) 02/25 00:05:52 Job terminated.
	(1) Normal termination (return value 0)
		Usr 0 02:28:46, Sys 0 00:00:51  -  Run Remote Usage
		Usr 0 00:00:00, Sys 0 00:00:00  -  Run Local Usage
		Usr 0 02:28:46, Sys 0 00:00:51  -  Total Remote Usage
		Usr 0 00:00:00, Sys 0 00:00:00  -  Total Local Usage
	0  -  Run Bytes Sent By Job
	0  -  Run Bytes Received By Job
	0  -  Total Bytes Sent By Job
	0  -  Total Bytes Received By Job
	Partitionable Resources :    Usage  Request Allocated
	   Cpus                 :                 2         2
	   Disk (KB)            :        1        1   5108765
	   Memory (MB)          :     1245        1         1
...
