000 (20447.000.000) 02/24 21:34:59 Job submitted from host: <134.76.239.76:13753?addrs=134.76.239.76-13753>
...
001 (20447.000.000) 02/25 01:07:40 Job executing on host: <134.76.239.90:23525?addrs=134.76.239.90-23525>
...
006 (20447.000.000) 02/25 01:07:49 Image size of job updated: 1
	3  -  MemoryUsage of job (MB)
	2068  -  ResidentSetSize of job (KB)
...
006 (20447.000.000) 02/25 01:12:49 Image size of job updated: 1142760
	935  -  MemoryUsage of job (MB)
	956880  -  ResidentSetSize of job (KB)
...
006 (20447.000.000) 02/25 01:17:49 Image size of job updated: 1347008
	1145  -  MemoryUsage of job (MB)
	1172052  -  ResidentSetSize of job (KB)
...
006 (20447.000.000) 02/25 01:22:50 Image size of job updated: 1349256
	1148  -  MemoryUsage of job (MB)
	1174740  -  ResidentSetSize of job (KB)
...
006 (20447.000.000) 02/25 01:27:51 Image size of job updated: 1584812
	1340  -  MemoryUsage of job (MB)
	1371732  -  ResidentSetSize of job (KB)
...
006 (20447.000.000) 02/25 01:47:52 Image size of job updated: 1584812
	1342  -  MemoryUsage of job (MB)
	1373928  -  ResidentSetSize of job (KB)
...
006 (20447.000.000) 02/25 01:52:52 Image size of job updated: 1584812
	1343  -  MemoryUsage of job (MB)
	1374248  -  ResidentSetSize of job (KB)
...
006 (20447.000.000) 02/25 02:59:23 Image size of job updated: 7108652
	1343  -  MemoryUsage of job (MB)
	1374248  -  ResidentSetSize of job (KB)
...
005 (20447.000.000) 02/25 02:59:23 Job terminated.
	(1) Normal termination (return value 0)
		Usr 0 02:55:38, Sys 0 00:00:40  -  Run Remote Usage
		Usr 0 00:00:00, Sys 0 00:00:00  -  Run Local Usage
		Usr 0 02:55:38, Sys 0 00:00:40  -  Total Remote Usage
		Usr 0 00:00:00, Sys 0 00:00:00  -  Total Local Usage
	0  -  Run Bytes Sent By Job
	0  -  Run Bytes Received By Job
	0  -  Total Bytes Sent By Job
	0  -  Total Bytes Received By Job
	Partitionable Resources :    Usage  Request Allocated
	   Cpus                 :                 2         2
	   Disk (KB)            :        1        1   5108830
	   Memory (MB)          :     1343        1         1
...
