DATE: 2016-02-26
TIME: 16:59:42
                                         version_number        8118
 read inlist_1.0
 create pre-main-sequence model
                                                species           8
 abundances
                                                     h1    6.6329600000000000D-01
                                                    he3    3.5563584092359845D-05
                                                    he4    3.3414543641590766D-01
                                                    c12    4.3415917855392858D-04
                                                    n14    1.2717920068343457D-04
                                                    o16    1.1808203397429794D-03
                                                   ne20    2.6484687265435211D-04
                                                   mg24    5.1599440836524752D-04


                                        relax_num_steps


                               finished relax_num_steps

 new_lnPgas_flag T
                                        relax_initial_Z    2.5230000000000001D-03
                                                  new z    2.5230000000006567D-03
                                        relax_initial_Y    3.3418100000000001D-01
                                                  new y    3.3418100000000006D-01
 net name basic.net
 do_element_diffusion T
 lnPgas_flag T
 kappa_file_prefix gs98
 kappa_lowT_prefix lowT_fa05_gs98
   eos_file_prefix mesa
                                        OMP_NUM_THREADS           1



stop because Lnuc_div_L >= Lnuc_div_L_zams_limit
    0.9997029023E+00    0.9990000000E+00

        886   7.215042   7125.230   0.331540   0.331540   0.992099   0.992099   0.661676   0.000631   0.334181   0.662967  -1.682938    815      0
   6.311293   2.052113  -0.016247 -42.705961  -1.280717 -99.000000   0.000000   0.335729   0.001180   0.002523   0.334498   0.075386      3      0
 2.5086E+07  17.385317   0.331669 -99.000000   4.314623  -7.320987   0.000000   0.000003   0.000265  2.595E-03  2.535E-03  0.176E-12  max increase

save photos/x886 for model 886
save final_profile.data write fgong_plot.data
                               s% atm_structure_num_pts          51
save final_profile.data.FGONG    886
 final_profile.data.FGONG for model 886
 saved to zams.mod
termination code: Lnuc_div_L_zams_limit

       runtime, prev time, retries, backups, steps         8.6        28.2         0         0       886
        886   7.215042   7125.230   0.331540   0.331540   0.992099   0.992099   0.661676   0.000631   0.334181   0.662967  -1.682938    815      0
   6.311293   2.052113  -0.016247 -42.705961  -1.280717 -99.000000   0.000000   0.335729   0.001180   0.002523   0.334498   0.075386      3      0
 2.5086E+07  17.385317   0.331669 -99.000000   4.314623  -7.320987   0.000000   0.000003   0.000265  2.595E-03  2.535E-03  0.176E-12  max increase

DATE: 2016-02-26
TIME: 17:10:02
DATE: 2016-02-26
TIME: 17:10:03
                                         version_number        8118
 read inlist_1.0
load saved model zams.mod

 new_lnPgas_flag T
 net name basic.net
 do_element_diffusion T
 lnPgas_flag T
                       which_atm_option: Eddington_grey
 kappa_file_prefix gs98
 kappa_lowT_prefix lowT_fa05_gs98
   eos_file_prefix mesa
                                        OMP_NUM_THREADS           1


__________________________________________________________________________________________________________________________________________________

       step    lg_Tcntr    Teff       lg_LH     lg_Lnuc     Mass       H_rich     H_cntr     N_cntr     Y_surf     X_avg     eta_cntr  zones retry
   lg_dt_yr    lg_Dcntr    lg_R       lg_L3a    lg_Lneu     lg_Mdot    He_core    He_cntr    O_cntr     Z_surf     Y_avg     gam_cntr  iters bckup
     age_yr    lg_Pcntr    lg_L       lg_LZ     lg_Psurf    lg_Dsurf   C_core     C_cntr     Ne_cntr    Z_cntr     Z_avg     v_div_cs     dt_limit
__________________________________________________________________________________________________________________________________________________

        887   7.215052   7259.845   0.332023   0.332023   0.992099   0.992099   0.661556   0.000631   0.334181   0.662945  -1.682696    815      0
   6.000000   2.052261  -0.032441 -42.704820  -1.280867 -99.000000   0.000000   0.335849   0.001180   0.002523   0.334520   0.075397      7      0
 2.6086E+07  17.385435   0.331796 -14.875409   4.684722  -6.965213   0.000000   0.000003   0.000265  2.595E-03  2.535E-03 -0.942E-10              

