000 (28042.000.000) 02/26 16:55:54 Job submitted from host: <134.76.239.76:15915?addrs=134.76.239.76-15915>
...
001 (28042.000.000) 02/26 16:56:01 Job executing on host: <134.76.239.88:23213?addrs=134.76.239.88-23213>
...
006 (28042.000.000) 02/26 16:56:11 Image size of job updated: 45172
	5  -  MemoryUsage of job (MB)
	4300  -  ResidentSetSize of job (KB)
...
006 (28042.000.000) 02/26 17:01:11 Image size of job updated: 1070580
	931  -  MemoryUsage of job (MB)
	952688  -  ResidentSetSize of job (KB)
...
006 (28042.000.000) 02/26 17:06:13 Image size of job updated: 1071248
	931  -  MemoryUsage of job (MB)
	953252  -  ResidentSetSize of job (KB)
...
006 (28042.000.000) 02/26 17:11:13 Image size of job updated: 1079848
	931  -  MemoryUsage of job (MB)
	953252  -  ResidentSetSize of job (KB)
...
006 (28042.000.000) 02/26 17:16:13 Image size of job updated: 1237420
	1090  -  MemoryUsage of job (MB)
	1115388  -  ResidentSetSize of job (KB)
...
