DATE: 2016-02-26
TIME: 16:59:28
                                         version_number        8118
 read inlist_1.0
 create pre-main-sequence model
                                                species           8
 abundances
                                                     h1    6.5835599999999994D-01
                                                    he3    3.4940068574729765D-05
                                                    he4    3.2828705993142532D-01
                                                    c12    2.2924568278619079D-03
                                                    n14    6.7153440804786416D-04
                                                    o16    6.2349934863481574D-03
                                                   ne20    1.3984502724936087D-03
                                                   mg24    2.7245650052485186D-03


                                        relax_num_steps


                               finished relax_num_steps

 new_lnPgas_flag T
                                        relax_initial_Z    1.3322000000000001D-02
                                                  new z    1.3322000000000419D-02
                                        relax_initial_Y    3.2832200000000000D-01
                                                  new y    3.2832199999999995D-01
 net name basic.net
 do_element_diffusion T
 lnPgas_flag T
 kappa_file_prefix gs98
 kappa_lowT_prefix lowT_fa05_gs98
   eos_file_prefix mesa
                                        OMP_NUM_THREADS           1



stop because Lnuc_div_L >= Lnuc_div_L_zams_limit
    0.1000935568E+01    0.9990000000E+00

        955   7.302894   8391.072   0.936052   0.936052   1.542294   1.542294   0.657363   0.003322   0.171870   0.658115  -2.302506    883      0
   5.243603   1.928151   0.143704 -38.718221  -0.436434 -99.000000   0.000000   0.328935   0.006230   0.002712   0.328466   0.056373      2      0
 1.2272E+07  17.345911   0.935646 -99.000000   3.433569  -8.360751   0.000000   0.000026   0.001399  1.370E-02  1.342E-02 -0.876E-10    varcontrol

save photos/x955 for model 955
save final_profile.data write fgong_plot.data
                               s% atm_structure_num_pts          47
save final_profile.data.FGONG    955
 final_profile.data.FGONG for model 955
 saved to zams.mod
termination code: Lnuc_div_L_zams_limit

       runtime, prev time, retries, backups, steps         8.7        28.2         0         0       955
        955   7.302894   8391.072   0.936052   0.936052   1.542294   1.542294   0.657363   0.003322   0.171870   0.658115  -2.302506    883      0
   5.243603   1.928151   0.143704 -38.718221  -0.436434 -99.000000   0.000000   0.328935   0.006230   0.002712   0.328466   0.056373      2      0
 1.2272E+07  17.345911   0.935646 -99.000000   3.433569  -8.360751   0.000000   0.000026   0.001399  1.370E-02  1.342E-02 -0.876E-10  max increase

DATE: 2016-02-26
TIME: 17:10:07
DATE: 2016-02-26
TIME: 17:10:08
                                         version_number        8118
 read inlist_1.0
load saved model zams.mod

 new_lnPgas_flag T
 net name basic.net
 do_element_diffusion T
 lnPgas_flag T
                       which_atm_option: Eddington_grey
 kappa_file_prefix gs98
 kappa_lowT_prefix lowT_fa05_gs98
   eos_file_prefix mesa
                                        OMP_NUM_THREADS           1


__________________________________________________________________________________________________________________________________________________

       step    lg_Tcntr    Teff       lg_LH     lg_Lnuc     Mass       H_rich     H_cntr     N_cntr     Y_surf     X_avg     eta_cntr  zones retry
   lg_dt_yr    lg_Dcntr    lg_R       lg_L3a    lg_Lneu     lg_Mdot    He_core    He_cntr    O_cntr     Z_surf     Y_avg     gam_cntr  iters bckup
     age_yr    lg_Pcntr    lg_L       lg_LZ     lg_Psurf    lg_Dsurf   C_core     C_cntr     Ne_cntr    Z_cntr     Z_avg     v_div_cs     dt_limit
__________________________________________________________________________________________________________________________________________________

