000 (20797.000.000) 02/24 21:35:17 Job submitted from host: <134.76.239.76:13753?addrs=134.76.239.76-13753>
...
001 (20797.000.000) 02/25 05:06:48 Job executing on host: <134.76.239.78:21556?addrs=134.76.239.78-21556>
...
006 (20797.000.000) 02/25 05:06:57 Image size of job updated: 1
	3  -  MemoryUsage of job (MB)
	2076  -  ResidentSetSize of job (KB)
...
006 (20797.000.000) 02/25 05:11:58 Image size of job updated: 1146476
	938  -  MemoryUsage of job (MB)
	960388  -  ResidentSetSize of job (KB)
...
006 (20797.000.000) 02/25 05:32:00 Image size of job updated: 1243252
	1071  -  MemoryUsage of job (MB)
	1095916  -  ResidentSetSize of job (KB)
...
006 (20797.000.000) 02/25 05:37:00 Image size of job updated: 1243252
	1071  -  MemoryUsage of job (MB)
	1095920  -  ResidentSetSize of job (KB)
...
006 (20797.000.000) 02/25 05:42:00 Image size of job updated: 1245024
	1072  -  MemoryUsage of job (MB)
	1097604  -  ResidentSetSize of job (KB)
...
006 (20797.000.000) 02/25 05:47:01 Image size of job updated: 1247284
	1074  -  MemoryUsage of job (MB)
	1099164  -  ResidentSetSize of job (KB)
...
006 (20797.000.000) 02/25 05:52:02 Image size of job updated: 1461588
	1243  -  MemoryUsage of job (MB)
	1272072  -  ResidentSetSize of job (KB)
...
006 (20797.000.000) 02/25 05:57:02 Image size of job updated: 1461588
	1245  -  MemoryUsage of job (MB)
	1274032  -  ResidentSetSize of job (KB)
...
006 (20797.000.000) 02/25 06:02:02 Image size of job updated: 1461588
	1245  -  MemoryUsage of job (MB)
	1274352  -  ResidentSetSize of job (KB)
...
006 (20797.000.000) 02/25 06:07:03 Image size of job updated: 1463788
	1245  -  MemoryUsage of job (MB)
	1274352  -  ResidentSetSize of job (KB)
...
006 (20797.000.000) 02/25 06:42:07 Image size of job updated: 1463788
	1251  -  MemoryUsage of job (MB)
	1280684  -  ResidentSetSize of job (KB)
...
006 (20797.000.000) 02/25 06:47:07 Image size of job updated: 1463788
	1251  -  MemoryUsage of job (MB)
	1281008  -  ResidentSetSize of job (KB)
...
006 (20797.000.000) 02/25 06:52:07 Image size of job updated: 1463788
	1251  -  MemoryUsage of job (MB)
	1281012  -  ResidentSetSize of job (KB)
...
006 (20797.000.000) 02/25 07:37:11 Image size of job updated: 1466756
	1251  -  MemoryUsage of job (MB)
	1281012  -  ResidentSetSize of job (KB)
...
006 (20797.000.000) 02/25 07:52:13 Image size of job updated: 1466764
	1251  -  MemoryUsage of job (MB)
	1281012  -  ResidentSetSize of job (KB)
...
006 (20797.000.000) 02/25 08:32:16 Image size of job updated: 1468916
	1251  -  MemoryUsage of job (MB)
	1281012  -  ResidentSetSize of job (KB)
...
006 (20797.000.000) 02/25 08:37:17 Image size of job updated: 1471704
	1254  -  MemoryUsage of job (MB)
	1283536  -  ResidentSetSize of job (KB)
...
006 (20797.000.000) 02/25 08:42:18 Image size of job updated: 1471704
	1254  -  MemoryUsage of job (MB)
	1283856  -  ResidentSetSize of job (KB)
...
006 (20797.000.000) 02/25 08:47:18 Image size of job updated: 1471712
	1254  -  MemoryUsage of job (MB)
	1283856  -  ResidentSetSize of job (KB)
...
004 (20797.000.000) 02/25 09:59:08 Job was evicted.
	(0) Job was not checkpointed.
		Usr 0 08:24:30, Sys 0 00:02:43  -  Run Remote Usage
		Usr 0 00:00:00, Sys 0 00:00:00  -  Run Local Usage
	0  -  Run Bytes Sent By Job
	0  -  Run Bytes Received By Job
	Partitionable Resources :    Usage  Request Allocated
	   Cpus                 :                 2         2
	   Disk (KB)            :        1        1   5108741
	   Memory (MB)          :     1254        1         1
...
001 (20797.000.000) 02/25 09:59:28 Job executing on host: <134.76.239.84:12289?addrs=134.76.239.84-12289>
...
004 (20797.000.000) 02/25 10:02:51 Job was evicted.
	(0) Job was not checkpointed.
		Usr 0 00:05:59, Sys 0 00:00:03  -  Run Remote Usage
		Usr 0 00:00:00, Sys 0 00:00:00  -  Run Local Usage
	0  -  Run Bytes Sent By Job
	0  -  Run Bytes Received By Job
	Partitionable Resources :    Usage  Request Allocated
	   Cpus                 :                 2         2
	   Disk (KB)            :        1        1   5108541
	   Memory (MB)          :     1465     1465      1465
...
001 (20797.000.000) 02/25 10:03:32 Job executing on host: <134.76.239.88:25067?addrs=134.76.239.88-25067>
...
004 (20797.000.000) 02/25 10:08:52 Job was evicted.
	(0) Job was not checkpointed.
		Usr 0 00:09:36, Sys 0 00:00:05  -  Run Remote Usage
		Usr 0 00:00:00, Sys 0 00:00:00  -  Run Local Usage
	0  -  Run Bytes Sent By Job
	0  -  Run Bytes Received By Job
	Partitionable Resources :    Usage  Request Allocated
	   Cpus                 :                 2         2
	   Disk (KB)            :        1        1   5108634
	   Memory (MB)          :     1465     1465      1465
...
001 (20797.000.000) 02/25 10:11:12 Job executing on host: <134.76.239.80:23833?addrs=134.76.239.80-23833>
...
004 (20797.000.000) 02/25 10:49:46 Job was evicted.
	(0) Job was not checkpointed.
		Usr 0 01:07:55, Sys 0 00:00:10  -  Run Remote Usage
		Usr 0 00:00:00, Sys 0 00:00:00  -  Run Local Usage
	0  -  Run Bytes Sent By Job
	0  -  Run Bytes Received By Job
	Partitionable Resources :    Usage  Request Allocated
	   Cpus                 :                 2         2
	   Disk (KB)            :        1        1   5045688
	   Memory (MB)          :     1465     1465      1465
...
001 (20797.000.000) 02/25 10:50:43 Job executing on host: <134.76.239.88:25067?addrs=134.76.239.88-25067>
...
004 (20797.000.000) 02/25 10:52:27 Job was evicted.
	(0) Job was not checkpointed.
		Usr 0 00:02:23, Sys 0 00:00:01  -  Run Remote Usage
		Usr 0 00:00:00, Sys 0 00:00:00  -  Run Local Usage
	0  -  Run Bytes Sent By Job
	0  -  Run Bytes Received By Job
	Partitionable Resources :    Usage  Request Allocated
	   Cpus                 :                 2         2
	   Disk (KB)            :        1        1   5108598
	   Memory (MB)          :     1465     1465      1465
...
001 (20797.000.000) 02/25 10:54:27 Job executing on host: <134.76.239.87:13734?addrs=134.76.239.87-13734>
...
004 (20797.000.000) 02/25 11:04:25 Job was evicted.
	(0) Job was not checkpointed.
		Usr 0 00:16:41, Sys 0 00:00:05  -  Run Remote Usage
		Usr 0 00:00:00, Sys 0 00:00:00  -  Run Local Usage
	0  -  Run Bytes Sent By Job
	0  -  Run Bytes Received By Job
	Partitionable Resources :    Usage  Request Allocated
	   Cpus                 :                 2         2
	   Disk (KB)            :        1        1   5108603
	   Memory (MB)          :     1465     1465      1465
...
001 (20797.000.000) 02/25 11:06:25 Job executing on host: <134.76.239.87:13734?addrs=134.76.239.87-13734>
...
004 (20797.000.000) 02/25 11:08:07 Job was evicted.
	(0) Job was not checkpointed.
		Usr 0 00:02:20, Sys 0 00:00:02  -  Run Remote Usage
		Usr 0 00:00:00, Sys 0 00:00:00  -  Run Local Usage
	0  -  Run Bytes Sent By Job
	0  -  Run Bytes Received By Job
	Partitionable Resources :    Usage  Request Allocated
	   Cpus                 :                 2         2
	   Disk (KB)            :        1        1   5108623
	   Memory (MB)          :     1465     1465      1465
...
001 (20797.000.000) 02/25 11:11:04 Job executing on host: <134.76.239.84:12289?addrs=134.76.239.84-12289>
...
