000 (28218.000.000) 02/26 16:56:04 Job submitted from host: <134.76.239.76:15915?addrs=134.76.239.76-15915>
...
001 (28218.000.000) 02/26 16:56:08 Job executing on host: <134.76.239.85:28271?addrs=134.76.239.85-28271>
...
006 (28218.000.000) 02/26 16:56:20 Image size of job updated: 45180
	5  -  MemoryUsage of job (MB)
	4312  -  ResidentSetSize of job (KB)
...
006 (28218.000.000) 02/26 17:01:21 Image size of job updated: 1070856
	932  -  MemoryUsage of job (MB)
	953632  -  ResidentSetSize of job (KB)
...
006 (28218.000.000) 02/26 17:06:21 Image size of job updated: 1071348
	932  -  MemoryUsage of job (MB)
	954144  -  ResidentSetSize of job (KB)
...
006 (28218.000.000) 02/26 17:11:22 Image size of job updated: 1080148
	932  -  MemoryUsage of job (MB)
	954144  -  ResidentSetSize of job (KB)
...
006 (28218.000.000) 02/26 17:16:23 Image size of job updated: 1307196
	1161  -  MemoryUsage of job (MB)
	1187976  -  ResidentSetSize of job (KB)
...
