DATE: 2016-02-26
TIME: 16:59:50
                                         version_number        8118
 read inlist_1.0
 create pre-main-sequence model
                                                species           8
 abundances
                                                     h1    7.2239800000000010D-01
                                                    he3    2.9354501846903837D-05
                                                    he4    2.7580664549815320D-01
                                                    c12    3.0389421693469165D-04
                                                    n14    8.9020399685668769D-05
                                                    o16    8.2652743558702833D-04
                                                   ne20    1.8538231355829537D-04
                                                   mg24    3.6117563423425028D-04


                                        relax_num_steps


                               finished relax_num_steps

 new_lnPgas_flag T
                                        relax_initial_Z    1.7660000000000000D-03
                                                  new z    1.7659999999999347D-03
                                        relax_initial_Y    2.7583600000000003D-01
                                                  new y    2.7583599999999991D-01
 net name basic.net
 do_element_diffusion T
 lnPgas_flag T
 kappa_file_prefix gs98
 kappa_lowT_prefix lowT_fa05_gs98
   eos_file_prefix mesa
                                        OMP_NUM_THREADS           1



stop because Lnuc_div_L >= Lnuc_div_L_zams_limit
    0.1004242462E+01    0.9990000000E+00

        798   7.113575   5909.739  -0.242094  -0.242094   0.781271   0.781271   0.722070   0.000103   0.275836   0.722320  -1.386299    786      0
   5.658733   2.003385  -0.141587 -48.207919  -1.857091 -99.000000   0.000000   0.276162   0.000827   0.001766   0.275914   0.089270      2      0
 2.8606E+07  17.256121  -0.243933 -99.000000   4.967471  -6.615144   0.000000   0.000292   0.000185  1.768E-03  1.766E-03 -0.294E-10    varcontrol

save photos/x798 for model 798
save final_profile.data write fgong_plot.data
                               s% atm_structure_num_pts          58
save final_profile.data.FGONG    798
 final_profile.data.FGONG for model 798
 saved to zams.mod
termination code: Lnuc_div_L_zams_limit

       runtime, prev time, retries, backups, steps         7.3        28.2         0         0       798
        798   7.113575   5909.739  -0.242094  -0.242094   0.781271   0.781271   0.722070   0.000103   0.275836   0.722320  -1.386299    786      0
   5.658733   2.003385  -0.141587 -48.207919  -1.857091 -99.000000   0.000000   0.276162   0.000827   0.001766   0.275914   0.089270      2      0
 2.8606E+07  17.256121  -0.243933 -99.000000   4.967471  -6.615144   0.000000   0.000292   0.000185  1.768E-03  1.766E-03 -0.294E-10    varcontrol

DATE: 2016-02-26
TIME: 17:08:47
DATE: 2016-02-26
TIME: 17:08:47
                                         version_number        8118
 read inlist_1.0
load saved model zams.mod

 new_lnPgas_flag T
 net name basic.net
 do_element_diffusion T
 lnPgas_flag T
                       which_atm_option: Eddington_grey
 kappa_file_prefix gs98
 kappa_lowT_prefix lowT_fa05_gs98
   eos_file_prefix mesa
                                        OMP_NUM_THREADS           1


__________________________________________________________________________________________________________________________________________________

       step    lg_Tcntr    Teff       lg_LH     lg_Lnuc     Mass       H_rich     H_cntr     N_cntr     Y_surf     X_avg     eta_cntr  zones retry
   lg_dt_yr    lg_Dcntr    lg_R       lg_L3a    lg_Lneu     lg_Mdot    He_core    He_cntr    O_cntr     Z_surf     Y_avg     gam_cntr  iters bckup
     age_yr    lg_Pcntr    lg_L       lg_LZ     lg_Psurf    lg_Dsurf   C_core     C_cntr     Ne_cntr    Z_cntr     Z_avg     v_div_cs     dt_limit
__________________________________________________________________________________________________________________________________________________

