DATE: 2016-02-26
TIME: 16:59:44
                                         version_number        8118
 read inlist_1.0
 create pre-main-sequence model
                                                species           8
 abundances
                                                     h1    7.0365200000000006D-01
                                                    he3    3.1299968168425496D-05
                                                    he4    2.9408570003183165D-01
                                                    c12    3.8391166363609900D-04
                                                    n14    1.1246008589962784D-04
                                                    o16    1.0441578192496074D-03
                                                   ne20    2.3419475738878243D-04
                                                   mg24    4.5627567382597762D-04


                                        relax_num_steps


                               finished relax_num_steps

 new_lnPgas_flag T
                                        relax_initial_Z    2.2309999999999999D-03
                                                  new z    2.2310000000004596D-03
                                        relax_initial_Y    2.9411700000000002D-01
                                                  new y    2.9411699999999974D-01
 net name basic.net
 do_element_diffusion T
 lnPgas_flag T
 kappa_file_prefix gs98
 kappa_lowT_prefix lowT_fa05_gs98
   eos_file_prefix mesa
                                        OMP_NUM_THREADS           1



stop because Lnuc_div_L >= Lnuc_div_L_zams_limit
    0.9994658836E+00    0.9990000000E+00

        910   7.238683   7753.828   0.530976   0.530976   1.150412   1.150412   0.702103   0.000558   0.293966   0.703389  -1.795852    876      0
   6.064159   2.030238   0.010088 -41.729829  -1.066746 -99.000000   0.000000   0.295602   0.001043   0.002228   0.294370   0.068918      2      0
 1.7341E+07  17.400422   0.531208 -99.000000   3.988676  -7.705302   0.000000   0.000002   0.000234  2.294E-03  2.241E-03 -0.684E-13  max increase

save photos/x910 for model 910
save final_profile.data write fgong_plot.data
                               s% atm_structure_num_pts          60
save final_profile.data.FGONG    910
 final_profile.data.FGONG for model 910
 saved to zams.mod
termination code: Lnuc_div_L_zams_limit

       runtime, prev time, retries, backups, steps         8.3        28.2         0         0       910
        910   7.238683   7753.828   0.530976   0.530976   1.150412   1.150412   0.702103   0.000558   0.293966   0.703389  -1.795852    876      0
   6.064159   2.030238   0.010088 -41.729829  -1.066746 -99.000000   0.000000   0.295602   0.001043   0.002228   0.294370   0.068918      2      0
 1.7341E+07  17.400422   0.531208 -99.000000   3.988676  -7.705302   0.000000   0.000002   0.000234  2.294E-03  2.241E-03 -0.684E-13  max increase

DATE: 2016-02-26
TIME: 17:09:50
DATE: 2016-02-26
TIME: 17:09:51
                                         version_number        8118
 read inlist_1.0
load saved model zams.mod

 new_lnPgas_flag T
 net name basic.net
 do_element_diffusion T
 lnPgas_flag T
                       which_atm_option: Eddington_grey
 kappa_file_prefix gs98
 kappa_lowT_prefix lowT_fa05_gs98
   eos_file_prefix mesa
                                        OMP_NUM_THREADS           1


__________________________________________________________________________________________________________________________________________________

       step    lg_Tcntr    Teff       lg_LH     lg_Lnuc     Mass       H_rich     H_cntr     N_cntr     Y_surf     X_avg     eta_cntr  zones retry
   lg_dt_yr    lg_Dcntr    lg_R       lg_L3a    lg_Lneu     lg_Mdot    He_core    He_cntr    O_cntr     Z_surf     Y_avg     gam_cntr  iters bckup
     age_yr    lg_Pcntr    lg_L       lg_LZ     lg_Psurf    lg_Dsurf   C_core     C_cntr     Ne_cntr    Z_cntr     Z_avg     v_div_cs     dt_limit
__________________________________________________________________________________________________________________________________________________

        912   7.238772   7782.456   0.531690   0.531690   1.150412   1.150412   0.701766   0.000559   0.294024   0.703334  -1.795381    846      0
   5.903090   2.030662   0.007079 -41.723415  -1.068283 -99.000000   0.000000   0.295939   0.001043   0.002230   0.294424   0.068937      4      0
 1.9141E+07  17.400826   0.531592 -14.507432   4.431080  -7.269761   0.000000   0.000002   0.000234  2.294E-03  2.242E-03  0.461E-12  max decrease

