000 (20395.000.000) 02/24 21:34:56 Job submitted from host: <134.76.239.76:13753?addrs=134.76.239.76-13753>
...
001 (20395.000.000) 02/25 00:34:39 Job executing on host: <134.76.239.87:13734?addrs=134.76.239.87-13734>
...
006 (20395.000.000) 02/25 00:34:48 Image size of job updated: 1
	3  -  MemoryUsage of job (MB)
	2068  -  ResidentSetSize of job (KB)
...
006 (20395.000.000) 02/25 00:39:49 Image size of job updated: 1143672
	934  -  MemoryUsage of job (MB)
	955476  -  ResidentSetSize of job (KB)
...
006 (20395.000.000) 02/25 00:44:49 Image size of job updated: 1146224
	934  -  MemoryUsage of job (MB)
	955476  -  ResidentSetSize of job (KB)
...
006 (20395.000.000) 02/25 00:49:50 Image size of job updated: 1245416
	1075  -  MemoryUsage of job (MB)
	1100368  -  ResidentSetSize of job (KB)
...
006 (20395.000.000) 02/25 00:54:51 Image size of job updated: 1247008
	1077  -  MemoryUsage of job (MB)
	1101892  -  ResidentSetSize of job (KB)
...
006 (20395.000.000) 02/25 00:59:51 Image size of job updated: 1458028
	1245  -  MemoryUsage of job (MB)
	1274340  -  ResidentSetSize of job (KB)
...
006 (20395.000.000) 02/25 01:04:51 Image size of job updated: 1461960
	1248  -  MemoryUsage of job (MB)
	1277180  -  ResidentSetSize of job (KB)
...
006 (20395.000.000) 02/25 01:09:52 Image size of job updated: 1461972
	1248  -  MemoryUsage of job (MB)
	1277180  -  ResidentSetSize of job (KB)
...
006 (20395.000.000) 02/25 02:46:38 Image size of job updated: 8220584
	1248  -  MemoryUsage of job (MB)
	1277180  -  ResidentSetSize of job (KB)
...
005 (20395.000.000) 02/25 02:46:38 Job terminated.
	(1) Normal termination (return value 0)
		Usr 0 03:31:00, Sys 0 00:00:33  -  Run Remote Usage
		Usr 0 00:00:00, Sys 0 00:00:00  -  Run Local Usage
		Usr 0 03:31:00, Sys 0 00:00:33  -  Total Remote Usage
		Usr 0 00:00:00, Sys 0 00:00:00  -  Total Local Usage
	0  -  Run Bytes Sent By Job
	0  -  Run Bytes Received By Job
	0  -  Total Bytes Sent By Job
	0  -  Total Bytes Received By Job
	Partitionable Resources :    Usage  Request Allocated
	   Cpus                 :                 2         2
	   Disk (KB)            :        1        1   5108773
	   Memory (MB)          :     1248        1         1
...
