000 (20049.000.000) 02/24 21:34:37 Job submitted from host: <134.76.239.76:13753?addrs=134.76.239.76-13753>
...
001 (20049.000.000) 02/24 21:34:53 Job executing on host: <134.76.239.87:13734?addrs=134.76.239.87-13734>
...
006 (20049.000.000) 02/24 21:35:07 Image size of job updated: 65712
	4  -  MemoryUsage of job (MB)
	3248  -  ResidentSetSize of job (KB)
...
006 (20049.000.000) 02/24 21:40:09 Image size of job updated: 209732
	70  -  MemoryUsage of job (MB)
	70740  -  ResidentSetSize of job (KB)
...
006 (20049.000.000) 02/24 21:45:09 Image size of job updated: 1144680
	923  -  MemoryUsage of job (MB)
	944840  -  ResidentSetSize of job (KB)
...
006 (20049.000.000) 02/24 21:50:09 Image size of job updated: 1145944
	923  -  MemoryUsage of job (MB)
	944840  -  ResidentSetSize of job (KB)
...
006 (20049.000.000) 02/24 22:10:11 Image size of job updated: 1242348
	1062  -  MemoryUsage of job (MB)
	1086908  -  ResidentSetSize of job (KB)
...
006 (20049.000.000) 02/24 22:25:12 Image size of job updated: 1242776
	1062  -  MemoryUsage of job (MB)
	1087244  -  ResidentSetSize of job (KB)
...
006 (20049.000.000) 02/24 22:35:14 Image size of job updated: 1453796
	1230  -  MemoryUsage of job (MB)
	1259056  -  ResidentSetSize of job (KB)
...
006 (20049.000.000) 02/24 22:40:14 Image size of job updated: 1456840
	1230  -  MemoryUsage of job (MB)
	1259484  -  ResidentSetSize of job (KB)
...
006 (20049.000.000) 02/24 22:45:15 Image size of job updated: 1456840
	1232  -  MemoryUsage of job (MB)
	1260848  -  ResidentSetSize of job (KB)
...
006 (20049.000.000) 02/24 22:50:16 Image size of job updated: 1456840
	1232  -  MemoryUsage of job (MB)
	1261304  -  ResidentSetSize of job (KB)
...
006 (20049.000.000) 02/24 22:55:16 Image size of job updated: 1456840
	1232  -  MemoryUsage of job (MB)
	1261432  -  ResidentSetSize of job (KB)
...
006 (20049.000.000) 02/24 23:00:16 Image size of job updated: 1458840
	1234  -  MemoryUsage of job (MB)
	1263576  -  ResidentSetSize of job (KB)
...
006 (20049.000.000) 02/25 01:20:19 Image size of job updated: 9881188
	1234  -  MemoryUsage of job (MB)
	1263576  -  ResidentSetSize of job (KB)
...
005 (20049.000.000) 02/25 01:20:19 Job terminated.
	(1) Normal termination (return value 0)
		Usr 0 05:34:31, Sys 0 00:02:06  -  Run Remote Usage
		Usr 0 00:00:00, Sys 0 00:00:00  -  Run Local Usage
		Usr 0 05:34:31, Sys 0 00:02:06  -  Total Remote Usage
		Usr 0 00:00:00, Sys 0 00:00:00  -  Total Local Usage
	0  -  Run Bytes Sent By Job
	0  -  Run Bytes Received By Job
	0  -  Total Bytes Sent By Job
	0  -  Total Bytes Received By Job
	Partitionable Resources :    Usage  Request Allocated
	   Cpus                 :                 2         2
	   Disk (KB)            :        1        1   5108817
	   Memory (MB)          :     1234        1         1
...
