DATE: 2016-02-26
TIME: 16:59:23
                                         version_number        8118
 read inlist_1.0
 create pre-main-sequence model
                                                species           8
 abundances
                                                     h1    7.0125700000000002D-01
                                                    he3    3.1747464797822050D-05
                                                    he4    2.9829025253520219D-01
                                                    c12    7.2445903357594202D-05
                                                    n14    2.1221737410910734D-05
                                                    o16    1.9703740112239846D-04
                                                   ne20    4.4193631941135964D-05
                                                   mg24    8.6101326167965352D-05


                                        relax_num_steps


                               finished relax_num_steps

 new_lnPgas_flag T
                                        relax_initial_Z    4.2099999999999999D-04
                                                  new z    4.2100000000038586D-04
                                        relax_initial_Y    2.9832199999999998D-01
                                                  new y    2.9832200000000003D-01
 net name basic.net
 do_element_diffusion T
 lnPgas_flag T
 kappa_file_prefix gs98
 kappa_lowT_prefix lowT_fa05_gs98
   eos_file_prefix mesa
                                        OMP_NUM_THREADS           1



stop because Lnuc_div_L >= Lnuc_div_L_zams_limit
    0.1003789713E+01    0.9990000000E+00

        844   7.165490   6721.247   0.060570   0.060570   0.867294   0.867294   0.700854   0.000045   0.298322   0.701149  -1.521944    806      0
   5.810206   2.032580  -0.101920 -45.364425  -1.555459 -99.000000   0.000000   0.298721   0.000197   0.000421   0.298430   0.081699      2      0
 1.9225E+07  17.329949   0.058927 -99.000000   4.588014  -7.042463   0.000000   0.000052   0.000044  4.244E-04  4.217E-04 -0.502E-11  max increase

save photos/x844 for model 844
save final_profile.data write fgong_plot.data
                               s% atm_structure_num_pts          87
save final_profile.data.FGONG    844
 final_profile.data.FGONG for model 844
 saved to zams.mod
termination code: Lnuc_div_L_zams_limit

       runtime, prev time, retries, backups, steps         7.7        28.2         0         0       844
        844   7.165490   6721.247   0.060570   0.060570   0.867294   0.867294   0.700854   0.000045   0.298322   0.701149  -1.521944    806      0
   5.810206   2.032580  -0.101920 -45.364425  -1.555459 -99.000000   0.000000   0.298721   0.000197   0.000421   0.298430   0.081699      2      0
 1.9225E+07  17.329949   0.058927 -99.000000   4.588014  -7.042463   0.000000   0.000052   0.000044  4.244E-04  4.217E-04 -0.502E-11  max increase

DATE: 2016-02-26
TIME: 17:09:12
DATE: 2016-02-26
TIME: 17:09:12
                                         version_number        8118
 read inlist_1.0
load saved model zams.mod

 new_lnPgas_flag T
 net name basic.net
 do_element_diffusion T
 lnPgas_flag T
                       which_atm_option: Eddington_grey
 kappa_file_prefix gs98
 kappa_lowT_prefix lowT_fa05_gs98
   eos_file_prefix mesa
                                        OMP_NUM_THREADS           1


__________________________________________________________________________________________________________________________________________________

       step    lg_Tcntr    Teff       lg_LH     lg_Lnuc     Mass       H_rich     H_cntr     N_cntr     Y_surf     X_avg     eta_cntr  zones retry
   lg_dt_yr    lg_Dcntr    lg_R       lg_L3a    lg_Lneu     lg_Mdot    He_core    He_cntr    O_cntr     Z_surf     Y_avg     gam_cntr  iters bckup
     age_yr    lg_Pcntr    lg_L       lg_LZ     lg_Psurf    lg_Dsurf   C_core     C_cntr     Ne_cntr    Z_cntr     Z_avg     v_div_cs     dt_limit
__________________________________________________________________________________________________________________________________________________

