000 (20879.000.000) 02/24 21:35:21 Job submitted from host: <134.76.239.76:13753?addrs=134.76.239.76-13753>
...
001 (20879.000.000) 02/25 06:08:47 Job executing on host: <134.76.239.91:19968?addrs=134.76.239.91-19968>
...
006 (20879.000.000) 02/25 06:08:56 Image size of job updated: 137996
	19  -  MemoryUsage of job (MB)
	18544  -  ResidentSetSize of job (KB)
...
006 (20879.000.000) 02/25 06:13:57 Image size of job updated: 1142816
	932  -  MemoryUsage of job (MB)
	954236  -  ResidentSetSize of job (KB)
...
006 (20879.000.000) 02/25 06:18:57 Image size of job updated: 1327716
	1138  -  MemoryUsage of job (MB)
	1165260  -  ResidentSetSize of job (KB)
...
006 (20879.000.000) 02/25 06:23:57 Image size of job updated: 1563280
	1138  -  MemoryUsage of job (MB)
	1165260  -  ResidentSetSize of job (KB)
...
006 (20879.000.000) 02/25 06:28:58 Image size of job updated: 1563280
	1139  -  MemoryUsage of job (MB)
	1165872  -  ResidentSetSize of job (KB)
...
006 (20879.000.000) 02/25 06:33:59 Image size of job updated: 1575852
	1331  -  MemoryUsage of job (MB)
	1362876  -  ResidentSetSize of job (KB)
...
006 (20879.000.000) 02/25 06:38:59 Image size of job updated: 1575860
	1331  -  MemoryUsage of job (MB)
	1362876  -  ResidentSetSize of job (KB)
...
005 (20879.000.000) 02/25 07:14:17 Job terminated.
	(1) Normal termination (return value 0)
		Usr 0 01:30:01, Sys 0 00:00:20  -  Run Remote Usage
		Usr 0 00:00:00, Sys 0 00:00:00  -  Run Local Usage
		Usr 0 01:30:01, Sys 0 00:00:20  -  Total Remote Usage
		Usr 0 00:00:00, Sys 0 00:00:00  -  Total Local Usage
	0  -  Run Bytes Sent By Job
	0  -  Run Bytes Received By Job
	0  -  Total Bytes Sent By Job
	0  -  Total Bytes Received By Job
	Partitionable Resources :    Usage  Request Allocated
	   Cpus                 :                 2         2
	   Disk (KB)            :        1        1   5108652
	   Memory (MB)          :     1331        1         1
...
