DATE: 2016-02-26
TIME: 16:59:41
                                         version_number        8118
 read inlist_1.0
 create pre-main-sequence model
                                                species           8
 abundances
                                                     h1    7.4757899999999999D-01
                                                    he3    2.6634297008852567D-05
                                                    he4    2.5024836570299114D-01
                                                    c12    3.6928481854012842D-04
                                                    n14    1.0817541207556658D-04
                                                    o16    1.0043759211607094D-03
                                                   ne20    2.2527205260255558D-04
                                                   mg24    4.3889179562102117D-04


                                        relax_num_steps

       retry log10(dt/yr), log10(dt), retry_factor     1     1       -5.602060        1.897052        0.500000
       retry log10(dt/yr), log10(dt), retry_factor     2     1       -5.903090        1.596022        0.500000

                               finished relax_num_steps

 new_lnPgas_flag T
                                        relax_initial_Z    2.1459999999999999D-03
                                                  new z    2.1460000000000554D-03
                                        relax_initial_Y    2.5027500000000003D-01
                                                  new y    2.5027500000000014D-01
 net name basic.net
 do_element_diffusion T
 lnPgas_flag T
 kappa_file_prefix gs98
 kappa_lowT_prefix lowT_fa05_gs98
   eos_file_prefix mesa
                                        OMP_NUM_THREADS           1



stop because Lnuc_div_L >= Lnuc_div_L_zams_limit
    0.1000423145E+01    0.9990000000E+00

        963   7.286132   9088.993   0.869482   0.869482   1.452646   1.452646   0.746267   0.000538   0.141441   0.747283  -2.022242    888      0
   5.882360   1.996379   0.041134 -39.698494  -0.670984 -99.000000   0.000000   0.251527   0.001002   0.000497   0.250557   0.059099      2      0
 1.2433E+07  17.427941   0.869298 -99.000000   3.212260  -8.712674   0.000000   0.000003   0.000225  2.207E-03  2.160E-03  0.523E-12  max increase

save photos/x963 for model 963
save final_profile.data write fgong_plot.data
                               s% atm_structure_num_pts          41
save final_profile.data.FGONG    963
 final_profile.data.FGONG for model 963
 saved to zams.mod
termination code: Lnuc_div_L_zams_limit

       runtime, prev time, retries, backups, steps         8.5        28.2         0         0       963
        963   7.286132   9088.993   0.869482   0.869482   1.452646   1.452646   0.746267   0.000538   0.141441   0.747283  -2.022242    888      0
   5.882360   1.996379   0.041134 -39.698494  -0.670984 -99.000000   0.000000   0.251527   0.001002   0.000497   0.250557   0.059099      2      0
 1.2433E+07  17.427941   0.869298 -99.000000   3.212260  -8.712674   0.000000   0.000003   0.000225  2.207E-03  2.160E-03  0.523E-12  max increase

DATE: 2016-02-26
TIME: 17:09:57
DATE: 2016-02-26
TIME: 17:09:57
                                         version_number        8118
 read inlist_1.0
load saved model zams.mod

 new_lnPgas_flag T
 net name basic.net
 do_element_diffusion T
 lnPgas_flag T
                       which_atm_option: Eddington_grey
 kappa_file_prefix gs98
 kappa_lowT_prefix lowT_fa05_gs98
   eos_file_prefix mesa
                                        OMP_NUM_THREADS           1


__________________________________________________________________________________________________________________________________________________

       step    lg_Tcntr    Teff       lg_LH     lg_Lnuc     Mass       H_rich     H_cntr     N_cntr     Y_surf     X_avg     eta_cntr  zones retry
   lg_dt_yr    lg_Dcntr    lg_R       lg_L3a    lg_Lneu     lg_Mdot    He_core    He_cntr    O_cntr     Z_surf     Y_avg     gam_cntr  iters bckup
     age_yr    lg_Pcntr    lg_L       lg_LZ     lg_Psurf    lg_Dsurf   C_core     C_cntr     Ne_cntr    Z_cntr     Z_avg     v_div_cs     dt_limit
__________________________________________________________________________________________________________________________________________________

