000 (20316.000.000) 02/24 21:34:51 Job submitted from host: <134.76.239.76:13753?addrs=134.76.239.76-13753>
...
001 (20316.000.000) 02/24 23:46:38 Job executing on host: <134.76.239.84:12289?addrs=134.76.239.84-12289>
...
006 (20316.000.000) 02/24 23:46:47 Image size of job updated: 65712
	5  -  MemoryUsage of job (MB)
	4292  -  ResidentSetSize of job (KB)
...
006 (20316.000.000) 02/24 23:51:48 Image size of job updated: 1143344
	934  -  MemoryUsage of job (MB)
	956036  -  ResidentSetSize of job (KB)
...
006 (20316.000.000) 02/24 23:56:49 Image size of job updated: 1144724
	934  -  MemoryUsage of job (MB)
	956036  -  ResidentSetSize of job (KB)
...
006 (20316.000.000) 02/25 00:01:49 Image size of job updated: 1275976
	1066  -  MemoryUsage of job (MB)
	1091232  -  ResidentSetSize of job (KB)
...
006 (20316.000.000) 02/25 00:06:50 Image size of job updated: 1423728
	1237  -  MemoryUsage of job (MB)
	1266000  -  ResidentSetSize of job (KB)
...
006 (20316.000.000) 02/25 00:11:51 Image size of job updated: 1472808
	1237  -  MemoryUsage of job (MB)
	1266000  -  ResidentSetSize of job (KB)
...
006 (20316.000.000) 02/25 00:26:52 Image size of job updated: 1472808
	1245  -  MemoryUsage of job (MB)
	1274128  -  ResidentSetSize of job (KB)
...
006 (20316.000.000) 02/25 00:31:52 Image size of job updated: 1485580
	1295  -  MemoryUsage of job (MB)
	1325816  -  ResidentSetSize of job (KB)
...
006 (20316.000.000) 02/25 00:36:52 Image size of job updated: 1485588
	1295  -  MemoryUsage of job (MB)
	1325816  -  ResidentSetSize of job (KB)
...
006 (20316.000.000) 02/25 01:28:25 Image size of job updated: 7485348
	1295  -  MemoryUsage of job (MB)
	1325816  -  ResidentSetSize of job (KB)
...
005 (20316.000.000) 02/25 01:28:25 Job terminated.
	(1) Normal termination (return value 0)
		Usr 0 02:38:24, Sys 0 00:00:51  -  Run Remote Usage
		Usr 0 00:00:00, Sys 0 00:00:00  -  Run Local Usage
		Usr 0 02:38:24, Sys 0 00:00:51  -  Total Remote Usage
		Usr 0 00:00:00, Sys 0 00:00:00  -  Total Local Usage
	0  -  Run Bytes Sent By Job
	0  -  Run Bytes Received By Job
	0  -  Total Bytes Sent By Job
	0  -  Total Bytes Received By Job
	Partitionable Resources :    Usage  Request Allocated
	   Cpus                 :                 2         2
	   Disk (KB)            :        1        1   5108561
	   Memory (MB)          :     1295        1         1
...
