000 (20606.000.000) 02/24 21:35:07 Job submitted from host: <134.76.239.76:13753?addrs=134.76.239.76-13753>
...
001 (20606.000.000) 02/25 03:00:45 Job executing on host: <134.76.239.88:25067?addrs=134.76.239.88-25067>
...
006 (20606.000.000) 02/25 03:00:54 Image size of job updated: 1
	3  -  MemoryUsage of job (MB)
	2068  -  ResidentSetSize of job (KB)
...
006 (20606.000.000) 02/25 03:05:55 Image size of job updated: 1145516
	924  -  MemoryUsage of job (MB)
	945396  -  ResidentSetSize of job (KB)
...
006 (20606.000.000) 02/25 03:10:55 Image size of job updated: 1146132
	924  -  MemoryUsage of job (MB)
	945396  -  ResidentSetSize of job (KB)
...
006 (20606.000.000) 02/25 03:20:56 Image size of job updated: 1249968
	1078  -  MemoryUsage of job (MB)
	1103112  -  ResidentSetSize of job (KB)
...
006 (20606.000.000) 02/25 03:25:56 Image size of job updated: 1249968
	1078  -  MemoryUsage of job (MB)
	1103464  -  ResidentSetSize of job (KB)
...
006 (20606.000.000) 02/25 03:30:56 Image size of job updated: 1460988
	1246  -  MemoryUsage of job (MB)
	1275612  -  ResidentSetSize of job (KB)
...
006 (20606.000.000) 02/25 03:35:57 Image size of job updated: 1460988
	1247  -  MemoryUsage of job (MB)
	1275960  -  ResidentSetSize of job (KB)
...
006 (20606.000.000) 02/25 03:40:58 Image size of job updated: 1463224
	1247  -  MemoryUsage of job (MB)
	1275960  -  ResidentSetSize of job (KB)
...
006 (20606.000.000) 02/25 04:21:01 Image size of job updated: 1463652
	1247  -  MemoryUsage of job (MB)
	1275960  -  ResidentSetSize of job (KB)
...
005 (20606.000.000) 02/25 05:19:25 Job terminated.
	(1) Normal termination (return value 0)
		Usr 0 03:39:12, Sys 0 00:00:45  -  Run Remote Usage
		Usr 0 00:00:00, Sys 0 00:00:00  -  Run Local Usage
		Usr 0 03:39:12, Sys 0 00:00:45  -  Total Remote Usage
		Usr 0 00:00:00, Sys 0 00:00:00  -  Total Local Usage
	0  -  Run Bytes Sent By Job
	0  -  Run Bytes Received By Job
	0  -  Total Bytes Sent By Job
	0  -  Total Bytes Received By Job
	Partitionable Resources :    Usage  Request Allocated
	   Cpus                 :                 2         2
	   Disk (KB)            :        1        1   5108711
	   Memory (MB)          :     1247        1         1
...
