000 (20555.000.000) 02/24 21:35:04 Job submitted from host: <134.76.239.76:13753?addrs=134.76.239.76-13753>
...
001 (20555.000.000) 02/25 02:19:41 Job executing on host: <134.76.239.83:20501?addrs=134.76.239.83-20501>
...
006 (20555.000.000) 02/25 02:19:50 Image size of job updated: 145608
	18  -  MemoryUsage of job (MB)
	18168  -  ResidentSetSize of job (KB)
...
006 (20555.000.000) 02/25 02:24:51 Image size of job updated: 1143644
	921  -  MemoryUsage of job (MB)
	942128  -  ResidentSetSize of job (KB)
...
006 (20555.000.000) 02/25 02:29:51 Image size of job updated: 1146044
	921  -  MemoryUsage of job (MB)
	942128  -  ResidentSetSize of job (KB)
...
006 (20555.000.000) 02/25 02:34:52 Image size of job updated: 1303232
	1075  -  MemoryUsage of job (MB)
	1100144  -  ResidentSetSize of job (KB)
...
006 (20555.000.000) 02/25 02:39:53 Image size of job updated: 1305444
	1077  -  MemoryUsage of job (MB)
	1102772  -  ResidentSetSize of job (KB)
...
006 (20555.000.000) 02/25 02:44:53 Image size of job updated: 1450928
	1246  -  MemoryUsage of job (MB)
	1274952  -  ResidentSetSize of job (KB)
...
006 (20555.000.000) 02/25 02:49:53 Image size of job updated: 1450936
	1248  -  MemoryUsage of job (MB)
	1277616  -  ResidentSetSize of job (KB)
...
006 (20555.000.000) 02/25 02:54:54 Image size of job updated: 1500008
	1248  -  MemoryUsage of job (MB)
	1277616  -  ResidentSetSize of job (KB)
...
006 (20555.000.000) 02/25 03:24:58 Image size of job updated: 1514552
	1248  -  MemoryUsage of job (MB)
	1277616  -  ResidentSetSize of job (KB)
...
005 (20555.000.000) 02/25 04:07:07 Job terminated.
	(1) Normal termination (return value 0)
		Usr 0 02:45:01, Sys 0 00:00:50  -  Run Remote Usage
		Usr 0 00:00:00, Sys 0 00:00:00  -  Run Local Usage
		Usr 0 02:45:01, Sys 0 00:00:50  -  Total Remote Usage
		Usr 0 00:00:00, Sys 0 00:00:00  -  Total Local Usage
	0  -  Run Bytes Sent By Job
	0  -  Run Bytes Received By Job
	0  -  Total Bytes Sent By Job
	0  -  Total Bytes Received By Job
	Partitionable Resources :    Usage  Request Allocated
	   Cpus                 :                 2         2
	   Disk (KB)            :        1        1   5108729
	   Memory (MB)          :     1248        1         1
...
