DATE: 2016-02-26
TIME: 16:59:47
                                         version_number        8118
 read inlist_1.0
 create pre-main-sequence model
                                                species           8
 abundances
                                                     h1    7.1243100000000004D-01
                                                    he3    3.0551728263244217D-05
                                                    he4    2.8705544827173679D-01
                                                    c12    8.3114896251093527D-05
                                                    n14    2.4347028906098936D-05
                                                    o16    2.2605478561068344D-04
                                                   ne20    5.0701957785187696D-05
                                                   mg24    9.8781331446836545D-05


                                        relax_num_steps


                               finished relax_num_steps

 new_lnPgas_flag T
                                        relax_initial_Z    4.8299999999999998D-04
                                                  new z    4.8299999999975077D-04
                                        relax_initial_Y    2.8708600000000001D-01
                                                  new y    2.8708599999999984D-01
 net name basic.net
 do_element_diffusion T
 lnPgas_flag T
 kappa_file_prefix gs98
 kappa_lowT_prefix lowT_fa05_gs98
   eos_file_prefix mesa
                                        OMP_NUM_THREADS           1



stop because Lnuc_div_L >= Lnuc_div_L_zams_limit
    0.1000170333E+01    0.9990000000E+00

        929   7.259221   8776.213   0.657370   0.657370   1.203146   1.203146   0.711720   0.000121   0.280646   0.712211  -1.861586    887      0
   5.867581   2.031495  -0.034450 -40.762786  -0.922079 -99.000000   0.000000   0.287784   0.000226   0.000460   0.287302   0.065478      2      0
 1.2136E+07  17.425334   0.657296 -99.000000   3.494515  -8.291895   0.000000   0.000001   0.000051  4.967E-04  4.867E-04  0.214E-12  max increase

save photos/x929 for model 929
save final_profile.data write fgong_plot.data
                               s% atm_structure_num_pts          45
save final_profile.data.FGONG    929
 final_profile.data.FGONG for model 929
 saved to zams.mod
termination code: Lnuc_div_L_zams_limit

       runtime, prev time, retries, backups, steps         8.5        28.2         0         0       929
        929   7.259221   8776.213   0.657370   0.657370   1.203146   1.203146   0.711720   0.000121   0.280646   0.712211  -1.861586    887      0
   5.867581   2.031495  -0.034450 -40.762786  -0.922079 -99.000000   0.000000   0.287784   0.000226   0.000460   0.287302   0.065478      2      0
 1.2136E+07  17.425334   0.657296 -99.000000   3.494515  -8.291895   0.000000   0.000001   0.000051  4.967E-04  4.867E-04  0.214E-12  max increase

DATE: 2016-02-26
TIME: 17:09:56
DATE: 2016-02-26
TIME: 17:09:56
                                         version_number        8118
 read inlist_1.0
load saved model zams.mod

 new_lnPgas_flag T
 net name basic.net
 do_element_diffusion T
 lnPgas_flag T
                       which_atm_option: Eddington_grey
 kappa_file_prefix gs98
 kappa_lowT_prefix lowT_fa05_gs98
   eos_file_prefix mesa
                                        OMP_NUM_THREADS           1


__________________________________________________________________________________________________________________________________________________

       step    lg_Tcntr    Teff       lg_LH     lg_Lnuc     Mass       H_rich     H_cntr     N_cntr     Y_surf     X_avg     eta_cntr  zones retry
   lg_dt_yr    lg_Dcntr    lg_R       lg_L3a    lg_Lneu     lg_Mdot    He_core    He_cntr    O_cntr     Z_surf     Y_avg     gam_cntr  iters bckup
     age_yr    lg_Pcntr    lg_L       lg_LZ     lg_Psurf    lg_Dsurf   C_core     C_cntr     Ne_cntr    Z_cntr     Z_avg     v_div_cs     dt_limit
__________________________________________________________________________________________________________________________________________________

