000 (20824.000.000) 02/24 21:35:18 Job submitted from host: <134.76.239.76:13753?addrs=134.76.239.76-13753>
...
001 (20824.000.000) 02/25 05:23:47 Job executing on host: <134.76.239.85:29523?addrs=134.76.239.85-29523>
...
006 (20824.000.000) 02/25 05:23:56 Image size of job updated: 1
	3  -  MemoryUsage of job (MB)
	2072  -  ResidentSetSize of job (KB)
...
006 (20824.000.000) 02/25 05:28:57 Image size of job updated: 1144580
	930  -  MemoryUsage of job (MB)
	952280  -  ResidentSetSize of job (KB)
...
022 (20824.000.000) 02/25 05:35:22 Job disconnected, attempting to reconnect
    Socket between submit and execute hosts closed unexpectedly
    Trying to reconnect to slot1@seismo25.mps.mpg.de <134.76.239.85:29523?addrs=134.76.239.85-29523>
...
024 (20824.000.000) 02/25 06:15:25 Job reconnection failed
    Job disconnected too long: JobLeaseDuration (2400 seconds) expired
    Can not reconnect to slot1@seismo25.mps.mpg.de, rescheduling job
...
001 (20824.000.000) 02/25 06:27:48 Job executing on host: <134.76.239.79:12046?addrs=134.76.239.79-12046>
...
006 (20824.000.000) 02/25 06:42:59 Image size of job updated: 1250000
	1076  -  MemoryUsage of job (MB)
	1101380  -  ResidentSetSize of job (KB)
...
006 (20824.000.000) 02/25 06:47:59 Image size of job updated: 1250000
	1076  -  MemoryUsage of job (MB)
	1101712  -  ResidentSetSize of job (KB)
...
006 (20824.000.000) 02/25 06:53:00 Image size of job updated: 1458760
	1245  -  MemoryUsage of job (MB)
	1273860  -  ResidentSetSize of job (KB)
...
006 (20824.000.000) 02/25 06:58:00 Image size of job updated: 1462172
	1245  -  MemoryUsage of job (MB)
	1274328  -  ResidentSetSize of job (KB)
...
005 (20824.000.000) 02/25 08:28:34 Job terminated.
	(1) Normal termination (return value 0)
		Usr 0 03:13:00, Sys 0 00:00:46  -  Run Remote Usage
		Usr 0 00:00:00, Sys 0 00:00:00  -  Run Local Usage
		Usr 0 03:13:00, Sys 0 00:00:46  -  Total Remote Usage
		Usr 0 00:00:00, Sys 0 00:00:00  -  Total Local Usage
	0  -  Run Bytes Sent By Job
	0  -  Run Bytes Received By Job
	0  -  Total Bytes Sent By Job
	0  -  Total Bytes Received By Job
	Partitionable Resources :    Usage  Request Allocated
	   Cpus                 :                 2         2
	   Disk (KB)            :        1        1   5108656
	   Memory (MB)          :     1245      977       977
...
