DATE: 2016-02-26
TIME: 16:59:33
                                         version_number        8118
 read inlist_1.0
 create pre-main-sequence model
                                                species           8
 abundances
                                                     h1    7.0054200000000000D-01
                                                    he3    3.1248567247617276D-05
                                                    he4    2.9360275143275238D-01
                                                    c12    1.0021970098684741D-03
                                                    n14    2.9357576883882146D-04
                                                    o16    2.7257620525815819D-03
                                                   ne20    6.1136273735196026D-04
                                                   mg24    1.1911024313592134D-03


                                        relax_num_steps


                               finished relax_num_steps

 new_lnPgas_flag T
                                        relax_initial_Z    5.8240000000000002D-03
                                                  new z    5.8240000000010055D-03
                                        relax_initial_Y    2.9363400000000001D-01
                                                  new y    2.9363399999999973D-01
 net name basic.net
 do_element_diffusion T
 lnPgas_flag T
 kappa_file_prefix gs98
 kappa_lowT_prefix lowT_fa05_gs98
   eos_file_prefix mesa
                                        OMP_NUM_THREADS           1



stop because Lnuc_div_L >= Lnuc_div_L_zams_limit
    0.9993726840E+00    0.9990000000E+00

        855   7.187016   6492.576   0.205354   0.205354   1.029013   1.029013   0.697834   0.001453   0.293634   0.700039  -1.683637    796      0
   6.657463   1.999771   0.001495 -44.340526  -1.428195 -99.000000   0.000000   0.296177   0.002725   0.005824   0.294113   0.076088      3      0
 4.5440E+07  17.316809   0.205626 -15.352530   4.558129  -7.055716   0.000000   0.000009   0.000611  5.989E-03  5.848E-03  0.253E-12  max increase

save photos/x855 for model 855
save final_profile.data write fgong_plot.data
                               s% atm_structure_num_pts          54
save final_profile.data.FGONG    855
 final_profile.data.FGONG for model 855
 saved to zams.mod
termination code: Lnuc_div_L_zams_limit

       runtime, prev time, retries, backups, steps         8.0        28.2         0         0       855
        855   7.187016   6492.576   0.205354   0.205354   1.029013   1.029013   0.697834   0.001453   0.293634   0.700039  -1.683637    796      0
   6.657463   1.999771   0.001495 -44.340526  -1.428195 -99.000000   0.000000   0.296177   0.002725   0.005824   0.294113   0.076088      3      0
 4.5440E+07  17.316809   0.205626 -15.352530   4.558129  -7.055716   0.000000   0.000009   0.000611  5.989E-03  5.848E-03  0.253E-12  max increase

DATE: 2016-02-26
TIME: 17:09:30
DATE: 2016-02-26
TIME: 17:09:30
                                         version_number        8118
 read inlist_1.0
load saved model zams.mod

 new_lnPgas_flag T
 net name basic.net
 do_element_diffusion T
 lnPgas_flag T
                       which_atm_option: Eddington_grey
 kappa_file_prefix gs98
 kappa_lowT_prefix lowT_fa05_gs98
   eos_file_prefix mesa
                                        OMP_NUM_THREADS           1


__________________________________________________________________________________________________________________________________________________

       step    lg_Tcntr    Teff       lg_LH     lg_Lnuc     Mass       H_rich     H_cntr     N_cntr     Y_surf     X_avg     eta_cntr  zones retry
   lg_dt_yr    lg_Dcntr    lg_R       lg_L3a    lg_Lneu     lg_Mdot    He_core    He_cntr    O_cntr     Z_surf     Y_avg     gam_cntr  iters bckup
     age_yr    lg_Pcntr    lg_L       lg_LZ     lg_Psurf    lg_Dsurf   C_core     C_cntr     Ne_cntr    Z_cntr     Z_avg     v_div_cs     dt_limit
__________________________________________________________________________________________________________________________________________________

        858   7.187011   6675.951   0.206284   0.206284   1.029013   1.029013   0.697583   0.001455   0.293634   0.699998  -1.681997    794      0
   5.866938   2.000506  -0.022374 -44.338499  -1.428474 -99.000000   0.000000   0.296427   0.002725   0.005824   0.294153   0.076141      2      0
 4.7976E+07  17.317463   0.206272 -99.000000   4.892559  -6.737325   0.000000   0.000007   0.000611  5.990E-03  5.848E-03  0.393E-13    varcontrol

