DATE: 2016-02-26
TIME: 16:59:51
                                         version_number        8118
 read inlist_1.0
 create pre-main-sequence model
                                                species           8
 abundances
                                                     h1    6.6278799999999993D-01
                                                    he3    3.5789620439764905D-05
                                                    he4    3.3626921037956026D-01
                                                    c12    1.5607704120032439D-04
                                                    n14    4.5719990099039506D-05
                                                    o16    4.2449625372449330D-04
                                                   ne20    9.5210508718787369D-05
                                                   mg24    1.8549620625734665D-04


                                        relax_num_steps


                               finished relax_num_steps

 new_lnPgas_flag T
                                        relax_initial_Z    9.0700000000000004D-04
                                                  new z    9.0700000000068655D-04
                                        relax_initial_Y    3.3630500000000002D-01
                                                  new y    3.3630499999999985D-01
 net name basic.net
 do_element_diffusion T
 lnPgas_flag T
 kappa_file_prefix gs98
 kappa_lowT_prefix lowT_fa05_gs98
   eos_file_prefix mesa
                                        OMP_NUM_THREADS           1



stop because Lnuc_div_L >= Lnuc_div_L_zams_limit
    0.1002706492E+01    0.9990000000E+00

        944   7.266288   9101.952   0.777568   0.777568   1.171506   1.171506   0.662612   0.000155   0.336257   0.662737  -1.879232    899      0
   4.795211   2.048223  -0.006556 -40.218479  -0.748456 -99.000000   0.000000   0.336465   0.000424   0.000907   0.336352   0.066718      2      0
 7.3979E+06  17.432651   0.776395 -99.000000   3.325075  -8.473130   0.000000   0.000063   0.000095  9.226E-04  9.106E-04 -0.216E-09    varcontrol

save photos/x944 for model 944
save final_profile.data write fgong_plot.data
                               s% atm_structure_num_pts          42
save final_profile.data.FGONG    944
 final_profile.data.FGONG for model 944
 saved to zams.mod
termination code: Lnuc_div_L_zams_limit

       runtime, prev time, retries, backups, steps        10.5        28.2         0         0       944
        944   7.266288   9101.952   0.777568   0.777568   1.171506   1.171506   0.662612   0.000155   0.336257   0.662737  -1.879232    899      0
   4.795211   2.048223  -0.006556 -40.218479  -0.748456 -99.000000   0.000000   0.336465   0.000424   0.000907   0.336352   0.066718      2      0
 7.3979E+06  17.432651   0.776395 -99.000000   3.325075  -8.473130   0.000000   0.000063   0.000095  9.226E-04  9.106E-04 -0.216E-09    varcontrol

DATE: 2016-02-26
TIME: 17:12:06
DATE: 2016-02-26
TIME: 17:12:06
                                         version_number        8118
 read inlist_1.0
load saved model zams.mod

 new_lnPgas_flag T
 net name basic.net
 do_element_diffusion T
 lnPgas_flag T
                       which_atm_option: Eddington_grey
 kappa_file_prefix gs98
 kappa_lowT_prefix lowT_fa05_gs98
   eos_file_prefix mesa
                                        OMP_NUM_THREADS           1


__________________________________________________________________________________________________________________________________________________

       step    lg_Tcntr    Teff       lg_LH     lg_Lnuc     Mass       H_rich     H_cntr     N_cntr     Y_surf     X_avg     eta_cntr  zones retry
   lg_dt_yr    lg_Dcntr    lg_R       lg_L3a    lg_Lneu     lg_Mdot    He_core    He_cntr    O_cntr     Z_surf     Y_avg     gam_cntr  iters bckup
     age_yr    lg_Pcntr    lg_L       lg_LZ     lg_Psurf    lg_Dsurf   C_core     C_cntr     Ne_cntr    Z_cntr     Z_avg     v_div_cs     dt_limit
__________________________________________________________________________________________________________________________________________________

