000 (28454.000.000) 02/26 16:56:16 Job submitted from host: <134.76.239.76:15915?addrs=134.76.239.76-15915>
...
001 (28454.000.000) 02/26 16:56:27 Job executing on host: <134.76.239.87:21186?addrs=134.76.239.87-21186>
...
006 (28454.000.000) 02/26 16:56:39 Image size of job updated: 65712
	4  -  MemoryUsage of job (MB)
	4048  -  ResidentSetSize of job (KB)
...
006 (28454.000.000) 02/26 17:01:39 Image size of job updated: 1071992
	933  -  MemoryUsage of job (MB)
	954704  -  ResidentSetSize of job (KB)
...
006 (28454.000.000) 02/26 17:06:40 Image size of job updated: 1072544
	933  -  MemoryUsage of job (MB)
	955148  -  ResidentSetSize of job (KB)
...
006 (28454.000.000) 02/26 17:11:41 Image size of job updated: 1079672
	940  -  MemoryUsage of job (MB)
	962168  -  ResidentSetSize of job (KB)
...
006 (28454.000.000) 02/26 17:16:41 Image size of job updated: 1080600
	940  -  MemoryUsage of job (MB)
	962168  -  ResidentSetSize of job (KB)
...
