000 (20080.000.000) 02/24 21:34:38 Job submitted from host: <134.76.239.76:13753?addrs=134.76.239.76-13753>
...
001 (20080.000.000) 02/24 21:34:57 Job executing on host: <134.76.239.86:20177?addrs=134.76.239.86-20177>
...
006 (20080.000.000) 02/24 21:35:12 Image size of job updated: 65712
	4  -  MemoryUsage of job (MB)
	4028  -  ResidentSetSize of job (KB)
...
006 (20080.000.000) 02/24 21:40:12 Image size of job updated: 1138972
	928  -  MemoryUsage of job (MB)
	949868  -  ResidentSetSize of job (KB)
...
006 (20080.000.000) 02/24 21:45:13 Image size of job updated: 1144900
	934  -  MemoryUsage of job (MB)
	955888  -  ResidentSetSize of job (KB)
...
006 (20080.000.000) 02/24 21:50:13 Image size of job updated: 1145596
	934  -  MemoryUsage of job (MB)
	955888  -  ResidentSetSize of job (KB)
...
006 (20080.000.000) 02/24 22:10:15 Image size of job updated: 1245860
	1063  -  MemoryUsage of job (MB)
	1087708  -  ResidentSetSize of job (KB)
...
006 (20080.000.000) 02/24 22:15:16 Image size of job updated: 1245860
	1063  -  MemoryUsage of job (MB)
	1087712  -  ResidentSetSize of job (KB)
...
006 (20080.000.000) 02/24 22:25:16 Image size of job updated: 1246656
	1064  -  MemoryUsage of job (MB)
	1088736  -  ResidentSetSize of job (KB)
...
006 (20080.000.000) 02/24 22:30:17 Image size of job updated: 1461080
	1234  -  MemoryUsage of job (MB)
	1263060  -  ResidentSetSize of job (KB)
...
006 (20080.000.000) 02/24 22:40:18 Image size of job updated: 1461080
	1234  -  MemoryUsage of job (MB)
	1263392  -  ResidentSetSize of job (KB)
...
006 (20080.000.000) 02/24 22:45:19 Image size of job updated: 1463312
	1234  -  MemoryUsage of job (MB)
	1263392  -  ResidentSetSize of job (KB)
...
006 (20080.000.000) 02/24 23:20:22 Image size of job updated: 1463312
	1244  -  MemoryUsage of job (MB)
	1273152  -  ResidentSetSize of job (KB)
...
006 (20080.000.000) 02/24 23:25:23 Image size of job updated: 1463312
	1244  -  MemoryUsage of job (MB)
	1273504  -  ResidentSetSize of job (KB)
...
005 (20080.000.000) 02/25 00:37:34 Job terminated.
	(1) Normal termination (return value 0)
		Usr 0 04:10:19, Sys 0 00:01:12  -  Run Remote Usage
		Usr 0 00:00:00, Sys 0 00:00:00  -  Run Local Usage
		Usr 0 04:10:19, Sys 0 00:01:12  -  Total Remote Usage
		Usr 0 00:00:00, Sys 0 00:00:00  -  Total Local Usage
	0  -  Run Bytes Sent By Job
	0  -  Run Bytes Received By Job
	0  -  Total Bytes Sent By Job
	0  -  Total Bytes Received By Job
	Partitionable Resources :    Usage  Request Allocated
	   Cpus                 :                 2         2
	   Disk (KB)            :        1        1   5108797
	   Memory (MB)          :     1244        1         1
...
