000 (20396.000.000) 02/24 21:34:56 Job submitted from host: <134.76.239.76:13753?addrs=134.76.239.76-13753>
...
001 (20396.000.000) 02/25 00:34:39 Job executing on host: <134.76.239.80:23833?addrs=134.76.239.80-23833>
...
006 (20396.000.000) 02/25 00:34:48 Image size of job updated: 1
	3  -  MemoryUsage of job (MB)
	2216  -  ResidentSetSize of job (KB)
...
006 (20396.000.000) 02/25 00:39:48 Image size of job updated: 1143092
	925  -  MemoryUsage of job (MB)
	947060  -  ResidentSetSize of job (KB)
...
006 (20396.000.000) 02/25 00:44:48 Image size of job updated: 1145028
	925  -  MemoryUsage of job (MB)
	947060  -  ResidentSetSize of job (KB)
...
006 (20396.000.000) 02/25 00:49:49 Image size of job updated: 1245616
	1072  -  MemoryUsage of job (MB)
	1097268  -  ResidentSetSize of job (KB)
...
006 (20396.000.000) 02/25 00:54:50 Image size of job updated: 1321464
	1147  -  MemoryUsage of job (MB)
	1173520  -  ResidentSetSize of job (KB)
...
006 (20396.000.000) 02/25 00:59:50 Image size of job updated: 1507956
	1291  -  MemoryUsage of job (MB)
	1321572  -  ResidentSetSize of job (KB)
...
006 (20396.000.000) 02/25 01:04:51 Image size of job updated: 1510240
	1291  -  MemoryUsage of job (MB)
	1321572  -  ResidentSetSize of job (KB)
...
006 (20396.000.000) 02/25 01:29:54 Image size of job updated: 1511232
	1291  -  MemoryUsage of job (MB)
	1321572  -  ResidentSetSize of job (KB)
...
005 (20396.000.000) 02/25 02:24:06 Job terminated.
	(1) Normal termination (return value 0)
		Usr 0 02:51:17, Sys 0 00:00:32  -  Run Remote Usage
		Usr 0 00:00:00, Sys 0 00:00:00  -  Run Local Usage
		Usr 0 02:51:17, Sys 0 00:00:32  -  Total Remote Usage
		Usr 0 00:00:00, Sys 0 00:00:00  -  Total Local Usage
	0  -  Run Bytes Sent By Job
	0  -  Run Bytes Received By Job
	0  -  Total Bytes Sent By Job
	0  -  Total Bytes Received By Job
	Partitionable Resources :    Usage  Request Allocated
	   Cpus                 :                 2         2
	   Disk (KB)            :        1        1   5045812
	   Memory (MB)          :     1291        1         1
...
