000 (20608.000.000) 02/24 21:35:07 Job submitted from host: <134.76.239.76:13753?addrs=134.76.239.76-13753>
...
001 (20608.000.000) 02/25 03:03:45 Job executing on host: <134.76.239.87:13734?addrs=134.76.239.87-13734>
...
006 (20608.000.000) 02/25 03:03:54 Image size of job updated: 45168
	5  -  MemoryUsage of job (MB)
	4292  -  ResidentSetSize of job (KB)
...
006 (20608.000.000) 02/25 03:08:55 Image size of job updated: 1143240
	925  -  MemoryUsage of job (MB)
	946768  -  ResidentSetSize of job (KB)
...
006 (20608.000.000) 02/25 03:13:56 Image size of job updated: 1144916
	925  -  MemoryUsage of job (MB)
	946768  -  ResidentSetSize of job (KB)
...
006 (20608.000.000) 02/25 03:18:56 Image size of job updated: 1176964
	978  -  MemoryUsage of job (MB)
	1001160  -  ResidentSetSize of job (KB)
...
006 (20608.000.000) 02/25 03:23:56 Image size of job updated: 1364068
	1135  -  MemoryUsage of job (MB)
	1162208  -  ResidentSetSize of job (KB)
...
006 (20608.000.000) 02/25 03:28:57 Image size of job updated: 1364596
	1135  -  MemoryUsage of job (MB)
	1162212  -  ResidentSetSize of job (KB)
...
006 (20608.000.000) 02/25 03:33:57 Image size of job updated: 1364596
	1136  -  MemoryUsage of job (MB)
	1162536  -  ResidentSetSize of job (KB)
...
006 (20608.000.000) 02/25 03:38:57 Image size of job updated: 1367784
	1136  -  MemoryUsage of job (MB)
	1162628  -  ResidentSetSize of job (KB)
...
006 (20608.000.000) 02/25 03:43:58 Image size of job updated: 1488732
	1280  -  MemoryUsage of job (MB)
	1310512  -  ResidentSetSize of job (KB)
...
006 (20608.000.000) 02/25 03:48:59 Image size of job updated: 1488732
	1281  -  MemoryUsage of job (MB)
	1310860  -  ResidentSetSize of job (KB)
...
006 (20608.000.000) 02/25 03:53:59 Image size of job updated: 1513268
	1305  -  MemoryUsage of job (MB)
	1335396  -  ResidentSetSize of job (KB)
...
006 (20608.000.000) 02/25 03:58:59 Image size of job updated: 1537804
	1329  -  MemoryUsage of job (MB)
	1360248  -  ResidentSetSize of job (KB)
...
006 (20608.000.000) 02/25 04:04:00 Image size of job updated: 1537804
	1347  -  MemoryUsage of job (MB)
	1379128  -  ResidentSetSize of job (KB)
...
006 (20608.000.000) 02/25 05:04:05 Image size of job updated: 1551504
	1347  -  MemoryUsage of job (MB)
	1379128  -  ResidentSetSize of job (KB)
...
006 (20608.000.000) 02/25 05:09:06 Image size of job updated: 1551504
	1350  -  MemoryUsage of job (MB)
	1381912  -  ResidentSetSize of job (KB)
...
006 (20608.000.000) 02/25 06:21:34 Image size of job updated: 8596460
	1350  -  MemoryUsage of job (MB)
	1381912  -  ResidentSetSize of job (KB)
...
005 (20608.000.000) 02/25 06:21:34 Job terminated.
	(1) Normal termination (return value 0)
		Usr 0 05:28:26, Sys 0 00:01:00  -  Run Remote Usage
		Usr 0 00:00:00, Sys 0 00:00:00  -  Run Local Usage
		Usr 0 05:28:26, Sys 0 00:01:00  -  Total Remote Usage
		Usr 0 00:00:00, Sys 0 00:00:00  -  Total Local Usage
	0  -  Run Bytes Sent By Job
	0  -  Run Bytes Received By Job
	0  -  Total Bytes Sent By Job
	0  -  Total Bytes Received By Job
	Partitionable Resources :    Usage  Request Allocated
	   Cpus                 :                 2         2
	   Disk (KB)            :        1        1   5108750
	   Memory (MB)          :     1350        1         1
...
