000 (20497.000.000) 02/24 21:35:01 Job submitted from host: <134.76.239.76:13753?addrs=134.76.239.76-13753>
...
001 (20497.000.000) 02/25 01:40:41 Job executing on host: <134.76.239.90:23525?addrs=134.76.239.90-23525>
...
006 (20497.000.000) 02/25 01:40:50 Image size of job updated: 138000
	9  -  MemoryUsage of job (MB)
	8588  -  ResidentSetSize of job (KB)
...
006 (20497.000.000) 02/25 01:45:51 Image size of job updated: 1208376
	986  -  MemoryUsage of job (MB)
	1009100  -  ResidentSetSize of job (KB)
...
006 (20497.000.000) 02/25 01:50:52 Image size of job updated: 1209972
	986  -  MemoryUsage of job (MB)
	1009100  -  ResidentSetSize of job (KB)
...
006 (20497.000.000) 02/25 02:20:55 Image size of job updated: 1308176
	1133  -  MemoryUsage of job (MB)
	1159740  -  ResidentSetSize of job (KB)
...
006 (20497.000.000) 02/25 02:40:57 Image size of job updated: 1308176
	1133  -  MemoryUsage of job (MB)
	1159744  -  ResidentSetSize of job (KB)
...
006 (20497.000.000) 02/25 02:45:57 Image size of job updated: 1308176
	1133  -  MemoryUsage of job (MB)
	1159748  -  ResidentSetSize of job (KB)
...
006 (20497.000.000) 02/25 02:50:58 Image size of job updated: 1308176
	1133  -  MemoryUsage of job (MB)
	1160068  -  ResidentSetSize of job (KB)
...
006 (20497.000.000) 02/25 03:11:00 Image size of job updated: 1494660
	1277  -  MemoryUsage of job (MB)
	1307336  -  ResidentSetSize of job (KB)
...
006 (20497.000.000) 02/25 03:21:00 Image size of job updated: 1519196
	1301  -  MemoryUsage of job (MB)
	1331872  -  ResidentSetSize of job (KB)
...
006 (20497.000.000) 02/25 03:26:01 Image size of job updated: 1519196
	1301  -  MemoryUsage of job (MB)
	1332196  -  ResidentSetSize of job (KB)
...
006 (20497.000.000) 02/25 03:31:02 Image size of job updated: 1519624
	1301  -  MemoryUsage of job (MB)
	1332216  -  ResidentSetSize of job (KB)
...
006 (20497.000.000) 02/25 03:36:02 Image size of job updated: 1519788
	1302  -  MemoryUsage of job (MB)
	1332456  -  ResidentSetSize of job (KB)
...
006 (20497.000.000) 02/25 03:46:04 Image size of job updated: 1520296
	1302  -  MemoryUsage of job (MB)
	1332468  -  ResidentSetSize of job (KB)
...
006 (20497.000.000) 02/25 03:51:04 Image size of job updated: 1520296
	1302  -  MemoryUsage of job (MB)
	1332484  -  ResidentSetSize of job (KB)
...
006 (20497.000.000) 02/25 04:11:06 Image size of job updated: 1520296
	1302  -  MemoryUsage of job (MB)
	1332816  -  ResidentSetSize of job (KB)
...
006 (20497.000.000) 02/25 04:31:08 Image size of job updated: 1544832
	1326  -  MemoryUsage of job (MB)
	1357352  -  ResidentSetSize of job (KB)
...
006 (20497.000.000) 02/25 04:36:09 Image size of job updated: 1544832
	1331  -  MemoryUsage of job (MB)
	1362332  -  ResidentSetSize of job (KB)
...
006 (20497.000.000) 02/25 04:41:09 Image size of job updated: 1548292
	1352  -  MemoryUsage of job (MB)
	1384400  -  ResidentSetSize of job (KB)
...
006 (20497.000.000) 02/25 07:56:31 Image size of job updated: 1549188
	1353  -  MemoryUsage of job (MB)
	1385344  -  ResidentSetSize of job (KB)
...
006 (20497.000.000) 02/25 08:01:31 Image size of job updated: 1549188
	1353  -  MemoryUsage of job (MB)
	1385348  -  ResidentSetSize of job (KB)
...
006 (20497.000.000) 02/25 09:16:31 Image size of job updated: 10993752
	1353  -  MemoryUsage of job (MB)
	1385348  -  ResidentSetSize of job (KB)
...
005 (20497.000.000) 02/25 09:16:31 Job terminated.
	(1) Normal termination (return value 0)
		Usr 0 12:39:20, Sys 0 00:02:17  -  Run Remote Usage
		Usr 0 00:00:00, Sys 0 00:00:00  -  Run Local Usage
		Usr 0 12:39:20, Sys 0 00:02:17  -  Total Remote Usage
		Usr 0 00:00:00, Sys 0 00:00:00  -  Total Local Usage
	0  -  Run Bytes Sent By Job
	0  -  Run Bytes Received By Job
	0  -  Total Bytes Sent By Job
	0  -  Total Bytes Received By Job
	Partitionable Resources :    Usage  Request Allocated
	   Cpus                 :                 2         2
	   Disk (KB)            :        1        1   5108835
	   Memory (MB)          :     1353        1         1
...
