000 (20589.000.000) 02/24 21:35:06 Job submitted from host: <134.76.239.76:13753?addrs=134.76.239.76-13753>
...
001 (20589.000.000) 02/25 02:42:43 Job executing on host: <134.76.239.83:20501?addrs=134.76.239.83-20501>
...
006 (20589.000.000) 02/25 02:42:52 Image size of job updated: 232996
	76  -  MemoryUsage of job (MB)
	76856  -  ResidentSetSize of job (KB)
...
006 (20589.000.000) 02/25 02:47:53 Image size of job updated: 1144636
	932  -  MemoryUsage of job (MB)
	953676  -  ResidentSetSize of job (KB)
...
006 (20589.000.000) 02/25 02:52:53 Image size of job updated: 1146544
	932  -  MemoryUsage of job (MB)
	953676  -  ResidentSetSize of job (KB)
...
006 (20589.000.000) 02/25 03:02:54 Image size of job updated: 1287208
	1076  -  MemoryUsage of job (MB)
	1101376  -  ResidentSetSize of job (KB)
...
006 (20589.000.000) 02/25 03:07:54 Image size of job updated: 1287208
	1076  -  MemoryUsage of job (MB)
	1101716  -  ResidentSetSize of job (KB)
...
006 (20589.000.000) 02/25 03:12:54 Image size of job updated: 1411444
	1223  -  MemoryUsage of job (MB)
	1251556  -  ResidentSetSize of job (KB)
...
006 (20589.000.000) 02/25 03:17:55 Image size of job updated: 1435980
	1247  -  MemoryUsage of job (MB)
	1276544  -  ResidentSetSize of job (KB)
...
006 (20589.000.000) 02/25 03:22:56 Image size of job updated: 1435980
	1249  -  MemoryUsage of job (MB)
	1278876  -  ResidentSetSize of job (KB)
...
006 (20589.000.000) 02/25 03:27:56 Image size of job updated: 1435980
	1249  -  MemoryUsage of job (MB)
	1278928  -  ResidentSetSize of job (KB)
...
006 (20589.000.000) 02/25 03:32:57 Image size of job updated: 1435988
	1249  -  MemoryUsage of job (MB)
	1278928  -  ResidentSetSize of job (KB)
...
005 (20589.000.000) 02/25 05:06:26 Job terminated.
	(1) Normal termination (return value 0)
		Usr 0 03:48:45, Sys 0 00:00:51  -  Run Remote Usage
		Usr 0 00:00:00, Sys 0 00:00:00  -  Run Local Usage
		Usr 0 03:48:45, Sys 0 00:00:51  -  Total Remote Usage
		Usr 0 00:00:00, Sys 0 00:00:00  -  Total Local Usage
	0  -  Run Bytes Sent By Job
	0  -  Run Bytes Received By Job
	0  -  Total Bytes Sent By Job
	0  -  Total Bytes Received By Job
	Partitionable Resources :    Usage  Request Allocated
	   Cpus                 :                 2         2
	   Disk (KB)            :        1        1   5108718
	   Memory (MB)          :     1249        1         1
...
