DATE: 2016-02-26
TIME: 16:59:54
                                         version_number        8118
 read inlist_1.0
 create pre-main-sequence model
                                                species           8
 abundances
                                                     h1    6.6807899999999998D-01
                                                    he3    3.5240918270640368D-05
                                                    he4    3.3111375908172941D-01
                                                    c12    1.3284616957734378D-04
                                                    n14    3.8914919907892625D-05
                                                    o16    3.6131323911280029D-04
                                                   ne20    8.1039154058328643D-05
                                                   mg24    1.5788651734362951D-04


                                        relax_num_steps


                               finished relax_num_steps

 new_lnPgas_flag T
                                        relax_initial_Z    7.7200000000000001D-04
                                                  new z    7.7199999999919596D-04
                                        relax_initial_Y    3.3114900000000003D-01
                                                  new y    3.3114900000000008D-01
 net name basic.net
 do_element_diffusion T
 lnPgas_flag T
 kappa_file_prefix gs98
 kappa_lowT_prefix lowT_fa05_gs98
   eos_file_prefix mesa
                                        OMP_NUM_THREADS           1



stop because Lnuc_div_L >= Lnuc_div_L_zams_limit
    0.9997777354E+00    0.9990000000E+00

        894   7.207395   7255.140   0.285670   0.285670   0.942990   0.942990   0.667207   0.000183   0.039075   0.667841  -1.644380    857      0
   6.168772   2.054999  -0.054893 -43.093170  -1.326108 -99.000000   0.000000   0.332001   0.000361   0.000004   0.331382   0.076637      3      0
 2.0492E+07  17.382659   0.285766 -99.000000   4.164582  -7.587714   0.000000   0.000009   0.000081  7.926E-04  7.767E-04  0.135E-11  max increase

save photos/x894 for model 894
save final_profile.data write fgong_plot.data
                               s% atm_structure_num_pts          53
save final_profile.data.FGONG    894
 final_profile.data.FGONG for model 894
 saved to zams.mod
termination code: Lnuc_div_L_zams_limit

       runtime, prev time, retries, backups, steps         8.3        28.2         0         0       894
        894   7.207395   7255.140   0.285670   0.285670   0.942990   0.942990   0.667207   0.000183   0.039075   0.667841  -1.644380    857      0
   6.168772   2.054999  -0.054893 -43.093170  -1.326108 -99.000000   0.000000   0.332001   0.000361   0.000004   0.331382   0.076637      3      0
 2.0492E+07  17.382659   0.285766 -99.000000   4.164582  -7.587714   0.000000   0.000009   0.000081  7.926E-04  7.767E-04  0.135E-11  max increase

DATE: 2016-02-26
TIME: 17:09:47
DATE: 2016-02-26
TIME: 17:09:47
                                         version_number        8118
 read inlist_1.0
load saved model zams.mod

 new_lnPgas_flag T
 net name basic.net
 do_element_diffusion T
 lnPgas_flag T
                       which_atm_option: Eddington_grey
 kappa_file_prefix gs98
 kappa_lowT_prefix lowT_fa05_gs98
   eos_file_prefix mesa
                                        OMP_NUM_THREADS           1


__________________________________________________________________________________________________________________________________________________

       step    lg_Tcntr    Teff       lg_LH     lg_Lnuc     Mass       H_rich     H_cntr     N_cntr     Y_surf     X_avg     eta_cntr  zones retry
   lg_dt_yr    lg_Dcntr    lg_R       lg_L3a    lg_Lneu     lg_Mdot    He_core    He_cntr    O_cntr     Z_surf     Y_avg     gam_cntr  iters bckup
     age_yr    lg_Pcntr    lg_L       lg_LZ     lg_Psurf    lg_Dsurf   C_core     C_cntr     Ne_cntr    Z_cntr     Z_avg     v_div_cs     dt_limit
__________________________________________________________________________________________________________________________________________________

        895   7.207368   7334.317   0.286414   0.286414   0.942990   0.942990   0.667124   0.000186   0.032024   0.667820  -1.643808    857      0
   6.000000   2.055220  -0.064166 -43.093832  -1.327378 -99.000000   0.000000   0.332083   0.000361   0.000003   0.331404   0.076657     10      0
 2.1492E+07  17.382827   0.286074 -99.000000   4.586077  -7.185430   0.000000   0.000007   0.000081  7.930E-04  7.767E-04 -0.441E-10              

