DATE: 2016-02-26
TIME: 16:59:48
                                         version_number        8118
 read inlist_1.0
 create pre-main-sequence model
                                                species           8
 abundances
                                                     h1    6.8382499999999991D-01
                                                    he3    3.0701354960255297D-05
                                                    he4    2.8846129864503978D-01
                                                    c12    4.7637053269554844D-03
                                                    n14    1.3954426526038850D-03
                                                    o16    1.2956262174041088D-02
                                                   ne20    2.9059674893739994D-03
                                                   mg24    5.6616223570255565D-03


                                        relax_num_steps


                               finished relax_num_steps

 new_lnPgas_flag T
                                        relax_initial_Z    2.7682999999999999D-02
                                                  new z    2.7683000000001234D-02
                                        relax_initial_Y    2.8849200000000003D-01
                                                  new y    2.8849199999999975D-01
 net name basic.net
 do_element_diffusion T
 lnPgas_flag T
 kappa_file_prefix gs98
 kappa_lowT_prefix lowT_fa05_gs98
   eos_file_prefix mesa
                                        OMP_NUM_THREADS           1



stop because Lnuc_div_L >= Lnuc_div_L_zams_limit
    0.1000191143E+01    0.9990000000E+00

        856   7.198172   6242.456   0.433421   0.433421   1.389474   1.389474   0.683456   0.002784   0.288385   0.683758  -2.326285    808      0
   5.024325   1.754922   0.149474 -44.247245  -0.891144 -99.000000   0.000000   0.288661   0.012957   0.027673   0.288528   0.062414      4      0
 1.8308E+07  17.075468   0.433338 -15.051500   4.478796  -7.112435   0.000000   0.003574   0.002906  2.788E-02  2.771E-02 -0.286E-09    varcontrol

save photos/x856 for model 856
save final_profile.data write fgong_plot.data
                               s% atm_structure_num_pts          55
save final_profile.data.FGONG    856
 final_profile.data.FGONG for model 856
 saved to zams.mod
termination code: Lnuc_div_L_zams_limit

       runtime, prev time, retries, backups, steps         8.3        28.2         0         0       856
        856   7.198172   6242.456   0.433421   0.433421   1.389474   1.389474   0.683456   0.002784   0.288385   0.683758  -2.326285    808      0
   5.024325   1.754922   0.149474 -44.247245  -0.891144 -99.000000   0.000000   0.288661   0.012957   0.027673   0.288528   0.062414      4      0
 1.8308E+07  17.075468   0.433338 -15.051500   4.478796  -7.112435   0.000000   0.003574   0.002906  2.788E-02  2.771E-02 -0.286E-09    varcontrol

DATE: 2016-02-26
TIME: 17:09:47
DATE: 2016-02-26
TIME: 17:09:47
                                         version_number        8118
 read inlist_1.0
load saved model zams.mod

 new_lnPgas_flag T
 net name basic.net
 do_element_diffusion T
 lnPgas_flag T
                       which_atm_option: Eddington_grey
 kappa_file_prefix gs98
 kappa_lowT_prefix lowT_fa05_gs98
   eos_file_prefix mesa
                                        OMP_NUM_THREADS           1


__________________________________________________________________________________________________________________________________________________

       step    lg_Tcntr    Teff       lg_LH     lg_Lnuc     Mass       H_rich     H_cntr     N_cntr     Y_surf     X_avg     eta_cntr  zones retry
   lg_dt_yr    lg_Dcntr    lg_R       lg_L3a    lg_Lneu     lg_Mdot    He_core    He_cntr    O_cntr     Z_surf     Y_avg     gam_cntr  iters bckup
     age_yr    lg_Pcntr    lg_L       lg_LZ     lg_Psurf    lg_Dsurf   C_core     C_cntr     Ne_cntr    Z_cntr     Z_avg     v_div_cs     dt_limit
__________________________________________________________________________________________________________________________________________________

