DATE: 2016-02-26
TIME: 16:59:34
                                         version_number        8118
 read inlist_1.0
 create pre-main-sequence model
                                                species           8
 abundances
                                                     h1    6.6865200000000002D-01
                                                    he3    3.1273469557077157D-05
                                                    he4    2.9383672653044296D-01
                                                    c12    6.4495782846617509D-03
                                                    n14    1.8892891167717923D-03
                                                    o16    1.7541476945528274D-02
                                                   ne20    3.9343879457333858D-03
                                                   mg24    7.6652677073047563D-03


                                        relax_num_steps


                               finished relax_num_steps

 new_lnPgas_flag T
                                        relax_initial_Z    3.7479999999999999D-02
                                                  new z    3.7480000000000215D-02
                                        relax_initial_Y    2.9386800000000002D-01
                                                  new y    2.9386800000000013D-01
 net name basic.net
 do_element_diffusion T
 lnPgas_flag T
 kappa_file_prefix gs98
 kappa_lowT_prefix lowT_fa05_gs98
   eos_file_prefix mesa
                                        OMP_NUM_THREADS           1



stop because Lnuc_div_L >= Lnuc_div_L_zams_limit
    0.1004708865E+01    0.9990000000E+00

        849   7.198992   6288.784   0.524482   0.524482   1.477255   1.477255   0.668426   0.002829   0.293850   0.668600  -2.479136    800      0
   4.878870   1.695577   0.187603 -44.290243  -0.770578 -99.000000   0.000000   0.293960   0.017542   0.037478   0.293892   0.060191      4      0
 1.6426E+07  17.011043   0.522441 -14.875409   4.403616  -7.181812   0.000000   0.005644   0.003934  3.761E-02  3.751E-02 -0.504E-09    varcontrol

save photos/x849 for model 849
save final_profile.data write fgong_plot.data
                               s% atm_structure_num_pts          55
save final_profile.data.FGONG    849
 final_profile.data.FGONG for model 849
 saved to zams.mod
termination code: Lnuc_div_L_zams_limit

       runtime, prev time, retries, backups, steps         7.8        28.2         0         0       849
        849   7.198992   6288.784   0.524482   0.524482   1.477255   1.477255   0.668426   0.002829   0.293850   0.668600  -2.479136    800      0
   4.878870   1.695577   0.187603 -44.290243  -0.770578 -99.000000   0.000000   0.293960   0.017542   0.037478   0.293892   0.060191      4      0
 1.6426E+07  17.011043   0.522441 -14.875409   4.403616  -7.181812   0.000000   0.005644   0.003934  3.761E-02  3.751E-02 -0.504E-09    varcontrol

DATE: 2016-02-26
TIME: 17:09:15
DATE: 2016-02-26
TIME: 17:09:15
                                         version_number        8118
 read inlist_1.0
load saved model zams.mod

 new_lnPgas_flag T
 net name basic.net
 do_element_diffusion T
 lnPgas_flag T
                       which_atm_option: Eddington_grey
 kappa_file_prefix gs98
 kappa_lowT_prefix lowT_fa05_gs98
   eos_file_prefix mesa
                                        OMP_NUM_THREADS           1


__________________________________________________________________________________________________________________________________________________

       step    lg_Tcntr    Teff       lg_LH     lg_Lnuc     Mass       H_rich     H_cntr     N_cntr     Y_surf     X_avg     eta_cntr  zones retry
   lg_dt_yr    lg_Dcntr    lg_R       lg_L3a    lg_Lneu     lg_Mdot    He_core    He_cntr    O_cntr     Z_surf     Y_avg     gam_cntr  iters bckup
     age_yr    lg_Pcntr    lg_L       lg_LZ     lg_Psurf    lg_Dsurf   C_core     C_cntr     Ne_cntr    Z_cntr     Z_avg     v_div_cs     dt_limit
__________________________________________________________________________________________________________________________________________________

