DATE: 2016-02-26
TIME: 16:59:13
                                         version_number        8118
 read inlist_1.0
 create pre-main-sequence model
                                                species           8
 abundances
                                                     h1    7.1873199999999993D-01
                                                    he3    2.9602354320117760D-05
                                                    he4    2.7813539764567985D-01
                                                    c12    5.3396588626750108D-04
                                                    n14    1.5641579854170292D-04
                                                    o16    1.4522732914081021D-03
                                                   ne20    3.2573121119559812D-04
                                                   mg24    6.3461381258717378D-04


                                        relax_num_steps


                               finished relax_num_steps

 new_lnPgas_flag T
                                        relax_initial_Z    3.1029999999999999D-03
                                                  new z    3.1030000000006131D-03
                                        relax_initial_Y    2.7816500000000000D-01
                                                  new y    2.7816499999999961D-01
 net name basic.net
 do_element_diffusion T
 lnPgas_flag T
 kappa_file_prefix gs98
 kappa_lowT_prefix lowT_fa05_gs98
   eos_file_prefix mesa
                                        OMP_NUM_THREADS           1



stop because Lnuc_div_L >= Lnuc_div_L_zams_limit
    0.1002218500E+01    0.9990000000E+00

        824   7.160654   6359.383   0.053056   0.053056   0.934091   0.934091   0.718290   0.000281   0.277392   0.718640  -1.594120    799      0
   5.667624   1.990887  -0.057267 -45.767984  -1.535008 -99.000000   0.000000   0.278589   0.001453   0.003095   0.278254   0.079502      4      0
 2.2207E+07  17.288654   0.052094 -15.653560   4.673184  -6.940812   0.000000   0.000427   0.000326  3.122E-03  3.106E-03 -0.232E-10  max increase

save photos/x824 for model 824
save final_profile.data write fgong_plot.data
                               s% atm_structure_num_pts          86
save final_profile.data.FGONG    824
 final_profile.data.FGONG for model 824
 saved to zams.mod
termination code: Lnuc_div_L_zams_limit

       runtime, prev time, retries, backups, steps         7.8        28.2         0         0       824
        824   7.160654   6359.383   0.053056   0.053056   0.934091   0.934091   0.718290   0.000281   0.277392   0.718640  -1.594120    799      0
   5.667624   1.990887  -0.057267 -45.767984  -1.535008 -99.000000   0.000000   0.278589   0.001453   0.003095   0.278254   0.079502      4      0
 2.2207E+07  17.288654   0.052094 -15.653560   4.673184  -6.940812   0.000000   0.000427   0.000326  3.122E-03  3.106E-03 -0.232E-10  max increase

DATE: 2016-02-26
TIME: 17:09:19
DATE: 2016-02-26
TIME: 17:09:19
                                         version_number        8118
 read inlist_1.0
load saved model zams.mod

 new_lnPgas_flag T
 net name basic.net
 do_element_diffusion T
 lnPgas_flag T
                       which_atm_option: Eddington_grey
 kappa_file_prefix gs98
 kappa_lowT_prefix lowT_fa05_gs98
   eos_file_prefix mesa
                                        OMP_NUM_THREADS           1


__________________________________________________________________________________________________________________________________________________

       step    lg_Tcntr    Teff       lg_LH     lg_Lnuc     Mass       H_rich     H_cntr     N_cntr     Y_surf     X_avg     eta_cntr  zones retry
   lg_dt_yr    lg_Dcntr    lg_R       lg_L3a    lg_Lneu     lg_Mdot    He_core    He_cntr    O_cntr     Z_surf     Y_avg     gam_cntr  iters bckup
     age_yr    lg_Pcntr    lg_L       lg_LZ     lg_Psurf    lg_Dsurf   C_core     C_cntr     Ne_cntr    Z_cntr     Z_avg     v_div_cs     dt_limit
__________________________________________________________________________________________________________________________________________________

