000 (20006.000.000) 02/24 21:34:35 Job submitted from host: <134.76.239.76:13753?addrs=134.76.239.76-13753>
...
001 (20006.000.000) 02/24 21:34:44 Job executing on host: <134.76.239.90:23525?addrs=134.76.239.90-23525>
...
006 (20006.000.000) 02/24 21:34:55 Image size of job updated: 65708
	4  -  MemoryUsage of job (MB)
	3832  -  ResidentSetSize of job (KB)
...
006 (20006.000.000) 02/24 21:39:57 Image size of job updated: 774776
	561  -  MemoryUsage of job (MB)
	574208  -  ResidentSetSize of job (KB)
...
006 (20006.000.000) 02/24 21:44:57 Image size of job updated: 1145648
	924  -  MemoryUsage of job (MB)
	945712  -  ResidentSetSize of job (KB)
...
006 (20006.000.000) 02/24 21:49:57 Image size of job updated: 1146348
	924  -  MemoryUsage of job (MB)
	945712  -  ResidentSetSize of job (KB)
...
006 (20006.000.000) 02/24 22:20:00 Image size of job updated: 1243508
	1073  -  MemoryUsage of job (MB)
	1097808  -  ResidentSetSize of job (KB)
...
006 (20006.000.000) 02/24 22:25:01 Image size of job updated: 1243508
	1073  -  MemoryUsage of job (MB)
	1097812  -  ResidentSetSize of job (KB)
...
006 (20006.000.000) 02/24 22:35:02 Image size of job updated: 1243508
	1073  -  MemoryUsage of job (MB)
	1098144  -  ResidentSetSize of job (KB)
...
006 (20006.000.000) 02/24 22:40:02 Image size of job updated: 1244016
	1073  -  MemoryUsage of job (MB)
	1098152  -  ResidentSetSize of job (KB)
...
006 (20006.000.000) 02/24 22:50:03 Image size of job updated: 1430500
	1217  -  MemoryUsage of job (MB)
	1245428  -  ResidentSetSize of job (KB)
...
006 (20006.000.000) 02/24 22:55:03 Image size of job updated: 1455352
	1241  -  MemoryUsage of job (MB)
	1270692  -  ResidentSetSize of job (KB)
...
006 (20006.000.000) 02/24 23:00:04 Image size of job updated: 1456532
	1244  -  MemoryUsage of job (MB)
	1273724  -  ResidentSetSize of job (KB)
...
006 (20006.000.000) 02/24 23:10:05 Image size of job updated: 1456532
	1245  -  MemoryUsage of job (MB)
	1274040  -  ResidentSetSize of job (KB)
...
006 (20006.000.000) 02/24 23:15:06 Image size of job updated: 1459604
	1247  -  MemoryUsage of job (MB)
	1276096  -  ResidentSetSize of job (KB)
...
006 (20006.000.000) 02/24 23:20:07 Image size of job updated: 1459604
	1247  -  MemoryUsage of job (MB)
	1276880  -  ResidentSetSize of job (KB)
...
006 (20006.000.000) 02/24 23:25:07 Image size of job updated: 1461612
	1247  -  MemoryUsage of job (MB)
	1276880  -  ResidentSetSize of job (KB)
...
006 (20006.000.000) 02/25 01:51:55 Image size of job updated: 9123828
	1247  -  MemoryUsage of job (MB)
	1276880  -  ResidentSetSize of job (KB)
...
005 (20006.000.000) 02/25 01:51:55 Job terminated.
	(1) Normal termination (return value 0)
		Usr 0 06:27:49, Sys 0 00:01:23  -  Run Remote Usage
		Usr 0 00:00:00, Sys 0 00:00:00  -  Run Local Usage
		Usr 0 06:27:49, Sys 0 00:01:23  -  Total Remote Usage
		Usr 0 00:00:00, Sys 0 00:00:00  -  Total Local Usage
	0  -  Run Bytes Sent By Job
	0  -  Run Bytes Received By Job
	0  -  Total Bytes Sent By Job
	0  -  Total Bytes Received By Job
	Partitionable Resources :    Usage  Request Allocated
	   Cpus                 :                 2         2
	   Disk (KB)            :        1        1   5108896
	   Memory (MB)          :     1247        1         1
...
