DATE: 2016-02-26
TIME: 16:59:20
                                         version_number        8118
 read inlist_1.0
 create pre-main-sequence model
                                                species           8
 abundances
                                                     h1    7.2455700000000001D-01
                                                    he3    2.7008363751380250D-05
                                                    he4    2.5376299163624860D-01
                                                    c12    3.7260597277956583D-03
                                                    n14    1.0914828507326501D-03
                                                    o16    1.0134087521385398D-02
                                                   ne20    2.2729803145401612D-03
                                                   mg24    4.4283895855461650D-03


                                        relax_num_steps


                               finished relax_num_steps

 new_lnPgas_flag T
                                        relax_initial_Z    2.1652999999999999D-02
                                                  new z    2.1652999999999253D-02
                                        relax_initial_Y    2.5379000000000002D-01
                                                  new y    2.5379000000000002D-01
 net name basic.net
 do_element_diffusion T
 lnPgas_flag T
 kappa_file_prefix gs98
 kappa_lowT_prefix lowT_fa05_gs98
   eos_file_prefix mesa
                                        OMP_NUM_THREADS           1



stop because Lnuc_div_L >= Lnuc_div_L_zams_limit
    0.1002990176E+01    0.9990000000E+00

        856   7.205847   6508.064   0.553768   0.553768   1.482529   1.482529   0.724277   0.001985   0.253521   0.724493  -2.326453    807      0
   4.912991   1.755894   0.172848 -44.005290  -0.779018 -99.000000   0.000000   0.253941   0.010135   0.021632   0.253825   0.060117      4      0
 1.5770E+07  17.098096   0.552472 -99.000000   4.366233  -7.260784   0.000000   0.002961   0.002273  2.178E-02  2.168E-02 -0.381E-09    varcontrol

save photos/x856 for model 856
save final_profile.data write fgong_plot.data
                               s% atm_structure_num_pts          55
save final_profile.data.FGONG    856
 final_profile.data.FGONG for model 856
 saved to zams.mod
termination code: Lnuc_div_L_zams_limit

       runtime, prev time, retries, backups, steps         8.1        28.2         0         0       856
        856   7.205847   6508.064   0.553768   0.553768   1.482529   1.482529   0.724277   0.001985   0.253521   0.724493  -2.326453    807      0
   4.912991   1.755894   0.172848 -44.005290  -0.779018 -99.000000   0.000000   0.253941   0.010135   0.021632   0.253825   0.060117      4      0
 1.5770E+07  17.098096   0.552472 -99.000000   4.366233  -7.260784   0.000000   0.002961   0.002273  2.178E-02  2.168E-02 -0.381E-09    varcontrol

DATE: 2016-02-26
TIME: 17:09:40
DATE: 2016-02-26
TIME: 17:09:40
                                         version_number        8118
 read inlist_1.0
load saved model zams.mod

 new_lnPgas_flag T
 net name basic.net
 do_element_diffusion T
 lnPgas_flag T
                       which_atm_option: Eddington_grey
 kappa_file_prefix gs98
 kappa_lowT_prefix lowT_fa05_gs98
   eos_file_prefix mesa
                                        OMP_NUM_THREADS           1


__________________________________________________________________________________________________________________________________________________

       step    lg_Tcntr    Teff       lg_LH     lg_Lnuc     Mass       H_rich     H_cntr     N_cntr     Y_surf     X_avg     eta_cntr  zones retry
   lg_dt_yr    lg_Dcntr    lg_R       lg_L3a    lg_Lneu     lg_Mdot    He_core    He_cntr    O_cntr     Z_surf     Y_avg     gam_cntr  iters bckup
     age_yr    lg_Pcntr    lg_L       lg_LZ     lg_Psurf    lg_Dsurf   C_core     C_cntr     Ne_cntr    Z_cntr     Z_avg     v_div_cs     dt_limit
__________________________________________________________________________________________________________________________________________________

