DATE: 2016-02-26
TIME: 16:59:40
                                         version_number        8118
 read inlist_1.0
 create pre-main-sequence model
                                                species           8
 abundances
                                                     h1    6.8762900000000005D-01
                                                    he3    3.2720144748519938D-05
                                                    he4    3.0742927985525148D-01
                                                    c12    8.4474332442380446D-04
                                                    n14    2.4745251532104127D-04
                                                    o16    2.2975216202133770D-03
                                                   ne20    5.1531244465328129D-04
                                                   mg24    1.0039700953884370D-03


                                        relax_num_steps


                               finished relax_num_steps

 new_lnPgas_flag T
                                        relax_initial_Z    4.9090000000000002D-03
                                                  new z    4.9090000000003116D-03
                                        relax_initial_Y    3.0746200000000001D-01
                                                  new y    3.0746199999999996D-01
 net name basic.net
 do_element_diffusion T
 lnPgas_flag T
 kappa_file_prefix gs98
 kappa_lowT_prefix lowT_fa05_gs98
   eos_file_prefix mesa
                                        OMP_NUM_THREADS           1



stop because Lnuc_div_L >= Lnuc_div_L_zams_limit
    0.9991908622E+00    0.9990000000E+00

        963   7.310541   9337.520   0.981828   0.981828   1.501865   1.501865   0.686670   0.001232   0.300614   0.687422  -2.163199    885      0
   5.473956   1.989662   0.074143 -38.326132  -0.434920 -99.000000   0.000000   0.308282   0.002290   0.004679   0.307636   0.057071      2      0
 9.3322E+06  17.425787   0.982180 -14.750470   3.150618  -8.714147   0.000000   0.000007   0.000515  5.048E-03  4.942E-03 -0.167E-10  max increase

save photos/x963 for model 963
save final_profile.data write fgong_plot.data
                               s% atm_structure_num_pts          41
save final_profile.data.FGONG    963
 final_profile.data.FGONG for model 963
 saved to zams.mod
termination code: Lnuc_div_L_zams_limit

       runtime, prev time, retries, backups, steps         8.8        28.2         0         0       963
        963   7.310541   9337.520   0.981828   0.981828   1.501865   1.501865   0.686670   0.001232   0.300614   0.687422  -2.163199    885      0
   5.473956   1.989662   0.074143 -38.326132  -0.434920 -99.000000   0.000000   0.308282   0.002290   0.004679   0.307636   0.057071      2      0
 9.3322E+06  17.425787   0.982180 -14.750470   3.150618  -8.714147   0.000000   0.000007   0.000515  5.048E-03  4.942E-03 -0.167E-10  max increase

DATE: 2016-02-26
TIME: 17:10:15
DATE: 2016-02-26
TIME: 17:10:15
                                         version_number        8118
 read inlist_1.0
load saved model zams.mod

 new_lnPgas_flag T
 net name basic.net
 do_element_diffusion T
 lnPgas_flag T
                       which_atm_option: Eddington_grey
 kappa_file_prefix gs98
 kappa_lowT_prefix lowT_fa05_gs98
   eos_file_prefix mesa
                                        OMP_NUM_THREADS           1


__________________________________________________________________________________________________________________________________________________

       step    lg_Tcntr    Teff       lg_LH     lg_Lnuc     Mass       H_rich     H_cntr     N_cntr     Y_surf     X_avg     eta_cntr  zones retry
   lg_dt_yr    lg_Dcntr    lg_R       lg_L3a    lg_Lneu     lg_Mdot    He_core    He_cntr    O_cntr     Z_surf     Y_avg     gam_cntr  iters bckup
     age_yr    lg_Pcntr    lg_L       lg_LZ     lg_Psurf    lg_Dsurf   C_core     C_cntr     Ne_cntr    Z_cntr     Z_avg     v_div_cs     dt_limit
__________________________________________________________________________________________________________________________________________________

        964   7.310599   9335.340   0.980719   0.980719   1.501865   1.501865   0.686559   0.001233   0.299756   0.687399  -2.164250    885      0
   5.553138   1.989340   0.073441 -38.323533  -0.436694 -99.000000   0.000000   0.308393   0.002288   0.004651   0.307658   0.057052      3      0
 9.6895E+06  17.425485   0.980371 -99.000000   3.652251  -8.198643   0.000000   0.000007   0.000515  5.047E-03  4.942E-03 -0.129E-10              

