000 (28330.000.000) 02/26 16:56:10 Job submitted from host: <134.76.239.76:15915?addrs=134.76.239.76-15915>
...
001 (28330.000.000) 02/26 16:56:15 Job executing on host: <134.76.239.85:28271?addrs=134.76.239.85-28271>
...
006 (28330.000.000) 02/26 16:56:24 Image size of job updated: 45172
	5  -  MemoryUsage of job (MB)
	4300  -  ResidentSetSize of job (KB)
...
006 (28330.000.000) 02/26 17:01:25 Image size of job updated: 1071004
	928  -  MemoryUsage of job (MB)
	949712  -  ResidentSetSize of job (KB)
...
006 (28330.000.000) 02/26 17:06:26 Image size of job updated: 1071608
	928  -  MemoryUsage of job (MB)
	950256  -  ResidentSetSize of job (KB)
...
006 (28330.000.000) 02/26 17:11:26 Image size of job updated: 1079148
	929  -  MemoryUsage of job (MB)
	951236  -  ResidentSetSize of job (KB)
...
006 (28330.000.000) 02/26 17:16:27 Image size of job updated: 1308716
	1161  -  MemoryUsage of job (MB)
	1188568  -  ResidentSetSize of job (KB)
...
