DATE: 2016-02-26
TIME: 16:59:18
                                         version_number        8118
 read inlist_1.0
 create pre-main-sequence model
                                                species           8
 abundances
                                                     h1    7.3337600000000003D-01
                                                    he3    2.8155785548800874D-05
                                                    he4    2.6454384421445115D-01
                                                    c12    3.5310924866930520D-04
                                                    n14    1.0343706690543260D-04
                                                    o16    9.6038182209773359D-04
                                                   ne20    2.1540459083897260D-04
                                                   mg24    4.1966727148849887D-04


                                        relax_num_steps


                               finished relax_num_steps

 new_lnPgas_flag T
                                        relax_initial_Z    2.0520000000000000D-03
                                                  new z    2.0520000000003361D-03
                                        relax_initial_Y    2.6457199999999997D-01
                                                  new y    2.6457199999999997D-01
 net name basic.net
 do_element_diffusion T
 lnPgas_flag T
 kappa_file_prefix gs98
 kappa_lowT_prefix lowT_fa05_gs98
   eos_file_prefix mesa
                                        OMP_NUM_THREADS           1



stop because Lnuc_div_L >= Lnuc_div_L_zams_limit
    0.9999125701E+00    0.9990000000E+00

        945   7.271397   8648.553   0.763476   0.763476   1.345419   1.345419   0.731829   0.000514   0.071049   0.733096  -1.945287    884      0
   5.929990   2.009775   0.031386 -40.310288  -0.801521 -99.000000   0.000000   0.266059   0.000959   0.000142   0.264840   0.062131      2      0
 1.3533E+07  17.422092   0.763514 -99.000000   3.411077  -8.446564   0.000000   0.000003   0.000216  2.111E-03  2.064E-03  0.191E-11  max increase

save photos/x945 for model 945
save final_profile.data write fgong_plot.data
                               s% atm_structure_num_pts          48
save final_profile.data.FGONG    945
 final_profile.data.FGONG for model 945
 saved to zams.mod
termination code: Lnuc_div_L_zams_limit

       runtime, prev time, retries, backups, steps         8.7        28.2         0         0       945
        945   7.271397   8648.553   0.763476   0.763476   1.345419   1.345419   0.731829   0.000514   0.071049   0.733096  -1.945287    884      0
   5.929990   2.009775   0.031386 -40.310288  -0.801521 -99.000000   0.000000   0.266059   0.000959   0.000142   0.264840   0.062131      2      0
 1.3533E+07  17.422092   0.763514 -99.000000   3.411077  -8.446564   0.000000   0.000003   0.000216  2.111E-03  2.064E-03  0.191E-11  max increase

DATE: 2016-02-26
TIME: 17:10:12
DATE: 2016-02-26
TIME: 17:10:12
                                         version_number        8118
 read inlist_1.0
load saved model zams.mod

 new_lnPgas_flag T
 net name basic.net
 do_element_diffusion T
 lnPgas_flag T
                       which_atm_option: Eddington_grey
 kappa_file_prefix gs98
 kappa_lowT_prefix lowT_fa05_gs98
   eos_file_prefix mesa
                                        OMP_NUM_THREADS           1


__________________________________________________________________________________________________________________________________________________

       step    lg_Tcntr    Teff       lg_LH     lg_Lnuc     Mass       H_rich     H_cntr     N_cntr     Y_surf     X_avg     eta_cntr  zones retry
   lg_dt_yr    lg_Dcntr    lg_R       lg_L3a    lg_Lneu     lg_Mdot    He_core    He_cntr    O_cntr     Z_surf     Y_avg     gam_cntr  iters bckup
     age_yr    lg_Pcntr    lg_L       lg_LZ     lg_Psurf    lg_Dsurf   C_core     C_cntr     Ne_cntr    Z_cntr     Z_avg     v_div_cs     dt_limit
__________________________________________________________________________________________________________________________________________________

        947   7.271575   8649.273   0.764017   0.764017   1.345419   1.345419   0.731374   0.000515   0.048522   0.733013  -1.944881    887      0
   5.949984   2.010335   0.031543 -40.298844  -0.803175 -99.000000   0.000000   0.266514   0.000958   0.000071   0.264922   0.062144      2      0
 1.5424E+07  17.422685   0.763973 -14.352530   3.943265  -7.917751   0.000000   0.000002   0.000216  2.111E-03  2.065E-03  0.177E-11    varcontrol

