000 (19951.000.000) 02/24 21:34:32 Job submitted from host: <134.76.239.76:13753?addrs=134.76.239.76-13753>
...
001 (19951.000.000) 02/24 21:34:41 Job executing on host: <134.76.239.90:23525?addrs=134.76.239.90-23525>
...
006 (19951.000.000) 02/24 21:34:53 Image size of job updated: 65712
	4  -  MemoryUsage of job (MB)
	3832  -  ResidentSetSize of job (KB)
...
006 (19951.000.000) 02/24 21:39:53 Image size of job updated: 209736
	73  -  MemoryUsage of job (MB)
	73852  -  ResidentSetSize of job (KB)
...
006 (19951.000.000) 02/24 21:44:54 Image size of job updated: 1142664
	924  -  MemoryUsage of job (MB)
	946024  -  ResidentSetSize of job (KB)
...
006 (19951.000.000) 02/24 21:49:55 Image size of job updated: 1143872
	924  -  MemoryUsage of job (MB)
	946024  -  ResidentSetSize of job (KB)
...
006 (19951.000.000) 02/24 22:04:56 Image size of job updated: 1388416
	1200  -  MemoryUsage of job (MB)
	1228464  -  ResidentSetSize of job (KB)
...
006 (19951.000.000) 02/24 22:09:56 Image size of job updated: 1388416
	1200  -  MemoryUsage of job (MB)
	1228732  -  ResidentSetSize of job (KB)
...
006 (19951.000.000) 02/24 22:19:57 Image size of job updated: 1509364
	1344  -  MemoryUsage of job (MB)
	1376000  -  ResidentSetSize of job (KB)
...
006 (19951.000.000) 02/24 22:24:57 Image size of job updated: 1558436
	1392  -  MemoryUsage of job (MB)
	1425396  -  ResidentSetSize of job (KB)
...
006 (19951.000.000) 02/24 22:29:57 Image size of job updated: 1558436
	1393  -  MemoryUsage of job (MB)
	1425720  -  ResidentSetSize of job (KB)
...
006 (19951.000.000) 02/25 00:33:36 Image size of job updated: 8294148
	1393  -  MemoryUsage of job (MB)
	1425720  -  ResidentSetSize of job (KB)
...
005 (19951.000.000) 02/25 00:33:36 Job terminated.
	(1) Normal termination (return value 0)
		Usr 0 04:03:10, Sys 0 00:01:16  -  Run Remote Usage
		Usr 0 00:00:00, Sys 0 00:00:00  -  Run Local Usage
		Usr 0 04:03:10, Sys 0 00:01:16  -  Total Remote Usage
		Usr 0 00:00:00, Sys 0 00:00:00  -  Total Local Usage
	0  -  Run Bytes Sent By Job
	0  -  Run Bytes Received By Job
	0  -  Total Bytes Sent By Job
	0  -  Total Bytes Received By Job
	Partitionable Resources :    Usage  Request Allocated
	   Cpus                 :                 2         2
	   Disk (KB)            :        1        1   5108896
	   Memory (MB)          :     1393        1         1
...
