DATE: 2016-02-26
TIME: 16:59:28
                                         version_number        8118
 read inlist_1.0
 create pre-main-sequence model
                                                species           8
 abundances
                                                     h1    7.2082499999999994D-01
                                                    he3    2.9153474229084533D-05
                                                    he4    2.7391784652577089D-01
                                                    c12    8.9963701366626821D-04
                                                    n14    2.6353264414308856D-04
                                                    o16    2.4468207436291914D-03
                                                   ne20    5.4879883085096591D-04
                                                   mg24    1.0692107677104958D-03


                                        relax_num_steps


                               finished relax_num_steps

 new_lnPgas_flag T
                                        relax_initial_Z    5.2280000000000000D-03
                                                  new z    5.2279999999999376D-03
                                        relax_initial_Y    2.7394700000000000D-01
                                                  new y    2.7394699999999994D-01
 net name basic.net
 do_element_diffusion T
 lnPgas_flag T
 kappa_file_prefix gs98
 kappa_lowT_prefix lowT_fa05_gs98
   eos_file_prefix mesa
                                        OMP_NUM_THREADS           1



stop because Lnuc_div_L >= Lnuc_div_L_zams_limit
    0.9993479390E+00    0.9990000000E+00

        832   7.165407   6235.850   0.092890   0.092890   0.993857   0.993857   0.720502   0.000453   0.273947   0.720736  -1.682988    808      0
   5.606805   1.961073  -0.019689 -45.597097  -1.471424 -99.000000   0.000000   0.274242   0.002447   0.005228   0.274030   0.076852      2      0
 2.3311E+07  17.263867   0.093173 -99.000000   4.688366  -6.918979   0.000000   0.000737   0.000549  5.255E-03  5.234E-03 -0.308E-10  max increase

save photos/x832 for model 832
save final_profile.data write fgong_plot.data
                               s% atm_structure_num_pts          57
save final_profile.data.FGONG    832
 final_profile.data.FGONG for model 832
 saved to zams.mod
termination code: Lnuc_div_L_zams_limit

       runtime, prev time, retries, backups, steps         7.6        28.2         0         0       832
        832   7.165407   6235.850   0.092890   0.092890   0.993857   0.993857   0.720502   0.000453   0.273947   0.720736  -1.682988    808      0
   5.606805   1.961073  -0.019689 -45.597097  -1.471424 -99.000000   0.000000   0.274242   0.002447   0.005228   0.274030   0.076852      2      0
 2.3311E+07  17.263867   0.093173 -99.000000   4.688366  -6.918979   0.000000   0.000737   0.000549  5.255E-03  5.234E-03 -0.308E-10  max increase

DATE: 2016-02-26
TIME: 17:09:09
DATE: 2016-02-26
TIME: 17:09:09
                                         version_number        8118
 read inlist_1.0
load saved model zams.mod

 new_lnPgas_flag T
 net name basic.net
 do_element_diffusion T
 lnPgas_flag T
                       which_atm_option: Eddington_grey
 kappa_file_prefix gs98
 kappa_lowT_prefix lowT_fa05_gs98
   eos_file_prefix mesa
                                        OMP_NUM_THREADS           1


__________________________________________________________________________________________________________________________________________________

       step    lg_Tcntr    Teff       lg_LH     lg_Lnuc     Mass       H_rich     H_cntr     N_cntr     Y_surf     X_avg     eta_cntr  zones retry
   lg_dt_yr    lg_Dcntr    lg_R       lg_L3a    lg_Lneu     lg_Mdot    He_core    He_cntr    O_cntr     Z_surf     Y_avg     gam_cntr  iters bckup
     age_yr    lg_Pcntr    lg_L       lg_LZ     lg_Psurf    lg_Dsurf   C_core     C_cntr     Ne_cntr    Z_cntr     Z_avg     v_div_cs     dt_limit
__________________________________________________________________________________________________________________________________________________

        834   7.165269   6409.403   0.089791   0.089791   0.993857   0.993857   0.720455   0.000490   0.273947   0.720723  -1.683022    803      0
   5.589076   1.960865  -0.046022 -45.604331  -1.476441 -99.000000   0.000000   0.274284   0.002447   0.005228   0.274042   0.076865      3      0
 2.4184E+07  17.263505   0.088193 -99.000000   5.020992  -6.599630   0.000000   0.000705   0.000549  5.260E-03  5.235E-03 -0.275E-10  max decrease

