DATE: 2016-02-26
TIME: 16:59:27
                                         version_number        8118
 read inlist_1.0
 create pre-main-sequence model
                                                species           8
 abundances
                                                     h1    7.3229699999999998D-01
                                                    he3    2.4464284221688395D-05
                                                    he4    2.2985953571577830D-01
                                                    c12    6.5079135845150307D-03
                                                    n14    1.9063774041406772D-03
                                                    o16    1.7700136515553241D-02
                                                   ne20    3.9699737918807709D-03
                                                   mg24    7.7345987039103281D-03


                                        relax_num_steps


                               finished relax_num_steps

 new_lnPgas_flag T
                                        relax_initial_Z    3.7818999999999998D-02
                                                  new z    3.7818999999999416D-02
                                        relax_initial_Y    2.2988400000000001D-01
                                                  new y    2.2988400000000003D-01
 net name basic.net
 do_element_diffusion T
 lnPgas_flag T
 kappa_file_prefix gs98
 kappa_lowT_prefix lowT_fa05_gs98
   eos_file_prefix mesa
                                        OMP_NUM_THREADS           1



stop because Lnuc_div_L >= Lnuc_div_L_zams_limit
    0.1009163416E+01    0.9990000000E+00

        807   7.092302   4866.092  -0.446297  -0.446297   1.000888   1.000888   0.731679   0.002267   0.229884   0.732185  -1.805222    798      0
   6.292858   1.800985  -0.075974 -49.937026  -2.001548 -99.000000   0.000000   0.230450   0.017700   0.037819   0.229992   0.081096      4      0
 6.5115E+07  17.031755  -0.450259 -16.255620   4.786293  -6.710595   0.000000   0.006199   0.003970  3.787E-02  3.782E-02 -0.444E-11  max increase

save photos/x807 for model 807
save final_profile.data write fgong_plot.data
                               s% atm_structure_num_pts          67
save final_profile.data.FGONG    807
 final_profile.data.FGONG for model 807
 saved to zams.mod
termination code: Lnuc_div_L_zams_limit

       runtime, prev time, retries, backups, steps         7.4        28.2         0         0       807
        807   7.092302   4866.092  -0.446297  -0.446297   1.000888   1.000888   0.731679   0.002267   0.229884   0.732185  -1.805222    798      0
   6.292858   1.800985  -0.075974 -49.937026  -2.001548 -99.000000   0.000000   0.230450   0.017700   0.037819   0.229992   0.081096      4      0
 6.5115E+07  17.031755  -0.450259 -16.255620   4.786293  -6.710595   0.000000   0.006199   0.003970  3.787E-02  3.782E-02 -0.444E-11  max increase

DATE: 2016-02-26
TIME: 17:08:57
DATE: 2016-02-26
TIME: 17:08:57
                                         version_number        8118
 read inlist_1.0
load saved model zams.mod

 new_lnPgas_flag T
 net name basic.net
 do_element_diffusion T
 lnPgas_flag T
                       which_atm_option: Eddington_grey
 kappa_file_prefix gs98
 kappa_lowT_prefix lowT_fa05_gs98
   eos_file_prefix mesa
                                        OMP_NUM_THREADS           1


__________________________________________________________________________________________________________________________________________________

       step    lg_Tcntr    Teff       lg_LH     lg_Lnuc     Mass       H_rich     H_cntr     N_cntr     Y_surf     X_avg     eta_cntr  zones retry
   lg_dt_yr    lg_Dcntr    lg_R       lg_L3a    lg_Lneu     lg_Mdot    He_core    He_cntr    O_cntr     Z_surf     Y_avg     gam_cntr  iters bckup
     age_yr    lg_Pcntr    lg_L       lg_LZ     lg_Psurf    lg_Dsurf   C_core     C_cntr     Ne_cntr    Z_cntr     Z_avg     v_div_cs     dt_limit
__________________________________________________________________________________________________________________________________________________

