DATE: 2016-02-26
TIME: 16:59:20
                                         version_number        8118
 read inlist_1.0
 create pre-main-sequence model
                                                species           8
 abundances
                                                     h1    6.6815700000000000D-01
                                                    he3    3.4042095552411520D-05
                                                    he4    3.1984995790444765D-01
                                                    c12    2.0579110647350289D-03
                                                    n14    6.0282840308093833D-04
                                                    o16    5.5970790499351632D-03
                                                   ne20    1.2553720769216904D-03
                                                   mg24    2.4458094053270100D-03


                                        relax_num_steps


                               finished relax_num_steps

 new_lnPgas_flag T
                                        relax_initial_Z    1.1958999999999999D-02
                                                  new z    1.1958999999999727D-02
                                        relax_initial_Y    3.1988400000000000D-01
                                                  new y    3.1988400000000011D-01
 net name basic.net
 do_element_diffusion T
 lnPgas_flag T
 kappa_file_prefix gs98
 kappa_lowT_prefix lowT_fa05_gs98
   eos_file_prefix mesa
                                        OMP_NUM_THREADS           1



stop because Lnuc_div_L >= Lnuc_div_L_zams_limit
    0.1010362354E+01    0.9990000000E+00

        801   7.099690   5367.567  -0.415369  -0.415369   0.775888   0.775888   0.667859   0.000652   0.319884   0.668079  -1.500660    797      0
   5.870130   1.951391  -0.145962 -48.877155  -2.028938 -99.000000   0.000000   0.320175   0.005597   0.011959   0.319960   0.091101      2      0
 4.5156E+07  17.170907  -0.419846 -16.255620   5.017350  -6.501691   0.000000   0.002016   0.001255  1.197E-02  1.196E-02 -0.189E-10    varcontrol

save photos/x801 for model 801
save final_profile.data write fgong_plot.data
                               s% atm_structure_num_pts          65
save final_profile.data.FGONG    801
 final_profile.data.FGONG for model 801
 saved to zams.mod
termination code: Lnuc_div_L_zams_limit

       runtime, prev time, retries, backups, steps         7.6        28.2         0         0       801
        801   7.099690   5367.567  -0.415369  -0.415369   0.775888   0.775888   0.667859   0.000652   0.319884   0.668079  -1.500660    797      0
   5.870130   1.951391  -0.145962 -48.877155  -2.028938 -99.000000   0.000000   0.320175   0.005597   0.011959   0.319960   0.091101      2      0
 4.5156E+07  17.170907  -0.419846 -16.255620   5.017350  -6.501691   0.000000   0.002016   0.001255  1.197E-02  1.196E-02 -0.189E-10    varcontrol

DATE: 2016-02-26
TIME: 17:09:07
DATE: 2016-02-26
TIME: 17:09:07
                                         version_number        8118
 read inlist_1.0
load saved model zams.mod

 new_lnPgas_flag T
 net name basic.net
 do_element_diffusion T
 lnPgas_flag T
                       which_atm_option: Eddington_grey
 kappa_file_prefix gs98
 kappa_lowT_prefix lowT_fa05_gs98
   eos_file_prefix mesa
                                        OMP_NUM_THREADS           1


__________________________________________________________________________________________________________________________________________________

       step    lg_Tcntr    Teff       lg_LH     lg_Lnuc     Mass       H_rich     H_cntr     N_cntr     Y_surf     X_avg     eta_cntr  zones retry
   lg_dt_yr    lg_Dcntr    lg_R       lg_L3a    lg_Lneu     lg_Mdot    He_core    He_cntr    O_cntr     Z_surf     Y_avg     gam_cntr  iters bckup
     age_yr    lg_Pcntr    lg_L       lg_LZ     lg_Psurf    lg_Dsurf   C_core     C_cntr     Ne_cntr    Z_cntr     Z_avg     v_div_cs     dt_limit
__________________________________________________________________________________________________________________________________________________

