DATE: 2016-02-26
TIME: 16:59:34
                                         version_number        8118
 read inlist_1.0
 create pre-main-sequence model
                                                species           8
 abundances
                                                     h1    7.4248500000000006D-01
                                                    he3    2.7257812526482637D-05
                                                    he4    2.5610674218747348D-01
                                                    c12    2.3764321267658438D-04
                                                    n14    6.9613347659071317D-05
                                                    o16    6.4633883836115046D-04
                                                   ne20    1.4496770952663059D-04
                                                   mg24    2.8243689177663979D-04


                                        relax_num_steps


                               finished relax_num_steps

 new_lnPgas_flag T
                                        relax_initial_Z    1.3810000000000001D-03
                                                  new z    1.3809999999993231D-03
                                        relax_initial_Y    2.5613399999999997D-01
                                                  new y    2.5613400000000019D-01
 net name basic.net
 do_element_diffusion T
 lnPgas_flag T
 kappa_file_prefix gs98
 kappa_lowT_prefix lowT_fa05_gs98
   eos_file_prefix mesa
                                        OMP_NUM_THREADS           1



stop because Lnuc_div_L >= Lnuc_div_L_zams_limit
    0.9993018156E+00    0.9990000000E+00

        967   7.308961   9981.921   1.000651   1.000651   1.535263   1.535263   0.741695   0.000346   0.256133   0.742246  -2.104024    890      0
   5.649690   1.997446   0.025565 -38.596788  -0.479488 -99.000000   0.000000   0.256885   0.000644   0.001381   0.256362   0.056205      2      0
 8.7222E+06  17.450327   1.000954 -99.000000   3.083301  -8.895546   0.000000   0.000002   0.000145  1.420E-03  1.392E-03 -0.235E-11  max increase

save photos/x967 for model 967
save final_profile.data write fgong_plot.data
                               s% atm_structure_num_pts          41
save final_profile.data.FGONG    967
 final_profile.data.FGONG for model 967
 saved to zams.mod
termination code: Lnuc_div_L_zams_limit

       runtime, prev time, retries, backups, steps         8.7        28.2         0         0       967
        967   7.308961   9981.921   1.000651   1.000651   1.535263   1.535263   0.741695   0.000346   0.256133   0.742246  -2.104024    890      0
   5.649690   1.997446   0.025565 -38.596788  -0.479488 -99.000000   0.000000   0.256885   0.000644   0.001381   0.256362   0.056205      2      0
 8.7222E+06  17.450327   1.000954 -99.000000   3.083301  -8.895546   0.000000   0.000002   0.000145  1.420E-03  1.392E-03 -0.235E-11  max increase

DATE: 2016-02-26
TIME: 17:10:09
DATE: 2016-02-26
TIME: 17:10:09
                                         version_number        8118
 read inlist_1.0
load saved model zams.mod

 new_lnPgas_flag T
 net name basic.net
 do_element_diffusion T
 lnPgas_flag T
                       which_atm_option: Eddington_grey
 kappa_file_prefix gs98
 kappa_lowT_prefix lowT_fa05_gs98
   eos_file_prefix mesa
                                        OMP_NUM_THREADS           1


__________________________________________________________________________________________________________________________________________________

       step    lg_Tcntr    Teff       lg_LH     lg_Lnuc     Mass       H_rich     H_cntr     N_cntr     Y_surf     X_avg     eta_cntr  zones retry
   lg_dt_yr    lg_Dcntr    lg_R       lg_L3a    lg_Lneu     lg_Mdot    He_core    He_cntr    O_cntr     Z_surf     Y_avg     gam_cntr  iters bckup
     age_yr    lg_Pcntr    lg_L       lg_LZ     lg_Psurf    lg_Dsurf   C_core     C_cntr     Ne_cntr    Z_cntr     Z_avg     v_div_cs     dt_limit
__________________________________________________________________________________________________________________________________________________

        968   7.308981   9982.851   1.001029   1.001029   1.535263   1.535263   0.741575   0.000347   0.256133   0.742210  -2.104133    890      0
   5.728871   1.997459   0.025334 -38.595272  -0.479393 -99.000000   0.000000   0.257005   0.000644   0.001381   0.256397   0.056205      3      0
 9.2579E+06  17.450321   1.000655 -99.000000   3.444483  -8.515516   0.000000   0.000002   0.000145  1.420E-03  1.392E-03 -0.224E-11              

