000 (20612.000.000) 02/24 21:35:07 Job submitted from host: <134.76.239.76:13753?addrs=134.76.239.76-13753>
...
001 (20612.000.000) 02/25 03:06:45 Job executing on host: <134.76.239.90:23525?addrs=134.76.239.90-23525>
...
006 (20612.000.000) 02/25 03:06:53 Image size of job updated: 1
	3  -  MemoryUsage of job (MB)
	2068  -  ResidentSetSize of job (KB)
...
006 (20612.000.000) 02/25 03:11:53 Image size of job updated: 1141808
	923  -  MemoryUsage of job (MB)
	944660  -  ResidentSetSize of job (KB)
...
006 (20612.000.000) 02/25 03:16:53 Image size of job updated: 1144912
	923  -  MemoryUsage of job (MB)
	944660  -  ResidentSetSize of job (KB)
...
006 (20612.000.000) 02/25 03:21:54 Image size of job updated: 1449384
	1248  -  MemoryUsage of job (MB)
	1277408  -  ResidentSetSize of job (KB)
...
006 (20612.000.000) 02/25 03:26:54 Image size of job updated: 1498464
	1248  -  MemoryUsage of job (MB)
	1277408  -  ResidentSetSize of job (KB)
...
006 (20612.000.000) 02/25 03:41:56 Image size of job updated: 1536980
	1294  -  MemoryUsage of job (MB)
	1324156  -  ResidentSetSize of job (KB)
...
005 (20612.000.000) 02/25 04:27:07 Job terminated.
	(1) Normal termination (return value 0)
		Usr 0 01:59:41, Sys 0 00:00:25  -  Run Remote Usage
		Usr 0 00:00:00, Sys 0 00:00:00  -  Run Local Usage
		Usr 0 01:59:41, Sys 0 00:00:25  -  Total Remote Usage
		Usr 0 00:00:00, Sys 0 00:00:00  -  Total Local Usage
	0  -  Run Bytes Sent By Job
	0  -  Run Bytes Received By Job
	0  -  Total Bytes Sent By Job
	0  -  Total Bytes Received By Job
	Partitionable Resources :    Usage  Request Allocated
	   Cpus                 :                 2         2
	   Disk (KB)            :        1        1   5108810
	   Memory (MB)          :     1294        1         1
...
