000 (20032.000.000) 02/24 21:34:36 Job submitted from host: <134.76.239.76:13753?addrs=134.76.239.76-13753>
...
001 (20032.000.000) 02/24 21:34:41 Job executing on host: <134.76.239.80:23833?addrs=134.76.239.80-23833>
...
006 (20032.000.000) 02/24 21:34:51 Image size of job updated: 65712
	4  -  MemoryUsage of job (MB)
	4044  -  ResidentSetSize of job (KB)
...
006 (20032.000.000) 02/24 21:39:52 Image size of job updated: 1139520
	925  -  MemoryUsage of job (MB)
	947104  -  ResidentSetSize of job (KB)
...
006 (20032.000.000) 02/24 21:44:53 Image size of job updated: 1145588
	925  -  MemoryUsage of job (MB)
	947104  -  ResidentSetSize of job (KB)
...
006 (20032.000.000) 02/24 22:04:55 Image size of job updated: 1272284
	1062  -  MemoryUsage of job (MB)
	1087080  -  ResidentSetSize of job (KB)
...
006 (20032.000.000) 02/24 22:09:55 Image size of job updated: 1274364
	1065  -  MemoryUsage of job (MB)
	1089728  -  ResidentSetSize of job (KB)
...
006 (20032.000.000) 02/24 22:19:57 Image size of job updated: 1274364
	1065  -  MemoryUsage of job (MB)
	1090060  -  ResidentSetSize of job (KB)
...
006 (20032.000.000) 02/24 22:24:57 Image size of job updated: 1347972
	1137  -  MemoryUsage of job (MB)
	1164148  -  ResidentSetSize of job (KB)
...
006 (20032.000.000) 02/24 22:29:58 Image size of job updated: 1534456
	1281  -  MemoryUsage of job (MB)
	1311412  -  ResidentSetSize of job (KB)
...
006 (20032.000.000) 02/24 22:34:59 Image size of job updated: 1534456
	1281  -  MemoryUsage of job (MB)
	1311744  -  ResidentSetSize of job (KB)
...
006 (20032.000.000) 02/24 22:44:59 Image size of job updated: 1534456
	1282  -  MemoryUsage of job (MB)
	1312064  -  ResidentSetSize of job (KB)
...
006 (20032.000.000) 02/24 23:25:04 Image size of job updated: 1534456
	1284  -  MemoryUsage of job (MB)
	1314600  -  ResidentSetSize of job (KB)
...
006 (20032.000.000) 02/24 23:35:04 Image size of job updated: 1534456
	1285  -  MemoryUsage of job (MB)
	1314920  -  ResidentSetSize of job (KB)
...
005 (20032.000.000) 02/25 00:56:27 Job terminated.
	(1) Normal termination (return value 0)
		Usr 0 04:55:30, Sys 0 00:01:41  -  Run Remote Usage
		Usr 0 00:00:00, Sys 0 00:00:00  -  Run Local Usage
		Usr 0 04:55:30, Sys 0 00:01:41  -  Total Remote Usage
		Usr 0 00:00:00, Sys 0 00:00:00  -  Total Local Usage
	0  -  Run Bytes Sent By Job
	0  -  Run Bytes Received By Job
	0  -  Total Bytes Sent By Job
	0  -  Total Bytes Received By Job
	Partitionable Resources :    Usage  Request Allocated
	   Cpus                 :                 2         2
	   Disk (KB)            :        1        1   5045869
	   Memory (MB)          :     1285        1         1
...
