DATE: 2016-02-26
TIME: 16:59:24
                                         version_number        8118
 read inlist_1.0
 create pre-main-sequence model
                                                species           8
 abundances
                                                     h1    7.5298700000000007D-01
                                                    he3    2.4763644035836438D-05
                                                    he4    2.3267223635596415D-01
                                                    c12    2.4635048752192556D-03
                                                    n14    7.2163988782564031D-04
                                                    o16    6.7002076828223851D-03
                                                   ne20    1.5027934319935753D-03
                                                   mg24    2.9278541221391396D-03


                                        relax_num_steps


                               finished relax_num_steps

 new_lnPgas_flag T
                                        relax_initial_Z    1.4316000000000001D-02
                                                  new z    1.4316000000000485D-02
                                        relax_initial_Y    2.3269699999999999D-01
                                                  new y    2.3269699999999985D-01
 net name basic.net
 do_element_diffusion T
 lnPgas_flag T
 kappa_file_prefix gs98
 kappa_lowT_prefix lowT_fa05_gs98
   eos_file_prefix mesa
                                        OMP_NUM_THREADS           1



stop because Lnuc_div_L >= Lnuc_div_L_zams_limit
    0.1001714964E+01    0.9990000000E+00

        846   7.196220   6459.922   0.419502   0.419502   1.359482   1.359482   0.752701   0.001415   0.232697   0.752909  -2.108846    792      0
   5.170098   1.824675   0.112441 -44.468793  -0.992023 -99.000000   0.000000   0.232884   0.006700   0.014316   0.232752   0.063857      2      0
 1.8377E+07  17.167130   0.418758 -15.352530   4.451908  -7.183391   0.000000   0.001869   0.001503  1.442E-02  1.434E-02 -0.156E-09    varcontrol

save photos/x846 for model 846
save final_profile.data write fgong_plot.data
                               s% atm_structure_num_pts          53
save final_profile.data.FGONG    846
 final_profile.data.FGONG for model 846
 saved to zams.mod
termination code: Lnuc_div_L_zams_limit

       runtime, prev time, retries, backups, steps         7.9        28.2         0         0       846
        846   7.196220   6459.922   0.419502   0.419502   1.359482   1.359482   0.752701   0.001415   0.232697   0.752909  -2.108846    792      0
   5.170098   1.824675   0.112441 -44.468793  -0.992023 -99.000000   0.000000   0.232884   0.006700   0.014316   0.232752   0.063857      2      0
 1.8377E+07  17.167130   0.418758 -15.352530   4.451908  -7.183391   0.000000   0.001869   0.001503  1.442E-02  1.434E-02 -0.156E-09    varcontrol

DATE: 2016-02-26
TIME: 17:09:25
DATE: 2016-02-26
TIME: 17:09:25
                                         version_number        8118
 read inlist_1.0
load saved model zams.mod

 new_lnPgas_flag T
 net name basic.net
 do_element_diffusion T
 lnPgas_flag T
                       which_atm_option: Eddington_grey
 kappa_file_prefix gs98
 kappa_lowT_prefix lowT_fa05_gs98
   eos_file_prefix mesa
                                        OMP_NUM_THREADS           1


__________________________________________________________________________________________________________________________________________________

       step    lg_Tcntr    Teff       lg_LH     lg_Lnuc     Mass       H_rich     H_cntr     N_cntr     Y_surf     X_avg     eta_cntr  zones retry
   lg_dt_yr    lg_Dcntr    lg_R       lg_L3a    lg_Lneu     lg_Mdot    He_core    He_cntr    O_cntr     Z_surf     Y_avg     gam_cntr  iters bckup
     age_yr    lg_Pcntr    lg_L       lg_LZ     lg_Psurf    lg_Dsurf   C_core     C_cntr     Ne_cntr    Z_cntr     Z_avg     v_div_cs     dt_limit
__________________________________________________________________________________________________________________________________________________

