DATE: 2016-02-26
TIME: 16:59:51
                                         version_number        8118
 read inlist_1.0
 create pre-main-sequence model
                                                species           8
 abundances
                                                     h1    6.9896599999999998D-01
                                                    he3    3.1349879207471151D-05
                                                    he4    2.9455465012079257D-01
                                                    c12    1.1095752609258025D-03
                                                    n14    3.2503031550012133D-04
                                                    o16    3.0178079867867291D-03
                                                   ne20    6.7686588778252243D-04
                                                   mg24    1.3187205490048344D-03


                                        relax_num_steps


                               finished relax_num_steps

 new_lnPgas_flag T
                                        relax_initial_Z    6.4479999999999997D-03
                                                  new z    6.4479999999999356D-03
                                        relax_initial_Y    2.9458600000000001D-01
                                                  new y    2.9458599999999990D-01
 net name basic.net
 do_element_diffusion T
 lnPgas_flag T
 kappa_file_prefix gs98
 kappa_lowT_prefix lowT_fa05_gs98
   eos_file_prefix mesa
                                        OMP_NUM_THREADS           1



stop because Lnuc_div_L >= Lnuc_div_L_zams_limit
    0.9995725166E+00    0.9990000000E+00

        893   7.221986   6846.238   0.407366   0.407366   1.146896   1.146896   0.696971   0.001613   0.289325   0.698516  -1.820091    809      0
   6.342063   1.996581   0.056388 -42.603583  -1.203166 -99.000000   0.000000   0.296397   0.003017   0.006310   0.294999   0.070075      4      0
 3.2258E+07  17.347971   0.407551 -15.352530   4.356961  -7.284099   0.000000   0.000007   0.000677  6.632E-03  6.485E-03 -0.319E-13  max increase

save photos/x893 for model 893
save final_profile.data write fgong_plot.data
                               s% atm_structure_num_pts          53
save final_profile.data.FGONG    893
 final_profile.data.FGONG for model 893
 saved to zams.mod
termination code: Lnuc_div_L_zams_limit

       runtime, prev time, retries, backups, steps         8.5        28.2         0         0       893
        893   7.221986   6846.238   0.407366   0.407366   1.146896   1.146896   0.696971   0.001613   0.289325   0.698516  -1.820091    809      0
   6.342063   1.996581   0.056388 -42.603583  -1.203166 -99.000000   0.000000   0.296397   0.003017   0.006310   0.294999   0.070075      4      0
 3.2258E+07  17.347971   0.407551 -15.352530   4.356961  -7.284099   0.000000   0.000007   0.000677  6.632E-03  6.485E-03 -0.319E-13  max increase

DATE: 2016-02-26
TIME: 17:09:59
DATE: 2016-02-26
TIME: 17:09:59
                                         version_number        8118
 read inlist_1.0
load saved model zams.mod

 new_lnPgas_flag T
 net name basic.net
 do_element_diffusion T
 lnPgas_flag T
                       which_atm_option: Eddington_grey
 kappa_file_prefix gs98
 kappa_lowT_prefix lowT_fa05_gs98
   eos_file_prefix mesa
                                        OMP_NUM_THREADS           1


__________________________________________________________________________________________________________________________________________________

       step    lg_Tcntr    Teff       lg_LH     lg_Lnuc     Mass       H_rich     H_cntr     N_cntr     Y_surf     X_avg     eta_cntr  zones retry
   lg_dt_yr    lg_Dcntr    lg_R       lg_L3a    lg_Lneu     lg_Mdot    He_core    He_cntr    O_cntr     Z_surf     Y_avg     gam_cntr  iters bckup
     age_yr    lg_Pcntr    lg_L       lg_LZ     lg_Psurf    lg_Dsurf   C_core     C_cntr     Ne_cntr    Z_cntr     Z_avg     v_div_cs     dt_limit
__________________________________________________________________________________________________________________________________________________

        894   7.222020   6991.367   0.407666   0.407666   1.146896   1.146896   0.696864   0.001613   0.288933   0.698493  -1.820006    809      0
   6.000000   1.996697   0.038194 -42.601291  -1.203162 -99.000000   0.000000   0.296504   0.003017   0.006300   0.295022   0.070079      6      0
 3.3258E+07  17.348086   0.407604 -14.875409   4.705213  -6.947036   0.000000   0.000006   0.000677  6.632E-03  6.485E-03 -0.122E-09              

