000 (20383.000.000) 02/24 21:34:55 Job submitted from host: <134.76.239.76:13753?addrs=134.76.239.76-13753>
...
001 (20383.000.000) 02/25 00:29:40 Job executing on host: <134.76.239.86:20177?addrs=134.76.239.86-20177>
...
006 (20383.000.000) 02/25 00:29:48 Image size of job updated: 137996
	19  -  MemoryUsage of job (MB)
	19336  -  ResidentSetSize of job (KB)
...
006 (20383.000.000) 02/25 00:34:48 Image size of job updated: 1142868
	935  -  MemoryUsage of job (MB)
	956468  -  ResidentSetSize of job (KB)
...
006 (20383.000.000) 02/25 00:39:48 Image size of job updated: 1145468
	935  -  MemoryUsage of job (MB)
	956468  -  ResidentSetSize of job (KB)
...
006 (20383.000.000) 02/25 00:44:49 Image size of job updated: 1264312
	1077  -  MemoryUsage of job (MB)
	1102844  -  ResidentSetSize of job (KB)
...
006 (20383.000.000) 02/25 00:49:49 Image size of job updated: 1337920
	1150  -  MemoryUsage of job (MB)
	1176788  -  ResidentSetSize of job (KB)
...
006 (20383.000.000) 02/25 00:54:49 Image size of job updated: 1524404
	1294  -  MemoryUsage of job (MB)
	1324056  -  ResidentSetSize of job (KB)
...
006 (20383.000.000) 02/25 00:59:50 Image size of job updated: 1573476
	1342  -  MemoryUsage of job (MB)
	1373520  -  ResidentSetSize of job (KB)
...
006 (20383.000.000) 02/25 01:04:51 Image size of job updated: 1573476
	1342  -  MemoryUsage of job (MB)
	1373840  -  ResidentSetSize of job (KB)
...
005 (20383.000.000) 02/25 02:56:27 Job terminated.
	(1) Normal termination (return value 0)
		Usr 0 04:00:59, Sys 0 00:00:36  -  Run Remote Usage
		Usr 0 00:00:00, Sys 0 00:00:00  -  Run Local Usage
		Usr 0 04:00:59, Sys 0 00:00:36  -  Total Remote Usage
		Usr 0 00:00:00, Sys 0 00:00:00  -  Total Local Usage
	0  -  Run Bytes Sent By Job
	0  -  Run Bytes Received By Job
	0  -  Total Bytes Sent By Job
	0  -  Total Bytes Received By Job
	Partitionable Resources :    Usage  Request Allocated
	   Cpus                 :                 2         2
	   Disk (KB)            :        1        1   5108738
	   Memory (MB)          :     1342        1         1
...
