000 (20550.000.000) 02/24 21:35:04 Job submitted from host: <134.76.239.76:13753?addrs=134.76.239.76-13753>
...
001 (20550.000.000) 02/25 02:17:42 Job executing on host: <134.76.239.80:23833?addrs=134.76.239.80-23833>
...
006 (20550.000.000) 02/25 02:17:51 Image size of job updated: 209744
	71  -  MemoryUsage of job (MB)
	71776  -  ResidentSetSize of job (KB)
...
006 (20550.000.000) 02/25 02:22:52 Image size of job updated: 1145268
	922  -  MemoryUsage of job (MB)
	944060  -  ResidentSetSize of job (KB)
...
006 (20550.000.000) 02/25 02:27:53 Image size of job updated: 1146288
	922  -  MemoryUsage of job (MB)
	944060  -  ResidentSetSize of job (KB)
...
006 (20550.000.000) 02/25 02:52:55 Image size of job updated: 1241816
	1060  -  MemoryUsage of job (MB)
	1085068  -  ResidentSetSize of job (KB)
...
006 (20550.000.000) 02/25 02:57:56 Image size of job updated: 1241816
	1060  -  MemoryUsage of job (MB)
	1085404  -  ResidentSetSize of job (KB)
...
006 (20550.000.000) 02/25 03:02:56 Image size of job updated: 1241816
	1060  -  MemoryUsage of job (MB)
	1085408  -  ResidentSetSize of job (KB)
...
006 (20550.000.000) 02/25 03:07:56 Image size of job updated: 1428300
	1205  -  MemoryUsage of job (MB)
	1233012  -  ResidentSetSize of job (KB)
...
006 (20550.000.000) 02/25 03:12:57 Image size of job updated: 1428716
	1205  -  MemoryUsage of job (MB)
	1233024  -  ResidentSetSize of job (KB)
...
006 (20550.000.000) 02/25 03:17:58 Image size of job updated: 1428716
	1205  -  MemoryUsage of job (MB)
	1233340  -  ResidentSetSize of job (KB)
...
006 (20550.000.000) 02/25 03:27:58 Image size of job updated: 1428716
	1205  -  MemoryUsage of job (MB)
	1233344  -  ResidentSetSize of job (KB)
...
006 (20550.000.000) 02/25 03:32:59 Image size of job updated: 1428716
	1205  -  MemoryUsage of job (MB)
	1233348  -  ResidentSetSize of job (KB)
...
006 (20550.000.000) 02/25 03:37:59 Image size of job updated: 1431740
	1205  -  MemoryUsage of job (MB)
	1233348  -  ResidentSetSize of job (KB)
...
006 (20550.000.000) 02/25 04:23:03 Image size of job updated: 1431740
	1218  -  MemoryUsage of job (MB)
	1246212  -  ResidentSetSize of job (KB)
...
006 (20550.000.000) 02/25 04:28:03 Image size of job updated: 1431740
	1218  -  MemoryUsage of job (MB)
	1246556  -  ResidentSetSize of job (KB)
...
006 (20550.000.000) 02/25 04:43:05 Image size of job updated: 1431740
	1218  -  MemoryUsage of job (MB)
	1246876  -  ResidentSetSize of job (KB)
...
006 (20550.000.000) 02/25 04:58:07 Image size of job updated: 1431740
	1218  -  MemoryUsage of job (MB)
	1246884  -  ResidentSetSize of job (KB)
...
006 (20550.000.000) 02/25 05:03:07 Image size of job updated: 1431740
	1218  -  MemoryUsage of job (MB)
	1247060  -  ResidentSetSize of job (KB)
...
006 (20550.000.000) 02/25 06:19:58 Image size of job updated: 8939056
	1218  -  MemoryUsage of job (MB)
	1247060  -  ResidentSetSize of job (KB)
...
005 (20550.000.000) 02/25 06:19:58 Job terminated.
	(1) Normal termination (return value 0)
		Usr 0 06:48:20, Sys 0 00:01:10  -  Run Remote Usage
		Usr 0 00:00:00, Sys 0 00:00:00  -  Run Local Usage
		Usr 0 06:48:20, Sys 0 00:01:10  -  Total Remote Usage
		Usr 0 00:00:00, Sys 0 00:00:00  -  Total Local Usage
	0  -  Run Bytes Sent By Job
	0  -  Run Bytes Received By Job
	0  -  Total Bytes Sent By Job
	0  -  Total Bytes Received By Job
	Partitionable Resources :    Usage  Request Allocated
	   Cpus                 :                 2         2
	   Disk (KB)            :        1        1   5045802
	   Memory (MB)          :     1218        1         1
...
