000 (20464.000.000) 02/24 21:34:59 Job submitted from host: <134.76.239.76:13753?addrs=134.76.239.76-13753>
...
001 (20464.000.000) 02/25 01:18:40 Job executing on host: <134.76.239.89:24193?addrs=134.76.239.89-24193>
...
006 (20464.000.000) 02/25 01:18:48 Image size of job updated: 1
	3  -  MemoryUsage of job (MB)
	2072  -  ResidentSetSize of job (KB)
...
006 (20464.000.000) 02/25 01:23:48 Image size of job updated: 1143272
	931  -  MemoryUsage of job (MB)
	952960  -  ResidentSetSize of job (KB)
...
006 (20464.000.000) 02/25 01:28:49 Image size of job updated: 1144884
	931  -  MemoryUsage of job (MB)
	952960  -  ResidentSetSize of job (KB)
...
006 (20464.000.000) 02/25 01:43:50 Image size of job updated: 1294260
	1060  -  MemoryUsage of job (MB)
	1085236  -  ResidentSetSize of job (KB)
...
006 (20464.000.000) 02/25 01:48:51 Image size of job updated: 1363420
	1123  -  MemoryUsage of job (MB)
	1149180  -  ResidentSetSize of job (KB)
...
006 (20464.000.000) 02/25 01:53:51 Image size of job updated: 1365448
	1126  -  MemoryUsage of job (MB)
	1152116  -  ResidentSetSize of job (KB)
...
006 (20464.000.000) 02/25 02:03:53 Image size of job updated: 1560004
	1342  -  MemoryUsage of job (MB)
	1373308  -  ResidentSetSize of job (KB)
...
006 (20464.000.000) 02/25 02:08:53 Image size of job updated: 1560004
	1342  -  MemoryUsage of job (MB)
	1373332  -  ResidentSetSize of job (KB)
...
006 (20464.000.000) 02/25 02:13:54 Image size of job updated: 1560004
	1342  -  MemoryUsage of job (MB)
	1374188  -  ResidentSetSize of job (KB)
...
006 (20464.000.000) 02/25 02:18:55 Image size of job updated: 1560004
	1343  -  MemoryUsage of job (MB)
	1374244  -  ResidentSetSize of job (KB)
...
006 (20464.000.000) 02/25 02:23:55 Image size of job updated: 1609076
	1343  -  MemoryUsage of job (MB)
	1374244  -  ResidentSetSize of job (KB)
...
006 (20464.000.000) 02/25 03:09:01 Image size of job updated: 1609076
	1356  -  MemoryUsage of job (MB)
	1387892  -  ResidentSetSize of job (KB)
...
006 (20464.000.000) 02/25 03:14:01 Image size of job updated: 1609076
	1356  -  MemoryUsage of job (MB)
	1388100  -  ResidentSetSize of job (KB)
...
006 (20464.000.000) 02/25 03:19:01 Image size of job updated: 1609076
	1357  -  MemoryUsage of job (MB)
	1388648  -  ResidentSetSize of job (KB)
...
006 (20464.000.000) 02/25 03:24:02 Image size of job updated: 1609076
	1357  -  MemoryUsage of job (MB)
	1388660  -  ResidentSetSize of job (KB)
...
006 (20464.000.000) 02/25 03:29:03 Image size of job updated: 1622840
	1357  -  MemoryUsage of job (MB)
	1388660  -  ResidentSetSize of job (KB)
...
005 (20464.000.000) 02/25 04:44:26 Job terminated.
	(1) Normal termination (return value 0)
		Usr 0 05:46:21, Sys 0 00:01:03  -  Run Remote Usage
		Usr 0 00:00:00, Sys 0 00:00:00  -  Run Local Usage
		Usr 0 05:46:21, Sys 0 00:01:03  -  Total Remote Usage
		Usr 0 00:00:00, Sys 0 00:00:00  -  Total Local Usage
	0  -  Run Bytes Sent By Job
	0  -  Run Bytes Received By Job
	0  -  Total Bytes Sent By Job
	0  -  Total Bytes Received By Job
	Partitionable Resources :    Usage  Request Allocated
	   Cpus                 :                 2         2
	   Disk (KB)            :        1        1   5108821
	   Memory (MB)          :     1357        1         1
...
