000 (20688.000.000) 02/24 21:35:11 Job submitted from host: <134.76.239.76:13753?addrs=134.76.239.76-13753>
...
001 (20688.000.000) 02/25 03:54:45 Job executing on host: <134.76.239.91:19968?addrs=134.76.239.91-19968>
...
006 (20688.000.000) 02/25 03:54:54 Image size of job updated: 1
	3  -  MemoryUsage of job (MB)
	2072  -  ResidentSetSize of job (KB)
...
006 (20688.000.000) 02/25 03:59:55 Image size of job updated: 1144648
	936  -  MemoryUsage of job (MB)
	958044  -  ResidentSetSize of job (KB)
...
006 (20688.000.000) 02/25 04:14:56 Image size of job updated: 1247116
	1067  -  MemoryUsage of job (MB)
	1092536  -  ResidentSetSize of job (KB)
...
006 (20688.000.000) 02/25 04:19:57 Image size of job updated: 1463528
	1240  -  MemoryUsage of job (MB)
	1268824  -  ResidentSetSize of job (KB)
...
006 (20688.000.000) 02/25 04:24:57 Image size of job updated: 1463528
	1240  -  MemoryUsage of job (MB)
	1269156  -  ResidentSetSize of job (KB)
...
006 (20688.000.000) 02/25 04:29:57 Image size of job updated: 1463528
	1240  -  MemoryUsage of job (MB)
	1269472  -  ResidentSetSize of job (KB)
...
006 (20688.000.000) 02/25 04:34:58 Image size of job updated: 1463536
	1240  -  MemoryUsage of job (MB)
	1269472  -  ResidentSetSize of job (KB)
...
006 (20688.000.000) 02/25 04:55:00 Image size of job updated: 1489304
	1240  -  MemoryUsage of job (MB)
	1269472  -  ResidentSetSize of job (KB)
...
006 (20688.000.000) 02/25 05:10:02 Image size of job updated: 1489312
	1240  -  MemoryUsage of job (MB)
	1269472  -  ResidentSetSize of job (KB)
...
006 (20688.000.000) 02/25 05:59:48 Image size of job updated: 8334072
	1240  -  MemoryUsage of job (MB)
	1269472  -  ResidentSetSize of job (KB)
...
005 (20688.000.000) 02/25 05:59:48 Job terminated.
	(1) Normal termination (return value 0)
		Usr 0 03:16:16, Sys 0 00:00:31  -  Run Remote Usage
		Usr 0 00:00:00, Sys 0 00:00:00  -  Run Local Usage
		Usr 0 03:16:16, Sys 0 00:00:31  -  Total Remote Usage
		Usr 0 00:00:00, Sys 0 00:00:00  -  Total Local Usage
	0  -  Run Bytes Sent By Job
	0  -  Run Bytes Received By Job
	0  -  Total Bytes Sent By Job
	0  -  Total Bytes Received By Job
	Partitionable Resources :    Usage  Request Allocated
	   Cpus                 :                 2         2
	   Disk (KB)            :        1        1   5108662
	   Memory (MB)          :     1240        1         1
...
