000 (20697.000.000) 02/24 21:35:11 Job submitted from host: <134.76.239.76:13753?addrs=134.76.239.76-13753>
...
001 (20697.000.000) 02/25 04:01:45 Job executing on host: <134.76.239.79:12046?addrs=134.76.239.79-12046>
...
006 (20697.000.000) 02/25 04:01:54 Image size of job updated: 319988
	90  -  MemoryUsage of job (MB)
	91496  -  ResidentSetSize of job (KB)
...
006 (20697.000.000) 02/25 04:06:54 Image size of job updated: 1146820
	903  -  MemoryUsage of job (MB)
	923808  -  ResidentSetSize of job (KB)
...
006 (20697.000.000) 02/25 04:11:54 Image size of job updated: 1146820
	903  -  MemoryUsage of job (MB)
	923880  -  ResidentSetSize of job (KB)
...
006 (20697.000.000) 02/25 04:26:56 Image size of job updated: 1267612
	1059  -  MemoryUsage of job (MB)
	1084340  -  ResidentSetSize of job (KB)
...
006 (20697.000.000) 02/25 04:36:58 Image size of job updated: 1267612
	1059  -  MemoryUsage of job (MB)
	1084348  -  ResidentSetSize of job (KB)
...
006 (20697.000.000) 02/25 04:51:59 Image size of job updated: 1267612
	1060  -  MemoryUsage of job (MB)
	1084668  -  ResidentSetSize of job (KB)
...
006 (20697.000.000) 02/25 05:07:01 Image size of job updated: 1479056
	1228  -  MemoryUsage of job (MB)
	1256480  -  ResidentSetSize of job (KB)
...
006 (20697.000.000) 02/25 05:12:02 Image size of job updated: 1482040
	1230  -  MemoryUsage of job (MB)
	1258852  -  ResidentSetSize of job (KB)
...
006 (20697.000.000) 02/25 05:17:02 Image size of job updated: 1482040
	1230  -  MemoryUsage of job (MB)
	1258872  -  ResidentSetSize of job (KB)
...
006 (20697.000.000) 02/25 05:22:02 Image size of job updated: 1482040
	1230  -  MemoryUsage of job (MB)
	1258884  -  ResidentSetSize of job (KB)
...
006 (20697.000.000) 02/25 05:27:03 Image size of job updated: 1482040
	1230  -  MemoryUsage of job (MB)
	1258896  -  ResidentSetSize of job (KB)
...
006 (20697.000.000) 02/25 05:32:03 Image size of job updated: 1482040
	1231  -  MemoryUsage of job (MB)
	1259956  -  ResidentSetSize of job (KB)
...
006 (20697.000.000) 02/25 05:37:03 Image size of job updated: 1483996
	1234  -  MemoryUsage of job (MB)
	1262748  -  ResidentSetSize of job (KB)
...
006 (20697.000.000) 02/25 05:42:04 Image size of job updated: 1483996
	1234  -  MemoryUsage of job (MB)
	1263000  -  ResidentSetSize of job (KB)
...
006 (20697.000.000) 02/25 05:47:05 Image size of job updated: 1484008
	1234  -  MemoryUsage of job (MB)
	1263000  -  ResidentSetSize of job (KB)
...
006 (20697.000.000) 02/25 08:40:38 Image size of job updated: 9561584
	1234  -  MemoryUsage of job (MB)
	1263000  -  ResidentSetSize of job (KB)
...
005 (20697.000.000) 02/25 08:40:38 Job terminated.
	(1) Normal termination (return value 0)
		Usr 0 07:53:25, Sys 0 00:01:33  -  Run Remote Usage
		Usr 0 00:00:00, Sys 0 00:00:00  -  Run Local Usage
		Usr 0 07:53:25, Sys 0 00:01:33  -  Total Remote Usage
		Usr 0 00:00:00, Sys 0 00:00:00  -  Total Local Usage
	0  -  Run Bytes Sent By Job
	0  -  Run Bytes Received By Job
	0  -  Total Bytes Sent By Job
	0  -  Total Bytes Received By Job
	Partitionable Resources :    Usage  Request Allocated
	   Cpus                 :                 2         2
	   Disk (KB)            :        1        1   5108667
	   Memory (MB)          :     1234        1         1
...
