DATE: 2016-02-26
TIME: 16:59:36
                                         version_number        8118
 read inlist_1.0
 create pre-main-sequence model
                                                species           8
 abundances
                                                     h1    7.4462600000000001D-01
                                                    he3    2.6584385969806908D-05
                                                    he4    2.4977941561403019D-01
                                                    c12    9.5814439405007422D-04
                                                    n14    2.8067133943931121D-04
                                                    o16    2.6059483359845747D-03
                                                   ne20    5.8448964999582680D-04
                                                   mg24    1.1387462805302305D-03


                                        relax_num_steps


                               finished relax_num_steps

 new_lnPgas_flag T
                                        relax_initial_Z    5.5680000000000000D-03
                                                  new z    5.5679999999999358D-03
                                        relax_initial_Y    2.4980600000000000D-01
                                                  new y    2.4980599999999989D-01
 net name basic.net
 do_element_diffusion T
 lnPgas_flag T
 kappa_file_prefix gs98
 kappa_lowT_prefix lowT_fa05_gs98
   eos_file_prefix mesa
                                        OMP_NUM_THREADS           1



stop because Lnuc_div_L >= Lnuc_div_L_zams_limit
    0.1003571816E+01    0.9990000000E+00

        826   7.155422   6038.022   0.052570   0.052570   1.006161   1.006161   0.744277   0.000440   0.249758   0.744535  -1.666746    803      0
   5.620979   1.946754  -0.012763 -46.242568  -1.523185 -99.000000   0.000000   0.250132   0.002606   0.005567   0.249892   0.077033      4      0
 2.6321E+07  17.247255   0.051022 -15.352530   4.763071  -6.838616   0.000000   0.000821   0.000585  5.591E-03  5.573E-03 -0.314E-10    varcontrol

save photos/x826 for model 826
save final_profile.data write fgong_plot.data
                               s% atm_structure_num_pts          59
save final_profile.data.FGONG    826
 final_profile.data.FGONG for model 826
 saved to zams.mod
termination code: Lnuc_div_L_zams_limit

       runtime, prev time, retries, backups, steps         7.8        28.2         0         0       826
        826   7.155422   6038.022   0.052570   0.052570   1.006161   1.006161   0.744277   0.000440   0.249758   0.744535  -1.666746    803      0
   5.620979   1.946754  -0.012763 -46.242568  -1.523185 -99.000000   0.000000   0.250132   0.002606   0.005567   0.249892   0.077033      4      0
 2.6321E+07  17.247255   0.051022 -15.352530   4.763071  -6.838616   0.000000   0.000821   0.000585  5.591E-03  5.573E-03 -0.314E-10  max increase

DATE: 2016-02-26
TIME: 17:09:20
DATE: 2016-02-26
TIME: 17:09:21
                                         version_number        8118
 read inlist_1.0
load saved model zams.mod

 new_lnPgas_flag T
 net name basic.net
 do_element_diffusion T
 lnPgas_flag T
                       which_atm_option: Eddington_grey
 kappa_file_prefix gs98
 kappa_lowT_prefix lowT_fa05_gs98
   eos_file_prefix mesa
                                        OMP_NUM_THREADS           1


__________________________________________________________________________________________________________________________________________________

       step    lg_Tcntr    Teff       lg_LH     lg_Lnuc     Mass       H_rich     H_cntr     N_cntr     Y_surf     X_avg     eta_cntr  zones retry
   lg_dt_yr    lg_Dcntr    lg_R       lg_L3a    lg_Lneu     lg_Mdot    He_core    He_cntr    O_cntr     Z_surf     Y_avg     gam_cntr  iters bckup
     age_yr    lg_Pcntr    lg_L       lg_LZ     lg_Psurf    lg_Dsurf   C_core     C_cntr     Ne_cntr    Z_cntr     Z_avg     v_div_cs     dt_limit
__________________________________________________________________________________________________________________________________________________

