000 (20265.000.000) 02/24 21:34:48 Job submitted from host: <134.76.239.76:13753?addrs=134.76.239.76-13753>
...
001 (20265.000.000) 02/24 23:03:36 Job executing on host: <134.76.239.78:21556?addrs=134.76.239.78-21556>
...
006 (20265.000.000) 02/24 23:03:45 Image size of job updated: 45168
	4  -  MemoryUsage of job (MB)
	4032  -  ResidentSetSize of job (KB)
...
006 (20265.000.000) 02/24 23:08:46 Image size of job updated: 1141404
	928  -  MemoryUsage of job (MB)
	949528  -  ResidentSetSize of job (KB)
...
006 (20265.000.000) 02/24 23:13:47 Image size of job updated: 1147624
	928  -  MemoryUsage of job (MB)
	949528  -  ResidentSetSize of job (KB)
...
006 (20265.000.000) 02/24 23:58:51 Image size of job updated: 1242148
	1071  -  MemoryUsage of job (MB)
	1095696  -  ResidentSetSize of job (KB)
...
006 (20265.000.000) 02/25 00:43:55 Image size of job updated: 1242148
	1071  -  MemoryUsage of job (MB)
	1096028  -  ResidentSetSize of job (KB)
...
006 (20265.000.000) 02/25 01:24:00 Image size of job updated: 1428632
	1215  -  MemoryUsage of job (MB)
	1243300  -  ResidentSetSize of job (KB)
...
006 (20265.000.000) 02/25 01:39:02 Image size of job updated: 1428632
	1215  -  MemoryUsage of job (MB)
	1243628  -  ResidentSetSize of job (KB)
...
006 (20265.000.000) 02/25 01:44:03 Image size of job updated: 1428632
	1215  -  MemoryUsage of job (MB)
	1243636  -  ResidentSetSize of job (KB)
...
006 (20265.000.000) 02/25 01:49:03 Image size of job updated: 1453168
	1239  -  MemoryUsage of job (MB)
	1268172  -  ResidentSetSize of job (KB)
...
006 (20265.000.000) 02/25 01:59:04 Image size of job updated: 1453600
	1239  -  MemoryUsage of job (MB)
	1268176  -  ResidentSetSize of job (KB)
...
006 (20265.000.000) 02/25 02:14:06 Image size of job updated: 1453600
	1239  -  MemoryUsage of job (MB)
	1268496  -  ResidentSetSize of job (KB)
...
006 (20265.000.000) 02/25 02:19:07 Image size of job updated: 1453600
	1239  -  MemoryUsage of job (MB)
	1268504  -  ResidentSetSize of job (KB)
...
006 (20265.000.000) 02/25 02:24:07 Image size of job updated: 1453600
	1239  -  MemoryUsage of job (MB)
	1268508  -  ResidentSetSize of job (KB)
...
006 (20265.000.000) 02/25 02:29:07 Image size of job updated: 1453600
	1239  -  MemoryUsage of job (MB)
	1268512  -  ResidentSetSize of job (KB)
...
006 (20265.000.000) 02/25 02:44:08 Image size of job updated: 1456664
	1239  -  MemoryUsage of job (MB)
	1268512  -  ResidentSetSize of job (KB)
...
006 (20265.000.000) 02/25 05:09:24 Image size of job updated: 1456664
	1240  -  MemoryUsage of job (MB)
	1269624  -  ResidentSetSize of job (KB)
...
006 (20265.000.000) 02/25 05:19:24 Image size of job updated: 1456664
	1240  -  MemoryUsage of job (MB)
	1269632  -  ResidentSetSize of job (KB)
...
006 (20265.000.000) 02/25 05:29:25 Image size of job updated: 1456664
	1240  -  MemoryUsage of job (MB)
	1269684  -  ResidentSetSize of job (KB)
...
006 (20265.000.000) 02/25 05:34:25 Image size of job updated: 1456664
	1240  -  MemoryUsage of job (MB)
	1269688  -  ResidentSetSize of job (KB)
...
006 (20265.000.000) 02/25 05:39:26 Image size of job updated: 1456664
	1241  -  MemoryUsage of job (MB)
	1270016  -  ResidentSetSize of job (KB)
...
006 (20265.000.000) 02/25 05:44:27 Image size of job updated: 1456664
	1241  -  MemoryUsage of job (MB)
	1270024  -  ResidentSetSize of job (KB)
...
006 (20265.000.000) 02/25 05:49:27 Image size of job updated: 1456664
	1241  -  MemoryUsage of job (MB)
	1270092  -  ResidentSetSize of job (KB)
...
006 (20265.000.000) 02/25 05:54:28 Image size of job updated: 1456664
	1241  -  MemoryUsage of job (MB)
	1270096  -  ResidentSetSize of job (KB)
...
006 (20265.000.000) 02/25 05:59:29 Image size of job updated: 1456664
	1243  -  MemoryUsage of job (MB)
	1272412  -  ResidentSetSize of job (KB)
...
006 (20265.000.000) 02/25 06:04:29 Image size of job updated: 1456664
	1243  -  MemoryUsage of job (MB)
	1272416  -  ResidentSetSize of job (KB)
...
006 (20265.000.000) 02/25 07:50:53 Image size of job updated: 12516572
	1243  -  MemoryUsage of job (MB)
	1272416  -  ResidentSetSize of job (KB)
...
005 (20265.000.000) 02/25 07:50:53 Job terminated.
	(1) Normal termination (return value 0)
		Usr 0 14:57:23, Sys 0 00:03:01  -  Run Remote Usage
		Usr 0 00:00:00, Sys 0 00:00:00  -  Run Local Usage
		Usr 0 14:57:23, Sys 0 00:03:01  -  Total Remote Usage
		Usr 0 00:00:00, Sys 0 00:00:00  -  Total Local Usage
	0  -  Run Bytes Sent By Job
	0  -  Run Bytes Received By Job
	0  -  Total Bytes Sent By Job
	0  -  Total Bytes Received By Job
	Partitionable Resources :    Usage  Request Allocated
	   Cpus                 :                 2         2
	   Disk (KB)            :        1        1   5108792
	   Memory (MB)          :     1243        1         1
...
