000 (20432.000.000) 02/24 21:34:58 Job submitted from host: <134.76.239.76:13753?addrs=134.76.239.76-13753>
...
001 (20432.000.000) 02/25 00:58:39 Job executing on host: <134.76.239.88:25067?addrs=134.76.239.88-25067>
...
006 (20432.000.000) 02/25 00:58:49 Image size of job updated: 857248
	651  -  MemoryUsage of job (MB)
	666524  -  ResidentSetSize of job (KB)
...
006 (20432.000.000) 02/25 01:03:49 Image size of job updated: 1143472
	931  -  MemoryUsage of job (MB)
	953192  -  ResidentSetSize of job (KB)
...
006 (20432.000.000) 02/25 01:08:49 Image size of job updated: 1145692
	931  -  MemoryUsage of job (MB)
	953192  -  ResidentSetSize of job (KB)
...
006 (20432.000.000) 02/25 01:13:50 Image size of job updated: 1301136
	1075  -  MemoryUsage of job (MB)
	1099952  -  ResidentSetSize of job (KB)
...
006 (20432.000.000) 02/25 01:18:51 Image size of job updated: 1446620
	1243  -  MemoryUsage of job (MB)
	1272472  -  ResidentSetSize of job (KB)
...
006 (20432.000.000) 02/25 01:23:51 Image size of job updated: 1448852
	1243  -  MemoryUsage of job (MB)
	1272472  -  ResidentSetSize of job (KB)
...
006 (20432.000.000) 02/25 01:43:52 Image size of job updated: 1449536
	1243  -  MemoryUsage of job (MB)
	1272472  -  ResidentSetSize of job (KB)
...
006 (20432.000.000) 02/25 02:34:55 Image size of job updated: 6995460
	1243  -  MemoryUsage of job (MB)
	1272472  -  ResidentSetSize of job (KB)
...
005 (20432.000.000) 02/25 02:34:55 Job terminated.
	(1) Normal termination (return value 0)
		Usr 0 02:27:29, Sys 0 00:00:33  -  Run Remote Usage
		Usr 0 00:00:00, Sys 0 00:00:00  -  Run Local Usage
		Usr 0 02:27:29, Sys 0 00:00:33  -  Total Remote Usage
		Usr 0 00:00:00, Sys 0 00:00:00  -  Total Local Usage
	0  -  Run Bytes Sent By Job
	0  -  Run Bytes Received By Job
	0  -  Total Bytes Sent By Job
	0  -  Total Bytes Received By Job
	Partitionable Resources :    Usage  Request Allocated
	   Cpus                 :                 2         2
	   Disk (KB)            :        1        1   5108734
	   Memory (MB)          :     1243        1         1
...
