DATE: 2016-02-26
TIME: 17:03:42
                                         version_number        8118
 read inlist_1.0
 create pre-main-sequence model
                                                species           8
 abundances
                                                     h1    7.1470000000000011D-01
                                                    he3    3.0300789606379272D-05
                                                    he4    2.8469769921039367D-01
                                                    c12    9.8430063469227207D-05
                                                    n14    2.8833334439527707D-05
                                                    o16    2.6770877302141101D-04
                                                   ne20    6.0044554561354489D-05
                                                   mg24    1.1698327450849660D-04


                                        relax_num_steps


                               finished relax_num_steps

 new_lnPgas_flag T
                                        relax_initial_Z    5.7200000000000003D-04
                                                  new z    5.7200000000032095D-04
                                        relax_initial_Y    2.8472799999999998D-01
                                                  new y    2.8472800000000004D-01
 net name basic.net
 do_element_diffusion T
 lnPgas_flag T
 kappa_file_prefix gs98
 kappa_lowT_prefix lowT_fa05_gs98
   eos_file_prefix mesa
                                        OMP_NUM_THREADS           1



stop because Lnuc_div_L >= Lnuc_div_L_zams_limit
    0.1002808958E+01    0.9990000000E+00

        847   7.161930   6555.606   0.058162   0.058162   0.884872   0.884872   0.714353   0.000052   0.284728   0.714598  -1.537805    798      0
   5.766296   2.016920  -0.081238 -45.628446  -1.562513 -99.000000   0.000000   0.285071   0.000268   0.000572   0.284829   0.080921      2      0
 1.9802E+07  17.315058   0.056944 -15.051500   4.629205  -6.993427   0.000000   0.000078   0.000060  5.754E-04  5.728E-04 -0.588E-11  max increase

save photos/x847 for model 847
save final_profile.data write fgong_plot.data
                               s% atm_structure_num_pts          57
save final_profile.data.FGONG    847
 final_profile.data.FGONG for model 847
 saved to zams.mod
termination code: Lnuc_div_L_zams_limit

       runtime, prev time, retries, backups, steps         7.5        28.2         0         0       847
        847   7.161930   6555.606   0.058162   0.058162   0.884872   0.884872   0.714353   0.000052   0.284728   0.714598  -1.537805    798      0
   5.766296   2.016920  -0.081238 -45.628446  -1.562513 -99.000000   0.000000   0.285071   0.000268   0.000572   0.284829   0.080921      2      0
 1.9802E+07  17.315058   0.056944 -15.051500   4.629205  -6.993427   0.000000   0.000078   0.000060  5.754E-04  5.728E-04 -0.588E-11  max increase

DATE: 2016-02-26
TIME: 17:12:14
DATE: 2016-02-26
TIME: 17:12:14
                                         version_number        8118
 read inlist_1.0
load saved model zams.mod

 new_lnPgas_flag T
 net name basic.net
 do_element_diffusion T
 lnPgas_flag T
                       which_atm_option: Eddington_grey
 kappa_file_prefix gs98
 kappa_lowT_prefix lowT_fa05_gs98
   eos_file_prefix mesa
                                        OMP_NUM_THREADS           1


__________________________________________________________________________________________________________________________________________________

       step    lg_Tcntr    Teff       lg_LH     lg_Lnuc     Mass       H_rich     H_cntr     N_cntr     Y_surf     X_avg     eta_cntr  zones retry
   lg_dt_yr    lg_Dcntr    lg_R       lg_L3a    lg_Lneu     lg_Mdot    He_core    He_cntr    O_cntr     Z_surf     Y_avg     gam_cntr  iters bckup
     age_yr    lg_Pcntr    lg_L       lg_LZ     lg_Psurf    lg_Dsurf   C_core     C_cntr     Ne_cntr    Z_cntr     Z_avg     v_div_cs     dt_limit
__________________________________________________________________________________________________________________________________________________

