000 (20103.000.000) 02/24 21:34:40 Job submitted from host: <134.76.239.76:13753?addrs=134.76.239.76-13753>
...
001 (20103.000.000) 02/24 21:35:01 Job executing on host: <134.76.239.85:29523?addrs=134.76.239.85-29523>
...
006 (20103.000.000) 02/24 21:35:15 Image size of job updated: 65708
	4  -  MemoryUsage of job (MB)
	3260  -  ResidentSetSize of job (KB)
...
006 (20103.000.000) 02/24 21:40:15 Image size of job updated: 1137660
	921  -  MemoryUsage of job (MB)
	942632  -  ResidentSetSize of job (KB)
...
006 (20103.000.000) 02/24 21:45:15 Image size of job updated: 1142788
	926  -  MemoryUsage of job (MB)
	947680  -  ResidentSetSize of job (KB)
...
006 (20103.000.000) 02/24 21:50:16 Image size of job updated: 1144992
	926  -  MemoryUsage of job (MB)
	947680  -  ResidentSetSize of job (KB)
...
006 (20103.000.000) 02/24 22:00:17 Image size of job updated: 1330072
	1141  -  MemoryUsage of job (MB)
	1168192  -  ResidentSetSize of job (KB)
...
006 (20103.000.000) 02/24 22:05:18 Image size of job updated: 1565628
	1333  -  MemoryUsage of job (MB)
	1364860  -  ResidentSetSize of job (KB)
...
006 (20103.000.000) 02/24 22:10:19 Image size of job updated: 1626768
	1396  -  MemoryUsage of job (MB)
	1429248  -  ResidentSetSize of job (KB)
...
006 (20103.000.000) 02/24 22:15:19 Image size of job updated: 1626776
	1396  -  MemoryUsage of job (MB)
	1429248  -  ResidentSetSize of job (KB)
...
006 (20103.000.000) 02/24 22:30:20 Image size of job updated: 1626776
	1407  -  MemoryUsage of job (MB)
	1440012  -  ResidentSetSize of job (KB)
...
006 (20103.000.000) 02/24 22:55:23 Image size of job updated: 1626776
	1412  -  MemoryUsage of job (MB)
	1445460  -  ResidentSetSize of job (KB)
...
006 (20103.000.000) 02/24 23:15:25 Image size of job updated: 1632068
	1412  -  MemoryUsage of job (MB)
	1445460  -  ResidentSetSize of job (KB)
...
006 (20103.000.000) 02/24 23:20:25 Image size of job updated: 1635656
	1412  -  MemoryUsage of job (MB)
	1445460  -  ResidentSetSize of job (KB)
...
006 (20103.000.000) 02/24 23:45:27 Image size of job updated: 1637528
	1412  -  MemoryUsage of job (MB)
	1445460  -  ResidentSetSize of job (KB)
...
006 (20103.000.000) 02/25 00:10:30 Image size of job updated: 1638532
	1412  -  MemoryUsage of job (MB)
	1445460  -  ResidentSetSize of job (KB)
...
006 (20103.000.000) 02/25 00:15:30 Image size of job updated: 1638540
	1412  -  MemoryUsage of job (MB)
	1445460  -  ResidentSetSize of job (KB)
...
006 (20103.000.000) 02/25 01:15:36 Image size of job updated: 1638540
	1416  -  MemoryUsage of job (MB)
	1449348  -  ResidentSetSize of job (KB)
...
006 (20103.000.000) 02/25 01:20:36 Image size of job updated: 1638788
	1417  -  MemoryUsage of job (MB)
	1449996  -  ResidentSetSize of job (KB)
...
006 (20103.000.000) 02/25 01:25:37 Image size of job updated: 1638788
	1417  -  MemoryUsage of job (MB)
	1450052  -  ResidentSetSize of job (KB)
...
022 (20103.000.000) 02/25 05:32:29 Job disconnected, attempting to reconnect
    Socket between submit and execute hosts closed unexpectedly
    Trying to reconnect to slot1@seismo25.mps.mpg.de <134.76.239.85:29523?addrs=134.76.239.85-29523>
...
024 (20103.000.000) 02/25 06:12:30 Job reconnection failed
    Job disconnected too long: JobLeaseDuration (2400 seconds) expired
    Can not reconnect to slot1@seismo25.mps.mpg.de, rescheduling job
...
001 (20103.000.000) 02/25 06:12:48 Job executing on host: <134.76.239.83:20501?addrs=134.76.239.83-20501>
...
004 (20103.000.000) 02/25 09:57:09 Job was evicted.
	(0) Job was not checkpointed.
		Usr 0 06:29:40, Sys 0 00:02:08  -  Run Remote Usage
		Usr 0 00:00:00, Sys 0 00:00:00  -  Run Local Usage
	0  -  Run Bytes Sent By Job
	0  -  Run Bytes Received By Job
	Partitionable Resources :    Usage  Request Allocated
	   Cpus                 :                 2         2
	   Disk (KB)            :        1        1   5108689
	   Memory (MB)          :     1465     1465      1465
...
001 (20103.000.000) 02/25 09:58:48 Job executing on host: <134.76.239.86:20177?addrs=134.76.239.86-20177>
...
004 (20103.000.000) 02/25 09:59:08 Job was evicted.
	(0) Job was not checkpointed.
		Usr 0 00:00:00, Sys 0 00:00:00  -  Run Remote Usage
		Usr 0 00:00:00, Sys 0 00:00:00  -  Run Local Usage
	0  -  Run Bytes Sent By Job
	0  -  Run Bytes Received By Job
	Partitionable Resources :    Usage  Request Allocated
	   Cpus                 :                 2         2
	   Disk (KB)            :        1        1   5108659
	   Memory (MB)          :     1465     1465      1465
...
001 (20103.000.000) 02/25 09:59:29 Job executing on host: <134.76.239.87:13734?addrs=134.76.239.87-13734>
...
004 (20103.000.000) 02/25 10:02:31 Job was evicted.
	(0) Job was not checkpointed.
		Usr 0 00:00:37, Sys 0 00:00:01  -  Run Remote Usage
		Usr 0 00:00:00, Sys 0 00:00:00  -  Run Local Usage
	0  -  Run Bytes Sent By Job
	0  -  Run Bytes Received By Job
	Partitionable Resources :    Usage  Request Allocated
	   Cpus                 :                 2         2
	   Disk (KB)            :        1        1   5108679
	   Memory (MB)          :     1465     1465      1465
...
001 (20103.000.000) 02/25 10:03:32 Job executing on host: <134.76.239.87:13734?addrs=134.76.239.87-13734>
...
004 (20103.000.000) 02/25 10:08:52 Job was evicted.
	(0) Job was not checkpointed.
		Usr 0 00:09:05, Sys 0 00:00:04  -  Run Remote Usage
		Usr 0 00:00:00, Sys 0 00:00:00  -  Run Local Usage
	0  -  Run Bytes Sent By Job
	0  -  Run Bytes Received By Job
	Partitionable Resources :    Usage  Request Allocated
	   Cpus                 :                 2         2
	   Disk (KB)            :        1        1   5108659
	   Memory (MB)          :     1465     1465      1465
...
001 (20103.000.000) 02/25 10:10:12 Job executing on host: <134.76.239.83:20501?addrs=134.76.239.83-20501>
...
004 (20103.000.000) 02/25 10:49:48 Job was evicted.
	(0) Job was not checkpointed.
		Usr 0 01:09:58, Sys 0 00:00:33  -  Run Remote Usage
		Usr 0 00:00:00, Sys 0 00:00:00  -  Run Local Usage
	0  -  Run Bytes Sent By Job
	0  -  Run Bytes Received By Job
	Partitionable Resources :    Usage  Request Allocated
	   Cpus                 :                 2         2
	   Disk (KB)            :        1        1   5108607
	   Memory (MB)          :     1465     1465      1465
...
001 (20103.000.000) 02/25 10:50:42 Job executing on host: <134.76.239.87:13734?addrs=134.76.239.87-13734>
...
004 (20103.000.000) 02/25 10:52:27 Job was evicted.
	(0) Job was not checkpointed.
		Usr 0 00:02:24, Sys 0 00:00:01  -  Run Remote Usage
		Usr 0 00:00:00, Sys 0 00:00:00  -  Run Local Usage
	0  -  Run Bytes Sent By Job
	0  -  Run Bytes Received By Job
	Partitionable Resources :    Usage  Request Allocated
	   Cpus                 :                 2         2
	   Disk (KB)            :        1        1   5108619
	   Memory (MB)          :     1465     1465      1465
...
001 (20103.000.000) 02/25 10:54:26 Job executing on host: <134.76.239.87:13734?addrs=134.76.239.87-13734>
...
004 (20103.000.000) 02/25 11:04:25 Job was evicted.
	(0) Job was not checkpointed.
		Usr 0 00:16:55, Sys 0 00:00:06  -  Run Remote Usage
		Usr 0 00:00:00, Sys 0 00:00:00  -  Run Local Usage
	0  -  Run Bytes Sent By Job
	0  -  Run Bytes Received By Job
	Partitionable Resources :    Usage  Request Allocated
	   Cpus                 :                 2         2
	   Disk (KB)            :        1        1   5108607
	   Memory (MB)          :     1465     1465      1465
...
001 (20103.000.000) 02/25 11:06:24 Job executing on host: <134.76.239.87:13734?addrs=134.76.239.87-13734>
...
004 (20103.000.000) 02/25 11:08:07 Job was evicted.
	(0) Job was not checkpointed.
		Usr 0 00:02:18, Sys 0 00:00:01  -  Run Remote Usage
		Usr 0 00:00:00, Sys 0 00:00:00  -  Run Local Usage
	0  -  Run Bytes Sent By Job
	0  -  Run Bytes Received By Job
	Partitionable Resources :    Usage  Request Allocated
	   Cpus                 :                 2         2
	   Disk (KB)            :        1        1   5108607
	   Memory (MB)          :     1465     1465      1465
...
001 (20103.000.000) 02/25 11:11:01 Job executing on host: <134.76.239.84:12289?addrs=134.76.239.84-12289>
...
004 (20103.000.000) 02/25 11:30:52 Job was evicted.
	(0) Job was not checkpointed.
		Usr 0 00:35:20, Sys 0 00:00:11  -  Run Remote Usage
		Usr 0 00:00:00, Sys 0 00:00:00  -  Run Local Usage
	0  -  Run Bytes Sent By Job
	0  -  Run Bytes Received By Job
	Partitionable Resources :    Usage  Request Allocated
	   Cpus                 :                 2         2
	   Disk (KB)            :        1        1   5108508
	   Memory (MB)          :     1465     1465      1465
...
001 (20103.000.000) 02/25 11:32:37 Job executing on host: <134.76.239.87:13734?addrs=134.76.239.87-13734>
...
004 (20103.000.000) 02/25 11:45:13 Job was evicted.
	(0) Job was not checkpointed.
		Usr 0 00:16:40, Sys 0 00:00:05  -  Run Remote Usage
		Usr 0 00:00:00, Sys 0 00:00:00  -  Run Local Usage
	0  -  Run Bytes Sent By Job
	0  -  Run Bytes Received By Job
	Partitionable Resources :    Usage  Request Allocated
	   Cpus                 :                 2         2
	   Disk (KB)            :        1        1   5108613
	   Memory (MB)          :     1465     1465      1465
...
001 (20103.000.000) 02/25 11:47:58 Job executing on host: <134.76.239.90:23525?addrs=134.76.239.90-23525>
...
004 (20103.000.000) 02/25 11:57:16 Job was evicted.
	(0) Job was not checkpointed.
		Usr 0 00:11:29, Sys 0 00:00:05  -  Run Remote Usage
		Usr 0 00:00:00, Sys 0 00:00:00  -  Run Local Usage
	0  -  Run Bytes Sent By Job
	0  -  Run Bytes Received By Job
	Partitionable Resources :    Usage  Request Allocated
	   Cpus                 :                 2         2
	   Disk (KB)            :        1        1   5108633
	   Memory (MB)          :     1465     1465      1465
...
001 (20103.000.000) 02/25 11:59:19 Job executing on host: <134.76.239.90:23525?addrs=134.76.239.90-23525>
...
004 (20103.000.000) 02/25 13:21:06 Job was evicted.
	(0) Job was not checkpointed.
		Usr 0 02:21:15, Sys 0 00:00:38  -  Run Remote Usage
		Usr 0 00:00:00, Sys 0 00:00:00  -  Run Local Usage
	0  -  Run Bytes Sent By Job
	0  -  Run Bytes Received By Job
	Partitionable Resources :    Usage  Request Allocated
	   Cpus                 :                 2         2
	   Disk (KB)            :        1        1   5108622
	   Memory (MB)          :     1465     1465      1465
...
001 (20103.000.000) 02/25 13:23:10 Job executing on host: <134.76.239.79:12046?addrs=134.76.239.79-12046>
...
