DATE: 2016-02-26
TIME: 16:59:32
                                         version_number        8118
 read inlist_1.0
 create pre-main-sequence model
                                                species           8
 abundances
                                                     h1    6.6110000000000002D-01
                                                    he3    3.5239321968751911D-05
                                                    he4    3.3109876067803129D-01
                                                    c12    1.3363774001783038D-03
                                                    n14    3.9146796373665000D-04
                                                    o16    3.6346614183290203D-03
                                                   ne20    8.1522029846759002D-04
                                                   mg24    1.5882729192883754D-03


                                        relax_num_steps


                               finished relax_num_steps

 new_lnPgas_flag T
                                        relax_initial_Z    7.7660000000000003D-03
                                                  new z    7.7660000000001400D-03
                                        relax_initial_Y    3.3113399999999998D-01
                                                  new y    3.3113399999999987D-01
 net name basic.net
 do_element_diffusion T
 lnPgas_flag T
 kappa_file_prefix gs98
 kappa_lowT_prefix lowT_fa05_gs98
   eos_file_prefix mesa
                                        OMP_NUM_THREADS           1



stop because Lnuc_div_L >= Lnuc_div_L_zams_limit
    0.1000614154E+01    0.9990000000E+00

        965   7.299986   8628.434   0.873049   0.873049   1.422763   1.422763   0.660054   0.001945   0.303379   0.660805  -2.163556    894      0
   5.676641   1.981135   0.088043 -38.751728  -0.550988 -99.000000   0.000000   0.331960   0.003627   0.006235   0.331367   0.058887      2      0
 1.3306E+07  17.397451   0.872783 -15.051500   3.404746  -8.367630   0.000000   0.000010   0.000815  7.986E-03  7.828E-03 -0.291E-11  max increase

save photos/x965 for model 965
save final_profile.data write fgong_plot.data
                               s% atm_structure_num_pts          45
save final_profile.data.FGONG    965
 final_profile.data.FGONG for model 965
 saved to zams.mod
termination code: Lnuc_div_L_zams_limit

       runtime, prev time, retries, backups, steps         9.0        28.2         0         0       965
        965   7.299986   8628.434   0.873049   0.873049   1.422763   1.422763   0.660054   0.001945   0.303379   0.660805  -2.163556    894      0
   5.676641   1.981135   0.088043 -38.751728  -0.550988 -99.000000   0.000000   0.331960   0.003627   0.006235   0.331367   0.058887      2      0
 1.3306E+07  17.397451   0.872783 -15.051500   3.404746  -8.367630   0.000000   0.000010   0.000815  7.986E-03  7.828E-03 -0.291E-11  max increase

DATE: 2016-02-26
TIME: 17:10:28
DATE: 2016-02-26
TIME: 17:10:28
                                         version_number        8118
 read inlist_1.0
load saved model zams.mod

 new_lnPgas_flag T
 net name basic.net
 do_element_diffusion T
 lnPgas_flag T
                       which_atm_option: Eddington_grey
 kappa_file_prefix gs98
 kappa_lowT_prefix lowT_fa05_gs98
   eos_file_prefix mesa
                                        OMP_NUM_THREADS           1


__________________________________________________________________________________________________________________________________________________

       step    lg_Tcntr    Teff       lg_LH     lg_Lnuc     Mass       H_rich     H_cntr     N_cntr     Y_surf     X_avg     eta_cntr  zones retry
   lg_dt_yr    lg_Dcntr    lg_R       lg_L3a    lg_Lneu     lg_Mdot    He_core    He_cntr    O_cntr     Z_surf     Y_avg     gam_cntr  iters bckup
     age_yr    lg_Pcntr    lg_L       lg_LZ     lg_Psurf    lg_Dsurf   C_core     C_cntr     Ne_cntr    Z_cntr     Z_avg     v_div_cs     dt_limit
__________________________________________________________________________________________________________________________________________________

       retry log10(dt/yr), log10(dt), retry_factor     1  1003        5.380211       12.879323        0.500000
       retry log10(dt/yr), log10(dt), retry_factor     1  1004        5.158362       12.657474        0.500000
       retry log10(dt/yr), log10(dt), retry_factor     2  1004        4.857332       12.356444        0.500000
       retry log10(dt/yr), log10(dt), retry_factor     1  1005        4.635484       12.134595        0.500000
       retry log10(dt/yr), log10(dt), retry_factor     1  1006        4.413635       11.912747        0.500000
       retry log10(dt/yr), log10(dt), retry_factor     2  1006        4.112605       11.611717        0.500000
 have reached retry limit so now backup
       retry log10(dt/yr), log10(dt), retry_factor     1  1008        3.811575       11.310687        0.500000
