DATE: 2016-02-25
TIME: 06:42:49
                                         version_number        8118
 read inlist_1.0
 create pre-main-sequence model
                                                species           8
 abundances
                                                     h1    7.3152099999999998D-01
                                                    he3    2.8119921966373620D-05
                                                    he4    2.6420688007803367D-01
                                                    c12    7.3030977161429964D-04
                                                    n14    2.1393124363872288D-04
                                                    o16    1.9862867704594604D-03
                                                   ne20    4.4550540132583174D-04
                                                   mg24    8.6796681296159991D-04


                                        relax_num_steps

hydro_newton_step failed to converge
       retry log10(dt/yr), log10(dt), retry_factor     1     8       -5.602060        1.897052        0.500000

                               finished relax_num_steps

 new_lnPgas_flag T
                                        relax_initial_Z    4.2440000000000004D-03
                                                  new z    4.2439999999999761D-03
                                        relax_initial_Y    2.6423500000000000D-01
                                                  new y    2.6423499999999989D-01
 net name basic.net
 do_element_diffusion T
 lnPgas_flag T
 kappa_file_prefix gs98
 kappa_lowT_prefix lowT_fa05_gs98
   eos_file_prefix mesa
                                        OMP_NUM_THREADS           2



stop because Lnuc_div_L >= Lnuc_div_L_zams_limit
    0.1015140299E+01    0.9990000000E+00

        791   7.067441   5262.116  -0.529097  -0.529097   0.703049   0.703049   0.731222   0.000218   0.264235   0.731443  -1.245015    542      0
   5.890984   1.988372  -0.186617 -50.771265  -2.135160 -99.000000   0.000000   0.264534   0.001986   0.004244   0.264313   0.097863      2      0
 4.7680E+07  17.198381  -0.535623 -15.653560   5.207804  -6.329861   0.000000   0.000727   0.000446  4.245E-03  4.244E-03 -0.198E-10    varcontrol

save photos/x791 for model 791
save final_profile.data write fgong_plot.data
                               s% atm_structure_num_pts          67
save final_profile.data.FGONG    791
 final_profile.data.FGONG for model 791
 saved to zams.mod
termination code: Lnuc_div_L_zams_limit

       runtime, prev time, retries, backups, steps         4.6        28.2         0         0       791
        791   7.067441   5262.116  -0.529097  -0.529097   0.703049   0.703049   0.731222   0.000218   0.264235   0.731443  -1.245015    542      0
   5.890984   1.988372  -0.186617 -50.771265  -2.135160 -99.000000   0.000000   0.264534   0.001986   0.004244   0.264313   0.097863      2      0
 4.7680E+07  17.198381  -0.535623 -15.653560   5.207804  -6.329861   0.000000   0.000727   0.000446  4.245E-03  4.244E-03 -0.198E-10    varcontrol

DATE: 2016-02-25
TIME: 06:48:17
DATE: 2016-02-25
TIME: 06:48:17
                                         version_number        8118
 read inlist_1.0
load saved model zams.mod

 new_lnPgas_flag T
 net name basic.net
 do_element_diffusion T
 lnPgas_flag T
                       which_atm_option: Eddington_grey
 kappa_file_prefix gs98
 kappa_lowT_prefix lowT_fa05_gs98
   eos_file_prefix mesa
                                        OMP_NUM_THREADS           2


__________________________________________________________________________________________________________________________________________________

       step    lg_Tcntr    Teff       lg_LH     lg_Lnuc     Mass       H_rich     H_cntr     N_cntr     Y_surf     X_avg     eta_cntr  zones retry
   lg_dt_yr    lg_Dcntr    lg_R       lg_L3a    lg_Lneu     lg_Mdot    He_core    He_cntr    O_cntr     Z_surf     Y_avg     gam_cntr  iters bckup
     age_yr    lg_Pcntr    lg_L       lg_LZ     lg_Psurf    lg_Dsurf   C_core     C_cntr     Ne_cntr    Z_cntr     Z_avg     v_div_cs     dt_limit
__________________________________________________________________________________________________________________________________________________

      16419   7.177191   5609.299  -0.313542  -0.313542   0.703049   0.703049   0.333323   0.001072   0.264234   0.656383  -1.134713    550      0
   6.000000   2.310849  -0.131139 -43.461441  -1.925339 -99.000000   0.000000   0.662314   0.001974   0.004244   0.339347   0.126114      2      0
 1.5674E+10  17.479272  -0.313677 -15.653560   5.301390  -6.265253   0.000000   0.000004   0.000446  4.364E-03  4.270E-03  0.391E-13        max_dt


stop because star_age >= max_age
    0.1600000000E+11    0.1600000000E+11

      16745   7.181847   5620.075  -0.305204  -0.305204   0.703049   0.703049   0.320343   0.001075   0.264234   0.654183  -1.122142    550      0
   5.899316   2.326930  -0.128355 -43.181195  -1.911318 -99.000000   0.000000   0.675294   0.001971   0.004244   0.341547   0.128005      2      0
 1.6000E+10  17.494341  -0.304774 -16.255620   5.296060  -6.271443   0.000000   0.000004   0.000446  4.363E-03  4.270E-03  0.583E-13        max_dt

save photos/x745 for model 16745
save final_profile.data write fgong_plot.data
                               s% atm_structure_num_pts          47
save final_profile.data.FGONG  16745
 final_profile.data.FGONG for model 16745
termination code: max_age

       runtime, prev time, retries, backups, steps       129.0        28.2         0         0     16745
      16745   7.181847   5620.075  -0.305204  -0.305204   0.703049   0.703049   0.320343   0.001075   0.264234   0.654183  -1.122142    550      0
   5.899316   2.326930  -0.128355 -43.181195  -1.911318 -99.000000   0.000000   0.675294   0.001971   0.004244   0.341547   0.128005      2      0
 1.6000E+10  17.494341  -0.304774 -16.255620   5.296060  -6.271443   0.000000   0.000004   0.000446  4.363E-03  4.270E-03  0.583E-13  max increase

DATE: 2016-02-25
TIME: 08:57:24
DATE: 2016-02-25
TIME: 08:57:46
                                         version_number        8118
 read inlist_1.0
load saved model zams.mod

 new_lnPgas_flag T
 net name basic.net
 do_element_diffusion T
 lnPgas_flag T
                       which_atm_option: Eddington_grey
 kappa_file_prefix gs98
 kappa_lowT_prefix lowT_fa05_gs98
   eos_file_prefix mesa
                                        OMP_NUM_THREADS           2


__________________________________________________________________________________________________________________________________________________

       step    lg_Tcntr    Teff       lg_LH     lg_Lnuc     Mass       H_rich     H_cntr     N_cntr     Y_surf     X_avg     eta_cntr  zones retry
   lg_dt_yr    lg_Dcntr    lg_R       lg_L3a    lg_Lneu     lg_Mdot    He_core    He_cntr    O_cntr     Z_surf     Y_avg     gam_cntr  iters bckup
     age_yr    lg_Pcntr    lg_L       lg_LZ     lg_Psurf    lg_Dsurf   C_core     C_cntr     Ne_cntr    Z_cntr     Z_avg     v_div_cs     dt_limit
__________________________________________________________________________________________________________________________________________________

save LOGS/profile1.data write fgong_plot.data
                               s% atm_structure_num_pts          49
save LOGS/profile1.data.FGONG    792
 LOGS/profile1.data.FGONG for model 792
save LOGS/profile2.data write fgong_plot.data
                               s% atm_structure_num_pts          50
save LOGS/profile2.data.FGONG    819
 LOGS/profile2.data.FGONG for model 819
save LOGS/profile3.data write fgong_plot.data
                               s% atm_structure_num_pts          50
save LOGS/profile3.data.FGONG    858
 LOGS/profile3.data.FGONG for model 858
save LOGS/profile4.data write fgong_plot.data
                               s% atm_structure_num_pts          50
save LOGS/profile4.data.FGONG    897
 LOGS/profile4.data.FGONG for model 897
save LOGS/profile5.data write fgong_plot.data
                               s% atm_structure_num_pts          50
save LOGS/profile5.data.FGONG    936
 LOGS/profile5.data.FGONG for model 936
save LOGS/profile6.data write fgong_plot.data
                               s% atm_structure_num_pts          50
save LOGS/profile6.data.FGONG    975
 LOGS/profile6.data.FGONG for model 975
save LOGS/profile7.data write fgong_plot.data
                               s% atm_structure_num_pts          50
save LOGS/profile7.data.FGONG   1014
 LOGS/profile7.data.FGONG for model 1014
save LOGS/profile8.data write fgong_plot.data
                               s% atm_structure_num_pts          50
save LOGS/profile8.data.FGONG   1053
 LOGS/profile8.data.FGONG for model 1053
save LOGS/profile9.data write fgong_plot.data
                               s% atm_structure_num_pts          50
save LOGS/profile9.data.FGONG   1092
 LOGS/profile9.data.FGONG for model 1092
save LOGS/profile10.data write fgong_plot.data
                               s% atm_structure_num_pts          51
save LOGS/profile10.data.FGONG   1131
 LOGS/profile10.data.FGONG for model 1131
save LOGS/profile11.data write fgong_plot.data
                               s% atm_structure_num_pts          50
save LOGS/profile11.data.FGONG   1170
 LOGS/profile11.data.FGONG for model 1170
save LOGS/profile12.data write fgong_plot.data
                               s% atm_structure_num_pts          50
save LOGS/profile12.data.FGONG   1209
 LOGS/profile12.data.FGONG for model 1209
save LOGS/profile13.data write fgong_plot.data
                               s% atm_structure_num_pts          50
save LOGS/profile13.data.FGONG   1248
 LOGS/profile13.data.FGONG for model 1248
save LOGS/profile14.data write fgong_plot.data
                               s% atm_structure_num_pts          50
save LOGS/profile14.data.FGONG   1287
 LOGS/profile14.data.FGONG for model 1287
save LOGS/profile15.data write fgong_plot.data
                               s% atm_structure_num_pts          50
save LOGS/profile15.data.FGONG   1326
 LOGS/profile15.data.FGONG for model 1326
save LOGS/profile16.data write fgong_plot.data
                               s% atm_structure_num_pts          50
save LOGS/profile16.data.FGONG   1365
 LOGS/profile16.data.FGONG for model 1365
save LOGS/profile17.data write fgong_plot.data
                               s% atm_structure_num_pts          50
save LOGS/profile17.data.FGONG   1404
 LOGS/profile17.data.FGONG for model 1404
save LOGS/profile18.data write fgong_plot.data
                               s% atm_structure_num_pts          50
save LOGS/profile18.data.FGONG   1443
 LOGS/profile18.data.FGONG for model 1443
save LOGS/profile19.data write fgong_plot.data
                               s% atm_structure_num_pts          51
save LOGS/profile19.data.FGONG   1482
 LOGS/profile19.data.FGONG for model 1482
save LOGS/profile20.data write fgong_plot.data
                               s% atm_structure_num_pts          50
save LOGS/profile20.data.FGONG   1521
 LOGS/profile20.data.FGONG for model 1521
save LOGS/profile21.data write fgong_plot.data
                               s% atm_structure_num_pts          51
save LOGS/profile21.data.FGONG   1560
 LOGS/profile21.data.FGONG for model 1560
save LOGS/profile22.data write fgong_plot.data
                               s% atm_structure_num_pts          50
save LOGS/profile22.data.FGONG   1599
 LOGS/profile22.data.FGONG for model 1599
save LOGS/profile23.data write fgong_plot.data
                               s% atm_structure_num_pts          50
save LOGS/profile23.data.FGONG   1638
 LOGS/profile23.data.FGONG for model 1638
save LOGS/profile24.data write fgong_plot.data
                               s% atm_structure_num_pts          49
save LOGS/profile24.data.FGONG   1677
 LOGS/profile24.data.FGONG for model 1677
save LOGS/profile25.data write fgong_plot.data
                               s% atm_structure_num_pts          50
save LOGS/profile25.data.FGONG   1716
 LOGS/profile25.data.FGONG for model 1716
save LOGS/profile26.data write fgong_plot.data
                               s% atm_structure_num_pts          50
save LOGS/profile26.data.FGONG   1755
 LOGS/profile26.data.FGONG for model 1755
save LOGS/profile27.data write fgong_plot.data
                               s% atm_structure_num_pts          51
save LOGS/profile27.data.FGONG   1794
 LOGS/profile27.data.FGONG for model 1794
save LOGS/profile28.data write fgong_plot.data
                               s% atm_structure_num_pts          50
save LOGS/profile28.data.FGONG   1833
 LOGS/profile28.data.FGONG for model 1833
save LOGS/profile29.data write fgong_plot.data
                               s% atm_structure_num_pts          50
save LOGS/profile29.data.FGONG   1872
 LOGS/profile29.data.FGONG for model 1872
save LOGS/profile30.data write fgong_plot.data
                               s% atm_structure_num_pts          50
save LOGS/profile30.data.FGONG   1911
 LOGS/profile30.data.FGONG for model 1911
save LOGS/profile31.data write fgong_plot.data
                               s% atm_structure_num_pts          50
save LOGS/profile31.data.FGONG   1950
 LOGS/profile31.data.FGONG for model 1950
save LOGS/profile32.data write fgong_plot.data
                               s% atm_structure_num_pts          50
save LOGS/profile32.data.FGONG   1989
 LOGS/profile32.data.FGONG for model 1989
save LOGS/profile33.data write fgong_plot.data
                               s% atm_structure_num_pts          50
save LOGS/profile33.data.FGONG   2028
 LOGS/profile33.data.FGONG for model 2028
save LOGS/profile34.data write fgong_plot.data
                               s% atm_structure_num_pts          50
save LOGS/profile34.data.FGONG   2067
 LOGS/profile34.data.FGONG for model 2067
save LOGS/profile35.data write fgong_plot.data
                               s% atm_structure_num_pts          50
save LOGS/profile35.data.FGONG   2106
 LOGS/profile35.data.FGONG for model 2106
save LOGS/profile36.data write fgong_plot.data
                               s% atm_structure_num_pts          51
save LOGS/profile36.data.FGONG   2145
 LOGS/profile36.data.FGONG for model 2145
save LOGS/profile37.data write fgong_plot.data
                               s% atm_structure_num_pts          49
save LOGS/profile37.data.FGONG   2184
 LOGS/profile37.data.FGONG for model 2184
save LOGS/profile38.data write fgong_plot.data
                               s% atm_structure_num_pts          49
save LOGS/profile38.data.FGONG   2223
 LOGS/profile38.data.FGONG for model 2223
save LOGS/profile39.data write fgong_plot.data
                               s% atm_structure_num_pts          51
save LOGS/profile39.data.FGONG   2262
 LOGS/profile39.data.FGONG for model 2262
save LOGS/profile40.data write fgong_plot.data
                               s% atm_structure_num_pts          50
save LOGS/profile40.data.FGONG   2301
 LOGS/profile40.data.FGONG for model 2301
save LOGS/profile41.data write fgong_plot.data
                               s% atm_structure_num_pts          50
save LOGS/profile41.data.FGONG   2340
 LOGS/profile41.data.FGONG for model 2340
save LOGS/profile42.data write fgong_plot.data
                               s% atm_structure_num_pts          50
save LOGS/profile42.data.FGONG   2379
 LOGS/profile42.data.FGONG for model 2379
save LOGS/profile43.data write fgong_plot.data
                               s% atm_structure_num_pts          50
save LOGS/profile43.data.FGONG   2418
 LOGS/profile43.data.FGONG for model 2418
save LOGS/profile44.data write fgong_plot.data
                               s% atm_structure_num_pts          50
save LOGS/profile44.data.FGONG   2457
 LOGS/profile44.data.FGONG for model 2457
save LOGS/profile45.data write fgong_plot.data
                               s% atm_structure_num_pts          51
save LOGS/profile45.data.FGONG   2496
 LOGS/profile45.data.FGONG for model 2496
save LOGS/profile46.data write fgong_plot.data
                               s% atm_structure_num_pts          49
save LOGS/profile46.data.FGONG   2535
 LOGS/profile46.data.FGONG for model 2535
save LOGS/profile47.data write fgong_plot.data
                               s% atm_structure_num_pts          50
save LOGS/profile47.data.FGONG   2574
 LOGS/profile47.data.FGONG for model 2574
save LOGS/profile48.data write fgong_plot.data
                               s% atm_structure_num_pts          51
save LOGS/profile48.data.FGONG   2613
 LOGS/profile48.data.FGONG for model 2613
save LOGS/profile49.data write fgong_plot.data
                               s% atm_structure_num_pts          50
save LOGS/profile49.data.FGONG   2652
 LOGS/profile49.data.FGONG for model 2652
save LOGS/profile50.data write fgong_plot.data
                               s% atm_structure_num_pts          50
save LOGS/profile50.data.FGONG   2691
 LOGS/profile50.data.FGONG for model 2691
save LOGS/profile51.data write fgong_plot.data
                               s% atm_structure_num_pts          50
save LOGS/profile51.data.FGONG   2730
 LOGS/profile51.data.FGONG for model 2730
save LOGS/profile52.data write fgong_plot.data
                               s% atm_structure_num_pts          49
save LOGS/profile52.data.FGONG   2769
 LOGS/profile52.data.FGONG for model 2769
save LOGS/profile53.data write fgong_plot.data
                               s% atm_structure_num_pts          49
save LOGS/profile53.data.FGONG   2808
 LOGS/profile53.data.FGONG for model 2808
save LOGS/profile54.data write fgong_plot.data
                               s% atm_structure_num_pts          50
save LOGS/profile54.data.FGONG   2847
 LOGS/profile54.data.FGONG for model 2847
save LOGS/profile55.data write fgong_plot.data
                               s% atm_structure_num_pts          50
save LOGS/profile55.data.FGONG   2886
 LOGS/profile55.data.FGONG for model 2886
save LOGS/profile56.data write fgong_plot.data
                               s% atm_structure_num_pts          50
save LOGS/profile56.data.FGONG   2925
 LOGS/profile56.data.FGONG for model 2925
save LOGS/profile57.data write fgong_plot.data
                               s% atm_structure_num_pts          50
save LOGS/profile57.data.FGONG   2964
 LOGS/profile57.data.FGONG for model 2964
save LOGS/profile58.data write fgong_plot.data
                               s% atm_structure_num_pts          50
save LOGS/profile58.data.FGONG   3003
 LOGS/profile58.data.FGONG for model 3003
save LOGS/profile59.data write fgong_plot.data
                               s% atm_structure_num_pts          50
save LOGS/profile59.data.FGONG   3042
 LOGS/profile59.data.FGONG for model 3042
save LOGS/profile60.data write fgong_plot.data
                               s% atm_structure_num_pts          49
save LOGS/profile60.data.FGONG   3081
 LOGS/profile60.data.FGONG for model 3081
save LOGS/profile61.data write fgong_plot.data
                               s% atm_structure_num_pts          50
save LOGS/profile61.data.FGONG   3120
 LOGS/profile61.data.FGONG for model 3120
save LOGS/profile62.data write fgong_plot.data
                               s% atm_structure_num_pts          50
save LOGS/profile62.data.FGONG   3159
 LOGS/profile62.data.FGONG for model 3159
save LOGS/profile63.data write fgong_plot.data
                               s% atm_structure_num_pts          50
save LOGS/profile63.data.FGONG   3198
 LOGS/profile63.data.FGONG for model 3198
save LOGS/profile64.data write fgong_plot.data
                               s% atm_structure_num_pts          50
save LOGS/profile64.data.FGONG   3237
 LOGS/profile64.data.FGONG for model 3237
save LOGS/profile65.data write fgong_plot.data
                               s% atm_structure_num_pts          50
save LOGS/profile65.data.FGONG   3276
 LOGS/profile65.data.FGONG for model 3276
save LOGS/profile66.data write fgong_plot.data
                               s% atm_structure_num_pts          49
save LOGS/profile66.data.FGONG   3315
 LOGS/profile66.data.FGONG for model 3315
save LOGS/profile67.data write fgong_plot.data
                               s% atm_structure_num_pts          50
save LOGS/profile67.data.FGONG   3354
 LOGS/profile67.data.FGONG for model 3354
save LOGS/profile68.data write fgong_plot.data
                               s% atm_structure_num_pts          50
save LOGS/profile68.data.FGONG   3393
 LOGS/profile68.data.FGONG for model 3393
save LOGS/profile69.data write fgong_plot.data
                               s% atm_structure_num_pts          50
save LOGS/profile69.data.FGONG   3432
 LOGS/profile69.data.FGONG for model 3432
save LOGS/profile70.data write fgong_plot.data
                               s% atm_structure_num_pts          50
save LOGS/profile70.data.FGONG   3471
 LOGS/profile70.data.FGONG for model 3471
save LOGS/profile71.data write fgong_plot.data
                               s% atm_structure_num_pts          50
save LOGS/profile71.data.FGONG   3510
 LOGS/profile71.data.FGONG for model 3510
save LOGS/profile72.data write fgong_plot.data
                               s% atm_structure_num_pts          50
save LOGS/profile72.data.FGONG   3549
 LOGS/profile72.data.FGONG for model 3549
save LOGS/profile73.data write fgong_plot.data
                               s% atm_structure_num_pts          50
save LOGS/profile73.data.FGONG   3588
 LOGS/profile73.data.FGONG for model 3588
save LOGS/profile74.data write fgong_plot.data
                               s% atm_structure_num_pts          50
save LOGS/profile74.data.FGONG   3627
 LOGS/profile74.data.FGONG for model 3627
save LOGS/profile75.data write fgong_plot.data
                               s% atm_structure_num_pts          50
save LOGS/profile75.data.FGONG   3666
 LOGS/profile75.data.FGONG for model 3666
save LOGS/profile76.data write fgong_plot.data
                               s% atm_structure_num_pts          49
save LOGS/profile76.data.FGONG   3705
 LOGS/profile76.data.FGONG for model 3705
save LOGS/profile77.data write fgong_plot.data
                               s% atm_structure_num_pts          50
save LOGS/profile77.data.FGONG   3744
 LOGS/profile77.data.FGONG for model 3744
save LOGS/profile78.data write fgong_plot.data
                               s% atm_structure_num_pts          50
save LOGS/profile78.data.FGONG   3783
 LOGS/profile78.data.FGONG for model 3783
save LOGS/profile79.data write fgong_plot.data
                               s% atm_structure_num_pts          50
save LOGS/profile79.data.FGONG   3822
 LOGS/profile79.data.FGONG for model 3822
save LOGS/profile80.data write fgong_plot.data
                               s% atm_structure_num_pts          50
save LOGS/profile80.data.FGONG   3861
 LOGS/profile80.data.FGONG for model 3861
save LOGS/profile81.data write fgong_plot.data
                               s% atm_structure_num_pts          50
save LOGS/profile81.data.FGONG   3900
 LOGS/profile81.data.FGONG for model 3900
save LOGS/profile82.data write fgong_plot.data
                               s% atm_structure_num_pts          50
save LOGS/profile82.data.FGONG   3939
 LOGS/profile82.data.FGONG for model 3939
save LOGS/profile83.data write fgong_plot.data
                               s% atm_structure_num_pts          50
save LOGS/profile83.data.FGONG   3978
 LOGS/profile83.data.FGONG for model 3978
save LOGS/profile84.data write fgong_plot.data
                               s% atm_structure_num_pts          50
save LOGS/profile84.data.FGONG   4017
 LOGS/profile84.data.FGONG for model 4017
save LOGS/profile85.data write fgong_plot.data
                               s% atm_structure_num_pts          49
save LOGS/profile85.data.FGONG   4056
 LOGS/profile85.data.FGONG for model 4056
save LOGS/profile86.data write fgong_plot.data
                               s% atm_structure_num_pts          50
save LOGS/profile86.data.FGONG   4095
 LOGS/profile86.data.FGONG for model 4095
save LOGS/profile87.data write fgong_plot.data
                               s% atm_structure_num_pts          49
save LOGS/profile87.data.FGONG   4134
 LOGS/profile87.data.FGONG for model 4134
save LOGS/profile88.data write fgong_plot.data
                               s% atm_structure_num_pts          50
save LOGS/profile88.data.FGONG   4173
 LOGS/profile88.data.FGONG for model 4173
save LOGS/profile89.data write fgong_plot.data
                               s% atm_structure_num_pts          50
save LOGS/profile89.data.FGONG   4212
 LOGS/profile89.data.FGONG for model 4212
save LOGS/profile90.data write fgong_plot.data
                               s% atm_structure_num_pts          50
save LOGS/profile90.data.FGONG   4251
 LOGS/profile90.data.FGONG for model 4251
save LOGS/profile91.data write fgong_plot.data
                               s% atm_structure_num_pts          50
save LOGS/profile91.data.FGONG   4290
 LOGS/profile91.data.FGONG for model 4290
save LOGS/profile92.data write fgong_plot.data
                               s% atm_structure_num_pts          50
save LOGS/profile92.data.FGONG   4329
 LOGS/profile92.data.FGONG for model 4329
save LOGS/profile93.data write fgong_plot.data
                               s% atm_structure_num_pts          50
save LOGS/profile93.data.FGONG   4368
 LOGS/profile93.data.FGONG for model 4368
save LOGS/profile94.data write fgong_plot.data
                               s% atm_structure_num_pts          49
save LOGS/profile94.data.FGONG   4407
 LOGS/profile94.data.FGONG for model 4407
save LOGS/profile95.data write fgong_plot.data
                               s% atm_structure_num_pts          50
save LOGS/profile95.data.FGONG   4446
 LOGS/profile95.data.FGONG for model 4446
save LOGS/profile96.data write fgong_plot.data
                               s% atm_structure_num_pts          50
save LOGS/profile96.data.FGONG   4485
 LOGS/profile96.data.FGONG for model 4485
save LOGS/profile97.data write fgong_plot.data
                               s% atm_structure_num_pts          49
save LOGS/profile97.data.FGONG   4524
 LOGS/profile97.data.FGONG for model 4524
save LOGS/profile98.data write fgong_plot.data
                               s% atm_structure_num_pts          50
save LOGS/profile98.data.FGONG   4563
 LOGS/profile98.data.FGONG for model 4563
save LOGS/profile99.data write fgong_plot.data
                               s% atm_structure_num_pts          50
save LOGS/profile99.data.FGONG   4602
 LOGS/profile99.data.FGONG for model 4602
save LOGS/profile100.data write fgong_plot.data
                               s% atm_structure_num_pts          50
save LOGS/profile100.data.FGONG   4641
 LOGS/profile100.data.FGONG for model 4641
save LOGS/profile101.data write fgong_plot.data
                               s% atm_structure_num_pts          50
save LOGS/profile101.data.FGONG   4680
 LOGS/profile101.data.FGONG for model 4680
save LOGS/profile102.data write fgong_plot.data
                               s% atm_structure_num_pts          50
save LOGS/profile102.data.FGONG   4719
 LOGS/profile102.data.FGONG for model 4719
save LOGS/profile103.data write fgong_plot.data
                               s% atm_structure_num_pts          49
save LOGS/profile103.data.FGONG   4758
 LOGS/profile103.data.FGONG for model 4758
save LOGS/profile104.data write fgong_plot.data
                               s% atm_structure_num_pts          50
save LOGS/profile104.data.FGONG   4797
 LOGS/profile104.data.FGONG for model 4797
save LOGS/profile105.data write fgong_plot.data
                               s% atm_structure_num_pts          49
save LOGS/profile105.data.FGONG   4836
 LOGS/profile105.data.FGONG for model 4836
save LOGS/profile106.data write fgong_plot.data
                               s% atm_structure_num_pts          50
save LOGS/profile106.data.FGONG   4875
 LOGS/profile106.data.FGONG for model 4875
save LOGS/profile107.data write fgong_plot.data
                               s% atm_structure_num_pts          49
save LOGS/profile107.data.FGONG   4914
 LOGS/profile107.data.FGONG for model 4914
save LOGS/profile108.data write fgong_plot.data
                               s% atm_structure_num_pts          49
save LOGS/profile108.data.FGONG   4953
 LOGS/profile108.data.FGONG for model 4953
save LOGS/profile109.data write fgong_plot.data
                               s% atm_structure_num_pts          50
save LOGS/profile109.data.FGONG   4992
 LOGS/profile109.data.FGONG for model 4992
save LOGS/profile110.data write fgong_plot.data
                               s% atm_structure_num_pts          50
save LOGS/profile110.data.FGONG   5031
 LOGS/profile110.data.FGONG for model 5031
save LOGS/profile111.data write fgong_plot.data
                               s% atm_structure_num_pts          49
save LOGS/profile111.data.FGONG   5070
 LOGS/profile111.data.FGONG for model 5070
save LOGS/profile112.data write fgong_plot.data
                               s% atm_structure_num_pts          50
save LOGS/profile112.data.FGONG   5109
 LOGS/profile112.data.FGONG for model 5109
save LOGS/profile113.data write fgong_plot.data
                               s% atm_structure_num_pts          50
save LOGS/profile113.data.FGONG   5148
 LOGS/profile113.data.FGONG for model 5148
save LOGS/profile114.data write fgong_plot.data
                               s% atm_structure_num_pts          50
save LOGS/profile114.data.FGONG   5187
 LOGS/profile114.data.FGONG for model 5187
save LOGS/profile115.data write fgong_plot.data
                               s% atm_structure_num_pts          50
save LOGS/profile115.data.FGONG   5226
 LOGS/profile115.data.FGONG for model 5226
save LOGS/profile116.data write fgong_plot.data
                               s% atm_structure_num_pts          50
save LOGS/profile116.data.FGONG   5265
 LOGS/profile116.data.FGONG for model 5265
save LOGS/profile117.data write fgong_plot.data
                               s% atm_structure_num_pts          49
save LOGS/profile117.data.FGONG   5304
 LOGS/profile117.data.FGONG for model 5304
save LOGS/profile118.data write fgong_plot.data
                               s% atm_structure_num_pts          50
save LOGS/profile118.data.FGONG   5343
 LOGS/profile118.data.FGONG for model 5343
save LOGS/profile119.data write fgong_plot.data
                               s% atm_structure_num_pts          49
save LOGS/profile119.data.FGONG   5382
 LOGS/profile119.data.FGONG for model 5382
save LOGS/profile120.data write fgong_plot.data
                               s% atm_structure_num_pts          49
save LOGS/profile120.data.FGONG   5421
 LOGS/profile120.data.FGONG for model 5421
save LOGS/profile121.data write fgong_plot.data
                               s% atm_structure_num_pts          50
save LOGS/profile121.data.FGONG   5460
 LOGS/profile121.data.FGONG for model 5460
save LOGS/profile122.data write fgong_plot.data
                               s% atm_structure_num_pts          50
save LOGS/profile122.data.FGONG   5499
 LOGS/profile122.data.FGONG for model 5499
save LOGS/profile123.data write fgong_plot.data
                               s% atm_structure_num_pts          49
save LOGS/profile123.data.FGONG   5538
 LOGS/profile123.data.FGONG for model 5538
save LOGS/profile124.data write fgong_plot.data
                               s% atm_structure_num_pts          49
save LOGS/profile124.data.FGONG   5577
 LOGS/profile124.data.FGONG for model 5577
save LOGS/profile125.data write fgong_plot.data
                               s% atm_structure_num_pts          50
save LOGS/profile125.data.FGONG   5616
 LOGS/profile125.data.FGONG for model 5616
save LOGS/profile126.data write fgong_plot.data
                               s% atm_structure_num_pts          50
save LOGS/profile126.data.FGONG   5655
 LOGS/profile126.data.FGONG for model 5655
save LOGS/profile127.data write fgong_plot.data
                               s% atm_structure_num_pts          49
save LOGS/profile127.data.FGONG   5694
 LOGS/profile127.data.FGONG for model 5694
save LOGS/profile128.data write fgong_plot.data
                               s% atm_structure_num_pts          49
save LOGS/profile128.data.FGONG   5733
 LOGS/profile128.data.FGONG for model 5733
save LOGS/profile129.data write fgong_plot.data
                               s% atm_structure_num_pts          49
save LOGS/profile129.data.FGONG   5772
 LOGS/profile129.data.FGONG for model 5772
save LOGS/profile130.data write fgong_plot.data
                               s% atm_structure_num_pts          49
save LOGS/profile130.data.FGONG   5811
 LOGS/profile130.data.FGONG for model 5811
save LOGS/profile131.data write fgong_plot.data
                               s% atm_structure_num_pts          50
save LOGS/profile131.data.FGONG   5850
 LOGS/profile131.data.FGONG for model 5850
save LOGS/profile132.data write fgong_plot.data
                               s% atm_structure_num_pts          49
save LOGS/profile132.data.FGONG   5889
 LOGS/profile132.data.FGONG for model 5889
save LOGS/profile133.data write fgong_plot.data
                               s% atm_structure_num_pts          50
save LOGS/profile133.data.FGONG   5928
 LOGS/profile133.data.FGONG for model 5928
save LOGS/profile134.data write fgong_plot.data
                               s% atm_structure_num_pts          49
save LOGS/profile134.data.FGONG   5967
 LOGS/profile134.data.FGONG for model 5967
save LOGS/profile135.data write fgong_plot.data
                               s% atm_structure_num_pts          50
save LOGS/profile135.data.FGONG   6006
 LOGS/profile135.data.FGONG for model 6006
save LOGS/profile136.data write fgong_plot.data
                               s% atm_structure_num_pts          49
save LOGS/profile136.data.FGONG   6045
 LOGS/profile136.data.FGONG for model 6045
save LOGS/profile137.data write fgong_plot.data
                               s% atm_structure_num_pts          48
save LOGS/profile137.data.FGONG   6084
 LOGS/profile137.data.FGONG for model 6084
save LOGS/profile138.data write fgong_plot.data
                               s% atm_structure_num_pts          49
save LOGS/profile138.data.FGONG   6123
 LOGS/profile138.data.FGONG for model 6123
save LOGS/profile139.data write fgong_plot.data
                               s% atm_structure_num_pts          49
save LOGS/profile139.data.FGONG   6162
 LOGS/profile139.data.FGONG for model 6162
save LOGS/profile140.data write fgong_plot.data
                               s% atm_structure_num_pts          49
save LOGS/profile140.data.FGONG   6201
 LOGS/profile140.data.FGONG for model 6201
save LOGS/profile141.data write fgong_plot.data
                               s% atm_structure_num_pts          49
save LOGS/profile141.data.FGONG   6240
 LOGS/profile141.data.FGONG for model 6240
save LOGS/profile142.data write fgong_plot.data
                               s% atm_structure_num_pts          50
save LOGS/profile142.data.FGONG   6279
 LOGS/profile142.data.FGONG for model 6279
save LOGS/profile143.data write fgong_plot.data
                               s% atm_structure_num_pts          50
save LOGS/profile143.data.FGONG   6318
 LOGS/profile143.data.FGONG for model 6318
save LOGS/profile144.data write fgong_plot.data
                               s% atm_structure_num_pts          49
save LOGS/profile144.data.FGONG   6357
 LOGS/profile144.data.FGONG for model 6357
save LOGS/profile145.data write fgong_plot.data
                               s% atm_structure_num_pts          50
save LOGS/profile145.data.FGONG   6396
 LOGS/profile145.data.FGONG for model 6396
save LOGS/profile146.data write fgong_plot.data
                               s% atm_structure_num_pts          49
save LOGS/profile146.data.FGONG   6435
 LOGS/profile146.data.FGONG for model 6435
save LOGS/profile147.data write fgong_plot.data
                               s% atm_structure_num_pts          49
save LOGS/profile147.data.FGONG   6474
 LOGS/profile147.data.FGONG for model 6474
save LOGS/profile148.data write fgong_plot.data
                               s% atm_structure_num_pts          49
save LOGS/profile148.data.FGONG   6513
 LOGS/profile148.data.FGONG for model 6513
save LOGS/profile149.data write fgong_plot.data
                               s% atm_structure_num_pts          49
save LOGS/profile149.data.FGONG   6552
 LOGS/profile149.data.FGONG for model 6552
save LOGS/profile150.data write fgong_plot.data
                               s% atm_structure_num_pts          50
save LOGS/profile150.data.FGONG   6591
 LOGS/profile150.data.FGONG for model 6591
save LOGS/profile151.data write fgong_plot.data
                               s% atm_structure_num_pts          50
save LOGS/profile151.data.FGONG   6630
 LOGS/profile151.data.FGONG for model 6630
save LOGS/profile152.data write fgong_plot.data
                               s% atm_structure_num_pts          50
save LOGS/profile152.data.FGONG   6669
 LOGS/profile152.data.FGONG for model 6669
save LOGS/profile153.data write fgong_plot.data
                               s% atm_structure_num_pts          50
save LOGS/profile153.data.FGONG   6708
 LOGS/profile153.data.FGONG for model 6708
save LOGS/profile154.data write fgong_plot.data
                               s% atm_structure_num_pts          49
save LOGS/profile154.data.FGONG   6747
 LOGS/profile154.data.FGONG for model 6747
save LOGS/profile155.data write fgong_plot.data
                               s% atm_structure_num_pts          49
save LOGS/profile155.data.FGONG   6786
 LOGS/profile155.data.FGONG for model 6786
save LOGS/profile156.data write fgong_plot.data
                               s% atm_structure_num_pts          50
save LOGS/profile156.data.FGONG   6825
 LOGS/profile156.data.FGONG for model 6825
save LOGS/profile157.data write fgong_plot.data
                               s% atm_structure_num_pts          49
save LOGS/profile157.data.FGONG   6864
 LOGS/profile157.data.FGONG for model 6864
save LOGS/profile158.data write fgong_plot.data
                               s% atm_structure_num_pts          49
save LOGS/profile158.data.FGONG   6903
 LOGS/profile158.data.FGONG for model 6903
save LOGS/profile159.data write fgong_plot.data
                               s% atm_structure_num_pts          49
save LOGS/profile159.data.FGONG   6942
 LOGS/profile159.data.FGONG for model 6942
save LOGS/profile160.data write fgong_plot.data
                               s% atm_structure_num_pts          49
save LOGS/profile160.data.FGONG   6981
 LOGS/profile160.data.FGONG for model 6981
save LOGS/profile161.data write fgong_plot.data
                               s% atm_structure_num_pts          49
save LOGS/profile161.data.FGONG   7020
 LOGS/profile161.data.FGONG for model 7020
save LOGS/profile162.data write fgong_plot.data
                               s% atm_structure_num_pts          50
save LOGS/profile162.data.FGONG   7059
 LOGS/profile162.data.FGONG for model 7059
save LOGS/profile163.data write fgong_plot.data
                               s% atm_structure_num_pts          49
save LOGS/profile163.data.FGONG   7098
 LOGS/profile163.data.FGONG for model 7098
save LOGS/profile164.data write fgong_plot.data
                               s% atm_structure_num_pts          49
save LOGS/profile164.data.FGONG   7137
 LOGS/profile164.data.FGONG for model 7137
save LOGS/profile165.data write fgong_plot.data
                               s% atm_structure_num_pts          49
save LOGS/profile165.data.FGONG   7176
 LOGS/profile165.data.FGONG for model 7176
save LOGS/profile166.data write fgong_plot.data
                               s% atm_structure_num_pts          50
save LOGS/profile166.data.FGONG   7215
 LOGS/profile166.data.FGONG for model 7215
save LOGS/profile167.data write fgong_plot.data
                               s% atm_structure_num_pts          49
save LOGS/profile167.data.FGONG   7254
 LOGS/profile167.data.FGONG for model 7254
save LOGS/profile168.data write fgong_plot.data
                               s% atm_structure_num_pts          48
save LOGS/profile168.data.FGONG   7293
 LOGS/profile168.data.FGONG for model 7293
save LOGS/profile169.data write fgong_plot.data
                               s% atm_structure_num_pts          50
save LOGS/profile169.data.FGONG   7332
 LOGS/profile169.data.FGONG for model 7332
save LOGS/profile170.data write fgong_plot.data
                               s% atm_structure_num_pts          49
save LOGS/profile170.data.FGONG   7371
 LOGS/profile170.data.FGONG for model 7371
save LOGS/profile171.data write fgong_plot.data
                               s% atm_structure_num_pts          49
save LOGS/profile171.data.FGONG   7410
 LOGS/profile171.data.FGONG for model 7410
save LOGS/profile172.data write fgong_plot.data
                               s% atm_structure_num_pts          49
save LOGS/profile172.data.FGONG   7449
 LOGS/profile172.data.FGONG for model 7449
save LOGS/profile173.data write fgong_plot.data
                               s% atm_structure_num_pts          49
save LOGS/profile173.data.FGONG   7488
 LOGS/profile173.data.FGONG for model 7488
save LOGS/profile174.data write fgong_plot.data
                               s% atm_structure_num_pts          50
save LOGS/profile174.data.FGONG   7527
 LOGS/profile174.data.FGONG for model 7527
save LOGS/profile175.data write fgong_plot.data
                               s% atm_structure_num_pts          50
save LOGS/profile175.data.FGONG   7566
 LOGS/profile175.data.FGONG for model 7566
save LOGS/profile176.data write fgong_plot.data
                               s% atm_structure_num_pts          49
save LOGS/profile176.data.FGONG   7605
 LOGS/profile176.data.FGONG for model 7605
save LOGS/profile177.data write fgong_plot.data
                               s% atm_structure_num_pts          50
save LOGS/profile177.data.FGONG   7644
 LOGS/profile177.data.FGONG for model 7644
save LOGS/profile178.data write fgong_plot.data
                               s% atm_structure_num_pts          49
save LOGS/profile178.data.FGONG   7683
 LOGS/profile178.data.FGONG for model 7683
save LOGS/profile179.data write fgong_plot.data
                               s% atm_structure_num_pts          49
save LOGS/profile179.data.FGONG   7722
 LOGS/profile179.data.FGONG for model 7722
save LOGS/profile180.data write fgong_plot.data
                               s% atm_structure_num_pts          49
save LOGS/profile180.data.FGONG   7761
 LOGS/profile180.data.FGONG for model 7761
save LOGS/profile181.data write fgong_plot.data
                               s% atm_structure_num_pts          49
save LOGS/profile181.data.FGONG   7800
 LOGS/profile181.data.FGONG for model 7800
save LOGS/profile182.data write fgong_plot.data
                               s% atm_structure_num_pts          49
save LOGS/profile182.data.FGONG   7839
 LOGS/profile182.data.FGONG for model 7839
save LOGS/profile183.data write fgong_plot.data
                               s% atm_structure_num_pts          49
save LOGS/profile183.data.FGONG   7878
 LOGS/profile183.data.FGONG for model 7878
save LOGS/profile184.data write fgong_plot.data
                               s% atm_structure_num_pts          50
save LOGS/profile184.data.FGONG   7917
 LOGS/profile184.data.FGONG for model 7917
save LOGS/profile185.data write fgong_plot.data
                               s% atm_structure_num_pts          50
save LOGS/profile185.data.FGONG   7956
 LOGS/profile185.data.FGONG for model 7956
save LOGS/profile186.data write fgong_plot.data
                               s% atm_structure_num_pts          50
save LOGS/profile186.data.FGONG   7995
 LOGS/profile186.data.FGONG for model 7995
save LOGS/profile187.data write fgong_plot.data
                               s% atm_structure_num_pts          49
save LOGS/profile187.data.FGONG   8034
 LOGS/profile187.data.FGONG for model 8034
save LOGS/profile188.data write fgong_plot.data
                               s% atm_structure_num_pts          49
save LOGS/profile188.data.FGONG   8073
 LOGS/profile188.data.FGONG for model 8073
save LOGS/profile189.data write fgong_plot.data
                               s% atm_structure_num_pts          49
save LOGS/profile189.data.FGONG   8112
 LOGS/profile189.data.FGONG for model 8112
save LOGS/profile190.data write fgong_plot.data
                               s% atm_structure_num_pts          50
save LOGS/profile190.data.FGONG   8151
 LOGS/profile190.data.FGONG for model 8151
save LOGS/profile191.data write fgong_plot.data
                               s% atm_structure_num_pts          49
save LOGS/profile191.data.FGONG   8190
 LOGS/profile191.data.FGONG for model 8190
save LOGS/profile192.data write fgong_plot.data
                               s% atm_structure_num_pts          49
save LOGS/profile192.data.FGONG   8229
 LOGS/profile192.data.FGONG for model 8229
save LOGS/profile193.data write fgong_plot.data
                               s% atm_structure_num_pts          49
save LOGS/profile193.data.FGONG   8268
 LOGS/profile193.data.FGONG for model 8268
save LOGS/profile194.data write fgong_plot.data
                               s% atm_structure_num_pts          49
save LOGS/profile194.data.FGONG   8307
 LOGS/profile194.data.FGONG for model 8307
save LOGS/profile195.data write fgong_plot.data
                               s% atm_structure_num_pts          49
save LOGS/profile195.data.FGONG   8346
 LOGS/profile195.data.FGONG for model 8346
save LOGS/profile196.data write fgong_plot.data
                               s% atm_structure_num_pts          49
save LOGS/profile196.data.FGONG   8385
 LOGS/profile196.data.FGONG for model 8385
save LOGS/profile197.data write fgong_plot.data
                               s% atm_structure_num_pts          49
save LOGS/profile197.data.FGONG   8424
 LOGS/profile197.data.FGONG for model 8424
save LOGS/profile198.data write fgong_plot.data
                               s% atm_structure_num_pts          49
save LOGS/profile198.data.FGONG   8463
 LOGS/profile198.data.FGONG for model 8463
save LOGS/profile199.data write fgong_plot.data
                               s% atm_structure_num_pts          49
save LOGS/profile199.data.FGONG   8502
 LOGS/profile199.data.FGONG for model 8502
save LOGS/profile200.data write fgong_plot.data
                               s% atm_structure_num_pts          49
save LOGS/profile200.data.FGONG   8541
 LOGS/profile200.data.FGONG for model 8541
save LOGS/profile201.data write fgong_plot.data
                               s% atm_structure_num_pts          49
save LOGS/profile201.data.FGONG   8580
 LOGS/profile201.data.FGONG for model 8580
save LOGS/profile202.data write fgong_plot.data
                               s% atm_structure_num_pts          50
save LOGS/profile202.data.FGONG   8619
 LOGS/profile202.data.FGONG for model 8619
save LOGS/profile203.data write fgong_plot.data
                               s% atm_structure_num_pts          49
save LOGS/profile203.data.FGONG   8658
 LOGS/profile203.data.FGONG for model 8658
save LOGS/profile204.data write fgong_plot.data
                               s% atm_structure_num_pts          49
save LOGS/profile204.data.FGONG   8697
 LOGS/profile204.data.FGONG for model 8697
save LOGS/profile205.data write fgong_plot.data
                               s% atm_structure_num_pts          49
save LOGS/profile205.data.FGONG   8736
 LOGS/profile205.data.FGONG for model 8736
save LOGS/profile206.data write fgong_plot.data
                               s% atm_structure_num_pts          49
save LOGS/profile206.data.FGONG   8775
 LOGS/profile206.data.FGONG for model 8775
save LOGS/profile207.data write fgong_plot.data
                               s% atm_structure_num_pts          49
save LOGS/profile207.data.FGONG   8814
 LOGS/profile207.data.FGONG for model 8814
save LOGS/profile208.data write fgong_plot.data
                               s% atm_structure_num_pts          49
save LOGS/profile208.data.FGONG   8853
 LOGS/profile208.data.FGONG for model 8853
save LOGS/profile209.data write fgong_plot.data
                               s% atm_structure_num_pts          49
save LOGS/profile209.data.FGONG   8892
 LOGS/profile209.data.FGONG for model 8892
save LOGS/profile210.data write fgong_plot.data
                               s% atm_structure_num_pts          49
save LOGS/profile210.data.FGONG   8931
 LOGS/profile210.data.FGONG for model 8931
save LOGS/profile211.data write fgong_plot.data
                               s% atm_structure_num_pts          49
save LOGS/profile211.data.FGONG   8970
 LOGS/profile211.data.FGONG for model 8970
save LOGS/profile212.data write fgong_plot.data
                               s% atm_structure_num_pts          50
save LOGS/profile212.data.FGONG   9009
 LOGS/profile212.data.FGONG for model 9009
save LOGS/profile213.data write fgong_plot.data
                               s% atm_structure_num_pts          49
save LOGS/profile213.data.FGONG   9048
 LOGS/profile213.data.FGONG for model 9048
save LOGS/profile214.data write fgong_plot.data
                               s% atm_structure_num_pts          49
save LOGS/profile214.data.FGONG   9087
 LOGS/profile214.data.FGONG for model 9087
save LOGS/profile215.data write fgong_plot.data
                               s% atm_structure_num_pts          49
save LOGS/profile215.data.FGONG   9126
 LOGS/profile215.data.FGONG for model 9126
save LOGS/profile216.data write fgong_plot.data
                               s% atm_structure_num_pts          49
save LOGS/profile216.data.FGONG   9165
 LOGS/profile216.data.FGONG for model 9165
save LOGS/profile217.data write fgong_plot.data
                               s% atm_structure_num_pts          49
save LOGS/profile217.data.FGONG   9204
 LOGS/profile217.data.FGONG for model 9204
save LOGS/profile218.data write fgong_plot.data
                               s% atm_structure_num_pts          49
save LOGS/profile218.data.FGONG   9243
 LOGS/profile218.data.FGONG for model 9243
save LOGS/profile219.data write fgong_plot.data
                               s% atm_structure_num_pts          49
save LOGS/profile219.data.FGONG   9282
 LOGS/profile219.data.FGONG for model 9282
save LOGS/profile220.data write fgong_plot.data
                               s% atm_structure_num_pts          49
save LOGS/profile220.data.FGONG   9321
 LOGS/profile220.data.FGONG for model 9321
save LOGS/profile221.data write fgong_plot.data
                               s% atm_structure_num_pts          49
save LOGS/profile221.data.FGONG   9360
 LOGS/profile221.data.FGONG for model 9360
save LOGS/profile222.data write fgong_plot.data
                               s% atm_structure_num_pts          49
save LOGS/profile222.data.FGONG   9399
 LOGS/profile222.data.FGONG for model 9399
save LOGS/profile223.data write fgong_plot.data
                               s% atm_structure_num_pts          49
save LOGS/profile223.data.FGONG   9438
 LOGS/profile223.data.FGONG for model 9438
save LOGS/profile224.data write fgong_plot.data
                               s% atm_structure_num_pts          49
save LOGS/profile224.data.FGONG   9477
 LOGS/profile224.data.FGONG for model 9477
save LOGS/profile225.data write fgong_plot.data
                               s% atm_structure_num_pts          49
save LOGS/profile225.data.FGONG   9516
 LOGS/profile225.data.FGONG for model 9516
save LOGS/profile226.data write fgong_plot.data
                               s% atm_structure_num_pts          49
save LOGS/profile226.data.FGONG   9555
 LOGS/profile226.data.FGONG for model 9555
save LOGS/profile227.data write fgong_plot.data
                               s% atm_structure_num_pts          49
save LOGS/profile227.data.FGONG   9594
 LOGS/profile227.data.FGONG for model 9594
save LOGS/profile228.data write fgong_plot.data
                               s% atm_structure_num_pts          49
save LOGS/profile228.data.FGONG   9633
 LOGS/profile228.data.FGONG for model 9633
save LOGS/profile229.data write fgong_plot.data
                               s% atm_structure_num_pts          49
save LOGS/profile229.data.FGONG   9672
 LOGS/profile229.data.FGONG for model 9672
save LOGS/profile230.data write fgong_plot.data
                               s% atm_structure_num_pts          50
save LOGS/profile230.data.FGONG   9711
 LOGS/profile230.data.FGONG for model 9711
save LOGS/profile231.data write fgong_plot.data
                               s% atm_structure_num_pts          49
save LOGS/profile231.data.FGONG   9750
 LOGS/profile231.data.FGONG for model 9750
save LOGS/profile232.data write fgong_plot.data
                               s% atm_structure_num_pts          49
save LOGS/profile232.data.FGONG   9789
 LOGS/profile232.data.FGONG for model 9789
save LOGS/profile233.data write fgong_plot.data
                               s% atm_structure_num_pts          49
save LOGS/profile233.data.FGONG   9828
 LOGS/profile233.data.FGONG for model 9828
save LOGS/profile234.data write fgong_plot.data
                               s% atm_structure_num_pts          49
save LOGS/profile234.data.FGONG   9867
 LOGS/profile234.data.FGONG for model 9867
save LOGS/profile235.data write fgong_plot.data
                               s% atm_structure_num_pts          49
save LOGS/profile235.data.FGONG   9906
 LOGS/profile235.data.FGONG for model 9906
save LOGS/profile236.data write fgong_plot.data
                               s% atm_structure_num_pts          49
save LOGS/profile236.data.FGONG   9945
 LOGS/profile236.data.FGONG for model 9945
save LOGS/profile237.data write fgong_plot.data
                               s% atm_structure_num_pts          49
save LOGS/profile237.data.FGONG   9984
 LOGS/profile237.data.FGONG for model 9984
save LOGS/profile238.data write fgong_plot.data
                               s% atm_structure_num_pts          49
save LOGS/profile238.data.FGONG  10023
 LOGS/profile238.data.FGONG for model 10023
save LOGS/profile239.data write fgong_plot.data
                               s% atm_structure_num_pts          49
save LOGS/profile239.data.FGONG  10062
 LOGS/profile239.data.FGONG for model 10062
save LOGS/profile240.data write fgong_plot.data
                               s% atm_structure_num_pts          49
save LOGS/profile240.data.FGONG  10101
 LOGS/profile240.data.FGONG for model 10101
save LOGS/profile241.data write fgong_plot.data
                               s% atm_structure_num_pts          49
save LOGS/profile241.data.FGONG  10140
 LOGS/profile241.data.FGONG for model 10140
save LOGS/profile242.data write fgong_plot.data
                               s% atm_structure_num_pts          49
save LOGS/profile242.data.FGONG  10179
 LOGS/profile242.data.FGONG for model 10179
save LOGS/profile243.data write fgong_plot.data
                               s% atm_structure_num_pts          49
save LOGS/profile243.data.FGONG  10218
 LOGS/profile243.data.FGONG for model 10218
save LOGS/profile244.data write fgong_plot.data
                               s% atm_structure_num_pts          49
save LOGS/profile244.data.FGONG  10257
 LOGS/profile244.data.FGONG for model 10257
save LOGS/profile245.data write fgong_plot.data
                               s% atm_structure_num_pts          49
save LOGS/profile245.data.FGONG  10296
 LOGS/profile245.data.FGONG for model 10296
save LOGS/profile246.data write fgong_plot.data
                               s% atm_structure_num_pts          49
save LOGS/profile246.data.FGONG  10335
 LOGS/profile246.data.FGONG for model 10335
save LOGS/profile247.data write fgong_plot.data
                               s% atm_structure_num_pts          49
save LOGS/profile247.data.FGONG  10374
 LOGS/profile247.data.FGONG for model 10374
save LOGS/profile248.data write fgong_plot.data
                               s% atm_structure_num_pts          49
save LOGS/profile248.data.FGONG  10413
 LOGS/profile248.data.FGONG for model 10413
save LOGS/profile249.data write fgong_plot.data
                               s% atm_structure_num_pts          49
save LOGS/profile249.data.FGONG  10452
 LOGS/profile249.data.FGONG for model 10452
save LOGS/profile250.data write fgong_plot.data
                               s% atm_structure_num_pts          50
save LOGS/profile250.data.FGONG  10491
 LOGS/profile250.data.FGONG for model 10491
save LOGS/profile251.data write fgong_plot.data
                               s% atm_structure_num_pts          49
save LOGS/profile251.data.FGONG  10530
 LOGS/profile251.data.FGONG for model 10530
save LOGS/profile252.data write fgong_plot.data
                               s% atm_structure_num_pts          49
save LOGS/profile252.data.FGONG  10569
 LOGS/profile252.data.FGONG for model 10569
save LOGS/profile253.data write fgong_plot.data
                               s% atm_structure_num_pts          49
save LOGS/profile253.data.FGONG  10608
 LOGS/profile253.data.FGONG for model 10608
save LOGS/profile254.data write fgong_plot.data
                               s% atm_structure_num_pts          48
save LOGS/profile254.data.FGONG  10647
 LOGS/profile254.data.FGONG for model 10647
save LOGS/profile255.data write fgong_plot.data
                               s% atm_structure_num_pts          49
save LOGS/profile255.data.FGONG  10686
 LOGS/profile255.data.FGONG for model 10686
save LOGS/profile256.data write fgong_plot.data
                               s% atm_structure_num_pts          49
save LOGS/profile256.data.FGONG  10725
 LOGS/profile256.data.FGONG for model 10725
save LOGS/profile257.data write fgong_plot.data
                               s% atm_structure_num_pts          49
save LOGS/profile257.data.FGONG  10764
 LOGS/profile257.data.FGONG for model 10764
save LOGS/profile258.data write fgong_plot.data
                               s% atm_structure_num_pts          49
save LOGS/profile258.data.FGONG  10803
 LOGS/profile258.data.FGONG for model 10803
save LOGS/profile259.data write fgong_plot.data
                               s% atm_structure_num_pts          48
save LOGS/profile259.data.FGONG  10842
 LOGS/profile259.data.FGONG for model 10842
save LOGS/profile260.data write fgong_plot.data
                               s% atm_structure_num_pts          49
save LOGS/profile260.data.FGONG  10881
 LOGS/profile260.data.FGONG for model 10881
save LOGS/profile261.data write fgong_plot.data
                               s% atm_structure_num_pts          49
save LOGS/profile261.data.FGONG  10920
 LOGS/profile261.data.FGONG for model 10920
save LOGS/profile262.data write fgong_plot.data
                               s% atm_structure_num_pts          49
save LOGS/profile262.data.FGONG  10959
 LOGS/profile262.data.FGONG for model 10959
save LOGS/profile263.data write fgong_plot.data
                               s% atm_structure_num_pts          49
save LOGS/profile263.data.FGONG  10998
 LOGS/profile263.data.FGONG for model 10998
save LOGS/profile264.data write fgong_plot.data
                               s% atm_structure_num_pts          49
save LOGS/profile264.data.FGONG  11037
 LOGS/profile264.data.FGONG for model 11037
save LOGS/profile265.data write fgong_plot.data
                               s% atm_structure_num_pts          49
save LOGS/profile265.data.FGONG  11076
 LOGS/profile265.data.FGONG for model 11076
save LOGS/profile266.data write fgong_plot.data
                               s% atm_structure_num_pts          49
save LOGS/profile266.data.FGONG  11115
 LOGS/profile266.data.FGONG for model 11115
save LOGS/profile267.data write fgong_plot.data
                               s% atm_structure_num_pts          48
save LOGS/profile267.data.FGONG  11154
 LOGS/profile267.data.FGONG for model 11154
save LOGS/profile268.data write fgong_plot.data
                               s% atm_structure_num_pts          49
save LOGS/profile268.data.FGONG  11193
 LOGS/profile268.data.FGONG for model 11193
save LOGS/profile269.data write fgong_plot.data
                               s% atm_structure_num_pts          49
save LOGS/profile269.data.FGONG  11232
 LOGS/profile269.data.FGONG for model 11232
save LOGS/profile270.data write fgong_plot.data
                               s% atm_structure_num_pts          49
save LOGS/profile270.data.FGONG  11271
 LOGS/profile270.data.FGONG for model 11271
save LOGS/profile271.data write fgong_plot.data
                               s% atm_structure_num_pts          49
save LOGS/profile271.data.FGONG  11310
 LOGS/profile271.data.FGONG for model 11310
save LOGS/profile272.data write fgong_plot.data
                               s% atm_structure_num_pts          49
save LOGS/profile272.data.FGONG  11349
 LOGS/profile272.data.FGONG for model 11349
save LOGS/profile273.data write fgong_plot.data
                               s% atm_structure_num_pts          49
save LOGS/profile273.data.FGONG  11388
 LOGS/profile273.data.FGONG for model 11388
save LOGS/profile274.data write fgong_plot.data
                               s% atm_structure_num_pts          49
save LOGS/profile274.data.FGONG  11427
 LOGS/profile274.data.FGONG for model 11427
save LOGS/profile275.data write fgong_plot.data
                               s% atm_structure_num_pts          49
save LOGS/profile275.data.FGONG  11466
 LOGS/profile275.data.FGONG for model 11466
save LOGS/profile276.data write fgong_plot.data
                               s% atm_structure_num_pts          49
save LOGS/profile276.data.FGONG  11505
 LOGS/profile276.data.FGONG for model 11505
save LOGS/profile277.data write fgong_plot.data
                               s% atm_structure_num_pts          49
save LOGS/profile277.data.FGONG  11544
 LOGS/profile277.data.FGONG for model 11544
save LOGS/profile278.data write fgong_plot.data
                               s% atm_structure_num_pts          49
save LOGS/profile278.data.FGONG  11583
 LOGS/profile278.data.FGONG for model 11583
save LOGS/profile279.data write fgong_plot.data
                               s% atm_structure_num_pts          49
save LOGS/profile279.data.FGONG  11622
 LOGS/profile279.data.FGONG for model 11622
save LOGS/profile280.data write fgong_plot.data
                               s% atm_structure_num_pts          49
save LOGS/profile280.data.FGONG  11661
 LOGS/profile280.data.FGONG for model 11661
save LOGS/profile281.data write fgong_plot.data
                               s% atm_structure_num_pts          49
save LOGS/profile281.data.FGONG  11700
 LOGS/profile281.data.FGONG for model 11700
save LOGS/profile282.data write fgong_plot.data
                               s% atm_structure_num_pts          49
save LOGS/profile282.data.FGONG  11739
 LOGS/profile282.data.FGONG for model 11739
save LOGS/profile283.data write fgong_plot.data
                               s% atm_structure_num_pts          48
save LOGS/profile283.data.FGONG  11778
 LOGS/profile283.data.FGONG for model 11778
save LOGS/profile284.data write fgong_plot.data
                               s% atm_structure_num_pts          49
save LOGS/profile284.data.FGONG  11817
 LOGS/profile284.data.FGONG for model 11817
save LOGS/profile285.data write fgong_plot.data
                               s% atm_structure_num_pts          49
save LOGS/profile285.data.FGONG  11856
 LOGS/profile285.data.FGONG for model 11856
save LOGS/profile286.data write fgong_plot.data
                               s% atm_structure_num_pts          49
save LOGS/profile286.data.FGONG  11895
 LOGS/profile286.data.FGONG for model 11895
save LOGS/profile287.data write fgong_plot.data
                               s% atm_structure_num_pts          49
save LOGS/profile287.data.FGONG  11934
 LOGS/profile287.data.FGONG for model 11934
save LOGS/profile288.data write fgong_plot.data
                               s% atm_structure_num_pts          49
save LOGS/profile288.data.FGONG  11973
 LOGS/profile288.data.FGONG for model 11973
save LOGS/profile289.data write fgong_plot.data
                               s% atm_structure_num_pts          48
save LOGS/profile289.data.FGONG  12012
 LOGS/profile289.data.FGONG for model 12012
save LOGS/profile290.data write fgong_plot.data
                               s% atm_structure_num_pts          48
save LOGS/profile290.data.FGONG  12051
 LOGS/profile290.data.FGONG for model 12051
save LOGS/profile291.data write fgong_plot.data
                               s% atm_structure_num_pts          49
save LOGS/profile291.data.FGONG  12090
 LOGS/profile291.data.FGONG for model 12090
save LOGS/profile292.data write fgong_plot.data
                               s% atm_structure_num_pts          48
save LOGS/profile292.data.FGONG  12129
 LOGS/profile292.data.FGONG for model 12129
save LOGS/profile293.data write fgong_plot.data
                               s% atm_structure_num_pts          49
save LOGS/profile293.data.FGONG  12168
 LOGS/profile293.data.FGONG for model 12168
save LOGS/profile294.data write fgong_plot.data
                               s% atm_structure_num_pts          48
save LOGS/profile294.data.FGONG  12207
 LOGS/profile294.data.FGONG for model 12207
save LOGS/profile295.data write fgong_plot.data
                               s% atm_structure_num_pts          49
save LOGS/profile295.data.FGONG  12246
 LOGS/profile295.data.FGONG for model 12246
save LOGS/profile296.data write fgong_plot.data
                               s% atm_structure_num_pts          49
save LOGS/profile296.data.FGONG  12285
 LOGS/profile296.data.FGONG for model 12285
save LOGS/profile297.data write fgong_plot.data
                               s% atm_structure_num_pts          49
save LOGS/profile297.data.FGONG  12324
 LOGS/profile297.data.FGONG for model 12324
save LOGS/profile298.data write fgong_plot.data
                               s% atm_structure_num_pts          49
save LOGS/profile298.data.FGONG  12363
 LOGS/profile298.data.FGONG for model 12363
save LOGS/profile299.data write fgong_plot.data
                               s% atm_structure_num_pts          49
save LOGS/profile299.data.FGONG  12402
 LOGS/profile299.data.FGONG for model 12402
save LOGS/profile300.data write fgong_plot.data
                               s% atm_structure_num_pts          49
save LOGS/profile300.data.FGONG  12441
 LOGS/profile300.data.FGONG for model 12441
save LOGS/profile301.data write fgong_plot.data
                               s% atm_structure_num_pts          49
save LOGS/profile301.data.FGONG  12480
 LOGS/profile301.data.FGONG for model 12480
save LOGS/profile302.data write fgong_plot.data
                               s% atm_structure_num_pts          49
save LOGS/profile302.data.FGONG  12519
 LOGS/profile302.data.FGONG for model 12519
save LOGS/profile303.data write fgong_plot.data
                               s% atm_structure_num_pts          49
save LOGS/profile303.data.FGONG  12558
 LOGS/profile303.data.FGONG for model 12558
save LOGS/profile304.data write fgong_plot.data
                               s% atm_structure_num_pts          48
save LOGS/profile304.data.FGONG  12597
 LOGS/profile304.data.FGONG for model 12597
save LOGS/profile305.data write fgong_plot.data
                               s% atm_structure_num_pts          48
save LOGS/profile305.data.FGONG  12636
 LOGS/profile305.data.FGONG for model 12636
save LOGS/profile306.data write fgong_plot.data
                               s% atm_structure_num_pts          48
save LOGS/profile306.data.FGONG  12675
 LOGS/profile306.data.FGONG for model 12675
save LOGS/profile307.data write fgong_plot.data
                               s% atm_structure_num_pts          49
save LOGS/profile307.data.FGONG  12714
 LOGS/profile307.data.FGONG for model 12714
save LOGS/profile308.data write fgong_plot.data
                               s% atm_structure_num_pts          49
save LOGS/profile308.data.FGONG  12753
 LOGS/profile308.data.FGONG for model 12753
save LOGS/profile309.data write fgong_plot.data
                               s% atm_structure_num_pts          49
save LOGS/profile309.data.FGONG  12792
 LOGS/profile309.data.FGONG for model 12792
save LOGS/profile310.data write fgong_plot.data
                               s% atm_structure_num_pts          48
save LOGS/profile310.data.FGONG  12831
 LOGS/profile310.data.FGONG for model 12831
save LOGS/profile311.data write fgong_plot.data
                               s% atm_structure_num_pts          49
save LOGS/profile311.data.FGONG  12870
 LOGS/profile311.data.FGONG for model 12870
save LOGS/profile312.data write fgong_plot.data
                               s% atm_structure_num_pts          49
save LOGS/profile312.data.FGONG  12909
 LOGS/profile312.data.FGONG for model 12909
save LOGS/profile313.data write fgong_plot.data
                               s% atm_structure_num_pts          48
save LOGS/profile313.data.FGONG  12948
 LOGS/profile313.data.FGONG for model 12948
save LOGS/profile314.data write fgong_plot.data
                               s% atm_structure_num_pts          48
save LOGS/profile314.data.FGONG  12987
 LOGS/profile314.data.FGONG for model 12987
save LOGS/profile315.data write fgong_plot.data
                               s% atm_structure_num_pts          49
save LOGS/profile315.data.FGONG  13026
 LOGS/profile315.data.FGONG for model 13026
save LOGS/profile316.data write fgong_plot.data
                               s% atm_structure_num_pts          48
save LOGS/profile316.data.FGONG  13065
 LOGS/profile316.data.FGONG for model 13065
save LOGS/profile317.data write fgong_plot.data
                               s% atm_structure_num_pts          49
save LOGS/profile317.data.FGONG  13104
 LOGS/profile317.data.FGONG for model 13104
save LOGS/profile318.data write fgong_plot.data
                               s% atm_structure_num_pts          48
save LOGS/profile318.data.FGONG  13143
 LOGS/profile318.data.FGONG for model 13143
save LOGS/profile319.data write fgong_plot.data
                               s% atm_structure_num_pts          48
save LOGS/profile319.data.FGONG  13182
 LOGS/profile319.data.FGONG for model 13182
save LOGS/profile320.data write fgong_plot.data
                               s% atm_structure_num_pts          48
save LOGS/profile320.data.FGONG  13221
 LOGS/profile320.data.FGONG for model 13221
save LOGS/profile321.data write fgong_plot.data
                               s% atm_structure_num_pts          48
save LOGS/profile321.data.FGONG  13260
 LOGS/profile321.data.FGONG for model 13260
save LOGS/profile322.data write fgong_plot.data
                               s% atm_structure_num_pts          49
save LOGS/profile322.data.FGONG  13299
 LOGS/profile322.data.FGONG for model 13299
save LOGS/profile323.data write fgong_plot.data
                               s% atm_structure_num_pts          48
save LOGS/profile323.data.FGONG  13338
 LOGS/profile323.data.FGONG for model 13338
save LOGS/profile324.data write fgong_plot.data
                               s% atm_structure_num_pts          49
save LOGS/profile324.data.FGONG  13377
 LOGS/profile324.data.FGONG for model 13377
save LOGS/profile325.data write fgong_plot.data
                               s% atm_structure_num_pts          48
save LOGS/profile325.data.FGONG  13416
 LOGS/profile325.data.FGONG for model 13416
save LOGS/profile326.data write fgong_plot.data
                               s% atm_structure_num_pts          48
save LOGS/profile326.data.FGONG  13455
 LOGS/profile326.data.FGONG for model 13455
save LOGS/profile327.data write fgong_plot.data
                               s% atm_structure_num_pts          48
save LOGS/profile327.data.FGONG  13494
 LOGS/profile327.data.FGONG for model 13494
save LOGS/profile328.data write fgong_plot.data
                               s% atm_structure_num_pts          48
save LOGS/profile328.data.FGONG  13533
 LOGS/profile328.data.FGONG for model 13533
save LOGS/profile329.data write fgong_plot.data
                               s% atm_structure_num_pts          48
save LOGS/profile329.data.FGONG  13572
 LOGS/profile329.data.FGONG for model 13572
save LOGS/profile330.data write fgong_plot.data
                               s% atm_structure_num_pts          49
save LOGS/profile330.data.FGONG  13611
 LOGS/profile330.data.FGONG for model 13611
save LOGS/profile331.data write fgong_plot.data
                               s% atm_structure_num_pts          49
save LOGS/profile331.data.FGONG  13650
 LOGS/profile331.data.FGONG for model 13650
save LOGS/profile332.data write fgong_plot.data
                               s% atm_structure_num_pts          49
save LOGS/profile332.data.FGONG  13689
 LOGS/profile332.data.FGONG for model 13689
save LOGS/profile333.data write fgong_plot.data
                               s% atm_structure_num_pts          48
save LOGS/profile333.data.FGONG  13728
 LOGS/profile333.data.FGONG for model 13728
save LOGS/profile334.data write fgong_plot.data
                               s% atm_structure_num_pts          48
save LOGS/profile334.data.FGONG  13767
 LOGS/profile334.data.FGONG for model 13767
save LOGS/profile335.data write fgong_plot.data
                               s% atm_structure_num_pts          49
save LOGS/profile335.data.FGONG  13806
 LOGS/profile335.data.FGONG for model 13806
save LOGS/profile336.data write fgong_plot.data
                               s% atm_structure_num_pts          48
save LOGS/profile336.data.FGONG  13845
 LOGS/profile336.data.FGONG for model 13845
save LOGS/profile337.data write fgong_plot.data
                               s% atm_structure_num_pts          47
save LOGS/profile337.data.FGONG  13884
 LOGS/profile337.data.FGONG for model 13884
save LOGS/profile338.data write fgong_plot.data
                               s% atm_structure_num_pts          48
save LOGS/profile338.data.FGONG  13923
 LOGS/profile338.data.FGONG for model 13923
save LOGS/profile339.data write fgong_plot.data
                               s% atm_structure_num_pts          48
save LOGS/profile339.data.FGONG  13962
 LOGS/profile339.data.FGONG for model 13962
save LOGS/profile340.data write fgong_plot.data
                               s% atm_structure_num_pts          48
save LOGS/profile340.data.FGONG  14001
 LOGS/profile340.data.FGONG for model 14001
save LOGS/profile341.data write fgong_plot.data
                               s% atm_structure_num_pts          48
save LOGS/profile341.data.FGONG  14040
 LOGS/profile341.data.FGONG for model 14040
save LOGS/profile342.data write fgong_plot.data
                               s% atm_structure_num_pts          48
save LOGS/profile342.data.FGONG  14079
 LOGS/profile342.data.FGONG for model 14079
save LOGS/profile343.data write fgong_plot.data
                               s% atm_structure_num_pts          48
save LOGS/profile343.data.FGONG  14118
 LOGS/profile343.data.FGONG for model 14118
save LOGS/profile344.data write fgong_plot.data
                               s% atm_structure_num_pts          48
save LOGS/profile344.data.FGONG  14157
 LOGS/profile344.data.FGONG for model 14157
save LOGS/profile345.data write fgong_plot.data
                               s% atm_structure_num_pts          48
save LOGS/profile345.data.FGONG  14196
 LOGS/profile345.data.FGONG for model 14196
save LOGS/profile346.data write fgong_plot.data
                               s% atm_structure_num_pts          48
save LOGS/profile346.data.FGONG  14235
 LOGS/profile346.data.FGONG for model 14235
save LOGS/profile347.data write fgong_plot.data
                               s% atm_structure_num_pts          48
save LOGS/profile347.data.FGONG  14274
 LOGS/profile347.data.FGONG for model 14274
save LOGS/profile348.data write fgong_plot.data
                               s% atm_structure_num_pts          48
save LOGS/profile348.data.FGONG  14313
 LOGS/profile348.data.FGONG for model 14313
save LOGS/profile349.data write fgong_plot.data
                               s% atm_structure_num_pts          48
save LOGS/profile349.data.FGONG  14352
 LOGS/profile349.data.FGONG for model 14352
save LOGS/profile350.data write fgong_plot.data
                               s% atm_structure_num_pts          47
save LOGS/profile350.data.FGONG  14391
 LOGS/profile350.data.FGONG for model 14391
save LOGS/profile351.data write fgong_plot.data
                               s% atm_structure_num_pts          48
save LOGS/profile351.data.FGONG  14430
 LOGS/profile351.data.FGONG for model 14430
save LOGS/profile352.data write fgong_plot.data
                               s% atm_structure_num_pts          48
save LOGS/profile352.data.FGONG  14469
 LOGS/profile352.data.FGONG for model 14469
save LOGS/profile353.data write fgong_plot.data
                               s% atm_structure_num_pts          48
save LOGS/profile353.data.FGONG  14508
 LOGS/profile353.data.FGONG for model 14508
save LOGS/profile354.data write fgong_plot.data
                               s% atm_structure_num_pts          48
save LOGS/profile354.data.FGONG  14547
 LOGS/profile354.data.FGONG for model 14547
save LOGS/profile355.data write fgong_plot.data
                               s% atm_structure_num_pts          48
save LOGS/profile355.data.FGONG  14586
 LOGS/profile355.data.FGONG for model 14586
save LOGS/profile356.data write fgong_plot.data
                               s% atm_structure_num_pts          48
save LOGS/profile356.data.FGONG  14625
 LOGS/profile356.data.FGONG for model 14625
save LOGS/profile357.data write fgong_plot.data
                               s% atm_structure_num_pts          48
save LOGS/profile357.data.FGONG  14664
 LOGS/profile357.data.FGONG for model 14664
save LOGS/profile358.data write fgong_plot.data
                               s% atm_structure_num_pts          48
save LOGS/profile358.data.FGONG  14703
 LOGS/profile358.data.FGONG for model 14703
save LOGS/profile359.data write fgong_plot.data
                               s% atm_structure_num_pts          48
save LOGS/profile359.data.FGONG  14742
 LOGS/profile359.data.FGONG for model 14742
save LOGS/profile360.data write fgong_plot.data
                               s% atm_structure_num_pts          47
save LOGS/profile360.data.FGONG  14781
 LOGS/profile360.data.FGONG for model 14781
save LOGS/profile361.data write fgong_plot.data
                               s% atm_structure_num_pts          48
save LOGS/profile361.data.FGONG  14820
 LOGS/profile361.data.FGONG for model 14820
save LOGS/profile362.data write fgong_plot.data
                               s% atm_structure_num_pts          48
save LOGS/profile362.data.FGONG  14859
 LOGS/profile362.data.FGONG for model 14859
save LOGS/profile363.data write fgong_plot.data
                               s% atm_structure_num_pts          48
save LOGS/profile363.data.FGONG  14898
 LOGS/profile363.data.FGONG for model 14898
save LOGS/profile364.data write fgong_plot.data
                               s% atm_structure_num_pts          47
save LOGS/profile364.data.FGONG  14937
 LOGS/profile364.data.FGONG for model 14937
save LOGS/profile365.data write fgong_plot.data
                               s% atm_structure_num_pts          48
save LOGS/profile365.data.FGONG  14976
 LOGS/profile365.data.FGONG for model 14976
save LOGS/profile366.data write fgong_plot.data
                               s% atm_structure_num_pts          48
save LOGS/profile366.data.FGONG  15015
 LOGS/profile366.data.FGONG for model 15015
save LOGS/profile367.data write fgong_plot.data
                               s% atm_structure_num_pts          48
save LOGS/profile367.data.FGONG  15054
 LOGS/profile367.data.FGONG for model 15054
save LOGS/profile368.data write fgong_plot.data
                               s% atm_structure_num_pts          48
save LOGS/profile368.data.FGONG  15093
 LOGS/profile368.data.FGONG for model 15093
save LOGS/profile369.data write fgong_plot.data
                               s% atm_structure_num_pts          48
save LOGS/profile369.data.FGONG  15132
 LOGS/profile369.data.FGONG for model 15132
save LOGS/profile370.data write fgong_plot.data
                               s% atm_structure_num_pts          48
save LOGS/profile370.data.FGONG  15171
 LOGS/profile370.data.FGONG for model 15171
save LOGS/profile371.data write fgong_plot.data
                               s% atm_structure_num_pts          48
save LOGS/profile371.data.FGONG  15210
 LOGS/profile371.data.FGONG for model 15210
save LOGS/profile372.data write fgong_plot.data
                               s% atm_structure_num_pts          48
save LOGS/profile372.data.FGONG  15249
 LOGS/profile372.data.FGONG for model 15249
save LOGS/profile373.data write fgong_plot.data
                               s% atm_structure_num_pts          48
save LOGS/profile373.data.FGONG  15288
 LOGS/profile373.data.FGONG for model 15288
save LOGS/profile374.data write fgong_plot.data
                               s% atm_structure_num_pts          48
save LOGS/profile374.data.FGONG  15327
 LOGS/profile374.data.FGONG for model 15327
save LOGS/profile375.data write fgong_plot.data
                               s% atm_structure_num_pts          48
save LOGS/profile375.data.FGONG  15366
 LOGS/profile375.data.FGONG for model 15366
save LOGS/profile376.data write fgong_plot.data
                               s% atm_structure_num_pts          48
save LOGS/profile376.data.FGONG  15405
 LOGS/profile376.data.FGONG for model 15405
save LOGS/profile377.data write fgong_plot.data
                               s% atm_structure_num_pts          48
save LOGS/profile377.data.FGONG  15444
 LOGS/profile377.data.FGONG for model 15444
save LOGS/profile378.data write fgong_plot.data
                               s% atm_structure_num_pts          48
save LOGS/profile378.data.FGONG  15483
 LOGS/profile378.data.FGONG for model 15483
save LOGS/profile379.data write fgong_plot.data
                               s% atm_structure_num_pts          48
save LOGS/profile379.data.FGONG  15522
 LOGS/profile379.data.FGONG for model 15522
save LOGS/profile380.data write fgong_plot.data
                               s% atm_structure_num_pts          48
save LOGS/profile380.data.FGONG  15561
 LOGS/profile380.data.FGONG for model 15561
save LOGS/profile381.data write fgong_plot.data
                               s% atm_structure_num_pts          47
save LOGS/profile381.data.FGONG  15600
 LOGS/profile381.data.FGONG for model 15600
save LOGS/profile382.data write fgong_plot.data
                               s% atm_structure_num_pts          48
save LOGS/profile382.data.FGONG  15639
 LOGS/profile382.data.FGONG for model 15639
save LOGS/profile383.data write fgong_plot.data
                               s% atm_structure_num_pts          48
save LOGS/profile383.data.FGONG  15678
 LOGS/profile383.data.FGONG for model 15678
save LOGS/profile384.data write fgong_plot.data
                               s% atm_structure_num_pts          47
save LOGS/profile384.data.FGONG  15717
 LOGS/profile384.data.FGONG for model 15717
save LOGS/profile385.data write fgong_plot.data
                               s% atm_structure_num_pts          48
save LOGS/profile385.data.FGONG  15756
 LOGS/profile385.data.FGONG for model 15756
save LOGS/profile386.data write fgong_plot.data
                               s% atm_structure_num_pts          47
save LOGS/profile386.data.FGONG  15795
 LOGS/profile386.data.FGONG for model 15795
save LOGS/profile387.data write fgong_plot.data
                               s% atm_structure_num_pts          48
save LOGS/profile387.data.FGONG  15834
 LOGS/profile387.data.FGONG for model 15834
save LOGS/profile388.data write fgong_plot.data
                               s% atm_structure_num_pts          48
save LOGS/profile388.data.FGONG  15873
 LOGS/profile388.data.FGONG for model 15873
save LOGS/profile389.data write fgong_plot.data
                               s% atm_structure_num_pts          48
save LOGS/profile389.data.FGONG  15912
 LOGS/profile389.data.FGONG for model 15912
save LOGS/profile390.data write fgong_plot.data
                               s% atm_structure_num_pts          48
save LOGS/profile390.data.FGONG  15951
 LOGS/profile390.data.FGONG for model 15951
save LOGS/profile391.data write fgong_plot.data
                               s% atm_structure_num_pts          48
save LOGS/profile391.data.FGONG  15990
 LOGS/profile391.data.FGONG for model 15990
save LOGS/profile392.data write fgong_plot.data
                               s% atm_structure_num_pts          48
save LOGS/profile392.data.FGONG  16029
 LOGS/profile392.data.FGONG for model 16029
save LOGS/profile393.data write fgong_plot.data
                               s% atm_structure_num_pts          48
save LOGS/profile393.data.FGONG  16068
 LOGS/profile393.data.FGONG for model 16068
save LOGS/profile394.data write fgong_plot.data
                               s% atm_structure_num_pts          48
save LOGS/profile394.data.FGONG  16107
 LOGS/profile394.data.FGONG for model 16107
save LOGS/profile395.data write fgong_plot.data
                               s% atm_structure_num_pts          47
save LOGS/profile395.data.FGONG  16146
 LOGS/profile395.data.FGONG for model 16146
save LOGS/profile396.data write fgong_plot.data
                               s% atm_structure_num_pts          48
save LOGS/profile396.data.FGONG  16185
 LOGS/profile396.data.FGONG for model 16185
save LOGS/profile397.data write fgong_plot.data
                               s% atm_structure_num_pts          47
save LOGS/profile397.data.FGONG  16224
 LOGS/profile397.data.FGONG for model 16224
save LOGS/profile398.data write fgong_plot.data
                               s% atm_structure_num_pts          47
save LOGS/profile398.data.FGONG  16263
 LOGS/profile398.data.FGONG for model 16263
save LOGS/profile399.data write fgong_plot.data
                               s% atm_structure_num_pts          48
save LOGS/profile399.data.FGONG  16302
 LOGS/profile399.data.FGONG for model 16302
save LOGS/profile400.data write fgong_plot.data
                               s% atm_structure_num_pts          47
save LOGS/profile400.data.FGONG  16341
 LOGS/profile400.data.FGONG for model 16341
save LOGS/profile401.data write fgong_plot.data
                               s% atm_structure_num_pts          48
save LOGS/profile401.data.FGONG  16380
 LOGS/profile401.data.FGONG for model 16380
      16419   7.177191   5609.299  -0.313542  -0.313542   0.703049   0.703049   0.333323   0.001072   0.264234   0.656383  -1.134713    550      0
   6.000000   2.310849  -0.131139 -43.461441  -1.925339 -99.000000   0.000000   0.662314   0.001974   0.004244   0.339347   0.126114      2      0
 1.5674E+10  17.479272  -0.313677 -15.653560   5.301390  -6.265253   0.000000   0.000004   0.000446  4.364E-03  4.270E-03  0.391E-13        max_dt

save LOGS/profile402.data write fgong_plot.data
                               s% atm_structure_num_pts          47
save LOGS/profile402.data.FGONG  16419
 LOGS/profile402.data.FGONG for model 16419
save LOGS/profile403.data write fgong_plot.data
                               s% atm_structure_num_pts          48
save LOGS/profile403.data.FGONG  16458
 LOGS/profile403.data.FGONG for model 16458
save LOGS/profile404.data write fgong_plot.data
                               s% atm_structure_num_pts          47
save LOGS/profile404.data.FGONG  16497
 LOGS/profile404.data.FGONG for model 16497
save LOGS/profile405.data write fgong_plot.data
                               s% atm_structure_num_pts          48
save LOGS/profile405.data.FGONG  16536
 LOGS/profile405.data.FGONG for model 16536
save LOGS/profile406.data write fgong_plot.data
                               s% atm_structure_num_pts          47
save LOGS/profile406.data.FGONG  16575
 LOGS/profile406.data.FGONG for model 16575
save LOGS/profile407.data write fgong_plot.data
                               s% atm_structure_num_pts          48
save LOGS/profile407.data.FGONG  16614
 LOGS/profile407.data.FGONG for model 16614
save LOGS/profile408.data write fgong_plot.data
                               s% atm_structure_num_pts          47
save LOGS/profile408.data.FGONG  16653
 LOGS/profile408.data.FGONG for model 16653
save LOGS/profile409.data write fgong_plot.data
                               s% atm_structure_num_pts          48
save LOGS/profile409.data.FGONG  16692
 LOGS/profile409.data.FGONG for model 16692
save LOGS/profile410.data write fgong_plot.data
                               s% atm_structure_num_pts          48
save LOGS/profile410.data.FGONG  16731
 LOGS/profile410.data.FGONG for model 16731

stop because star_age >= max_age
    0.1600000000E+11    0.1600000000E+11

      16745   7.181847   5620.075  -0.305204  -0.305204   0.703049   0.703049   0.320343   0.001075   0.264234   0.654183  -1.122142    550      0
   5.899316   2.326930  -0.128355 -43.181195  -1.911318 -99.000000   0.000000   0.675294   0.001971   0.004244   0.341547   0.128005      2      0
 1.6000E+10  17.494341  -0.304774 -16.255620   5.296060  -6.271443   0.000000   0.000004   0.000446  4.363E-03  4.270E-03  0.583E-13        max_dt

save LOGS/profile411.data write fgong_plot.data
                               s% atm_structure_num_pts          47
save LOGS/profile411.data.FGONG  16745
 LOGS/profile411.data.FGONG for model 16745
save photos/x745 for model 16745
save final_profile.data write fgong_plot.data
                               s% atm_structure_num_pts          47
save final_profile.data.FGONG  16745
 final_profile.data.FGONG for model 16745
termination code: max_age

       runtime, prev time, retries, backups, steps       124.1        28.2         0         0     16745
      16745   7.181847   5620.075  -0.305204  -0.305204   0.703049   0.703049   0.320343   0.001075   0.264234   0.654183  -1.122142    550      0
   5.899316   2.326930  -0.128355 -43.181195  -1.911318 -99.000000   0.000000   0.675294   0.001971   0.004244   0.341547   0.128005      2      0
 1.6000E+10  17.494341  -0.304774 -16.255620   5.296060  -6.271443   0.000000   0.000004   0.000446  4.363E-03  4.270E-03  0.583E-13  max increase

DATE: 2016-02-25
TIME: 11:01:56
start LOGS/profile1.data.FGONG
start LOGS/profile4.data.FGONG
end LOGS/profile4.data.FGONG
start LOGS/profile8.data.FGONG
end LOGS/profile1.data.FGONG
start LOGS/profile11.data.FGONG
end LOGS/profile8.data.FGONG
start LOGS/profile14.data.FGONG
end LOGS/profile11.data.FGONG
start LOGS/profile17.data.FGONG
end LOGS/profile14.data.FGONG
start LOGS/profile20.data.FGONG
end LOGS/profile17.data.FGONG
start LOGS/profile23.data.FGONG
end LOGS/profile20.data.FGONG
start LOGS/profile26.data.FGONG
end LOGS/profile23.data.FGONG
start LOGS/profile28.data.FGONG
end LOGS/profile26.data.FGONG
start LOGS/profile31.data.FGONG
end LOGS/profile28.data.FGONG
start LOGS/profile34.data.FGONG
end LOGS/profile34.data.FGONG
end LOGS/profile31.data.FGONG
start LOGS/profile37.data.FGONG
start LOGS/profile40.data.FGONG
end LOGS/profile37.data.FGONG
start LOGS/profile43.data.FGONG
end LOGS/profile40.data.FGONG
start LOGS/profile46.data.FGONG
end LOGS/profile46.data.FGONG
start LOGS/profile49.data.FGONG
end LOGS/profile43.data.FGONG
start LOGS/profile52.data.FGONG
end LOGS/profile49.data.FGONG
start LOGS/profile55.data.FGONG
end LOGS/profile52.data.FGONG
start LOGS/profile57.data.FGONG
end LOGS/profile55.data.FGONG
start LOGS/profile60.data.FGONG
end LOGS/profile57.data.FGONG
start LOGS/profile63.data.FGONG
end LOGS/profile60.data.FGONG
start LOGS/profile66.data.FGONG
end LOGS/profile63.data.FGONG
start LOGS/profile69.data.FGONG
end LOGS/profile66.data.FGONG
start LOGS/profile71.data.FGONG
end LOGS/profile69.data.FGONG
start LOGS/profile74.data.FGONG
end LOGS/profile71.data.FGONG
start LOGS/profile77.data.FGONG
end LOGS/profile74.data.FGONG
start LOGS/profile79.data.FGONG
end LOGS/profile77.data.FGONG
start LOGS/profile82.data.FGONG
end LOGS/profile79.data.FGONG
start LOGS/profile85.data.FGONG
end LOGS/profile85.data.FGONG
start LOGS/profile88.data.FGONG
end LOGS/profile82.data.FGONG
start LOGS/profile90.data.FGONG
end LOGS/profile88.data.FGONG
start LOGS/profile93.data.FGONG
end LOGS/profile90.data.FGONG
start LOGS/profile96.data.FGONG
end LOGS/profile93.data.FGONG
start LOGS/profile98.data.FGONG
end LOGS/profile96.data.FGONG
start LOGS/profile101.data.FGONG
end LOGS/profile98.data.FGONG
start LOGS/profile104.data.FGONG
end LOGS/profile101.data.FGONG
start LOGS/profile106.data.FGONG
end LOGS/profile104.data.FGONG
start LOGS/profile109.data.FGONG
end LOGS/profile106.data.FGONG
start LOGS/profile111.data.FGONG
