000 (20490.000.000) 02/24 21:35:00 Job submitted from host: <134.76.239.76:13753?addrs=134.76.239.76-13753>
...
001 (20490.000.000) 02/25 01:37:41 Job executing on host: <134.76.239.90:23525?addrs=134.76.239.90-23525>
...
006 (20490.000.000) 02/25 01:37:50 Image size of job updated: 65712
	4  -  MemoryUsage of job (MB)
	3316  -  ResidentSetSize of job (KB)
...
006 (20490.000.000) 02/25 01:42:51 Image size of job updated: 1145924
	936  -  MemoryUsage of job (MB)
	957756  -  ResidentSetSize of job (KB)
...
006 (20490.000.000) 02/25 01:47:51 Image size of job updated: 1147504
	936  -  MemoryUsage of job (MB)
	957756  -  ResidentSetSize of job (KB)
...
006 (20490.000.000) 02/25 02:42:55 Image size of job updated: 1241532
	1071  -  MemoryUsage of job (MB)
	1096556  -  ResidentSetSize of job (KB)
...
006 (20490.000.000) 02/25 02:52:57 Image size of job updated: 1241948
	1071  -  MemoryUsage of job (MB)
	1096560  -  ResidentSetSize of job (KB)
...
006 (20490.000.000) 02/25 03:07:59 Image size of job updated: 1241948
	1072  -  MemoryUsage of job (MB)
	1096896  -  ResidentSetSize of job (KB)
...
006 (20490.000.000) 02/25 03:23:01 Image size of job updated: 1244880
	1072  -  MemoryUsage of job (MB)
	1096956  -  ResidentSetSize of job (KB)
...
006 (20490.000.000) 02/25 03:28:01 Image size of job updated: 1455900
	1240  -  MemoryUsage of job (MB)
	1268768  -  ResidentSetSize of job (KB)
...
006 (20490.000.000) 02/25 03:33:01 Image size of job updated: 1455900
	1240  -  MemoryUsage of job (MB)
	1268784  -  ResidentSetSize of job (KB)
...
006 (20490.000.000) 02/25 03:38:02 Image size of job updated: 1455900
	1240  -  MemoryUsage of job (MB)
	1269148  -  ResidentSetSize of job (KB)
...
006 (20490.000.000) 02/25 03:48:03 Image size of job updated: 1455900
	1240  -  MemoryUsage of job (MB)
	1269160  -  ResidentSetSize of job (KB)
...
006 (20490.000.000) 02/25 03:53:03 Image size of job updated: 1455900
	1241  -  MemoryUsage of job (MB)
	1270224  -  ResidentSetSize of job (KB)
...
006 (20490.000.000) 02/25 03:58:04 Image size of job updated: 1457816
	1243  -  MemoryUsage of job (MB)
	1272636  -  ResidentSetSize of job (KB)
...
006 (20490.000.000) 02/25 05:53:16 Image size of job updated: 1481596
	1243  -  MemoryUsage of job (MB)
	1272636  -  ResidentSetSize of job (KB)
...
006 (20490.000.000) 02/25 06:23:19 Image size of job updated: 1483512
	1243  -  MemoryUsage of job (MB)
	1272636  -  ResidentSetSize of job (KB)
...
006 (20490.000.000) 02/25 08:03:12 Image size of job updated: 12699256
	1243  -  MemoryUsage of job (MB)
	1272636  -  ResidentSetSize of job (KB)
...
005 (20490.000.000) 02/25 08:03:12 Job terminated.
	(1) Normal termination (return value 0)
		Usr 0 11:02:21, Sys 0 00:01:56  -  Run Remote Usage
		Usr 0 00:00:00, Sys 0 00:00:00  -  Run Local Usage
		Usr 0 11:02:21, Sys 0 00:01:56  -  Total Remote Usage
		Usr 0 00:00:00, Sys 0 00:00:00  -  Total Local Usage
	0  -  Run Bytes Sent By Job
	0  -  Run Bytes Received By Job
	0  -  Total Bytes Sent By Job
	0  -  Total Bytes Received By Job
	Partitionable Resources :    Usage  Request Allocated
	   Cpus                 :                 2         2
	   Disk (KB)            :        1        1   5108820
	   Memory (MB)          :     1243        1         1
...
