DATE: 2016-02-26
TIME: 16:59:17
                                         version_number        8118
 read inlist_1.0
 create pre-main-sequence model
                                                species           8
 abundances
                                                     h1    7.3685000000000000D-01
                                                    he3    2.7956247812744153D-05
                                                    he4    2.6266904375218725D-01
                                                    c12    7.7952480334898973D-05
                                                    n14    2.2834791085850912D-05
                                                    o16    2.1201411569703738D-04
                                                   ne20    4.7552767860655561D-05
                                                   mg24    9.2645845021593854D-05


                                        relax_num_steps


                               finished relax_num_steps

 new_lnPgas_flag T
                                        relax_initial_Z    4.5300000000000001D-04
                                                  new z    4.5300000000100745D-04
                                        relax_initial_Y    2.6269700000000001D-01
                                                  new y    2.6269699999999957D-01
 net name basic.net
 do_element_diffusion T
 lnPgas_flag T
 kappa_file_prefix gs98
 kappa_lowT_prefix lowT_fa05_gs98
   eos_file_prefix mesa
                                        OMP_NUM_THREADS           1



stop because Lnuc_div_L >= Lnuc_div_L_zams_limit
    0.9992329088E+00    0.9990000000E+00

        906   7.227890   8002.221   0.495701   0.495701   1.134482   1.134482   0.736271   0.000108   0.260180   0.736693  -1.765587    897      0
   5.792083   2.017576  -0.034888 -42.411191  -1.114941 -99.000000   0.000000   0.263264   0.000212   0.000443   0.262851   0.068920      2      0
 1.3204E+07  17.388238   0.496034 -15.051500   3.895923  -7.825096   0.000000   0.000005   0.000048  4.652E-04  4.555E-04 -0.532E-12  max increase

save photos/x906 for model 906
save final_profile.data write fgong_plot.data
                               s% atm_structure_num_pts          57
save final_profile.data.FGONG    906
 final_profile.data.FGONG for model 906
 saved to zams.mod
termination code: Lnuc_div_L_zams_limit

       runtime, prev time, retries, backups, steps         8.3        28.2         0         0       906
        906   7.227890   8002.221   0.495701   0.495701   1.134482   1.134482   0.736271   0.000108   0.260180   0.736693  -1.765587    897      0
   5.792083   2.017576  -0.034888 -42.411191  -1.114941 -99.000000   0.000000   0.263264   0.000212   0.000443   0.262851   0.068920      2      0
 1.3204E+07  17.388238   0.496034 -15.051500   3.895923  -7.825096   0.000000   0.000005   0.000048  4.652E-04  4.555E-04 -0.532E-12  max increase

DATE: 2016-02-26
TIME: 17:09:50
DATE: 2016-02-26
TIME: 17:09:50
                                         version_number        8118
 read inlist_1.0
load saved model zams.mod

 new_lnPgas_flag T
 net name basic.net
 do_element_diffusion T
 lnPgas_flag T
                       which_atm_option: Eddington_grey
 kappa_file_prefix gs98
 kappa_lowT_prefix lowT_fa05_gs98
   eos_file_prefix mesa
                                        OMP_NUM_THREADS           1


__________________________________________________________________________________________________________________________________________________

       step    lg_Tcntr    Teff       lg_LH     lg_Lnuc     Mass       H_rich     H_cntr     N_cntr     Y_surf     X_avg     eta_cntr  zones retry
   lg_dt_yr    lg_Dcntr    lg_R       lg_L3a    lg_Lneu     lg_Mdot    He_core    He_cntr    O_cntr     Z_surf     Y_avg     gam_cntr  iters bckup
     age_yr    lg_Pcntr    lg_L       lg_LZ     lg_Psurf    lg_Dsurf   C_core     C_cntr     Ne_cntr    Z_cntr     Z_avg     v_div_cs     dt_limit
__________________________________________________________________________________________________________________________________________________

        907   7.227826   8008.848   0.496683   0.496683   1.134482   1.134482   0.736187   0.000110   0.259841   0.736671  -1.764822    897      0
   5.871264   2.017822  -0.035569 -42.413489  -1.116710 -99.000000   0.000000   0.263348   0.000212   0.000442   0.262873   0.068945      8      0
 1.3947E+07  17.388396   0.496111 -99.000000   4.380216  -7.352308   0.000000   0.000003   0.000048  4.655E-04  4.556E-04 -0.513E-11              

