000 (20030.000.000) 02/24 21:34:36 Job submitted from host: <134.76.239.76:13753?addrs=134.76.239.76-13753>
...
001 (20030.000.000) 02/24 21:34:43 Job executing on host: <134.76.239.79:12046?addrs=134.76.239.79-12046>
...
006 (20030.000.000) 02/24 21:34:54 Image size of job updated: 65712
	4  -  MemoryUsage of job (MB)
	3248  -  ResidentSetSize of job (KB)
...
006 (20030.000.000) 02/24 21:39:55 Image size of job updated: 1139840
	920  -  MemoryUsage of job (MB)
	941772  -  ResidentSetSize of job (KB)
...
006 (20030.000.000) 02/24 21:44:55 Image size of job updated: 1146652
	927  -  MemoryUsage of job (MB)
	949008  -  ResidentSetSize of job (KB)
...
006 (20030.000.000) 02/24 22:04:57 Image size of job updated: 1277540
	1068  -  MemoryUsage of job (MB)
	1093596  -  ResidentSetSize of job (KB)
...
006 (20030.000.000) 02/24 22:09:58 Image size of job updated: 1277540
	1069  -  MemoryUsage of job (MB)
	1093708  -  ResidentSetSize of job (KB)
...
006 (20030.000.000) 02/24 22:19:59 Image size of job updated: 1277540
	1069  -  MemoryUsage of job (MB)
	1094048  -  ResidentSetSize of job (KB)
...
006 (20030.000.000) 02/24 22:24:59 Image size of job updated: 1423024
	1237  -  MemoryUsage of job (MB)
	1266188  -  ResidentSetSize of job (KB)
...
006 (20030.000.000) 02/24 22:30:00 Image size of job updated: 1423024
	1237  -  MemoryUsage of job (MB)
	1266300  -  ResidentSetSize of job (KB)
...
006 (20030.000.000) 02/24 22:35:00 Image size of job updated: 1423024
	1237  -  MemoryUsage of job (MB)
	1266636  -  ResidentSetSize of job (KB)
...
006 (20030.000.000) 02/24 22:40:00 Image size of job updated: 1425272
	1237  -  MemoryUsage of job (MB)
	1266636  -  ResidentSetSize of job (KB)
...
006 (20030.000.000) 02/24 23:15:05 Image size of job updated: 1462004
	1246  -  MemoryUsage of job (MB)
	1274948  -  ResidentSetSize of job (KB)
...
006 (20030.000.000) 02/24 23:20:06 Image size of job updated: 1462004
	1246  -  MemoryUsage of job (MB)
	1275300  -  ResidentSetSize of job (KB)
...
006 (20030.000.000) 02/24 23:25:06 Image size of job updated: 1464256
	1246  -  MemoryUsage of job (MB)
	1275300  -  ResidentSetSize of job (KB)
...
005 (20030.000.000) 02/25 00:23:57 Job terminated.
	(1) Normal termination (return value 0)
		Usr 0 03:35:34, Sys 0 00:01:26  -  Run Remote Usage
		Usr 0 00:00:00, Sys 0 00:00:00  -  Run Local Usage
		Usr 0 03:35:34, Sys 0 00:01:26  -  Total Remote Usage
		Usr 0 00:00:00, Sys 0 00:00:00  -  Total Local Usage
	0  -  Run Bytes Sent By Job
	0  -  Run Bytes Received By Job
	0  -  Total Bytes Sent By Job
	0  -  Total Bytes Received By Job
	Partitionable Resources :    Usage  Request Allocated
	   Cpus                 :                 2         2
	   Disk (KB)            :        1        1   5108761
	   Memory (MB)          :     1246        1         1
...
