000 (20651.000.000) 02/24 21:35:09 Job submitted from host: <134.76.239.76:13753?addrs=134.76.239.76-13753>
...
001 (20651.000.000) 02/25 03:32:45 Job executing on host: <134.76.239.80:23833?addrs=134.76.239.80-23833>
...
006 (20651.000.000) 02/25 03:32:54 Image size of job updated: 1
	3  -  MemoryUsage of job (MB)
	2076  -  ResidentSetSize of job (KB)
...
006 (20651.000.000) 02/25 03:37:54 Image size of job updated: 1143716
	925  -  MemoryUsage of job (MB)
	946844  -  ResidentSetSize of job (KB)
...
006 (20651.000.000) 02/25 03:42:54 Image size of job updated: 1144708
	925  -  MemoryUsage of job (MB)
	946844  -  ResidentSetSize of job (KB)
...
006 (20651.000.000) 02/25 03:47:55 Image size of job updated: 1243180
	1060  -  MemoryUsage of job (MB)
	1085008  -  ResidentSetSize of job (KB)
...
006 (20651.000.000) 02/25 03:57:56 Image size of job updated: 1243180
	1060  -  MemoryUsage of job (MB)
	1085012  -  ResidentSetSize of job (KB)
...
006 (20651.000.000) 02/25 04:07:57 Image size of job updated: 1243180
	1060  -  MemoryUsage of job (MB)
	1085340  -  ResidentSetSize of job (KB)
...
006 (20651.000.000) 02/25 04:12:57 Image size of job updated: 1311080
	1123  -  MemoryUsage of job (MB)
	1149000  -  ResidentSetSize of job (KB)
...
006 (20651.000.000) 02/25 04:17:57 Image size of job updated: 1313168
	1125  -  MemoryUsage of job (MB)
	1151148  -  ResidentSetSize of job (KB)
...
006 (20651.000.000) 02/25 04:22:58 Image size of job updated: 1458652
	1292  -  MemoryUsage of job (MB)
	1322948  -  ResidentSetSize of job (KB)
...
006 (20651.000.000) 02/25 04:32:59 Image size of job updated: 1458652
	1293  -  MemoryUsage of job (MB)
	1323272  -  ResidentSetSize of job (KB)
...
006 (20651.000.000) 02/25 04:38:00 Image size of job updated: 1458652
	1293  -  MemoryUsage of job (MB)
	1323280  -  ResidentSetSize of job (KB)
...
006 (20651.000.000) 02/25 04:53:01 Image size of job updated: 1483188
	1317  -  MemoryUsage of job (MB)
	1348136  -  ResidentSetSize of job (KB)
...
006 (20651.000.000) 02/25 06:18:10 Image size of job updated: 1483188
	1331  -  MemoryUsage of job (MB)
	1362552  -  ResidentSetSize of job (KB)
...
006 (20651.000.000) 02/25 06:28:12 Image size of job updated: 1483188
	1331  -  MemoryUsage of job (MB)
	1362576  -  ResidentSetSize of job (KB)
...
005 (20651.000.000) 02/25 07:56:25 Job terminated.
	(1) Normal termination (return value 0)
		Usr 0 07:25:51, Sys 0 00:01:25  -  Run Remote Usage
		Usr 0 00:00:00, Sys 0 00:00:00  -  Run Local Usage
		Usr 0 07:25:51, Sys 0 00:01:25  -  Total Remote Usage
		Usr 0 00:00:00, Sys 0 00:00:00  -  Total Local Usage
	0  -  Run Bytes Sent By Job
	0  -  Run Bytes Received By Job
	0  -  Total Bytes Sent By Job
	0  -  Total Bytes Received By Job
	Partitionable Resources :    Usage  Request Allocated
	   Cpus                 :                 2         2
	   Disk (KB)            :        1        1   5045788
	   Memory (MB)          :     1331        1         1
...
