DATE: 2016-02-26
TIME: 16:59:51
                                         version_number        8118
 read inlist_1.0
 create pre-main-sequence model
                                                species           8
 abundances
                                                     h1    6.3957900000000012D-01
                                                    he3    3.4667207371930058D-05
                                                    he4    3.2572333279262816D-01
                                                    c12    5.9648274301288837D-03
                                                    n14    1.7472899854498590D-03
                                                    o16    1.6223058040630935D-02
                                                   ne20    3.6386790118184773D-03
                                                   mg24    7.0891455319718509D-03


                                        relax_num_steps


                               finished relax_num_steps

 new_lnPgas_flag T
                                        relax_initial_Z    3.4662999999999999D-02
                                                  new z    3.4662999999998598D-02
                                        relax_initial_Y    3.2575799999999999D-01
                                                  new y    3.2575800000000016D-01
 net name basic.net
 do_element_diffusion T
 lnPgas_flag T
 kappa_file_prefix gs98
 kappa_lowT_prefix lowT_fa05_gs98
   eos_file_prefix mesa
                                        OMP_NUM_THREADS           1



stop because Lnuc_div_L >= Lnuc_div_L_zams_limit
    0.1001564573E+01    0.9990000000E+00

        830   7.168541   5900.851   0.103221   0.103221   1.155685   1.155685   0.639316   0.002480   0.325758   0.639513  -2.164952    798      0
   5.388747   1.789385   0.032958 -45.554900  -1.274616 -99.000000   0.000000   0.325916   0.016223   0.034663   0.325802   0.070304      4      0
 2.5960E+07  17.064690   0.102542 -15.352530   4.652828  -6.890780   0.000000   0.005337   0.003639  3.477E-02  3.469E-02 -0.982E-10    varcontrol

save photos/x830 for model 830
save final_profile.data write fgong_plot.data
                               s% atm_structure_num_pts          58
save final_profile.data.FGONG    830
 final_profile.data.FGONG for model 830
 saved to zams.mod
termination code: Lnuc_div_L_zams_limit

       runtime, prev time, retries, backups, steps         7.5        28.2         0         0       830
        830   7.168541   5900.851   0.103221   0.103221   1.155685   1.155685   0.639316   0.002480   0.325758   0.639513  -2.164952    798      0
   5.388747   1.789385   0.032958 -45.554900  -1.274616 -99.000000   0.000000   0.325916   0.016223   0.034663   0.325802   0.070304      4      0
 2.5960E+07  17.064690   0.102542 -15.352530   4.652828  -6.890780   0.000000   0.005337   0.003639  3.477E-02  3.469E-02 -0.982E-10    varcontrol

DATE: 2016-02-26
TIME: 17:09:01
DATE: 2016-02-26
TIME: 17:09:01
                                         version_number        8118
 read inlist_1.0
load saved model zams.mod

 new_lnPgas_flag T
 net name basic.net
 do_element_diffusion T
 lnPgas_flag T
                       which_atm_option: Eddington_grey
 kappa_file_prefix gs98
 kappa_lowT_prefix lowT_fa05_gs98
   eos_file_prefix mesa
                                        OMP_NUM_THREADS           1


__________________________________________________________________________________________________________________________________________________

       step    lg_Tcntr    Teff       lg_LH     lg_Lnuc     Mass       H_rich     H_cntr     N_cntr     Y_surf     X_avg     eta_cntr  zones retry
   lg_dt_yr    lg_Dcntr    lg_R       lg_L3a    lg_Lneu     lg_Mdot    He_core    He_cntr    O_cntr     Z_surf     Y_avg     gam_cntr  iters bckup
     age_yr    lg_Pcntr    lg_L       lg_LZ     lg_Psurf    lg_Dsurf   C_core     C_cntr     Ne_cntr    Z_cntr     Z_avg     v_div_cs     dt_limit
__________________________________________________________________________________________________________________________________________________

