000 (20618.000.000) 02/24 21:35:07 Job submitted from host: <134.76.239.76:13753?addrs=134.76.239.76-13753>
...
001 (20618.000.000) 02/25 03:08:45 Job executing on host: <134.76.239.87:13734?addrs=134.76.239.87-13734>
...
006 (20618.000.000) 02/25 03:08:53 Image size of job updated: 1
	3  -  MemoryUsage of job (MB)
	2072  -  ResidentSetSize of job (KB)
...
006 (20618.000.000) 02/25 03:13:53 Image size of job updated: 1146044
	931  -  MemoryUsage of job (MB)
	952424  -  ResidentSetSize of job (KB)
...
006 (20618.000.000) 02/25 03:18:54 Image size of job updated: 1147192
	931  -  MemoryUsage of job (MB)
	952424  -  ResidentSetSize of job (KB)
...
006 (20618.000.000) 02/25 04:14:00 Image size of job updated: 1242132
	1060  -  MemoryUsage of job (MB)
	1084984  -  ResidentSetSize of job (KB)
...
006 (20618.000.000) 02/25 04:29:02 Image size of job updated: 1242132
	1060  -  MemoryUsage of job (MB)
	1084988  -  ResidentSetSize of job (KB)
...
006 (20618.000.000) 02/25 04:54:03 Image size of job updated: 1242132
	1060  -  MemoryUsage of job (MB)
	1084992  -  ResidentSetSize of job (KB)
...
006 (20618.000.000) 02/25 04:59:04 Image size of job updated: 1307668
	1120  -  MemoryUsage of job (MB)
	1146200  -  ResidentSetSize of job (KB)
...
006 (20618.000.000) 02/25 05:09:05 Image size of job updated: 1307668
	1120  -  MemoryUsage of job (MB)
	1146472  -  ResidentSetSize of job (KB)
...
006 (20618.000.000) 02/25 05:44:08 Image size of job updated: 1307668
	1120  -  MemoryUsage of job (MB)
	1146476  -  ResidentSetSize of job (KB)
...
006 (20618.000.000) 02/25 07:19:18 Image size of job updated: 1307668
	1132  -  MemoryUsage of job (MB)
	1159016  -  ResidentSetSize of job (KB)
...
006 (20618.000.000) 02/25 07:29:19 Image size of job updated: 1307668
	1133  -  MemoryUsage of job (MB)
	1159288  -  ResidentSetSize of job (KB)
...
006 (20618.000.000) 02/25 07:54:21 Image size of job updated: 1307668
	1133  -  MemoryUsage of job (MB)
	1159316  -  ResidentSetSize of job (KB)
...
006 (20618.000.000) 02/25 07:59:21 Image size of job updated: 1307668
	1133  -  MemoryUsage of job (MB)
	1159320  -  ResidentSetSize of job (KB)
...
006 (20618.000.000) 02/25 09:19:16 Image size of job updated: 12200188
	1133  -  MemoryUsage of job (MB)
	1159320  -  ResidentSetSize of job (KB)
...
005 (20618.000.000) 02/25 09:19:16 Job terminated.
	(1) Normal termination (return value 0)
		Usr 0 10:29:27, Sys 0 00:01:59  -  Run Remote Usage
		Usr 0 00:00:00, Sys 0 00:00:00  -  Run Local Usage
		Usr 0 10:29:27, Sys 0 00:01:59  -  Total Remote Usage
		Usr 0 00:00:00, Sys 0 00:00:00  -  Total Local Usage
	0  -  Run Bytes Sent By Job
	0  -  Run Bytes Received By Job
	0  -  Total Bytes Sent By Job
	0  -  Total Bytes Received By Job
	Partitionable Resources :    Usage  Request Allocated
	   Cpus                 :                 2         2
	   Disk (KB)            :        1        1   5108752
	   Memory (MB)          :     1133        1         1
...
