000 (20174.000.000) 02/24 21:34:43 Job submitted from host: <134.76.239.76:13753?addrs=134.76.239.76-13753>
...
001 (20174.000.000) 02/24 22:10:36 Job executing on host: <134.76.239.83:20501?addrs=134.76.239.83-20501>
...
006 (20174.000.000) 02/24 22:10:44 Image size of job updated: 45172
	5  -  MemoryUsage of job (MB)
	4296  -  ResidentSetSize of job (KB)
...
006 (20174.000.000) 02/24 22:15:44 Image size of job updated: 1139720
	925  -  MemoryUsage of job (MB)
	946592  -  ResidentSetSize of job (KB)
...
006 (20174.000.000) 02/24 22:20:45 Image size of job updated: 1146404
	925  -  MemoryUsage of job (MB)
	946592  -  ResidentSetSize of job (KB)
...
006 (20174.000.000) 02/24 22:35:46 Image size of job updated: 1310680
	1065  -  MemoryUsage of job (MB)
	1089780  -  ResidentSetSize of job (KB)
...
006 (20174.000.000) 02/24 22:40:47 Image size of job updated: 1311212
	1065  -  MemoryUsage of job (MB)
	1090104  -  ResidentSetSize of job (KB)
...
006 (20174.000.000) 02/24 22:45:47 Image size of job updated: 1312620
	1067  -  MemoryUsage of job (MB)
	1091600  -  ResidentSetSize of job (KB)
...
006 (20174.000.000) 02/24 22:50:47 Image size of job updated: 1461380
	1235  -  MemoryUsage of job (MB)
	1263824  -  ResidentSetSize of job (KB)
...
006 (20174.000.000) 02/24 22:55:48 Image size of job updated: 1461380
	1235  -  MemoryUsage of job (MB)
	1264164  -  ResidentSetSize of job (KB)
...
006 (20174.000.000) 02/24 23:00:49 Image size of job updated: 1463532
	1235  -  MemoryUsage of job (MB)
	1264164  -  ResidentSetSize of job (KB)
...
006 (20174.000.000) 02/24 23:35:52 Image size of job updated: 1474372
	1235  -  MemoryUsage of job (MB)
	1264164  -  ResidentSetSize of job (KB)
...
006 (20174.000.000) 02/24 23:45:53 Image size of job updated: 1474372
	1235  -  MemoryUsage of job (MB)
	1264252  -  ResidentSetSize of job (KB)
...
006 (20174.000.000) 02/25 00:43:55 Image size of job updated: 4188076
	1235  -  MemoryUsage of job (MB)
	1264252  -  ResidentSetSize of job (KB)
...
005 (20174.000.000) 02/25 00:43:55 Job terminated.
	(1) Normal termination (return value 0)
		Usr 0 03:57:48, Sys 0 00:01:24  -  Run Remote Usage
		Usr 0 00:00:00, Sys 0 00:00:00  -  Run Local Usage
		Usr 0 03:57:48, Sys 0 00:01:24  -  Total Remote Usage
		Usr 0 00:00:00, Sys 0 00:00:00  -  Total Local Usage
	0  -  Run Bytes Sent By Job
	0  -  Run Bytes Received By Job
	0  -  Total Bytes Sent By Job
	0  -  Total Bytes Received By Job
	Partitionable Resources :    Usage  Request Allocated
	   Cpus                 :                 2         2
	   Disk (KB)            :        1        1   5108772
	   Memory (MB)          :     1235        1         1
...
