DATE: 2016-02-26
TIME: 16:59:34
                                         version_number        8118
 read inlist_1.0
 create pre-main-sequence model
                                                species           8
 abundances
                                                     h1    7.4274300000000004D-01
                                                    he3    2.7282714835942518D-05
                                                    he4    2.5634071728516405D-01
                                                    c12    1.5297959165058090D-04
                                                    n14    4.4812647406882861D-05
                                                    o16    4.1607185177623289D-04
                                                   ne20    9.3320994764051765D-05
                                                   mg24    1.8181491440216919D-04


                                        relax_num_steps


                               finished relax_num_steps

 new_lnPgas_flag T
                                        relax_initial_Z    8.8900000000000003D-04
                                                  new z    8.8899999999993715D-04
                                        relax_initial_Y    2.5636799999999998D-01
                                                  new y    2.5636800000000010D-01
 net name basic.net
 do_element_diffusion T
 lnPgas_flag T
 kappa_file_prefix gs98
 kappa_lowT_prefix lowT_fa05_gs98
   eos_file_prefix mesa
                                        OMP_NUM_THREADS           1



stop because Lnuc_div_L >= Lnuc_div_L_zams_limit
    0.9992161444E+00    0.9990000000E+00

        889   7.206709   7334.950   0.373607   0.373607   1.083505   1.083505   0.742055   0.000197   0.064018   0.742561  -1.713558    856      0
   5.958416   2.005261  -0.020305 -43.509247  -1.244012 -99.000000   0.000000   0.257034   0.000416   0.000031   0.256546   0.071529      4      0
 1.7160E+07  17.356655   0.373948 -14.875409   4.126753  -7.620180   0.000000   0.000023   0.000093  9.108E-04  8.935E-04  0.197E-11  max increase

save photos/x889 for model 889
save final_profile.data write fgong_plot.data
                               s% atm_structure_num_pts          49
save final_profile.data.FGONG    889
 final_profile.data.FGONG for model 889
 saved to zams.mod
termination code: Lnuc_div_L_zams_limit

       runtime, prev time, retries, backups, steps         8.4        28.2         0         0       889
        889   7.206709   7334.950   0.373607   0.373607   1.083505   1.083505   0.742055   0.000197   0.064018   0.742561  -1.713558    856      0
   5.958416   2.005261  -0.020305 -43.509247  -1.244012 -99.000000   0.000000   0.257034   0.000416   0.000031   0.256546   0.071529      4      0
 1.7160E+07  17.356655   0.373948 -14.875409   4.126753  -7.620180   0.000000   0.000023   0.000093  9.108E-04  8.935E-04  0.197E-11  max increase

DATE: 2016-02-26
TIME: 17:09:55
DATE: 2016-02-26
TIME: 17:09:55
                                         version_number        8118
 read inlist_1.0
load saved model zams.mod

 new_lnPgas_flag T
 net name basic.net
 do_element_diffusion T
 lnPgas_flag T
                       which_atm_option: Eddington_grey
 kappa_file_prefix gs98
 kappa_lowT_prefix lowT_fa05_gs98
   eos_file_prefix mesa
                                        OMP_NUM_THREADS           1


__________________________________________________________________________________________________________________________________________________

       step    lg_Tcntr    Teff       lg_LH     lg_Lnuc     Mass       H_rich     H_cntr     N_cntr     Y_surf     X_avg     eta_cntr  zones retry
   lg_dt_yr    lg_Dcntr    lg_R       lg_L3a    lg_Lneu     lg_Mdot    He_core    He_cntr    O_cntr     Z_surf     Y_avg     gam_cntr  iters bckup
     age_yr    lg_Pcntr    lg_L       lg_LZ     lg_Psurf    lg_Dsurf   C_core     C_cntr     Ne_cntr    Z_cntr     Z_avg     v_div_cs     dt_limit
__________________________________________________________________________________________________________________________________________________

        892   7.206635   7466.935   0.375806   0.375806   1.083505   1.083505   0.741825   0.000211   0.245191   0.742504  -1.710004    844      0
   5.806180   2.006700  -0.035011 -43.509372  -1.249483 -99.000000   0.000000   0.257262   0.000416   0.000841   0.256602   0.071627      4      0
 1.9600E+07  17.357960   0.375516 -99.000000   4.597590  -7.101889   0.000000   0.000011   0.000093  9.128E-04  8.938E-04 -0.982E-13  max decrease

