000 (20362.000.000) 02/24 21:34:54 Job submitted from host: <134.76.239.76:13753?addrs=134.76.239.76-13753>
...
001 (20362.000.000) 02/25 00:16:39 Job executing on host: <134.76.239.90:23525?addrs=134.76.239.90-23525>
...
006 (20362.000.000) 02/25 00:16:48 Image size of job updated: 827416
	616  -  MemoryUsage of job (MB)
	630012  -  ResidentSetSize of job (KB)
...
006 (20362.000.000) 02/25 00:21:48 Image size of job updated: 1146988
	616  -  MemoryUsage of job (MB)
	630012  -  ResidentSetSize of job (KB)
...
006 (20362.000.000) 02/25 00:26:48 Image size of job updated: 1146988
	914  -  MemoryUsage of job (MB)
	935432  -  ResidentSetSize of job (KB)
...
006 (20362.000.000) 02/25 00:31:49 Image size of job updated: 1146988
	914  -  MemoryUsage of job (MB)
	935448  -  ResidentSetSize of job (KB)
...
006 (20362.000.000) 02/25 00:41:50 Image size of job updated: 1146988
	914  -  MemoryUsage of job (MB)
	935452  -  ResidentSetSize of job (KB)
...
006 (20362.000.000) 02/25 00:51:52 Image size of job updated: 1146988
	914  -  MemoryUsage of job (MB)
	935780  -  ResidentSetSize of job (KB)
...
006 (20362.000.000) 02/25 01:01:52 Image size of job updated: 1146988
	914  -  MemoryUsage of job (MB)
	935784  -  ResidentSetSize of job (KB)
...
006 (20362.000.000) 02/25 01:11:53 Image size of job updated: 1146988
	914  -  MemoryUsage of job (MB)
	935788  -  ResidentSetSize of job (KB)
...
006 (20362.000.000) 02/25 01:26:55 Image size of job updated: 1241476
	1071  -  MemoryUsage of job (MB)
	1096216  -  ResidentSetSize of job (KB)
...
006 (20362.000.000) 02/25 01:36:55 Image size of job updated: 1241476
	1071  -  MemoryUsage of job (MB)
	1096228  -  ResidentSetSize of job (KB)
...
006 (20362.000.000) 02/25 01:41:56 Image size of job updated: 1241476
	1071  -  MemoryUsage of job (MB)
	1096232  -  ResidentSetSize of job (KB)
...
006 (20362.000.000) 02/25 01:51:56 Image size of job updated: 1241476
	1071  -  MemoryUsage of job (MB)
	1096572  -  ResidentSetSize of job (KB)
...
006 (20362.000.000) 02/25 02:11:59 Image size of job updated: 1427960
	1215  -  MemoryUsage of job (MB)
	1243848  -  ResidentSetSize of job (KB)
...
006 (20362.000.000) 02/25 02:22:00 Image size of job updated: 1427960
	1216  -  MemoryUsage of job (MB)
	1244184  -  ResidentSetSize of job (KB)
...
006 (20362.000.000) 02/25 02:27:00 Image size of job updated: 1427960
	1216  -  MemoryUsage of job (MB)
	1244188  -  ResidentSetSize of job (KB)
...
006 (20362.000.000) 02/25 02:52:03 Image size of job updated: 1427960
	1216  -  MemoryUsage of job (MB)
	1244504  -  ResidentSetSize of job (KB)
...
006 (20362.000.000) 02/25 05:22:19 Image size of job updated: 1427960
	1216  -  MemoryUsage of job (MB)
	1244648  -  ResidentSetSize of job (KB)
...
006 (20362.000.000) 02/25 05:27:19 Image size of job updated: 1427960
	1216  -  MemoryUsage of job (MB)
	1244684  -  ResidentSetSize of job (KB)
...
006 (20362.000.000) 02/25 05:32:19 Image size of job updated: 1427960
	1216  -  MemoryUsage of job (MB)
	1245012  -  ResidentSetSize of job (KB)
...
006 (20362.000.000) 02/25 05:37:20 Image size of job updated: 1427960
	1217  -  MemoryUsage of job (MB)
	1245204  -  ResidentSetSize of job (KB)
...
006 (20362.000.000) 02/25 05:47:21 Image size of job updated: 1427960
	1217  -  MemoryUsage of job (MB)
	1245208  -  ResidentSetSize of job (KB)
...
006 (20362.000.000) 02/25 05:57:23 Image size of job updated: 1427960
	1217  -  MemoryUsage of job (MB)
	1245212  -  ResidentSetSize of job (KB)
...
006 (20362.000.000) 02/25 06:02:23 Image size of job updated: 1427960
	1217  -  MemoryUsage of job (MB)
	1245216  -  ResidentSetSize of job (KB)
...
006 (20362.000.000) 02/25 06:07:23 Image size of job updated: 1427960
	1217  -  MemoryUsage of job (MB)
	1245592  -  ResidentSetSize of job (KB)
...
006 (20362.000.000) 02/25 06:12:25 Image size of job updated: 1427960
	1217  -  MemoryUsage of job (MB)
	1245596  -  ResidentSetSize of job (KB)
...
006 (20362.000.000) 02/25 06:17:25 Image size of job updated: 1427960
	1217  -  MemoryUsage of job (MB)
	1245600  -  ResidentSetSize of job (KB)
...
006 (20362.000.000) 02/25 06:22:25 Image size of job updated: 1427960
	1217  -  MemoryUsage of job (MB)
	1245604  -  ResidentSetSize of job (KB)
...
006 (20362.000.000) 02/25 06:32:27 Image size of job updated: 1427960
	1217  -  MemoryUsage of job (MB)
	1245608  -  ResidentSetSize of job (KB)
...
006 (20362.000.000) 02/25 06:37:27 Image size of job updated: 1427960
	1217  -  MemoryUsage of job (MB)
	1245612  -  ResidentSetSize of job (KB)
...
006 (20362.000.000) 02/25 06:42:27 Image size of job updated: 1427960
	1217  -  MemoryUsage of job (MB)
	1245616  -  ResidentSetSize of job (KB)
...
006 (20362.000.000) 02/25 06:47:28 Image size of job updated: 1427960
	1217  -  MemoryUsage of job (MB)
	1245684  -  ResidentSetSize of job (KB)
...
006 (20362.000.000) 02/25 08:20:29 Image size of job updated: 12172292
	1217  -  MemoryUsage of job (MB)
	1245684  -  ResidentSetSize of job (KB)
...
005 (20362.000.000) 02/25 08:20:29 Job terminated.
	(1) Normal termination (return value 0)
		Usr 0 13:44:27, Sys 0 00:03:00  -  Run Remote Usage
		Usr 0 00:00:00, Sys 0 00:00:00  -  Run Local Usage
		Usr 0 13:44:27, Sys 0 00:03:00  -  Total Remote Usage
		Usr 0 00:00:00, Sys 0 00:00:00  -  Total Local Usage
	0  -  Run Bytes Sent By Job
	0  -  Run Bytes Received By Job
	0  -  Total Bytes Sent By Job
	0  -  Total Bytes Received By Job
	Partitionable Resources :    Usage  Request Allocated
	   Cpus                 :                 2         2
	   Disk (KB)            :        1        1   5108847
	   Memory (MB)          :     1217        1         1
...
