000 (28270.000.000) 02/26 16:56:06 Job submitted from host: <134.76.239.76:15915?addrs=134.76.239.76-15915>
...
001 (28270.000.000) 02/26 16:56:12 Job executing on host: <134.76.239.78:24443?addrs=134.76.239.78-24443>
...
006 (28270.000.000) 02/26 16:56:23 Image size of job updated: 45176
	5  -  MemoryUsage of job (MB)
	4300  -  ResidentSetSize of job (KB)
...
006 (28270.000.000) 02/26 17:01:23 Image size of job updated: 1071424
	931  -  MemoryUsage of job (MB)
	953016  -  ResidentSetSize of job (KB)
...
006 (28270.000.000) 02/26 17:06:23 Image size of job updated: 1072040
	932  -  MemoryUsage of job (MB)
	953604  -  ResidentSetSize of job (KB)
...
006 (28270.000.000) 02/26 17:11:23 Image size of job updated: 1079284
	932  -  MemoryUsage of job (MB)
	953604  -  ResidentSetSize of job (KB)
...
006 (28270.000.000) 02/26 17:16:24 Image size of job updated: 1236796
	1091  -  MemoryUsage of job (MB)
	1117080  -  ResidentSetSize of job (KB)
...
