000 (20008.000.000) 02/24 21:34:35 Job submitted from host: <134.76.239.76:13753?addrs=134.76.239.76-13753>
...
001 (20008.000.000) 02/24 21:34:47 Job executing on host: <134.76.239.87:13734?addrs=134.76.239.87-13734>
...
006 (20008.000.000) 02/24 21:35:00 Image size of job updated: 65708
	4  -  MemoryUsage of job (MB)
	3828  -  ResidentSetSize of job (KB)
...
006 (20008.000.000) 02/24 21:40:00 Image size of job updated: 210624
	81  -  MemoryUsage of job (MB)
	81980  -  ResidentSetSize of job (KB)
...
006 (20008.000.000) 02/24 21:45:01 Image size of job updated: 1143956
	933  -  MemoryUsage of job (MB)
	955392  -  ResidentSetSize of job (KB)
...
006 (20008.000.000) 02/24 21:50:02 Image size of job updated: 1144892
	933  -  MemoryUsage of job (MB)
	955392  -  ResidentSetSize of job (KB)
...
006 (20008.000.000) 02/24 22:15:03 Image size of job updated: 1242328
	1061  -  MemoryUsage of job (MB)
	1086444  -  ResidentSetSize of job (KB)
...
006 (20008.000.000) 02/24 22:20:04 Image size of job updated: 1242328
	1061  -  MemoryUsage of job (MB)
	1086448  -  ResidentSetSize of job (KB)
...
006 (20008.000.000) 02/24 22:25:05 Image size of job updated: 1242328
	1062  -  MemoryUsage of job (MB)
	1086780  -  ResidentSetSize of job (KB)
...
006 (20008.000.000) 02/24 22:30:05 Image size of job updated: 1245864
	1062  -  MemoryUsage of job (MB)
	1086788  -  ResidentSetSize of job (KB)
...
006 (20008.000.000) 02/24 22:35:06 Image size of job updated: 1458900
	1234  -  MemoryUsage of job (MB)
	1262596  -  ResidentSetSize of job (KB)
...
006 (20008.000.000) 02/24 22:40:07 Image size of job updated: 1458900
	1234  -  MemoryUsage of job (MB)
	1263268  -  ResidentSetSize of job (KB)
...
006 (20008.000.000) 02/24 22:45:07 Image size of job updated: 1458900
	1234  -  MemoryUsage of job (MB)
	1263284  -  ResidentSetSize of job (KB)
...
006 (20008.000.000) 02/24 22:50:07 Image size of job updated: 1458900
	1234  -  MemoryUsage of job (MB)
	1263600  -  ResidentSetSize of job (KB)
...
006 (20008.000.000) 02/24 23:35:13 Image size of job updated: 1458900
	1247  -  MemoryUsage of job (MB)
	1276232  -  ResidentSetSize of job (KB)
...
006 (20008.000.000) 02/24 23:40:13 Image size of job updated: 1458900
	1248  -  MemoryUsage of job (MB)
	1277132  -  ResidentSetSize of job (KB)
...
006 (20008.000.000) 02/24 23:45:14 Image size of job updated: 1458900
	1248  -  MemoryUsage of job (MB)
	1277140  -  ResidentSetSize of job (KB)
...
006 (20008.000.000) 02/24 23:50:15 Image size of job updated: 1458900
	1248  -  MemoryUsage of job (MB)
	1277456  -  ResidentSetSize of job (KB)
...
005 (20008.000.000) 02/25 01:19:26 Job terminated.
	(1) Normal termination (return value 0)
		Usr 0 05:35:18, Sys 0 00:02:18  -  Run Remote Usage
		Usr 0 00:00:00, Sys 0 00:00:00  -  Run Local Usage
		Usr 0 05:35:18, Sys 0 00:02:18  -  Total Remote Usage
		Usr 0 00:00:00, Sys 0 00:00:00  -  Total Local Usage
	0  -  Run Bytes Sent By Job
	0  -  Run Bytes Received By Job
	0  -  Total Bytes Sent By Job
	0  -  Total Bytes Received By Job
	Partitionable Resources :    Usage  Request Allocated
	   Cpus                 :                 2         2
	   Disk (KB)            :        1        1   5108822
	   Memory (MB)          :     1248        1         1
...
