DATE: 2016-02-26
TIME: 16:59:41
                                         version_number        8118
 read inlist_1.0
 create pre-main-sequence model
                                                species           8
 abundances
                                                     h1    7.2995399999999999D-01
                                                    he3    2.8380225594317491D-05
                                                    he4    2.6665261977440569D-01
                                                    c12    5.7905098526911695D-04
                                                    n14    1.6962267550525603D-04
                                                    o16    1.5748951419877763D-03
                                                   ne20    3.5323413653662403D-04
                                                   mg24    6.8819706070117823D-04


                                        relax_num_steps


                               finished relax_num_steps

 new_lnPgas_flag T
                                        relax_initial_Z    3.3649999999999999D-03
                                                  new z    3.3649999999996131D-03
                                        relax_initial_Y    2.6668100000000000D-01
                                                  new y    2.6668100000000011D-01
 net name basic.net
 do_element_diffusion T
 lnPgas_flag T
 kappa_file_prefix gs98
 kappa_lowT_prefix lowT_fa05_gs98
   eos_file_prefix mesa
                                        OMP_NUM_THREADS           1



stop because Lnuc_div_L >= Lnuc_div_L_zams_limit
    0.1004775375E+01    0.9990000000E+00

        797   7.115676   5899.859  -0.215449  -0.215449   0.823349   0.823349   0.729618   0.000194   0.266596   0.729876  -1.445645    779      0
   5.651168   1.980599  -0.126926 -48.178146  -1.835490 -99.000000   0.000000   0.267014   0.001575   0.003364   0.266758   0.087080      4      0
 3.0209E+07  17.237504  -0.217518 -15.653560   4.944806  -6.640152   0.000000   0.000558   0.000353  3.369E-03  3.366E-03 -0.320E-10    varcontrol

save photos/x797 for model 797
save final_profile.data write fgong_plot.data
                               s% atm_structure_num_pts          61
save final_profile.data.FGONG    797
 final_profile.data.FGONG for model 797
 saved to zams.mod
termination code: Lnuc_div_L_zams_limit

       runtime, prev time, retries, backups, steps         9.2        28.2         0         0       797
        797   7.115676   5899.859  -0.215449  -0.215449   0.823349   0.823349   0.729618   0.000194   0.266596   0.729876  -1.445645    779      0
   5.651168   1.980599  -0.126926 -48.178146  -1.835490 -99.000000   0.000000   0.267014   0.001575   0.003364   0.266758   0.087080      4      0
 3.0209E+07  17.237504  -0.217518 -15.653560   4.944806  -6.640152   0.000000   0.000558   0.000353  3.369E-03  3.366E-03 -0.320E-10    varcontrol

DATE: 2016-02-26
TIME: 17:10:52
DATE: 2016-02-26
TIME: 17:10:52
                                         version_number        8118
 read inlist_1.0
load saved model zams.mod

 new_lnPgas_flag T
 net name basic.net
 do_element_diffusion T
 lnPgas_flag T
                       which_atm_option: Eddington_grey
 kappa_file_prefix gs98
 kappa_lowT_prefix lowT_fa05_gs98
   eos_file_prefix mesa
                                        OMP_NUM_THREADS           1


__________________________________________________________________________________________________________________________________________________

       step    lg_Tcntr    Teff       lg_LH     lg_Lnuc     Mass       H_rich     H_cntr     N_cntr     Y_surf     X_avg     eta_cntr  zones retry
   lg_dt_yr    lg_Dcntr    lg_R       lg_L3a    lg_Lneu     lg_Mdot    He_core    He_cntr    O_cntr     Z_surf     Y_avg     gam_cntr  iters bckup
     age_yr    lg_Pcntr    lg_L       lg_LZ     lg_Psurf    lg_Dsurf   C_core     C_cntr     Ne_cntr    Z_cntr     Z_avg     v_div_cs     dt_limit
__________________________________________________________________________________________________________________________________________________

