000 (28343.000.000) 02/26 16:56:10 Job submitted from host: <134.76.239.76:15915?addrs=134.76.239.76-15915>
...
001 (28343.000.000) 02/26 16:56:17 Job executing on host: <134.76.239.85:28271?addrs=134.76.239.85-28271>
...
006 (28343.000.000) 02/26 16:56:28 Image size of job updated: 65712
	5  -  MemoryUsage of job (MB)
	4304  -  ResidentSetSize of job (KB)
...
006 (28343.000.000) 02/26 17:01:28 Image size of job updated: 1071248
	929  -  MemoryUsage of job (MB)
	950780  -  ResidentSetSize of job (KB)
...
006 (28343.000.000) 02/26 17:06:29 Image size of job updated: 1071856
	929  -  MemoryUsage of job (MB)
	951260  -  ResidentSetSize of job (KB)
...
006 (28343.000.000) 02/26 17:11:30 Image size of job updated: 1080196
	929  -  MemoryUsage of job (MB)
	951260  -  ResidentSetSize of job (KB)
...
006 (28343.000.000) 02/26 17:16:30 Image size of job updated: 1080196
	931  -  MemoryUsage of job (MB)
	953252  -  ResidentSetSize of job (KB)
...
