000 (20650.000.000) 02/24 21:35:09 Job submitted from host: <134.76.239.76:13753?addrs=134.76.239.76-13753>
...
001 (20650.000.000) 02/25 03:32:45 Job executing on host: <134.76.239.90:23525?addrs=134.76.239.90-23525>
...
006 (20650.000.000) 02/25 03:32:54 Image size of job updated: 602196
	383  -  MemoryUsage of job (MB)
	391768  -  ResidentSetSize of job (KB)
...
006 (20650.000.000) 02/25 03:37:55 Image size of job updated: 1146896
	934  -  MemoryUsage of job (MB)
	955712  -  ResidentSetSize of job (KB)
...
006 (20650.000.000) 02/25 03:42:55 Image size of job updated: 1147504
	934  -  MemoryUsage of job (MB)
	955712  -  ResidentSetSize of job (KB)
...
006 (20650.000.000) 02/25 04:17:58 Image size of job updated: 1242308
	1073  -  MemoryUsage of job (MB)
	1097980  -  ResidentSetSize of job (KB)
...
006 (20650.000.000) 02/25 04:38:01 Image size of job updated: 1242308
	1073  -  MemoryUsage of job (MB)
	1098312  -  ResidentSetSize of job (KB)
...
006 (20650.000.000) 02/25 04:58:03 Image size of job updated: 1428792
	1217  -  MemoryUsage of job (MB)
	1245588  -  ResidentSetSize of job (KB)
...
006 (20650.000.000) 02/25 05:08:04 Image size of job updated: 1428792
	1217  -  MemoryUsage of job (MB)
	1245916  -  ResidentSetSize of job (KB)
...
006 (20650.000.000) 02/25 05:13:05 Image size of job updated: 1428792
	1217  -  MemoryUsage of job (MB)
	1245928  -  ResidentSetSize of job (KB)
...
006 (20650.000.000) 02/25 05:43:07 Image size of job updated: 1428792
	1218  -  MemoryUsage of job (MB)
	1246244  -  ResidentSetSize of job (KB)
...
006 (20650.000.000) 02/25 08:23:24 Image size of job updated: 1428792
	1219  -  MemoryUsage of job (MB)
	1247716  -  ResidentSetSize of job (KB)
...
006 (20650.000.000) 02/25 08:28:25 Image size of job updated: 1428792
	1219  -  MemoryUsage of job (MB)
	1247720  -  ResidentSetSize of job (KB)
...
005 (20650.000.000) 02/25 09:37:23 Job terminated.
	(1) Normal termination (return value 127)
		Usr 0 10:16:18, Sys 0 00:02:08  -  Run Remote Usage
		Usr 0 00:00:00, Sys 0 00:00:00  -  Run Local Usage
		Usr 0 10:16:18, Sys 0 00:02:08  -  Total Remote Usage
		Usr 0 00:00:00, Sys 0 00:00:00  -  Total Local Usage
	0  -  Run Bytes Sent By Job
	0  -  Run Bytes Received By Job
	0  -  Total Bytes Sent By Job
	0  -  Total Bytes Received By Job
	Partitionable Resources :    Usage  Request Allocated
	   Cpus                 :                 2         2
	   Disk (KB)            :        1        1   5108798
	   Memory (MB)          :     1219        1         1
...
