DATE: 2016-02-26
TIME: 16:59:50
                                         version_number        8118
 read inlist_1.0
 create pre-main-sequence model
                                                species           8
 abundances
                                                     h1    7.3077599999999998D-01
                                                    he3    2.8281999818114631D-05
                                                    he4    2.6572971800018186D-01
                                                    c12    5.9643111885373992D-04
                                                    n14    1.7471387616678738D-04
                                                    o16    1.6221653973639936D-03
                                                   ne20    3.6383640928261066D-04
                                                   mg24    7.0885319833294876D-04


                                        relax_num_steps


                               finished relax_num_steps

 new_lnPgas_flag T
                                        relax_initial_Z    3.4659999999999999D-03
                                                  new z    3.4660000000002892D-03
                                        relax_initial_Y    2.6575799999999999D-01
                                                  new y    2.6575799999999983D-01
 net name basic.net
 do_element_diffusion T
 lnPgas_flag T
 kappa_file_prefix gs98
 kappa_lowT_prefix lowT_fa05_gs98
   eos_file_prefix mesa
                                        OMP_NUM_THREADS           1



stop because Lnuc_div_L >= Lnuc_div_L_zams_limit
    0.1024202151E+01    0.9990000000E+00

        785   7.071712   5326.933  -0.495321  -0.495321   0.705685   0.705685   0.730449   0.000180   0.265758   0.730699  -1.255572    782      0
   5.818075   1.990713  -0.182292 -50.520874  -2.109426 -99.000000   0.000000   0.266084   0.001622   0.003466   0.265835   0.097081      2      0
 4.4570E+07  17.204737  -0.505707 -15.653560   5.209899  -6.331592   0.000000   0.000592   0.000364  3.467E-03  3.466E-03 -0.228E-10    varcontrol

save photos/x785 for model 785
save final_profile.data write fgong_plot.data
                               s% atm_structure_num_pts          66
save final_profile.data.FGONG    785
 final_profile.data.FGONG for model 785
 saved to zams.mod
termination code: Lnuc_div_L_zams_limit

       runtime, prev time, retries, backups, steps         7.2        28.2         0         0       785
        785   7.071712   5326.933  -0.495321  -0.495321   0.705685   0.705685   0.730449   0.000180   0.265758   0.730699  -1.255572    782      0
   5.818075   1.990713  -0.182292 -50.520874  -2.109426 -99.000000   0.000000   0.266084   0.001622   0.003466   0.265835   0.097081      2      0
 4.4570E+07  17.204737  -0.505707 -15.653560   5.209899  -6.331592   0.000000   0.000592   0.000364  3.467E-03  3.466E-03 -0.228E-10    varcontrol

DATE: 2016-02-26
TIME: 17:08:41
DATE: 2016-02-26
TIME: 17:08:41
                                         version_number        8118
 read inlist_1.0
load saved model zams.mod

 new_lnPgas_flag T
 net name basic.net
 do_element_diffusion T
 lnPgas_flag T
                       which_atm_option: Eddington_grey
 kappa_file_prefix gs98
 kappa_lowT_prefix lowT_fa05_gs98
   eos_file_prefix mesa
                                        OMP_NUM_THREADS           1


__________________________________________________________________________________________________________________________________________________

       step    lg_Tcntr    Teff       lg_LH     lg_Lnuc     Mass       H_rich     H_cntr     N_cntr     Y_surf     X_avg     eta_cntr  zones retry
   lg_dt_yr    lg_Dcntr    lg_R       lg_L3a    lg_Lneu     lg_Mdot    He_core    He_cntr    O_cntr     Z_surf     Y_avg     gam_cntr  iters bckup
     age_yr    lg_Pcntr    lg_L       lg_LZ     lg_Psurf    lg_Dsurf   C_core     C_cntr     Ne_cntr    Z_cntr     Z_avg     v_div_cs     dt_limit
__________________________________________________________________________________________________________________________________________________

