DATE: 2016-02-26
TIME: 16:59:28
                                         version_number        8118
 read inlist_1.0
 create pre-main-sequence model
                                                species           8
 abundances
                                                     h1    7.0587100000000003D-01
                                                    he3    3.1148851589651851D-05
                                                    he4    2.9266585114841032D-01
                                                    c12    2.4641931973415907D-04
                                                    n14    7.2184151953505821D-05
                                                    o16    6.7020797721446823D-04
                                                   ne20    1.5032133239836201D-04
                                                   mg24    2.9286721869960469D-04


                                        relax_num_steps


                               finished relax_num_steps

 new_lnPgas_flag T
                                        relax_initial_Z    1.4319999999999999D-03
                                                  new z    1.4319999999997874D-03
                                        relax_initial_Y    2.9269699999999998D-01
                                                  new y    2.9269699999999987D-01
 net name basic.net
 do_element_diffusion T
 lnPgas_flag T
 kappa_file_prefix gs98
 kappa_lowT_prefix lowT_fa05_gs98
   eos_file_prefix mesa
                                        OMP_NUM_THREADS           1



stop because Lnuc_div_L >= Lnuc_div_L_zams_limit
    0.1003481185E+01    0.9990000000E+00

        840   7.170385   6589.905   0.098515   0.098515   0.909482   0.909482   0.705471   0.000160   0.292289   0.705774  -1.566901    794      0
   5.670277   2.020223  -0.065740 -45.159075  -1.501808 -99.000000   0.000000   0.293084   0.000670   0.001430   0.292792   0.079893      4      0
 1.9337E+07  17.323781   0.097006 -99.000000   4.597558  -7.027853   0.000000   0.000171   0.000150  1.445E-03  1.434E-03 -0.164E-10  max increase

save photos/x840 for model 840
save final_profile.data write fgong_plot.data
                               s% atm_structure_num_pts          55
save final_profile.data.FGONG    840
 final_profile.data.FGONG for model 840
 saved to zams.mod
termination code: Lnuc_div_L_zams_limit

       runtime, prev time, retries, backups, steps         7.8        28.2         0         0       840
        840   7.170385   6589.905   0.098515   0.098515   0.909482   0.909482   0.705471   0.000160   0.292289   0.705774  -1.566901    794      0
   5.670277   2.020223  -0.065740 -45.159075  -1.501808 -99.000000   0.000000   0.293084   0.000670   0.001430   0.292792   0.079893      4      0
 1.9337E+07  17.323781   0.097006 -99.000000   4.597558  -7.027853   0.000000   0.000171   0.000150  1.445E-03  1.434E-03 -0.164E-10  max increase

DATE: 2016-02-26
TIME: 17:09:18
DATE: 2016-02-26
TIME: 17:09:18
                                         version_number        8118
 read inlist_1.0
load saved model zams.mod

 new_lnPgas_flag T
 net name basic.net
 do_element_diffusion T
 lnPgas_flag T
                       which_atm_option: Eddington_grey
 kappa_file_prefix gs98
 kappa_lowT_prefix lowT_fa05_gs98
   eos_file_prefix mesa
                                        OMP_NUM_THREADS           1


__________________________________________________________________________________________________________________________________________________

       step    lg_Tcntr    Teff       lg_LH     lg_Lnuc     Mass       H_rich     H_cntr     N_cntr     Y_surf     X_avg     eta_cntr  zones retry
   lg_dt_yr    lg_Dcntr    lg_R       lg_L3a    lg_Lneu     lg_Mdot    He_core    He_cntr    O_cntr     Z_surf     Y_avg     gam_cntr  iters bckup
     age_yr    lg_Pcntr    lg_L       lg_LZ     lg_Psurf    lg_Dsurf   C_core     C_cntr     Ne_cntr    Z_cntr     Z_avg     v_div_cs     dt_limit
__________________________________________________________________________________________________________________________________________________

