000 (20033.000.000) 02/24 21:34:36 Job submitted from host: <134.76.239.76:13753?addrs=134.76.239.76-13753>
...
001 (20033.000.000) 02/24 21:34:44 Job executing on host: <134.76.239.79:12046?addrs=134.76.239.79-12046>
...
006 (20033.000.000) 02/24 21:34:55 Image size of job updated: 65712
	4  -  MemoryUsage of job (MB)
	3256  -  ResidentSetSize of job (KB)
...
006 (20033.000.000) 02/24 21:39:55 Image size of job updated: 1139856
	916  -  MemoryUsage of job (MB)
	937564  -  ResidentSetSize of job (KB)
...
006 (20033.000.000) 02/24 21:44:56 Image size of job updated: 1146056
	923  -  MemoryUsage of job (MB)
	944372  -  ResidentSetSize of job (KB)
...
006 (20033.000.000) 02/24 22:14:59 Image size of job updated: 1255084
	1060  -  MemoryUsage of job (MB)
	1085088  -  ResidentSetSize of job (KB)
...
006 (20033.000.000) 02/24 22:20:00 Image size of job updated: 1255084
	1060  -  MemoryUsage of job (MB)
	1085092  -  ResidentSetSize of job (KB)
...
006 (20033.000.000) 02/24 22:30:00 Image size of job updated: 1255084
	1060  -  MemoryUsage of job (MB)
	1085412  -  ResidentSetSize of job (KB)
...
006 (20033.000.000) 02/24 22:40:01 Image size of job updated: 1255704
	1061  -  MemoryUsage of job (MB)
	1086032  -  ResidentSetSize of job (KB)
...
006 (20033.000.000) 02/24 22:45:01 Image size of job updated: 1442932
	1205  -  MemoryUsage of job (MB)
	1233696  -  ResidentSetSize of job (KB)
...
006 (20033.000.000) 02/24 22:50:02 Image size of job updated: 1442932
	1206  -  MemoryUsage of job (MB)
	1234016  -  ResidentSetSize of job (KB)
...
006 (20033.000.000) 02/24 22:55:03 Image size of job updated: 1467976
	1230  -  MemoryUsage of job (MB)
	1258568  -  ResidentSetSize of job (KB)
...
006 (20033.000.000) 02/24 23:05:04 Image size of job updated: 1468292
	1231  -  MemoryUsage of job (MB)
	1259664  -  ResidentSetSize of job (KB)
...
006 (20033.000.000) 02/24 23:10:05 Image size of job updated: 1469480
	1231  -  MemoryUsage of job (MB)
	1260332  -  ResidentSetSize of job (KB)
...
006 (20033.000.000) 02/24 23:15:05 Image size of job updated: 1472564
	1231  -  MemoryUsage of job (MB)
	1260332  -  ResidentSetSize of job (KB)
...
006 (20033.000.000) 02/25 00:05:10 Image size of job updated: 1472564
	1233  -  MemoryUsage of job (MB)
	1261676  -  ResidentSetSize of job (KB)
...
006 (20033.000.000) 02/25 00:15:11 Image size of job updated: 1472564
	1234  -  MemoryUsage of job (MB)
	1262772  -  ResidentSetSize of job (KB)
...
006 (20033.000.000) 02/25 00:20:12 Image size of job updated: 1472564
	1234  -  MemoryUsage of job (MB)
	1263404  -  ResidentSetSize of job (KB)
...
005 (20033.000.000) 02/25 01:38:40 Job terminated.
	(1) Normal termination (return value 0)
		Usr 0 05:53:54, Sys 0 00:02:10  -  Run Remote Usage
		Usr 0 00:00:00, Sys 0 00:00:00  -  Run Local Usage
		Usr 0 05:53:54, Sys 0 00:02:10  -  Total Remote Usage
		Usr 0 00:00:00, Sys 0 00:00:00  -  Total Local Usage
	0  -  Run Bytes Sent By Job
	0  -  Run Bytes Received By Job
	0  -  Total Bytes Sent By Job
	0  -  Total Bytes Received By Job
	Partitionable Resources :    Usage  Request Allocated
	   Cpus                 :                 2         2
	   Disk (KB)            :        1        1   5108769
	   Memory (MB)          :     1234        1         1
...
