DATE: 2016-02-26
TIME: 16:59:47
                                         version_number        8118
 read inlist_1.0
 create pre-main-sequence model
                                                species           8
 abundances
                                                     h1    7.6508599999999993D-01
                                                    he3    2.4815044956644654D-05
                                                    he4    2.3315518495504339D-01
                                                    c12    2.9838763995740597D-04
                                                    n14    8.7407346010734169D-05
                                                    o16    8.1155072101244123D-04
                                                   ne20    1.8202317763878740D-04
                                                   mg24    3.5463111538064449D-04


                                        relax_num_steps


                               finished relax_num_steps

 new_lnPgas_flag T
                                        relax_initial_Z    1.7340000000000001D-03
                                                  new z    1.7340000000001031D-03
                                        relax_initial_Y    2.3318000000000000D-01
                                                  new y    2.3318000000000008D-01
 net name basic.net
 do_element_diffusion T
 lnPgas_flag T
 kappa_file_prefix gs98
 kappa_lowT_prefix lowT_fa05_gs98
   eos_file_prefix mesa
                                        OMP_NUM_THREADS           1



stop because Lnuc_div_L >= Lnuc_div_L_zams_limit
    0.9999399651E+00    0.9990000000E+00

        929   7.245596   8099.115   0.637593   0.637593   1.298068   1.298068   0.763955   0.000434   0.232363   0.764807  -1.876291    888      0
   6.039415   1.991666   0.025450 -41.732296  -0.972057 -99.000000   0.000000   0.234262   0.000811   0.001721   0.233449   0.064189      2      0
 1.6389E+07  17.388547   0.637619 -99.000000   3.775866  -7.962777   0.000000   0.000002   0.000182  1.783E-03  1.744E-03 -0.289E-12  max increase

save photos/x929 for model 929
save final_profile.data write fgong_plot.data
                               s% atm_structure_num_pts          43
save final_profile.data.FGONG    929
 final_profile.data.FGONG for model 929
 saved to zams.mod
termination code: Lnuc_div_L_zams_limit

       runtime, prev time, retries, backups, steps         8.4        28.2         0         0       929
        929   7.245596   8099.115   0.637593   0.637593   1.298068   1.298068   0.763955   0.000434   0.232363   0.764807  -1.876291    888      0
   6.039415   1.991666   0.025450 -41.732296  -0.972057 -99.000000   0.000000   0.234262   0.000811   0.001721   0.233449   0.064189      2      0
 1.6389E+07  17.388547   0.637619 -99.000000   3.775866  -7.962777   0.000000   0.000002   0.000182  1.783E-03  1.744E-03 -0.289E-12  max increase

DATE: 2016-02-26
TIME: 17:09:57
DATE: 2016-02-26
TIME: 17:09:57
                                         version_number        8118
 read inlist_1.0
load saved model zams.mod

 new_lnPgas_flag T
 net name basic.net
 do_element_diffusion T
 lnPgas_flag T
                       which_atm_option: Eddington_grey
 kappa_file_prefix gs98
 kappa_lowT_prefix lowT_fa05_gs98
   eos_file_prefix mesa
                                        OMP_NUM_THREADS           1


__________________________________________________________________________________________________________________________________________________

       step    lg_Tcntr    Teff       lg_LH     lg_Lnuc     Mass       H_rich     H_cntr     N_cntr     Y_surf     X_avg     eta_cntr  zones retry
   lg_dt_yr    lg_Dcntr    lg_R       lg_L3a    lg_Lneu     lg_Mdot    He_core    He_cntr    O_cntr     Z_surf     Y_avg     gam_cntr  iters bckup
     age_yr    lg_Pcntr    lg_L       lg_LZ     lg_Psurf    lg_Dsurf   C_core     C_cntr     Ne_cntr    Z_cntr     Z_avg     v_div_cs     dt_limit
__________________________________________________________________________________________________________________________________________________

        930   7.245593   8103.292   0.638130   0.638130   1.298068   1.298068   0.763810   0.000434   0.232260   0.764772  -1.876126    888      0
   6.000000   1.991760   0.025027 -41.731570  -0.972257 -99.000000   0.000000   0.234407   0.000811   0.001719   0.233483   0.064198      8      0
 1.7389E+07  17.388593   0.637669 -14.750470   4.271238  -7.476764   0.000000   0.000002   0.000182  1.783E-03  1.744E-03 -0.270E-11              

