000 (20332.000.000) 02/24 21:34:52 Job submitted from host: <134.76.239.76:13753?addrs=134.76.239.76-13753>
...
001 (20332.000.000) 02/24 23:56:39 Job executing on host: <134.76.239.80:23833?addrs=134.76.239.80-23833>
...
006 (20332.000.000) 02/24 23:56:47 Image size of job updated: 1
	3  -  MemoryUsage of job (MB)
	2068  -  ResidentSetSize of job (KB)
...
006 (20332.000.000) 02/25 00:01:47 Image size of job updated: 1143992
	926  -  MemoryUsage of job (MB)
	948040  -  ResidentSetSize of job (KB)
...
006 (20332.000.000) 02/25 00:06:47 Image size of job updated: 1145604
	926  -  MemoryUsage of job (MB)
	948040  -  ResidentSetSize of job (KB)
...
006 (20332.000.000) 02/25 00:11:48 Image size of job updated: 1249584
	1063  -  MemoryUsage of job (MB)
	1087864  -  ResidentSetSize of job (KB)
...
006 (20332.000.000) 02/25 00:16:48 Image size of job updated: 1249584
	1063  -  MemoryUsage of job (MB)
	1088260  -  ResidentSetSize of job (KB)
...
006 (20332.000.000) 02/25 00:21:48 Image size of job updated: 1462800
	1234  -  MemoryUsage of job (MB)
	1262664  -  ResidentSetSize of job (KB)
...
006 (20332.000.000) 02/25 00:26:49 Image size of job updated: 1511872
	1234  -  MemoryUsage of job (MB)
	1262664  -  ResidentSetSize of job (KB)
...
006 (20332.000.000) 02/25 00:46:51 Image size of job updated: 1511872
	1245  -  MemoryUsage of job (MB)
	1274744  -  ResidentSetSize of job (KB)
...
006 (20332.000.000) 02/25 00:51:51 Image size of job updated: 1511872
	1246  -  MemoryUsage of job (MB)
	1275104  -  ResidentSetSize of job (KB)
...
006 (20332.000.000) 02/25 00:56:51 Image size of job updated: 1537424
	1294  -  MemoryUsage of job (MB)
	1324504  -  ResidentSetSize of job (KB)
...
005 (20332.000.000) 02/25 02:02:57 Job terminated.
	(1) Normal termination (return value 0)
		Usr 0 03:21:15, Sys 0 00:00:43  -  Run Remote Usage
		Usr 0 00:00:00, Sys 0 00:00:00  -  Run Local Usage
		Usr 0 03:21:15, Sys 0 00:00:43  -  Total Remote Usage
		Usr 0 00:00:00, Sys 0 00:00:00  -  Total Local Usage
	0  -  Run Bytes Sent By Job
	0  -  Run Bytes Received By Job
	0  -  Total Bytes Sent By Job
	0  -  Total Bytes Received By Job
	Partitionable Resources :    Usage  Request Allocated
	   Cpus                 :                 2         2
	   Disk (KB)            :        1        1   5045822
	   Memory (MB)          :     1294        1         1
...
