DATE: 2016-02-26
TIME: 16:59:38
                                         version_number        8118
 read inlist_1.0
 create pre-main-sequence model
                                                species           8
 abundances
                                                     h1    7.6477700000000004D-01
                                                    he3    2.4738635306250664D-05
                                                    he4    2.3243726136469378D-01
                                                    c12    4.7511434482258499D-04
                                                    n14    1.3917628739078814D-04
                                                    o16    1.2922096543917265D-03
                                                   ne20    2.8983044605574993D-04
                                                   mg24    5.6466926733905265D-04


                                        relax_num_steps


                               finished relax_num_steps

 new_lnPgas_flag T
                                        relax_initial_Z    2.7610000000000000D-03
                                                  new z    2.7610000000009389D-03
                                        relax_initial_Y    2.3246200000000000D-01
                                                  new y    2.3246199999999989D-01
 net name basic.net
 do_element_diffusion T
 lnPgas_flag T
 kappa_file_prefix gs98
 kappa_lowT_prefix lowT_fa05_gs98
   eos_file_prefix mesa
                                        OMP_NUM_THREADS           1



stop because Lnuc_div_L >= Lnuc_div_L_zams_limit
    0.9999014530E+00    0.9990000000E+00

        937   7.261059   8284.390   0.730667   0.730667   1.389365   1.389365   0.763555   0.000691   0.232462   0.764485  -1.951560    883      0
   5.979888   1.983676   0.052350 -41.001581  -0.858218 -99.000000   0.000000   0.233606   0.001291   0.002761   0.232737   0.061600      2      0
 1.5663E+07  17.395699   0.730709 -14.352530   3.646898  -8.103716   0.000000   0.000003   0.000290  2.840E-03  2.778E-03 -0.114E-11  max increase

save photos/x937 for model 937
save final_profile.data write fgong_plot.data
                               s% atm_structure_num_pts          45
save final_profile.data.FGONG    937
 final_profile.data.FGONG for model 937
 saved to zams.mod
termination code: Lnuc_div_L_zams_limit

       runtime, prev time, retries, backups, steps         8.7        28.2         0         0       937
        937   7.261059   8284.390   0.730667   0.730667   1.389365   1.389365   0.763555   0.000691   0.232462   0.764485  -1.951560    883      0
   5.979888   1.983676   0.052350 -41.001581  -0.858218 -99.000000   0.000000   0.233606   0.001291   0.002761   0.232737   0.061600      2      0
 1.5663E+07  17.395699   0.730709 -14.352530   3.646898  -8.103716   0.000000   0.000003   0.000290  2.840E-03  2.778E-03 -0.114E-11  max increase

DATE: 2016-02-26
TIME: 17:10:08
DATE: 2016-02-26
TIME: 17:10:08
                                         version_number        8118
 read inlist_1.0
load saved model zams.mod

 new_lnPgas_flag T
 net name basic.net
 do_element_diffusion T
 lnPgas_flag T
                       which_atm_option: Eddington_grey
 kappa_file_prefix gs98
 kappa_lowT_prefix lowT_fa05_gs98
   eos_file_prefix mesa
                                        OMP_NUM_THREADS           1


__________________________________________________________________________________________________________________________________________________

       step    lg_Tcntr    Teff       lg_LH     lg_Lnuc     Mass       H_rich     H_cntr     N_cntr     Y_surf     X_avg     eta_cntr  zones retry
   lg_dt_yr    lg_Dcntr    lg_R       lg_L3a    lg_Lneu     lg_Mdot    He_core    He_cntr    O_cntr     Z_surf     Y_avg     gam_cntr  iters bckup
     age_yr    lg_Pcntr    lg_L       lg_LZ     lg_Psurf    lg_Dsurf   C_core     C_cntr     Ne_cntr    Z_cntr     Z_avg     v_div_cs     dt_limit
__________________________________________________________________________________________________________________________________________________

        938   7.261066   8287.634   0.731074   0.731074   1.389365   1.389365   0.763382   0.000691   0.232461   0.764445  -1.951525    883      0
   6.000000   1.983741   0.051960 -41.000250  -0.858460 -99.000000   0.000000   0.233779   0.001291   0.002761   0.232776   0.061606      6      0
 1.6663E+07  17.395715   0.730610 -99.000000   4.163349  -7.596452   0.000000   0.000003   0.000290  2.839E-03  2.778E-03 -0.265E-11              

