000 (28567.000.000) 02/26 16:56:22 Job submitted from host: <134.76.239.76:15915?addrs=134.76.239.76-15915>
...
001 (28567.000.000) 02/26 16:56:41 Job executing on host: <134.76.239.88:23213?addrs=134.76.239.88-23213>
...
006 (28567.000.000) 02/26 16:56:53 Image size of job updated: 45176
	4  -  MemoryUsage of job (MB)
	4040  -  ResidentSetSize of job (KB)
...
006 (28567.000.000) 02/26 17:01:54 Image size of job updated: 1071496
	928  -  MemoryUsage of job (MB)
	949900  -  ResidentSetSize of job (KB)
...
006 (28567.000.000) 02/26 17:06:55 Image size of job updated: 1076396
	933  -  MemoryUsage of job (MB)
	954540  -  ResidentSetSize of job (KB)
...
006 (28567.000.000) 02/26 17:11:55 Image size of job updated: 1080440
	938  -  MemoryUsage of job (MB)
	960436  -  ResidentSetSize of job (KB)
...
006 (28567.000.000) 02/26 17:16:55 Image size of job updated: 1080440
	941  -  MemoryUsage of job (MB)
	963204  -  ResidentSetSize of job (KB)
...
