000 (28146.000.000) 02/26 16:56:00 Job submitted from host: <134.76.239.76:15915?addrs=134.76.239.76-15915>
...
001 (28146.000.000) 02/26 16:56:05 Job executing on host: <134.76.239.85:28271?addrs=134.76.239.85-28271>
...
006 (28146.000.000) 02/26 16:56:16 Image size of job updated: 65708
	5  -  MemoryUsage of job (MB)
	4448  -  ResidentSetSize of job (KB)
...
006 (28146.000.000) 02/26 17:01:16 Image size of job updated: 1071068
	930  -  MemoryUsage of job (MB)
	952104  -  ResidentSetSize of job (KB)
...
006 (28146.000.000) 02/26 17:06:17 Image size of job updated: 1071600
	931  -  MemoryUsage of job (MB)
	952572  -  ResidentSetSize of job (KB)
...
006 (28146.000.000) 02/26 17:11:18 Image size of job updated: 1078676
	931  -  MemoryUsage of job (MB)
	952572  -  ResidentSetSize of job (KB)
...
006 (28146.000.000) 02/26 17:16:18 Image size of job updated: 1304432
	1156  -  MemoryUsage of job (MB)
	1183584  -  ResidentSetSize of job (KB)
...
