DATE: 2016-02-26
TIME: 16:59:48
                                         version_number        8118
 read inlist_1.0
 create pre-main-sequence model
                                                species           8
 abundances
                                                     h1    7.2728100000000007D-01
                                                    he3    2.7109675711234125D-05
                                                    he4    2.5471489032428885D-01
                                                    c12    3.0934916975284229D-03
                                                    n14    9.0618330982408758D-04
                                                    o16    8.4136374346255212D-03
                                                   ne20    1.8870995757857441D-03
                                                   mg24    3.6765879822363589D-03


                                        relax_num_steps


                               finished relax_num_steps

 new_lnPgas_flag T
                                        relax_initial_Z    1.7977000000000000D-02
                                                  new z    1.7977000000000371D-02
                                        relax_initial_Y    2.5474200000000002D-01
                                                  new y    2.5474200000000008D-01
 net name basic.net
 do_element_diffusion T
 lnPgas_flag T
 kappa_file_prefix gs98
 kappa_lowT_prefix lowT_fa05_gs98
   eos_file_prefix mesa
                                        OMP_NUM_THREADS           1



stop because Lnuc_div_L >= Lnuc_div_L_zams_limit
    0.9996594057E+00    0.9990000000E+00

        910   7.223723   6720.240   0.717792   0.717792   1.586349   1.586349   0.727030   0.001955   0.254741   0.727213  -2.418647    849      0
   4.791022   1.742781   0.227717 -43.133593  -0.591761 -99.000000   0.000000   0.254843   0.008414   0.017977   0.254773   0.056965      2      0
 1.3768E+07  17.103907   0.717940 -15.051500   4.231102  -7.411710   0.000000   0.002195   0.001887  1.813E-02  1.801E-02 -0.382E-09    varcontrol

save photos/x910 for model 910
save final_profile.data write fgong_plot.data
                               s% atm_structure_num_pts          51
save final_profile.data.FGONG    910
 final_profile.data.FGONG for model 910
 saved to zams.mod
termination code: Lnuc_div_L_zams_limit

       runtime, prev time, retries, backups, steps         8.4        28.2         0         0       910
        910   7.223723   6720.240   0.717792   0.717792   1.586349   1.586349   0.727030   0.001955   0.254741   0.727213  -2.418647    849      0
   4.791022   1.742781   0.227717 -43.133593  -0.591761 -99.000000   0.000000   0.254843   0.008414   0.017977   0.254773   0.056965      2      0
 1.3768E+07  17.103907   0.717940 -15.051500   4.231102  -7.411710   0.000000   0.002195   0.001887  1.813E-02  1.801E-02 -0.382E-09    varcontrol

DATE: 2016-02-26
TIME: 17:09:54
DATE: 2016-02-26
TIME: 17:09:55
                                         version_number        8118
 read inlist_1.0
load saved model zams.mod

 new_lnPgas_flag T
 net name basic.net
 do_element_diffusion T
 lnPgas_flag T
                       which_atm_option: Eddington_grey
 kappa_file_prefix gs98
 kappa_lowT_prefix lowT_fa05_gs98
   eos_file_prefix mesa
                                        OMP_NUM_THREADS           1


__________________________________________________________________________________________________________________________________________________

       step    lg_Tcntr    Teff       lg_LH     lg_Lnuc     Mass       H_rich     H_cntr     N_cntr     Y_surf     X_avg     eta_cntr  zones retry
   lg_dt_yr    lg_Dcntr    lg_R       lg_L3a    lg_Lneu     lg_Mdot    He_core    He_cntr    O_cntr     Z_surf     Y_avg     gam_cntr  iters bckup
     age_yr    lg_Pcntr    lg_L       lg_LZ     lg_Psurf    lg_Dsurf   C_core     C_cntr     Ne_cntr    Z_cntr     Z_avg     v_div_cs     dt_limit
__________________________________________________________________________________________________________________________________________________

        911   7.223626   6779.035   0.710635   0.710635   1.586349   1.586349   0.727021   0.002000   0.254741   0.727211  -2.420068    849      0
   4.816357   1.742038   0.216455 -43.139635  -0.600011 -99.000000   0.000000   0.254846   0.008414   0.017977   0.254774   0.056946      8      0
 1.3833E+07  17.103060   0.710549 -99.000000   4.588790  -7.058629   0.000000   0.002156   0.001887  1.813E-02  1.802E-02 -0.174E-08              

