000 (20677.000.000) 02/24 21:35:10 Job submitted from host: <134.76.239.76:13753?addrs=134.76.239.76-13753>
...
001 (20677.000.000) 02/25 03:49:46 Job executing on host: <134.76.239.89:24193?addrs=134.76.239.89-24193>
...
006 (20677.000.000) 02/25 03:49:54 Image size of job updated: 202156
	48  -  MemoryUsage of job (MB)
	48668  -  ResidentSetSize of job (KB)
...
006 (20677.000.000) 02/25 03:54:54 Image size of job updated: 1144804
	932  -  MemoryUsage of job (MB)
	953428  -  ResidentSetSize of job (KB)
...
006 (20677.000.000) 02/25 03:59:54 Image size of job updated: 1146424
	932  -  MemoryUsage of job (MB)
	953428  -  ResidentSetSize of job (KB)
...
006 (20677.000.000) 02/25 04:19:56 Image size of job updated: 1242900
	1063  -  MemoryUsage of job (MB)
	1087912  -  ResidentSetSize of job (KB)
...
006 (20677.000.000) 02/25 04:29:57 Image size of job updated: 1246592
	1063  -  MemoryUsage of job (MB)
	1087988  -  ResidentSetSize of job (KB)
...
006 (20677.000.000) 02/25 04:34:58 Image size of job updated: 1246592
	1064  -  MemoryUsage of job (MB)
	1088784  -  ResidentSetSize of job (KB)
...
006 (20677.000.000) 02/25 04:39:59 Image size of job updated: 1246592
	1065  -  MemoryUsage of job (MB)
	1089572  -  ResidentSetSize of job (KB)
...
006 (20677.000.000) 02/25 04:44:59 Image size of job updated: 1457612
	1233  -  MemoryUsage of job (MB)
	1261604  -  ResidentSetSize of job (KB)
...
006 (20677.000.000) 02/25 04:49:59 Image size of job updated: 1457612
	1233  -  MemoryUsage of job (MB)
	1262160  -  ResidentSetSize of job (KB)
...
006 (20677.000.000) 02/25 04:55:00 Image size of job updated: 1457612
	1233  -  MemoryUsage of job (MB)
	1262168  -  ResidentSetSize of job (KB)
...
006 (20677.000.000) 02/25 05:00:01 Image size of job updated: 1459676
	1235  -  MemoryUsage of job (MB)
	1264264  -  ResidentSetSize of job (KB)
...
006 (20677.000.000) 02/25 05:05:01 Image size of job updated: 1459676
	1235  -  MemoryUsage of job (MB)
	1264612  -  ResidentSetSize of job (KB)
...
006 (20677.000.000) 02/25 05:10:02 Image size of job updated: 1459676
	1236  -  MemoryUsage of job (MB)
	1264688  -  ResidentSetSize of job (KB)
...
006 (20677.000.000) 02/25 06:30:10 Image size of job updated: 1459676
	1236  -  MemoryUsage of job (MB)
	1264840  -  ResidentSetSize of job (KB)
...
006 (20677.000.000) 02/25 06:35:11 Image size of job updated: 1459676
	1236  -  MemoryUsage of job (MB)
	1265184  -  ResidentSetSize of job (KB)
...
006 (20677.000.000) 02/25 06:40:12 Image size of job updated: 1459676
	1237  -  MemoryUsage of job (MB)
	1265828  -  ResidentSetSize of job (KB)
...
006 (20677.000.000) 02/25 08:10:21 Image size of job updated: 8716124
	1237  -  MemoryUsage of job (MB)
	1265828  -  ResidentSetSize of job (KB)
...
005 (20677.000.000) 02/25 08:10:48 Job terminated.
	(1) Normal termination (return value 0)
		Usr 0 07:19:28, Sys 0 00:01:24  -  Run Remote Usage
		Usr 0 00:00:00, Sys 0 00:00:00  -  Run Local Usage
		Usr 0 07:19:28, Sys 0 00:01:24  -  Total Remote Usage
		Usr 0 00:00:00, Sys 0 00:00:00  -  Total Local Usage
	0  -  Run Bytes Sent By Job
	0  -  Run Bytes Received By Job
	0  -  Total Bytes Sent By Job
	0  -  Total Bytes Received By Job
	Partitionable Resources :    Usage  Request Allocated
	   Cpus                 :                 2         2
	   Disk (KB)            :        1        1   5108787
	   Memory (MB)          :     1237        1         1
...
