DATE: 2016-02-26
TIME: 16:59:41
                                         version_number        8118
 read inlist_1.0
 create pre-main-sequence model
                                                species           8
 abundances
                                                     h1    6.9340000000000002D-01
                                                    he3    3.1049029511560541D-05
                                                    he4    2.9172795097048843D-01
                                                    c12    2.5538471537530712D-03
                                                    n14    7.4810404968010105D-04
                                                    o16    6.9459194063123076D-03
                                                   ne20    1.5579042556731384D-03
                                                   mg24    3.0352251345813763D-03


                                        relax_num_steps


                               finished relax_num_steps

 new_lnPgas_flag T
                                        relax_initial_Z    1.4841000000000000D-02
                                                  new z    1.4841000000000345D-02
                                        relax_initial_Y    2.9175899999999999D-01
                                                  new y    2.9175900000000016D-01
 net name basic.net
 do_element_diffusion T
 lnPgas_flag T
 kappa_file_prefix gs98
 kappa_lowT_prefix lowT_fa05_gs98
   eos_file_prefix mesa
                                        OMP_NUM_THREADS           1



stop because Lnuc_div_L >= Lnuc_div_L_zams_limit
    0.1002418190E+01    0.9990000000E+00

        875   7.192783   6247.803   0.325073   0.325073   1.211826   1.211826   0.693128   0.001423   0.291759   0.693327  -2.052865    809      0
   5.187172   1.857852   0.094074 -44.321721  -1.081304 -99.000000   0.000000   0.291935   0.006946   0.014841   0.291810   0.067724      2      0
 1.9966E+07  17.177468   0.324024 -99.000000   4.552112  -7.044512   0.000000   0.001975   0.001558  1.494E-02  1.486E-02 -0.145E-09    varcontrol

save photos/x875 for model 875
save final_profile.data write fgong_plot.data
                               s% atm_structure_num_pts          56
save final_profile.data.FGONG    875
 final_profile.data.FGONG for model 875
 saved to zams.mod
termination code: Lnuc_div_L_zams_limit

       runtime, prev time, retries, backups, steps         8.7        28.2         0         0       875
        875   7.192783   6247.803   0.325073   0.325073   1.211826   1.211826   0.693128   0.001423   0.291759   0.693327  -2.052865    809      0
   5.187172   1.857852   0.094074 -44.321721  -1.081304 -99.000000   0.000000   0.291935   0.006946   0.014841   0.291810   0.067724      2      0
 1.9966E+07  17.177468   0.324024 -99.000000   4.552112  -7.044512   0.000000   0.001975   0.001558  1.494E-02  1.486E-02 -0.145E-09    varcontrol

DATE: 2016-02-26
TIME: 17:10:10
DATE: 2016-02-26
TIME: 17:10:10
                                         version_number        8118
 read inlist_1.0
load saved model zams.mod

 new_lnPgas_flag T
 net name basic.net
 do_element_diffusion T
 lnPgas_flag T
                       which_atm_option: Eddington_grey
 kappa_file_prefix gs98
 kappa_lowT_prefix lowT_fa05_gs98
   eos_file_prefix mesa
                                        OMP_NUM_THREADS           1


__________________________________________________________________________________________________________________________________________________

       step    lg_Tcntr    Teff       lg_LH     lg_Lnuc     Mass       H_rich     H_cntr     N_cntr     Y_surf     X_avg     eta_cntr  zones retry
   lg_dt_yr    lg_Dcntr    lg_R       lg_L3a    lg_Lneu     lg_Mdot    He_core    He_cntr    O_cntr     Z_surf     Y_avg     gam_cntr  iters bckup
     age_yr    lg_Pcntr    lg_L       lg_LZ     lg_Psurf    lg_Dsurf   C_core     C_cntr     Ne_cntr    Z_cntr     Z_avg     v_div_cs     dt_limit
__________________________________________________________________________________________________________________________________________________

