DATE: 2016-02-26
TIME: 16:59:33
                                         version_number        8118
 read inlist_1.0
 create pre-main-sequence model
                                                species           8
 abundances
                                                     h1    7.3970599999999997D-01
                                                    he3    2.7457350262539369D-05
                                                    he4    2.5798154264973749D-01
                                                    c12    3.9320401228527211D-04
                                                    n14    1.1518211397608098D-04
                                                    o16    1.0694310250942323D-03
                                                   ne20    2.3986329925295425D-04
                                                   mg24    4.6731954939144174D-04


                                        relax_num_steps


                               finished relax_num_steps

 new_lnPgas_flag T
                                        relax_initial_Z    2.2850000000000001D-03
                                                  new z    2.2849999999997907D-03
                                        relax_initial_Y    2.5800899999999999D-01
                                                  new y    2.5800900000000004D-01
 net name basic.net
 do_element_diffusion T
 lnPgas_flag T
 kappa_file_prefix gs98
 kappa_lowT_prefix lowT_fa05_gs98
   eos_file_prefix mesa
                                        OMP_NUM_THREADS           1



stop because Lnuc_div_L >= Lnuc_div_L_zams_limit
    0.1002154850E+01    0.9990000000E+00

        856   7.177756   6545.983   0.194057   0.194057   1.014951   1.014951   0.739362   0.000239   0.256720   0.739609  -1.669124    794      0
   5.608968   1.980464  -0.011872 -44.999887  -1.397108 -99.000000   0.000000   0.258335   0.001069   0.002272   0.258102   0.075141      4      0
 1.9227E+07  17.301981   0.193123 -99.000000   4.550535  -7.083147   0.000000   0.000287   0.000240  2.303E-03  2.289E-03 -0.198E-10  max increase

save photos/x856 for model 856
save final_profile.data write fgong_plot.data
                               s% atm_structure_num_pts          56
save final_profile.data.FGONG    856
 final_profile.data.FGONG for model 856
 saved to zams.mod
termination code: Lnuc_div_L_zams_limit

       runtime, prev time, retries, backups, steps         7.9        28.2         0         0       856
        856   7.177756   6545.983   0.194057   0.194057   1.014951   1.014951   0.739362   0.000239   0.256720   0.739609  -1.669124    794      0
   5.608968   1.980464  -0.011872 -44.999887  -1.397108 -99.000000   0.000000   0.258335   0.001069   0.002272   0.258102   0.075141      4      0
 1.9227E+07  17.301981   0.193123 -99.000000   4.550535  -7.083147   0.000000   0.000287   0.000240  2.303E-03  2.289E-03 -0.198E-10  max increase

DATE: 2016-02-26
TIME: 17:09:29
DATE: 2016-02-26
TIME: 17:09:29
                                         version_number        8118
 read inlist_1.0
load saved model zams.mod

 new_lnPgas_flag T
 net name basic.net
 do_element_diffusion T
 lnPgas_flag T
                       which_atm_option: Eddington_grey
 kappa_file_prefix gs98
 kappa_lowT_prefix lowT_fa05_gs98
   eos_file_prefix mesa
                                        OMP_NUM_THREADS           1


__________________________________________________________________________________________________________________________________________________

       step    lg_Tcntr    Teff       lg_LH     lg_Lnuc     Mass       H_rich     H_cntr     N_cntr     Y_surf     X_avg     eta_cntr  zones retry
   lg_dt_yr    lg_Dcntr    lg_R       lg_L3a    lg_Lneu     lg_Mdot    He_core    He_cntr    O_cntr     Z_surf     Y_avg     gam_cntr  iters bckup
     age_yr    lg_Pcntr    lg_L       lg_LZ     lg_Psurf    lg_Dsurf   C_core     C_cntr     Ne_cntr    Z_cntr     Z_avg     v_div_cs     dt_limit
__________________________________________________________________________________________________________________________________________________

