DATE: 2016-02-26
TIME: 16:59:51
                                         version_number        8118
 read inlist_1.0
 create pre-main-sequence model
                                                species           8
 abundances
                                                     h1    7.1094100000000005D-01
                                                    he3    2.9105053071801440D-05
                                                    he4    2.7346289494692821D-01
                                                    c12    2.6787776189255300D-03
                                                    n14    7.8470020493026432D-04
                                                    o16    7.2857036182240389D-03
                                                   ne20    1.6341146518471517D-03
                                                   mg24    3.1837039060729020D-03


                                        relax_num_steps

hydro_newton_step failed to converge
       retry log10(dt/yr), log10(dt), retry_factor     1    76       -5.602060        1.897052        0.500000

                               finished relax_num_steps

 new_lnPgas_flag T
                                        relax_initial_Z    1.5566999999999999D-02
                                                  new z    1.5566999999999463D-02
                                        relax_initial_Y    2.7349200000000001D-01
                                                  new y    2.7349200000000012D-01
 net name basic.net
 do_element_diffusion T
 lnPgas_flag T
 kappa_file_prefix gs98
 kappa_lowT_prefix lowT_fa05_gs98
   eos_file_prefix mesa
                                        OMP_NUM_THREADS           1



stop because Lnuc_div_L >= Lnuc_div_L_zams_limit
    0.1001051182E+01    0.9990000000E+00

        796   7.085929   5064.013  -0.465893  -0.465893   0.826974   0.826974   0.710564   0.000834   0.273480   0.710859  -1.528524    796      0
   5.933606   1.908729  -0.118648 -49.874530  -2.071253 -99.000000   0.000000   0.273861   0.007286   0.015566   0.273573   0.089400      4      0
 5.4607E+07  17.128470  -0.466350 -16.255620   4.962647  -6.546878   0.000000   0.002637   0.001634  1.557E-02  1.557E-02 -0.177E-10    varcontrol

save photos/x796 for model 796
save final_profile.data write fgong_plot.data
                               s% atm_structure_num_pts          67
save final_profile.data.FGONG    796
 final_profile.data.FGONG for model 796
 saved to zams.mod
termination code: Lnuc_div_L_zams_limit

       runtime, prev time, retries, backups, steps         9.5        28.2         0         0       796
        796   7.085929   5064.013  -0.465893  -0.465893   0.826974   0.826974   0.710564   0.000834   0.273480   0.710859  -1.528524    796      0
   5.933606   1.908729  -0.118648 -49.874530  -2.071253 -99.000000   0.000000   0.273861   0.007286   0.015566   0.273573   0.089400      4      0
 5.4607E+07  17.128470  -0.466350 -16.255620   4.962647  -6.546878   0.000000   0.002637   0.001634  1.557E-02  1.557E-02 -0.177E-10    varcontrol

DATE: 2016-02-26
TIME: 17:11:09
DATE: 2016-02-26
TIME: 17:11:09
                                         version_number        8118
 read inlist_1.0
load saved model zams.mod

 new_lnPgas_flag T
 net name basic.net
 do_element_diffusion T
 lnPgas_flag T
                       which_atm_option: Eddington_grey
 kappa_file_prefix gs98
 kappa_lowT_prefix lowT_fa05_gs98
   eos_file_prefix mesa
                                        OMP_NUM_THREADS           1


__________________________________________________________________________________________________________________________________________________

       step    lg_Tcntr    Teff       lg_LH     lg_Lnuc     Mass       H_rich     H_cntr     N_cntr     Y_surf     X_avg     eta_cntr  zones retry
   lg_dt_yr    lg_Dcntr    lg_R       lg_L3a    lg_Lneu     lg_Mdot    He_core    He_cntr    O_cntr     Z_surf     Y_avg     gam_cntr  iters bckup
     age_yr    lg_Pcntr    lg_L       lg_LZ     lg_Psurf    lg_Dsurf   C_core     C_cntr     Ne_cntr    Z_cntr     Z_avg     v_div_cs     dt_limit
__________________________________________________________________________________________________________________________________________________

