000 (20450.000.000) 02/24 21:34:59 Job submitted from host: <134.76.239.76:13753?addrs=134.76.239.76-13753>
...
001 (20450.000.000) 02/25 01:10:40 Job executing on host: <134.76.239.84:12289?addrs=134.76.239.84-12289>
...
006 (20450.000.000) 02/25 01:10:49 Image size of job updated: 202160
	36  -  MemoryUsage of job (MB)
	36288  -  ResidentSetSize of job (KB)
...
006 (20450.000.000) 02/25 01:15:50 Image size of job updated: 1145640
	921  -  MemoryUsage of job (MB)
	942312  -  ResidentSetSize of job (KB)
...
006 (20450.000.000) 02/25 01:20:51 Image size of job updated: 1147076
	921  -  MemoryUsage of job (MB)
	942312  -  ResidentSetSize of job (KB)
...
006 (20450.000.000) 02/25 01:55:54 Image size of job updated: 1294120
	1061  -  MemoryUsage of job (MB)
	1085632  -  ResidentSetSize of job (KB)
...
006 (20450.000.000) 02/25 02:20:56 Image size of job updated: 1294120
	1061  -  MemoryUsage of job (MB)
	1085636  -  ResidentSetSize of job (KB)
...
006 (20450.000.000) 02/25 02:25:58 Image size of job updated: 1294120
	1061  -  MemoryUsage of job (MB)
	1085964  -  ResidentSetSize of job (KB)
...
006 (20450.000.000) 02/25 02:46:00 Image size of job updated: 1294120
	1061  -  MemoryUsage of job (MB)
	1085968  -  ResidentSetSize of job (KB)
...
006 (20450.000.000) 02/25 02:51:00 Image size of job updated: 1415068
	1205  -  MemoryUsage of job (MB)
	1233240  -  ResidentSetSize of job (KB)
...
006 (20450.000.000) 02/25 03:06:01 Image size of job updated: 1415068
	1205  -  MemoryUsage of job (MB)
	1233572  -  ResidentSetSize of job (KB)
...
006 (20450.000.000) 02/25 03:11:01 Image size of job updated: 1415068
	1205  -  MemoryUsage of job (MB)
	1233580  -  ResidentSetSize of job (KB)
...
006 (20450.000.000) 02/25 03:56:07 Image size of job updated: 1415068
	1205  -  MemoryUsage of job (MB)
	1233900  -  ResidentSetSize of job (KB)
...
006 (20450.000.000) 02/25 04:16:09 Image size of job updated: 1415068
	1208  -  MemoryUsage of job (MB)
	1236224  -  ResidentSetSize of job (KB)
...
006 (20450.000.000) 02/25 06:16:21 Image size of job updated: 1428892
	1216  -  MemoryUsage of job (MB)
	1244264  -  ResidentSetSize of job (KB)
...
006 (20450.000.000) 02/25 06:31:23 Image size of job updated: 1428892
	1216  -  MemoryUsage of job (MB)
	1244592  -  ResidentSetSize of job (KB)
...
006 (20450.000.000) 02/25 06:36:23 Image size of job updated: 1428892
	1216  -  MemoryUsage of job (MB)
	1244600  -  ResidentSetSize of job (KB)
...
006 (20450.000.000) 02/25 07:21:28 Image size of job updated: 1428892
	1216  -  MemoryUsage of job (MB)
	1244920  -  ResidentSetSize of job (KB)
...
006 (20450.000.000) 02/25 07:26:28 Image size of job updated: 1428892
	1216  -  MemoryUsage of job (MB)
	1244968  -  ResidentSetSize of job (KB)
...
006 (20450.000.000) 02/25 07:31:29 Image size of job updated: 1428892
	1216  -  MemoryUsage of job (MB)
	1244972  -  ResidentSetSize of job (KB)
...
006 (20450.000.000) 02/25 07:41:30 Image size of job updated: 1428892
	1216  -  MemoryUsage of job (MB)
	1245032  -  ResidentSetSize of job (KB)
...
006 (20450.000.000) 02/25 07:46:30 Image size of job updated: 1428892
	1216  -  MemoryUsage of job (MB)
	1245036  -  ResidentSetSize of job (KB)
...
006 (20450.000.000) 02/25 07:51:31 Image size of job updated: 1428892
	1216  -  MemoryUsage of job (MB)
	1245040  -  ResidentSetSize of job (KB)
...
006 (20450.000.000) 02/25 07:56:31 Image size of job updated: 1428892
	1216  -  MemoryUsage of job (MB)
	1245044  -  ResidentSetSize of job (KB)
...
005 (20450.000.000) 02/25 09:13:27 Job terminated.
	(1) Normal termination (return value 0)
		Usr 0 13:39:11, Sys 0 00:03:33  -  Run Remote Usage
		Usr 0 00:00:00, Sys 0 00:00:00  -  Run Local Usage
		Usr 0 13:39:11, Sys 0 00:03:33  -  Total Remote Usage
		Usr 0 00:00:00, Sys 0 00:00:00  -  Total Local Usage
	0  -  Run Bytes Sent By Job
	0  -  Run Bytes Received By Job
	0  -  Total Bytes Sent By Job
	0  -  Total Bytes Received By Job
	Partitionable Resources :    Usage  Request Allocated
	   Cpus                 :                 2         2
	   Disk (KB)            :        1        1   5108568
	   Memory (MB)          :     1216        1         1
...
