DATE: 2016-02-26
TIME: 16:59:46
                                         version_number        8118
 read inlist_1.0
 create pre-main-sequence model
                                                species           8
 abundances
                                                     h1    6.9877000000000000D-01
                                                    he3    3.0900892696312026D-05
                                                    he4    2.9033609910730368D-01
                                                    c12    1.8693108032625696D-03
                                                    n14    5.4758131471430442D-04
                                                    o16    5.0841265757544038D-03
                                                   ne20    1.1403216716782841D-03
                                                   mg24    2.2216596345905042D-03


                                        relax_num_steps


                               finished relax_num_steps

 new_lnPgas_flag T
                                        relax_initial_Z    1.0862999999999999D-02
                                                  new z    1.0862999999999821D-02
                                        relax_initial_Y    2.9036699999999999D-01
                                                  new y    2.9036699999999999D-01
 net name basic.net
 do_element_diffusion T
 lnPgas_flag T
 kappa_file_prefix gs98
 kappa_lowT_prefix lowT_fa05_gs98
   eos_file_prefix mesa
                                        OMP_NUM_THREADS           1



stop because Lnuc_div_L >= Lnuc_div_L_zams_limit
    0.1019388675E+01    0.9990000000E+00

        791   7.070427   5040.945  -0.567137  -0.567137   0.728537   0.728537   0.698458   0.000561   0.290362   0.698691  -1.368354    789      0
   5.957377   1.952600  -0.169246 -50.564899  -2.180488 -99.000000   0.000000   0.290677   0.005084   0.010863   0.290446   0.096147      4      0
 5.5882E+07  17.153769  -0.575477 -15.954590   5.069692  -6.434850   0.000000   0.001858   0.001140  1.087E-02  1.086E-02 -0.154E-10    varcontrol

save photos/x791 for model 791
save final_profile.data write fgong_plot.data
                               s% atm_structure_num_pts          67
save final_profile.data.FGONG    791
 final_profile.data.FGONG for model 791
 saved to zams.mod
termination code: Lnuc_div_L_zams_limit

       runtime, prev time, retries, backups, steps         7.6        28.2         0         0       791
        791   7.070427   5040.945  -0.567137  -0.567137   0.728537   0.728537   0.698458   0.000561   0.290362   0.698691  -1.368354    789      0
   5.957377   1.952600  -0.169246 -50.564899  -2.180488 -99.000000   0.000000   0.290677   0.005084   0.010863   0.290446   0.096147      4      0
 5.5882E+07  17.153769  -0.575477 -15.954590   5.069692  -6.434850   0.000000   0.001858   0.001140  1.087E-02  1.086E-02 -0.154E-10    varcontrol

DATE: 2016-02-26
TIME: 17:09:04
DATE: 2016-02-26
TIME: 17:09:04
                                         version_number        8118
 read inlist_1.0
load saved model zams.mod

 new_lnPgas_flag T
 net name basic.net
 do_element_diffusion T
 lnPgas_flag T
                       which_atm_option: Eddington_grey
 kappa_file_prefix gs98
 kappa_lowT_prefix lowT_fa05_gs98
   eos_file_prefix mesa
                                        OMP_NUM_THREADS           1


__________________________________________________________________________________________________________________________________________________

       step    lg_Tcntr    Teff       lg_LH     lg_Lnuc     Mass       H_rich     H_cntr     N_cntr     Y_surf     X_avg     eta_cntr  zones retry
   lg_dt_yr    lg_Dcntr    lg_R       lg_L3a    lg_Lneu     lg_Mdot    He_core    He_cntr    O_cntr     Z_surf     Y_avg     gam_cntr  iters bckup
     age_yr    lg_Pcntr    lg_L       lg_LZ     lg_Psurf    lg_Dsurf   C_core     C_cntr     Ne_cntr    Z_cntr     Z_avg     v_div_cs     dt_limit
__________________________________________________________________________________________________________________________________________________

