DATE: 2016-02-26
TIME: 16:59:22
                                         version_number        8118
 read inlist_1.0
 create pre-main-sequence model
                                                species           8
 abundances
                                                     h1    7.2925499999999999D-01
                                                    he3    2.8704487717925421D-05
                                                    he4    2.6969929551228211D-01
                                                    c12    1.7500589955978085D-04
                                                    n14    5.1264862106637979D-05
                                                    o16    4.7597871007473664D-04
                                                   ne20    1.0675753844211850D-04
                                                   mg24    2.0799298981666065D-04


                                        relax_num_steps


                               finished relax_num_steps

 new_lnPgas_flag T
                                        relax_initial_Z    1.0169999999999999D-03
                                                  new z    1.0169999999998841D-03
                                        relax_initial_Y    2.6972800000000002D-01
                                                  new y    2.6972799999999980D-01
 net name basic.net
 do_element_diffusion T
 lnPgas_flag T
 kappa_file_prefix gs98
 kappa_lowT_prefix lowT_fa05_gs98
   eos_file_prefix mesa
                                        OMP_NUM_THREADS           1



stop because Lnuc_div_L >= Lnuc_div_L_zams_limit
    0.1000618362E+01    0.9990000000E+00

        959   7.301228   9840.416   0.937239   0.937239   1.447372   1.447372   0.728504   0.000255   0.269484   0.729042  -2.047221    903      0
   5.631746   2.012996   0.005974 -38.871751  -0.564513 -99.000000   0.000000   0.270450   0.000475   0.001015   0.269934   0.058205      2      0
 8.6764E+06  17.453994   0.936971 -99.000000   3.120219  -8.828719   0.000000   0.000001   0.000107  1.046E-03  1.024E-03 -0.143E-11  max increase

save photos/x959 for model 959
save final_profile.data write fgong_plot.data
                               s% atm_structure_num_pts          41
save final_profile.data.FGONG    959
 final_profile.data.FGONG for model 959
 saved to zams.mod
termination code: Lnuc_div_L_zams_limit

       runtime, prev time, retries, backups, steps        10.5        28.2         0         0       959
        959   7.301228   9840.416   0.937239   0.937239   1.447372   1.447372   0.728504   0.000255   0.269484   0.729042  -2.047221    903      0
   5.631746   2.012996   0.005974 -38.871751  -0.564513 -99.000000   0.000000   0.270450   0.000475   0.001015   0.269934   0.058205      2      0
 8.6764E+06  17.453994   0.936971 -99.000000   3.120219  -8.828719   0.000000   0.000001   0.000107  1.046E-03  1.024E-03 -0.143E-11  max increase

DATE: 2016-02-26
TIME: 17:12:10
DATE: 2016-02-26
TIME: 17:12:10
                                         version_number        8118
 read inlist_1.0
load saved model zams.mod

 new_lnPgas_flag T
 net name basic.net
 do_element_diffusion T
 lnPgas_flag T
                       which_atm_option: Eddington_grey
 kappa_file_prefix gs98
 kappa_lowT_prefix lowT_fa05_gs98
   eos_file_prefix mesa
                                        OMP_NUM_THREADS           1


__________________________________________________________________________________________________________________________________________________

       step    lg_Tcntr    Teff       lg_LH     lg_Lnuc     Mass       H_rich     H_cntr     N_cntr     Y_surf     X_avg     eta_cntr  zones retry
   lg_dt_yr    lg_Dcntr    lg_R       lg_L3a    lg_Lneu     lg_Mdot    He_core    He_cntr    O_cntr     Z_surf     Y_avg     gam_cntr  iters bckup
     age_yr    lg_Pcntr    lg_L       lg_LZ     lg_Psurf    lg_Dsurf   C_core     C_cntr     Ne_cntr    Z_cntr     Z_avg     v_div_cs     dt_limit
__________________________________________________________________________________________________________________________________________________

