000 (19933.000.000) 02/24 21:34:31 Job submitted from host: <134.76.239.76:13753?addrs=134.76.239.76-13753>
...
001 (19933.000.000) 02/24 21:34:35 Job executing on host: <134.76.239.80:23833?addrs=134.76.239.80-23833>
...
006 (19933.000.000) 02/24 21:34:44 Image size of job updated: 65708
	5  -  MemoryUsage of job (MB)
	4288  -  ResidentSetSize of job (KB)
...
006 (19933.000.000) 02/24 21:39:44 Image size of job updated: 1138404
	922  -  MemoryUsage of job (MB)
	944048  -  ResidentSetSize of job (KB)
...
006 (19933.000.000) 02/24 21:44:46 Image size of job updated: 1144656
	929  -  MemoryUsage of job (MB)
	950620  -  ResidentSetSize of job (KB)
...
006 (19933.000.000) 02/24 21:59:47 Image size of job updated: 1248508
	1072  -  MemoryUsage of job (MB)
	1097524  -  ResidentSetSize of job (KB)
...
006 (19933.000.000) 02/24 22:04:48 Image size of job updated: 1510828
	1291  -  MemoryUsage of job (MB)
	1321108  -  ResidentSetSize of job (KB)
...
006 (19933.000.000) 02/24 22:09:48 Image size of job updated: 1510828
	1291  -  MemoryUsage of job (MB)
	1321476  -  ResidentSetSize of job (KB)
...
006 (19933.000.000) 02/24 22:14:48 Image size of job updated: 1510840
	1294  -  MemoryUsage of job (MB)
	1324464  -  ResidentSetSize of job (KB)
...
006 (19933.000.000) 02/24 23:38:03 Image size of job updated: 7300344
	1294  -  MemoryUsage of job (MB)
	1324464  -  ResidentSetSize of job (KB)
...
005 (19933.000.000) 02/24 23:38:03 Job terminated.
	(1) Normal termination (return value 0)
		Usr 0 02:26:37, Sys 0 00:00:51  -  Run Remote Usage
		Usr 0 00:00:00, Sys 0 00:00:00  -  Run Local Usage
		Usr 0 02:26:37, Sys 0 00:00:51  -  Total Remote Usage
		Usr 0 00:00:00, Sys 0 00:00:00  -  Total Local Usage
	0  -  Run Bytes Sent By Job
	0  -  Run Bytes Received By Job
	0  -  Total Bytes Sent By Job
	0  -  Total Bytes Received By Job
	Partitionable Resources :    Usage  Request Allocated
	   Cpus                 :                 2         2
	   Disk (KB)            :        1        1   5045877
	   Memory (MB)          :     1294        1         1
...
