000 (28551.000.000) 02/26 16:56:21 Job submitted from host: <134.76.239.76:15915?addrs=134.76.239.76-15915>
...
001 (28551.000.000) 02/26 16:56:39 Job executing on host: <134.76.239.88:23213?addrs=134.76.239.88-23213>
...
006 (28551.000.000) 02/26 16:56:53 Image size of job updated: 65340
	4  -  MemoryUsage of job (MB)
	3252  -  ResidentSetSize of job (KB)
...
006 (28551.000.000) 02/26 17:01:54 Image size of job updated: 1071572
	931  -  MemoryUsage of job (MB)
	952500  -  ResidentSetSize of job (KB)
...
006 (28551.000.000) 02/26 17:06:55 Image size of job updated: 1072116
	931  -  MemoryUsage of job (MB)
	952616  -  ResidentSetSize of job (KB)
...
006 (28551.000.000) 02/26 17:11:55 Image size of job updated: 1079304
	931  -  MemoryUsage of job (MB)
	952616  -  ResidentSetSize of job (KB)
...
006 (28551.000.000) 02/26 17:16:56 Image size of job updated: 1233636
	1089  -  MemoryUsage of job (MB)
	1114524  -  ResidentSetSize of job (KB)
...
