DATE: 2016-02-26
TIME: 16:59:12
                                         version_number        8118
 read inlist_1.0
 create pre-main-sequence model
                                                species           8
 abundances
                                                     h1    7.4661599999999995D-01
                                                    he3    2.3416684502359078D-05
                                                    he4    2.2001658331549767D-01
                                                    c12    5.7378532103458356D-03
                                                    n14    1.6808019292859869D-03
                                                    o16    1.5605736586758168D-02
                                                   ne20    3.5002196281359215D-03
                                                   mg24    6.8193886454741282D-03


                                        relax_num_steps


                               finished relax_num_steps

 new_lnPgas_flag T
                                        relax_initial_Z    3.3343999999999999D-02
                                                  new z    3.3344000000000283D-02
                                        relax_initial_Y    2.2004000000000001D-01
                                                  new y    2.2004000000000004D-01
 net name basic.net
 do_element_diffusion T
 lnPgas_flag T
 kappa_file_prefix gs98
 kappa_lowT_prefix lowT_fa05_gs98
   eos_file_prefix mesa
                                        OMP_NUM_THREADS           1



stop because Lnuc_div_L >= Lnuc_div_L_zams_limit
    0.1006445230E+01    0.9990000000E+00

        817   7.142526   5381.229  -0.037847  -0.037847   1.229404   1.229404   0.746113   0.002485   0.220001   0.746521  -2.031411    817      0
   5.772672   1.779291   0.041434 -47.365365  -1.510582 -99.000000   0.000000   0.220426   0.015607   0.033339   0.220120   0.070497      4      0
 4.1015E+07  17.064865  -0.040637 -99.000000   4.709609  -6.841815   0.000000   0.005049   0.003500  3.346E-02  3.336E-02 -0.323E-10    varcontrol

save photos/x817 for model 817
save final_profile.data write fgong_plot.data
                               s% atm_structure_num_pts          62
save final_profile.data.FGONG    817
 final_profile.data.FGONG for model 817
 saved to zams.mod
termination code: Lnuc_div_L_zams_limit

       runtime, prev time, retries, backups, steps         7.8        28.2         0         0       817
        817   7.142526   5381.229  -0.037847  -0.037847   1.229404   1.229404   0.746113   0.002485   0.220001   0.746521  -2.031411    817      0
   5.772672   1.779291   0.041434 -47.365365  -1.510582 -99.000000   0.000000   0.220426   0.015607   0.033339   0.220120   0.070497      4      0
 4.1015E+07  17.064865  -0.040637 -99.000000   4.709609  -6.841815   0.000000   0.005049   0.003500  3.346E-02  3.336E-02 -0.323E-10    varcontrol

DATE: 2016-02-26
TIME: 17:09:19
DATE: 2016-02-26
TIME: 17:09:19
                                         version_number        8118
 read inlist_1.0
load saved model zams.mod

 new_lnPgas_flag T
 net name basic.net
 do_element_diffusion T
 lnPgas_flag T
                       which_atm_option: Eddington_grey
 kappa_file_prefix gs98
 kappa_lowT_prefix lowT_fa05_gs98
   eos_file_prefix mesa
                                        OMP_NUM_THREADS           1


__________________________________________________________________________________________________________________________________________________

       step    lg_Tcntr    Teff       lg_LH     lg_Lnuc     Mass       H_rich     H_cntr     N_cntr     Y_surf     X_avg     eta_cntr  zones retry
   lg_dt_yr    lg_Dcntr    lg_R       lg_L3a    lg_Lneu     lg_Mdot    He_core    He_cntr    O_cntr     Z_surf     Y_avg     gam_cntr  iters bckup
     age_yr    lg_Pcntr    lg_L       lg_LZ     lg_Psurf    lg_Dsurf   C_core     C_cntr     Ne_cntr    Z_cntr     Z_avg     v_div_cs     dt_limit
__________________________________________________________________________________________________________________________________________________

