000 (19960.000.000) 02/24 21:34:32 Job submitted from host: <134.76.239.76:13753?addrs=134.76.239.76-13753>
...
001 (19960.000.000) 02/24 21:34:36 Job executing on host: <134.76.239.87:13734?addrs=134.76.239.87-13734>
...
006 (19960.000.000) 02/24 21:34:52 Image size of job updated: 65708
	4  -  MemoryUsage of job (MB)
	3096  -  ResidentSetSize of job (KB)
...
006 (19960.000.000) 02/24 21:39:51 Image size of job updated: 210620
	69  -  MemoryUsage of job (MB)
	69800  -  ResidentSetSize of job (KB)
...
006 (19960.000.000) 02/24 21:44:52 Image size of job updated: 1143440
	921  -  MemoryUsage of job (MB)
	942304  -  ResidentSetSize of job (KB)
...
006 (19960.000.000) 02/24 21:49:53 Image size of job updated: 1145388
	921  -  MemoryUsage of job (MB)
	942304  -  ResidentSetSize of job (KB)
...
006 (19960.000.000) 02/24 22:04:54 Image size of job updated: 1145388
	965  -  MemoryUsage of job (MB)
	988028  -  ResidentSetSize of job (KB)
...
006 (19960.000.000) 02/24 22:24:55 Image size of job updated: 1309356
	1122  -  MemoryUsage of job (MB)
	1148452  -  ResidentSetSize of job (KB)
...
006 (19960.000.000) 02/24 22:39:57 Image size of job updated: 1309356
	1122  -  MemoryUsage of job (MB)
	1148772  -  ResidentSetSize of job (KB)
...
006 (19960.000.000) 02/24 22:54:58 Image size of job updated: 1495840
	1266  -  MemoryUsage of job (MB)
	1296036  -  ResidentSetSize of job (KB)
...
006 (19960.000.000) 02/24 22:59:59 Image size of job updated: 1495840
	1266  -  MemoryUsage of job (MB)
	1296356  -  ResidentSetSize of job (KB)
...
006 (19960.000.000) 02/24 23:04:59 Image size of job updated: 1495840
	1266  -  MemoryUsage of job (MB)
	1296364  -  ResidentSetSize of job (KB)
...
006 (19960.000.000) 02/24 23:15:01 Image size of job updated: 1495840
	1267  -  MemoryUsage of job (MB)
	1296684  -  ResidentSetSize of job (KB)
...
006 (19960.000.000) 02/24 23:20:01 Image size of job updated: 1520376
	1291  -  MemoryUsage of job (MB)
	1321220  -  ResidentSetSize of job (KB)
...
006 (19960.000.000) 02/24 23:30:02 Image size of job updated: 1544912
	1333  -  MemoryUsage of job (MB)
	1364348  -  ResidentSetSize of job (KB)
...
006 (19960.000.000) 02/24 23:45:04 Image size of job updated: 1545356
	1333  -  MemoryUsage of job (MB)
	1364348  -  ResidentSetSize of job (KB)
...
006 (19960.000.000) 02/25 01:10:12 Image size of job updated: 1545356
	1345  -  MemoryUsage of job (MB)
	1376396  -  ResidentSetSize of job (KB)
...
005 (19960.000.000) 02/25 03:07:15 Job terminated.
	(1) Normal termination (return value 0)
		Usr 0 08:48:54, Sys 0 00:01:58  -  Run Remote Usage
		Usr 0 00:00:00, Sys 0 00:00:00  -  Run Local Usage
		Usr 0 08:48:54, Sys 0 00:01:58  -  Total Remote Usage
		Usr 0 00:00:00, Sys 0 00:00:00  -  Total Local Usage
	0  -  Run Bytes Sent By Job
	0  -  Run Bytes Received By Job
	0  -  Total Bytes Sent By Job
	0  -  Total Bytes Received By Job
	Partitionable Resources :    Usage  Request Allocated
	   Cpus                 :                 2         2
	   Disk (KB)            :        1        1   5108834
	   Memory (MB)          :     1345        1         1
...
