000 (20803.000.000) 02/24 21:35:17 Job submitted from host: <134.76.239.76:13753?addrs=134.76.239.76-13753>
...
001 (20803.000.000) 02/25 05:09:48 Job executing on host: <134.76.239.80:23833?addrs=134.76.239.80-23833>
...
006 (20803.000.000) 02/25 05:09:56 Image size of job updated: 1
	3  -  MemoryUsage of job (MB)
	2072  -  ResidentSetSize of job (KB)
...
006 (20803.000.000) 02/25 05:14:56 Image size of job updated: 1144348
	937  -  MemoryUsage of job (MB)
	958956  -  ResidentSetSize of job (KB)
...
006 (20803.000.000) 02/25 05:19:57 Image size of job updated: 1144920
	937  -  MemoryUsage of job (MB)
	958956  -  ResidentSetSize of job (KB)
...
006 (20803.000.000) 02/25 05:29:57 Image size of job updated: 1323416
	1151  -  MemoryUsage of job (MB)
	1177912  -  ResidentSetSize of job (KB)
...
006 (20803.000.000) 02/25 05:34:58 Image size of job updated: 1509900
	1295  -  MemoryUsage of job (MB)
	1325400  -  ResidentSetSize of job (KB)
...
006 (20803.000.000) 02/25 05:39:59 Image size of job updated: 1509900
	1295  -  MemoryUsage of job (MB)
	1325860  -  ResidentSetSize of job (KB)
...
006 (20803.000.000) 02/25 05:44:59 Image size of job updated: 1509900
	1296  -  MemoryUsage of job (MB)
	1326176  -  ResidentSetSize of job (KB)
...
006 (20803.000.000) 02/25 05:50:00 Image size of job updated: 1558972
	1296  -  MemoryUsage of job (MB)
	1326176  -  ResidentSetSize of job (KB)
...
006 (20803.000.000) 02/25 06:20:02 Image size of job updated: 1584564
	1335  -  MemoryUsage of job (MB)
	1366644  -  ResidentSetSize of job (KB)
...
005 (20803.000.000) 02/25 07:33:39 Job terminated.
	(1) Normal termination (return value 0)
		Usr 0 03:53:37, Sys 0 00:00:38  -  Run Remote Usage
		Usr 0 00:00:00, Sys 0 00:00:00  -  Run Local Usage
		Usr 0 03:53:37, Sys 0 00:00:38  -  Total Remote Usage
		Usr 0 00:00:00, Sys 0 00:00:00  -  Total Local Usage
	0  -  Run Bytes Sent By Job
	0  -  Run Bytes Received By Job
	0  -  Total Bytes Sent By Job
	0  -  Total Bytes Received By Job
	Partitionable Resources :    Usage  Request Allocated
	   Cpus                 :                 2         2
	   Disk (KB)            :        1        1   5045761
	   Memory (MB)          :     1335        1         1
...
