000 (20778.000.000) 02/24 21:35:16 Job submitted from host: <134.76.239.76:13753?addrs=134.76.239.76-13753>
...
001 (20778.000.000) 02/25 04:54:47 Job executing on host: <134.76.239.83:20501?addrs=134.76.239.83-20501>
...
006 (20778.000.000) 02/25 04:54:56 Image size of job updated: 1
	3  -  MemoryUsage of job (MB)
	2068  -  ResidentSetSize of job (KB)
...
006 (20778.000.000) 02/25 04:59:56 Image size of job updated: 1147012
	930  -  MemoryUsage of job (MB)
	951980  -  ResidentSetSize of job (KB)
...
006 (20778.000.000) 02/25 05:04:56 Image size of job updated: 1147812
	930  -  MemoryUsage of job (MB)
	951980  -  ResidentSetSize of job (KB)
...
006 (20778.000.000) 02/25 06:15:04 Image size of job updated: 1241816
	1071  -  MemoryUsage of job (MB)
	1095708  -  ResidentSetSize of job (KB)
...
006 (20778.000.000) 02/25 07:05:09 Image size of job updated: 1241816
	1071  -  MemoryUsage of job (MB)
	1095816  -  ResidentSetSize of job (KB)
...
006 (20778.000.000) 02/25 07:10:10 Image size of job updated: 1241816
	1071  -  MemoryUsage of job (MB)
	1096040  -  ResidentSetSize of job (KB)
...
006 (20778.000.000) 02/25 07:55:14 Image size of job updated: 1428300
	1215  -  MemoryUsage of job (MB)
	1243316  -  ResidentSetSize of job (KB)
...
006 (20778.000.000) 02/25 08:15:17 Image size of job updated: 1428300
	1215  -  MemoryUsage of job (MB)
	1243644  -  ResidentSetSize of job (KB)
...
004 (20778.000.000) 02/25 09:59:08 Job was evicted.
	(0) Job was not checkpointed.
		Usr 0 08:32:33, Sys 0 00:02:08  -  Run Remote Usage
		Usr 0 00:00:00, Sys 0 00:00:00  -  Run Local Usage
	0  -  Run Bytes Sent By Job
	0  -  Run Bytes Received By Job
	Partitionable Resources :    Usage  Request Allocated
	   Cpus                 :                 2         2
	   Disk (KB)            :        1        1   5108699
	   Memory (MB)          :     1215        1         1
...
001 (20778.000.000) 02/25 09:59:31 Job executing on host: <134.76.239.79:12046?addrs=134.76.239.79-12046>
...
004 (20778.000.000) 02/25 10:49:47 Job was evicted.
	(0) Job was not checkpointed.
		Usr 0 01:22:54, Sys 0 00:00:16  -  Run Remote Usage
		Usr 0 00:00:00, Sys 0 00:00:00  -  Run Local Usage
	0  -  Run Bytes Sent By Job
	0  -  Run Bytes Received By Job
	Partitionable Resources :    Usage  Request Allocated
	   Cpus                 :                 2         2
	   Disk (KB)            :        1        1   5108616
	   Memory (MB)          :     1221     1221      1221
...
001 (20778.000.000) 02/25 10:50:43 Job executing on host: <134.76.239.79:12046?addrs=134.76.239.79-12046>
...
004 (20778.000.000) 02/25 10:52:28 Job was evicted.
	(0) Job was not checkpointed.
		Usr 0 00:02:25, Sys 0 00:00:01  -  Run Remote Usage
		Usr 0 00:00:00, Sys 0 00:00:00  -  Run Local Usage
	0  -  Run Bytes Sent By Job
	0  -  Run Bytes Received By Job
	Partitionable Resources :    Usage  Request Allocated
	   Cpus                 :                 2         2
	   Disk (KB)            :        1        1   5108592
	   Memory (MB)          :     1221     1221      1221
...
001 (20778.000.000) 02/25 10:54:28 Job executing on host: <134.76.239.91:19968?addrs=134.76.239.91-19968>
...
004 (20778.000.000) 02/25 11:04:25 Job was evicted.
	(0) Job was not checkpointed.
		Usr 0 00:16:43, Sys 0 00:00:04  -  Run Remote Usage
		Usr 0 00:00:00, Sys 0 00:00:00  -  Run Local Usage
	0  -  Run Bytes Sent By Job
	0  -  Run Bytes Received By Job
	Partitionable Resources :    Usage  Request Allocated
	   Cpus                 :                 2         2
	   Disk (KB)            :        1        1   5108566
	   Memory (MB)          :     1221     1221      1221
...
001 (20778.000.000) 02/25 11:06:25 Job executing on host: <134.76.239.86:20177?addrs=134.76.239.86-20177>
...
004 (20778.000.000) 02/25 11:08:07 Job was evicted.
	(0) Job was not checkpointed.
		Usr 0 00:02:17, Sys 0 00:00:02  -  Run Remote Usage
		Usr 0 00:00:00, Sys 0 00:00:00  -  Run Local Usage
	0  -  Run Bytes Sent By Job
	0  -  Run Bytes Received By Job
	Partitionable Resources :    Usage  Request Allocated
	   Cpus                 :                 2         2
	   Disk (KB)            :        1        1   5108596
	   Memory (MB)          :     1221     1221      1221
...
001 (20778.000.000) 02/25 11:11:06 Job executing on host: <134.76.239.83:20501?addrs=134.76.239.83-20501>
...
