DATE: 2016-02-26
TIME: 16:59:38
                                         version_number        8118
 read inlist_1.0
 create pre-main-sequence model
                                                species           8
 abundances
                                                     h1    6.9880900000000001D-01
                                                    he3    3.1872082765247356D-05
                                                    he4    2.9946112791723478D-01
                                                    c12    2.9219274085793808D-04
                                                    n14    8.5592660626426464D-05
                                                    o16    7.9470191711597245D-04
                                                   ne20    1.7824414972932785D-04
                                                   mg24    3.4726853167031256D-04


                                        relax_num_steps


                               finished relax_num_steps

 new_lnPgas_flag T
                                        relax_initial_Z    1.6980000000000001D-03
                                                  new z    1.6979999999992279D-03
                                        relax_initial_Y    2.9949300000000001D-01
                                                  new y    2.9949300000000006D-01
 net name basic.net
 do_element_diffusion T
 lnPgas_flag T
 kappa_file_prefix gs98
 kappa_lowT_prefix lowT_fa05_gs98
   eos_file_prefix mesa
                                        OMP_NUM_THREADS           1



stop because Lnuc_div_L >= Lnuc_div_L_zams_limit
    0.1002781992E+01    0.9990000000E+00

        853   7.179035   6684.189   0.147914   0.147914   0.928818   0.928818   0.698384   0.000230   0.299115   0.698714  -1.592821    804      0
   5.591069   2.024519  -0.053227 -44.683580  -1.446456 -99.000000   0.000000   0.299898   0.000795   0.001696   0.299585   0.078828      4      0
 1.8202E+07  17.334302   0.146708 -99.000000   4.544868  -7.083572   0.000000   0.000169   0.000178  1.719E-03  1.701E-03 -0.229E-10  max increase

save photos/x853 for model 853
save final_profile.data write fgong_plot.data
                               s% atm_structure_num_pts          55
save final_profile.data.FGONG    853
 final_profile.data.FGONG for model 853
 saved to zams.mod
termination code: Lnuc_div_L_zams_limit

       runtime, prev time, retries, backups, steps         9.7        28.2         0         0       853
        853   7.179035   6684.189   0.147914   0.147914   0.928818   0.928818   0.698384   0.000230   0.299115   0.698714  -1.592821    804      0
   5.591069   2.024519  -0.053227 -44.683580  -1.446456 -99.000000   0.000000   0.299898   0.000795   0.001696   0.299585   0.078828      4      0
 1.8202E+07  17.334302   0.146708 -99.000000   4.544868  -7.083572   0.000000   0.000169   0.000178  1.719E-03  1.701E-03 -0.229E-10  max increase

DATE: 2016-02-26
TIME: 17:11:24
DATE: 2016-02-26
TIME: 17:11:24
                                         version_number        8118
 read inlist_1.0
load saved model zams.mod

 new_lnPgas_flag T
 net name basic.net
 do_element_diffusion T
 lnPgas_flag T
                       which_atm_option: Eddington_grey
 kappa_file_prefix gs98
 kappa_lowT_prefix lowT_fa05_gs98
   eos_file_prefix mesa
                                        OMP_NUM_THREADS           1


__________________________________________________________________________________________________________________________________________________

       step    lg_Tcntr    Teff       lg_LH     lg_Lnuc     Mass       H_rich     H_cntr     N_cntr     Y_surf     X_avg     eta_cntr  zones retry
   lg_dt_yr    lg_Dcntr    lg_R       lg_L3a    lg_Lneu     lg_Mdot    He_core    He_cntr    O_cntr     Z_surf     Y_avg     gam_cntr  iters bckup
     age_yr    lg_Pcntr    lg_L       lg_LZ     lg_Psurf    lg_Dsurf   C_core     C_cntr     Ne_cntr    Z_cntr     Z_avg     v_div_cs     dt_limit
__________________________________________________________________________________________________________________________________________________

