000 (20472.000.000) 02/24 21:35:00 Job submitted from host: <134.76.239.76:13753?addrs=134.76.239.76-13753>
...
001 (20472.000.000) 02/25 01:22:40 Job executing on host: <134.76.239.83:20501?addrs=134.76.239.83-20501>
...
006 (20472.000.000) 02/25 01:22:48 Image size of job updated: 26260
	4  -  MemoryUsage of job (MB)
	3300  -  ResidentSetSize of job (KB)
...
006 (20472.000.000) 02/25 01:27:48 Image size of job updated: 1144508
	932  -  MemoryUsage of job (MB)
	954148  -  ResidentSetSize of job (KB)
...
006 (20472.000.000) 02/25 01:32:48 Image size of job updated: 1146244
	932  -  MemoryUsage of job (MB)
	954148  -  ResidentSetSize of job (KB)
...
006 (20472.000.000) 02/25 01:52:50 Image size of job updated: 1294836
	1062  -  MemoryUsage of job (MB)
	1086468  -  ResidentSetSize of job (KB)
...
006 (20472.000.000) 02/25 01:57:51 Image size of job updated: 1297960
	1064  -  MemoryUsage of job (MB)
	1088536  -  ResidentSetSize of job (KB)
...
006 (20472.000.000) 02/25 02:02:51 Image size of job updated: 1297960
	1065  -  MemoryUsage of job (MB)
	1090544  -  ResidentSetSize of job (KB)
...
006 (20472.000.000) 02/25 02:07:52 Image size of job updated: 1418908
	1209  -  MemoryUsage of job (MB)
	1237964  -  ResidentSetSize of job (KB)
...
006 (20472.000.000) 02/25 02:12:53 Image size of job updated: 1445480
	1236  -  MemoryUsage of job (MB)
	1264896  -  ResidentSetSize of job (KB)
...
006 (20472.000.000) 02/25 02:17:53 Image size of job updated: 1445480
	1236  -  MemoryUsage of job (MB)
	1265524  -  ResidentSetSize of job (KB)
...
006 (20472.000.000) 02/25 02:22:53 Image size of job updated: 1445480
	1237  -  MemoryUsage of job (MB)
	1265728  -  ResidentSetSize of job (KB)
...
006 (20472.000.000) 02/25 03:07:57 Image size of job updated: 1457136
	1244  -  MemoryUsage of job (MB)
	1273516  -  ResidentSetSize of job (KB)
...
006 (20472.000.000) 02/25 03:12:57 Image size of job updated: 1459176
	1247  -  MemoryUsage of job (MB)
	1275912  -  ResidentSetSize of job (KB)
...
006 (20472.000.000) 02/25 03:17:58 Image size of job updated: 1459176
	1247  -  MemoryUsage of job (MB)
	1276632  -  ResidentSetSize of job (KB)
...
006 (20472.000.000) 02/25 04:32:52 Image size of job updated: 8647956
	1247  -  MemoryUsage of job (MB)
	1276632  -  ResidentSetSize of job (KB)
...
005 (20472.000.000) 02/25 04:32:52 Job terminated.
	(1) Normal termination (return value 0)
		Usr 0 05:14:50, Sys 0 00:01:07  -  Run Remote Usage
		Usr 0 00:00:00, Sys 0 00:00:00  -  Run Local Usage
		Usr 0 05:14:50, Sys 0 00:01:07  -  Total Remote Usage
		Usr 0 00:00:00, Sys 0 00:00:00  -  Total Local Usage
	0  -  Run Bytes Sent By Job
	0  -  Run Bytes Received By Job
	0  -  Total Bytes Sent By Job
	0  -  Total Bytes Received By Job
	Partitionable Resources :    Usage  Request Allocated
	   Cpus                 :                 2         2
	   Disk (KB)            :        1        1   5108744
	   Memory (MB)          :     1247        1         1
...
