DATE: 2016-02-26
TIME: 16:59:48
                                         version_number        8118
 read inlist_1.0
 create pre-main-sequence model
                                                species           8
 abundances
                                                     h1    7.6939000000000013D-01
                                                    he3    2.3817356276360999D-05
                                                    he4    2.2378118264372368D-01
                                                    c12    1.1710080103287874D-03
                                                    n14    3.4302594556115179D-04
                                                    o16    3.1848919587598502D-03
                                                   ne20    7.1434124788461925D-04
                                                   mg24    1.3917328374655421D-03


                                        relax_num_steps


                               finished relax_num_steps

 new_lnPgas_flag T
                                        relax_initial_Z    6.8050000000000003D-03
                                                  new z    6.8050000000000228D-03
                                        relax_initial_Y    2.2380500000000000D-01
                                                  new y    2.2380500000000017D-01
 net name basic.net
 do_element_diffusion T
 lnPgas_flag T
 kappa_file_prefix gs98
 kappa_lowT_prefix lowT_fa05_gs98
   eos_file_prefix mesa
                                        OMP_NUM_THREADS           1



stop because Lnuc_div_L >= Lnuc_div_L_zams_limit
    0.1001042522E+01    0.9990000000E+00

        854   7.191678   6489.999   0.349228   0.349228   1.227756   1.227756   0.769089   0.000728   0.223805   0.769301  -1.896981    794      0
   5.361220   1.900854   0.073414 -44.607222  -1.158880 -99.000000   0.000000   0.224051   0.003185   0.006805   0.223880   0.067780      2      0
 1.9032E+07  17.244833   0.348775 -15.352530   4.483536  -7.160638   0.000000   0.000841   0.000714  6.860E-03  6.819E-03 -0.657E-10    varcontrol

save photos/x854 for model 854
save final_profile.data write fgong_plot.data
                               s% atm_structure_num_pts          54
save final_profile.data.FGONG    854
 final_profile.data.FGONG for model 854
 saved to zams.mod
termination code: Lnuc_div_L_zams_limit

       runtime, prev time, retries, backups, steps         8.0        28.2         0         0       854
        854   7.191678   6489.999   0.349228   0.349228   1.227756   1.227756   0.769089   0.000728   0.223805   0.769301  -1.896981    794      0
   5.361220   1.900854   0.073414 -44.607222  -1.158880 -99.000000   0.000000   0.224051   0.003185   0.006805   0.223880   0.067780      2      0
 1.9032E+07  17.244833   0.348775 -15.352530   4.483536  -7.160638   0.000000   0.000841   0.000714  6.860E-03  6.819E-03 -0.657E-10    varcontrol

DATE: 2016-02-26
TIME: 17:09:27
DATE: 2016-02-26
TIME: 17:09:28
                                         version_number        8118
 read inlist_1.0
load saved model zams.mod

 new_lnPgas_flag T
 net name basic.net
 do_element_diffusion T
 lnPgas_flag T
                       which_atm_option: Eddington_grey
 kappa_file_prefix gs98
 kappa_lowT_prefix lowT_fa05_gs98
   eos_file_prefix mesa
                                        OMP_NUM_THREADS           1


__________________________________________________________________________________________________________________________________________________

       step    lg_Tcntr    Teff       lg_LH     lg_Lnuc     Mass       H_rich     H_cntr     N_cntr     Y_surf     X_avg     eta_cntr  zones retry
   lg_dt_yr    lg_Dcntr    lg_R       lg_L3a    lg_Lneu     lg_Mdot    He_core    He_cntr    O_cntr     Z_surf     Y_avg     gam_cntr  iters bckup
     age_yr    lg_Pcntr    lg_L       lg_LZ     lg_Psurf    lg_Dsurf   C_core     C_cntr     Ne_cntr    Z_cntr     Z_avg     v_div_cs     dt_limit
__________________________________________________________________________________________________________________________________________________

