DATE: 2016-02-26
TIME: 16:59:46
                                         version_number        8118
 read inlist_1.0
 create pre-main-sequence model
                                                species           8
 abundances
                                                     h1    7.3193200000000003D-01
                                                    he3    2.8306902127574513D-05
                                                    he4    2.6596369309787243D-01
                                                    c12    3.5723918140228379D-04
                                                    n14    1.0464685716163773D-04
                                                    o16    9.7161435802871278D-04
                                                   ne20    2.1792394277861228D-04
                                                   mg24    4.2457566062872030D-04


                                        relax_num_steps


                               finished relax_num_steps

 new_lnPgas_flag T
                                        relax_initial_Z    2.0760000000000002D-03
                                                  new z    2.0759999999988028D-03
                                        relax_initial_Y    2.6599200000000001D-01
                                                  new y    2.6599199999999995D-01
 net name basic.net
 do_element_diffusion T
 lnPgas_flag T
 kappa_file_prefix gs98
 kappa_lowT_prefix lowT_fa05_gs98
   eos_file_prefix mesa
                                        OMP_NUM_THREADS           1



stop because Lnuc_div_L >= Lnuc_div_L_zams_limit
    0.9992179116E+00    0.9990000000E+00

        958   7.293065   9289.894   0.897089   0.897089   1.445724   1.445724   0.730374   0.000523   0.092272   0.731657  -2.029118    887      0
   5.812613   2.007909   0.036209 -39.277811  -0.626475 -99.000000   0.000000   0.267491   0.000967   0.000235   0.266253   0.059058      2      0
 1.1008E+07  17.441310   0.897429 -99.000000   3.147067  -8.799420   0.000000   0.000003   0.000218  2.135E-03  2.090E-03  0.123E-11  max increase

save photos/x958 for model 958
save final_profile.data write fgong_plot.data
                               s% atm_structure_num_pts          41
save final_profile.data.FGONG    958
 final_profile.data.FGONG for model 958
 saved to zams.mod
termination code: Lnuc_div_L_zams_limit

       runtime, prev time, retries, backups, steps         8.9        28.2         0         0       958
        958   7.293065   9289.894   0.897089   0.897089   1.445724   1.445724   0.730374   0.000523   0.092272   0.731657  -2.029118    887      0
   5.812613   2.007909   0.036209 -39.277811  -0.626475 -99.000000   0.000000   0.267491   0.000967   0.000235   0.266253   0.059058      2      0
 1.1008E+07  17.441310   0.897429 -99.000000   3.147067  -8.799420   0.000000   0.000003   0.000218  2.135E-03  2.090E-03  0.123E-11  max increase

DATE: 2016-02-26
TIME: 17:10:22
DATE: 2016-02-26
TIME: 17:10:22
                                         version_number        8118
 read inlist_1.0
load saved model zams.mod

 new_lnPgas_flag T
 net name basic.net
 do_element_diffusion T
 lnPgas_flag T
                       which_atm_option: Eddington_grey
 kappa_file_prefix gs98
 kappa_lowT_prefix lowT_fa05_gs98
   eos_file_prefix mesa
                                        OMP_NUM_THREADS           1


__________________________________________________________________________________________________________________________________________________

       step    lg_Tcntr    Teff       lg_LH     lg_Lnuc     Mass       H_rich     H_cntr     N_cntr     Y_surf     X_avg     eta_cntr  zones retry
   lg_dt_yr    lg_Dcntr    lg_R       lg_L3a    lg_Lneu     lg_Mdot    He_core    He_cntr    O_cntr     Z_surf     Y_avg     gam_cntr  iters bckup
     age_yr    lg_Pcntr    lg_L       lg_LZ     lg_Psurf    lg_Dsurf   C_core     C_cntr     Ne_cntr    Z_cntr     Z_avg     v_div_cs     dt_limit
__________________________________________________________________________________________________________________________________________________

        960   7.293293   9290.084   0.897888   0.897888   1.445724   1.445724   0.729907   0.000524   0.064476   0.731568  -2.029493    892      0
   5.928105   2.008215   0.036326 -39.264537  -0.626915 -99.000000   0.000000   0.267959   0.000965   0.000115   0.266342   0.059053      2      0
 1.2635E+07  17.441691   0.897699 -99.000000   3.637985  -8.293373   0.000000   0.000003   0.000218  2.135E-03  2.091E-03  0.155E-11    varcontrol

