DATE: 2016-02-26
TIME: 16:59:35
                                         version_number        8118
 read inlist_1.0
 create pre-main-sequence model
                                                species           8
 abundances
                                                     h1    7.3351800000000000D-01
                                                    he3    2.8230598897306418D-05
                                                    he4    2.6524676940110270D-01
                                                    c12    2.0770120036249927D-04
                                                    n14    6.0842368301586892D-05
                                                    o16    5.6490295286157734D-04
                                                   ne20    1.2670240796424861D-04
                                                   mg24    2.4685107051004612D-04


                                        relax_num_steps


                               finished relax_num_steps

 new_lnPgas_flag T
                                        relax_initial_Z    1.2070000000000000D-03
                                                  new z    1.2069999999992761D-03
                                        relax_initial_Y    2.6527499999999998D-01
                                                  new y    2.6527500000000009D-01
 net name basic.net
 do_element_diffusion T
 lnPgas_flag T
 kappa_file_prefix gs98
 kappa_lowT_prefix lowT_fa05_gs98
   eos_file_prefix mesa
                                        OMP_NUM_THREADS           1



stop because Lnuc_div_L >= Lnuc_div_L_zams_limit
    0.9994740214E+00    0.9990000000E+00

        906   7.218758   7476.537   0.435772   0.435772   1.115146   1.115146   0.732412   0.000297   0.023944   0.733203  -1.759345    896      0
   6.243396   2.007114  -0.005885 -42.867192  -1.184544 -99.000000   0.000000   0.266347   0.000565   0.000003   0.265582   0.069953      2      0
 2.1625E+07  17.367328   0.436001 -14.653560   4.036745  -7.741664   0.000000   0.000005   0.000127  1.241E-03  1.216E-03  0.490E-12  max increase

save photos/x906 for model 906
save final_profile.data write fgong_plot.data
                               s% atm_structure_num_pts          49
save final_profile.data.FGONG    906
 final_profile.data.FGONG for model 906
 saved to zams.mod
termination code: Lnuc_div_L_zams_limit

       runtime, prev time, retries, backups, steps         8.5        28.2         0         0       906
        906   7.218758   7476.537   0.435772   0.435772   1.115146   1.115146   0.732412   0.000297   0.023944   0.733203  -1.759345    896      0
   6.243396   2.007114  -0.005885 -42.867192  -1.184544 -99.000000   0.000000   0.266347   0.000565   0.000003   0.265582   0.069953      2      0
 2.1625E+07  17.367328   0.436001 -14.653560   4.036745  -7.741664   0.000000   0.000005   0.000127  1.241E-03  1.216E-03  0.490E-12  max increase

DATE: 2016-02-26
TIME: 17:10:02
DATE: 2016-02-26
TIME: 17:10:02
                                         version_number        8118
 read inlist_1.0
load saved model zams.mod

 new_lnPgas_flag T
 net name basic.net
 do_element_diffusion T
 lnPgas_flag T
                       which_atm_option: Eddington_grey
 kappa_file_prefix gs98
 kappa_lowT_prefix lowT_fa05_gs98
   eos_file_prefix mesa
                                        OMP_NUM_THREADS           1


__________________________________________________________________________________________________________________________________________________

       step    lg_Tcntr    Teff       lg_LH     lg_Lnuc     Mass       H_rich     H_cntr     N_cntr     Y_surf     X_avg     eta_cntr  zones retry
   lg_dt_yr    lg_Dcntr    lg_R       lg_L3a    lg_Lneu     lg_Mdot    He_core    He_cntr    O_cntr     Z_surf     Y_avg     gam_cntr  iters bckup
     age_yr    lg_Pcntr    lg_L       lg_LZ     lg_Psurf    lg_Dsurf   C_core     C_cntr     Ne_cntr    Z_cntr     Z_avg     v_div_cs     dt_limit
__________________________________________________________________________________________________________________________________________________

        907   7.218770   7498.279   0.436305   0.436305   1.115146   1.115146   0.732322   0.000299   0.019897   0.733178  -1.758970    896      0
   6.000000   2.007313  -0.008307 -42.865856  -1.185347 -99.000000   0.000000   0.266437   0.000565   0.000002   0.265607   0.069964     11      0
 2.2625E+07  17.367512   0.436200 -99.000000   4.481205  -7.305794   0.000000   0.000004   0.000127  1.241E-03  1.216E-03 -0.131E-10              

