000 (20421.000.000) 02/24 21:34:57 Job submitted from host: <134.76.239.76:13753?addrs=134.76.239.76-13753>
...
001 (20421.000.000) 02/25 00:54:40 Job executing on host: <134.76.239.90:23525?addrs=134.76.239.90-23525>
...
006 (20421.000.000) 02/25 00:54:48 Image size of job updated: 827412
	629  -  MemoryUsage of job (MB)
	643156  -  ResidentSetSize of job (KB)
...
006 (20421.000.000) 02/25 00:59:48 Image size of job updated: 1144212
	937  -  MemoryUsage of job (MB)
	958720  -  ResidentSetSize of job (KB)
...
006 (20421.000.000) 02/25 01:04:48 Image size of job updated: 1246232
	1076  -  MemoryUsage of job (MB)
	1101756  -  ResidentSetSize of job (KB)
...
006 (20421.000.000) 02/25 01:09:49 Image size of job updated: 1246232
	1077  -  MemoryUsage of job (MB)
	1102092  -  ResidentSetSize of job (KB)
...
006 (20421.000.000) 02/25 01:14:49 Image size of job updated: 1458360
	1245  -  MemoryUsage of job (MB)
	1274876  -  ResidentSetSize of job (KB)
...
006 (20421.000.000) 02/25 01:19:49 Image size of job updated: 1461788
	1248  -  MemoryUsage of job (MB)
	1277264  -  ResidentSetSize of job (KB)
...
006 (20421.000.000) 02/25 01:44:53 Image size of job updated: 1462572
	1249  -  MemoryUsage of job (MB)
	1278736  -  ResidentSetSize of job (KB)
...
005 (20421.000.000) 02/25 02:49:07 Job terminated.
	(1) Normal termination (return value 0)
		Usr 0 03:02:38, Sys 0 00:00:26  -  Run Remote Usage
		Usr 0 00:00:00, Sys 0 00:00:00  -  Run Local Usage
		Usr 0 03:02:38, Sys 0 00:00:26  -  Total Remote Usage
		Usr 0 00:00:00, Sys 0 00:00:00  -  Total Local Usage
	0  -  Run Bytes Sent By Job
	0  -  Run Bytes Received By Job
	0  -  Total Bytes Sent By Job
	0  -  Total Bytes Received By Job
	Partitionable Resources :    Usage  Request Allocated
	   Cpus                 :                 2         2
	   Disk (KB)            :        1        1   5108835
	   Memory (MB)          :     1249        1         1
...
