000 (20120.000.000) 02/24 21:34:41 Job submitted from host: <134.76.239.76:13753?addrs=134.76.239.76-13753>
...
001 (20120.000.000) 02/24 21:35:01 Job executing on host: <134.76.239.83:20501?addrs=134.76.239.83-20501>
...
006 (20120.000.000) 02/24 21:35:11 Image size of job updated: 65708
	4  -  MemoryUsage of job (MB)
	4036  -  ResidentSetSize of job (KB)
...
006 (20120.000.000) 02/24 21:40:12 Image size of job updated: 1139564
	915  -  MemoryUsage of job (MB)
	936224  -  ResidentSetSize of job (KB)
...
006 (20120.000.000) 02/24 21:45:12 Image size of job updated: 1145572
	915  -  MemoryUsage of job (MB)
	936224  -  ResidentSetSize of job (KB)
...
006 (20120.000.000) 02/24 22:10:15 Image size of job updated: 1297792
	1063  -  MemoryUsage of job (MB)
	1087944  -  ResidentSetSize of job (KB)
...
006 (20120.000.000) 02/24 22:15:15 Image size of job updated: 1297792
	1065  -  MemoryUsage of job (MB)
	1090296  -  ResidentSetSize of job (KB)
...
006 (20120.000.000) 02/24 22:20:15 Image size of job updated: 1297792
	1065  -  MemoryUsage of job (MB)
	1090352  -  ResidentSetSize of job (KB)
...
006 (20120.000.000) 02/24 22:25:16 Image size of job updated: 1445304
	1235  -  MemoryUsage of job (MB)
	1264244  -  ResidentSetSize of job (KB)
...
006 (20120.000.000) 02/24 22:30:17 Image size of job updated: 1445304
	1235  -  MemoryUsage of job (MB)
	1264628  -  ResidentSetSize of job (KB)
...
006 (20120.000.000) 02/24 22:35:17 Image size of job updated: 1445304
	1236  -  MemoryUsage of job (MB)
	1264972  -  ResidentSetSize of job (KB)
...
006 (20120.000.000) 02/24 22:40:18 Image size of job updated: 1445304
	1236  -  MemoryUsage of job (MB)
	1265372  -  ResidentSetSize of job (KB)
...
006 (20120.000.000) 02/24 23:20:23 Image size of job updated: 1457052
	1245  -  MemoryUsage of job (MB)
	1274304  -  ResidentSetSize of job (KB)
...
006 (20120.000.000) 02/24 23:25:23 Image size of job updated: 1459084
	1247  -  MemoryUsage of job (MB)
	1276672  -  ResidentSetSize of job (KB)
...
006 (20120.000.000) 02/24 23:30:23 Image size of job updated: 1459084
	1248  -  MemoryUsage of job (MB)
	1277020  -  ResidentSetSize of job (KB)
...
006 (20120.000.000) 02/24 23:35:24 Image size of job updated: 1459084
	1248  -  MemoryUsage of job (MB)
	1277624  -  ResidentSetSize of job (KB)
...
006 (20120.000.000) 02/25 00:49:46 Image size of job updated: 9474264
	1248  -  MemoryUsage of job (MB)
	1277624  -  ResidentSetSize of job (KB)
...
005 (20120.000.000) 02/25 00:49:46 Job terminated.
	(1) Normal termination (return value 0)
		Usr 0 05:00:59, Sys 0 00:01:06  -  Run Remote Usage
		Usr 0 00:00:00, Sys 0 00:00:00  -  Run Local Usage
		Usr 0 05:00:59, Sys 0 00:01:06  -  Total Remote Usage
		Usr 0 00:00:00, Sys 0 00:00:00  -  Total Local Usage
	0  -  Run Bytes Sent By Job
	0  -  Run Bytes Received By Job
	0  -  Total Bytes Sent By Job
	0  -  Total Bytes Received By Job
	Partitionable Resources :    Usage  Request Allocated
	   Cpus                 :                 2         2
	   Disk (KB)            :        1        1   5108799
	   Memory (MB)          :     1248        1         1
...
