000 (20313.000.000) 02/24 21:34:51 Job submitted from host: <134.76.239.76:13753?addrs=134.76.239.76-13753>
...
001 (20313.000.000) 02/24 23:43:38 Job executing on host: <134.76.239.90:23525?addrs=134.76.239.90-23525>
...
006 (20313.000.000) 02/24 23:43:46 Image size of job updated: 1
	3  -  MemoryUsage of job (MB)
	2068  -  ResidentSetSize of job (KB)
...
006 (20313.000.000) 02/24 23:48:46 Image size of job updated: 1145364
	927  -  MemoryUsage of job (MB)
	948500  -  ResidentSetSize of job (KB)
...
006 (20313.000.000) 02/24 23:53:47 Image size of job updated: 1146752
	927  -  MemoryUsage of job (MB)
	948500  -  ResidentSetSize of job (KB)
...
006 (20313.000.000) 02/25 00:28:50 Image size of job updated: 1295184
	1066  -  MemoryUsage of job (MB)
	1090944  -  ResidentSetSize of job (KB)
...
006 (20313.000.000) 02/25 00:53:53 Image size of job updated: 1295184
	1066  -  MemoryUsage of job (MB)
	1090948  -  ResidentSetSize of job (KB)
...
006 (20313.000.000) 02/25 00:58:53 Image size of job updated: 1295184
	1067  -  MemoryUsage of job (MB)
	1092536  -  ResidentSetSize of job (KB)
...
006 (20313.000.000) 02/25 01:18:55 Image size of job updated: 1295184
	1068  -  MemoryUsage of job (MB)
	1092872  -  ResidentSetSize of job (KB)
...
006 (20313.000.000) 02/25 02:09:00 Image size of job updated: 1416132
	1212  -  MemoryUsage of job (MB)
	1240136  -  ResidentSetSize of job (KB)
...
006 (20313.000.000) 02/25 02:34:03 Image size of job updated: 1416132
	1212  -  MemoryUsage of job (MB)
	1240468  -  ResidentSetSize of job (KB)
...
006 (20313.000.000) 02/25 02:44:04 Image size of job updated: 1416132
	1212  -  MemoryUsage of job (MB)
	1240512  -  ResidentSetSize of job (KB)
...
006 (20313.000.000) 02/25 05:34:21 Image size of job updated: 1416132
	1217  -  MemoryUsage of job (MB)
	1245852  -  ResidentSetSize of job (KB)
...
006 (20313.000.000) 02/25 05:59:23 Image size of job updated: 1416132
	1218  -  MemoryUsage of job (MB)
	1246240  -  ResidentSetSize of job (KB)
...
006 (20313.000.000) 02/25 06:04:24 Image size of job updated: 1416132
	1218  -  MemoryUsage of job (MB)
	1246244  -  ResidentSetSize of job (KB)
...
006 (20313.000.000) 02/25 06:09:25 Image size of job updated: 1416132
	1218  -  MemoryUsage of job (MB)
	1246288  -  ResidentSetSize of job (KB)
...
006 (20313.000.000) 02/25 06:19:25 Image size of job updated: 1416132
	1218  -  MemoryUsage of job (MB)
	1246348  -  ResidentSetSize of job (KB)
...
006 (20313.000.000) 02/25 06:24:26 Image size of job updated: 1416132
	1218  -  MemoryUsage of job (MB)
	1246352  -  ResidentSetSize of job (KB)
...
006 (20313.000.000) 02/25 06:29:26 Image size of job updated: 1416132
	1218  -  MemoryUsage of job (MB)
	1246356  -  ResidentSetSize of job (KB)
...
006 (20313.000.000) 02/25 08:15:54 Image size of job updated: 12439964
	1218  -  MemoryUsage of job (MB)
	1246356  -  ResidentSetSize of job (KB)
...
005 (20313.000.000) 02/25 08:15:54 Job terminated.
	(1) Normal termination (return value 0)
		Usr 0 14:28:44, Sys 0 00:02:32  -  Run Remote Usage
		Usr 0 00:00:00, Sys 0 00:00:00  -  Run Local Usage
		Usr 0 14:28:44, Sys 0 00:02:32  -  Total Remote Usage
		Usr 0 00:00:00, Sys 0 00:00:00  -  Total Local Usage
	0  -  Run Bytes Sent By Job
	0  -  Run Bytes Received By Job
	0  -  Total Bytes Sent By Job
	0  -  Total Bytes Received By Job
	Partitionable Resources :    Usage  Request Allocated
	   Cpus                 :                 2         2
	   Disk (KB)            :        1        1   5108843
	   Memory (MB)          :     1218        1         1
...
