000 (20372.000.000) 02/24 21:34:54 Job submitted from host: <134.76.239.76:13753?addrs=134.76.239.76-13753>
...
001 (20372.000.000) 02/25 00:24:40 Job executing on host: <134.76.239.90:23525?addrs=134.76.239.90-23525>
...
006 (20372.000.000) 02/25 00:24:48 Image size of job updated: 1
	3  -  MemoryUsage of job (MB)
	2208  -  ResidentSetSize of job (KB)
...
006 (20372.000.000) 02/25 00:29:48 Image size of job updated: 1138992
	923  -  MemoryUsage of job (MB)
	944804  -  ResidentSetSize of job (KB)
...
006 (20372.000.000) 02/25 00:34:48 Image size of job updated: 1145968
	923  -  MemoryUsage of job (MB)
	944804  -  ResidentSetSize of job (KB)
...
006 (20372.000.000) 02/25 00:39:49 Image size of job updated: 1145968
	925  -  MemoryUsage of job (MB)
	946244  -  ResidentSetSize of job (KB)
...
006 (20372.000.000) 02/25 00:44:49 Image size of job updated: 1326144
	1153  -  MemoryUsage of job (MB)
	1180288  -  ResidentSetSize of job (KB)
...
006 (20372.000.000) 02/25 00:49:49 Image size of job updated: 1512628
	1297  -  MemoryUsage of job (MB)
	1327892  -  ResidentSetSize of job (KB)
...
006 (20372.000.000) 02/25 00:54:50 Image size of job updated: 1561700
	1346  -  MemoryUsage of job (MB)
	1377300  -  ResidentSetSize of job (KB)
...
006 (20372.000.000) 02/25 00:59:51 Image size of job updated: 1561708
	1346  -  MemoryUsage of job (MB)
	1377300  -  ResidentSetSize of job (KB)
...
006 (20372.000.000) 02/25 01:24:53 Image size of job updated: 1561708
	1347  -  MemoryUsage of job (MB)
	1378628  -  ResidentSetSize of job (KB)
...
006 (20372.000.000) 02/25 01:29:54 Image size of job updated: 1561708
	1347  -  MemoryUsage of job (MB)
	1378956  -  ResidentSetSize of job (KB)
...
005 (20372.000.000) 02/25 02:38:19 Job terminated.
	(1) Normal termination (return value 0)
		Usr 0 03:35:29, Sys 0 00:00:36  -  Run Remote Usage
		Usr 0 00:00:00, Sys 0 00:00:00  -  Run Local Usage
		Usr 0 03:35:29, Sys 0 00:00:36  -  Total Remote Usage
		Usr 0 00:00:00, Sys 0 00:00:00  -  Total Local Usage
	0  -  Run Bytes Sent By Job
	0  -  Run Bytes Received By Job
	0  -  Total Bytes Sent By Job
	0  -  Total Bytes Received By Job
	Partitionable Resources :    Usage  Request Allocated
	   Cpus                 :                 2         2
	   Disk (KB)            :        1        1   5108839
	   Memory (MB)          :     1347        1         1
...
