DATE: 2016-02-26
TIME: 16:59:38
                                         version_number        8118
 read inlist_1.0
 create pre-main-sequence model
                                                species           8
 abundances
                                                     h1    7.2656500000000002D-01
                                                    he3    2.5037995120398709D-05
                                                    he4    2.3524996200487963D-01
                                                    c12    6.5665930454293624D-03
                                                    n14    1.9235665073642375D-03
                                                    o16    1.7859732130239041D-02
                                                   ne20    4.0057695840231078D-03
                                                   mg24    7.8043387329442236D-03


                                        relax_num_steps


                               finished relax_num_steps

 new_lnPgas_flag T
                                        relax_initial_Z    3.8159999999999999D-02
                                                  new z    3.8159999999999812D-02
                                        relax_initial_Y    2.3527500000000001D-01
                                                  new y    2.3527500000000012D-01
 net name basic.net
 do_element_diffusion T
 lnPgas_flag T
 kappa_file_prefix gs98
 kappa_lowT_prefix lowT_fa05_gs98
   eos_file_prefix mesa
                                        OMP_NUM_THREADS           1



stop because Lnuc_div_L >= Lnuc_div_L_zams_limit
    0.1003096469E+01    0.9990000000E+00

        827   7.162403   5623.329   0.153869   0.153869   1.340146   1.340146   0.726293   0.002548   0.235275   0.726496  -2.216817    800      0
   5.369451   1.736477   0.099792 -46.338550  -1.250145 -99.000000   0.000000   0.235458   0.017860   0.038160   0.235325   0.065834      2      0
 3.0941E+07  17.034937   0.152526 -99.000000   4.624497  -6.936208   0.000000   0.006031   0.004006  3.825E-02  3.818E-02 -0.123E-09    varcontrol

save photos/x827 for model 827
save final_profile.data write fgong_plot.data
                               s% atm_structure_num_pts          57
save final_profile.data.FGONG    827
 final_profile.data.FGONG for model 827
 saved to zams.mod
termination code: Lnuc_div_L_zams_limit

       runtime, prev time, retries, backups, steps         7.7        28.2         0         0       827
        827   7.162403   5623.329   0.153869   0.153869   1.340146   1.340146   0.726293   0.002548   0.235275   0.726496  -2.216817    800      0
   5.369451   1.736477   0.099792 -46.338550  -1.250145 -99.000000   0.000000   0.235458   0.017860   0.038160   0.235325   0.065834      2      0
 3.0941E+07  17.034937   0.152526 -99.000000   4.624497  -6.936208   0.000000   0.006031   0.004006  3.825E-02  3.818E-02 -0.123E-09    varcontrol

DATE: 2016-02-26
TIME: 17:09:14
DATE: 2016-02-26
TIME: 17:09:15
                                         version_number        8118
 read inlist_1.0
load saved model zams.mod

 new_lnPgas_flag T
 net name basic.net
 do_element_diffusion T
 lnPgas_flag T
                       which_atm_option: Eddington_grey
 kappa_file_prefix gs98
 kappa_lowT_prefix lowT_fa05_gs98
   eos_file_prefix mesa
                                        OMP_NUM_THREADS           1


__________________________________________________________________________________________________________________________________________________

       step    lg_Tcntr    Teff       lg_LH     lg_Lnuc     Mass       H_rich     H_cntr     N_cntr     Y_surf     X_avg     eta_cntr  zones retry
   lg_dt_yr    lg_Dcntr    lg_R       lg_L3a    lg_Lneu     lg_Mdot    He_core    He_cntr    O_cntr     Z_surf     Y_avg     gam_cntr  iters bckup
     age_yr    lg_Pcntr    lg_L       lg_LZ     lg_Psurf    lg_Dsurf   C_core     C_cntr     Ne_cntr    Z_cntr     Z_avg     v_div_cs     dt_limit
__________________________________________________________________________________________________________________________________________________

