000 (20020.000.000) 02/24 21:34:35 Job submitted from host: <134.76.239.76:13753?addrs=134.76.239.76-13753>
...
001 (20020.000.000) 02/24 21:34:50 Job executing on host: <134.76.239.78:21556?addrs=134.76.239.78-21556>
...
006 (20020.000.000) 02/24 21:35:03 Image size of job updated: 65708
	4  -  MemoryUsage of job (MB)
	3836  -  ResidentSetSize of job (KB)
...
006 (20020.000.000) 02/24 21:40:04 Image size of job updated: 145596
	18  -  MemoryUsage of job (MB)
	18172  -  ResidentSetSize of job (KB)
...
006 (20020.000.000) 02/24 21:45:05 Image size of job updated: 1141176
	922  -  MemoryUsage of job (MB)
	943740  -  ResidentSetSize of job (KB)
...
006 (20020.000.000) 02/24 21:50:05 Image size of job updated: 1144260
	922  -  MemoryUsage of job (MB)
	943740  -  ResidentSetSize of job (KB)
...
006 (20020.000.000) 02/24 22:05:07 Image size of job updated: 1439496
	1198  -  MemoryUsage of job (MB)
	1226200  -  ResidentSetSize of job (KB)
...
006 (20020.000.000) 02/24 22:10:07 Image size of job updated: 1439496
	1198  -  MemoryUsage of job (MB)
	1226600  -  ResidentSetSize of job (KB)
...
006 (20020.000.000) 02/24 22:20:09 Image size of job updated: 1439496
	1199  -  MemoryUsage of job (MB)
	1226924  -  ResidentSetSize of job (KB)
...
006 (20020.000.000) 02/24 22:25:09 Image size of job updated: 1560444
	1342  -  MemoryUsage of job (MB)
	1374188  -  ResidentSetSize of job (KB)
...
006 (20020.000.000) 02/24 22:30:09 Image size of job updated: 1584980
	1343  -  MemoryUsage of job (MB)
	1374516  -  ResidentSetSize of job (KB)
...
006 (20020.000.000) 02/24 22:35:10 Image size of job updated: 1609516
	1391  -  MemoryUsage of job (MB)
	1423588  -  ResidentSetSize of job (KB)
...
006 (20020.000.000) 02/24 22:45:10 Image size of job updated: 1609516
	1391  -  MemoryUsage of job (MB)
	1423936  -  ResidentSetSize of job (KB)
...
006 (20020.000.000) 02/24 23:30:15 Image size of job updated: 1623256
	1403  -  MemoryUsage of job (MB)
	1436008  -  ResidentSetSize of job (KB)
...
006 (20020.000.000) 02/24 23:35:15 Image size of job updated: 1623256
	1403  -  MemoryUsage of job (MB)
	1436328  -  ResidentSetSize of job (KB)
...
006 (20020.000.000) 02/25 01:07:03 Image size of job updated: 8318884
	1403  -  MemoryUsage of job (MB)
	1436328  -  ResidentSetSize of job (KB)
...
005 (20020.000.000) 02/25 01:07:03 Job terminated.
	(1) Normal termination (return value 0)
		Usr 0 05:09:57, Sys 0 00:01:17  -  Run Remote Usage
		Usr 0 00:00:00, Sys 0 00:00:00  -  Run Local Usage
		Usr 0 05:09:57, Sys 0 00:01:17  -  Total Remote Usage
		Usr 0 00:00:00, Sys 0 00:00:00  -  Total Local Usage
	0  -  Run Bytes Sent By Job
	0  -  Run Bytes Received By Job
	0  -  Total Bytes Sent By Job
	0  -  Total Bytes Received By Job
	Partitionable Resources :    Usage  Request Allocated
	   Cpus                 :                 2         2
	   Disk (KB)            :        1        1   5108827
	   Memory (MB)          :     1403        1         1
...
