DATE: 2016-02-25
TIME: 13:24:44
                                         version_number        8118
 read inlist_1.0
 create pre-main-sequence model
                                                species           8
 abundances
                                                     h1    7.3279000000000005D-01
                                                    he3    2.7957737694506704D-05
                                                    he4    2.6268304226230549D-01
                                                    c12    7.7419030690217318D-04
                                                    n14    2.2678526511089544D-04
                                                    o16    2.1056324647260494D-03
                                                   ne20    4.7227351568448892D-04
                                                   mg24    9.2011844757642356D-04


                                        relax_num_steps


                               finished relax_num_steps

 new_lnPgas_flag T
                                        relax_initial_Z    4.4990000000000004D-03
                                                  new z    4.4989999999999232D-03
                                        relax_initial_Y    2.6271099999999997D-01
                                                  new y    2.6271099999999992D-01
 net name basic.net
 do_element_diffusion T
 lnPgas_flag T
 kappa_file_prefix gs98
 kappa_lowT_prefix lowT_fa05_gs98
   eos_file_prefix mesa
                                        OMP_NUM_THREADS           2


