000 (20532.000.000) 02/24 21:35:03 Job submitted from host: <134.76.239.76:13753?addrs=134.76.239.76-13753>
...
001 (20532.000.000) 02/25 02:05:41 Job executing on host: <134.76.239.85:29523?addrs=134.76.239.85-29523>
...
006 (20532.000.000) 02/25 02:05:50 Image size of job updated: 1
	3  -  MemoryUsage of job (MB)
	2068  -  ResidentSetSize of job (KB)
...
006 (20532.000.000) 02/25 02:10:51 Image size of job updated: 1142648
	924  -  MemoryUsage of job (MB)
	945776  -  ResidentSetSize of job (KB)
...
006 (20532.000.000) 02/25 02:15:52 Image size of job updated: 1145620
	924  -  MemoryUsage of job (MB)
	945776  -  ResidentSetSize of job (KB)
...
006 (20532.000.000) 02/25 02:20:52 Image size of job updated: 1276868
	1079  -  MemoryUsage of job (MB)
	1103960  -  ResidentSetSize of job (KB)
...
006 (20532.000.000) 02/25 02:25:52 Image size of job updated: 1471424
	1295  -  MemoryUsage of job (MB)
	1325504  -  ResidentSetSize of job (KB)
...
006 (20532.000.000) 02/25 02:30:53 Image size of job updated: 1471432
	1295  -  MemoryUsage of job (MB)
	1325504  -  ResidentSetSize of job (KB)
...
006 (20532.000.000) 02/25 02:40:54 Image size of job updated: 1500496
	1295  -  MemoryUsage of job (MB)
	1325504  -  ResidentSetSize of job (KB)
...
006 (20532.000.000) 02/25 02:50:56 Image size of job updated: 1500844
	1295  -  MemoryUsage of job (MB)
	1325504  -  ResidentSetSize of job (KB)
...
006 (20532.000.000) 02/25 03:00:56 Image size of job updated: 1574172
	1345  -  MemoryUsage of job (MB)
	1376868  -  ResidentSetSize of job (KB)
...
006 (20532.000.000) 02/25 03:05:57 Image size of job updated: 1576660
	1345  -  MemoryUsage of job (MB)
	1376868  -  ResidentSetSize of job (KB)
...
006 (20532.000.000) 02/25 03:20:59 Image size of job updated: 1576660
	1347  -  MemoryUsage of job (MB)
	1379164  -  ResidentSetSize of job (KB)
...
006 (20532.000.000) 02/25 04:26:05 Image size of job updated: 1586056
	1347  -  MemoryUsage of job (MB)
	1379164  -  ResidentSetSize of job (KB)
...
006 (20532.000.000) 02/25 04:31:06 Image size of job updated: 1587868
	1348  -  MemoryUsage of job (MB)
	1379544  -  ResidentSetSize of job (KB)
...
006 (20532.000.000) 02/25 04:36:06 Image size of job updated: 1587876
	1348  -  MemoryUsage of job (MB)
	1379544  -  ResidentSetSize of job (KB)
...
006 (20532.000.000) 02/25 04:56:08 Image size of job updated: 1587876
	1355  -  MemoryUsage of job (MB)
	1387356  -  ResidentSetSize of job (KB)
...
006 (20532.000.000) 02/25 05:01:09 Image size of job updated: 1587876
	1356  -  MemoryUsage of job (MB)
	1388540  -  ResidentSetSize of job (KB)
...
022 (20532.000.000) 02/25 05:32:36 Job disconnected, attempting to reconnect
    Socket between submit and execute hosts closed unexpectedly
    Trying to reconnect to slot1@seismo25.mps.mpg.de <134.76.239.85:29523?addrs=134.76.239.85-29523>
...
024 (20532.000.000) 02/25 06:12:39 Job reconnection failed
    Job disconnected too long: JobLeaseDuration (2400 seconds) expired
    Can not reconnect to slot1@seismo25.mps.mpg.de, rescheduling job
...
001 (20532.000.000) 02/25 06:15:48 Job executing on host: <134.76.239.88:25067?addrs=134.76.239.88-25067>
...
004 (20532.000.000) 02/25 09:57:09 Job was evicted.
	(0) Job was not checkpointed.
		Usr 0 05:56:49, Sys 0 00:01:35  -  Run Remote Usage
		Usr 0 00:00:00, Sys 0 00:00:00  -  Run Local Usage
	0  -  Run Bytes Sent By Job
	0  -  Run Bytes Received By Job
	Partitionable Resources :    Usage  Request Allocated
	   Cpus                 :                 2         2
	   Disk (KB)            :        1        1   5108685
	   Memory (MB)          :     1465     1465      1465
...
001 (20532.000.000) 02/25 09:58:51 Job executing on host: <134.76.239.80:23833?addrs=134.76.239.80-23833>
...
004 (20532.000.000) 02/25 09:59:08 Job was evicted.
	(0) Job was not checkpointed.
		Usr 0 00:00:00, Sys 0 00:00:00  -  Run Remote Usage
		Usr 0 00:00:00, Sys 0 00:00:00  -  Run Local Usage
	0  -  Run Bytes Sent By Job
	0  -  Run Bytes Received By Job
	Partitionable Resources :    Usage  Request Allocated
	   Cpus                 :                 2         2
	   Disk (KB)            :        1        1   5045740
	   Memory (MB)          :     1465     1465      1465
...
001 (20532.000.000) 02/25 09:59:30 Job executing on host: <134.76.239.89:24193?addrs=134.76.239.89-24193>
...
004 (20532.000.000) 02/25 10:02:31 Job was evicted.
	(0) Job was not checkpointed.
		Usr 0 00:00:54, Sys 0 00:00:01  -  Run Remote Usage
		Usr 0 00:00:00, Sys 0 00:00:00  -  Run Local Usage
	0  -  Run Bytes Sent By Job
	0  -  Run Bytes Received By Job
	Partitionable Resources :    Usage  Request Allocated
	   Cpus                 :                 2         2
	   Disk (KB)            :        1        1   5108731
	   Memory (MB)          :     1465     1465      1465
...
001 (20532.000.000) 02/25 10:03:32 Job executing on host: <134.76.239.90:23525?addrs=134.76.239.90-23525>
...
004 (20532.000.000) 02/25 10:08:52 Job was evicted.
	(0) Job was not checkpointed.
		Usr 0 00:09:39, Sys 0 00:00:04  -  Run Remote Usage
		Usr 0 00:00:00, Sys 0 00:00:00  -  Run Local Usage
	0  -  Run Bytes Sent By Job
	0  -  Run Bytes Received By Job
	Partitionable Resources :    Usage  Request Allocated
	   Cpus                 :                 2         2
	   Disk (KB)            :        1        1   5108715
	   Memory (MB)          :     1465     1465      1465
...
001 (20532.000.000) 02/25 10:10:16 Job executing on host: <134.76.239.83:20501?addrs=134.76.239.83-20501>
...
004 (20532.000.000) 02/25 10:49:49 Job was evicted.
	(0) Job was not checkpointed.
		Usr 0 01:08:17, Sys 0 00:00:25  -  Run Remote Usage
		Usr 0 00:00:00, Sys 0 00:00:00  -  Run Local Usage
	0  -  Run Bytes Sent By Job
	0  -  Run Bytes Received By Job
	Partitionable Resources :    Usage  Request Allocated
	   Cpus                 :                 2         2
	   Disk (KB)            :        1        1   5108613
	   Memory (MB)          :     1465     1465      1465
...
001 (20532.000.000) 02/25 10:50:42 Job executing on host: <134.76.239.87:13734?addrs=134.76.239.87-13734>
...
004 (20532.000.000) 02/25 10:52:27 Job was evicted.
	(0) Job was not checkpointed.
		Usr 0 00:02:25, Sys 0 00:00:01  -  Run Remote Usage
		Usr 0 00:00:00, Sys 0 00:00:00  -  Run Local Usage
	0  -  Run Bytes Sent By Job
	0  -  Run Bytes Received By Job
	Partitionable Resources :    Usage  Request Allocated
	   Cpus                 :                 2         2
	   Disk (KB)            :        1        1   5108618
	   Memory (MB)          :     1465     1465      1465
...
001 (20532.000.000) 02/25 10:54:27 Job executing on host: <134.76.239.80:23833?addrs=134.76.239.80-23833>
...
004 (20532.000.000) 02/25 11:04:25 Job was evicted.
	(0) Job was not checkpointed.
		Usr 0 00:17:00, Sys 0 00:00:04  -  Run Remote Usage
		Usr 0 00:00:00, Sys 0 00:00:00  -  Run Local Usage
	0  -  Run Bytes Sent By Job
	0  -  Run Bytes Received By Job
	Partitionable Resources :    Usage  Request Allocated
	   Cpus                 :                 2         2
	   Disk (KB)            :        1        1   5045688
	   Memory (MB)          :     1465     1465      1465
...
001 (20532.000.000) 02/25 11:06:25 Job executing on host: <134.76.239.89:24193?addrs=134.76.239.89-24193>
...
004 (20532.000.000) 02/25 11:08:07 Job was evicted.
	(0) Job was not checkpointed.
		Usr 0 00:02:17, Sys 0 00:00:02  -  Run Remote Usage
		Usr 0 00:00:00, Sys 0 00:00:00  -  Run Local Usage
	0  -  Run Bytes Sent By Job
	0  -  Run Bytes Received By Job
	Partitionable Resources :    Usage  Request Allocated
	   Cpus                 :                 2         2
	   Disk (KB)            :        1        1   5108663
	   Memory (MB)          :     1465     1465      1465
...
001 (20532.000.000) 02/25 11:11:05 Job executing on host: <134.76.239.90:23525?addrs=134.76.239.90-23525>
...
