000 (20843.000.000) 02/24 21:35:19 Job submitted from host: <134.76.239.76:13753?addrs=134.76.239.76-13753>
...
001 (20843.000.000) 02/25 05:41:48 Job executing on host: <134.76.239.88:25067?addrs=134.76.239.88-25067>
...
006 (20843.000.000) 02/25 05:41:56 Image size of job updated: 145340
	20  -  MemoryUsage of job (MB)
	19776  -  ResidentSetSize of job (KB)
...
006 (20843.000.000) 02/25 05:46:56 Image size of job updated: 1144076
	922  -  MemoryUsage of job (MB)
	943596  -  ResidentSetSize of job (KB)
...
006 (20843.000.000) 02/25 05:51:56 Image size of job updated: 1147092
	922  -  MemoryUsage of job (MB)
	943596  -  ResidentSetSize of job (KB)
...
006 (20843.000.000) 02/25 05:56:57 Image size of job updated: 1279084
	1067  -  MemoryUsage of job (MB)
	1091744  -  ResidentSetSize of job (KB)
...
006 (20843.000.000) 02/25 06:01:57 Image size of job updated: 1424568
	1237  -  MemoryUsage of job (MB)
	1266080  -  ResidentSetSize of job (KB)
...
006 (20843.000.000) 02/25 06:06:57 Image size of job updated: 1424576
	1237  -  MemoryUsage of job (MB)
	1266080  -  ResidentSetSize of job (KB)
...
006 (20843.000.000) 02/25 06:21:59 Image size of job updated: 1476948
	1250  -  MemoryUsage of job (MB)
	1279044  -  ResidentSetSize of job (KB)
...
006 (20843.000.000) 02/25 06:27:00 Image size of job updated: 1476948
	1250  -  MemoryUsage of job (MB)
	1279428  -  ResidentSetSize of job (KB)
...
006 (20843.000.000) 02/25 06:32:01 Image size of job updated: 1476960
	1250  -  MemoryUsage of job (MB)
	1279428  -  ResidentSetSize of job (KB)
...
005 (20843.000.000) 02/25 07:19:37 Job terminated.
	(1) Normal termination (return value 0)
		Usr 0 02:30:40, Sys 0 00:00:38  -  Run Remote Usage
		Usr 0 00:00:00, Sys 0 00:00:00  -  Run Local Usage
		Usr 0 02:30:40, Sys 0 00:00:38  -  Total Remote Usage
		Usr 0 00:00:00, Sys 0 00:00:00  -  Total Local Usage
	0  -  Run Bytes Sent By Job
	0  -  Run Bytes Received By Job
	0  -  Total Bytes Sent By Job
	0  -  Total Bytes Received By Job
	Partitionable Resources :    Usage  Request Allocated
	   Cpus                 :                 2         2
	   Disk (KB)            :        1        1   5108680
	   Memory (MB)          :     1250        1         1
...
