000 (20793.000.000) 02/24 21:35:16 Job submitted from host: <134.76.239.76:13753?addrs=134.76.239.76-13753>
...
001 (20793.000.000) 02/25 05:04:47 Job executing on host: <134.76.239.78:21556?addrs=134.76.239.78-21556>
...
006 (20793.000.000) 02/25 05:04:56 Image size of job updated: 1
	3  -  MemoryUsage of job (MB)
	2072  -  ResidentSetSize of job (KB)
...
006 (20793.000.000) 02/25 05:09:57 Image size of job updated: 1146764
	934  -  MemoryUsage of job (MB)
	955952  -  ResidentSetSize of job (KB)
...
006 (20793.000.000) 02/25 05:14:57 Image size of job updated: 1147368
	934  -  MemoryUsage of job (MB)
	955952  -  ResidentSetSize of job (KB)
...
006 (20793.000.000) 02/25 05:24:58 Image size of job updated: 1241992
	1060  -  MemoryUsage of job (MB)
	1084496  -  ResidentSetSize of job (KB)
...
006 (20793.000.000) 02/25 05:29:59 Image size of job updated: 1241992
	1060  -  MemoryUsage of job (MB)
	1084508  -  ResidentSetSize of job (KB)
...
006 (20793.000.000) 02/25 05:34:59 Image size of job updated: 1241992
	1060  -  MemoryUsage of job (MB)
	1084840  -  ResidentSetSize of job (KB)
...
006 (20793.000.000) 02/25 05:40:00 Image size of job updated: 1428476
	1204  -  MemoryUsage of job (MB)
	1232108  -  ResidentSetSize of job (KB)
...
006 (20793.000.000) 02/25 05:45:01 Image size of job updated: 1428476
	1204  -  MemoryUsage of job (MB)
	1232436  -  ResidentSetSize of job (KB)
...
006 (20793.000.000) 02/25 05:50:01 Image size of job updated: 1428476
	1204  -  MemoryUsage of job (MB)
	1232444  -  ResidentSetSize of job (KB)
...
006 (20793.000.000) 02/25 06:00:02 Image size of job updated: 1428476
	1204  -  MemoryUsage of job (MB)
	1232764  -  ResidentSetSize of job (KB)
...
006 (20793.000.000) 02/25 06:05:02 Image size of job updated: 1428968
	1204  -  MemoryUsage of job (MB)
	1232768  -  ResidentSetSize of job (KB)
...
006 (20793.000.000) 02/25 06:15:04 Image size of job updated: 1428968
	1204  -  MemoryUsage of job (MB)
	1232772  -  ResidentSetSize of job (KB)
...
006 (20793.000.000) 02/25 06:20:04 Image size of job updated: 1432000
	1205  -  MemoryUsage of job (MB)
	1232928  -  ResidentSetSize of job (KB)
...
006 (20793.000.000) 02/25 06:25:04 Image size of job updated: 1432000
	1206  -  MemoryUsage of job (MB)
	1234224  -  ResidentSetSize of job (KB)
...
006 (20793.000.000) 02/25 07:00:07 Image size of job updated: 1432000
	1207  -  MemoryUsage of job (MB)
	1235140  -  ResidentSetSize of job (KB)
...
006 (20793.000.000) 02/25 07:05:08 Image size of job updated: 1432000
	1207  -  MemoryUsage of job (MB)
	1235496  -  ResidentSetSize of job (KB)
...
006 (20793.000.000) 02/25 07:10:09 Image size of job updated: 1432000
	1207  -  MemoryUsage of job (MB)
	1235504  -  ResidentSetSize of job (KB)
...
006 (20793.000.000) 02/25 07:15:09 Image size of job updated: 1432000
	1207  -  MemoryUsage of job (MB)
	1235824  -  ResidentSetSize of job (KB)
...
006 (20793.000.000) 02/25 07:20:09 Image size of job updated: 1432000
	1207  -  MemoryUsage of job (MB)
	1235828  -  ResidentSetSize of job (KB)
...
006 (20793.000.000) 02/25 07:30:10 Image size of job updated: 1432000
	1207  -  MemoryUsage of job (MB)
	1235832  -  ResidentSetSize of job (KB)
...
006 (20793.000.000) 02/25 07:35:10 Image size of job updated: 1432000
	1207  -  MemoryUsage of job (MB)
	1235916  -  ResidentSetSize of job (KB)
...
006 (20793.000.000) 02/25 07:40:11 Image size of job updated: 1432000
	1209  -  MemoryUsage of job (MB)
	1237980  -  ResidentSetSize of job (KB)
...
005 (20793.000.000) 02/25 08:56:50 Job terminated.
	(1) Normal termination (return value 0)
		Usr 0 06:30:58, Sys 0 00:01:39  -  Run Remote Usage
		Usr 0 00:00:00, Sys 0 00:00:00  -  Run Local Usage
		Usr 0 06:30:58, Sys 0 00:01:39  -  Total Remote Usage
		Usr 0 00:00:00, Sys 0 00:00:00  -  Total Local Usage
	0  -  Run Bytes Sent By Job
	0  -  Run Bytes Received By Job
	0  -  Total Bytes Sent By Job
	0  -  Total Bytes Received By Job
	Partitionable Resources :    Usage  Request Allocated
	   Cpus                 :                 2         2
	   Disk (KB)            :        1        1   5108735
	   Memory (MB)          :     1209        1         1
...
