000 (20066.000.000) 02/24 21:34:38 Job submitted from host: <134.76.239.76:13753?addrs=134.76.239.76-13753>
...
001 (20066.000.000) 02/24 21:34:53 Job executing on host: <134.76.239.84:12289?addrs=134.76.239.84-12289>
...
006 (20066.000.000) 02/24 21:35:02 Image size of job updated: 827420
	625  -  MemoryUsage of job (MB)
	639968  -  ResidentSetSize of job (KB)
...
006 (20066.000.000) 02/24 21:40:03 Image size of job updated: 1146708
	904  -  MemoryUsage of job (MB)
	924772  -  ResidentSetSize of job (KB)
...
006 (20066.000.000) 02/24 21:45:03 Image size of job updated: 1146708
	904  -  MemoryUsage of job (MB)
	924792  -  ResidentSetSize of job (KB)
...
006 (20066.000.000) 02/24 21:50:03 Image size of job updated: 1146708
	904  -  MemoryUsage of job (MB)
	924800  -  ResidentSetSize of job (KB)
...
006 (20066.000.000) 02/24 21:55:04 Image size of job updated: 1146708
	904  -  MemoryUsage of job (MB)
	925136  -  ResidentSetSize of job (KB)
...
006 (20066.000.000) 02/24 22:15:06 Image size of job updated: 1241436
	1061  -  MemoryUsage of job (MB)
	1085560  -  ResidentSetSize of job (KB)
...
006 (20066.000.000) 02/24 22:35:08 Image size of job updated: 1241436
	1061  -  MemoryUsage of job (MB)
	1085896  -  ResidentSetSize of job (KB)
...
006 (20066.000.000) 02/24 22:40:08 Image size of job updated: 1241920
	1061  -  MemoryUsage of job (MB)
	1085900  -  ResidentSetSize of job (KB)
...
006 (20066.000.000) 02/24 22:50:10 Image size of job updated: 1428404
	1205  -  MemoryUsage of job (MB)
	1233172  -  ResidentSetSize of job (KB)
...
006 (20066.000.000) 02/24 22:55:10 Image size of job updated: 1455884
	1229  -  MemoryUsage of job (MB)
	1258100  -  ResidentSetSize of job (KB)
...
006 (20066.000.000) 02/24 23:00:10 Image size of job updated: 1455884
	1229  -  MemoryUsage of job (MB)
	1258144  -  ResidentSetSize of job (KB)
...
006 (20066.000.000) 02/24 23:10:12 Image size of job updated: 1455884
	1229  -  MemoryUsage of job (MB)
	1258464  -  ResidentSetSize of job (KB)
...
006 (20066.000.000) 02/24 23:15:12 Image size of job updated: 1455884
	1229  -  MemoryUsage of job (MB)
	1258484  -  ResidentSetSize of job (KB)
...
006 (20066.000.000) 02/24 23:20:13 Image size of job updated: 1455884
	1231  -  MemoryUsage of job (MB)
	1259908  -  ResidentSetSize of job (KB)
...
006 (20066.000.000) 02/24 23:25:14 Image size of job updated: 1457824
	1231  -  MemoryUsage of job (MB)
	1259908  -  ResidentSetSize of job (KB)
...
006 (20066.000.000) 02/25 00:35:21 Image size of job updated: 1457824
	1240  -  MemoryUsage of job (MB)
	1269260  -  ResidentSetSize of job (KB)
...
006 (20066.000.000) 02/25 00:40:21 Image size of job updated: 1457824
	1240  -  MemoryUsage of job (MB)
	1269672  -  ResidentSetSize of job (KB)
...
006 (20066.000.000) 02/25 00:45:22 Image size of job updated: 1457824
	1240  -  MemoryUsage of job (MB)
	1269708  -  ResidentSetSize of job (KB)
...
006 (20066.000.000) 02/25 00:55:23 Image size of job updated: 1457824
	1241  -  MemoryUsage of job (MB)
	1270024  -  ResidentSetSize of job (KB)
...
006 (20066.000.000) 02/25 01:00:24 Image size of job updated: 1457824
	1241  -  MemoryUsage of job (MB)
	1270040  -  ResidentSetSize of job (KB)
...
006 (20066.000.000) 02/25 01:05:25 Image size of job updated: 1457824
	1242  -  MemoryUsage of job (MB)
	1271360  -  ResidentSetSize of job (KB)
...
006 (20066.000.000) 02/25 02:38:28 Image size of job updated: 11477432
	1242  -  MemoryUsage of job (MB)
	1271360  -  ResidentSetSize of job (KB)
...
005 (20066.000.000) 02/25 02:38:28 Job terminated.
	(1) Normal termination (return value 0)
		Usr 0 08:41:18, Sys 0 00:01:46  -  Run Remote Usage
		Usr 0 00:00:00, Sys 0 00:00:00  -  Run Local Usage
		Usr 0 08:41:18, Sys 0 00:01:46  -  Total Remote Usage
		Usr 0 00:00:00, Sys 0 00:00:00  -  Total Local Usage
	0  -  Run Bytes Sent By Job
	0  -  Run Bytes Received By Job
	0  -  Total Bytes Sent By Job
	0  -  Total Bytes Received By Job
	Partitionable Resources :    Usage  Request Allocated
	   Cpus                 :                 2         2
	   Disk (KB)            :        1        1   5108624
	   Memory (MB)          :     1242        1         1
...
