DATE: 2016-02-26
TIME: 16:59:39
                                         version_number        8118
 read inlist_1.0
 create pre-main-sequence model
                                                species           8
 abundances
                                                     h1    7.6830100000000012D-01
                                                    he3    2.4589008609239591D-05
                                                    he4    2.3103141099139080D-01
                                                    c12    1.1064778113759828D-04
                                                    n14    3.2412297280794234D-05
                                                    o16    3.0093835848382612D-04
                                                   ne20    6.7497637382774037D-05
                                                   mg24    1.3150392571495659D-04


                                        relax_num_steps


                               finished relax_num_steps

 new_lnPgas_flag T
                                        relax_initial_Z    6.4300000000000002D-04
                                                  new z    6.4300000000000099D-04
                                        relax_initial_Y    2.3105600000000001D-01
                                                  new y    2.3105600000000012D-01
 net name basic.net
 do_element_diffusion T
 lnPgas_flag T
 kappa_file_prefix gs98
 kappa_lowT_prefix lowT_fa05_gs98
   eos_file_prefix mesa
                                        OMP_NUM_THREADS           1



stop because Lnuc_div_L >= Lnuc_div_L_zams_limit
    0.9994946435E+00    0.9990000000E+00

        894   7.212215   7581.640   0.436079   0.436079   1.146786   1.146786   0.767652   0.000144   0.231053   0.768110  -1.753407    893      0
   5.963450   1.991237  -0.017861 -43.382548  -1.185173 -99.000000   0.000000   0.231689   0.000301   0.000643   0.231244   0.069167      2      0
 1.6377E+07  17.356184   0.436299 -15.051500   4.099333  -7.608670   0.000000   0.000015   0.000067  6.590E-04  6.467E-04  0.456E-12  max increase

save photos/x894 for model 894
save final_profile.data write fgong_plot.data
                               s% atm_structure_num_pts          49
save final_profile.data.FGONG    894
 final_profile.data.FGONG for model 894
 saved to zams.mod
termination code: Lnuc_div_L_zams_limit

       runtime, prev time, retries, backups, steps         8.1        28.2         0         0       894
        894   7.212215   7581.640   0.436079   0.436079   1.146786   1.146786   0.767652   0.000144   0.231053   0.768110  -1.753407    893      0
   5.963450   1.991237  -0.017861 -43.382548  -1.185173 -99.000000   0.000000   0.231689   0.000301   0.000643   0.231244   0.069167      2      0
 1.6377E+07  17.356184   0.436299 -15.051500   4.099333  -7.608670   0.000000   0.000015   0.000067  6.590E-04  6.467E-04  0.456E-12  max increase

DATE: 2016-02-26
TIME: 17:09:37
DATE: 2016-02-26
TIME: 17:09:37
                                         version_number        8118
 read inlist_1.0
load saved model zams.mod

 new_lnPgas_flag T
 net name basic.net
 do_element_diffusion T
 lnPgas_flag T
                       which_atm_option: Eddington_grey
 kappa_file_prefix gs98
 kappa_lowT_prefix lowT_fa05_gs98
   eos_file_prefix mesa
                                        OMP_NUM_THREADS           1


__________________________________________________________________________________________________________________________________________________

       step    lg_Tcntr    Teff       lg_LH     lg_Lnuc     Mass       H_rich     H_cntr     N_cntr     Y_surf     X_avg     eta_cntr  zones retry
   lg_dt_yr    lg_Dcntr    lg_R       lg_L3a    lg_Lneu     lg_Mdot    He_core    He_cntr    O_cntr     Z_surf     Y_avg     gam_cntr  iters bckup
     age_yr    lg_Pcntr    lg_L       lg_LZ     lg_Psurf    lg_Dsurf   C_core     C_cntr     Ne_cntr    Z_cntr     Z_avg     v_div_cs     dt_limit
__________________________________________________________________________________________________________________________________________________

        895   7.212158   7628.370   0.437101   0.437101   1.146786   1.146786   0.767561   0.000149   0.231053   0.768084  -1.752526    893      0
   6.000000   1.991537  -0.023015 -43.384400  -1.187598 -99.000000   0.000000   0.231779   0.000301   0.000643   0.231269   0.069194     22      0
 1.7377E+07  17.356403   0.436665 -14.875409   4.523428  -7.193494   0.000000   0.000011   0.000067  6.596E-04  6.469E-04 -0.294E-10              

