000 (20194.000.000) 02/24 21:34:44 Job submitted from host: <134.76.239.76:13753?addrs=134.76.239.76-13753>
...
001 (20194.000.000) 02/24 22:11:35 Job executing on host: <134.76.239.85:29523?addrs=134.76.239.85-29523>
...
006 (20194.000.000) 02/24 22:11:44 Image size of job updated: 45172
	5  -  MemoryUsage of job (MB)
	4296  -  ResidentSetSize of job (KB)
...
006 (20194.000.000) 02/24 22:16:44 Image size of job updated: 1141640
	920  -  MemoryUsage of job (MB)
	941420  -  ResidentSetSize of job (KB)
...
006 (20194.000.000) 02/24 22:21:44 Image size of job updated: 1147456
	920  -  MemoryUsage of job (MB)
	941420  -  ResidentSetSize of job (KB)
...
006 (20194.000.000) 02/24 23:01:50 Image size of job updated: 1256200
	1061  -  MemoryUsage of job (MB)
	1085876  -  ResidentSetSize of job (KB)
...
006 (20194.000.000) 02/24 23:11:50 Image size of job updated: 1256200
	1061  -  MemoryUsage of job (MB)
	1085888  -  ResidentSetSize of job (KB)
...
006 (20194.000.000) 02/24 23:16:51 Image size of job updated: 1256200
	1061  -  MemoryUsage of job (MB)
	1086212  -  ResidentSetSize of job (KB)
...
006 (20194.000.000) 02/24 23:26:52 Image size of job updated: 1442684
	1205  -  MemoryUsage of job (MB)
	1233476  -  ResidentSetSize of job (KB)
...
006 (20194.000.000) 02/24 23:31:52 Image size of job updated: 1442684
	1205  -  MemoryUsage of job (MB)
	1233796  -  ResidentSetSize of job (KB)
...
006 (20194.000.000) 02/24 23:51:54 Image size of job updated: 1442684
	1206  -  MemoryUsage of job (MB)
	1234116  -  ResidentSetSize of job (KB)
...
006 (20194.000.000) 02/25 00:01:55 Image size of job updated: 1467636
	1230  -  MemoryUsage of job (MB)
	1258656  -  ResidentSetSize of job (KB)
...
006 (20194.000.000) 02/25 00:11:57 Image size of job updated: 1467648
	1230  -  MemoryUsage of job (MB)
	1258744  -  ResidentSetSize of job (KB)
...
006 (20194.000.000) 02/25 00:16:57 Image size of job updated: 1470648
	1230  -  MemoryUsage of job (MB)
	1258828  -  ResidentSetSize of job (KB)
...
006 (20194.000.000) 02/25 01:57:08 Image size of job updated: 1480332
	1244  -  MemoryUsage of job (MB)
	1273172  -  ResidentSetSize of job (KB)
...
006 (20194.000.000) 02/25 02:02:08 Image size of job updated: 1480572
	1244  -  MemoryUsage of job (MB)
	1273176  -  ResidentSetSize of job (KB)
...
006 (20194.000.000) 02/25 02:07:09 Image size of job updated: 1483580
	1246  -  MemoryUsage of job (MB)
	1275336  -  ResidentSetSize of job (KB)
...
005 (20194.000.000) 02/25 03:32:29 Job terminated.
	(1) Normal termination (return value 0)
		Usr 0 08:58:51, Sys 0 00:02:01  -  Run Remote Usage
		Usr 0 00:00:00, Sys 0 00:00:00  -  Run Local Usage
		Usr 0 08:58:51, Sys 0 00:02:01  -  Total Remote Usage
		Usr 0 00:00:00, Sys 0 00:00:00  -  Total Local Usage
	0  -  Run Bytes Sent By Job
	0  -  Run Bytes Received By Job
	0  -  Total Bytes Sent By Job
	0  -  Total Bytes Received By Job
	Partitionable Resources :    Usage  Request Allocated
	   Cpus                 :                 2         2
	   Disk (KB)            :        1        1   5108784
	   Memory (MB)          :     1246        1         1
...
