DATE: 2016-02-26
TIME: 16:59:34
                                         version_number        8118
 read inlist_1.0
 create pre-main-sequence model
                                                species           8
 abundances
                                                     h1    7.7694900000000000D-01
                                                    he3    2.3691035586921347D-05
                                                    he4    2.2259430896441310D-01
                                                    c12    7.4510869724064377D-05
                                                    n14    2.1826632539007705D-05
                                                    o16    2.0265366908783609D-04
                                                   ne20    4.5453307910944158D-05
                                                   mg24    8.8555520738053354D-05


                                        relax_num_steps


                               finished relax_num_steps

 new_lnPgas_flag T
                                        relax_initial_Z    4.3300000000000001D-04
                                                  new z    4.3300000000049565D-04
                                        relax_initial_Y    2.2261800000000001D-01
                                                  new y    2.2261799999999993D-01
 net name basic.net
 do_element_diffusion T
 lnPgas_flag T
 kappa_file_prefix gs98
 kappa_lowT_prefix lowT_fa05_gs98
   eos_file_prefix mesa
                                        OMP_NUM_THREADS           1



stop because Lnuc_div_L >= Lnuc_div_L_zams_limit
    0.1009016194E+01    0.9990000000E+00

        802   7.112302   6008.879  -0.159607  -0.159607   0.830380   0.830380   0.776600   0.000024   0.221686   0.776878  -1.391529    777      0
   5.501264   1.986567  -0.115823 -48.556676  -1.796100 -99.000000   0.000000   0.222966   0.000203   0.000431   0.222689   0.086447      4      0
 2.4892E+07  17.255522  -0.163505 -99.000000   4.902777  -6.712444   0.000000   0.000073   0.000045  4.334E-04  4.331E-04 -0.462E-10    varcontrol

save photos/x802 for model 802
save final_profile.data write fgong_plot.data
                               s% atm_structure_num_pts          94
save final_profile.data.FGONG    802
 final_profile.data.FGONG for model 802
 saved to zams.mod
termination code: Lnuc_div_L_zams_limit

       runtime, prev time, retries, backups, steps         7.1        28.2         0         0       802
        802   7.112302   6008.879  -0.159607  -0.159607   0.830380   0.830380   0.776600   0.000024   0.221686   0.776878  -1.391529    777      0
   5.501264   1.986567  -0.115823 -48.556676  -1.796100 -99.000000   0.000000   0.222966   0.000203   0.000431   0.222689   0.086447      4      0
 2.4892E+07  17.255522  -0.163505 -99.000000   4.902777  -6.712444   0.000000   0.000073   0.000045  4.334E-04  4.331E-04 -0.462E-10    varcontrol

DATE: 2016-02-26
TIME: 17:08:38
DATE: 2016-02-26
TIME: 17:08:38
                                         version_number        8118
 read inlist_1.0
load saved model zams.mod

 new_lnPgas_flag T
 net name basic.net
 do_element_diffusion T
 lnPgas_flag T
                       which_atm_option: Eddington_grey
 kappa_file_prefix gs98
 kappa_lowT_prefix lowT_fa05_gs98
   eos_file_prefix mesa
                                        OMP_NUM_THREADS           1


__________________________________________________________________________________________________________________________________________________

       step    lg_Tcntr    Teff       lg_LH     lg_Lnuc     Mass       H_rich     H_cntr     N_cntr     Y_surf     X_avg     eta_cntr  zones retry
   lg_dt_yr    lg_Dcntr    lg_R       lg_L3a    lg_Lneu     lg_Mdot    He_core    He_cntr    O_cntr     Z_surf     Y_avg     gam_cntr  iters bckup
     age_yr    lg_Pcntr    lg_L       lg_LZ     lg_Psurf    lg_Dsurf   C_core     C_cntr     Ne_cntr    Z_cntr     Z_avg     v_div_cs     dt_limit
__________________________________________________________________________________________________________________________________________________

