000 (20363.000.000) 02/24 21:34:54 Job submitted from host: <134.76.239.76:13753?addrs=134.76.239.76-13753>
...
001 (20363.000.000) 02/25 00:16:39 Job executing on host: <134.76.239.78:21556?addrs=134.76.239.78-21556>
...
006 (20363.000.000) 02/25 00:16:48 Image size of job updated: 145608
	28  -  MemoryUsage of job (MB)
	28188  -  ResidentSetSize of job (KB)
...
006 (20363.000.000) 02/25 00:21:48 Image size of job updated: 1144048
	935  -  MemoryUsage of job (MB)
	957372  -  ResidentSetSize of job (KB)
...
006 (20363.000.000) 02/25 00:26:48 Image size of job updated: 1146320
	935  -  MemoryUsage of job (MB)
	957372  -  ResidentSetSize of job (KB)
...
006 (20363.000.000) 02/25 00:31:49 Image size of job updated: 1285028
	1065  -  MemoryUsage of job (MB)
	1089984  -  ResidentSetSize of job (KB)
...
006 (20363.000.000) 02/25 00:36:50 Image size of job updated: 1286092
	1066  -  MemoryUsage of job (MB)
	1090616  -  ResidentSetSize of job (KB)
...
006 (20363.000.000) 02/25 00:41:50 Image size of job updated: 1351788
	1128  -  MemoryUsage of job (MB)
	1154064  -  ResidentSetSize of job (KB)
...
006 (20363.000.000) 02/25 00:46:51 Image size of job updated: 1473264
	1271  -  MemoryUsage of job (MB)
	1301332  -  ResidentSetSize of job (KB)
...
006 (20363.000.000) 02/25 00:51:52 Image size of job updated: 1501532
	1299  -  MemoryUsage of job (MB)
	1330116  -  ResidentSetSize of job (KB)
...
006 (20363.000.000) 02/25 00:56:52 Image size of job updated: 1501532
	1300  -  MemoryUsage of job (MB)
	1330664  -  ResidentSetSize of job (KB)
...
006 (20363.000.000) 02/25 01:01:53 Image size of job updated: 1503596
	1303  -  MemoryUsage of job (MB)
	1333276  -  ResidentSetSize of job (KB)
...
006 (20363.000.000) 02/25 01:06:54 Image size of job updated: 1569132
	1321  -  MemoryUsage of job (MB)
	1351876  -  ResidentSetSize of job (KB)
...
006 (20363.000.000) 02/25 01:51:58 Image size of job updated: 1569132
	1323  -  MemoryUsage of job (MB)
	1354132  -  ResidentSetSize of job (KB)
...
006 (20363.000.000) 02/25 03:08:50 Image size of job updated: 7462500
	1323  -  MemoryUsage of job (MB)
	1354132  -  ResidentSetSize of job (KB)
...
005 (20363.000.000) 02/25 03:08:50 Job terminated.
	(1) Normal termination (return value 0)
		Usr 0 04:45:40, Sys 0 00:00:55  -  Run Remote Usage
		Usr 0 00:00:00, Sys 0 00:00:00  -  Run Local Usage
		Usr 0 04:45:40, Sys 0 00:00:55  -  Total Remote Usage
		Usr 0 00:00:00, Sys 0 00:00:00  -  Total Local Usage
	0  -  Run Bytes Sent By Job
	0  -  Run Bytes Received By Job
	0  -  Total Bytes Sent By Job
	0  -  Total Bytes Received By Job
	Partitionable Resources :    Usage  Request Allocated
	   Cpus                 :                 2         2
	   Disk (KB)            :        1        1   5108782
	   Memory (MB)          :     1323        1         1
...
