DATE: 2016-02-26
TIME: 16:59:46
                                         version_number        8118
 read inlist_1.0
 create pre-main-sequence model
                                                species           8
 abundances
                                                     h1    6.7237799999999992D-01
                                                    he3    3.4116908900917064D-05
                                                    he4    3.2055288309109908D-01
                                                    c12    1.2105865323531557D-03
                                                    n14    3.5461976884978145D-04
                                                    o16    3.2925370947650412D-03
                                                   ne20    7.3848503730616043D-04
                                                   mg24    1.4387715667259857D-03


                                        relax_num_steps


                               finished relax_num_steps

 new_lnPgas_flag T
                                        relax_initial_Z    7.0349999999999996D-03
                                                  new z    7.0350000000003691D-03
                                        relax_initial_Y    3.2058700000000001D-01
                                                  new y    3.2058699999999968D-01
 net name basic.net
 do_element_diffusion T
 lnPgas_flag T
 kappa_file_prefix gs98
 kappa_lowT_prefix lowT_fa05_gs98
   eos_file_prefix mesa
                                        OMP_NUM_THREADS           1



stop because Lnuc_div_L >= Lnuc_div_L_zams_limit
    0.9999304356E+00    0.9990000000E+00

        950   7.288320   8344.031   0.803947   0.803947   1.375302   1.375302   0.671274   0.001761   0.161257   0.672112  -2.085085    889      0
   5.677399   1.993370   0.082753 -39.316644  -0.668072 -99.000000   0.000000   0.321492   0.003287   0.000922   0.320804   0.060720      2      0
 1.3810E+07  17.402010   0.803977 -14.750470   3.485541  -8.328178   0.000000   0.000009   0.000739  7.235E-03  7.084E-03 -0.539E-11  max increase

save photos/x950 for model 950
save final_profile.data write fgong_plot.data
                               s% atm_structure_num_pts          43
save final_profile.data.FGONG    950
 final_profile.data.FGONG for model 950
 saved to zams.mod
termination code: Lnuc_div_L_zams_limit

       runtime, prev time, retries, backups, steps         8.9        28.2         0         0       950
        950   7.288320   8344.031   0.803947   0.803947   1.375302   1.375302   0.671274   0.001761   0.161257   0.672112  -2.085085    889      0
   5.677399   1.993370   0.082753 -39.316644  -0.668072 -99.000000   0.000000   0.321492   0.003287   0.000922   0.320804   0.060720      2      0
 1.3810E+07  17.402010   0.803977 -14.750470   3.485541  -8.328178   0.000000   0.000009   0.000739  7.235E-03  7.084E-03 -0.539E-11  max increase

DATE: 2016-02-26
TIME: 17:10:20
DATE: 2016-02-26
TIME: 17:10:21
                                         version_number        8118
 read inlist_1.0
load saved model zams.mod

 new_lnPgas_flag T
 net name basic.net
 do_element_diffusion T
 lnPgas_flag T
                       which_atm_option: Eddington_grey
 kappa_file_prefix gs98
 kappa_lowT_prefix lowT_fa05_gs98
   eos_file_prefix mesa
                                        OMP_NUM_THREADS           1


__________________________________________________________________________________________________________________________________________________

       step    lg_Tcntr    Teff       lg_LH     lg_Lnuc     Mass       H_rich     H_cntr     N_cntr     Y_surf     X_avg     eta_cntr  zones retry
   lg_dt_yr    lg_Dcntr    lg_R       lg_L3a    lg_Lneu     lg_Mdot    He_core    He_cntr    O_cntr     Z_surf     Y_avg     gam_cntr  iters bckup
     age_yr    lg_Pcntr    lg_L       lg_LZ     lg_Psurf    lg_Dsurf   C_core     C_cntr     Ne_cntr    Z_cntr     Z_avg     v_div_cs     dt_limit
__________________________________________________________________________________________________________________________________________________

        951   7.288324   8344.182   0.804360   0.804360   1.375302   1.375302   0.671176   0.001762   0.148545   0.672086  -2.086728    889      0
   5.756580   1.992714   0.082138 -39.317235  -0.667522 -99.000000   0.000000   0.321589   0.003286   0.000742   0.320830   0.060691      7      0
 1.4381E+07  17.401321   0.802778 -99.000000   4.033583  -7.791676   0.000000   0.000009   0.000739  7.235E-03  7.084E-03 -0.734E-11              

