000 (28386.000.000) 02/26 16:56:13 Job submitted from host: <134.76.239.76:15915?addrs=134.76.239.76-15915>
...
001 (28386.000.000) 02/26 16:56:21 Job executing on host: <134.76.239.85:28271?addrs=134.76.239.85-28271>
...
006 (28386.000.000) 02/26 16:56:33 Image size of job updated: 65712
	5  -  MemoryUsage of job (MB)
	4300  -  ResidentSetSize of job (KB)
...
006 (28386.000.000) 02/26 17:01:33 Image size of job updated: 1071280
	932  -  MemoryUsage of job (MB)
	953692  -  ResidentSetSize of job (KB)
...
006 (28386.000.000) 02/26 17:06:34 Image size of job updated: 1071888
	932  -  MemoryUsage of job (MB)
	953944  -  ResidentSetSize of job (KB)
...
006 (28386.000.000) 02/26 17:11:34 Image size of job updated: 1081148
	932  -  MemoryUsage of job (MB)
	953944  -  ResidentSetSize of job (KB)
...
006 (28386.000.000) 02/26 17:16:34 Image size of job updated: 1312484
	1162  -  MemoryUsage of job (MB)
	1189048  -  ResidentSetSize of job (KB)
...
