000 (20751.000.000) 02/24 21:35:14 Job submitted from host: <134.76.239.76:13753?addrs=134.76.239.76-13753>
...
001 (20751.000.000) 02/25 04:36:48 Job executing on host: <134.76.239.87:13734?addrs=134.76.239.87-13734>
...
006 (20751.000.000) 02/25 04:36:57 Image size of job updated: 1
	3  -  MemoryUsage of job (MB)
	2072  -  ResidentSetSize of job (KB)
...
006 (20751.000.000) 02/25 04:41:58 Image size of job updated: 1142816
	921  -  MemoryUsage of job (MB)
	942508  -  ResidentSetSize of job (KB)
...
006 (20751.000.000) 02/25 04:46:59 Image size of job updated: 1145728
	921  -  MemoryUsage of job (MB)
	942508  -  ResidentSetSize of job (KB)
...
006 (20751.000.000) 02/25 04:51:59 Image size of job updated: 1390976
	1141  -  MemoryUsage of job (MB)
	1167984  -  ResidentSetSize of job (KB)
...
006 (20751.000.000) 02/25 04:56:59 Image size of job updated: 1511924
	1286  -  MemoryUsage of job (MB)
	1316312  -  ResidentSetSize of job (KB)
...
006 (20751.000.000) 02/25 05:02:01 Image size of job updated: 1560996
	1286  -  MemoryUsage of job (MB)
	1316312  -  ResidentSetSize of job (KB)
...
006 (20751.000.000) 02/25 05:12:01 Image size of job updated: 1560996
	1299  -  MemoryUsage of job (MB)
	1329480  -  ResidentSetSize of job (KB)
...
006 (20751.000.000) 02/25 05:17:02 Image size of job updated: 1560996
	1349  -  MemoryUsage of job (MB)
	1381172  -  ResidentSetSize of job (KB)
...
006 (20751.000.000) 02/25 06:12:08 Image size of job updated: 1560996
	1354  -  MemoryUsage of job (MB)
	1386108  -  ResidentSetSize of job (KB)
...
006 (20751.000.000) 02/25 06:52:11 Image size of job updated: 1563128
	1359  -  MemoryUsage of job (MB)
	1391340  -  ResidentSetSize of job (KB)
...
006 (20751.000.000) 02/25 06:57:11 Image size of job updated: 1563140
	1360  -  MemoryUsage of job (MB)
	1392068  -  ResidentSetSize of job (KB)
...
006 (20751.000.000) 02/25 07:02:12 Image size of job updated: 1563468
	1360  -  MemoryUsage of job (MB)
	1392068  -  ResidentSetSize of job (KB)
...
006 (20751.000.000) 02/25 07:22:14 Image size of job updated: 1619876
	1423  -  MemoryUsage of job (MB)
	1456644  -  ResidentSetSize of job (KB)
...
006 (20751.000.000) 02/25 08:52:23 Image size of job updated: 1630168
	1423  -  MemoryUsage of job (MB)
	1456644  -  ResidentSetSize of job (KB)
...
006 (20751.000.000) 02/25 09:32:27 Image size of job updated: 1631592
	1423  -  MemoryUsage of job (MB)
	1456644  -  ResidentSetSize of job (KB)
...
006 (20751.000.000) 02/25 09:42:28 Image size of job updated: 1697128
	1477  -  MemoryUsage of job (MB)
	1512092  -  ResidentSetSize of job (KB)
...
006 (20751.000.000) 02/25 09:47:29 Image size of job updated: 1697140
	1477  -  MemoryUsage of job (MB)
	1512092  -  ResidentSetSize of job (KB)
...
004 (20751.000.000) 02/25 10:08:52 Job was evicted.
	(0) Job was not checkpointed.
		Usr 0 09:43:20, Sys 0 00:02:46  -  Run Remote Usage
		Usr 0 00:00:00, Sys 0 00:00:00  -  Run Local Usage
	0  -  Run Bytes Sent By Job
	0  -  Run Bytes Received By Job
	Partitionable Resources :    Usage  Request Allocated
	   Cpus                 :                 2         2
	   Disk (KB)            :        1        1   5108734
	   Memory (MB)          :     1477        1         1
...
001 (20751.000.000) 02/25 10:11:12 Job executing on host: <134.76.239.79:12046?addrs=134.76.239.79-12046>
...
004 (20751.000.000) 02/25 10:49:47 Job was evicted.
	(0) Job was not checkpointed.
		Usr 0 01:08:40, Sys 0 00:00:18  -  Run Remote Usage
		Usr 0 00:00:00, Sys 0 00:00:00  -  Run Local Usage
	0  -  Run Bytes Sent By Job
	0  -  Run Bytes Received By Job
	Partitionable Resources :    Usage  Request Allocated
	   Cpus                 :                 2         2
	   Disk (KB)            :        1        1   5108610
	   Memory (MB)          :     1709     1709      1709
...
001 (20751.000.000) 02/25 10:50:43 Job executing on host: <134.76.239.84:12289?addrs=134.76.239.84-12289>
...
004 (20751.000.000) 02/25 10:52:28 Job was evicted.
	(0) Job was not checkpointed.
		Usr 0 00:03:03, Sys 0 00:00:02  -  Run Remote Usage
		Usr 0 00:00:00, Sys 0 00:00:00  -  Run Local Usage
	0  -  Run Bytes Sent By Job
	0  -  Run Bytes Received By Job
	Partitionable Resources :    Usage  Request Allocated
	   Cpus                 :                 2         2
	   Disk (KB)            :        1        1   5108525
	   Memory (MB)          :     1709     1709      1709
...
001 (20751.000.000) 02/25 10:54:27 Job executing on host: <134.76.239.84:12289?addrs=134.76.239.84-12289>
...
004 (20751.000.000) 02/25 11:04:25 Job was evicted.
	(0) Job was not checkpointed.
		Usr 0 00:17:52, Sys 0 00:00:08  -  Run Remote Usage
		Usr 0 00:00:00, Sys 0 00:00:00  -  Run Local Usage
	0  -  Run Bytes Sent By Job
	0  -  Run Bytes Received By Job
	Partitionable Resources :    Usage  Request Allocated
	   Cpus                 :                 2         2
	   Disk (KB)            :        1        1   5108520
	   Memory (MB)          :     1709     1709      1709
...
001 (20751.000.000) 02/25 11:06:25 Job executing on host: <134.76.239.84:12289?addrs=134.76.239.84-12289>
...
004 (20751.000.000) 02/25 11:08:07 Job was evicted.
	(0) Job was not checkpointed.
		Usr 0 00:02:59, Sys 0 00:00:02  -  Run Remote Usage
		Usr 0 00:00:00, Sys 0 00:00:00  -  Run Local Usage
	0  -  Run Bytes Sent By Job
	0  -  Run Bytes Received By Job
	Partitionable Resources :    Usage  Request Allocated
	   Cpus                 :                 2         2
	   Disk (KB)            :        1        1   5108513
	   Memory (MB)          :     1709     1709      1709
...
001 (20751.000.000) 02/25 11:11:07 Job executing on host: <134.76.239.90:23525?addrs=134.76.239.90-23525>
...
