DATE: 2016-02-26
TIME: 16:59:30
                                         version_number        8118
 read inlist_1.0
 create pre-main-sequence model
                                                species           8
 abundances
                                                     h1    6.8906699999999999D-01
                                                    he3    3.1947002533878785D-05
                                                    he4    3.0016505299746610D-01
                                                    c12    1.8474565758839153D-03
                                                    n14    5.4117950794189257D-04
                                                    o16    5.0246877397863701D-03
                                                   ne20    1.1269901009977052D-03
                                                   mg24    2.1956860753901963D-03


                                        relax_num_steps


                               finished relax_num_steps

 new_lnPgas_flag T
                                        relax_initial_Z    1.0736000000000001D-02
                                                  new z    1.0735999999999638D-02
                                        relax_initial_Y    3.0019699999999999D-01
                                                  new y    3.0019700000000016D-01
 net name basic.net
 do_element_diffusion T
 lnPgas_flag T
 kappa_file_prefix gs98
 kappa_lowT_prefix lowT_fa05_gs98
   eos_file_prefix mesa
                                        OMP_NUM_THREADS           1



stop because Lnuc_div_L >= Lnuc_div_L_zams_limit
    0.9997963120E+00    0.9990000000E+00

        852   7.192314   6415.046   0.207145   0.207145   1.078232   1.078232   0.685228   0.002685   0.300043   0.688286  -1.769852    809      0
   6.884109   1.976095   0.012733 -44.089509  -1.423737 -99.000000   0.000000   0.303730   0.005023   0.010731   0.300924   0.074385      4      0
 6.7266E+07  17.293665   0.207233 -14.808462   4.572010  -7.031566   0.000000   0.000011   0.001127  1.104E-02  1.079E-02  0.225E-12  max increase

save photos/x852 for model 852
save final_profile.data write fgong_plot.data
                               s% atm_structure_num_pts          56
save final_profile.data.FGONG    852
 final_profile.data.FGONG for model 852
 saved to zams.mod
termination code: Lnuc_div_L_zams_limit

       runtime, prev time, retries, backups, steps         8.1        28.2         0         0       852
        852   7.192314   6415.046   0.207145   0.207145   1.078232   1.078232   0.685228   0.002685   0.300043   0.688286  -1.769852    809      0
   6.884109   1.976095   0.012733 -44.089509  -1.423737 -99.000000   0.000000   0.303730   0.005023   0.010731   0.300924   0.074385      4      0
 6.7266E+07  17.293665   0.207233 -14.808462   4.572010  -7.031566   0.000000   0.000011   0.001127  1.104E-02  1.079E-02  0.225E-12  max increase

DATE: 2016-02-26
TIME: 17:09:30
DATE: 2016-02-26
TIME: 17:09:30
                                         version_number        8118
 read inlist_1.0
load saved model zams.mod

 new_lnPgas_flag T
 net name basic.net
 do_element_diffusion T
 lnPgas_flag T
                       which_atm_option: Eddington_grey
 kappa_file_prefix gs98
 kappa_lowT_prefix lowT_fa05_gs98
   eos_file_prefix mesa
                                        OMP_NUM_THREADS           1


__________________________________________________________________________________________________________________________________________________

       step    lg_Tcntr    Teff       lg_LH     lg_Lnuc     Mass       H_rich     H_cntr     N_cntr     Y_surf     X_avg     eta_cntr  zones retry
   lg_dt_yr    lg_Dcntr    lg_R       lg_L3a    lg_Lneu     lg_Mdot    He_core    He_cntr    O_cntr     Z_surf     Y_avg     gam_cntr  iters bckup
     age_yr    lg_Pcntr    lg_L       lg_LZ     lg_Psurf    lg_Dsurf   C_core     C_cntr     Ne_cntr    Z_cntr     Z_avg     v_div_cs     dt_limit
__________________________________________________________________________________________________________________________________________________

        855   7.192488   6610.120   0.208503   0.208503   1.078232   1.078232   0.685025   0.002686   0.300090   0.688248  -1.769907    803      0
   5.834729   1.976388  -0.012674 -44.079464  -1.422956 -99.000000   0.000000   0.303933   0.005023   0.010733   0.300962   0.074379      4      0
 6.9749E+07  17.294065   0.208457 -99.000000   4.890858  -6.728537   0.000000   0.000010   0.001127  1.104E-02  1.079E-02 -0.103E-11    varcontrol

