000 (20381.000.000) 02/24 21:34:55 Job submitted from host: <134.76.239.76:13753?addrs=134.76.239.76-13753>
...
001 (20381.000.000) 02/25 00:28:39 Job executing on host: <134.76.239.89:24193?addrs=134.76.239.89-24193>
...
006 (20381.000.000) 02/25 00:28:48 Image size of job updated: 202160
	46  -  MemoryUsage of job (MB)
	46684  -  ResidentSetSize of job (KB)
...
006 (20381.000.000) 02/25 00:33:49 Image size of job updated: 1146132
	915  -  MemoryUsage of job (MB)
	936012  -  ResidentSetSize of job (KB)
...
006 (20381.000.000) 02/25 00:38:49 Image size of job updated: 1146132
	915  -  MemoryUsage of job (MB)
	936836  -  ResidentSetSize of job (KB)
...
006 (20381.000.000) 02/25 00:43:49 Image size of job updated: 1243484
	1072  -  MemoryUsage of job (MB)
	1097276  -  ResidentSetSize of job (KB)
...
006 (20381.000.000) 02/25 00:48:50 Image size of job updated: 1243484
	1072  -  MemoryUsage of job (MB)
	1097284  -  ResidentSetSize of job (KB)
...
006 (20381.000.000) 02/25 00:53:50 Image size of job updated: 1243484
	1072  -  MemoryUsage of job (MB)
	1097620  -  ResidentSetSize of job (KB)
...
006 (20381.000.000) 02/25 01:03:51 Image size of job updated: 1429968
	1216  -  MemoryUsage of job (MB)
	1244888  -  ResidentSetSize of job (KB)
...
006 (20381.000.000) 02/25 01:08:52 Image size of job updated: 1429968
	1217  -  MemoryUsage of job (MB)
	1245252  -  ResidentSetSize of job (KB)
...
006 (20381.000.000) 02/25 01:18:53 Image size of job updated: 1454504
	1241  -  MemoryUsage of job (MB)
	1270112  -  ResidentSetSize of job (KB)
...
006 (20381.000.000) 02/25 04:13:47 Image size of job updated: 9273636
	1241  -  MemoryUsage of job (MB)
	1270112  -  ResidentSetSize of job (KB)
...
005 (20381.000.000) 02/25 04:13:47 Job terminated.
	(1) Normal termination (return value 0)
		Usr 0 06:18:02, Sys 0 00:00:53  -  Run Remote Usage
		Usr 0 00:00:00, Sys 0 00:00:00  -  Run Local Usage
		Usr 0 06:18:02, Sys 0 00:00:53  -  Total Remote Usage
		Usr 0 00:00:00, Sys 0 00:00:00  -  Total Local Usage
	0  -  Run Bytes Sent By Job
	0  -  Run Bytes Received By Job
	0  -  Total Bytes Sent By Job
	0  -  Total Bytes Received By Job
	Partitionable Resources :    Usage  Request Allocated
	   Cpus                 :                 2         2
	   Disk (KB)            :        1        1   5108819
	   Memory (MB)          :     1241        1         1
...
