DATE: 2016-02-26
TIME: 16:59:43
                                         version_number        8118
 read inlist_1.0
 create pre-main-sequence model
                                                species           8
 abundances
                                                     h1    6.9253200000000004D-01
                                                    he3    3.1722456068236276D-05
                                                    he4    2.9805527754393174D-01
                                                    c12    1.6142874570014005D-03
                                                    n14    4.7287676639371293D-04
                                                    o16    4.3905174820171398D-03
                                                   ne20    9.8475168940569016D-04
                                                   mg24    1.9185666051821397D-03


                                        relax_num_steps


                               finished relax_num_steps

 new_lnPgas_flag T
                                        relax_initial_Z    9.3810000000000004D-03
                                                  new z    9.3810000000003821D-03
                                        relax_initial_Y    2.9808699999999999D-01
                                                  new y    2.9808700000000005D-01
 net name basic.net
 do_element_diffusion T
 lnPgas_flag T
 kappa_file_prefix gs98
 kappa_lowT_prefix lowT_fa05_gs98
   eos_file_prefix mesa
                                        OMP_NUM_THREADS           1



stop because Lnuc_div_L >= Lnuc_div_L_zams_limit
    0.1002392741E+01    0.9990000000E+00

        824   7.162075   6028.301   0.037230   0.037230   0.981552   0.981552   0.692069   0.000992   0.298087   0.692445  -1.708616    814      0
   5.560521   1.953857  -0.018778 -45.683391  -1.497342 -99.000000   0.000000   0.298476   0.004390   0.009381   0.298166   0.078105      4      0
 2.6825E+07  17.243602   0.036192 -99.000000   4.762180  -6.816956   0.000000   0.001170   0.000985  9.455E-03  9.389E-03 -0.463E-10    varcontrol

save photos/x824 for model 824
save final_profile.data write fgong_plot.data
                               s% atm_structure_num_pts          58
save final_profile.data.FGONG    824
 final_profile.data.FGONG for model 824
 saved to zams.mod
termination code: Lnuc_div_L_zams_limit

       runtime, prev time, retries, backups, steps         7.6        28.2         0         0       824
        824   7.162075   6028.301   0.037230   0.037230   0.981552   0.981552   0.692069   0.000992   0.298087   0.692445  -1.708616    814      0
   5.560521   1.953857  -0.018778 -45.683391  -1.497342 -99.000000   0.000000   0.298476   0.004390   0.009381   0.298166   0.078105      4      0
 2.6825E+07  17.243602   0.036192 -99.000000   4.762180  -6.816956   0.000000   0.001170   0.000985  9.455E-03  9.389E-03 -0.463E-10    varcontrol

DATE: 2016-02-26
TIME: 17:09:10
DATE: 2016-02-26
TIME: 17:09:10
                                         version_number        8118
 read inlist_1.0
load saved model zams.mod

 new_lnPgas_flag T
 net name basic.net
 do_element_diffusion T
 lnPgas_flag T
                       which_atm_option: Eddington_grey
 kappa_file_prefix gs98
 kappa_lowT_prefix lowT_fa05_gs98
   eos_file_prefix mesa
                                        OMP_NUM_THREADS           1


__________________________________________________________________________________________________________________________________________________

       step    lg_Tcntr    Teff       lg_LH     lg_Lnuc     Mass       H_rich     H_cntr     N_cntr     Y_surf     X_avg     eta_cntr  zones retry
   lg_dt_yr    lg_Dcntr    lg_R       lg_L3a    lg_Lneu     lg_Mdot    He_core    He_cntr    O_cntr     Z_surf     Y_avg     gam_cntr  iters bckup
     age_yr    lg_Pcntr    lg_L       lg_LZ     lg_Psurf    lg_Dsurf   C_core     C_cntr     Ne_cntr    Z_cntr     Z_avg     v_div_cs     dt_limit
__________________________________________________________________________________________________________________________________________________

