000 (20820.000.000) 02/24 21:35:18 Job submitted from host: <134.76.239.76:13753?addrs=134.76.239.76-13753>
...
001 (20820.000.000) 02/25 05:20:47 Job executing on host: <134.76.239.86:20177?addrs=134.76.239.86-20177>
...
006 (20820.000.000) 02/25 05:20:56 Image size of job updated: 1
	3  -  MemoryUsage of job (MB)
	2068  -  ResidentSetSize of job (KB)
...
006 (20820.000.000) 02/25 05:25:57 Image size of job updated: 1143924
	935  -  MemoryUsage of job (MB)
	956632  -  ResidentSetSize of job (KB)
...
006 (20820.000.000) 02/25 05:30:57 Image size of job updated: 1145348
	935  -  MemoryUsage of job (MB)
	956632  -  ResidentSetSize of job (KB)
...
006 (20820.000.000) 02/25 05:50:58 Image size of job updated: 1145348
	937  -  MemoryUsage of job (MB)
	959332  -  ResidentSetSize of job (KB)
...
006 (20820.000.000) 02/25 05:55:59 Image size of job updated: 1145348
	941  -  MemoryUsage of job (MB)
	962784  -  ResidentSetSize of job (KB)
...
006 (20820.000.000) 02/25 06:26:02 Image size of job updated: 1145348
	942  -  MemoryUsage of job (MB)
	964436  -  ResidentSetSize of job (KB)
...
006 (20820.000.000) 02/25 06:36:03 Image size of job updated: 1145348
	942  -  MemoryUsage of job (MB)
	964440  -  ResidentSetSize of job (KB)
...
006 (20820.000.000) 02/25 07:06:07 Image size of job updated: 1146836
	942  -  MemoryUsage of job (MB)
	964440  -  ResidentSetSize of job (KB)
...
006 (20820.000.000) 02/25 09:46:21 Image size of job updated: 1147184
	942  -  MemoryUsage of job (MB)
	964440  -  ResidentSetSize of job (KB)
...
004 (20820.000.000) 02/25 10:09:11 Job was evicted.
	(0) Job was not checkpointed.
		Usr 0 08:22:27, Sys 0 00:01:57  -  Run Remote Usage
		Usr 0 00:00:00, Sys 0 00:00:00  -  Run Local Usage
	0  -  Run Bytes Sent By Job
	0  -  Run Bytes Received By Job
	Partitionable Resources :    Usage  Request Allocated
	   Cpus                 :                 2         2
	   Disk (KB)            :        1        1   5108699
	   Memory (MB)          :      942        1         1
...
001 (20820.000.000) 02/25 10:11:12 Job executing on host: <134.76.239.84:12289?addrs=134.76.239.84-12289>
...
004 (20820.000.000) 02/25 10:49:46 Job was evicted.
	(0) Job was not checkpointed.
		Usr 0 01:09:34, Sys 0 00:00:17  -  Run Remote Usage
		Usr 0 00:00:00, Sys 0 00:00:00  -  Run Local Usage
	0  -  Run Bytes Sent By Job
	0  -  Run Bytes Received By Job
	Partitionable Resources :    Usage  Request Allocated
	   Cpus                 :                 2         2
	   Disk (KB)            :        1        1   5108535
	   Memory (MB)          :      977      977       977
...
001 (20820.000.000) 02/25 10:50:43 Job executing on host: <134.76.239.91:19968?addrs=134.76.239.91-19968>
...
004 (20820.000.000) 02/25 10:52:28 Job was evicted.
	(0) Job was not checkpointed.
		Usr 0 00:02:24, Sys 0 00:00:01  -  Run Remote Usage
		Usr 0 00:00:00, Sys 0 00:00:00  -  Run Local Usage
	0  -  Run Bytes Sent By Job
	0  -  Run Bytes Received By Job
	Partitionable Resources :    Usage  Request Allocated
	   Cpus                 :                 2         2
	   Disk (KB)            :        1        1   5108561
	   Memory (MB)          :      977      977       977
...
001 (20820.000.000) 02/25 10:54:28 Job executing on host: <134.76.239.91:19968?addrs=134.76.239.91-19968>
...
004 (20820.000.000) 02/25 11:04:25 Job was evicted.
	(0) Job was not checkpointed.
		Usr 0 00:17:32, Sys 0 00:00:05  -  Run Remote Usage
		Usr 0 00:00:00, Sys 0 00:00:00  -  Run Local Usage
	0  -  Run Bytes Sent By Job
	0  -  Run Bytes Received By Job
	Partitionable Resources :    Usage  Request Allocated
	   Cpus                 :                 2         2
	   Disk (KB)            :        1        1   5108565
	   Memory (MB)          :      977      977       977
...
001 (20820.000.000) 02/25 11:06:26 Job executing on host: <134.76.239.80:23833?addrs=134.76.239.80-23833>
...
004 (20820.000.000) 02/25 11:08:07 Job was evicted.
	(0) Job was not checkpointed.
		Usr 0 00:02:19, Sys 0 00:00:01  -  Run Remote Usage
		Usr 0 00:00:00, Sys 0 00:00:00  -  Run Local Usage
	0  -  Run Bytes Sent By Job
	0  -  Run Bytes Received By Job
	Partitionable Resources :    Usage  Request Allocated
	   Cpus                 :                 2         2
	   Disk (KB)            :        1        1   5045667
	   Memory (MB)          :      977      977       977
...
001 (20820.000.000) 02/25 11:11:06 Job executing on host: <134.76.239.87:13734?addrs=134.76.239.87-13734>
...
