000 (20510.000.000) 02/24 21:35:01 Job submitted from host: <134.76.239.76:13753?addrs=134.76.239.76-13753>
...
001 (20510.000.000) 02/25 01:49:40 Job executing on host: <134.76.239.88:25067?addrs=134.76.239.88-25067>
...
006 (20510.000.000) 02/25 01:49:49 Image size of job updated: 145336
	30  -  MemoryUsage of job (MB)
	29804  -  ResidentSetSize of job (KB)
...
006 (20510.000.000) 02/25 01:54:50 Image size of job updated: 1144540
	934  -  MemoryUsage of job (MB)
	956128  -  ResidentSetSize of job (KB)
...
006 (20510.000.000) 02/25 01:59:51 Image size of job updated: 1145948
	934  -  MemoryUsage of job (MB)
	956128  -  ResidentSetSize of job (KB)
...
006 (20510.000.000) 02/25 02:09:52 Image size of job updated: 1271388
	1064  -  MemoryUsage of job (MB)
	1088960  -  ResidentSetSize of job (KB)
...
006 (20510.000.000) 02/25 02:14:53 Image size of job updated: 1461052
	1210  -  MemoryUsage of job (MB)
	1238288  -  ResidentSetSize of job (KB)
...
006 (20510.000.000) 02/25 02:19:53 Image size of job updated: 1485588
	1235  -  MemoryUsage of job (MB)
	1263644  -  ResidentSetSize of job (KB)
...
006 (20510.000.000) 02/25 02:49:57 Image size of job updated: 1485588
	1244  -  MemoryUsage of job (MB)
	1273148  -  ResidentSetSize of job (KB)
...
006 (20510.000.000) 02/25 02:54:57 Image size of job updated: 1485588
	1245  -  MemoryUsage of job (MB)
	1273868  -  ResidentSetSize of job (KB)
...
005 (20510.000.000) 02/25 03:54:02 Job terminated.
	(1) Normal termination (return value 0)
		Usr 0 03:16:37, Sys 0 00:00:46  -  Run Remote Usage
		Usr 0 00:00:00, Sys 0 00:00:00  -  Run Local Usage
		Usr 0 03:16:37, Sys 0 00:00:46  -  Total Remote Usage
		Usr 0 00:00:00, Sys 0 00:00:00  -  Total Local Usage
	0  -  Run Bytes Sent By Job
	0  -  Run Bytes Received By Job
	0  -  Total Bytes Sent By Job
	0  -  Total Bytes Received By Job
	Partitionable Resources :    Usage  Request Allocated
	   Cpus                 :                 2         2
	   Disk (KB)            :        1        1   5108726
	   Memory (MB)          :     1245        1         1
...
