000 (20588.000.000) 02/24 21:35:06 Job submitted from host: <134.76.239.76:13753?addrs=134.76.239.76-13753>
...
001 (20588.000.000) 02/25 02:41:43 Job executing on host: <134.76.239.78:21556?addrs=134.76.239.78-21556>
...
006 (20588.000.000) 02/25 02:41:52 Image size of job updated: 1
	3  -  MemoryUsage of job (MB)
	2212  -  ResidentSetSize of job (KB)
...
006 (20588.000.000) 02/25 02:46:52 Image size of job updated: 1138972
	916  -  MemoryUsage of job (MB)
	937744  -  ResidentSetSize of job (KB)
...
006 (20588.000.000) 02/25 02:51:52 Image size of job updated: 1145980
	916  -  MemoryUsage of job (MB)
	937744  -  ResidentSetSize of job (KB)
...
006 (20588.000.000) 02/25 02:56:53 Image size of job updated: 1277548
	1075  -  MemoryUsage of job (MB)
	1100192  -  ResidentSetSize of job (KB)
...
006 (20588.000.000) 02/25 03:01:54 Image size of job updated: 1277548
	1077  -  MemoryUsage of job (MB)
	1102748  -  ResidentSetSize of job (KB)
...
006 (20588.000.000) 02/25 03:06:54 Image size of job updated: 1488568
	1246  -  MemoryUsage of job (MB)
	1275628  -  ResidentSetSize of job (KB)
...
006 (20588.000.000) 02/25 03:11:54 Image size of job updated: 1537640
	1294  -  MemoryUsage of job (MB)
	1325028  -  ResidentSetSize of job (KB)
...
005 (20588.000.000) 02/25 04:54:42 Job terminated.
	(1) Normal termination (return value 0)
		Usr 0 03:32:30, Sys 0 00:00:49  -  Run Remote Usage
		Usr 0 00:00:00, Sys 0 00:00:00  -  Run Local Usage
		Usr 0 03:32:30, Sys 0 00:00:49  -  Total Remote Usage
		Usr 0 00:00:00, Sys 0 00:00:00  -  Total Local Usage
	0  -  Run Bytes Sent By Job
	0  -  Run Bytes Received By Job
	0  -  Total Bytes Sent By Job
	0  -  Total Bytes Received By Job
	Partitionable Resources :    Usage  Request Allocated
	   Cpus                 :                 2         2
	   Disk (KB)            :        1        1   5108758
	   Memory (MB)          :     1294        1         1
...
