000 (20301.000.000) 02/24 21:34:50 Job submitted from host: <134.76.239.76:13753?addrs=134.76.239.76-13753>
...
001 (20301.000.000) 02/24 23:37:38 Job executing on host: <134.76.239.90:23525?addrs=134.76.239.90-23525>
...
006 (20301.000.000) 02/24 23:37:47 Image size of job updated: 682828
	449  -  MemoryUsage of job (MB)
	458808  -  ResidentSetSize of job (KB)
...
006 (20301.000.000) 02/24 23:42:48 Image size of job updated: 1144544
	936  -  MemoryUsage of job (MB)
	958036  -  ResidentSetSize of job (KB)
...
006 (20301.000.000) 02/24 23:47:48 Image size of job updated: 1146244
	936  -  MemoryUsage of job (MB)
	958036  -  ResidentSetSize of job (KB)
...
006 (20301.000.000) 02/24 23:52:48 Image size of job updated: 1243336
	1061  -  MemoryUsage of job (MB)
	1086144  -  ResidentSetSize of job (KB)
...
006 (20301.000.000) 02/24 23:57:49 Image size of job updated: 1243336
	1061  -  MemoryUsage of job (MB)
	1086148  -  ResidentSetSize of job (KB)
...
006 (20301.000.000) 02/25 00:02:50 Image size of job updated: 1243872
	1062  -  MemoryUsage of job (MB)
	1086584  -  ResidentSetSize of job (KB)
...
006 (20301.000.000) 02/25 00:07:50 Image size of job updated: 1459668
	1233  -  MemoryUsage of job (MB)
	1261740  -  ResidentSetSize of job (KB)
...
006 (20301.000.000) 02/25 00:12:51 Image size of job updated: 1459668
	1233  -  MemoryUsage of job (MB)
	1262548  -  ResidentSetSize of job (KB)
...
006 (20301.000.000) 02/25 00:17:52 Image size of job updated: 1461876
	1238  -  MemoryUsage of job (MB)
	1266924  -  ResidentSetSize of job (KB)
...
006 (20301.000.000) 02/25 00:42:54 Image size of job updated: 1461876
	1244  -  MemoryUsage of job (MB)
	1272904  -  ResidentSetSize of job (KB)
...
006 (20301.000.000) 02/25 00:47:55 Image size of job updated: 1461876
	1244  -  MemoryUsage of job (MB)
	1273112  -  ResidentSetSize of job (KB)
...
006 (20301.000.000) 02/25 00:52:56 Image size of job updated: 1461876
	1244  -  MemoryUsage of job (MB)
	1273476  -  ResidentSetSize of job (KB)
...
006 (20301.000.000) 02/25 02:04:15 Image size of job updated: 7311816
	1244  -  MemoryUsage of job (MB)
	1273476  -  ResidentSetSize of job (KB)
...
005 (20301.000.000) 02/25 02:04:15 Job terminated.
	(1) Normal termination (return value 0)
		Usr 0 03:57:48, Sys 0 00:00:34  -  Run Remote Usage
		Usr 0 00:00:00, Sys 0 00:00:00  -  Run Local Usage
		Usr 0 03:57:48, Sys 0 00:00:34  -  Total Remote Usage
		Usr 0 00:00:00, Sys 0 00:00:00  -  Total Local Usage
	0  -  Run Bytes Sent By Job
	0  -  Run Bytes Received By Job
	0  -  Total Bytes Sent By Job
	0  -  Total Bytes Received By Job
	Partitionable Resources :    Usage  Request Allocated
	   Cpus                 :                 2         2
	   Disk (KB)            :        1        1   5108853
	   Memory (MB)          :     1244        1         1
...
