000 (20699.000.000) 02/24 21:35:12 Job submitted from host: <134.76.239.76:13753?addrs=134.76.239.76-13753>
...
001 (20699.000.000) 02/25 04:02:46 Job executing on host: <134.76.239.88:25067?addrs=134.76.239.88-25067>
...
006 (20699.000.000) 02/25 04:02:54 Image size of job updated: 1
	3  -  MemoryUsage of job (MB)
	2076  -  ResidentSetSize of job (KB)
...
006 (20699.000.000) 02/25 04:07:54 Image size of job updated: 1145668
	923  -  MemoryUsage of job (MB)
	944904  -  ResidentSetSize of job (KB)
...
006 (20699.000.000) 02/25 04:12:55 Image size of job updated: 1243892
	1070  -  MemoryUsage of job (MB)
	1095600  -  ResidentSetSize of job (KB)
...
006 (20699.000.000) 02/25 04:17:55 Image size of job updated: 1246152
	1072  -  MemoryUsage of job (MB)
	1097680  -  ResidentSetSize of job (KB)
...
006 (20699.000.000) 02/25 04:22:55 Image size of job updated: 1461444
	1245  -  MemoryUsage of job (MB)
	1274244  -  ResidentSetSize of job (KB)
...
006 (20699.000.000) 02/25 04:27:56 Image size of job updated: 1526980
	1307  -  MemoryUsage of job (MB)
	1337464  -  ResidentSetSize of job (KB)
...
006 (20699.000.000) 02/25 04:32:57 Image size of job updated: 1526980
	1307  -  MemoryUsage of job (MB)
	1337732  -  ResidentSetSize of job (KB)
...
005 (20699.000.000) 02/25 06:15:03 Job terminated.
	(1) Normal termination (return value 0)
		Usr 0 03:33:38, Sys 0 00:00:36  -  Run Remote Usage
		Usr 0 00:00:00, Sys 0 00:00:00  -  Run Local Usage
		Usr 0 03:33:38, Sys 0 00:00:36  -  Total Remote Usage
		Usr 0 00:00:00, Sys 0 00:00:00  -  Total Local Usage
	0  -  Run Bytes Sent By Job
	0  -  Run Bytes Received By Job
	0  -  Total Bytes Sent By Job
	0  -  Total Bytes Received By Job
	Partitionable Resources :    Usage  Request Allocated
	   Cpus                 :                 2         2
	   Disk (KB)            :        1        1   5108702
	   Memory (MB)          :     1307        1         1
...
