000 (19954.000.000) 02/24 21:34:32 Job submitted from host: <134.76.239.76:13753?addrs=134.76.239.76-13753>
...
001 (19954.000.000) 02/24 21:34:36 Job executing on host: <134.76.239.91:19968?addrs=134.76.239.91-19968>
...
006 (19954.000.000) 02/24 21:34:48 Image size of job updated: 65712
	4  -  MemoryUsage of job (MB)
	4040  -  ResidentSetSize of job (KB)
...
006 (19954.000.000) 02/24 21:39:48 Image size of job updated: 1140288
	918  -  MemoryUsage of job (MB)
	939256  -  ResidentSetSize of job (KB)
...
006 (19954.000.000) 02/24 21:44:49 Image size of job updated: 1146204
	924  -  MemoryUsage of job (MB)
	945604  -  ResidentSetSize of job (KB)
...
006 (19954.000.000) 02/24 22:49:55 Image size of job updated: 1242644
	1061  -  MemoryUsage of job (MB)
	1085524  -  ResidentSetSize of job (KB)
...
006 (19954.000.000) 02/24 23:04:57 Image size of job updated: 1242948
	1070  -  MemoryUsage of job (MB)
	1095068  -  ResidentSetSize of job (KB)
...
006 (19954.000.000) 02/24 23:09:58 Image size of job updated: 1308484
	1123  -  MemoryUsage of job (MB)
	1149140  -  ResidentSetSize of job (KB)
...
006 (19954.000.000) 02/24 23:14:58 Image size of job updated: 1308484
	1123  -  MemoryUsage of job (MB)
	1149152  -  ResidentSetSize of job (KB)
...
006 (19954.000.000) 02/24 23:19:58 Image size of job updated: 1308484
	1123  -  MemoryUsage of job (MB)
	1149164  -  ResidentSetSize of job (KB)
...
006 (19954.000.000) 02/24 23:24:59 Image size of job updated: 1429432
	1267  -  MemoryUsage of job (MB)
	1296428  -  ResidentSetSize of job (KB)
...
006 (19954.000.000) 02/24 23:30:00 Image size of job updated: 1494968
	1267  -  MemoryUsage of job (MB)
	1296772  -  ResidentSetSize of job (KB)
...
006 (19954.000.000) 02/24 23:45:02 Image size of job updated: 1494968
	1267  -  MemoryUsage of job (MB)
	1297092  -  ResidentSetSize of job (KB)
...
006 (19954.000.000) 02/24 23:55:02 Image size of job updated: 1494968
	1267  -  MemoryUsage of job (MB)
	1297096  -  ResidentSetSize of job (KB)
...
006 (19954.000.000) 02/25 00:00:03 Image size of job updated: 1494968
	1285  -  MemoryUsage of job (MB)
	1315744  -  ResidentSetSize of job (KB)
...
006 (19954.000.000) 02/25 00:15:04 Image size of job updated: 1495400
	1285  -  MemoryUsage of job (MB)
	1315752  -  ResidentSetSize of job (KB)
...
006 (19954.000.000) 02/25 01:55:14 Image size of job updated: 1495824
	1298  -  MemoryUsage of job (MB)
	1328156  -  ResidentSetSize of job (KB)
...
006 (19954.000.000) 02/25 02:05:15 Image size of job updated: 1496068
	1298  -  MemoryUsage of job (MB)
	1328160  -  ResidentSetSize of job (KB)
...
006 (19954.000.000) 02/25 03:30:07 Image size of job updated: 11057480
	1298  -  MemoryUsage of job (MB)
	1328160  -  ResidentSetSize of job (KB)
...
005 (19954.000.000) 02/25 03:30:07 Job terminated.
	(1) Normal termination (return value 0)
		Usr 0 09:07:38, Sys 0 00:02:08  -  Run Remote Usage
		Usr 0 00:00:00, Sys 0 00:00:00  -  Run Local Usage
		Usr 0 09:07:38, Sys 0 00:02:08  -  Total Remote Usage
		Usr 0 00:00:00, Sys 0 00:00:00  -  Total Local Usage
	0  -  Run Bytes Sent By Job
	0  -  Run Bytes Received By Job
	0  -  Total Bytes Sent By Job
	0  -  Total Bytes Received By Job
	Partitionable Resources :    Usage  Request Allocated
	   Cpus                 :                 2         2
	   Disk (KB)            :        1        1   5108770
	   Memory (MB)          :     1298        1         1
...
