000 (28231.000.000) 02/26 16:56:04 Job submitted from host: <134.76.239.76:15915?addrs=134.76.239.76-15915>
...
001 (28231.000.000) 02/26 16:56:11 Job executing on host: <134.76.239.87:21186?addrs=134.76.239.87-21186>
...
006 (28231.000.000) 02/26 16:56:22 Image size of job updated: 65712
	5  -  MemoryUsage of job (MB)
	4312  -  ResidentSetSize of job (KB)
...
006 (28231.000.000) 02/26 17:01:22 Image size of job updated: 1071772
	932  -  MemoryUsage of job (MB)
	953724  -  ResidentSetSize of job (KB)
...
006 (28231.000.000) 02/26 17:06:22 Image size of job updated: 1072380
	932  -  MemoryUsage of job (MB)
	954256  -  ResidentSetSize of job (KB)
...
006 (28231.000.000) 02/26 17:11:22 Image size of job updated: 1079596
	940  -  MemoryUsage of job (MB)
	961616  -  ResidentSetSize of job (KB)
...
006 (28231.000.000) 02/26 17:16:23 Image size of job updated: 1080512
	940  -  MemoryUsage of job (MB)
	961616  -  ResidentSetSize of job (KB)
...
