DATE: 2016-02-26
TIME: 16:59:18
                                         version_number        8118
 read inlist_1.0
 create pre-main-sequence model
                                                species           8
 abundances
                                                     h1    6.6270499999999999D-01
                                                    he3    3.1797269416741812D-05
                                                    he4    2.9875820273058329D-01
                                                    c12    6.6259608284658777D-03
                                                    n14    1.9409572422971709D-03
                                                    o16    1.8021199834246722D-02
                                                   ne20    4.0419852681553960D-03
                                                   mg24    7.8748968268348464D-03


                                        relax_num_steps


                               finished relax_num_steps

 new_lnPgas_flag T
                                        relax_initial_Z    3.8504999999999998D-02
                                                  new z    3.8504999999998832D-02
                                        relax_initial_Y    2.9879000000000000D-01
                                                  new y    2.9879000000000050D-01
 net name basic.net
 do_element_diffusion T
 lnPgas_flag T
 kappa_file_prefix gs98
 kappa_lowT_prefix lowT_fa05_gs98
   eos_file_prefix mesa
                                        OMP_NUM_THREADS           1



stop because Lnuc_div_L >= Lnuc_div_L_zams_limit
    0.1003054163E+01    0.9990000000E+00

        813   7.103134   4943.201  -0.445249  -0.445249   0.920029   0.920029   0.662347   0.002156   0.298790   0.662619  -1.821053    798      0
   6.086586   1.827761  -0.087787 -49.005505  -2.000495 -99.000000   0.000000   0.299117   0.018021   0.038505   0.298871   0.083349      4      0
 5.7040E+07  17.046006  -0.446573 -99.000000   4.772641  -6.701711   0.000000   0.006441   0.004042  3.854E-02  3.851E-02 -0.111E-10    varcontrol

save photos/x813 for model 813
save final_profile.data write fgong_plot.data
                               s% atm_structure_num_pts          68
save final_profile.data.FGONG    813
 final_profile.data.FGONG for model 813
 saved to zams.mod
termination code: Lnuc_div_L_zams_limit

       runtime, prev time, retries, backups, steps         7.7        28.2         0         0       813
        813   7.103134   4943.201  -0.445249  -0.445249   0.920029   0.920029   0.662347   0.002156   0.298790   0.662619  -1.821053    798      0
   6.086586   1.827761  -0.087787 -49.005505  -2.000495 -99.000000   0.000000   0.299117   0.018021   0.038505   0.298871   0.083349      4      0
 5.7040E+07  17.046006  -0.446573 -99.000000   4.772641  -6.701711   0.000000   0.006441   0.004042  3.854E-02  3.851E-02 -0.111E-10  max increase

DATE: 2016-02-26
TIME: 17:09:16
DATE: 2016-02-26
TIME: 17:09:16
                                         version_number        8118
 read inlist_1.0
load saved model zams.mod

 new_lnPgas_flag T
 net name basic.net
 do_element_diffusion T
 lnPgas_flag T
                       which_atm_option: Eddington_grey
 kappa_file_prefix gs98
 kappa_lowT_prefix lowT_fa05_gs98
   eos_file_prefix mesa
                                        OMP_NUM_THREADS           1


__________________________________________________________________________________________________________________________________________________

       step    lg_Tcntr    Teff       lg_LH     lg_Lnuc     Mass       H_rich     H_cntr     N_cntr     Y_surf     X_avg     eta_cntr  zones retry
   lg_dt_yr    lg_Dcntr    lg_R       lg_L3a    lg_Lneu     lg_Mdot    He_core    He_cntr    O_cntr     Z_surf     Y_avg     gam_cntr  iters bckup
     age_yr    lg_Pcntr    lg_L       lg_LZ     lg_Psurf    lg_Dsurf   C_core     C_cntr     Ne_cntr    Z_cntr     Z_avg     v_div_cs     dt_limit
__________________________________________________________________________________________________________________________________________________

