000 (19968.000.000) 02/24 21:34:33 Job submitted from host: <134.76.239.76:13753?addrs=134.76.239.76-13753>
...
001 (19968.000.000) 02/24 21:34:37 Job executing on host: <134.76.239.91:19968?addrs=134.76.239.91-19968>
...
006 (19968.000.000) 02/24 21:34:48 Image size of job updated: 65712
	4  -  MemoryUsage of job (MB)
	4048  -  ResidentSetSize of job (KB)
...
006 (19968.000.000) 02/24 21:39:48 Image size of job updated: 1139604
	923  -  MemoryUsage of job (MB)
	944352  -  ResidentSetSize of job (KB)
...
006 (19968.000.000) 02/24 21:44:49 Image size of job updated: 1144732
	928  -  MemoryUsage of job (MB)
	949916  -  ResidentSetSize of job (KB)
...
006 (19968.000.000) 02/24 21:49:49 Image size of job updated: 1146076
	928  -  MemoryUsage of job (MB)
	949916  -  ResidentSetSize of job (KB)
...
006 (19968.000.000) 02/24 22:04:51 Image size of job updated: 1146076
	963  -  MemoryUsage of job (MB)
	985572  -  ResidentSetSize of job (KB)
...
006 (19968.000.000) 02/24 22:24:53 Image size of job updated: 1146076
	963  -  MemoryUsage of job (MB)
	985592  -  ResidentSetSize of job (KB)
...
006 (19968.000.000) 02/24 22:29:53 Image size of job updated: 1308368
	1120  -  MemoryUsage of job (MB)
	1146016  -  ResidentSetSize of job (KB)
...
006 (19968.000.000) 02/24 22:59:56 Image size of job updated: 1308368
	1120  -  MemoryUsage of job (MB)
	1146020  -  ResidentSetSize of job (KB)
...
006 (19968.000.000) 02/24 23:09:58 Image size of job updated: 1308368
	1120  -  MemoryUsage of job (MB)
	1146340  -  ResidentSetSize of job (KB)
...
006 (19968.000.000) 02/24 23:24:59 Image size of job updated: 1308368
	1120  -  MemoryUsage of job (MB)
	1146344  -  ResidentSetSize of job (KB)
...
006 (19968.000.000) 02/24 23:40:00 Image size of job updated: 1494852
	1264  -  MemoryUsage of job (MB)
	1293608  -  ResidentSetSize of job (KB)
...
006 (19968.000.000) 02/24 23:55:01 Image size of job updated: 1494852
	1264  -  MemoryUsage of job (MB)
	1293928  -  ResidentSetSize of job (KB)
...
006 (19968.000.000) 02/25 00:00:02 Image size of job updated: 1494852
	1264  -  MemoryUsage of job (MB)
	1293936  -  ResidentSetSize of job (KB)
...
006 (19968.000.000) 02/25 00:35:06 Image size of job updated: 1494852
	1264  -  MemoryUsage of job (MB)
	1294256  -  ResidentSetSize of job (KB)
...
006 (19968.000.000) 02/25 00:50:08 Image size of job updated: 1519388
	1288  -  MemoryUsage of job (MB)
	1318792  -  ResidentSetSize of job (KB)
...
006 (19968.000.000) 02/25 00:55:08 Image size of job updated: 1519388
	1289  -  MemoryUsage of job (MB)
	1319212  -  ResidentSetSize of job (KB)
...
006 (19968.000.000) 02/25 01:15:10 Image size of job updated: 1547512
	1313  -  MemoryUsage of job (MB)
	1343852  -  ResidentSetSize of job (KB)
...
006 (19968.000.000) 02/25 04:15:29 Image size of job updated: 1547512
	1317  -  MemoryUsage of job (MB)
	1348304  -  ResidentSetSize of job (KB)
...
006 (19968.000.000) 02/25 05:45:30 Image size of job updated: 12429600
	1317  -  MemoryUsage of job (MB)
	1348304  -  ResidentSetSize of job (KB)
...
005 (19968.000.000) 02/25 05:45:30 Job terminated.
	(1) Normal termination (return value 0)
		Usr 0 12:59:39, Sys 0 00:02:33  -  Run Remote Usage
		Usr 0 00:00:00, Sys 0 00:00:00  -  Run Local Usage
		Usr 0 12:59:39, Sys 0 00:02:33  -  Total Remote Usage
		Usr 0 00:00:00, Sys 0 00:00:00  -  Total Local Usage
	0  -  Run Bytes Sent By Job
	0  -  Run Bytes Received By Job
	0  -  Total Bytes Sent By Job
	0  -  Total Bytes Received By Job
	Partitionable Resources :    Usage  Request Allocated
	   Cpus                 :                 2         2
	   Disk (KB)            :        1        1   5108777
	   Memory (MB)          :     1317        1         1
...
