000 (20758.000.000) 02/24 21:35:15 Job submitted from host: <134.76.239.76:13753?addrs=134.76.239.76-13753>
...
001 (20758.000.000) 02/25 04:43:48 Job executing on host: <134.76.239.86:20177?addrs=134.76.239.86-20177>
...
006 (20758.000.000) 02/25 04:43:56 Image size of job updated: 209736
	71  -  MemoryUsage of job (MB)
	72076  -  ResidentSetSize of job (KB)
...
006 (20758.000.000) 02/25 04:48:56 Image size of job updated: 1144980
	927  -  MemoryUsage of job (MB)
	949236  -  ResidentSetSize of job (KB)
...
006 (20758.000.000) 02/25 04:53:57 Image size of job updated: 1145916
	927  -  MemoryUsage of job (MB)
	949236  -  ResidentSetSize of job (KB)
...
006 (20758.000.000) 02/25 05:08:58 Image size of job updated: 1272200
	1075  -  MemoryUsage of job (MB)
	1100692  -  ResidentSetSize of job (KB)
...
006 (20758.000.000) 02/25 05:13:59 Image size of job updated: 1272200
	1075  -  MemoryUsage of job (MB)
	1100696  -  ResidentSetSize of job (KB)
...
006 (20758.000.000) 02/25 05:18:59 Image size of job updated: 1272628
	1076  -  MemoryUsage of job (MB)
	1101028  -  ResidentSetSize of job (KB)
...
006 (20758.000.000) 02/25 05:23:59 Image size of job updated: 1272628
	1076  -  MemoryUsage of job (MB)
	1101040  -  ResidentSetSize of job (KB)
...
006 (20758.000.000) 02/25 05:29:00 Image size of job updated: 1418112
	1244  -  MemoryUsage of job (MB)
	1272848  -  ResidentSetSize of job (KB)
...
006 (20758.000.000) 02/25 05:34:01 Image size of job updated: 1421184
	1244  -  MemoryUsage of job (MB)
	1273260  -  ResidentSetSize of job (KB)
...
006 (20758.000.000) 02/25 05:39:01 Image size of job updated: 1423196
	1248  -  MemoryUsage of job (MB)
	1277168  -  ResidentSetSize of job (KB)
...
006 (20758.000.000) 02/25 05:44:01 Image size of job updated: 1423196
	1249  -  MemoryUsage of job (MB)
	1278004  -  ResidentSetSize of job (KB)
...
006 (20758.000.000) 02/25 05:49:02 Image size of job updated: 1423204
	1249  -  MemoryUsage of job (MB)
	1278004  -  ResidentSetSize of job (KB)
...
006 (20758.000.000) 02/25 06:29:06 Image size of job updated: 1443568
	1249  -  MemoryUsage of job (MB)
	1278004  -  ResidentSetSize of job (KB)
...
006 (20758.000.000) 02/25 06:39:07 Image size of job updated: 1446640
	1249  -  MemoryUsage of job (MB)
	1278004  -  ResidentSetSize of job (KB)
...
006 (20758.000.000) 02/25 06:44:07 Image size of job updated: 1448652
	1249  -  MemoryUsage of job (MB)
	1278144  -  ResidentSetSize of job (KB)
...
006 (20758.000.000) 02/25 06:49:07 Image size of job updated: 1448652
	1249  -  MemoryUsage of job (MB)
	1278772  -  ResidentSetSize of job (KB)
...
006 (20758.000.000) 02/25 06:54:08 Image size of job updated: 1448660
	1249  -  MemoryUsage of job (MB)
	1278772  -  ResidentSetSize of job (KB)
...
005 (20758.000.000) 02/25 08:00:13 Job terminated.
	(1) Normal termination (return value 0)
		Usr 0 05:26:23, Sys 0 00:00:54  -  Run Remote Usage
		Usr 0 00:00:00, Sys 0 00:00:00  -  Run Local Usage
		Usr 0 05:26:23, Sys 0 00:00:54  -  Total Remote Usage
		Usr 0 00:00:00, Sys 0 00:00:00  -  Total Local Usage
	0  -  Run Bytes Sent By Job
	0  -  Run Bytes Received By Job
	0  -  Total Bytes Sent By Job
	0  -  Total Bytes Received By Job
	Partitionable Resources :    Usage  Request Allocated
	   Cpus                 :                 2         2
	   Disk (KB)            :        1        1   5108705
	   Memory (MB)          :     1249        1         1
...
