000 (20002.000.000) 02/24 21:34:34 Job submitted from host: <134.76.239.76:13753?addrs=134.76.239.76-13753>
...
001 (20002.000.000) 02/24 21:34:47 Job executing on host: <134.76.239.87:13734?addrs=134.76.239.87-13734>
...
006 (20002.000.000) 02/24 21:35:00 Image size of job updated: 65708
	4  -  MemoryUsage of job (MB)
	3832  -  ResidentSetSize of job (KB)
...
006 (20002.000.000) 02/24 21:40:00 Image size of job updated: 225172
	71  -  MemoryUsage of job (MB)
	71804  -  ResidentSetSize of job (KB)
...
006 (20002.000.000) 02/24 21:45:01 Image size of job updated: 1145072
	923  -  MemoryUsage of job (MB)
	944236  -  ResidentSetSize of job (KB)
...
006 (20002.000.000) 02/24 21:50:02 Image size of job updated: 1146716
	923  -  MemoryUsage of job (MB)
	944236  -  ResidentSetSize of job (KB)
...
006 (20002.000.000) 02/24 22:55:08 Image size of job updated: 1242972
	1060  -  MemoryUsage of job (MB)
	1085200  -  ResidentSetSize of job (KB)
...
006 (20002.000.000) 02/24 23:25:12 Image size of job updated: 1242972
	1061  -  MemoryUsage of job (MB)
	1085532  -  ResidentSetSize of job (KB)
...
006 (20002.000.000) 02/24 23:55:15 Image size of job updated: 1242972
	1061  -  MemoryUsage of job (MB)
	1085568  -  ResidentSetSize of job (KB)
...
006 (20002.000.000) 02/25 00:00:16 Image size of job updated: 1429456
	1204  -  MemoryUsage of job (MB)
	1232840  -  ResidentSetSize of job (KB)
...
006 (20002.000.000) 02/25 00:15:17 Image size of job updated: 1429456
	1205  -  MemoryUsage of job (MB)
	1233168  -  ResidentSetSize of job (KB)
...
006 (20002.000.000) 02/25 00:20:18 Image size of job updated: 1429456
	1205  -  MemoryUsage of job (MB)
	1233176  -  ResidentSetSize of job (KB)
...
006 (20002.000.000) 02/25 02:25:31 Image size of job updated: 1429456
	1217  -  MemoryUsage of job (MB)
	1246144  -  ResidentSetSize of job (KB)
...
006 (20002.000.000) 02/25 02:30:31 Image size of job updated: 1429456
	1217  -  MemoryUsage of job (MB)
	1246148  -  ResidentSetSize of job (KB)
...
006 (20002.000.000) 02/25 02:35:32 Image size of job updated: 1429456
	1217  -  MemoryUsage of job (MB)
	1246204  -  ResidentSetSize of job (KB)
...
006 (20002.000.000) 02/25 02:40:32 Image size of job updated: 1429456
	1218  -  MemoryUsage of job (MB)
	1246540  -  ResidentSetSize of job (KB)
...
006 (20002.000.000) 02/25 02:45:32 Image size of job updated: 1429456
	1218  -  MemoryUsage of job (MB)
	1246552  -  ResidentSetSize of job (KB)
...
006 (20002.000.000) 02/25 02:50:33 Image size of job updated: 1429456
	1218  -  MemoryUsage of job (MB)
	1246556  -  ResidentSetSize of job (KB)
...
006 (20002.000.000) 02/25 02:55:34 Image size of job updated: 1429456
	1222  -  MemoryUsage of job (MB)
	1250976  -  ResidentSetSize of job (KB)
...
006 (20002.000.000) 02/25 03:00:34 Image size of job updated: 1429456
	1222  -  MemoryUsage of job (MB)
	1250980  -  ResidentSetSize of job (KB)
...
006 (20002.000.000) 02/25 04:55:02 Image size of job updated: 12344460
	1222  -  MemoryUsage of job (MB)
	1250980  -  ResidentSetSize of job (KB)
...
005 (20002.000.000) 02/25 04:55:02 Job terminated.
	(1) Normal termination (return value 0)
		Usr 0 11:54:58, Sys 0 00:02:56  -  Run Remote Usage
		Usr 0 00:00:00, Sys 0 00:00:00  -  Run Local Usage
		Usr 0 11:54:58, Sys 0 00:02:56  -  Total Remote Usage
		Usr 0 00:00:00, Sys 0 00:00:00  -  Total Local Usage
	0  -  Run Bytes Sent By Job
	0  -  Run Bytes Received By Job
	0  -  Total Bytes Sent By Job
	0  -  Total Bytes Received By Job
	Partitionable Resources :    Usage  Request Allocated
	   Cpus                 :                 2         2
	   Disk (KB)            :        1        1   5108824
	   Memory (MB)          :     1222        1         1
...
