DATE: 2016-02-26
TIME: 16:59:22
                                         version_number        8118
 read inlist_1.0
 create pre-main-sequence model
                                                species           8
 abundances
                                                     h1    7.1903399999999995D-01
                                                    he3    2.8604665639834101D-05
                                                    he4    2.6876139533436016D-01
                                                    c12    2.0952525398623815D-03
                                                    n14    6.1376692331412781D-04
                                                    o16    5.6986398956444459D-03
                                                   ne20    1.2781512173759356D-03
                                                   mg24    2.4901894238031855D-03


                                        relax_num_steps


                               finished relax_num_steps

 new_lnPgas_flag T
                                        relax_initial_Z    1.2175999999999999D-02
                                                  new z    1.2176000000000835D-02
                                        relax_initial_Y    2.6878999999999997D-01
                                                  new y    2.6878999999999975D-01
 net name basic.net
 do_element_diffusion T
 lnPgas_flag T
 kappa_file_prefix gs98
 kappa_lowT_prefix lowT_fa05_gs98
   eos_file_prefix mesa
                                        OMP_NUM_THREADS           1



stop because Lnuc_div_L >= Lnuc_div_L_zams_limit
    0.9996202045E+00    0.9990000000E+00

        854   7.186218   6260.302   0.220982   0.220982   1.145029   1.145029   0.714557   0.003048   0.268406   0.718382  -1.787233    783      0
   6.806640   1.952231   0.040899 -44.560658  -1.408100 -99.000000   0.000000   0.272919   0.005697   0.012158   0.269395   0.073160      4      0
 6.1069E+07  17.273315   0.221147 -15.176439   4.596819  -7.011629   0.000000   0.000011   0.001278  1.252E-02  1.222E-02  0.266E-12  max increase

save photos/x854 for model 854
save final_profile.data write fgong_plot.data
                               s% atm_structure_num_pts          55
save final_profile.data.FGONG    854
 final_profile.data.FGONG for model 854
 saved to zams.mod
termination code: Lnuc_div_L_zams_limit

       runtime, prev time, retries, backups, steps         8.2        28.2         0         0       854
        854   7.186218   6260.302   0.220982   0.220982   1.145029   1.145029   0.714557   0.003048   0.268406   0.718382  -1.787233    783      0
   6.806640   1.952231   0.040899 -44.560658  -1.408100 -99.000000   0.000000   0.272919   0.005697   0.012158   0.269395   0.073160      4      0
 6.1069E+07  17.273315   0.221147 -15.176439   4.596819  -7.011629   0.000000   0.000011   0.001278  1.252E-02  1.222E-02  0.266E-12  max increase

DATE: 2016-02-26
TIME: 17:09:43
DATE: 2016-02-26
TIME: 17:09:44
                                         version_number        8118
 read inlist_1.0
load saved model zams.mod

 new_lnPgas_flag T
 net name basic.net
 do_element_diffusion T
 lnPgas_flag T
                       which_atm_option: Eddington_grey
 kappa_file_prefix gs98
 kappa_lowT_prefix lowT_fa05_gs98
   eos_file_prefix mesa
                                        OMP_NUM_THREADS           1


__________________________________________________________________________________________________________________________________________________

       step    lg_Tcntr    Teff       lg_LH     lg_Lnuc     Mass       H_rich     H_cntr     N_cntr     Y_surf     X_avg     eta_cntr  zones retry
   lg_dt_yr    lg_Dcntr    lg_R       lg_L3a    lg_Lneu     lg_Mdot    He_core    He_cntr    O_cntr     Z_surf     Y_avg     gam_cntr  iters bckup
     age_yr    lg_Pcntr    lg_L       lg_LZ     lg_Psurf    lg_Dsurf   C_core     C_cntr     Ne_cntr    Z_cntr     Z_avg     v_div_cs     dt_limit
__________________________________________________________________________________________________________________________________________________

        859   7.186394   6442.409   0.222289   0.222289   1.145029   1.145029   0.714034   0.003049   0.268526   0.718318  -1.786462    778      0
   5.994853   1.952947   0.016548 -44.548291  -1.408431 -99.000000   0.000000   0.273441   0.005696   0.012165   0.269458   0.073187      4      0
 6.5367E+07  17.274039   0.222256 -99.000000   4.908496  -6.713165   0.000000   0.000011   0.001278  1.252E-02  1.222E-02  0.113E-12  max increase

