000 (19966.000.000) 02/24 21:34:32 Job submitted from host: <134.76.239.76:13753?addrs=134.76.239.76-13753>
...
001 (19966.000.000) 02/24 21:34:45 Job executing on host: <134.76.239.78:21556?addrs=134.76.239.78-21556>
...
006 (19966.000.000) 02/24 21:34:59 Image size of job updated: 65712
	4  -  MemoryUsage of job (MB)
	3824  -  ResidentSetSize of job (KB)
...
006 (19966.000.000) 02/24 21:40:00 Image size of job updated: 168720
	18  -  MemoryUsage of job (MB)
	18180  -  ResidentSetSize of job (KB)
...
006 (19966.000.000) 02/24 21:45:01 Image size of job updated: 1144420
	920  -  MemoryUsage of job (MB)
	941248  -  ResidentSetSize of job (KB)
...
006 (19966.000.000) 02/24 21:50:01 Image size of job updated: 1145836
	920  -  MemoryUsage of job (MB)
	941248  -  ResidentSetSize of job (KB)
...
006 (19966.000.000) 02/24 22:05:03 Image size of job updated: 1254924
	1060  -  MemoryUsage of job (MB)
	1085244  -  ResidentSetSize of job (KB)
...
006 (19966.000.000) 02/24 22:20:05 Image size of job updated: 1254924
	1061  -  MemoryUsage of job (MB)
	1085580  -  ResidentSetSize of job (KB)
...
006 (19966.000.000) 02/24 22:25:05 Image size of job updated: 1254924
	1061  -  MemoryUsage of job (MB)
	1085588  -  ResidentSetSize of job (KB)
...
006 (19966.000.000) 02/24 22:30:05 Image size of job updated: 1441408
	1204  -  MemoryUsage of job (MB)
	1232856  -  ResidentSetSize of job (KB)
...
006 (19966.000.000) 02/24 22:35:06 Image size of job updated: 1441408
	1205  -  MemoryUsage of job (MB)
	1233204  -  ResidentSetSize of job (KB)
...
006 (19966.000.000) 02/24 22:40:06 Image size of job updated: 1465944
	1229  -  MemoryUsage of job (MB)
	1257740  -  ResidentSetSize of job (KB)
...
006 (19966.000.000) 02/24 22:45:06 Image size of job updated: 1469996
	1229  -  MemoryUsage of job (MB)
	1258120  -  ResidentSetSize of job (KB)
...
006 (19966.000.000) 02/24 22:50:07 Image size of job updated: 1469996
	1230  -  MemoryUsage of job (MB)
	1259172  -  ResidentSetSize of job (KB)
...
006 (19966.000.000) 02/24 22:55:08 Image size of job updated: 1535532
	1292  -  MemoryUsage of job (MB)
	1322596  -  ResidentSetSize of job (KB)
...
006 (19966.000.000) 02/24 23:00:08 Image size of job updated: 1535532
	1292  -  MemoryUsage of job (MB)
	1322600  -  ResidentSetSize of job (KB)
...
006 (19966.000.000) 02/24 23:05:09 Image size of job updated: 1535532
	1292  -  MemoryUsage of job (MB)
	1322604  -  ResidentSetSize of job (KB)
...
006 (19966.000.000) 02/25 00:00:15 Image size of job updated: 1535532
	1303  -  MemoryUsage of job (MB)
	1334264  -  ResidentSetSize of job (KB)
...
006 (19966.000.000) 02/25 00:05:15 Image size of job updated: 1535532
	1303  -  MemoryUsage of job (MB)
	1334272  -  ResidentSetSize of job (KB)
...
005 (19966.000.000) 02/25 01:38:51 Job terminated.
	(1) Normal termination (return value 0)
		Usr 0 06:04:56, Sys 0 00:01:35  -  Run Remote Usage
		Usr 0 00:00:00, Sys 0 00:00:00  -  Run Local Usage
		Usr 0 06:04:56, Sys 0 00:01:35  -  Total Remote Usage
		Usr 0 00:00:00, Sys 0 00:00:00  -  Total Local Usage
	0  -  Run Bytes Sent By Job
	0  -  Run Bytes Received By Job
	0  -  Total Bytes Sent By Job
	0  -  Total Bytes Received By Job
	Partitionable Resources :    Usage  Request Allocated
	   Cpus                 :                 2         2
	   Disk (KB)            :        1        1   5108834
	   Memory (MB)          :     1303        1         1
...
