DATE: 2016-02-26
TIME: 16:59:18
                                         version_number        8118
 read inlist_1.0
 create pre-main-sequence model
                                                species           8
 abundances
                                                     h1    6.6009999999999991D-01
                                                    he3    3.5089695271740838D-05
                                                    he4    3.2969291030472830D-01
                                                    c12    1.7504031566590143D-03
                                                    n14    5.1274943692109995D-04
                                                    o16    4.7607231454086189D-03
                                                   ne20    1.0677853304162307D-03
                                                   mg24    2.0803389305951055D-03


                                        relax_num_steps


                               finished relax_num_steps

 new_lnPgas_flag T
                                        relax_initial_Z    1.0172000000000000D-02
                                                  new z    1.0172000000000653D-02
                                        relax_initial_Y    3.2972800000000002D-01
                                                  new y    3.2972799999999997D-01
 net name basic.net
 do_element_diffusion T
 lnPgas_flag T
 kappa_file_prefix gs98
 kappa_lowT_prefix lowT_fa05_gs98
   eos_file_prefix mesa
                                        OMP_NUM_THREADS           1



stop because Lnuc_div_L >= Lnuc_div_L_zams_limit
    0.1000034567E+01    0.9990000000E+00

        861   7.186082   6189.529   0.138820   0.138820   0.997372   0.997372   0.655661   0.002548   0.324017   0.659412  -1.702961    806      0
   6.860135   2.002162   0.009603 -44.249760  -1.488608 -99.000000   0.000000   0.333865   0.004764   0.009992   0.330373   0.078039      4      0
 6.6122E+07  17.303638   0.138805 -15.051500   4.637827  -6.974066   0.000000   0.000010   0.001069  1.047E-02  1.022E-02  0.708E-12  max increase

save photos/x861 for model 861
save final_profile.data write fgong_plot.data
                               s% atm_structure_num_pts          56
save final_profile.data.FGONG    861
 final_profile.data.FGONG for model 861
 saved to zams.mod
termination code: Lnuc_div_L_zams_limit

       runtime, prev time, retries, backups, steps         8.4        28.2         0         0       861
        861   7.186082   6189.529   0.138820   0.138820   0.997372   0.997372   0.655661   0.002548   0.324017   0.659412  -1.702961    806      0
   6.860135   2.002162   0.009603 -44.249760  -1.488608 -99.000000   0.000000   0.333865   0.004764   0.009992   0.330373   0.078039      4      0
 6.6122E+07  17.303638   0.138805 -15.051500   4.637827  -6.974066   0.000000   0.000010   0.001069  1.047E-02  1.022E-02  0.708E-12  max increase

DATE: 2016-02-26
TIME: 17:09:57
DATE: 2016-02-26
TIME: 17:09:58
                                         version_number        8118
 read inlist_1.0
load saved model zams.mod

 new_lnPgas_flag T
 net name basic.net
 do_element_diffusion T
 lnPgas_flag T
                       which_atm_option: Eddington_grey
 kappa_file_prefix gs98
 kappa_lowT_prefix lowT_fa05_gs98
   eos_file_prefix mesa
                                        OMP_NUM_THREADS           1


__________________________________________________________________________________________________________________________________________________

       step    lg_Tcntr    Teff       lg_LH     lg_Lnuc     Mass       H_rich     H_cntr     N_cntr     Y_surf     X_avg     eta_cntr  zones retry
   lg_dt_yr    lg_Dcntr    lg_R       lg_L3a    lg_Lneu     lg_Mdot    He_core    He_cntr    O_cntr     Z_surf     Y_avg     gam_cntr  iters bckup
     age_yr    lg_Pcntr    lg_L       lg_LZ     lg_Psurf    lg_Dsurf   C_core     C_cntr     Ne_cntr    Z_cntr     Z_avg     v_div_cs     dt_limit
__________________________________________________________________________________________________________________________________________________

