000 (20902.000.000) 02/24 21:35:22 Job submitted from host: <134.76.239.76:13753?addrs=134.76.239.76-13753>
...
001 (20902.000.000) 02/25 06:40:48 Job executing on host: <134.76.239.88:25067?addrs=134.76.239.88-25067>
...
006 (20902.000.000) 02/25 06:40:57 Image size of job updated: 26268
	4  -  MemoryUsage of job (MB)
	3320  -  ResidentSetSize of job (KB)
...
006 (20902.000.000) 02/25 06:45:58 Image size of job updated: 1145464
	932  -  MemoryUsage of job (MB)
	953624  -  ResidentSetSize of job (KB)
...
006 (20902.000.000) 02/25 06:50:59 Image size of job updated: 1146336
	932  -  MemoryUsage of job (MB)
	953624  -  ResidentSetSize of job (KB)
...
006 (20902.000.000) 02/25 07:21:01 Image size of job updated: 1242152
	1067  -  MemoryUsage of job (MB)
	1092548  -  ResidentSetSize of job (KB)
...
006 (20902.000.000) 02/25 07:26:02 Image size of job updated: 1242152
	1067  -  MemoryUsage of job (MB)
	1092552  -  ResidentSetSize of job (KB)
...
006 (20902.000.000) 02/25 07:36:03 Image size of job updated: 1242152
	1068  -  MemoryUsage of job (MB)
	1092884  -  ResidentSetSize of job (KB)
...
006 (20902.000.000) 02/25 07:46:04 Image size of job updated: 1242656
	1068  -  MemoryUsage of job (MB)
	1092888  -  ResidentSetSize of job (KB)
...
006 (20902.000.000) 02/25 07:51:04 Image size of job updated: 1429140
	1212  -  MemoryUsage of job (MB)
	1240164  -  ResidentSetSize of job (KB)
...
006 (20902.000.000) 02/25 07:56:05 Image size of job updated: 1453676
	1236  -  MemoryUsage of job (MB)
	1265028  -  ResidentSetSize of job (KB)
...
006 (20902.000.000) 02/25 08:01:05 Image size of job updated: 1456732
	1237  -  MemoryUsage of job (MB)
	1266200  -  ResidentSetSize of job (KB)
...
006 (20902.000.000) 02/25 08:06:05 Image size of job updated: 1456732
	1237  -  MemoryUsage of job (MB)
	1266256  -  ResidentSetSize of job (KB)
...
006 (20902.000.000) 02/25 08:11:06 Image size of job updated: 1456732
	1238  -  MemoryUsage of job (MB)
	1266884  -  ResidentSetSize of job (KB)
...
006 (20902.000.000) 02/25 08:16:07 Image size of job updated: 1458732
	1240  -  MemoryUsage of job (MB)
	1269292  -  ResidentSetSize of job (KB)
...
006 (20902.000.000) 02/25 09:21:14 Image size of job updated: 1469588
	1240  -  MemoryUsage of job (MB)
	1269292  -  ResidentSetSize of job (KB)
...
006 (20902.000.000) 02/25 09:36:15 Image size of job updated: 1471588
	1240  -  MemoryUsage of job (MB)
	1269292  -  ResidentSetSize of job (KB)
...
004 (20902.000.000) 02/25 10:09:11 Job was evicted.
	(0) Job was not checkpointed.
		Usr 0 05:48:41, Sys 0 00:01:24  -  Run Remote Usage
		Usr 0 00:00:00, Sys 0 00:00:00  -  Run Local Usage
	0  -  Run Bytes Sent By Job
	0  -  Run Bytes Received By Job
	Partitionable Resources :    Usage  Request Allocated
	   Cpus                 :                 2         2
	   Disk (KB)            :        1        1   5108669
	   Memory (MB)          :     1240        1         1
...
001 (20902.000.000) 02/25 10:11:12 Job executing on host: <134.76.239.87:13734?addrs=134.76.239.87-13734>
...
004 (20902.000.000) 02/25 10:49:46 Job was evicted.
	(0) Job was not checkpointed.
		Usr 0 01:08:13, Sys 0 00:00:12  -  Run Remote Usage
		Usr 0 00:00:00, Sys 0 00:00:00  -  Run Local Usage
	0  -  Run Bytes Sent By Job
	0  -  Run Bytes Received By Job
	Partitionable Resources :    Usage  Request Allocated
	   Cpus                 :                 2         2
	   Disk (KB)            :        1        1   5108634
	   Memory (MB)          :     1465     1465      1465
...
001 (20902.000.000) 02/25 10:50:43 Job executing on host: <134.76.239.89:24193?addrs=134.76.239.89-24193>
...
004 (20902.000.000) 02/25 10:52:27 Job was evicted.
	(0) Job was not checkpointed.
		Usr 0 00:02:21, Sys 0 00:00:02  -  Run Remote Usage
		Usr 0 00:00:00, Sys 0 00:00:00  -  Run Local Usage
	0  -  Run Bytes Sent By Job
	0  -  Run Bytes Received By Job
	Partitionable Resources :    Usage  Request Allocated
	   Cpus                 :                 2         2
	   Disk (KB)            :        1        1   5108676
	   Memory (MB)          :     1465     1465      1465
...
001 (20902.000.000) 02/25 10:54:28 Job executing on host: <134.76.239.86:20177?addrs=134.76.239.86-20177>
...
004 (20902.000.000) 02/25 11:04:25 Job was evicted.
	(0) Job was not checkpointed.
		Usr 0 00:17:05, Sys 0 00:00:06  -  Run Remote Usage
		Usr 0 00:00:00, Sys 0 00:00:00  -  Run Local Usage
	0  -  Run Bytes Sent By Job
	0  -  Run Bytes Received By Job
	Partitionable Resources :    Usage  Request Allocated
	   Cpus                 :                 2         2
	   Disk (KB)            :        1        1   5108599
	   Memory (MB)          :     1465     1465      1465
...
001 (20902.000.000) 02/25 11:06:26 Job executing on host: <134.76.239.80:23833?addrs=134.76.239.80-23833>
...
004 (20902.000.000) 02/25 11:08:07 Job was evicted.
	(0) Job was not checkpointed.
		Usr 0 00:02:18, Sys 0 00:00:01  -  Run Remote Usage
		Usr 0 00:00:00, Sys 0 00:00:00  -  Run Local Usage
	0  -  Run Bytes Sent By Job
	0  -  Run Bytes Received By Job
	Partitionable Resources :    Usage  Request Allocated
	   Cpus                 :                 2         2
	   Disk (KB)            :        1        1   5045664
	   Memory (MB)          :     1465     1465      1465
...
001 (20902.000.000) 02/25 11:11:06 Job executing on host: <134.76.239.86:20177?addrs=134.76.239.86-20177>
...
004 (20902.000.000) 02/25 11:30:52 Job was evicted.
	(0) Job was not checkpointed.
		Usr 0 00:28:10, Sys 0 00:00:07  -  Run Remote Usage
		Usr 0 00:00:00, Sys 0 00:00:00  -  Run Local Usage
	0  -  Run Bytes Sent By Job
	0  -  Run Bytes Received By Job
	Partitionable Resources :    Usage  Request Allocated
	   Cpus                 :                 2         2
	   Disk (KB)            :        1        1   5108579
	   Memory (MB)          :     1465     1465      1465
...
001 (20902.000.000) 02/25 11:32:43 Job executing on host: <134.76.239.87:13734?addrs=134.76.239.87-13734>
...
004 (20902.000.000) 02/25 11:45:13 Job was evicted.
	(0) Job was not checkpointed.
		Usr 0 00:16:21, Sys 0 00:00:05  -  Run Remote Usage
		Usr 0 00:00:00, Sys 0 00:00:00  -  Run Local Usage
	0  -  Run Bytes Sent By Job
	0  -  Run Bytes Received By Job
	Partitionable Resources :    Usage  Request Allocated
	   Cpus                 :                 2         2
	   Disk (KB)            :        1        1   5108603
	   Memory (MB)          :     1465     1465      1465
...
001 (20902.000.000) 02/25 11:48:02 Job executing on host: <134.76.239.90:23525?addrs=134.76.239.90-23525>
...
004 (20902.000.000) 02/25 11:57:16 Job was evicted.
	(0) Job was not checkpointed.
		Usr 0 00:11:20, Sys 0 00:00:03  -  Run Remote Usage
		Usr 0 00:00:00, Sys 0 00:00:00  -  Run Local Usage
	0  -  Run Bytes Sent By Job
	0  -  Run Bytes Received By Job
	Partitionable Resources :    Usage  Request Allocated
	   Cpus                 :                 2         2
	   Disk (KB)            :        1        1   5108622
	   Memory (MB)          :     1465     1465      1465
...
001 (20902.000.000) 02/25 11:59:21 Job executing on host: <134.76.239.87:13734?addrs=134.76.239.87-13734>
...
004 (20902.000.000) 02/25 13:21:06 Job was evicted.
	(0) Job was not checkpointed.
		Usr 0 02:21:07, Sys 0 00:00:19  -  Run Remote Usage
		Usr 0 00:00:00, Sys 0 00:00:00  -  Run Local Usage
	0  -  Run Bytes Sent By Job
	0  -  Run Bytes Received By Job
	Partitionable Resources :    Usage  Request Allocated
	   Cpus                 :                 2         2
	   Disk (KB)            :        1        1   5108585
	   Memory (MB)          :     1465     1465      1465
...
001 (20902.000.000) 02/25 13:23:11 Job executing on host: <134.76.239.87:13734?addrs=134.76.239.87-13734>
...
