DATE: 2016-02-26
TIME: 16:59:24
                                         version_number        8118
 read inlist_1.0
 create pre-main-sequence model
                                                species           8
 abundances
                                                     h1    6.7271400000000003D-01
                                                    he3    3.3892468855400447D-05
                                                    he4    3.1844410753114460D-01
                                                    c12    1.5156853130016087D-03
                                                    n14    4.4399302402683635D-04
                                                    o16    4.1223406866652068D-03
                                                   ne20    9.2460216184683613D-04
                                                   mg24    1.8013788144594384D-03


                                        relax_num_steps


                               finished relax_num_steps

 new_lnPgas_flag T
                                        relax_initial_Z    8.8079999999999999D-03
                                                  new z    8.8079999999995957D-03
                                        relax_initial_Y    3.1847799999999998D-01
                                                  new y    3.1847800000000015D-01
 net name basic.net
 do_element_diffusion T
 lnPgas_flag T
 kappa_file_prefix gs98
 kappa_lowT_prefix lowT_fa05_gs98
   eos_file_prefix mesa
                                        OMP_NUM_THREADS           1



stop because Lnuc_div_L >= Lnuc_div_L_zams_limit
    0.1000040707E+01    0.9990000000E+00

        928   7.241781   7006.309   0.497907   0.497907   1.194247   1.194247   0.670735   0.002205   0.318153   0.672311  -1.899586    854      0
   6.164024   2.000476   0.081482 -41.541445  -1.075094 -99.000000   0.000000   0.320206   0.004119   0.008782   0.318830   0.068027      4      0
 2.7604E+07  17.362550   0.497889 -15.051500   4.268524  -7.369583   0.000000   0.000009   0.000925  9.059E-03  8.858E-03 -0.364E-12  max increase

save photos/x928 for model 928
save final_profile.data write fgong_plot.data
                               s% atm_structure_num_pts          54
save final_profile.data.FGONG    928
 final_profile.data.FGONG for model 928
 saved to zams.mod
termination code: Lnuc_div_L_zams_limit

       runtime, prev time, retries, backups, steps         8.9        28.2         0         0       928
        928   7.241781   7006.309   0.497907   0.497907   1.194247   1.194247   0.670735   0.002205   0.318153   0.672311  -1.899586    854      0
   6.164024   2.000476   0.081482 -41.541445  -1.075094 -99.000000   0.000000   0.320206   0.004119   0.008782   0.318830   0.068027      4      0
 2.7604E+07  17.362550   0.497889 -15.051500   4.268524  -7.369583   0.000000   0.000009   0.000925  9.059E-03  8.858E-03 -0.364E-12  max increase

DATE: 2016-02-26
TIME: 17:10:26
DATE: 2016-02-26
TIME: 17:10:26
                                         version_number        8118
 read inlist_1.0
load saved model zams.mod

 new_lnPgas_flag T
 net name basic.net
 do_element_diffusion T
 lnPgas_flag T
                       which_atm_option: Eddington_grey
 kappa_file_prefix gs98
 kappa_lowT_prefix lowT_fa05_gs98
   eos_file_prefix mesa
                                        OMP_NUM_THREADS           1


__________________________________________________________________________________________________________________________________________________

       step    lg_Tcntr    Teff       lg_LH     lg_Lnuc     Mass       H_rich     H_cntr     N_cntr     Y_surf     X_avg     eta_cntr  zones retry
   lg_dt_yr    lg_Dcntr    lg_R       lg_L3a    lg_Lneu     lg_Mdot    He_core    He_cntr    O_cntr     Z_surf     Y_avg     gam_cntr  iters bckup
     age_yr    lg_Pcntr    lg_L       lg_LZ     lg_Psurf    lg_Dsurf   C_core     C_cntr     Ne_cntr    Z_cntr     Z_avg     v_div_cs     dt_limit
__________________________________________________________________________________________________________________________________________________

