DATE: 2016-02-26
TIME: 16:59:51
                                         version_number        8118
 read inlist_1.0
 create pre-main-sequence model
                                                species           8
 abundances
                                                     h1    7.0957700000000012D-01
                                                    he3    2.6760511278166317D-05
                                                    he4    2.5143423948872190D-01
                                                    c12    6.7046016309229208D-03
                                                    n14    1.9639936650923842D-03
                                                    o16    1.8235086039265543D-02
                                                   ne20    4.0899579280059811D-03
                                                   mg24    7.9683607367131200D-03


                                        relax_num_steps


                               finished relax_num_steps

 new_lnPgas_flag T
                                        relax_initial_Z    3.8961999999999997D-02
                                                  new z    3.8962000000000066D-02
                                        relax_initial_Y    2.5146099999999999D-01
                                                  new y    2.5146099999999999D-01
 net name basic.net
 do_element_diffusion T
 lnPgas_flag T
 kappa_file_prefix gs98
 kappa_lowT_prefix lowT_fa05_gs98
   eos_file_prefix mesa
                                        OMP_NUM_THREADS           1



stop because Lnuc_div_L >= Lnuc_div_L_zams_limit
    0.1001037042E+01    0.9990000000E+00

        820   7.144218   5370.828  -0.062378  -0.062378   1.189084   1.189084   0.709076   0.003017   0.251461   0.709491  -2.062261    813      0
   5.704789   1.778113   0.032020 -47.127012  -1.511282 -99.000000   0.000000   0.251812   0.018235   0.038962   0.251531   0.071439      2      0
 4.0037E+07  17.052875  -0.062828 -99.000000   4.677778  -6.854858   0.000000   0.005802   0.004090  3.911E-02  3.898E-02 -0.423E-10    varcontrol

save photos/x820 for model 820
save final_profile.data write fgong_plot.data
                               s% atm_structure_num_pts          62
save final_profile.data.FGONG    820
 final_profile.data.FGONG for model 820
 saved to zams.mod
termination code: Lnuc_div_L_zams_limit

       runtime, prev time, retries, backups, steps         7.6        28.2         0         0       820
        820   7.144218   5370.828  -0.062378  -0.062378   1.189084   1.189084   0.709076   0.003017   0.251461   0.709491  -2.062261    813      0
   5.704789   1.778113   0.032020 -47.127012  -1.511282 -99.000000   0.000000   0.251812   0.018235   0.038962   0.251531   0.071439      2      0
 4.0037E+07  17.052875  -0.062828 -99.000000   4.677778  -6.854858   0.000000   0.005802   0.004090  3.911E-02  3.898E-02 -0.423E-10    varcontrol

DATE: 2016-02-26
TIME: 17:09:09
DATE: 2016-02-26
TIME: 17:09:09
                                         version_number        8118
 read inlist_1.0
load saved model zams.mod

 new_lnPgas_flag T
 net name basic.net
 do_element_diffusion T
 lnPgas_flag T
                       which_atm_option: Eddington_grey
 kappa_file_prefix gs98
 kappa_lowT_prefix lowT_fa05_gs98
   eos_file_prefix mesa
                                        OMP_NUM_THREADS           1


__________________________________________________________________________________________________________________________________________________

       step    lg_Tcntr    Teff       lg_LH     lg_Lnuc     Mass       H_rich     H_cntr     N_cntr     Y_surf     X_avg     eta_cntr  zones retry
   lg_dt_yr    lg_Dcntr    lg_R       lg_L3a    lg_Lneu     lg_Mdot    He_core    He_cntr    O_cntr     Z_surf     Y_avg     gam_cntr  iters bckup
     age_yr    lg_Pcntr    lg_L       lg_LZ     lg_Psurf    lg_Dsurf   C_core     C_cntr     Ne_cntr    Z_cntr     Z_avg     v_div_cs     dt_limit
__________________________________________________________________________________________________________________________________________________

