000 (20350.000.000) 02/24 21:34:53 Job submitted from host: <134.76.239.76:13753?addrs=134.76.239.76-13753>
...
001 (20350.000.000) 02/25 00:08:39 Job executing on host: <134.76.239.91:19968?addrs=134.76.239.91-19968>
...
006 (20350.000.000) 02/25 00:08:48 Image size of job updated: 1
	3  -  MemoryUsage of job (MB)
	2064  -  ResidentSetSize of job (KB)
...
006 (20350.000.000) 02/25 00:13:49 Image size of job updated: 1144620
	920  -  MemoryUsage of job (MB)
	941348  -  ResidentSetSize of job (KB)
...
006 (20350.000.000) 02/25 00:18:50 Image size of job updated: 1145856
	920  -  MemoryUsage of job (MB)
	941348  -  ResidentSetSize of job (KB)
...
006 (20350.000.000) 02/25 00:43:52 Image size of job updated: 1242728
	1072  -  MemoryUsage of job (MB)
	1097612  -  ResidentSetSize of job (KB)
...
006 (20350.000.000) 02/25 00:48:54 Image size of job updated: 1242728
	1072  -  MemoryUsage of job (MB)
	1097616  -  ResidentSetSize of job (KB)
...
006 (20350.000.000) 02/25 00:58:54 Image size of job updated: 1242728
	1073  -  MemoryUsage of job (MB)
	1097948  -  ResidentSetSize of job (KB)
...
006 (20350.000.000) 02/25 01:08:56 Image size of job updated: 1457344
	1243  -  MemoryUsage of job (MB)
	1271844  -  ResidentSetSize of job (KB)
...
006 (20350.000.000) 02/25 01:13:56 Image size of job updated: 1459400
	1246  -  MemoryUsage of job (MB)
	1275488  -  ResidentSetSize of job (KB)
...
006 (20350.000.000) 02/25 01:18:56 Image size of job updated: 1524936
	1308  -  MemoryUsage of job (MB)
	1339292  -  ResidentSetSize of job (KB)
...
006 (20350.000.000) 02/25 01:33:57 Image size of job updated: 1524936
	1308  -  MemoryUsage of job (MB)
	1339304  -  ResidentSetSize of job (KB)
...
006 (20350.000.000) 02/25 01:38:58 Image size of job updated: 1524936
	1309  -  MemoryUsage of job (MB)
	1339628  -  ResidentSetSize of job (KB)
...
006 (20350.000.000) 02/25 04:43:04 Image size of job updated: 10296768
	1309  -  MemoryUsage of job (MB)
	1339628  -  ResidentSetSize of job (KB)
...
005 (20350.000.000) 02/25 04:43:04 Job terminated.
	(1) Normal termination (return value 0)
		Usr 0 07:42:06, Sys 0 00:01:10  -  Run Remote Usage
		Usr 0 00:00:00, Sys 0 00:00:00  -  Run Local Usage
		Usr 0 07:42:06, Sys 0 00:01:10  -  Total Remote Usage
		Usr 0 00:00:00, Sys 0 00:00:00  -  Total Local Usage
	0  -  Run Bytes Sent By Job
	0  -  Run Bytes Received By Job
	0  -  Total Bytes Sent By Job
	0  -  Total Bytes Received By Job
	Partitionable Resources :    Usage  Request Allocated
	   Cpus                 :                 2         2
	   Disk (KB)            :        1        1   5108719
	   Memory (MB)          :     1309        1         1
...
