000 (20904.000.000) 02/24 21:35:22 Job submitted from host: <134.76.239.76:13753?addrs=134.76.239.76-13753>
...
001 (20904.000.000) 02/25 06:41:47 Job executing on host: <134.76.239.80:23833?addrs=134.76.239.80-23833>
...
006 (20904.000.000) 02/25 06:41:56 Image size of job updated: 26260
	4  -  MemoryUsage of job (MB)
	3312  -  ResidentSetSize of job (KB)
...
006 (20904.000.000) 02/25 06:46:56 Image size of job updated: 1144232
	928  -  MemoryUsage of job (MB)
	949940  -  ResidentSetSize of job (KB)
...
006 (20904.000.000) 02/25 06:51:56 Image size of job updated: 1145648
	928  -  MemoryUsage of job (MB)
	949940  -  ResidentSetSize of job (KB)
...
006 (20904.000.000) 02/25 07:06:58 Image size of job updated: 1294640
	1072  -  MemoryUsage of job (MB)
	1097292  -  ResidentSetSize of job (KB)
...
006 (20904.000.000) 02/25 07:17:00 Image size of job updated: 1294640
	1072  -  MemoryUsage of job (MB)
	1097624  -  ResidentSetSize of job (KB)
...
006 (20904.000.000) 02/25 07:22:00 Image size of job updated: 1295088
	1072  -  MemoryUsage of job (MB)
	1097632  -  ResidentSetSize of job (KB)
...
006 (20904.000.000) 02/25 07:27:00 Image size of job updated: 1445828
	1243  -  MemoryUsage of job (MB)
	1272640  -  ResidentSetSize of job (KB)
...
006 (20904.000.000) 02/25 07:32:01 Image size of job updated: 1445828
	1243  -  MemoryUsage of job (MB)
	1272680  -  ResidentSetSize of job (KB)
...
006 (20904.000.000) 02/25 07:37:01 Image size of job updated: 1445828
	1243  -  MemoryUsage of job (MB)
	1272716  -  ResidentSetSize of job (KB)
...
006 (20904.000.000) 02/25 07:42:01 Image size of job updated: 1445828
	1244  -  MemoryUsage of job (MB)
	1273060  -  ResidentSetSize of job (KB)
...
006 (20904.000.000) 02/25 08:17:05 Image size of job updated: 1458736
	1244  -  MemoryUsage of job (MB)
	1273060  -  ResidentSetSize of job (KB)
...
006 (20904.000.000) 02/25 08:22:06 Image size of job updated: 1485360
	1247  -  MemoryUsage of job (MB)
	1276768  -  ResidentSetSize of job (KB)
...
006 (20904.000.000) 02/25 08:27:07 Image size of job updated: 1485360
	1248  -  MemoryUsage of job (MB)
	1277576  -  ResidentSetSize of job (KB)
...
006 (20904.000.000) 02/25 08:32:07 Image size of job updated: 1485360
	1248  -  MemoryUsage of job (MB)
	1277580  -  ResidentSetSize of job (KB)
...
005 (20904.000.000) 02/25 09:34:04 Job terminated.
	(1) Normal termination (return value 127)
		Usr 0 04:45:10, Sys 0 00:00:57  -  Run Remote Usage
		Usr 0 00:00:00, Sys 0 00:00:00  -  Run Local Usage
		Usr 0 04:45:10, Sys 0 00:00:57  -  Total Remote Usage
		Usr 0 00:00:00, Sys 0 00:00:00  -  Total Local Usage
	0  -  Run Bytes Sent By Job
	0  -  Run Bytes Received By Job
	0  -  Total Bytes Sent By Job
	0  -  Total Bytes Received By Job
	Partitionable Resources :    Usage  Request Allocated
	   Cpus                 :                 2         2
	   Disk (KB)            :        1        1   5045757
	   Memory (MB)          :     1248        1         1
...
