000 (20042.000.000) 02/24 21:34:36 Job submitted from host: <134.76.239.76:13753?addrs=134.76.239.76-13753>
...
001 (20042.000.000) 02/24 21:34:46 Job executing on host: <134.76.239.79:12046?addrs=134.76.239.79-12046>
...
006 (20042.000.000) 02/24 21:34:57 Image size of job updated: 65708
	4  -  MemoryUsage of job (MB)
	3824  -  ResidentSetSize of job (KB)
...
006 (20042.000.000) 02/24 21:39:58 Image size of job updated: 1141040
	923  -  MemoryUsage of job (MB)
	944476  -  ResidentSetSize of job (KB)
...
006 (20042.000.000) 02/24 21:44:58 Image size of job updated: 1147500
	929  -  MemoryUsage of job (MB)
	951000  -  ResidentSetSize of job (KB)
...
006 (20042.000.000) 02/25 00:10:15 Image size of job updated: 1232172
	1067  -  MemoryUsage of job (MB)
	1092424  -  ResidentSetSize of job (KB)
...
006 (20042.000.000) 02/25 01:20:23 Image size of job updated: 1232172
	1068  -  MemoryUsage of job (MB)
	1092756  -  ResidentSetSize of job (KB)
...
006 (20042.000.000) 02/25 03:30:35 Image size of job updated: 1271132
	1072  -  MemoryUsage of job (MB)
	1097464  -  ResidentSetSize of job (KB)
...
006 (20042.000.000) 02/25 04:25:41 Image size of job updated: 1271132
	1072  -  MemoryUsage of job (MB)
	1097512  -  ResidentSetSize of job (KB)
...
006 (20042.000.000) 02/25 04:30:42 Image size of job updated: 1271132
	1072  -  MemoryUsage of job (MB)
	1097516  -  ResidentSetSize of job (KB)
...
006 (20042.000.000) 02/25 04:40:43 Image size of job updated: 1271132
	1072  -  MemoryUsage of job (MB)
	1097520  -  ResidentSetSize of job (KB)
...
006 (20042.000.000) 02/25 04:45:44 Image size of job updated: 1271132
	1073  -  MemoryUsage of job (MB)
	1097900  -  ResidentSetSize of job (KB)
...
006 (20042.000.000) 02/25 04:50:44 Image size of job updated: 1271132
	1073  -  MemoryUsage of job (MB)
	1097904  -  ResidentSetSize of job (KB)
...
006 (20042.000.000) 02/25 05:00:46 Image size of job updated: 1271132
	1073  -  MemoryUsage of job (MB)
	1097908  -  ResidentSetSize of job (KB)
...
006 (20042.000.000) 02/25 06:44:48 Image size of job updated: 12434760
	1073  -  MemoryUsage of job (MB)
	1097908  -  ResidentSetSize of job (KB)
...
005 (20042.000.000) 02/25 06:44:48 Job terminated.
	(1) Normal termination (return value 0)
		Usr 0 14:43:14, Sys 0 00:03:07  -  Run Remote Usage
		Usr 0 00:00:00, Sys 0 00:00:00  -  Run Local Usage
		Usr 0 14:43:14, Sys 0 00:03:07  -  Total Remote Usage
		Usr 0 00:00:00, Sys 0 00:00:00  -  Total Local Usage
	0  -  Run Bytes Sent By Job
	0  -  Run Bytes Received By Job
	0  -  Total Bytes Sent By Job
	0  -  Total Bytes Received By Job
	Partitionable Resources :    Usage  Request Allocated
	   Cpus                 :                 2         2
	   Disk (KB)            :        1        1   5108766
	   Memory (MB)          :     1073        1         1
...
