000 (20053.000.000) 02/24 21:34:37 Job submitted from host: <134.76.239.76:13753?addrs=134.76.239.76-13753>
...
001 (20053.000.000) 02/24 21:34:57 Job executing on host: <134.76.239.87:13734?addrs=134.76.239.87-13734>
...
006 (20053.000.000) 02/24 21:35:08 Image size of job updated: 26260
	4  -  MemoryUsage of job (MB)
	3088  -  ResidentSetSize of job (KB)
...
006 (20053.000.000) 02/24 21:40:08 Image size of job updated: 225168
	69  -  MemoryUsage of job (MB)
	69936  -  ResidentSetSize of job (KB)
...
006 (20053.000.000) 02/24 21:45:09 Image size of job updated: 1143740
	925  -  MemoryUsage of job (MB)
	946864  -  ResidentSetSize of job (KB)
...
006 (20053.000.000) 02/24 21:50:10 Image size of job updated: 1145172
	925  -  MemoryUsage of job (MB)
	946864  -  ResidentSetSize of job (KB)
...
006 (20053.000.000) 02/24 22:05:12 Image size of job updated: 1243504
	1060  -  MemoryUsage of job (MB)
	1085120  -  ResidentSetSize of job (KB)
...
006 (20053.000.000) 02/24 22:10:12 Image size of job updated: 1243504
	1060  -  MemoryUsage of job (MB)
	1085124  -  ResidentSetSize of job (KB)
...
006 (20053.000.000) 02/24 22:15:12 Image size of job updated: 1243504
	1061  -  MemoryUsage of job (MB)
	1085460  -  ResidentSetSize of job (KB)
...
006 (20053.000.000) 02/24 22:25:14 Image size of job updated: 1429988
	1204  -  MemoryUsage of job (MB)
	1232728  -  ResidentSetSize of job (KB)
...
006 (20053.000.000) 02/24 22:30:14 Image size of job updated: 1454524
	1228  -  MemoryUsage of job (MB)
	1257264  -  ResidentSetSize of job (KB)
...
006 (20053.000.000) 02/24 22:40:16 Image size of job updated: 1458296
	1232  -  MemoryUsage of job (MB)
	1260904  -  ResidentSetSize of job (KB)
...
006 (20053.000.000) 02/24 22:45:16 Image size of job updated: 1525924
	1294  -  MemoryUsage of job (MB)
	1324560  -  ResidentSetSize of job (KB)
...
006 (20053.000.000) 02/24 22:55:18 Image size of job updated: 1525924
	1294  -  MemoryUsage of job (MB)
	1324596  -  ResidentSetSize of job (KB)
...
006 (20053.000.000) 02/24 23:00:18 Image size of job updated: 1550460
	1318  -  MemoryUsage of job (MB)
	1349436  -  ResidentSetSize of job (KB)
...
006 (20053.000.000) 02/24 23:05:18 Image size of job updated: 1550460
	1318  -  MemoryUsage of job (MB)
	1349440  -  ResidentSetSize of job (KB)
...
006 (20053.000.000) 02/25 00:10:25 Image size of job updated: 1550460
	1333  -  MemoryUsage of job (MB)
	1364504  -  ResidentSetSize of job (KB)
...
006 (20053.000.000) 02/25 00:15:26 Image size of job updated: 1550460
	1333  -  MemoryUsage of job (MB)
	1364512  -  ResidentSetSize of job (KB)
...
005 (20053.000.000) 02/25 02:08:22 Job terminated.
	(1) Normal termination (return value 0)
		Usr 0 07:07:39, Sys 0 00:01:46  -  Run Remote Usage
		Usr 0 00:00:00, Sys 0 00:00:00  -  Run Local Usage
		Usr 0 07:07:39, Sys 0 00:01:46  -  Total Remote Usage
		Usr 0 00:00:00, Sys 0 00:00:00  -  Total Local Usage
	0  -  Run Bytes Sent By Job
	0  -  Run Bytes Received By Job
	0  -  Total Bytes Sent By Job
	0  -  Total Bytes Received By Job
	Partitionable Resources :    Usage  Request Allocated
	   Cpus                 :                 2         2
	   Disk (KB)            :        1        1   5108823
	   Memory (MB)          :     1333        1         1
...
