DATE: 2016-02-26
TIME: 16:59:50
                                         version_number        8118
 read inlist_1.0
 create pre-main-sequence model
                                                species           8
 abundances
                                                     h1    7.2551900000000002D-01
                                                    he3    2.9154964110847098D-05
                                                    he4    2.7393184503588919D-01
                                                    c12    8.9481875881106948D-05
                                                    n14    2.6212122217749917D-05
                                                    o16    2.4337161183762268D-04
                                                   ne20    5.4585958692135145D-05
                                                   mg24    1.0634843137135024D-04


                                        relax_num_steps


                               finished relax_num_steps

 new_lnPgas_flag T
                                        relax_initial_Z    5.1999999999999995D-04
                                                  new z    5.2000000000012832D-04
                                        relax_initial_Y    2.7396100000000001D-01
                                                  new y    2.7396099999999973D-01
 net name basic.net
 do_element_diffusion T
 lnPgas_flag T
 kappa_file_prefix gs98
 kappa_lowT_prefix lowT_fa05_gs98
   eos_file_prefix mesa
                                        OMP_NUM_THREADS           1



stop because Lnuc_div_L >= Lnuc_div_L_zams_limit
    0.1002899846E+01    0.9990000000E+00

        965   7.311368  1.036E+04   0.994244   0.994244   1.470334   1.470334   0.724985   0.000130   0.273958   0.725363  -2.068140    902      0
   5.390252   2.020513  -0.010723 -38.367996  -0.479154 -99.000000   0.000000   0.274480   0.000243   0.000520   0.274113   0.057262      2      0
 6.7993E+06  17.470538   0.992986 -99.000000   3.108566  -8.919398   0.000000   0.000001   0.000055  5.347E-04  5.238E-04 -0.104E-10  max increase

save photos/x965 for model 965
save final_profile.data write fgong_plot.data
                               s% atm_structure_num_pts          41
save final_profile.data.FGONG    965
 final_profile.data.FGONG for model 965
 saved to zams.mod
termination code: Lnuc_div_L_zams_limit

       runtime, prev time, retries, backups, steps         8.8        28.2         0         0       965
        965   7.311368  1.036E+04   0.994244   0.994244   1.470334   1.470334   0.724985   0.000130   0.273958   0.725363  -2.068140    902      0
   5.390252   2.020513  -0.010723 -38.367996  -0.479154 -99.000000   0.000000   0.274480   0.000243   0.000520   0.274113   0.057262      2      0
 6.7993E+06  17.470538   0.992986 -99.000000   3.108566  -8.919398   0.000000   0.000001   0.000055  5.347E-04  5.238E-04 -0.104E-10  max increase

DATE: 2016-02-26
TIME: 17:10:19
DATE: 2016-02-26
TIME: 17:10:19
                                         version_number        8118
 read inlist_1.0
load saved model zams.mod

 new_lnPgas_flag T
 net name basic.net
 do_element_diffusion T
 lnPgas_flag T
                       which_atm_option: Eddington_grey
 kappa_file_prefix gs98
 kappa_lowT_prefix lowT_fa05_gs98
   eos_file_prefix mesa
                                        OMP_NUM_THREADS           1


__________________________________________________________________________________________________________________________________________________

       step    lg_Tcntr    Teff       lg_LH     lg_Lnuc     Mass       H_rich     H_cntr     N_cntr     Y_surf     X_avg     eta_cntr  zones retry
   lg_dt_yr    lg_Dcntr    lg_R       lg_L3a    lg_Lneu     lg_Mdot    He_core    He_cntr    O_cntr     Z_surf     Y_avg     gam_cntr  iters bckup
     age_yr    lg_Pcntr    lg_L       lg_LZ     lg_Psurf    lg_Dsurf   C_core     C_cntr     Ne_cntr    Z_cntr     Z_avg     v_div_cs     dt_limit
__________________________________________________________________________________________________________________________________________________

