000 (28535.000.000) 02/26 16:56:21 Job submitted from host: <134.76.239.76:15915?addrs=134.76.239.76-15915>
...
001 (28535.000.000) 02/26 16:56:36 Job executing on host: <134.76.239.81:12597?addrs=134.76.239.81-12597>
...
006 (28535.000.000) 02/26 16:56:49 Image size of job updated: 65712
	4  -  MemoryUsage of job (MB)
	3256  -  ResidentSetSize of job (KB)
...
006 (28535.000.000) 02/26 17:01:49 Image size of job updated: 1071500
	931  -  MemoryUsage of job (MB)
	952584  -  ResidentSetSize of job (KB)
...
006 (28535.000.000) 02/26 17:06:50 Image size of job updated: 1071964
	931  -  MemoryUsage of job (MB)
	952680  -  ResidentSetSize of job (KB)
...
006 (28535.000.000) 02/26 17:11:51 Image size of job updated: 1080004
	931  -  MemoryUsage of job (MB)
	952680  -  ResidentSetSize of job (KB)
...
006 (28535.000.000) 02/26 17:16:51 Image size of job updated: 1233096
	1084  -  MemoryUsage of job (MB)
	1109004  -  ResidentSetSize of job (KB)
...
