000 (20242.000.000) 02/24 21:34:47 Job submitted from host: <134.76.239.76:13753?addrs=134.76.239.76-13753>
...
001 (20242.000.000) 02/24 22:35:35 Job executing on host: <134.76.239.88:25067?addrs=134.76.239.88-25067>
...
006 (20242.000.000) 02/24 22:35:44 Image size of job updated: 1
	3  -  MemoryUsage of job (MB)
	2072  -  ResidentSetSize of job (KB)
...
006 (20242.000.000) 02/24 22:40:44 Image size of job updated: 1141280
	931  -  MemoryUsage of job (MB)
	952624  -  ResidentSetSize of job (KB)
...
006 (20242.000.000) 02/24 22:45:45 Image size of job updated: 1147044
	931  -  MemoryUsage of job (MB)
	952624  -  ResidentSetSize of job (KB)
...
006 (20242.000.000) 02/24 23:35:50 Image size of job updated: 1294772
	1070  -  MemoryUsage of job (MB)
	1094952  -  ResidentSetSize of job (KB)
...
006 (20242.000.000) 02/24 23:55:52 Image size of job updated: 1294772
	1070  -  MemoryUsage of job (MB)
	1094960  -  ResidentSetSize of job (KB)
...
006 (20242.000.000) 02/25 00:00:53 Image size of job updated: 1294772
	1070  -  MemoryUsage of job (MB)
	1095292  -  ResidentSetSize of job (KB)
...
006 (20242.000.000) 02/25 00:05:53 Image size of job updated: 1294772
	1070  -  MemoryUsage of job (MB)
	1095304  -  ResidentSetSize of job (KB)
...
006 (20242.000.000) 02/25 00:10:54 Image size of job updated: 1294772
	1070  -  MemoryUsage of job (MB)
	1095308  -  ResidentSetSize of job (KB)
...
006 (20242.000.000) 02/25 00:15:55 Image size of job updated: 1415720
	1214  -  MemoryUsage of job (MB)
	1242588  -  ResidentSetSize of job (KB)
...
006 (20242.000.000) 02/25 00:25:55 Image size of job updated: 1415720
	1214  -  MemoryUsage of job (MB)
	1242928  -  ResidentSetSize of job (KB)
...
006 (20242.000.000) 02/25 00:40:56 Image size of job updated: 1415720
	1215  -  MemoryUsage of job (MB)
	1243248  -  ResidentSetSize of job (KB)
...
006 (20242.000.000) 02/25 02:41:08 Image size of job updated: 1429656
	1218  -  MemoryUsage of job (MB)
	1246576  -  ResidentSetSize of job (KB)
...
006 (20242.000.000) 02/25 02:46:09 Image size of job updated: 1429656
	1218  -  MemoryUsage of job (MB)
	1246936  -  ResidentSetSize of job (KB)
...
006 (20242.000.000) 02/25 02:51:10 Image size of job updated: 1429656
	1218  -  MemoryUsage of job (MB)
	1246944  -  ResidentSetSize of job (KB)
...
006 (20242.000.000) 02/25 03:06:12 Image size of job updated: 1429888
	1218  -  MemoryUsage of job (MB)
	1246952  -  ResidentSetSize of job (KB)
...
006 (20242.000.000) 02/25 03:11:12 Image size of job updated: 1429888
	1219  -  MemoryUsage of job (MB)
	1247268  -  ResidentSetSize of job (KB)
...
006 (20242.000.000) 02/25 03:21:13 Image size of job updated: 1429888
	1219  -  MemoryUsage of job (MB)
	1247272  -  ResidentSetSize of job (KB)
...
006 (20242.000.000) 02/25 03:26:13 Image size of job updated: 1429888
	1219  -  MemoryUsage of job (MB)
	1247276  -  ResidentSetSize of job (KB)
...
006 (20242.000.000) 02/25 03:31:13 Image size of job updated: 1429888
	1220  -  MemoryUsage of job (MB)
	1249164  -  ResidentSetSize of job (KB)
...
006 (20242.000.000) 02/25 05:03:37 Image size of job updated: 11803864
	1220  -  MemoryUsage of job (MB)
	1249164  -  ResidentSetSize of job (KB)
...
005 (20242.000.000) 02/25 05:03:37 Job terminated.
	(1) Normal termination (return value 0)
		Usr 0 10:54:01, Sys 0 00:02:48  -  Run Remote Usage
		Usr 0 00:00:00, Sys 0 00:00:00  -  Run Local Usage
		Usr 0 10:54:01, Sys 0 00:02:48  -  Total Remote Usage
		Usr 0 00:00:00, Sys 0 00:00:00  -  Total Local Usage
	0  -  Run Bytes Sent By Job
	0  -  Run Bytes Received By Job
	0  -  Total Bytes Sent By Job
	0  -  Total Bytes Received By Job
	Partitionable Resources :    Usage  Request Allocated
	   Cpus                 :                 2         2
	   Disk (KB)            :        1        1   5108762
	   Memory (MB)          :     1220        1         1
...
