DATE: 2016-02-26
TIME: 16:59:32
                                         version_number        8118
 read inlist_1.0
 create pre-main-sequence model
                                                species           8
 abundances
                                                     h1    6.9937900000000008D-01
                                                    he3    2.8280403516226184D-05
                                                    he4    2.6571471959648385D-01
                                                    c12    6.0018247441951068D-03
                                                    n14    1.7581276898283506D-03
                                                    o16    1.6323682841679173D-02
                                                   ne20    3.6612482062777234D-03
                                                   mg24    7.1331165180196160D-03


                                        relax_num_steps


                               finished relax_num_steps

 new_lnPgas_flag T
                                        relax_initial_Z    3.4877999999999999D-02
                                                  new z    3.4878000000001033D-02
                                        relax_initial_Y    2.6574300000000001D-01
                                                  new y    2.6574299999999984D-01
 net name basic.net
 do_element_diffusion T
 lnPgas_flag T
 kappa_file_prefix gs98
 kappa_lowT_prefix lowT_fa05_gs98
   eos_file_prefix mesa
                                        OMP_NUM_THREADS           1



stop because Lnuc_div_L >= Lnuc_div_L_zams_limit
    0.1003157688E+01    0.9990000000E+00

        823   7.151699   5739.846  -0.012152  -0.012152   1.181943   1.181943   0.698914   0.002789   0.265743   0.699289  -2.071795    804      0
   5.759360   1.787873  -0.001045 -46.656110  -1.448850 -99.000000   0.000000   0.266061   0.016324   0.034878   0.265814   0.070951      4      0
 3.3729E+07  17.066986  -0.013521 -99.000000   4.713064  -6.843841   0.000000   0.005118   0.003661  3.503E-02  3.490E-02 -0.287E-10    varcontrol

save photos/x823 for model 823
save final_profile.data write fgong_plot.data
                               s% atm_structure_num_pts          61
save final_profile.data.FGONG    823
 final_profile.data.FGONG for model 823
 saved to zams.mod
termination code: Lnuc_div_L_zams_limit

       runtime, prev time, retries, backups, steps         7.5        28.2         0         0       823
        823   7.151699   5739.846  -0.012152  -0.012152   1.181943   1.181943   0.698914   0.002789   0.265743   0.699289  -2.071795    804      0
   5.759360   1.787873  -0.001045 -46.656110  -1.448850 -99.000000   0.000000   0.266061   0.016324   0.034878   0.265814   0.070951      4      0
 3.3729E+07  17.066986  -0.013521 -99.000000   4.713064  -6.843841   0.000000   0.005118   0.003661  3.503E-02  3.490E-02 -0.287E-10  max increase

DATE: 2016-02-26
TIME: 17:09:04
DATE: 2016-02-26
TIME: 17:09:05
                                         version_number        8118
 read inlist_1.0
load saved model zams.mod

 new_lnPgas_flag T
 net name basic.net
 do_element_diffusion T
 lnPgas_flag T
                       which_atm_option: Eddington_grey
 kappa_file_prefix gs98
 kappa_lowT_prefix lowT_fa05_gs98
   eos_file_prefix mesa
                                        OMP_NUM_THREADS           1


__________________________________________________________________________________________________________________________________________________

       step    lg_Tcntr    Teff       lg_LH     lg_Lnuc     Mass       H_rich     H_cntr     N_cntr     Y_surf     X_avg     eta_cntr  zones retry
   lg_dt_yr    lg_Dcntr    lg_R       lg_L3a    lg_Lneu     lg_Mdot    He_core    He_cntr    O_cntr     Z_surf     Y_avg     gam_cntr  iters bckup
     age_yr    lg_Pcntr    lg_L       lg_LZ     lg_Psurf    lg_Dsurf   C_core     C_cntr     Ne_cntr    Z_cntr     Z_avg     v_div_cs     dt_limit
__________________________________________________________________________________________________________________________________________________

