000 (20210.000.000) 02/24 21:34:45 Job submitted from host: <134.76.239.76:13753?addrs=134.76.239.76-13753>
...
001 (20210.000.000) 02/24 22:11:39 Job executing on host: <134.76.239.91:19968?addrs=134.76.239.91-19968>
...
006 (20210.000.000) 02/24 22:11:51 Image size of job updated: 1
	3  -  MemoryUsage of job (MB)
	2068  -  ResidentSetSize of job (KB)
...
006 (20210.000.000) 02/24 22:16:51 Image size of job updated: 45168
	6  -  MemoryUsage of job (MB)
	5472  -  ResidentSetSize of job (KB)
...
006 (20210.000.000) 02/24 22:21:51 Image size of job updated: 1140360
	922  -  MemoryUsage of job (MB)
	944008  -  ResidentSetSize of job (KB)
...
006 (20210.000.000) 02/24 22:26:52 Image size of job updated: 1146668
	928  -  MemoryUsage of job (MB)
	950032  -  ResidentSetSize of job (KB)
...
006 (20210.000.000) 02/24 22:56:55 Image size of job updated: 1242092
	1060  -  MemoryUsage of job (MB)
	1084936  -  ResidentSetSize of job (KB)
...
006 (20210.000.000) 02/24 23:06:56 Image size of job updated: 1242092
	1060  -  MemoryUsage of job (MB)
	1085272  -  ResidentSetSize of job (KB)
...
006 (20210.000.000) 02/24 23:16:58 Image size of job updated: 1428576
	1204  -  MemoryUsage of job (MB)
	1232548  -  ResidentSetSize of job (KB)
...
006 (20210.000.000) 02/24 23:21:58 Image size of job updated: 1453544
	1228  -  MemoryUsage of job (MB)
	1257424  -  ResidentSetSize of job (KB)
...
006 (20210.000.000) 02/24 23:26:58 Image size of job updated: 1453544
	1229  -  MemoryUsage of job (MB)
	1257756  -  ResidentSetSize of job (KB)
...
006 (20210.000.000) 02/24 23:37:00 Image size of job updated: 1456608
	1229  -  MemoryUsage of job (MB)
	1257756  -  ResidentSetSize of job (KB)
...
006 (20210.000.000) 02/25 00:17:03 Image size of job updated: 1456608
	1229  -  MemoryUsage of job (MB)
	1258448  -  ResidentSetSize of job (KB)
...
006 (20210.000.000) 02/25 00:22:04 Image size of job updated: 1456608
	1230  -  MemoryUsage of job (MB)
	1258792  -  ResidentSetSize of job (KB)
...
006 (20210.000.000) 02/25 00:27:05 Image size of job updated: 1456608
	1230  -  MemoryUsage of job (MB)
	1258804  -  ResidentSetSize of job (KB)
...
005 (20210.000.000) 02/25 01:40:53 Job terminated.
	(1) Normal termination (return value 0)
		Usr 0 05:13:57, Sys 0 00:01:19  -  Run Remote Usage
		Usr 0 00:00:00, Sys 0 00:00:00  -  Run Local Usage
		Usr 0 05:13:57, Sys 0 00:01:19  -  Total Remote Usage
		Usr 0 00:00:00, Sys 0 00:00:00  -  Total Local Usage
	0  -  Run Bytes Sent By Job
	0  -  Run Bytes Received By Job
	0  -  Total Bytes Sent By Job
	0  -  Total Bytes Received By Job
	Partitionable Resources :    Usage  Request Allocated
	   Cpus                 :                 2         2
	   Disk (KB)            :        1        1   5108743
	   Memory (MB)          :     1230        1         1
...
