DATE: 2016-02-26
TIME: 16:59:30
                                         version_number        8118
 read inlist_1.0
 create pre-main-sequence model
                                                species           8
 abundances
                                                     h1    7.3420400000000008D-01
                                                    he3    2.8180687858260756D-05
                                                    he4    2.6477781931214173D-01
                                                    c12    1.7035972523518473D-04
                                                    n14    4.9903848068408603D-05
                                                    o16    4.6334210715239801D-04
                                                   ne20    1.0392326751002675D-04
                                                   mg24    2.0247105203391729D-04


                                        relax_num_steps


                               finished relax_num_steps

 new_lnPgas_flag T
                                        relax_initial_Z    9.8999999999999999D-04
                                                  new z    9.9000000000060997D-04
                                        relax_initial_Y    2.6480599999999999D-01
                                                  new y    2.6480599999999982D-01
 net name basic.net
 do_element_diffusion T
 lnPgas_flag T
 kappa_file_prefix gs98
 kappa_lowT_prefix lowT_fa05_gs98
   eos_file_prefix mesa
                                        OMP_NUM_THREADS           1



stop because Lnuc_div_L >= Lnuc_div_L_zams_limit
    0.1005488540E+01    0.9990000000E+00

        828   7.152036   6390.294   0.016422   0.016422   0.893661   0.893661   0.733843   0.000082   0.264806   0.734109  -1.521637    788      0
   5.711961   2.003403  -0.080503 -46.245232  -1.597554 -99.000000   0.000000   0.265162   0.000463   0.000990   0.264900   0.081282      2      0
 2.1335E+07  17.297989   0.014045 -15.352530   4.696912  -6.926067   0.000000   0.000143   0.000104  9.945E-04  9.908E-04 -0.138E-10  max increase

save photos/x828 for model 828
save final_profile.data write fgong_plot.data
                               s% atm_structure_num_pts          54
save final_profile.data.FGONG    828
 final_profile.data.FGONG for model 828
 saved to zams.mod
termination code: Lnuc_div_L_zams_limit

       runtime, prev time, retries, backups, steps         7.6        28.2         0         0       828
        828   7.152036   6390.294   0.016422   0.016422   0.893661   0.893661   0.733843   0.000082   0.264806   0.734109  -1.521637    788      0
   5.711961   2.003403  -0.080503 -46.245232  -1.597554 -99.000000   0.000000   0.265162   0.000463   0.000990   0.264900   0.081282      2      0
 2.1335E+07  17.297989   0.014045 -15.352530   4.696912  -6.926067   0.000000   0.000143   0.000104  9.945E-04  9.908E-04 -0.138E-10  max increase

DATE: 2016-02-26
TIME: 17:09:04
DATE: 2016-02-26
TIME: 17:09:04
                                         version_number        8118
 read inlist_1.0
load saved model zams.mod

 new_lnPgas_flag T
 net name basic.net
 do_element_diffusion T
 lnPgas_flag T
                       which_atm_option: Eddington_grey
 kappa_file_prefix gs98
 kappa_lowT_prefix lowT_fa05_gs98
   eos_file_prefix mesa
                                        OMP_NUM_THREADS           1


__________________________________________________________________________________________________________________________________________________

       step    lg_Tcntr    Teff       lg_LH     lg_Lnuc     Mass       H_rich     H_cntr     N_cntr     Y_surf     X_avg     eta_cntr  zones retry
   lg_dt_yr    lg_Dcntr    lg_R       lg_L3a    lg_Lneu     lg_Mdot    He_core    He_cntr    O_cntr     Z_surf     Y_avg     gam_cntr  iters bckup
     age_yr    lg_Pcntr    lg_L       lg_LZ     lg_Psurf    lg_Dsurf   C_core     C_cntr     Ne_cntr    Z_cntr     Z_avg     v_div_cs     dt_limit
__________________________________________________________________________________________________________________________________________________

