000 (20781.000.000) 02/24 21:35:16 Job submitted from host: <134.76.239.76:13753?addrs=134.76.239.76-13753>
...
001 (20781.000.000) 02/25 04:55:47 Job executing on host: <134.76.239.91:19968?addrs=134.76.239.91-19968>
...
006 (20781.000.000) 02/25 04:55:56 Image size of job updated: 1
	3  -  MemoryUsage of job (MB)
	2064  -  ResidentSetSize of job (KB)
...
006 (20781.000.000) 02/25 05:00:57 Image size of job updated: 1146468
	917  -  MemoryUsage of job (MB)
	938816  -  ResidentSetSize of job (KB)
...
006 (20781.000.000) 02/25 05:05:57 Image size of job updated: 1146468
	917  -  MemoryUsage of job (MB)
	938828  -  ResidentSetSize of job (KB)
...
006 (20781.000.000) 02/25 05:10:57 Image size of job updated: 1256544
	1074  -  MemoryUsage of job (MB)
	1099284  -  ResidentSetSize of job (KB)
...
006 (20781.000.000) 02/25 05:30:59 Image size of job updated: 1256544
	1074  -  MemoryUsage of job (MB)
	1099604  -  ResidentSetSize of job (KB)
...
006 (20781.000.000) 02/25 05:46:00 Image size of job updated: 1470164
	1304  -  MemoryUsage of job (MB)
	1335244  -  ResidentSetSize of job (KB)
...
006 (20781.000.000) 02/25 05:51:01 Image size of job updated: 1472260
	1307  -  MemoryUsage of job (MB)
	1337380  -  ResidentSetSize of job (KB)
...
006 (20781.000.000) 02/25 05:56:02 Image size of job updated: 1472260
	1307  -  MemoryUsage of job (MB)
	1337664  -  ResidentSetSize of job (KB)
...
006 (20781.000.000) 02/25 06:21:04 Image size of job updated: 1496796
	1331  -  MemoryUsage of job (MB)
	1362520  -  ResidentSetSize of job (KB)
...
006 (20781.000.000) 02/25 06:41:06 Image size of job updated: 1498956
	1331  -  MemoryUsage of job (MB)
	1362520  -  ResidentSetSize of job (KB)
...
005 (20781.000.000) 02/25 09:33:11 Job terminated.
	(1) Normal termination (return value 127)
		Usr 0 07:44:21, Sys 0 00:01:47  -  Run Remote Usage
		Usr 0 00:00:00, Sys 0 00:00:00  -  Run Local Usage
		Usr 0 07:44:21, Sys 0 00:01:47  -  Total Remote Usage
		Usr 0 00:00:00, Sys 0 00:00:00  -  Total Local Usage
	0  -  Run Bytes Sent By Job
	0  -  Run Bytes Received By Job
	0  -  Total Bytes Sent By Job
	0  -  Total Bytes Received By Job
	Partitionable Resources :    Usage  Request Allocated
	   Cpus                 :                 2         2
	   Disk (KB)            :        1        1   5108666
	   Memory (MB)          :     1331        1         1
...
