000 (20826.000.000) 02/24 21:35:18 Job submitted from host: <134.76.239.76:13753?addrs=134.76.239.76-13753>
...
001 (20826.000.000) 02/25 05:24:47 Job executing on host: <134.76.239.78:21556?addrs=134.76.239.78-21556>
...
006 (20826.000.000) 02/25 05:24:56 Image size of job updated: 202156
	49  -  MemoryUsage of job (MB)
	49344  -  ResidentSetSize of job (KB)
...
006 (20826.000.000) 02/25 05:29:57 Image size of job updated: 1145988
	934  -  MemoryUsage of job (MB)
	956044  -  ResidentSetSize of job (KB)
...
006 (20826.000.000) 02/25 05:34:58 Image size of job updated: 1147108
	934  -  MemoryUsage of job (MB)
	956044  -  ResidentSetSize of job (KB)
...
006 (20826.000.000) 02/25 07:35:10 Image size of job updated: 1242068
	1060  -  MemoryUsage of job (MB)
	1084948  -  ResidentSetSize of job (KB)
...
006 (20826.000.000) 02/25 07:50:12 Image size of job updated: 1242068
	1063  -  MemoryUsage of job (MB)
	1087704  -  ResidentSetSize of job (KB)
...
006 (20826.000.000) 02/25 08:45:17 Image size of job updated: 1242068
	1063  -  MemoryUsage of job (MB)
	1088036  -  ResidentSetSize of job (KB)
...
004 (20826.000.000) 02/25 10:09:11 Job was evicted.
	(0) Job was not checkpointed.
		Usr 0 07:55:05, Sys 0 00:02:05  -  Run Remote Usage
		Usr 0 00:00:00, Sys 0 00:00:00  -  Run Local Usage
	0  -  Run Bytes Sent By Job
	0  -  Run Bytes Received By Job
	Partitionable Resources :    Usage  Request Allocated
	   Cpus                 :                 2         2
	   Disk (KB)            :        1        1   5108732
	   Memory (MB)          :     1063        1         1
...
001 (20826.000.000) 02/25 10:11:12 Job executing on host: <134.76.239.80:23833?addrs=134.76.239.80-23833>
...
004 (20826.000.000) 02/25 10:49:46 Job was evicted.
	(0) Job was not checkpointed.
		Usr 0 01:06:51, Sys 0 00:00:09  -  Run Remote Usage
		Usr 0 00:00:00, Sys 0 00:00:00  -  Run Local Usage
	0  -  Run Bytes Sent By Job
	0  -  Run Bytes Received By Job
	Partitionable Resources :    Usage  Request Allocated
	   Cpus                 :                 2         2
	   Disk (KB)            :        1        1   5045688
	   Memory (MB)          :     1221     1221      1221
...
001 (20826.000.000) 02/25 10:50:43 Job executing on host: <134.76.239.79:12046?addrs=134.76.239.79-12046>
...
004 (20826.000.000) 02/25 10:52:28 Job was evicted.
	(0) Job was not checkpointed.
		Usr 0 00:02:24, Sys 0 00:00:01  -  Run Remote Usage
		Usr 0 00:00:00, Sys 0 00:00:00  -  Run Local Usage
	0  -  Run Bytes Sent By Job
	0  -  Run Bytes Received By Job
	Partitionable Resources :    Usage  Request Allocated
	   Cpus                 :                 2         2
	   Disk (KB)            :        1        1   5108592
	   Memory (MB)          :     1221     1221      1221
...
001 (20826.000.000) 02/25 10:54:28 Job executing on host: <134.76.239.90:23525?addrs=134.76.239.90-23525>
...
004 (20826.000.000) 02/25 11:04:25 Job was evicted.
	(0) Job was not checkpointed.
		Usr 0 00:16:36, Sys 0 00:00:06  -  Run Remote Usage
		Usr 0 00:00:00, Sys 0 00:00:00  -  Run Local Usage
	0  -  Run Bytes Sent By Job
	0  -  Run Bytes Received By Job
	Partitionable Resources :    Usage  Request Allocated
	   Cpus                 :                 2         2
	   Disk (KB)            :        1        1   5108664
	   Memory (MB)          :     1221     1221      1221
...
001 (20826.000.000) 02/25 11:06:25 Job executing on host: <134.76.239.86:20177?addrs=134.76.239.86-20177>
...
004 (20826.000.000) 02/25 11:08:07 Job was evicted.
	(0) Job was not checkpointed.
		Usr 0 00:02:21, Sys 0 00:00:01  -  Run Remote Usage
		Usr 0 00:00:00, Sys 0 00:00:00  -  Run Local Usage
	0  -  Run Bytes Sent By Job
	0  -  Run Bytes Received By Job
	Partitionable Resources :    Usage  Request Allocated
	   Cpus                 :                 2         2
	   Disk (KB)            :        1        1   5108595
	   Memory (MB)          :     1221     1221      1221
...
001 (20826.000.000) 02/25 11:11:08 Job executing on host: <134.76.239.88:25067?addrs=134.76.239.88-25067>
...
