000 (20698.000.000) 02/24 21:35:11 Job submitted from host: <134.76.239.76:13753?addrs=134.76.239.76-13753>
...
001 (20698.000.000) 02/25 04:01:46 Job executing on host: <134.76.239.88:25067?addrs=134.76.239.88-25067>
...
006 (20698.000.000) 02/25 04:01:54 Image size of job updated: 65712
	3  -  MemoryUsage of job (MB)
	2072  -  ResidentSetSize of job (KB)
...
006 (20698.000.000) 02/25 04:06:54 Image size of job updated: 1146740
	903  -  MemoryUsage of job (MB)
	923660  -  ResidentSetSize of job (KB)
...
006 (20698.000.000) 02/25 04:11:55 Image size of job updated: 1146740
	903  -  MemoryUsage of job (MB)
	924104  -  ResidentSetSize of job (KB)
...
006 (20698.000.000) 02/25 04:16:56 Image size of job updated: 1146740
	903  -  MemoryUsage of job (MB)
	924436  -  ResidentSetSize of job (KB)
...
006 (20698.000.000) 02/25 04:21:56 Image size of job updated: 1146740
	904  -  MemoryUsage of job (MB)
	925136  -  ResidentSetSize of job (KB)
...
006 (20698.000.000) 02/25 04:31:57 Image size of job updated: 1146740
	904  -  MemoryUsage of job (MB)
	925140  -  ResidentSetSize of job (KB)
...
006 (20698.000.000) 02/25 04:36:57 Image size of job updated: 1243092
	1061  -  MemoryUsage of job (MB)
	1085572  -  ResidentSetSize of job (KB)
...
006 (20698.000.000) 02/25 04:51:59 Image size of job updated: 1243092
	1061  -  MemoryUsage of job (MB)
	1085904  -  ResidentSetSize of job (KB)
...
006 (20698.000.000) 02/25 04:56:59 Image size of job updated: 1243408
	1061  -  MemoryUsage of job (MB)
	1086220  -  ResidentSetSize of job (KB)
...
006 (20698.000.000) 02/25 05:02:00 Image size of job updated: 1244128
	1062  -  MemoryUsage of job (MB)
	1086532  -  ResidentSetSize of job (KB)
...
006 (20698.000.000) 02/25 05:07:01 Image size of job updated: 1430612
	1205  -  MemoryUsage of job (MB)
	1233808  -  ResidentSetSize of job (KB)
...
006 (20698.000.000) 02/25 05:12:01 Image size of job updated: 1455148
	1230  -  MemoryUsage of job (MB)
	1258680  -  ResidentSetSize of job (KB)
...
006 (20698.000.000) 02/25 05:17:01 Image size of job updated: 1455148
	1230  -  MemoryUsage of job (MB)
	1258692  -  ResidentSetSize of job (KB)
...
006 (20698.000.000) 02/25 05:22:02 Image size of job updated: 1520684
	1292  -  MemoryUsage of job (MB)
	1322240  -  ResidentSetSize of job (KB)
...
006 (20698.000.000) 02/25 05:27:02 Image size of job updated: 1520684
	1292  -  MemoryUsage of job (MB)
	1322248  -  ResidentSetSize of job (KB)
...
006 (20698.000.000) 02/25 05:32:02 Image size of job updated: 1520684
	1310  -  MemoryUsage of job (MB)
	1340840  -  ResidentSetSize of job (KB)
...
006 (20698.000.000) 02/25 05:37:03 Image size of job updated: 1520684
	1310  -  MemoryUsage of job (MB)
	1340844  -  ResidentSetSize of job (KB)
...
006 (20698.000.000) 02/25 05:42:04 Image size of job updated: 1523676
	1312  -  MemoryUsage of job (MB)
	1342996  -  ResidentSetSize of job (KB)
...
006 (20698.000.000) 02/25 07:12:13 Image size of job updated: 1523676
	1322  -  MemoryUsage of job (MB)
	1353448  -  ResidentSetSize of job (KB)
...
006 (20698.000.000) 02/25 07:22:14 Image size of job updated: 1523704
	1324  -  MemoryUsage of job (MB)
	1355588  -  ResidentSetSize of job (KB)
...
006 (20698.000.000) 02/25 08:34:49 Image size of job updated: 6969996
	1324  -  MemoryUsage of job (MB)
	1355588  -  ResidentSetSize of job (KB)
...
005 (20698.000.000) 02/25 08:34:49 Job terminated.
	(1) Normal termination (return value 0)
		Usr 0 07:39:02, Sys 0 00:01:14  -  Run Remote Usage
		Usr 0 00:00:00, Sys 0 00:00:00  -  Run Local Usage
		Usr 0 07:39:02, Sys 0 00:01:14  -  Total Remote Usage
		Usr 0 00:00:00, Sys 0 00:00:00  -  Total Local Usage
	0  -  Run Bytes Sent By Job
	0  -  Run Bytes Received By Job
	0  -  Total Bytes Sent By Job
	0  -  Total Bytes Received By Job
	Partitionable Resources :    Usage  Request Allocated
	   Cpus                 :                 2         2
	   Disk (KB)            :        1        1   5108704
	   Memory (MB)          :     1324        1         1
...
