000 (20314.000.000) 02/24 21:34:51 Job submitted from host: <134.76.239.76:13753?addrs=134.76.239.76-13753>
...
001 (20314.000.000) 02/24 23:43:38 Job executing on host: <134.76.239.80:23833?addrs=134.76.239.80-23833>
...
006 (20314.000.000) 02/24 23:43:46 Image size of job updated: 1
	3  -  MemoryUsage of job (MB)
	2068  -  ResidentSetSize of job (KB)
...
006 (20314.000.000) 02/24 23:48:46 Image size of job updated: 1146344
	937  -  MemoryUsage of job (MB)
	959400  -  ResidentSetSize of job (KB)
...
006 (20314.000.000) 02/24 23:53:47 Image size of job updated: 1147392
	937  -  MemoryUsage of job (MB)
	959400  -  ResidentSetSize of job (KB)
...
006 (20314.000.000) 02/25 00:33:51 Image size of job updated: 1242500
	1072  -  MemoryUsage of job (MB)
	1097688  -  ResidentSetSize of job (KB)
...
006 (20314.000.000) 02/25 00:58:52 Image size of job updated: 1242500
	1073  -  MemoryUsage of job (MB)
	1098024  -  ResidentSetSize of job (KB)
...
006 (20314.000.000) 02/25 01:23:56 Image size of job updated: 1428984
	1217  -  MemoryUsage of job (MB)
	1245288  -  ResidentSetSize of job (KB)
...
006 (20314.000.000) 02/25 01:33:56 Image size of job updated: 1428984
	1217  -  MemoryUsage of job (MB)
	1245616  -  ResidentSetSize of job (KB)
...
006 (20314.000.000) 02/25 01:38:57 Image size of job updated: 1428984
	1217  -  MemoryUsage of job (MB)
	1245624  -  ResidentSetSize of job (KB)
...
006 (20314.000.000) 02/25 01:48:57 Image size of job updated: 1428984
	1220  -  MemoryUsage of job (MB)
	1248940  -  ResidentSetSize of job (KB)
...
005 (20314.000.000) 02/25 06:17:53 Job terminated.
	(1) Normal termination (return value 0)
		Usr 0 11:12:50, Sys 0 00:01:58  -  Run Remote Usage
		Usr 0 00:00:00, Sys 0 00:00:00  -  Run Local Usage
		Usr 0 11:12:50, Sys 0 00:01:58  -  Total Remote Usage
		Usr 0 00:00:00, Sys 0 00:00:00  -  Total Local Usage
	0  -  Run Bytes Sent By Job
	0  -  Run Bytes Received By Job
	0  -  Total Bytes Sent By Job
	0  -  Total Bytes Received By Job
	Partitionable Resources :    Usage  Request Allocated
	   Cpus                 :                 2         2
	   Disk (KB)            :        1        1   5045828
	   Memory (MB)          :     1220        1         1
...
