DATE: 2016-02-26
TIME: 16:59:51
                                         version_number        8118
 read inlist_1.0
 create pre-main-sequence model
                                                species           8
 abundances
                                                     h1    7.7293899999999982D-01
                                                    he3    2.3441693231944848D-05
                                                    he4    2.2025155830676801D-01
                                                    c12    1.1677384802485169D-03
                                                    n14    3.4206819494165733D-04
                                                    o16    3.1759995344811699D-03
                                                   ne20    7.1234676093240724D-04
                                                   mg24    1.3878470293962060D-03


                                        relax_num_steps


                               finished relax_num_steps

 new_lnPgas_flag T
                                        relax_initial_Z    6.7860000000000004D-03
                                                  new z    6.7860000000002241D-03
                                        relax_initial_Y    2.2027500000000000D-01
                                                  new y    2.2027499999999989D-01
 net name basic.net
 do_element_diffusion T
 lnPgas_flag T
 kappa_file_prefix gs98
 kappa_lowT_prefix lowT_fa05_gs98
   eos_file_prefix mesa
                                        OMP_NUM_THREADS           1



stop because Lnuc_div_L >= Lnuc_div_L_zams_limit
    0.1003584367E+01    0.9990000000E+00

        780   7.064027   5119.382  -0.510077  -0.510077   0.777646   0.777646   0.772541   0.000352   0.220275   0.772857  -1.325180    791      0
   5.897255   1.941383  -0.150734 -51.254028  -2.112567 -99.000000   0.000000   0.220672   0.003176   0.006786   0.220357   0.093689      2      0
 5.3550E+07  17.160531  -0.511630 -15.954590   5.137652  -6.404111   0.000000   0.001159   0.000712  6.787E-03  6.786E-03 -0.187E-10    varcontrol

save photos/x780 for model 780
save final_profile.data write fgong_plot.data
                               s% atm_structure_num_pts          67
save final_profile.data.FGONG    780
 final_profile.data.FGONG for model 780
 saved to zams.mod
termination code: Lnuc_div_L_zams_limit

       runtime, prev time, retries, backups, steps         7.0        28.2         0         0       780
        780   7.064027   5119.382  -0.510077  -0.510077   0.777646   0.777646   0.772541   0.000352   0.220275   0.772857  -1.325180    791      0
   5.897255   1.941383  -0.150734 -51.254028  -2.112567 -99.000000   0.000000   0.220672   0.003176   0.006786   0.220357   0.093689      2      0
 5.3550E+07  17.160531  -0.511630 -15.954590   5.137652  -6.404111   0.000000   0.001159   0.000712  6.787E-03  6.786E-03 -0.187E-10    varcontrol

DATE: 2016-02-26
TIME: 17:08:31
DATE: 2016-02-26
TIME: 17:08:31
                                         version_number        8118
 read inlist_1.0
load saved model zams.mod

 new_lnPgas_flag T
 net name basic.net
 do_element_diffusion T
 lnPgas_flag T
                       which_atm_option: Eddington_grey
 kappa_file_prefix gs98
 kappa_lowT_prefix lowT_fa05_gs98
   eos_file_prefix mesa
                                        OMP_NUM_THREADS           1


__________________________________________________________________________________________________________________________________________________

       step    lg_Tcntr    Teff       lg_LH     lg_Lnuc     Mass       H_rich     H_cntr     N_cntr     Y_surf     X_avg     eta_cntr  zones retry
   lg_dt_yr    lg_Dcntr    lg_R       lg_L3a    lg_Lneu     lg_Mdot    He_core    He_cntr    O_cntr     Z_surf     Y_avg     gam_cntr  iters bckup
     age_yr    lg_Pcntr    lg_L       lg_LZ     lg_Psurf    lg_Dsurf   C_core     C_cntr     Ne_cntr    Z_cntr     Z_avg     v_div_cs     dt_limit
__________________________________________________________________________________________________________________________________________________

