DATE: 2016-02-26
TIME: 16:59:46
                                         version_number        8118
 read inlist_1.0
 create pre-main-sequence model
                                                species           8
 abundances
                                                     h1    7.2878599999999993D-01
                                                    he3    2.6311524767007195D-05
                                                    he4    2.4721568847523298D-01
                                                    c12    4.1251144781193263D-03
                                                    n14    1.2083788342383578D-03
                                                    o16    1.1219431305715210D-02
                                                   ne20    2.5164126957076109D-03
                                                   mg24    4.9026626862195971D-03


                                        relax_num_steps


                               finished relax_num_steps

 new_lnPgas_flag T
                                        relax_initial_Z    2.3972000000000000D-02
                                                  new z    2.3972000000000080D-02
                                        relax_initial_Y    2.4724199999999999D-01
                                                  new y    2.4724200000000007D-01
 net name basic.net
 do_element_diffusion T
 lnPgas_flag T
 kappa_file_prefix gs98
 kappa_lowT_prefix lowT_fa05_gs98
   eos_file_prefix mesa
                                        OMP_NUM_THREADS           1



stop because Lnuc_div_L >= Lnuc_div_L_zams_limit
    0.1004549616E+01    0.9990000000E+00

        814   7.132332   5593.320  -0.138231  -0.138231   1.080099   1.080099   0.728357   0.001617   0.247242   0.728684  -1.867211    789      0
   5.980666   1.836042  -0.041925 -47.658282  -1.666221 -99.000000   0.000000   0.247613   0.011219   0.023972   0.247334   0.075660      4      0
 4.0725E+07  17.106584  -0.140203 -15.954590   4.822819  -6.738545   0.000000   0.003775   0.002516  2.403E-02  2.398E-02 -0.107E-10  max increase

save photos/x814 for model 814
save final_profile.data write fgong_plot.data
                               s% atm_structure_num_pts          68
save final_profile.data.FGONG    814
 final_profile.data.FGONG for model 814
 saved to zams.mod
termination code: Lnuc_div_L_zams_limit

       runtime, prev time, retries, backups, steps         7.5        28.2         0         0       814
        814   7.132332   5593.320  -0.138231  -0.138231   1.080099   1.080099   0.728357   0.001617   0.247242   0.728684  -1.867211    789      0
   5.980666   1.836042  -0.041925 -47.658282  -1.666221 -99.000000   0.000000   0.247613   0.011219   0.023972   0.247334   0.075660      4      0
 4.0725E+07  17.106584  -0.140203 -15.954590   4.822819  -6.738545   0.000000   0.003775   0.002516  2.403E-02  2.398E-02 -0.107E-10  max increase

DATE: 2016-02-26
TIME: 17:08:58
DATE: 2016-02-26
TIME: 17:08:58
                                         version_number        8118
 read inlist_1.0
load saved model zams.mod

 new_lnPgas_flag T
 net name basic.net
 do_element_diffusion T
 lnPgas_flag T
                       which_atm_option: Eddington_grey
 kappa_file_prefix gs98
 kappa_lowT_prefix lowT_fa05_gs98
   eos_file_prefix mesa
                                        OMP_NUM_THREADS           1


__________________________________________________________________________________________________________________________________________________

       step    lg_Tcntr    Teff       lg_LH     lg_Lnuc     Mass       H_rich     H_cntr     N_cntr     Y_surf     X_avg     eta_cntr  zones retry
   lg_dt_yr    lg_Dcntr    lg_R       lg_L3a    lg_Lneu     lg_Mdot    He_core    He_cntr    O_cntr     Z_surf     Y_avg     gam_cntr  iters bckup
     age_yr    lg_Pcntr    lg_L       lg_LZ     lg_Psurf    lg_Dsurf   C_core     C_cntr     Ne_cntr    Z_cntr     Z_avg     v_div_cs     dt_limit
__________________________________________________________________________________________________________________________________________________

