000 (20065.000.000) 02/24 21:34:38 Job submitted from host: <134.76.239.76:13753?addrs=134.76.239.76-13753>
...
001 (20065.000.000) 02/24 21:34:58 Job executing on host: <134.76.239.85:29523?addrs=134.76.239.85-29523>
...
006 (20065.000.000) 02/24 21:35:11 Image size of job updated: 65712
	4  -  MemoryUsage of job (MB)
	3260  -  ResidentSetSize of job (KB)
...
006 (20065.000.000) 02/24 21:40:12 Image size of job updated: 1140228
	923  -  MemoryUsage of job (MB)
	944272  -  ResidentSetSize of job (KB)
...
006 (20065.000.000) 02/24 21:45:12 Image size of job updated: 1145132
	927  -  MemoryUsage of job (MB)
	949244  -  ResidentSetSize of job (KB)
...
006 (20065.000.000) 02/24 21:50:12 Image size of job updated: 1147008
	927  -  MemoryUsage of job (MB)
	949244  -  ResidentSetSize of job (KB)
...
006 (20065.000.000) 02/24 22:10:15 Image size of job updated: 1295076
	1070  -  MemoryUsage of job (MB)
	1094912  -  ResidentSetSize of job (KB)
...
006 (20065.000.000) 02/24 22:15:15 Image size of job updated: 1295076
	1070  -  MemoryUsage of job (MB)
	1094916  -  ResidentSetSize of job (KB)
...
006 (20065.000.000) 02/24 22:20:15 Image size of job updated: 1295076
	1070  -  MemoryUsage of job (MB)
	1094920  -  ResidentSetSize of job (KB)
...
006 (20065.000.000) 02/24 22:30:17 Image size of job updated: 1295076
	1070  -  MemoryUsage of job (MB)
	1094936  -  ResidentSetSize of job (KB)
...
006 (20065.000.000) 02/24 22:35:17 Image size of job updated: 1295076
	1070  -  MemoryUsage of job (MB)
	1095276  -  ResidentSetSize of job (KB)
...
006 (20065.000.000) 02/24 22:40:18 Image size of job updated: 1295076
	1070  -  MemoryUsage of job (MB)
	1095280  -  ResidentSetSize of job (KB)
...
006 (20065.000.000) 02/24 22:55:19 Image size of job updated: 1416024
	1214  -  MemoryUsage of job (MB)
	1242544  -  ResidentSetSize of job (KB)
...
006 (20065.000.000) 02/24 23:05:20 Image size of job updated: 1416024
	1214  -  MemoryUsage of job (MB)
	1242872  -  ResidentSetSize of job (KB)
...
006 (20065.000.000) 02/24 23:10:20 Image size of job updated: 1416024
	1214  -  MemoryUsage of job (MB)
	1242880  -  ResidentSetSize of job (KB)
...
006 (20065.000.000) 02/24 23:30:22 Image size of job updated: 1416024
	1215  -  MemoryUsage of job (MB)
	1243204  -  ResidentSetSize of job (KB)
...
006 (20065.000.000) 02/24 23:40:23 Image size of job updated: 1465096
	1262  -  MemoryUsage of job (MB)
	1292276  -  ResidentSetSize of job (KB)
...
006 (20065.000.000) 02/25 00:00:25 Image size of job updated: 1465096
	1263  -  MemoryUsage of job (MB)
	1292304  -  ResidentSetSize of job (KB)
...
006 (20065.000.000) 02/25 03:49:27 Image size of job updated: 10703992
	1263  -  MemoryUsage of job (MB)
	1292304  -  ResidentSetSize of job (KB)
...
005 (20065.000.000) 02/25 03:49:27 Job terminated.
	(1) Normal termination (return value 0)
		Usr 0 10:14:39, Sys 0 00:02:53  -  Run Remote Usage
		Usr 0 00:00:00, Sys 0 00:00:00  -  Run Local Usage
		Usr 0 10:14:39, Sys 0 00:02:53  -  Total Remote Usage
		Usr 0 00:00:00, Sys 0 00:00:00  -  Total Local Usage
	0  -  Run Bytes Sent By Job
	0  -  Run Bytes Received By Job
	0  -  Total Bytes Sent By Job
	0  -  Total Bytes Received By Job
	Partitionable Resources :    Usage  Request Allocated
	   Cpus                 :                 2         2
	   Disk (KB)            :        1        1   5108815
	   Memory (MB)          :     1263        1         1
...
