DATE: 2016-02-26
TIME: 16:59:19
                                         version_number        8118
 read inlist_1.0
 create pre-main-sequence model
                                                species           8
 abundances
                                                     h1    6.5491299999999997D-01
                                                    he3    3.4540993102616301D-05
                                                    he4    3.2453745900689740D-01
                                                    c12    3.5302320840404581D-03
                                                    n14    1.0341186294176487D-03
                                                    o16    9.6014781093253475D-03
                                                   ne20    2.1535210434023679D-03
                                                   mg24    4.1956501338142396D-03


                                        relax_num_steps


                               finished relax_num_steps

 new_lnPgas_flag T
                                        relax_initial_Z    2.0514999999999999D-02
                                                  new z    2.0514999999999995D-02
                                        relax_initial_Y    3.2457200000000003D-01
                                                  new y    3.2457200000000014D-01
 net name basic.net
 do_element_diffusion T
 lnPgas_flag T
 kappa_file_prefix gs98
 kappa_lowT_prefix lowT_fa05_gs98
   eos_file_prefix mesa
                                        OMP_NUM_THREADS           1



stop because Lnuc_div_L >= Lnuc_div_L_zams_limit
    0.1000129132E+01    0.9990000000E+00

        816   7.126904   5581.767  -0.275163  -0.275163   0.895419   0.895419   0.654455   0.001426   0.324572   0.654806  -1.722149    807      0
   6.122657   1.906360  -0.107637 -47.503530  -1.813306 -99.000000   0.000000   0.324974   0.009601   0.020515   0.324670   0.083497      4      0
 4.2623E+07  17.147203  -0.275219 -15.653560   4.891066  -6.638017   0.000000   0.003194   0.002154  2.057E-02  2.052E-02 -0.367E-11  max increase

save photos/x816 for model 816
save final_profile.data write fgong_plot.data
                               s% atm_structure_num_pts          64
save final_profile.data.FGONG    816
 final_profile.data.FGONG for model 816
 saved to zams.mod
termination code: Lnuc_div_L_zams_limit

       runtime, prev time, retries, backups, steps         7.8        28.2         0         0       816
        816   7.126904   5581.767  -0.275163  -0.275163   0.895419   0.895419   0.654455   0.001426   0.324572   0.654806  -1.722149    807      0
   6.122657   1.906360  -0.107637 -47.503530  -1.813306 -99.000000   0.000000   0.324974   0.009601   0.020515   0.324670   0.083497      4      0
 4.2623E+07  17.147203  -0.275219 -15.653560   4.891066  -6.638017   0.000000   0.003194   0.002154  2.057E-02  2.052E-02 -0.367E-11  max increase

DATE: 2016-02-26
TIME: 17:09:20
DATE: 2016-02-26
TIME: 17:09:20
                                         version_number        8118
 read inlist_1.0
load saved model zams.mod

 new_lnPgas_flag T
 net name basic.net
 do_element_diffusion T
 lnPgas_flag T
                       which_atm_option: Eddington_grey
 kappa_file_prefix gs98
 kappa_lowT_prefix lowT_fa05_gs98
   eos_file_prefix mesa
                                        OMP_NUM_THREADS           1


__________________________________________________________________________________________________________________________________________________

       step    lg_Tcntr    Teff       lg_LH     lg_Lnuc     Mass       H_rich     H_cntr     N_cntr     Y_surf     X_avg     eta_cntr  zones retry
   lg_dt_yr    lg_Dcntr    lg_R       lg_L3a    lg_Lneu     lg_Mdot    He_core    He_cntr    O_cntr     Z_surf     Y_avg     gam_cntr  iters bckup
     age_yr    lg_Pcntr    lg_L       lg_LZ     lg_Psurf    lg_Dsurf   C_core     C_cntr     Ne_cntr    Z_cntr     Z_avg     v_div_cs     dt_limit
__________________________________________________________________________________________________________________________________________________

