DATE: 2016-02-26
TIME: 17:09:45
                                         version_number        8118
 read inlist_1.0
 create pre-main-sequence model
                                                species           8
 abundances
                                                     h1    7.6996000000000009D-01
                                                    he3    2.4214835446586009D-05
                                                    he4    2.2751578516455345D-01
                                                    c12    4.3020132635151467D-04
                                                    n14    1.2601981835457833D-04
                                                    o16    1.1700558261425228D-03
                                                   ne20    2.6243249371221201D-04
                                                   mg24    5.1129053543923014D-04


                                        relax_num_steps


                               finished relax_num_steps

 new_lnPgas_flag T
                                        relax_initial_Z    2.5000000000000001D-03
                                                  new z    2.4999999999989445D-03
                                        relax_initial_Y    2.2753999999999999D-01
                                                  new y    2.2754000000000046D-01
 net name basic.net
 do_element_diffusion T
 lnPgas_flag T
 kappa_file_prefix gs98
 kappa_lowT_prefix lowT_fa05_gs98
   eos_file_prefix mesa
                                        OMP_NUM_THREADS           1


