000 (19950.000.000) 02/24 21:34:31 Job submitted from host: <134.76.239.76:13753?addrs=134.76.239.76-13753>
...
001 (19950.000.000) 02/24 21:34:34 Job executing on host: <134.76.239.84:12289?addrs=134.76.239.84-12289>
...
006 (19950.000.000) 02/24 21:34:42 Image size of job updated: 138000
	20  -  MemoryUsage of job (MB)
	20132  -  ResidentSetSize of job (KB)
...
006 (19950.000.000) 02/24 21:39:42 Image size of job updated: 1146788
	903  -  MemoryUsage of job (MB)
	923968  -  ResidentSetSize of job (KB)
...
006 (19950.000.000) 02/24 21:49:43 Image size of job updated: 1146788
	903  -  MemoryUsage of job (MB)
	924300  -  ResidentSetSize of job (KB)
...
006 (19950.000.000) 02/24 21:54:43 Image size of job updated: 1146788
	903  -  MemoryUsage of job (MB)
	924304  -  ResidentSetSize of job (KB)
...
006 (19950.000.000) 02/24 21:59:44 Image size of job updated: 1280776
	1060  -  MemoryUsage of job (MB)
	1084736  -  ResidentSetSize of job (KB)
...
006 (19950.000.000) 02/24 22:04:45 Image size of job updated: 1280776
	1060  -  MemoryUsage of job (MB)
	1085064  -  ResidentSetSize of job (KB)
...
006 (19950.000.000) 02/24 22:09:45 Image size of job updated: 1280776
	1060  -  MemoryUsage of job (MB)
	1085076  -  ResidentSetSize of job (KB)
...
006 (19950.000.000) 02/24 22:14:45 Image size of job updated: 1401724
	1204  -  MemoryUsage of job (MB)
	1232676  -  ResidentSetSize of job (KB)
...
006 (19950.000.000) 02/24 22:24:46 Image size of job updated: 1426260
	1229  -  MemoryUsage of job (MB)
	1257536  -  ResidentSetSize of job (KB)
...
006 (19950.000.000) 02/24 22:29:46 Image size of job updated: 1426680
	1229  -  MemoryUsage of job (MB)
	1257544  -  ResidentSetSize of job (KB)
...
006 (19950.000.000) 02/24 22:34:47 Image size of job updated: 1429688
	1231  -  MemoryUsage of job (MB)
	1259616  -  ResidentSetSize of job (KB)
...
006 (19950.000.000) 02/24 23:29:54 Image size of job updated: 1439260
	1231  -  MemoryUsage of job (MB)
	1259616  -  ResidentSetSize of job (KB)
...
006 (19950.000.000) 02/24 23:34:54 Image size of job updated: 1439504
	1231  -  MemoryUsage of job (MB)
	1259616  -  ResidentSetSize of job (KB)
...
006 (19950.000.000) 02/24 23:39:54 Image size of job updated: 1442512
	1231  -  MemoryUsage of job (MB)
	1259616  -  ResidentSetSize of job (KB)
...
005 (19950.000.000) 02/25 01:04:05 Job terminated.
	(1) Normal termination (return value 0)
		Usr 0 05:52:11, Sys 0 00:01:37  -  Run Remote Usage
		Usr 0 00:00:00, Sys 0 00:00:00  -  Run Local Usage
		Usr 0 05:52:11, Sys 0 00:01:37  -  Total Remote Usage
		Usr 0 00:00:00, Sys 0 00:00:00  -  Total Local Usage
	0  -  Run Bytes Sent By Job
	0  -  Run Bytes Received By Job
	0  -  Total Bytes Sent By Job
	0  -  Total Bytes Received By Job
	Partitionable Resources :    Usage  Request Allocated
	   Cpus                 :                 2         2
	   Disk (KB)            :        1        1   5108630
	   Memory (MB)          :     1231        1         1
...
