000 (20241.000.000) 02/24 21:34:47 Job submitted from host: <134.76.239.76:13753?addrs=134.76.239.76-13753>
...
001 (20241.000.000) 02/24 22:33:35 Job executing on host: <134.76.239.80:23833?addrs=134.76.239.80-23833>
...
006 (20241.000.000) 02/24 22:33:45 Image size of job updated: 45168
	5  -  MemoryUsage of job (MB)
	4292  -  ResidentSetSize of job (KB)
...
006 (20241.000.000) 02/24 22:38:45 Image size of job updated: 1140240
	921  -  MemoryUsage of job (MB)
	943080  -  ResidentSetSize of job (KB)
...
006 (20241.000.000) 02/24 22:43:45 Image size of job updated: 1145564
	921  -  MemoryUsage of job (MB)
	943080  -  ResidentSetSize of job (KB)
...
006 (20241.000.000) 02/24 22:58:47 Image size of job updated: 1268688
	1071  -  MemoryUsage of job (MB)
	1096308  -  ResidentSetSize of job (KB)
...
006 (20241.000.000) 02/24 23:13:48 Image size of job updated: 1268688
	1071  -  MemoryUsage of job (MB)
	1096636  -  ResidentSetSize of job (KB)
...
006 (20241.000.000) 02/24 23:23:49 Image size of job updated: 1414668
	1239  -  MemoryUsage of job (MB)
	1268460  -  ResidentSetSize of job (KB)
...
006 (20241.000.000) 02/24 23:28:50 Image size of job updated: 1417700
	1240  -  MemoryUsage of job (MB)
	1268860  -  ResidentSetSize of job (KB)
...
006 (20241.000.000) 02/24 23:33:50 Image size of job updated: 1417700
	1240  -  MemoryUsage of job (MB)
	1268880  -  ResidentSetSize of job (KB)
...
006 (20241.000.000) 02/24 23:38:51 Image size of job updated: 1417700
	1240  -  MemoryUsage of job (MB)
	1268904  -  ResidentSetSize of job (KB)
...
006 (20241.000.000) 02/24 23:43:52 Image size of job updated: 1418140
	1242  -  MemoryUsage of job (MB)
	1271296  -  ResidentSetSize of job (KB)
...
006 (20241.000.000) 02/24 23:48:52 Image size of job updated: 1419680
	1244  -  MemoryUsage of job (MB)
	1273312  -  ResidentSetSize of job (KB)
...
006 (20241.000.000) 02/24 23:53:52 Image size of job updated: 1421736
	1244  -  MemoryUsage of job (MB)
	1273312  -  ResidentSetSize of job (KB)
...
006 (20241.000.000) 02/25 00:58:59 Image size of job updated: 1421736
	1245  -  MemoryUsage of job (MB)
	1273992  -  ResidentSetSize of job (KB)
...
005 (20241.000.000) 02/25 02:17:35 Job terminated.
	(1) Normal termination (return value 0)
		Usr 0 06:08:58, Sys 0 00:01:33  -  Run Remote Usage
		Usr 0 00:00:00, Sys 0 00:00:00  -  Run Local Usage
		Usr 0 06:08:58, Sys 0 00:01:33  -  Total Remote Usage
		Usr 0 00:00:00, Sys 0 00:00:00  -  Total Local Usage
	0  -  Run Bytes Sent By Job
	0  -  Run Bytes Received By Job
	0  -  Total Bytes Sent By Job
	0  -  Total Bytes Received By Job
	Partitionable Resources :    Usage  Request Allocated
	   Cpus                 :                 2         2
	   Disk (KB)            :        1        1   5045833
	   Memory (MB)          :     1245        1         1
...
