000 (20306.000.000) 02/24 21:34:51 Job submitted from host: <134.76.239.76:13753?addrs=134.76.239.76-13753>
...
001 (20306.000.000) 02/24 23:38:38 Job executing on host: <134.76.239.85:29523?addrs=134.76.239.85-29523>
...
006 (20306.000.000) 02/24 23:38:47 Image size of job updated: 827416
	628  -  MemoryUsage of job (MB)
	642184  -  ResidentSetSize of job (KB)
...
006 (20306.000.000) 02/24 23:43:48 Image size of job updated: 1145176
	934  -  MemoryUsage of job (MB)
	955924  -  ResidentSetSize of job (KB)
...
006 (20306.000.000) 02/24 23:48:49 Image size of job updated: 1146196
	934  -  MemoryUsage of job (MB)
	955924  -  ResidentSetSize of job (KB)
...
006 (20306.000.000) 02/25 00:13:50 Image size of job updated: 1281548
	1070  -  MemoryUsage of job (MB)
	1095152  -  ResidentSetSize of job (KB)
...
006 (20306.000.000) 02/25 00:18:52 Image size of job updated: 1281548
	1070  -  MemoryUsage of job (MB)
	1095156  -  ResidentSetSize of job (KB)
...
006 (20306.000.000) 02/25 00:28:52 Image size of job updated: 1281968
	1070  -  MemoryUsage of job (MB)
	1095488  -  ResidentSetSize of job (KB)
...
006 (20306.000.000) 02/25 00:38:54 Image size of job updated: 1403536
	1215  -  MemoryUsage of job (MB)
	1243376  -  ResidentSetSize of job (KB)
...
006 (20306.000.000) 02/25 00:43:54 Image size of job updated: 1428072
	1239  -  MemoryUsage of job (MB)
	1268252  -  ResidentSetSize of job (KB)
...
006 (20306.000.000) 02/25 00:48:54 Image size of job updated: 1428428
	1240  -  MemoryUsage of job (MB)
	1269020  -  ResidentSetSize of job (KB)
...
006 (20306.000.000) 02/25 00:53:55 Image size of job updated: 1428428
	1240  -  MemoryUsage of job (MB)
	1269344  -  ResidentSetSize of job (KB)
...
006 (20306.000.000) 02/25 01:03:55 Image size of job updated: 1428848
	1240  -  MemoryUsage of job (MB)
	1269352  -  ResidentSetSize of job (KB)
...
006 (20306.000.000) 02/25 01:08:56 Image size of job updated: 1431860
	1240  -  MemoryUsage of job (MB)
	1269352  -  ResidentSetSize of job (KB)
...
006 (20306.000.000) 02/25 02:04:03 Image size of job updated: 1455680
	1240  -  MemoryUsage of job (MB)
	1269352  -  ResidentSetSize of job (KB)
...
006 (20306.000.000) 02/25 02:09:03 Image size of job updated: 1480216
	1240  -  MemoryUsage of job (MB)
	1269352  -  ResidentSetSize of job (KB)
...
006 (20306.000.000) 02/25 02:14:04 Image size of job updated: 1480748
	1240  -  MemoryUsage of job (MB)
	1269352  -  ResidentSetSize of job (KB)
...
006 (20306.000.000) 02/25 02:24:05 Image size of job updated: 1480992
	1240  -  MemoryUsage of job (MB)
	1269352  -  ResidentSetSize of job (KB)
...
006 (20306.000.000) 02/25 02:34:06 Image size of job updated: 1484000
	1240  -  MemoryUsage of job (MB)
	1269352  -  ResidentSetSize of job (KB)
...
005 (20306.000.000) 02/25 03:46:24 Job terminated.
	(1) Normal termination (return value 0)
		Usr 0 06:58:19, Sys 0 00:01:14  -  Run Remote Usage
		Usr 0 00:00:00, Sys 0 00:00:00  -  Run Local Usage
		Usr 0 06:58:19, Sys 0 00:01:14  -  Total Remote Usage
		Usr 0 00:00:00, Sys 0 00:00:00  -  Total Local Usage
	0  -  Run Bytes Sent By Job
	0  -  Run Bytes Received By Job
	0  -  Total Bytes Sent By Job
	0  -  Total Bytes Received By Job
	Partitionable Resources :    Usage  Request Allocated
	   Cpus                 :                 2         2
	   Disk (KB)            :        1        1   5108766
	   Memory (MB)          :     1240        1         1
...
