000 (20575.000.000) 02/24 21:35:05 Job submitted from host: <134.76.239.76:13753?addrs=134.76.239.76-13753>
...
001 (20575.000.000) 02/25 02:36:43 Job executing on host: <134.76.239.84:12289?addrs=134.76.239.84-12289>
...
006 (20575.000.000) 02/25 02:36:52 Image size of job updated: 1
	3  -  MemoryUsage of job (MB)
	2064  -  ResidentSetSize of job (KB)
...
006 (20575.000.000) 02/25 02:41:53 Image size of job updated: 1144340
	920  -  MemoryUsage of job (MB)
	941108  -  ResidentSetSize of job (KB)
...
006 (20575.000.000) 02/25 02:46:54 Image size of job updated: 1146220
	920  -  MemoryUsage of job (MB)
	941108  -  ResidentSetSize of job (KB)
...
006 (20575.000.000) 02/25 03:26:57 Image size of job updated: 1308800
	1133  -  MemoryUsage of job (MB)
	1159624  -  ResidentSetSize of job (KB)
...
006 (20575.000.000) 02/25 03:57:00 Image size of job updated: 1308800
	1133  -  MemoryUsage of job (MB)
	1159904  -  ResidentSetSize of job (KB)
...
006 (20575.000.000) 02/25 04:22:02 Image size of job updated: 1495284
	1277  -  MemoryUsage of job (MB)
	1307168  -  ResidentSetSize of job (KB)
...
006 (20575.000.000) 02/25 04:27:03 Image size of job updated: 1520264
	1301  -  MemoryUsage of job (MB)
	1331708  -  ResidentSetSize of job (KB)
...
006 (20575.000.000) 02/25 04:32:03 Image size of job updated: 1520264
	1301  -  MemoryUsage of job (MB)
	1331740  -  ResidentSetSize of job (KB)
...
006 (20575.000.000) 02/25 04:37:03 Image size of job updated: 1521624
	1302  -  MemoryUsage of job (MB)
	1333164  -  ResidentSetSize of job (KB)
...
006 (20575.000.000) 02/25 04:42:04 Image size of job updated: 1521624
	1302  -  MemoryUsage of job (MB)
	1333232  -  ResidentSetSize of job (KB)
...
006 (20575.000.000) 02/25 04:47:05 Image size of job updated: 1521624
	1302  -  MemoryUsage of job (MB)
	1333244  -  ResidentSetSize of job (KB)
...
006 (20575.000.000) 02/25 04:52:05 Image size of job updated: 1521624
	1303  -  MemoryUsage of job (MB)
	1333344  -  ResidentSetSize of job (KB)
...
006 (20575.000.000) 02/25 05:17:08 Image size of job updated: 1546160
	1327  -  MemoryUsage of job (MB)
	1358204  -  ResidentSetSize of job (KB)
...
006 (20575.000.000) 02/25 05:32:10 Image size of job updated: 1548204
	1329  -  MemoryUsage of job (MB)
	1360272  -  ResidentSetSize of job (KB)
...
006 (20575.000.000) 02/25 05:37:11 Image size of job updated: 1548204
	1329  -  MemoryUsage of job (MB)
	1360644  -  ResidentSetSize of job (KB)
...
006 (20575.000.000) 02/25 05:42:11 Image size of job updated: 1548204
	1329  -  MemoryUsage of job (MB)
	1360752  -  ResidentSetSize of job (KB)
...
006 (20575.000.000) 02/25 09:36:38 Image size of job updated: 12474208
	1329  -  MemoryUsage of job (MB)
	1360752  -  ResidentSetSize of job (KB)
...
005 (20575.000.000) 02/25 09:36:38 Job terminated.
	(1) Normal termination (return value 127)
		Usr 0 11:53:23, Sys 0 00:02:24  -  Run Remote Usage
		Usr 0 00:00:00, Sys 0 00:00:00  -  Run Local Usage
		Usr 0 11:53:23, Sys 0 00:02:24  -  Total Remote Usage
		Usr 0 00:00:00, Sys 0 00:00:00  -  Total Local Usage
	0  -  Run Bytes Sent By Job
	0  -  Run Bytes Received By Job
	0  -  Total Bytes Sent By Job
	0  -  Total Bytes Received By Job
	Partitionable Resources :    Usage  Request Allocated
	   Cpus                 :                 2         2
	   Disk (KB)            :        1        1   5108555
	   Memory (MB)          :     1329        1         1
...
