000 (20790.000.000) 02/24 21:35:16 Job submitted from host: <134.76.239.76:13753?addrs=134.76.239.76-13753>
...
001 (20790.000.000) 02/25 05:03:47 Job executing on host: <134.76.239.84:12289?addrs=134.76.239.84-12289>
...
006 (20790.000.000) 02/25 05:03:56 Image size of job updated: 232472
	59  -  MemoryUsage of job (MB)
	59988  -  ResidentSetSize of job (KB)
...
006 (20790.000.000) 02/25 05:08:57 Image size of job updated: 1145368
	921  -  MemoryUsage of job (MB)
	942200  -  ResidentSetSize of job (KB)
...
006 (20790.000.000) 02/25 05:13:57 Image size of job updated: 1146392
	921  -  MemoryUsage of job (MB)
	942200  -  ResidentSetSize of job (KB)
...
006 (20790.000.000) 02/25 05:38:59 Image size of job updated: 1228908
	1070  -  MemoryUsage of job (MB)
	1095268  -  ResidentSetSize of job (KB)
...
006 (20790.000.000) 02/25 05:49:00 Image size of job updated: 1228908
	1070  -  MemoryUsage of job (MB)
	1095600  -  ResidentSetSize of job (KB)
...
006 (20790.000.000) 02/25 05:54:01 Image size of job updated: 1232384
	1071  -  MemoryUsage of job (MB)
	1095704  -  ResidentSetSize of job (KB)
...
006 (20790.000.000) 02/25 05:59:02 Image size of job updated: 1443404
	1239  -  MemoryUsage of job (MB)
	1267888  -  ResidentSetSize of job (KB)
...
006 (20790.000.000) 02/25 06:09:02 Image size of job updated: 1443404
	1239  -  MemoryUsage of job (MB)
	1268624  -  ResidentSetSize of job (KB)
...
006 (20790.000.000) 02/25 06:14:04 Image size of job updated: 1445396
	1243  -  MemoryUsage of job (MB)
	1272412  -  ResidentSetSize of job (KB)
...
006 (20790.000.000) 02/25 07:24:10 Image size of job updated: 1445404
	1243  -  MemoryUsage of job (MB)
	1272412  -  ResidentSetSize of job (KB)
...
005 (20790.000.000) 02/25 08:26:55 Job terminated.
	(1) Normal termination (return value 0)
		Usr 0 05:39:33, Sys 0 00:01:27  -  Run Remote Usage
		Usr 0 00:00:00, Sys 0 00:00:00  -  Run Local Usage
		Usr 0 05:39:33, Sys 0 00:01:27  -  Total Remote Usage
		Usr 0 00:00:00, Sys 0 00:00:00  -  Total Local Usage
	0  -  Run Bytes Sent By Job
	0  -  Run Bytes Received By Job
	0  -  Total Bytes Sent By Job
	0  -  Total Bytes Received By Job
	Partitionable Resources :    Usage  Request Allocated
	   Cpus                 :                 2         2
	   Disk (KB)            :        1        1   5108538
	   Memory (MB)          :     1243        1         1
...
