000 (20816.000.000) 02/24 21:35:18 Job submitted from host: <134.76.239.76:13753?addrs=134.76.239.76-13753>
...
001 (20816.000.000) 02/25 05:19:47 Job executing on host: <134.76.239.85:29523?addrs=134.76.239.85-29523>
...
006 (20816.000.000) 02/25 05:19:56 Image size of job updated: 1
	3  -  MemoryUsage of job (MB)
	2072  -  ResidentSetSize of job (KB)
...
006 (20816.000.000) 02/25 05:24:57 Image size of job updated: 1143604
	929  -  MemoryUsage of job (MB)
	950668  -  ResidentSetSize of job (KB)
...
022 (20816.000.000) 02/25 05:31:22 Job disconnected, attempting to reconnect
    Socket between submit and execute hosts closed unexpectedly
    Trying to reconnect to slot1@seismo25.mps.mpg.de <134.76.239.85:29523?addrs=134.76.239.85-29523>
...
024 (20816.000.000) 02/25 06:11:23 Job reconnection failed
    Job disconnected too long: JobLeaseDuration (2400 seconds) expired
    Can not reconnect to slot1@seismo25.mps.mpg.de, rescheduling job
...
001 (20816.000.000) 02/25 06:26:47 Job executing on host: <134.76.239.80:23833?addrs=134.76.239.80-23833>
...
006 (20816.000.000) 02/25 06:41:57 Image size of job updated: 1264060
	1079  -  MemoryUsage of job (MB)
	1104280  -  ResidentSetSize of job (KB)
...
006 (20816.000.000) 02/25 06:46:57 Image size of job updated: 1475080
	1247  -  MemoryUsage of job (MB)
	1276504  -  ResidentSetSize of job (KB)
...
006 (20816.000.000) 02/25 06:51:58 Image size of job updated: 1477356
	1247  -  MemoryUsage of job (MB)
	1276504  -  ResidentSetSize of job (KB)
...
006 (20816.000.000) 02/25 07:06:59 Image size of job updated: 1477356
	1249  -  MemoryUsage of job (MB)
	1278340  -  ResidentSetSize of job (KB)
...
006 (20816.000.000) 02/25 07:12:00 Image size of job updated: 1477356
	1251  -  MemoryUsage of job (MB)
	1280944  -  ResidentSetSize of job (KB)
...
005 (20816.000.000) 02/25 08:00:57 Job terminated.
	(1) Normal termination (return value 0)
		Usr 0 02:21:42, Sys 0 00:00:29  -  Run Remote Usage
		Usr 0 00:00:00, Sys 0 00:00:00  -  Run Local Usage
		Usr 0 02:21:42, Sys 0 00:00:29  -  Total Remote Usage
		Usr 0 00:00:00, Sys 0 00:00:00  -  Total Local Usage
	0  -  Run Bytes Sent By Job
	0  -  Run Bytes Received By Job
	0  -  Total Bytes Sent By Job
	0  -  Total Bytes Received By Job
	Partitionable Resources :    Usage  Request Allocated
	   Cpus                 :                 2         2
	   Disk (KB)            :        1        1   5045755
	   Memory (MB)          :     1251      977       977
...
