DATE: 2016-02-26
TIME: 16:59:48
                                         version_number        8118
 read inlist_1.0
 create pre-main-sequence model
                                                species           8
 abundances
                                                     h1    6.5415700000000010D-01
                                                    he3    3.2946181095924998D-05
                                                    he4    3.0955305381890408D-01
                                                    c12    6.2391237958105807D-03
                                                    n14    1.8276402216327297D-03
                                                    o16    1.6969085635379327D-02
                                                   ne20    3.8060059698093664D-03
                                                   mg24    7.4151443773678681D-03


                                        relax_num_steps


                               finished relax_num_steps

 new_lnPgas_flag T
                                        relax_initial_Z    3.6256999999999998D-02
                                                  new z    3.6257000000000067D-02
                                        relax_initial_Y    3.0958599999999997D-01
                                                  new y    3.0958599999999992D-01
 net name basic.net
 do_element_diffusion T
 lnPgas_flag T
 kappa_file_prefix gs98
 kappa_lowT_prefix lowT_fa05_gs98
   eos_file_prefix mesa
                                        OMP_NUM_THREADS           1



stop because Lnuc_div_L >= Lnuc_div_L_zams_limit
    0.1000460106E+01    0.9990000000E+00

        867   7.205467   6180.289   0.589487   0.589487   1.484396   1.484396   0.653908   0.002824   0.309181   0.654108  -2.511072    805      0
   4.762405   1.695449   0.236142 -43.903907  -0.692344 -99.000000   0.000000   0.309690   0.016970   0.036210   0.309607   0.059685      3      0
 1.6286E+07  17.012427   0.589287 -14.750470   4.391182  -7.182668   0.000000   0.005386   0.003806  3.640E-02  3.629E-02 -0.689E-09    varcontrol

save photos/x867 for model 867
save final_profile.data write fgong_plot.data
                               s% atm_structure_num_pts          56
save final_profile.data.FGONG    867
 final_profile.data.FGONG for model 867
 saved to zams.mod
termination code: Lnuc_div_L_zams_limit

       runtime, prev time, retries, backups, steps         8.2        28.2         0         0       867
        867   7.205467   6180.289   0.589487   0.589487   1.484396   1.484396   0.653908   0.002824   0.309181   0.654108  -2.511072    805      0
   4.762405   1.695449   0.236142 -43.903907  -0.692344 -99.000000   0.000000   0.309690   0.016970   0.036210   0.309607   0.059685      3      0
 1.6286E+07  17.012427   0.589287 -14.750470   4.391182  -7.182668   0.000000   0.005386   0.003806  3.640E-02  3.629E-02 -0.689E-09    varcontrol

DATE: 2016-02-26
TIME: 17:09:46
DATE: 2016-02-26
TIME: 17:09:46
                                         version_number        8118
 read inlist_1.0
load saved model zams.mod

 new_lnPgas_flag T
 net name basic.net
 do_element_diffusion T
 lnPgas_flag T
                       which_atm_option: Eddington_grey
 kappa_file_prefix gs98
 kappa_lowT_prefix lowT_fa05_gs98
   eos_file_prefix mesa
                                        OMP_NUM_THREADS           1


__________________________________________________________________________________________________________________________________________________

       step    lg_Tcntr    Teff       lg_LH     lg_Lnuc     Mass       H_rich     H_cntr     N_cntr     Y_surf     X_avg     eta_cntr  zones retry
   lg_dt_yr    lg_Dcntr    lg_R       lg_L3a    lg_Lneu     lg_Mdot    He_core    He_cntr    O_cntr     Z_surf     Y_avg     gam_cntr  iters bckup
     age_yr    lg_Pcntr    lg_L       lg_LZ     lg_Psurf    lg_Dsurf   C_core     C_cntr     Ne_cntr    Z_cntr     Z_avg     v_div_cs     dt_limit
__________________________________________________________________________________________________________________________________________________

