000 (20566.000.000) 02/24 21:35:05 Job submitted from host: <134.76.239.76:13753?addrs=134.76.239.76-13753>
...
001 (20566.000.000) 02/25 02:28:41 Job executing on host: <134.76.239.78:21556?addrs=134.76.239.78-21556>
...
006 (20566.000.000) 02/25 02:28:50 Image size of job updated: 1
	3  -  MemoryUsage of job (MB)
	2076  -  ResidentSetSize of job (KB)
...
006 (20566.000.000) 02/25 02:33:51 Image size of job updated: 1142992
	932  -  MemoryUsage of job (MB)
	953880  -  ResidentSetSize of job (KB)
...
006 (20566.000.000) 02/25 02:38:52 Image size of job updated: 1176560
	968  -  MemoryUsage of job (MB)
	990456  -  ResidentSetSize of job (KB)
...
006 (20566.000.000) 02/25 02:43:52 Image size of job updated: 1363668
	1125  -  MemoryUsage of job (MB)
	1151504  -  ResidentSetSize of job (KB)
...
006 (20566.000.000) 02/25 02:48:52 Image size of job updated: 1437804
	1197  -  MemoryUsage of job (MB)
	1225436  -  ResidentSetSize of job (KB)
...
006 (20566.000.000) 02/25 02:53:53 Image size of job updated: 1440984
	1199  -  MemoryUsage of job (MB)
	1227492  -  ResidentSetSize of job (KB)
...
006 (20566.000.000) 02/25 02:58:53 Image size of job updated: 1836892
	1591  -  MemoryUsage of job (MB)
	1628264  -  ResidentSetSize of job (KB)
...
006 (20566.000.000) 02/25 03:03:53 Image size of job updated: 1887924
	1642  -  MemoryUsage of job (MB)
	1681068  -  ResidentSetSize of job (KB)
...
006 (20566.000.000) 02/25 03:08:54 Image size of job updated: 1887924
	1642  -  MemoryUsage of job (MB)
	1681396  -  ResidentSetSize of job (KB)
...
006 (20566.000.000) 02/25 03:13:55 Image size of job updated: 1889996
	1642  -  MemoryUsage of job (MB)
	1681396  -  ResidentSetSize of job (KB)
...
006 (20566.000.000) 02/25 03:43:58 Image size of job updated: 1889996
	1644  -  MemoryUsage of job (MB)
	1682480  -  ResidentSetSize of job (KB)
...
006 (20566.000.000) 02/25 03:48:59 Image size of job updated: 1889996
	1644  -  MemoryUsage of job (MB)
	1683052  -  ResidentSetSize of job (KB)
...
006 (20566.000.000) 02/25 03:53:59 Image size of job updated: 1889996
	1644  -  MemoryUsage of job (MB)
	1683176  -  ResidentSetSize of job (KB)
...
006 (20566.000.000) 02/25 05:09:06 Image size of job updated: 8611620
	1644  -  MemoryUsage of job (MB)
	1683176  -  ResidentSetSize of job (KB)
...
005 (20566.000.000) 02/25 05:09:15 Job terminated.
	(1) Normal termination (return value 0)
		Usr 0 04:22:40, Sys 0 00:00:51  -  Run Remote Usage
		Usr 0 00:00:00, Sys 0 00:00:00  -  Run Local Usage
		Usr 0 04:22:40, Sys 0 00:00:51  -  Total Remote Usage
		Usr 0 00:00:00, Sys 0 00:00:00  -  Total Local Usage
	0  -  Run Bytes Sent By Job
	0  -  Run Bytes Received By Job
	0  -  Total Bytes Sent By Job
	0  -  Total Bytes Received By Job
	Partitionable Resources :    Usage  Request Allocated
	   Cpus                 :                 2         2
	   Disk (KB)            :        1        1   5108761
	   Memory (MB)          :     1644        1         1
...
