000 (20638.000.000) 02/24 21:35:08 Job submitted from host: <134.76.239.76:13753?addrs=134.76.239.76-13753>
...
001 (20638.000.000) 02/25 03:26:46 Job executing on host: <134.76.239.85:29523?addrs=134.76.239.85-29523>
...
006 (20638.000.000) 02/25 03:26:54 Image size of job updated: 827412
	616  -  MemoryUsage of job (MB)
	630372  -  ResidentSetSize of job (KB)
...
006 (20638.000.000) 02/25 03:31:54 Image size of job updated: 1144936
	924  -  MemoryUsage of job (MB)
	945644  -  ResidentSetSize of job (KB)
...
006 (20638.000.000) 02/25 03:36:54 Image size of job updated: 1146076
	924  -  MemoryUsage of job (MB)
	945644  -  ResidentSetSize of job (KB)
...
006 (20638.000.000) 02/25 03:46:55 Image size of job updated: 1308052
	1071  -  MemoryUsage of job (MB)
	1095724  -  ResidentSetSize of job (KB)
...
006 (20638.000.000) 02/25 03:51:55 Image size of job updated: 1308484
	1071  -  MemoryUsage of job (MB)
	1096056  -  ResidentSetSize of job (KB)
...
006 (20638.000.000) 02/25 03:56:56 Image size of job updated: 1429432
	1215  -  MemoryUsage of job (MB)
	1243672  -  ResidentSetSize of job (KB)
...
006 (20638.000.000) 02/25 04:01:57 Image size of job updated: 1453968
	1239  -  MemoryUsage of job (MB)
	1268528  -  ResidentSetSize of job (KB)
...
006 (20638.000.000) 02/25 04:06:57 Image size of job updated: 1457084
	1239  -  MemoryUsage of job (MB)
	1268636  -  ResidentSetSize of job (KB)
...
006 (20638.000.000) 02/25 04:41:59 Image size of job updated: 1479984
	1243  -  MemoryUsage of job (MB)
	1272396  -  ResidentSetSize of job (KB)
...
006 (20638.000.000) 02/25 04:47:00 Image size of job updated: 1483348
	1245  -  MemoryUsage of job (MB)
	1274788  -  ResidentSetSize of job (KB)
...
006 (20638.000.000) 02/25 04:52:01 Image size of job updated: 1483348
	1246  -  MemoryUsage of job (MB)
	1275056  -  ResidentSetSize of job (KB)
...
022 (20638.000.000) 02/25 05:33:28 Job disconnected, attempting to reconnect
    Socket between submit and execute hosts closed unexpectedly
    Trying to reconnect to slot1@seismo25.mps.mpg.de <134.76.239.85:29523?addrs=134.76.239.85-29523>
...
024 (20638.000.000) 02/25 06:13:28 Job reconnection failed
    Job disconnected too long: JobLeaseDuration (2400 seconds) expired
    Can not reconnect to slot1@seismo25.mps.mpg.de, rescheduling job
...
001 (20638.000.000) 02/25 06:17:47 Job executing on host: <134.76.239.88:25067?addrs=134.76.239.88-25067>
...
005 (20638.000.000) 02/25 08:39:51 Job terminated.
	(1) Normal termination (return value 0)
		Usr 0 03:46:14, Sys 0 00:00:51  -  Run Remote Usage
		Usr 0 00:00:00, Sys 0 00:00:00  -  Run Local Usage
		Usr 0 03:46:14, Sys 0 00:00:51  -  Total Remote Usage
		Usr 0 00:00:00, Sys 0 00:00:00  -  Total Local Usage
	0  -  Run Bytes Sent By Job
	0  -  Run Bytes Received By Job
	0  -  Total Bytes Sent By Job
	0  -  Total Bytes Received By Job
	Partitionable Resources :    Usage  Request Allocated
	   Cpus                 :                 2         2
	   Disk (KB)            :        1        1   5108682
	   Memory (MB)          :     1465     1465      1465
...
