000 (20899.000.000) 02/24 21:35:22 Job submitted from host: <134.76.239.76:13753?addrs=134.76.239.76-13753>
...
001 (20899.000.000) 02/25 06:38:48 Job executing on host: <134.76.239.90:23525?addrs=134.76.239.90-23525>
...
006 (20899.000.000) 02/25 06:38:56 Image size of job updated: 827412
	627  -  MemoryUsage of job (MB)
	642028  -  ResidentSetSize of job (KB)
...
006 (20899.000.000) 02/25 06:43:56 Image size of job updated: 1143384
	931  -  MemoryUsage of job (MB)
	952976  -  ResidentSetSize of job (KB)
...
006 (20899.000.000) 02/25 06:48:57 Image size of job updated: 1145608
	931  -  MemoryUsage of job (MB)
	952976  -  ResidentSetSize of job (KB)
...
006 (20899.000.000) 02/25 06:53:58 Image size of job updated: 1304716
	1079  -  MemoryUsage of job (MB)
	1104776  -  ResidentSetSize of job (KB)
...
006 (20899.000.000) 02/25 06:58:58 Image size of job updated: 1452452
	1250  -  MemoryUsage of job (MB)
	1279276  -  ResidentSetSize of job (KB)
...
006 (20899.000.000) 02/25 07:03:59 Image size of job updated: 1501524
	1298  -  MemoryUsage of job (MB)
	1328720  -  ResidentSetSize of job (KB)
...
006 (20899.000.000) 02/25 07:29:01 Image size of job updated: 1540576
	1298  -  MemoryUsage of job (MB)
	1328720  -  ResidentSetSize of job (KB)
...
005 (20899.000.000) 02/25 08:14:47 Job terminated.
	(1) Normal termination (return value 0)
		Usr 0 02:25:40, Sys 0 00:00:46  -  Run Remote Usage
		Usr 0 00:00:00, Sys 0 00:00:00  -  Run Local Usage
		Usr 0 02:25:40, Sys 0 00:00:46  -  Total Remote Usage
		Usr 0 00:00:00, Sys 0 00:00:00  -  Total Local Usage
	0  -  Run Bytes Sent By Job
	0  -  Run Bytes Received By Job
	0  -  Total Bytes Sent By Job
	0  -  Total Bytes Received By Job
	Partitionable Resources :    Usage  Request Allocated
	   Cpus                 :                 2         2
	   Disk (KB)            :        1        1   5108772
	   Memory (MB)          :     1298        1         1
...
