DATE: 2016-02-26
TIME: 16:59:43
                                         version_number        8118
 read inlist_1.0
 create pre-main-sequence model
                                                species           8
 abundances
                                                     h1    6.8374899999999994D-01
                                                    he3    3.3219042298724712D-05
                                                    he4    3.1211678095770129D-01
                                                    c12    7.0570225574703108D-04
                                                    n14    2.0672291002885216D-04
                                                    o16    1.9193595772042118D-03
                                                   ne20    4.3049426268551642D-04
                                                   mg24    8.3872099433452080D-04


                                        relax_num_steps


                               finished relax_num_steps

 new_lnPgas_flag T
                                        relax_initial_Z    4.1009999999999996D-03
                                                  new z    4.1010000000000664D-03
                                        relax_initial_Y    3.1214999999999998D-01
                                                  new y    3.1214999999999998D-01
 net name basic.net
 do_element_diffusion T
 lnPgas_flag T
 kappa_file_prefix gs98
 kappa_lowT_prefix lowT_fa05_gs98
   eos_file_prefix mesa
                                        OMP_NUM_THREADS           1



stop because Lnuc_div_L >= Lnuc_div_L_zams_limit
    0.9997646901E+00    0.9990000000E+00

        936   7.264404   8066.266   0.663070   0.663070   1.241708   1.241708   0.682084   0.001028   0.312121   0.683439  -1.915896    880      0
   6.014282   2.024856   0.041757 -40.427858  -0.888466 -99.000000   0.000000   0.313699   0.001915   0.004100   0.312436   0.065318      2      0
 1.6883E+07  17.413724   0.663172 -99.000000   3.795325  -7.910134   0.000000   0.000005   0.000430  4.217E-03  4.125E-03 -0.520E-12  max increase

save photos/x936 for model 936
save final_profile.data write fgong_plot.data
                               s% atm_structure_num_pts          48
save final_profile.data.FGONG    936
 final_profile.data.FGONG for model 936
 saved to zams.mod
termination code: Lnuc_div_L_zams_limit

       runtime, prev time, retries, backups, steps         8.5        28.2         0         0       936
        936   7.264404   8066.266   0.663070   0.663070   1.241708   1.241708   0.682084   0.001028   0.312121   0.683439  -1.915896    880      0
   6.014282   2.024856   0.041757 -40.427858  -0.888466 -99.000000   0.000000   0.313699   0.001915   0.004100   0.312436   0.065318      2      0
 1.6883E+07  17.413724   0.663172 -99.000000   3.795325  -7.910134   0.000000   0.000005   0.000430  4.217E-03  4.125E-03 -0.520E-12  max increase

DATE: 2016-02-26
TIME: 17:10:01
DATE: 2016-02-26
TIME: 17:10:01
                                         version_number        8118
 read inlist_1.0
load saved model zams.mod

 new_lnPgas_flag T
 net name basic.net
 do_element_diffusion T
 lnPgas_flag T
                       which_atm_option: Eddington_grey
 kappa_file_prefix gs98
 kappa_lowT_prefix lowT_fa05_gs98
   eos_file_prefix mesa
                                        OMP_NUM_THREADS           1


__________________________________________________________________________________________________________________________________________________

       step    lg_Tcntr    Teff       lg_LH     lg_Lnuc     Mass       H_rich     H_cntr     N_cntr     Y_surf     X_avg     eta_cntr  zones retry
   lg_dt_yr    lg_Dcntr    lg_R       lg_L3a    lg_Lneu     lg_Mdot    He_core    He_cntr    O_cntr     Z_surf     Y_avg     gam_cntr  iters bckup
     age_yr    lg_Pcntr    lg_L       lg_LZ     lg_Psurf    lg_Dsurf   C_core     C_cntr     Ne_cntr    Z_cntr     Z_avg     v_div_cs     dt_limit
__________________________________________________________________________________________________________________________________________________

        938   7.264558   8071.785   0.663470   0.663470   1.241708   1.241708   0.681701   0.001029   0.312115   0.683372  -1.915815    869      0
   5.903090   2.025227   0.041305 -40.418464  -0.889843 -99.000000   0.000000   0.314082   0.001914   0.004100   0.312503   0.065324      2      0
 1.8683E+07  17.414121   0.663456 -99.000000   4.277993  -7.433467   0.000000   0.000005   0.000430  4.217E-03  4.126E-03  0.213E-12  max decrease

