DATE: 2016-02-26
TIME: 16:59:50
                                         version_number        8118
 read inlist_1.0
 create pre-main-sequence model
                                                species           8
 abundances
                                                     h1    6.4495900000000006D-01
                                                    he3    3.3993780815254323D-05
                                                    he4    3.1939600621918479D-01
                                                    c12    6.1279597730813451D-03
                                                    n14    1.7950767005699055D-03
                                                    o16    1.6666743209904088D-02
                                                   ne20    3.7381934134341284D-03
                                                   mg24    7.2830269030103693D-03


                                        relax_num_steps


                               finished relax_num_steps

 new_lnPgas_flag T
                                        relax_initial_Z    3.5610999999999997D-02
                                                  new z    3.5610999999999587D-02
                                        relax_initial_Y    3.1942999999999999D-01
                                                  new y    3.1943000000000038D-01
 net name basic.net
 do_element_diffusion T
 lnPgas_flag T
 kappa_file_prefix gs98
 kappa_lowT_prefix lowT_fa05_gs98
   eos_file_prefix mesa
                                        OMP_NUM_THREADS           1



stop because Lnuc_div_L >= Lnuc_div_L_zams_limit
    0.1000935494E+01    0.9990000000E+00

        822   7.145282   5435.246  -0.132917  -0.132917   1.044943   1.044943   0.644562   0.002535   0.319395   0.644877  -1.999670    811      0
   5.768373   1.822107  -0.013584 -46.718790  -1.576242 -99.000000   0.000000   0.319720   0.016667   0.035608   0.319495   0.075887      4      0
 3.8146E+07  17.076193  -0.133323 -99.000000   4.723255  -6.786700   0.000000   0.005494   0.003738  3.572E-02  3.563E-02 -0.293E-10    varcontrol

save photos/x822 for model 822
save final_profile.data write fgong_plot.data
                               s% atm_structure_num_pts          61
save final_profile.data.FGONG    822
 final_profile.data.FGONG for model 822
 saved to zams.mod
termination code: Lnuc_div_L_zams_limit

       runtime, prev time, retries, backups, steps         8.0        28.2         0         0       822
        822   7.145282   5435.246  -0.132917  -0.132917   1.044943   1.044943   0.644562   0.002535   0.319395   0.644877  -1.999670    811      0
   5.768373   1.822107  -0.013584 -46.718790  -1.576242 -99.000000   0.000000   0.319720   0.016667   0.035608   0.319495   0.075887      4      0
 3.8146E+07  17.076193  -0.133323 -99.000000   4.723255  -6.786700   0.000000   0.005494   0.003738  3.572E-02  3.563E-02 -0.293E-10  max increase

DATE: 2016-02-26
TIME: 17:09:32
DATE: 2016-02-26
TIME: 17:09:32
                                         version_number        8118
 read inlist_1.0
load saved model zams.mod

 new_lnPgas_flag T
 net name basic.net
 do_element_diffusion T
 lnPgas_flag T
                       which_atm_option: Eddington_grey
 kappa_file_prefix gs98
 kappa_lowT_prefix lowT_fa05_gs98
   eos_file_prefix mesa
                                        OMP_NUM_THREADS           1


__________________________________________________________________________________________________________________________________________________

       step    lg_Tcntr    Teff       lg_LH     lg_Lnuc     Mass       H_rich     H_cntr     N_cntr     Y_surf     X_avg     eta_cntr  zones retry
   lg_dt_yr    lg_Dcntr    lg_R       lg_L3a    lg_Lneu     lg_Mdot    He_core    He_cntr    O_cntr     Z_surf     Y_avg     gam_cntr  iters bckup
     age_yr    lg_Pcntr    lg_L       lg_LZ     lg_Psurf    lg_Dsurf   C_core     C_cntr     Ne_cntr    Z_cntr     Z_avg     v_div_cs     dt_limit
__________________________________________________________________________________________________________________________________________________

