000 (20815.000.000) 02/24 21:35:18 Job submitted from host: <134.76.239.76:13753?addrs=134.76.239.76-13753>
...
001 (20815.000.000) 02/25 05:19:47 Job executing on host: <134.76.239.90:23525?addrs=134.76.239.90-23525>
...
006 (20815.000.000) 02/25 05:19:56 Image size of job updated: 222968
	64  -  MemoryUsage of job (MB)
	64860  -  ResidentSetSize of job (KB)
...
006 (20815.000.000) 02/25 05:24:57 Image size of job updated: 1138428
	927  -  MemoryUsage of job (MB)
	948504  -  ResidentSetSize of job (KB)
...
006 (20815.000.000) 02/25 05:29:57 Image size of job updated: 1144132
	927  -  MemoryUsage of job (MB)
	948504  -  ResidentSetSize of job (KB)
...
006 (20815.000.000) 02/25 05:34:57 Image size of job updated: 1324612
	1150  -  MemoryUsage of job (MB)
	1177132  -  ResidentSetSize of job (KB)
...
006 (20815.000.000) 02/25 05:39:58 Image size of job updated: 1511104
	1295  -  MemoryUsage of job (MB)
	1325148  -  ResidentSetSize of job (KB)
...
005 (20815.000.000) 02/25 06:38:13 Job terminated.
	(1) Normal termination (return value 0)
		Usr 0 01:55:17, Sys 0 00:00:24  -  Run Remote Usage
		Usr 0 00:00:00, Sys 0 00:00:00  -  Run Local Usage
		Usr 0 01:55:17, Sys 0 00:00:24  -  Total Remote Usage
		Usr 0 00:00:00, Sys 0 00:00:00  -  Total Local Usage
	0  -  Run Bytes Sent By Job
	0  -  Run Bytes Received By Job
	0  -  Total Bytes Sent By Job
	0  -  Total Bytes Received By Job
	Partitionable Resources :    Usage  Request Allocated
	   Cpus                 :                 2         2
	   Disk (KB)            :        1        1   5108784
	   Memory (MB)          :     1295        1         1
...
