DATE: 2016-02-26
TIME: 16:59:48
                                         version_number        8118
 read inlist_1.0
 create pre-main-sequence model
                                                species           8
 abundances
                                                     h1    6.8889699999999998D-01
                                                    he3    3.2996092134970660D-05
                                                    he4    3.1002200390786505D-01
                                                    c12    1.8034039600655919D-04
                                                    n14    5.2827507854240474D-05
                                                    o16    4.9048740231895707D-04
                                                   ne20    1.1001170136416184D-04
                                                   mg24    2.1433299245613021D-04


                                        relax_num_steps


                               finished relax_num_steps

 new_lnPgas_flag T
                                        relax_initial_Z    1.0480000000000001D-03
                                                  new z    1.0479999999985831D-03
                                        relax_initial_Y    3.1005500000000003D-01
                                                  new y    3.1005500000000058D-01
 net name basic.net
 do_element_diffusion T
 lnPgas_flag T
 kappa_file_prefix gs98
 kappa_lowT_prefix lowT_fa05_gs98
   eos_file_prefix mesa
                                        OMP_NUM_THREADS           1



stop because Lnuc_div_L >= Lnuc_div_L_zams_limit
    0.9998339033E+00    0.9990000000E+00

        908   7.220921   7495.832   0.393765   0.393765   1.030881   1.030881   0.687773   0.000259   0.021100   0.688562  -1.726566    883      0
   6.294011   2.035862  -0.029205 -42.531047  -1.216657 -99.000000   0.000000   0.311149   0.000490   0.000002   0.310382   0.072527      2      0
 2.2776E+07  17.383706   0.393837 -99.000000   4.035608  -7.744125   0.000000   0.000004   0.000110  1.078E-03  1.056E-03  0.538E-12  max increase

save photos/x908 for model 908
save final_profile.data write fgong_plot.data
                               s% atm_structure_num_pts          46
save final_profile.data.FGONG    908
 final_profile.data.FGONG for model 908
 saved to zams.mod
termination code: Lnuc_div_L_zams_limit

       runtime, prev time, retries, backups, steps         8.5        28.2         0         0       908
        908   7.220921   7495.832   0.393765   0.393765   1.030881   1.030881   0.687773   0.000259   0.021100   0.688562  -1.726566    883      0
   6.294011   2.035862  -0.029205 -42.531047  -1.216657 -99.000000   0.000000   0.311149   0.000490   0.000002   0.310382   0.072527      2      0
 2.2776E+07  17.383706   0.393837 -99.000000   4.035608  -7.744125   0.000000   0.000004   0.000110  1.078E-03  1.056E-03  0.538E-12  max increase

DATE: 2016-02-26
TIME: 17:10:05
DATE: 2016-02-26
TIME: 17:10:05
                                         version_number        8118
 read inlist_1.0
load saved model zams.mod

 new_lnPgas_flag T
 net name basic.net
 do_element_diffusion T
 lnPgas_flag T
                       which_atm_option: Eddington_grey
 kappa_file_prefix gs98
 kappa_lowT_prefix lowT_fa05_gs98
   eos_file_prefix mesa
                                        OMP_NUM_THREADS           1


__________________________________________________________________________________________________________________________________________________

       step    lg_Tcntr    Teff       lg_LH     lg_Lnuc     Mass       H_rich     H_cntr     N_cntr     Y_surf     X_avg     eta_cntr  zones retry
   lg_dt_yr    lg_Dcntr    lg_R       lg_L3a    lg_Lneu     lg_Mdot    He_core    He_cntr    O_cntr     Z_surf     Y_avg     gam_cntr  iters bckup
     age_yr    lg_Pcntr    lg_L       lg_LZ     lg_Psurf    lg_Dsurf   C_core     C_cntr     Ne_cntr    Z_cntr     Z_avg     v_div_cs     dt_limit
__________________________________________________________________________________________________________________________________________________

        911   7.221032   7506.717   0.394801   0.394801   1.030881   1.030881   0.687538   0.000261   0.012546   0.688493  -1.725111    875      0
   5.982271   2.036703  -0.030053 -42.523279  -1.217162 -99.000000   0.000000   0.311383   0.000490   0.000000   0.310450   0.072563      2      0
 2.5536E+07  17.384584   0.394662 -14.750470   4.481961  -7.307371   0.000000   0.000002   0.000110  1.078E-03  1.056E-03  0.526E-12  max increase

