000 (20224.000.000) 02/24 21:34:46 Job submitted from host: <134.76.239.76:13753?addrs=134.76.239.76-13753>
...
001 (20224.000.000) 02/24 22:12:38 Job executing on host: <134.76.239.89:24193?addrs=134.76.239.89-24193>
...
006 (20224.000.000) 02/24 22:12:48 Image size of job updated: 1
	3  -  MemoryUsage of job (MB)
	2072  -  ResidentSetSize of job (KB)
...
006 (20224.000.000) 02/24 22:17:48 Image size of job updated: 145604
	30  -  MemoryUsage of job (MB)
	30248  -  ResidentSetSize of job (KB)
...
006 (20224.000.000) 02/24 22:22:48 Image size of job updated: 1138884
	930  -  MemoryUsage of job (MB)
	951980  -  ResidentSetSize of job (KB)
...
006 (20224.000.000) 02/24 22:27:49 Image size of job updated: 1145168
	930  -  MemoryUsage of job (MB)
	951980  -  ResidentSetSize of job (KB)
...
006 (20224.000.000) 02/24 22:47:52 Image size of job updated: 1309792
	1124  -  MemoryUsage of job (MB)
	1150672  -  ResidentSetSize of job (KB)
...
006 (20224.000.000) 02/24 22:52:52 Image size of job updated: 1383848
	1196  -  MemoryUsage of job (MB)
	1224308  -  ResidentSetSize of job (KB)
...
006 (20224.000.000) 02/24 22:57:52 Image size of job updated: 1384692
	1197  -  MemoryUsage of job (MB)
	1225360  -  ResidentSetSize of job (KB)
...
006 (20224.000.000) 02/24 23:02:53 Image size of job updated: 1384692
	1197  -  MemoryUsage of job (MB)
	1225636  -  ResidentSetSize of job (KB)
...
006 (20224.000.000) 02/24 23:07:54 Image size of job updated: 1507332
	1343  -  MemoryUsage of job (MB)
	1374308  -  ResidentSetSize of job (KB)
...
006 (20224.000.000) 02/24 23:12:54 Image size of job updated: 1507332
	1343  -  MemoryUsage of job (MB)
	1374652  -  ResidentSetSize of job (KB)
...
006 (20224.000.000) 02/24 23:17:55 Image size of job updated: 1507332
	1343  -  MemoryUsage of job (MB)
	1375100  -  ResidentSetSize of job (KB)
...
006 (20224.000.000) 02/24 23:22:56 Image size of job updated: 1558460
	1393  -  MemoryUsage of job (MB)
	1426432  -  ResidentSetSize of job (KB)
...
006 (20224.000.000) 02/25 00:18:01 Image size of job updated: 1597540
	1396  -  MemoryUsage of job (MB)
	1429244  -  ResidentSetSize of job (KB)
...
005 (20224.000.000) 02/25 01:34:13 Job terminated.
	(1) Normal termination (return value 0)
		Usr 0 05:17:43, Sys 0 00:00:52  -  Run Remote Usage
		Usr 0 00:00:00, Sys 0 00:00:00  -  Run Local Usage
		Usr 0 05:17:43, Sys 0 00:00:52  -  Total Remote Usage
		Usr 0 00:00:00, Sys 0 00:00:00  -  Total Local Usage
	0  -  Run Bytes Sent By Job
	0  -  Run Bytes Received By Job
	0  -  Total Bytes Sent By Job
	0  -  Total Bytes Received By Job
	Partitionable Resources :    Usage  Request Allocated
	   Cpus                 :                 2         2
	   Disk (KB)            :        1        1   5108846
	   Memory (MB)          :     1396        1         1
...
