000 (20180.000.000) 02/24 21:34:44 Job submitted from host: <134.76.239.76:13753?addrs=134.76.239.76-13753>
...
001 (20180.000.000) 02/24 22:10:36 Job executing on host: <134.76.239.85:29523?addrs=134.76.239.85-29523>
...
006 (20180.000.000) 02/24 22:10:44 Image size of job updated: 45168
	5  -  MemoryUsage of job (MB)
	4304  -  ResidentSetSize of job (KB)
...
006 (20180.000.000) 02/24 22:15:44 Image size of job updated: 1138148
	918  -  MemoryUsage of job (MB)
	939668  -  ResidentSetSize of job (KB)
...
006 (20180.000.000) 02/24 22:20:45 Image size of job updated: 1144376
	918  -  MemoryUsage of job (MB)
	939668  -  ResidentSetSize of job (KB)
...
006 (20180.000.000) 02/24 22:25:46 Image size of job updated: 1274668
	1074  -  MemoryUsage of job (MB)
	1098980  -  ResidentSetSize of job (KB)
...
006 (20180.000.000) 02/24 22:30:46 Image size of job updated: 1536988
	1292  -  MemoryUsage of job (MB)
	1323008  -  ResidentSetSize of job (KB)
...
006 (20180.000.000) 02/24 22:35:46 Image size of job updated: 1536996
	1292  -  MemoryUsage of job (MB)
	1323008  -  ResidentSetSize of job (KB)
...
006 (20180.000.000) 02/24 23:38:34 Image size of job updated: 7202764
	1292  -  MemoryUsage of job (MB)
	1323008  -  ResidentSetSize of job (KB)
...
005 (20180.000.000) 02/24 23:38:34 Job terminated.
	(1) Normal termination (return value 0)
		Usr 0 02:00:37, Sys 0 00:00:49  -  Run Remote Usage
		Usr 0 00:00:00, Sys 0 00:00:00  -  Run Local Usage
		Usr 0 02:00:37, Sys 0 00:00:49  -  Total Remote Usage
		Usr 0 00:00:00, Sys 0 00:00:00  -  Total Local Usage
	0  -  Run Bytes Sent By Job
	0  -  Run Bytes Received By Job
	0  -  Total Bytes Sent By Job
	0  -  Total Bytes Received By Job
	Partitionable Resources :    Usage  Request Allocated
	   Cpus                 :                 2         2
	   Disk (KB)            :        1        1   5108776
	   Memory (MB)          :     1292        1         1
...
