000 (20453.000.000) 02/24 21:34:59 Job submitted from host: <134.76.239.76:13753?addrs=134.76.239.76-13753>
...
001 (20453.000.000) 02/25 01:11:40 Job executing on host: <134.76.239.79:12046?addrs=134.76.239.79-12046>
...
006 (20453.000.000) 02/25 01:11:48 Image size of job updated: 827416
	617  -  MemoryUsage of job (MB)
	630976  -  ResidentSetSize of job (KB)
...
006 (20453.000.000) 02/25 01:16:48 Image size of job updated: 1144512
	922  -  MemoryUsage of job (MB)
	943832  -  ResidentSetSize of job (KB)
...
006 (20453.000.000) 02/25 01:21:49 Image size of job updated: 1146848
	922  -  MemoryUsage of job (MB)
	943832  -  ResidentSetSize of job (KB)
...
006 (20453.000.000) 02/25 01:31:49 Image size of job updated: 1259520
	1078  -  MemoryUsage of job (MB)
	1103200  -  ResidentSetSize of job (KB)
...
006 (20453.000.000) 02/25 01:36:50 Image size of job updated: 1259520
	1078  -  MemoryUsage of job (MB)
	1103520  -  ResidentSetSize of job (KB)
...
006 (20453.000.000) 02/25 01:41:51 Image size of job updated: 1260140
	1079  -  MemoryUsage of job (MB)
	1104144  -  ResidentSetSize of job (KB)
...
006 (20453.000.000) 02/25 01:46:51 Image size of job updated: 1446624
	1223  -  MemoryUsage of job (MB)
	1251408  -  ResidentSetSize of job (KB)
...
006 (20453.000.000) 02/25 01:51:51 Image size of job updated: 1539768
	1308  -  MemoryUsage of job (MB)
	1339392  -  ResidentSetSize of job (KB)
...
006 (20453.000.000) 02/25 01:56:52 Image size of job updated: 1541772
	1311  -  MemoryUsage of job (MB)
	1341928  -  ResidentSetSize of job (KB)
...
006 (20453.000.000) 02/25 02:01:52 Image size of job updated: 1541772
	1311  -  MemoryUsage of job (MB)
	1342392  -  ResidentSetSize of job (KB)
...
006 (20453.000.000) 02/25 02:06:52 Image size of job updated: 1541772
	1329  -  MemoryUsage of job (MB)
	1360832  -  ResidentSetSize of job (KB)
...
005 (20453.000.000) 02/25 04:07:55 Job terminated.
	(1) Normal termination (return value 0)
		Usr 0 04:50:00, Sys 0 00:00:50  -  Run Remote Usage
		Usr 0 00:00:00, Sys 0 00:00:00  -  Run Local Usage
		Usr 0 04:50:00, Sys 0 00:00:50  -  Total Remote Usage
		Usr 0 00:00:00, Sys 0 00:00:00  -  Total Local Usage
	0  -  Run Bytes Sent By Job
	0  -  Run Bytes Received By Job
	0  -  Total Bytes Sent By Job
	0  -  Total Bytes Received By Job
	Partitionable Resources :    Usage  Request Allocated
	   Cpus                 :                 2         2
	   Disk (KB)            :        1        1   5108703
	   Memory (MB)          :     1329        1         1
...
