DATE: 2016-02-26
TIME: 16:59:28
                                         version_number        8118
 read inlist_1.0
 create pre-main-sequence model
                                                species           8
 abundances
                                                     h1    7.1794999999999998D-01
                                                    he3    2.8055963470709557D-05
                                                    he4    2.6360594403652921D-01
                                                    c12    3.1690350504357213D-03
                                                    n14    9.2831238992714335D-04
                                                    o16    8.6190992376960728D-03
                                                   ne20    1.9331827216815917D-03
                                                   mg24    3.7663706002594556D-03


                                        relax_num_steps


                               finished relax_num_steps

 new_lnPgas_flag T
                                        relax_initial_Z    1.8415999999999998D-02
                                                  new z    1.8416000000000408D-02
                                        relax_initial_Y    2.6363399999999998D-01
                                                  new y    2.6363399999999987D-01
 net name basic.net
 do_element_diffusion T
 lnPgas_flag T
 kappa_file_prefix gs98
 kappa_lowT_prefix lowT_fa05_gs98
   eos_file_prefix mesa
                                        OMP_NUM_THREADS           1



stop because Lnuc_div_L >= Lnuc_div_L_zams_limit
    0.1007307014E+01    0.9990000000E+00

        792   7.069361   4854.087  -0.570186  -0.570186   0.804013   0.804013   0.717582   0.000957   0.263634   0.717868  -1.497143    790      0
   6.031444   1.895084  -0.135373 -50.842839  -2.177339 -99.000000   0.000000   0.263998   0.008619   0.018416   0.263715   0.091737      2      0
 6.2569E+07  17.100467  -0.573348 -99.000000   4.957427  -6.535465   0.000000   0.003144   0.001933  1.842E-02  1.842E-02 -0.136E-10    varcontrol

save photos/x792 for model 792
save final_profile.data write fgong_plot.data
                               s% atm_structure_num_pts          67
save final_profile.data.FGONG    792
 final_profile.data.FGONG for model 792
 saved to zams.mod
termination code: Lnuc_div_L_zams_limit

       runtime, prev time, retries, backups, steps         8.9        28.2         0         0       792
        792   7.069361   4854.087  -0.570186  -0.570186   0.804013   0.804013   0.717582   0.000957   0.263634   0.717868  -1.497143    790      0
   6.031444   1.895084  -0.135373 -50.842839  -2.177339 -99.000000   0.000000   0.263998   0.008619   0.018416   0.263715   0.091737      2      0
 6.2569E+07  17.100467  -0.573348 -99.000000   4.957427  -6.535465   0.000000   0.003144   0.001933  1.842E-02  1.842E-02 -0.136E-10    varcontrol

DATE: 2016-02-26
TIME: 17:10:31
DATE: 2016-02-26
TIME: 17:10:31
                                         version_number        8118
 read inlist_1.0
load saved model zams.mod

 new_lnPgas_flag T
 net name basic.net
 do_element_diffusion T
 lnPgas_flag T
                       which_atm_option: Eddington_grey
 kappa_file_prefix gs98
 kappa_lowT_prefix lowT_fa05_gs98
   eos_file_prefix mesa
                                        OMP_NUM_THREADS           1


__________________________________________________________________________________________________________________________________________________

       step    lg_Tcntr    Teff       lg_LH     lg_Lnuc     Mass       H_rich     H_cntr     N_cntr     Y_surf     X_avg     eta_cntr  zones retry
   lg_dt_yr    lg_Dcntr    lg_R       lg_L3a    lg_Lneu     lg_Mdot    He_core    He_cntr    O_cntr     Z_surf     Y_avg     gam_cntr  iters bckup
     age_yr    lg_Pcntr    lg_L       lg_LZ     lg_Psurf    lg_Dsurf   C_core     C_cntr     Ne_cntr    Z_cntr     Z_avg     v_div_cs     dt_limit
__________________________________________________________________________________________________________________________________________________

