000 (20592.000.000) 02/24 21:35:06 Job submitted from host: <134.76.239.76:13753?addrs=134.76.239.76-13753>
...
001 (20592.000.000) 02/25 02:48:44 Job executing on host: <134.76.239.84:12289?addrs=134.76.239.84-12289>
...
006 (20592.000.000) 02/25 02:48:52 Image size of job updated: 1
	3  -  MemoryUsage of job (MB)
	2076  -  ResidentSetSize of job (KB)
...
006 (20592.000.000) 02/25 02:53:52 Image size of job updated: 1145156
	924  -  MemoryUsage of job (MB)
	946020  -  ResidentSetSize of job (KB)
...
006 (20592.000.000) 02/25 02:58:53 Image size of job updated: 1147156
	924  -  MemoryUsage of job (MB)
	946020  -  ResidentSetSize of job (KB)
...
006 (20592.000.000) 02/25 03:13:54 Image size of job updated: 1241912
	1073  -  MemoryUsage of job (MB)
	1097744  -  ResidentSetSize of job (KB)
...
006 (20592.000.000) 02/25 03:18:55 Image size of job updated: 1241912
	1073  -  MemoryUsage of job (MB)
	1097748  -  ResidentSetSize of job (KB)
...
006 (20592.000.000) 02/25 03:23:55 Image size of job updated: 1241912
	1073  -  MemoryUsage of job (MB)
	1098092  -  ResidentSetSize of job (KB)
...
006 (20592.000.000) 02/25 03:33:57 Image size of job updated: 1428396
	1217  -  MemoryUsage of job (MB)
	1245356  -  ResidentSetSize of job (KB)
...
006 (20592.000.000) 02/25 03:38:57 Image size of job updated: 1428396
	1217  -  MemoryUsage of job (MB)
	1245692  -  ResidentSetSize of job (KB)
...
006 (20592.000.000) 02/25 03:53:58 Image size of job updated: 1428396
	1217  -  MemoryUsage of job (MB)
	1246016  -  ResidentSetSize of job (KB)
...
006 (20592.000.000) 02/25 04:14:00 Image size of job updated: 1428820
	1217  -  MemoryUsage of job (MB)
	1246020  -  ResidentSetSize of job (KB)
...
006 (20592.000.000) 02/25 04:19:01 Image size of job updated: 1428832
	1217  -  MemoryUsage of job (MB)
	1246020  -  ResidentSetSize of job (KB)
...
006 (20592.000.000) 02/25 05:44:10 Image size of job updated: 1428876
	1217  -  MemoryUsage of job (MB)
	1246020  -  ResidentSetSize of job (KB)
...
006 (20592.000.000) 02/25 05:49:11 Image size of job updated: 1428888
	1217  -  MemoryUsage of job (MB)
	1246020  -  ResidentSetSize of job (KB)
...
005 (20592.000.000) 02/25 07:17:18 Job terminated.
	(1) Normal termination (return value 0)
		Usr 0 07:37:07, Sys 0 00:01:44  -  Run Remote Usage
		Usr 0 00:00:00, Sys 0 00:00:00  -  Run Local Usage
		Usr 0 07:37:07, Sys 0 00:01:44  -  Total Remote Usage
		Usr 0 00:00:00, Sys 0 00:00:00  -  Total Local Usage
	0  -  Run Bytes Sent By Job
	0  -  Run Bytes Received By Job
	0  -  Total Bytes Sent By Job
	0  -  Total Bytes Received By Job
	Partitionable Resources :    Usage  Request Allocated
	   Cpus                 :                 2         2
	   Disk (KB)            :        1        1   5108550
	   Memory (MB)          :     1217        1         1
...
