000 (20508.000.000) 02/24 21:35:01 Job submitted from host: <134.76.239.76:13753?addrs=134.76.239.76-13753>
...
001 (20508.000.000) 02/25 01:47:40 Job executing on host: <134.76.239.85:29523?addrs=134.76.239.85-29523>
...
006 (20508.000.000) 02/25 01:47:49 Image size of job updated: 827412
	618  -  MemoryUsage of job (MB)
	632000  -  ResidentSetSize of job (KB)
...
006 (20508.000.000) 02/25 01:52:50 Image size of job updated: 1143616
	926  -  MemoryUsage of job (MB)
	948136  -  ResidentSetSize of job (KB)
...
006 (20508.000.000) 02/25 01:57:50 Image size of job updated: 1145940
	926  -  MemoryUsage of job (MB)
	948136  -  ResidentSetSize of job (KB)
...
006 (20508.000.000) 02/25 02:07:52 Image size of job updated: 1348332
	1147  -  MemoryUsage of job (MB)
	1174352  -  ResidentSetSize of job (KB)
...
006 (20508.000.000) 02/25 02:12:52 Image size of job updated: 1469280
	1291  -  MemoryUsage of job (MB)
	1321968  -  ResidentSetSize of job (KB)
...
006 (20508.000.000) 02/25 02:17:52 Image size of job updated: 1471548
	1291  -  MemoryUsage of job (MB)
	1321968  -  ResidentSetSize of job (KB)
...
006 (20508.000.000) 02/25 02:37:54 Image size of job updated: 1483064
	1291  -  MemoryUsage of job (MB)
	1321968  -  ResidentSetSize of job (KB)
...
006 (20508.000.000) 02/25 02:42:55 Image size of job updated: 1485332
	1291  -  MemoryUsage of job (MB)
	1321968  -  ResidentSetSize of job (KB)
...
005 (20508.000.000) 02/25 03:30:03 Job terminated.
	(1) Normal termination (return value 0)
		Usr 0 02:35:07, Sys 0 00:00:41  -  Run Remote Usage
		Usr 0 00:00:00, Sys 0 00:00:00  -  Run Local Usage
		Usr 0 02:35:07, Sys 0 00:00:41  -  Total Remote Usage
		Usr 0 00:00:00, Sys 0 00:00:00  -  Total Local Usage
	0  -  Run Bytes Sent By Job
	0  -  Run Bytes Received By Job
	0  -  Total Bytes Sent By Job
	0  -  Total Bytes Received By Job
	Partitionable Resources :    Usage  Request Allocated
	   Cpus                 :                 2         2
	   Disk (KB)            :        1        1   5108745
	   Memory (MB)          :     1291        1         1
...
