000 (20009.000.000) 02/24 21:34:35 Job submitted from host: <134.76.239.76:13753?addrs=134.76.239.76-13753>
...
001 (20009.000.000) 02/24 21:34:42 Job executing on host: <134.76.239.91:19968?addrs=134.76.239.91-19968>
...
006 (20009.000.000) 02/24 21:34:53 Image size of job updated: 65708
	4  -  MemoryUsage of job (MB)
	4036  -  ResidentSetSize of job (KB)
...
006 (20009.000.000) 02/24 21:39:54 Image size of job updated: 1141892
	932  -  MemoryUsage of job (MB)
	953640  -  ResidentSetSize of job (KB)
...
006 (20009.000.000) 02/24 21:44:55 Image size of job updated: 1146840
	937  -  MemoryUsage of job (MB)
	959000  -  ResidentSetSize of job (KB)
...
006 (20009.000.000) 02/24 21:49:55 Image size of job updated: 1147864
	937  -  MemoryUsage of job (MB)
	959000  -  ResidentSetSize of job (KB)
...
006 (20009.000.000) 02/24 22:29:59 Image size of job updated: 1293468
	1071  -  MemoryUsage of job (MB)
	1096468  -  ResidentSetSize of job (KB)
...
006 (20009.000.000) 02/24 22:45:00 Image size of job updated: 1293468
	1071  -  MemoryUsage of job (MB)
	1096484  -  ResidentSetSize of job (KB)
...
006 (20009.000.000) 02/24 22:50:02 Image size of job updated: 1293468
	1071  -  MemoryUsage of job (MB)
	1096488  -  ResidentSetSize of job (KB)
...
006 (20009.000.000) 02/24 23:00:02 Image size of job updated: 1293468
	1072  -  MemoryUsage of job (MB)
	1096824  -  ResidentSetSize of job (KB)
...
006 (20009.000.000) 02/24 23:15:04 Image size of job updated: 1414416
	1215  -  MemoryUsage of job (MB)
	1244088  -  ResidentSetSize of job (KB)
...
006 (20009.000.000) 02/24 23:25:06 Image size of job updated: 1414416
	1216  -  MemoryUsage of job (MB)
	1244420  -  ResidentSetSize of job (KB)
...
006 (20009.000.000) 02/24 23:30:06 Image size of job updated: 1414416
	1216  -  MemoryUsage of job (MB)
	1244428  -  ResidentSetSize of job (KB)
...
006 (20009.000.000) 02/24 23:50:07 Image size of job updated: 1414416
	1216  -  MemoryUsage of job (MB)
	1244748  -  ResidentSetSize of job (KB)
...
006 (20009.000.000) 02/25 00:20:11 Image size of job updated: 1414416
	1218  -  MemoryUsage of job (MB)
	1247208  -  ResidentSetSize of job (KB)
...
006 (20009.000.000) 02/25 00:25:11 Image size of job updated: 1414836
	1218  -  MemoryUsage of job (MB)
	1247212  -  ResidentSetSize of job (KB)
...
006 (20009.000.000) 02/25 00:30:12 Image size of job updated: 1417832
	1219  -  MemoryUsage of job (MB)
	1247360  -  ResidentSetSize of job (KB)
...
006 (20009.000.000) 02/25 00:35:12 Image size of job updated: 1417832
	1219  -  MemoryUsage of job (MB)
	1247616  -  ResidentSetSize of job (KB)
...
006 (20009.000.000) 02/25 00:40:12 Image size of job updated: 1418264
	1219  -  MemoryUsage of job (MB)
	1247736  -  ResidentSetSize of job (KB)
...
006 (20009.000.000) 02/25 04:25:36 Image size of job updated: 11285604
	1219  -  MemoryUsage of job (MB)
	1247736  -  ResidentSetSize of job (KB)
...
005 (20009.000.000) 02/25 04:26:25 Job terminated.
	(1) Normal termination (return value 0)
		Usr 0 10:46:26, Sys 0 00:02:05  -  Run Remote Usage
		Usr 0 00:00:00, Sys 0 00:00:00  -  Run Local Usage
		Usr 0 10:46:26, Sys 0 00:02:05  -  Total Remote Usage
		Usr 0 00:00:00, Sys 0 00:00:00  -  Total Local Usage
	0  -  Run Bytes Sent By Job
	0  -  Run Bytes Received By Job
	0  -  Total Bytes Sent By Job
	0  -  Total Bytes Received By Job
	Partitionable Resources :    Usage  Request Allocated
	   Cpus                 :                 2         2
	   Disk (KB)            :        1        1   5108767
	   Memory (MB)          :     1219        1         1
...
