000 (28462.000.000) 02/26 16:56:17 Job submitted from host: <134.76.239.76:15915?addrs=134.76.239.76-15915>
...
001 (28462.000.000) 02/26 16:56:26 Job executing on host: <134.76.239.91:19068?addrs=134.76.239.91-19068>
...
006 (28462.000.000) 02/26 16:56:40 Image size of job updated: 65708
	4  -  MemoryUsage of job (MB)
	4040  -  ResidentSetSize of job (KB)
...
006 (28462.000.000) 02/26 17:01:41 Image size of job updated: 1071776
	932  -  MemoryUsage of job (MB)
	954160  -  ResidentSetSize of job (KB)
...
006 (28462.000.000) 02/26 17:06:41 Image size of job updated: 1072248
	932  -  MemoryUsage of job (MB)
	954260  -  ResidentSetSize of job (KB)
...
006 (28462.000.000) 02/26 17:11:41 Image size of job updated: 1080408
	935  -  MemoryUsage of job (MB)
	956488  -  ResidentSetSize of job (KB)
...
006 (28462.000.000) 02/26 17:16:42 Image size of job updated: 1080408
	935  -  MemoryUsage of job (MB)
	956516  -  ResidentSetSize of job (KB)
...
