DATE: 2016-02-26
TIME: 16:59:41
                                         version_number        8118
 read inlist_1.0
 create pre-main-sequence model
                                                species           8
 abundances
                                                     h1    7.1897900000000003D-01
                                                    he3    2.9477629932566568D-05
                                                    he4    2.7696352237006744D-01
                                                    c12    6.9314037701753066D-04
                                                    n14    2.0304313133288787D-04
                                                    o16    1.8851939470807518D-03
                                                   ne20    4.2283123386909778D-04
                                                   mg24    8.2379131069965214D-04


                                        relax_num_steps


                               finished relax_num_steps

 new_lnPgas_flag T
                                        relax_initial_Z    4.0280000000000003D-03
                                                  new z    4.0280000000000498D-03
                                        relax_initial_Y    2.7699299999999999D-01
                                                  new y    2.7699300000000004D-01
 net name basic.net
 do_element_diffusion T
 lnPgas_flag T
 kappa_file_prefix gs98
 kappa_lowT_prefix lowT_fa05_gs98
   eos_file_prefix mesa
                                        OMP_NUM_THREADS           1



stop because Lnuc_div_L >= Lnuc_div_L_zams_limit
    0.9996893291E+00    0.9990000000E+00

        963   7.308573   9385.027   0.985568   0.985568   1.547568   1.547568   0.718169   0.001009   0.143666   0.718742  -2.162242    887      0
   5.546657   1.978495   0.071496 -38.556633  -0.457513 -99.000000   0.000000   0.277688   0.001881   0.000858   0.277198   0.056044      2      0
 9.9060E+06  17.423123   0.985703 -99.000000   3.095420  -8.860020   0.000000   0.000006   0.000423  4.142E-03  4.060E-03 -0.629E-11  max increase

save photos/x963 for model 963
save final_profile.data write fgong_plot.data
                               s% atm_structure_num_pts          40
save final_profile.data.FGONG    963
 final_profile.data.FGONG for model 963
 saved to zams.mod
termination code: Lnuc_div_L_zams_limit

       runtime, prev time, retries, backups, steps         9.0        28.2         0         0       963
        963   7.308573   9385.027   0.985568   0.985568   1.547568   1.547568   0.718169   0.001009   0.143666   0.718742  -2.162242    887      0
   5.546657   1.978495   0.071496 -38.556633  -0.457513 -99.000000   0.000000   0.277688   0.001881   0.000858   0.277198   0.056044      2      0
 9.9060E+06  17.423123   0.985703 -99.000000   3.095420  -8.860020   0.000000   0.000006   0.000423  4.142E-03  4.060E-03 -0.629E-11  max increase

DATE: 2016-02-26
TIME: 17:10:28
DATE: 2016-02-26
TIME: 17:10:28
                                         version_number        8118
 read inlist_1.0
load saved model zams.mod

 new_lnPgas_flag T
 net name basic.net
 do_element_diffusion T
 lnPgas_flag T
                       which_atm_option: Eddington_grey
 kappa_file_prefix gs98
 kappa_lowT_prefix lowT_fa05_gs98
   eos_file_prefix mesa
                                        OMP_NUM_THREADS           1


__________________________________________________________________________________________________________________________________________________

       step    lg_Tcntr    Teff       lg_LH     lg_Lnuc     Mass       H_rich     H_cntr     N_cntr     Y_surf     X_avg     eta_cntr  zones retry
   lg_dt_yr    lg_Dcntr    lg_R       lg_L3a    lg_Lneu     lg_Mdot    He_core    He_cntr    O_cntr     Z_surf     Y_avg     gam_cntr  iters bckup
     age_yr    lg_Pcntr    lg_L       lg_LZ     lg_Psurf    lg_Dsurf   C_core     C_cntr     Ne_cntr    Z_cntr     Z_avg     v_div_cs     dt_limit
__________________________________________________________________________________________________________________________________________________

        964   7.308563   9383.671   0.985434   0.985434   1.547568   1.547568   0.718077   0.001010   0.131891   0.718715  -2.162650    887      0
   5.625838   1.978332   0.071114 -38.556965  -0.457878 -99.000000   0.000000   0.277781   0.001880   0.000711   0.277224   0.056040      3      0
 1.0329E+07  17.422919   0.984687 -14.750470   3.574910  -8.354582   0.000000   0.000006   0.000423  4.142E-03  4.060E-03 -0.546E-11              

