000 (20471.000.000) 02/24 21:35:00 Job submitted from host: <134.76.239.76:13753?addrs=134.76.239.76-13753>
...
001 (20471.000.000) 02/25 01:22:40 Job executing on host: <134.76.239.85:29523?addrs=134.76.239.85-29523>
...
006 (20471.000.000) 02/25 01:22:48 Image size of job updated: 1
	3  -  MemoryUsage of job (MB)
	2072  -  ResidentSetSize of job (KB)
...
006 (20471.000.000) 02/25 01:27:48 Image size of job updated: 1142616
	919  -  MemoryUsage of job (MB)
	940676  -  ResidentSetSize of job (KB)
...
006 (20471.000.000) 02/25 01:32:49 Image size of job updated: 1320772
	1147  -  MemoryUsage of job (MB)
	1173668  -  ResidentSetSize of job (KB)
...
006 (20471.000.000) 02/25 01:37:50 Image size of job updated: 1509360
	1295  -  MemoryUsage of job (MB)
	1325080  -  ResidentSetSize of job (KB)
...
006 (20471.000.000) 02/25 01:42:50 Image size of job updated: 1509360
	1295  -  MemoryUsage of job (MB)
	1325740  -  ResidentSetSize of job (KB)
...
006 (20471.000.000) 02/25 01:47:50 Image size of job updated: 1533896
	1295  -  MemoryUsage of job (MB)
	1325740  -  ResidentSetSize of job (KB)
...
006 (20471.000.000) 02/25 02:02:51 Image size of job updated: 1533896
	1295  -  MemoryUsage of job (MB)
	1325904  -  ResidentSetSize of job (KB)
...
006 (20471.000.000) 02/25 02:07:52 Image size of job updated: 1533896
	1320  -  MemoryUsage of job (MB)
	1350772  -  ResidentSetSize of job (KB)
...
005 (20471.000.000) 02/25 03:26:13 Job terminated.
	(1) Normal termination (return value 0)
		Usr 0 03:18:35, Sys 0 00:00:28  -  Run Remote Usage
		Usr 0 00:00:00, Sys 0 00:00:00  -  Run Local Usage
		Usr 0 03:18:35, Sys 0 00:00:28  -  Total Remote Usage
		Usr 0 00:00:00, Sys 0 00:00:00  -  Total Local Usage
	0  -  Run Bytes Sent By Job
	0  -  Run Bytes Received By Job
	0  -  Total Bytes Sent By Job
	0  -  Total Bytes Received By Job
	Partitionable Resources :    Usage  Request Allocated
	   Cpus                 :                 2         2
	   Disk (KB)            :        1        1   5108760
	   Memory (MB)          :     1320        1         1
...
