000 (19940.000.000) 02/24 21:34:31 Job submitted from host: <134.76.239.76:13753?addrs=134.76.239.76-13753>
...
001 (19940.000.000) 02/24 21:34:36 Job executing on host: <134.76.239.79:12046?addrs=134.76.239.79-12046>
...
006 (19940.000.000) 02/24 21:34:47 Image size of job updated: 65712
	4  -  MemoryUsage of job (MB)
	3832  -  ResidentSetSize of job (KB)
...
006 (19940.000.000) 02/24 21:39:48 Image size of job updated: 1140672
	922  -  MemoryUsage of job (MB)
	943816  -  ResidentSetSize of job (KB)
...
006 (19940.000.000) 02/24 21:44:48 Image size of job updated: 1146832
	922  -  MemoryUsage of job (MB)
	943816  -  ResidentSetSize of job (KB)
...
006 (19940.000.000) 02/24 22:39:53 Image size of job updated: 1242284
	1063  -  MemoryUsage of job (MB)
	1087496  -  ResidentSetSize of job (KB)
...
006 (19940.000.000) 02/24 23:09:57 Image size of job updated: 1242284
	1063  -  MemoryUsage of job (MB)
	1087828  -  ResidentSetSize of job (KB)
...
006 (19940.000.000) 02/24 23:29:59 Image size of job updated: 1453304
	1231  -  MemoryUsage of job (MB)
	1259640  -  ResidentSetSize of job (KB)
...
006 (19940.000.000) 02/24 23:35:00 Image size of job updated: 1453736
	1231  -  MemoryUsage of job (MB)
	1259644  -  ResidentSetSize of job (KB)
...
006 (19940.000.000) 02/24 23:40:01 Image size of job updated: 1453736
	1231  -  MemoryUsage of job (MB)
	1259980  -  ResidentSetSize of job (KB)
...
006 (19940.000.000) 02/24 23:45:01 Image size of job updated: 1453736
	1231  -  MemoryUsage of job (MB)
	1259984  -  ResidentSetSize of job (KB)
...
006 (19940.000.000) 02/24 23:50:02 Image size of job updated: 1456824
	1233  -  MemoryUsage of job (MB)
	1262036  -  ResidentSetSize of job (KB)
...
006 (19940.000.000) 02/25 00:00:03 Image size of job updated: 1456824
	1233  -  MemoryUsage of job (MB)
	1262352  -  ResidentSetSize of job (KB)
...
006 (19940.000.000) 02/25 00:05:03 Image size of job updated: 1456824
	1234  -  MemoryUsage of job (MB)
	1262736  -  ResidentSetSize of job (KB)
...
006 (19940.000.000) 02/25 00:15:05 Image size of job updated: 1458836
	1236  -  MemoryUsage of job (MB)
	1264644  -  ResidentSetSize of job (KB)
...
006 (19940.000.000) 02/25 00:20:05 Image size of job updated: 1458848
	1236  -  MemoryUsage of job (MB)
	1264644  -  ResidentSetSize of job (KB)
...
006 (19940.000.000) 02/25 01:35:13 Image size of job updated: 1458848
	1241  -  MemoryUsage of job (MB)
	1270040  -  ResidentSetSize of job (KB)
...
006 (19940.000.000) 02/25 01:40:14 Image size of job updated: 1458848
	1241  -  MemoryUsage of job (MB)
	1270368  -  ResidentSetSize of job (KB)
...
006 (19940.000.000) 02/25 01:45:14 Image size of job updated: 1458848
	1241  -  MemoryUsage of job (MB)
	1270376  -  ResidentSetSize of job (KB)
...
006 (19940.000.000) 02/25 01:50:15 Image size of job updated: 1458848
	1241  -  MemoryUsage of job (MB)
	1270448  -  ResidentSetSize of job (KB)
...
006 (19940.000.000) 02/25 01:55:16 Image size of job updated: 1458848
	1241  -  MemoryUsage of job (MB)
	1270460  -  ResidentSetSize of job (KB)
...
006 (19940.000.000) 02/25 02:00:16 Image size of job updated: 1458848
	1242  -  MemoryUsage of job (MB)
	1270792  -  ResidentSetSize of job (KB)
...
006 (19940.000.000) 02/25 02:05:16 Image size of job updated: 1458848
	1242  -  MemoryUsage of job (MB)
	1271008  -  ResidentSetSize of job (KB)
...
006 (19940.000.000) 02/25 02:15:18 Image size of job updated: 1458848
	1242  -  MemoryUsage of job (MB)
	1271360  -  ResidentSetSize of job (KB)
...
006 (19940.000.000) 02/25 02:20:18 Image size of job updated: 1458868
	1244  -  MemoryUsage of job (MB)
	1273520  -  ResidentSetSize of job (KB)
...
006 (19940.000.000) 02/25 02:25:19 Image size of job updated: 1458880
	1244  -  MemoryUsage of job (MB)
	1273520  -  ResidentSetSize of job (KB)
...
005 (19940.000.000) 02/25 03:53:14 Job terminated.
	(1) Normal termination (return value 0)
		Usr 0 09:51:24, Sys 0 00:01:12  -  Run Remote Usage
		Usr 0 00:00:00, Sys 0 00:00:00  -  Run Local Usage
		Usr 0 09:51:24, Sys 0 00:01:12  -  Total Remote Usage
		Usr 0 00:00:00, Sys 0 00:00:00  -  Total Local Usage
	0  -  Run Bytes Sent By Job
	0  -  Run Bytes Received By Job
	0  -  Total Bytes Sent By Job
	0  -  Total Bytes Received By Job
	Partitionable Resources :    Usage  Request Allocated
	   Cpus                 :                 2         2
	   Disk (KB)            :        1        1   5108767
	   Memory (MB)          :     1244        1         1
...
