DATE: 2016-02-26
TIME: 16:59:27
                                         version_number        8118
 read inlist_1.0
 create pre-main-sequence model
                                                species           8
 abundances
                                                     h1    7.1514400000000000D-01
                                                    he3    2.9502638662152345D-05
                                                    he4    2.7719849736133784D-01
                                                    c12    1.3126302869637056D-03
                                                    n14    3.8451166976347887D-04
                                                    o16    3.5700743367259678D-03
                                                   ne20    8.0073402481467928D-04
                                                   mg24    1.5600496817321369D-03


                                        relax_num_steps


                               finished relax_num_steps

 new_lnPgas_flag T
                                        relax_initial_Z    7.6280000000000002D-03
                                                  new z    7.6280000000004903D-03
                                        relax_initial_Y    2.7722799999999997D-01
                                                  new y    2.7722799999999981D-01
 net name basic.net
 do_element_diffusion T
 lnPgas_flag T
 kappa_file_prefix gs98
 kappa_lowT_prefix lowT_fa05_gs98
   eos_file_prefix mesa
                                        OMP_NUM_THREADS           1



stop because Lnuc_div_L >= Lnuc_div_L_zams_limit
    0.1005993975E+01    0.9990000000E+00

        797   7.106853   5557.840  -0.292228  -0.292228   0.828622   0.828622   0.714855   0.000419   0.277228   0.715068  -1.490075    801      0
   5.702637   1.953409  -0.113708 -48.652628  -1.914599 -99.000000   0.000000   0.277512   0.003570   0.007628   0.277303   0.087723      2      0
 3.8780E+07  17.196189  -0.294824 -15.954590   5.017913  -6.535368   0.000000   0.001283   0.000801  7.633E-03  7.629E-03 -0.327E-10    varcontrol

save photos/x797 for model 797
save final_profile.data write fgong_plot.data
                               s% atm_structure_num_pts          92
save final_profile.data.FGONG    797
 final_profile.data.FGONG for model 797
 saved to zams.mod
termination code: Lnuc_div_L_zams_limit

       runtime, prev time, retries, backups, steps         7.1        28.2         0         0       797
        797   7.106853   5557.840  -0.292228  -0.292228   0.828622   0.828622   0.714855   0.000419   0.277228   0.715068  -1.490075    801      0
   5.702637   1.953409  -0.113708 -48.652628  -1.914599 -99.000000   0.000000   0.277512   0.003570   0.007628   0.277303   0.087723      2      0
 3.8780E+07  17.196189  -0.294824 -15.954590   5.017913  -6.535368   0.000000   0.001283   0.000801  7.633E-03  7.629E-03 -0.327E-10    varcontrol

DATE: 2016-02-26
TIME: 17:08:34
DATE: 2016-02-26
TIME: 17:08:34
                                         version_number        8118
 read inlist_1.0
load saved model zams.mod

 new_lnPgas_flag T
 net name basic.net
 do_element_diffusion T
 lnPgas_flag T
                       which_atm_option: Eddington_grey
 kappa_file_prefix gs98
 kappa_lowT_prefix lowT_fa05_gs98
   eos_file_prefix mesa
                                        OMP_NUM_THREADS           1


__________________________________________________________________________________________________________________________________________________

       step    lg_Tcntr    Teff       lg_LH     lg_Lnuc     Mass       H_rich     H_cntr     N_cntr     Y_surf     X_avg     eta_cntr  zones retry
   lg_dt_yr    lg_Dcntr    lg_R       lg_L3a    lg_Lneu     lg_Mdot    He_core    He_cntr    O_cntr     Z_surf     Y_avg     gam_cntr  iters bckup
     age_yr    lg_Pcntr    lg_L       lg_LZ     lg_Psurf    lg_Dsurf   C_core     C_cntr     Ne_cntr    Z_cntr     Z_avg     v_div_cs     dt_limit
__________________________________________________________________________________________________________________________________________________

