DATE: 2016-02-26
TIME: 16:59:20
                                         version_number        8118
 read inlist_1.0
 create pre-main-sequence model
                                                species           8
 abundances
                                                     h1    7.5357000000000007D-01
                                                    he3    2.6010675071096591D-05
                                                    he4    2.4438898932492892D-01
                                                    c12    3.4674226903929180D-04
                                                    n14    1.0157197359378162D-04
                                                    o16    9.4306499587079443D-04
                                                   ne20    2.1152058993202514D-04
                                                   mg24    4.1210017156398512D-04


                                        relax_num_steps


                               finished relax_num_steps

 new_lnPgas_flag T
                                        relax_initial_Z    2.0149999999999999D-03
                                                  new z    2.0150000000002323D-03
                                        relax_initial_Y    2.4441499999999999D-01
                                                  new y    2.4441500000000013D-01
 net name basic.net
 do_element_diffusion T
 lnPgas_flag T
 kappa_file_prefix gs98
 kappa_lowT_prefix lowT_fa05_gs98
   eos_file_prefix mesa
                                        OMP_NUM_THREADS           1



stop because Lnuc_div_L >= Lnuc_div_L_zams_limit
    0.1005223665E+01    0.9990000000E+00

        782   7.080063   5545.642  -0.408430  -0.408430   0.737216   0.737216   0.753206   0.000106   0.244346   0.753496  -1.272214    775      0
   5.729015   1.991221  -0.169734 -50.165618  -2.023302 -99.000000   0.000000   0.244778   0.000943   0.002014   0.244489   0.094345      4      0
 3.7319E+07  17.220938  -0.410693 -15.556650   5.153670  -6.416222   0.000000   0.000343   0.000212  2.016E-03  2.015E-03 -0.291E-10    varcontrol

save photos/x782 for model 782
save final_profile.data write fgong_plot.data
                               s% atm_structure_num_pts          62
save final_profile.data.FGONG    782
 final_profile.data.FGONG for model 782
 saved to zams.mod
termination code: Lnuc_div_L_zams_limit

       runtime, prev time, retries, backups, steps         7.2        28.2         0         0       782
        782   7.080063   5545.642  -0.408430  -0.408430   0.737216   0.737216   0.753206   0.000106   0.244346   0.753496  -1.272214    775      0
   5.729015   1.991221  -0.169734 -50.165618  -2.023302 -99.000000   0.000000   0.244778   0.000943   0.002014   0.244489   0.094345      4      0
 3.7319E+07  17.220938  -0.410693 -15.556650   5.153670  -6.416222   0.000000   0.000343   0.000212  2.016E-03  2.015E-03 -0.291E-10    varcontrol

DATE: 2016-02-26
TIME: 17:08:41
DATE: 2016-02-26
TIME: 17:08:41
                                         version_number        8118
 read inlist_1.0
load saved model zams.mod

 new_lnPgas_flag T
 net name basic.net
 do_element_diffusion T
 lnPgas_flag T
                       which_atm_option: Eddington_grey
 kappa_file_prefix gs98
 kappa_lowT_prefix lowT_fa05_gs98
   eos_file_prefix mesa
                                        OMP_NUM_THREADS           1


__________________________________________________________________________________________________________________________________________________

       step    lg_Tcntr    Teff       lg_LH     lg_Lnuc     Mass       H_rich     H_cntr     N_cntr     Y_surf     X_avg     eta_cntr  zones retry
   lg_dt_yr    lg_Dcntr    lg_R       lg_L3a    lg_Lneu     lg_Mdot    He_core    He_cntr    O_cntr     Z_surf     Y_avg     gam_cntr  iters bckup
     age_yr    lg_Pcntr    lg_L       lg_LZ     lg_Psurf    lg_Dsurf   C_core     C_cntr     Ne_cntr    Z_cntr     Z_avg     v_div_cs     dt_limit
__________________________________________________________________________________________________________________________________________________

