DATE: 2016-02-26
TIME: 16:59:22
                                         version_number        8118
 read inlist_1.0
 create pre-main-sequence model
                                                species           8
 abundances
                                                     h1    7.0157400000000014D-01
                                                    he3    3.1597731680685084D-05
                                                    he4    2.9688340226831939D-01
                                                    c12    2.6001368164683730D-04
                                                    n14    7.6166378213501806D-05
                                                    o16    7.0718174132049130D-04
                                                   ne20    1.5861419919964981D-04
                                                   mg24    3.0902399961944919D-04


                                        relax_num_steps


                               finished relax_num_steps

 new_lnPgas_flag T
                                        relax_initial_Z    1.5110000000000000D-03
                                                  new z    1.5109999999998245D-03
                                        relax_initial_Y    2.9691499999999998D-01
                                                  new y    2.9691500000000032D-01
 net name basic.net
 do_element_diffusion T
 lnPgas_flag T
 kappa_file_prefix gs98
 kappa_lowT_prefix lowT_fa05_gs98
   eos_file_prefix mesa
                                        OMP_NUM_THREADS           1



stop because Lnuc_div_L >= Lnuc_div_L_zams_limit
    0.9994707851E+00    0.9990000000E+00

        930   7.239615   7887.859   0.522274   0.522274   1.130966   1.130966   0.700573   0.000377   0.296914   0.701252  -1.812312    887      0
   6.187640   2.025050  -0.009150 -41.682934  -1.074862 -99.000000   0.000000   0.297873   0.000707   0.001511   0.297225   0.068522      2      0
 1.9291E+07  17.395630   0.522504 -99.000000   3.940910  -7.758560   0.000000   0.000002   0.000159  1.554E-03  1.523E-03 -0.245E-12  max increase

save photos/x930 for model 930
save final_profile.data write fgong_plot.data
                               s% atm_structure_num_pts          53
save final_profile.data.FGONG    930
 final_profile.data.FGONG for model 930
 saved to zams.mod
termination code: Lnuc_div_L_zams_limit

       runtime, prev time, retries, backups, steps         8.6        28.2         0         0       930
        930   7.239615   7887.859   0.522274   0.522274   1.130966   1.130966   0.700573   0.000377   0.296914   0.701252  -1.812312    887      0
   6.187640   2.025050  -0.009150 -41.682934  -1.074862 -99.000000   0.000000   0.297873   0.000707   0.001511   0.297225   0.068522      2      0
 1.9291E+07  17.395630   0.522504 -99.000000   3.940910  -7.758560   0.000000   0.000002   0.000159  1.554E-03  1.523E-03 -0.245E-12  max increase

DATE: 2016-02-26
TIME: 17:10:06
DATE: 2016-02-26
TIME: 17:10:06
                                         version_number        8118
 read inlist_1.0
load saved model zams.mod

 new_lnPgas_flag T
 net name basic.net
 do_element_diffusion T
 lnPgas_flag T
                       which_atm_option: Eddington_grey
 kappa_file_prefix gs98
 kappa_lowT_prefix lowT_fa05_gs98
   eos_file_prefix mesa
                                        OMP_NUM_THREADS           1


__________________________________________________________________________________________________________________________________________________

       step    lg_Tcntr    Teff       lg_LH     lg_Lnuc     Mass       H_rich     H_cntr     N_cntr     Y_surf     X_avg     eta_cntr  zones retry
   lg_dt_yr    lg_Dcntr    lg_R       lg_L3a    lg_Lneu     lg_Mdot    He_core    He_cntr    O_cntr     Z_surf     Y_avg     gam_cntr  iters bckup
     age_yr    lg_Pcntr    lg_L       lg_LZ     lg_Psurf    lg_Dsurf   C_core     C_cntr     Ne_cntr    Z_cntr     Z_avg     v_div_cs     dt_limit
__________________________________________________________________________________________________________________________________________________

        931   7.239631   7892.778   0.522795   0.522795   1.130966   1.130966   0.700477   0.000378   0.296914   0.701222  -1.812121    887      0
   6.000000   2.025181  -0.009648 -41.681559  -1.075109 -99.000000   0.000000   0.297969   0.000707   0.001511   0.297255   0.068529      7      0
 2.0291E+07  17.395746   0.522591 -14.875409   4.406414  -7.300309   0.000000   0.000002   0.000159  1.554E-03  1.523E-03 -0.303E-11              

