000 (20658.000.000) 02/24 21:35:09 Job submitted from host: <134.76.239.76:13753?addrs=134.76.239.76-13753>
...
001 (20658.000.000) 02/25 03:37:46 Job executing on host: <134.76.239.90:23525?addrs=134.76.239.90-23525>
...
006 (20658.000.000) 02/25 03:37:55 Image size of job updated: 827416
	629  -  MemoryUsage of job (MB)
	643176  -  ResidentSetSize of job (KB)
...
006 (20658.000.000) 02/25 03:42:56 Image size of job updated: 1145620
	935  -  MemoryUsage of job (MB)
	957036  -  ResidentSetSize of job (KB)
...
006 (20658.000.000) 02/25 03:47:57 Image size of job updated: 1146640
	935  -  MemoryUsage of job (MB)
	957036  -  ResidentSetSize of job (KB)
...
006 (20658.000.000) 02/25 04:12:58 Image size of job updated: 1242328
	1072  -  MemoryUsage of job (MB)
	1096756  -  ResidentSetSize of job (KB)
...
006 (20658.000.000) 02/25 04:28:00 Image size of job updated: 1242328
	1072  -  MemoryUsage of job (MB)
	1097092  -  ResidentSetSize of job (KB)
...
006 (20658.000.000) 02/25 04:33:01 Image size of job updated: 1242328
	1072  -  MemoryUsage of job (MB)
	1097096  -  ResidentSetSize of job (KB)
...
006 (20658.000.000) 02/25 04:38:02 Image size of job updated: 1428812
	1216  -  MemoryUsage of job (MB)
	1244368  -  ResidentSetSize of job (KB)
...
006 (20658.000.000) 02/25 04:43:02 Image size of job updated: 1428812
	1216  -  MemoryUsage of job (MB)
	1244704  -  ResidentSetSize of job (KB)
...
006 (20658.000.000) 02/25 04:58:04 Image size of job updated: 1428812
	1216  -  MemoryUsage of job (MB)
	1245024  -  ResidentSetSize of job (KB)
...
006 (20658.000.000) 02/25 05:08:05 Image size of job updated: 1428812
	1216  -  MemoryUsage of job (MB)
	1245028  -  ResidentSetSize of job (KB)
...
006 (20658.000.000) 02/25 05:18:06 Image size of job updated: 1431824
	1217  -  MemoryUsage of job (MB)
	1245200  -  ResidentSetSize of job (KB)
...
006 (20658.000.000) 02/25 06:23:13 Image size of job updated: 1431824
	1217  -  MemoryUsage of job (MB)
	1245516  -  ResidentSetSize of job (KB)
...
006 (20658.000.000) 02/25 06:28:13 Image size of job updated: 1431824
	1217  -  MemoryUsage of job (MB)
	1245856  -  ResidentSetSize of job (KB)
...
006 (20658.000.000) 02/25 06:43:15 Image size of job updated: 1431824
	1217  -  MemoryUsage of job (MB)
	1246176  -  ResidentSetSize of job (KB)
...
006 (20658.000.000) 02/25 06:58:17 Image size of job updated: 1431824
	1217  -  MemoryUsage of job (MB)
	1246180  -  ResidentSetSize of job (KB)
...
006 (20658.000.000) 02/25 07:03:17 Image size of job updated: 1431824
	1218  -  MemoryUsage of job (MB)
	1246268  -  ResidentSetSize of job (KB)
...
005 (20658.000.000) 02/25 08:23:58 Job terminated.
	(1) Normal termination (return value 0)
		Usr 0 08:06:46, Sys 0 00:01:24  -  Run Remote Usage
		Usr 0 00:00:00, Sys 0 00:00:00  -  Run Local Usage
		Usr 0 08:06:46, Sys 0 00:01:24  -  Total Remote Usage
		Usr 0 00:00:00, Sys 0 00:00:00  -  Total Local Usage
	0  -  Run Bytes Sent By Job
	0  -  Run Bytes Received By Job
	0  -  Total Bytes Sent By Job
	0  -  Total Bytes Received By Job
	Partitionable Resources :    Usage  Request Allocated
	   Cpus                 :                 2         2
	   Disk (KB)            :        1        1   5108802
	   Memory (MB)          :     1218        1         1
...
