000 (20622.000.000) 02/24 21:35:07 Job submitted from host: <134.76.239.76:13753?addrs=134.76.239.76-13753>
...
001 (20622.000.000) 02/25 03:11:45 Job executing on host: <134.76.239.89:24193?addrs=134.76.239.89-24193>
...
006 (20622.000.000) 02/25 03:11:53 Image size of job updated: 1
	3  -  MemoryUsage of job (MB)
	2076  -  ResidentSetSize of job (KB)
...
006 (20622.000.000) 02/25 03:16:53 Image size of job updated: 1145044
	934  -  MemoryUsage of job (MB)
	956336  -  ResidentSetSize of job (KB)
...
006 (20622.000.000) 02/25 03:21:54 Image size of job updated: 1146100
	934  -  MemoryUsage of job (MB)
	956336  -  ResidentSetSize of job (KB)
...
006 (20622.000.000) 02/25 03:36:55 Image size of job updated: 1268548
	1073  -  MemoryUsage of job (MB)
	1097868  -  ResidentSetSize of job (KB)
...
006 (20622.000.000) 02/25 03:41:56 Image size of job updated: 1268548
	1073  -  MemoryUsage of job (MB)
	1097872  -  ResidentSetSize of job (KB)
...
006 (20622.000.000) 02/25 03:46:57 Image size of job updated: 1268548
	1073  -  MemoryUsage of job (MB)
	1098200  -  ResidentSetSize of job (KB)
...
006 (20622.000.000) 02/25 03:51:57 Image size of job updated: 1455032
	1217  -  MemoryUsage of job (MB)
	1245468  -  ResidentSetSize of job (KB)
...
006 (20622.000.000) 02/25 03:56:58 Image size of job updated: 1479568
	1241  -  MemoryUsage of job (MB)
	1270340  -  ResidentSetSize of job (KB)
...
006 (20622.000.000) 02/25 04:01:59 Image size of job updated: 1479568
	1241  -  MemoryUsage of job (MB)
	1270664  -  ResidentSetSize of job (KB)
...
006 (20622.000.000) 02/25 04:06:59 Image size of job updated: 1480620
	1242  -  MemoryUsage of job (MB)
	1271288  -  ResidentSetSize of job (KB)
...
006 (20622.000.000) 02/25 04:11:59 Image size of job updated: 1483680
	1242  -  MemoryUsage of job (MB)
	1271288  -  ResidentSetSize of job (KB)
...
006 (20622.000.000) 02/25 04:52:04 Image size of job updated: 1483680
	1242  -  MemoryUsage of job (MB)
	1271300  -  ResidentSetSize of job (KB)
...
006 (20622.000.000) 02/25 04:57:04 Image size of job updated: 1483680
	1243  -  MemoryUsage of job (MB)
	1271920  -  ResidentSetSize of job (KB)
...
006 (20622.000.000) 02/25 05:02:04 Image size of job updated: 1483680
	1245  -  MemoryUsage of job (MB)
	1273996  -  ResidentSetSize of job (KB)
...
005 (20622.000.000) 02/25 06:21:31 Job terminated.
	(1) Normal termination (return value 0)
		Usr 0 05:14:16, Sys 0 00:00:53  -  Run Remote Usage
		Usr 0 00:00:00, Sys 0 00:00:00  -  Run Local Usage
		Usr 0 05:14:16, Sys 0 00:00:53  -  Total Remote Usage
		Usr 0 00:00:00, Sys 0 00:00:00  -  Total Local Usage
	0  -  Run Bytes Sent By Job
	0  -  Run Bytes Received By Job
	0  -  Total Bytes Sent By Job
	0  -  Total Bytes Received By Job
	Partitionable Resources :    Usage  Request Allocated
	   Cpus                 :                 2         2
	   Disk (KB)            :        1        1   5108796
	   Memory (MB)          :     1245        1         1
...
