DATE: 2016-02-26
TIME: 16:59:51
                                         version_number        8118
 read inlist_1.0
 create pre-main-sequence model
                                                species           8
 abundances
                                                     h1    7.7375899999999997D-01
                                                    he3    2.3867267315406654D-05
                                                    he4    2.2425013273268460D-01
                                                    c12    3.3848240357337283D-04
                                                    n14    9.9152393081382550D-05
                                                    o16    9.2059992400893992D-04
                                                   ne20    2.0648188605276906D-04
                                                   mg24    4.0228339328358780D-04


                                        relax_num_steps


                               finished relax_num_steps

 new_lnPgas_flag T
                                        relax_initial_Z    1.9670000000000000D-03
                                                  new z    1.9669999999997710D-03
                                        relax_initial_Y    2.2427400000000000D-01
                                                  new y    2.2427400000000003D-01
 net name basic.net
 do_element_diffusion T
 lnPgas_flag T
 kappa_file_prefix gs98
 kappa_lowT_prefix lowT_fa05_gs98
   eos_file_prefix mesa
                                        OMP_NUM_THREADS           1



stop because Lnuc_div_L >= Lnuc_div_L_zams_limit
    0.1006988976E+01    0.9990000000E+00

        841   7.179454   6748.140   0.242482   0.242482   1.069553   1.069553   0.773325   0.000252   0.224032   0.773660  -1.672061    802      0
   5.541669   1.974333  -0.015124 -45.090692  -1.355109 -99.000000   0.000000   0.224686   0.000921   0.001965   0.224370   0.073503      4      0
 1.8016E+07  17.308388   0.239457 -15.051500   4.464197  -7.194236   0.000000   0.000208   0.000206  1.989E-03  1.970E-03 -0.306E-10    varcontrol

save photos/x841 for model 841
save final_profile.data write fgong_plot.data
                               s% atm_structure_num_pts          54
save final_profile.data.FGONG    841
 final_profile.data.FGONG for model 841
 saved to zams.mod
termination code: Lnuc_div_L_zams_limit

       runtime, prev time, retries, backups, steps         7.7        28.2         0         0       841
        841   7.179454   6748.140   0.242482   0.242482   1.069553   1.069553   0.773325   0.000252   0.224032   0.773660  -1.672061    802      0
   5.541669   1.974333  -0.015124 -45.090692  -1.355109 -99.000000   0.000000   0.224686   0.000921   0.001965   0.224370   0.073503      4      0
 1.8016E+07  17.308388   0.239457 -15.051500   4.464197  -7.194236   0.000000   0.000208   0.000206  1.989E-03  1.970E-03 -0.306E-10  max increase

DATE: 2016-02-26
TIME: 17:09:13
DATE: 2016-02-26
TIME: 17:09:14
                                         version_number        8118
 read inlist_1.0
load saved model zams.mod

 new_lnPgas_flag T
 net name basic.net
 do_element_diffusion T
 lnPgas_flag T
                       which_atm_option: Eddington_grey
 kappa_file_prefix gs98
 kappa_lowT_prefix lowT_fa05_gs98
   eos_file_prefix mesa
                                        OMP_NUM_THREADS           1


__________________________________________________________________________________________________________________________________________________

       step    lg_Tcntr    Teff       lg_LH     lg_Lnuc     Mass       H_rich     H_cntr     N_cntr     Y_surf     X_avg     eta_cntr  zones retry
   lg_dt_yr    lg_Dcntr    lg_R       lg_L3a    lg_Lneu     lg_Mdot    He_core    He_cntr    O_cntr     Z_surf     Y_avg     gam_cntr  iters bckup
     age_yr    lg_Pcntr    lg_L       lg_LZ     lg_Psurf    lg_Dsurf   C_core     C_cntr     Ne_cntr    Z_cntr     Z_avg     v_div_cs     dt_limit
__________________________________________________________________________________________________________________________________________________

