DATE: 2016-02-26
TIME: 16:59:51
                                         version_number        8118
 read inlist_1.0
 create pre-main-sequence model
                                                species           8
 abundances
                                                     h1    7.6056299999999999D-01
                                                    he3    2.4864955995690309D-05
                                                    he4    2.3362413504400431D-01
                                                    c12    9.9600211076898725D-04
                                                    n14    2.9176108345450814D-04
                                                    o16    2.7089132486850611D-03
                                                   ne20    6.0758370944248899D-04
                                                   mg24    1.1837398476488587D-03


                                        relax_num_steps


                               finished relax_num_steps

 new_lnPgas_flag T
                                        relax_initial_Z    5.7879999999999997D-03
                                                  new z    5.7880000000005150D-03
                                        relax_initial_Y    2.3364900000000000D-01
                                                  new y    2.3364899999999963D-01
 net name basic.net
 do_element_diffusion T
 lnPgas_flag T
 kappa_file_prefix gs98
 kappa_lowT_prefix lowT_fa05_gs98
   eos_file_prefix mesa
                                        OMP_NUM_THREADS           1



stop because Lnuc_div_L >= Lnuc_div_L_zams_limit
    0.1001921584E+01    0.9990000000E+00

        809   7.144292   6075.558  -0.000489  -0.000489   0.999240   0.999240   0.760171   0.000404   0.233446   0.760474  -1.642036    785      0
   5.641191   1.936618  -0.044318 -46.914614  -1.590930 -99.000000   0.000000   0.234024   0.002709   0.005783   0.233734   0.077934      4      0
 2.7361E+07  17.231092  -0.001323 -99.000000   4.775763  -6.833943   0.000000   0.000900   0.000608  5.805E-03  5.791E-03 -0.327E-10    varcontrol

save photos/x809 for model 809
save final_profile.data write fgong_plot.data
                               s% atm_structure_num_pts          57
save final_profile.data.FGONG    809
 final_profile.data.FGONG for model 809
 saved to zams.mod
termination code: Lnuc_div_L_zams_limit

       runtime, prev time, retries, backups, steps         7.7        28.2         0         0       809
        809   7.144292   6075.558  -0.000489  -0.000489   0.999240   0.999240   0.760171   0.000404   0.233446   0.760474  -1.642036    785      0
   5.641191   1.936618  -0.044318 -46.914614  -1.590930 -99.000000   0.000000   0.234024   0.002709   0.005783   0.233734   0.077934      4      0
 2.7361E+07  17.231092  -0.001323 -99.000000   4.775763  -6.833943   0.000000   0.000900   0.000608  5.805E-03  5.791E-03 -0.327E-10    varcontrol

DATE: 2016-02-26
TIME: 17:09:14
DATE: 2016-02-26
TIME: 17:09:14
                                         version_number        8118
 read inlist_1.0
load saved model zams.mod

 new_lnPgas_flag T
 net name basic.net
 do_element_diffusion T
 lnPgas_flag T
                       which_atm_option: Eddington_grey
 kappa_file_prefix gs98
 kappa_lowT_prefix lowT_fa05_gs98
   eos_file_prefix mesa
                                        OMP_NUM_THREADS           1


__________________________________________________________________________________________________________________________________________________

       step    lg_Tcntr    Teff       lg_LH     lg_Lnuc     Mass       H_rich     H_cntr     N_cntr     Y_surf     X_avg     eta_cntr  zones retry
   lg_dt_yr    lg_Dcntr    lg_R       lg_L3a    lg_Lneu     lg_Mdot    He_core    He_cntr    O_cntr     Z_surf     Y_avg     gam_cntr  iters bckup
     age_yr    lg_Pcntr    lg_L       lg_LZ     lg_Psurf    lg_Dsurf   C_core     C_cntr     Ne_cntr    Z_cntr     Z_avg     v_div_cs     dt_limit
__________________________________________________________________________________________________________________________________________________

