000 (20598.000.000) 02/24 21:35:06 Job submitted from host: <134.76.239.76:13753?addrs=134.76.239.76-13753>
...
001 (20598.000.000) 02/25 02:55:45 Job executing on host: <134.76.239.79:12046?addrs=134.76.239.79-12046>
...
006 (20598.000.000) 02/25 02:55:53 Image size of job updated: 1
	3  -  MemoryUsage of job (MB)
	2068  -  ResidentSetSize of job (KB)
...
006 (20598.000.000) 02/25 03:00:53 Image size of job updated: 1146944
	934  -  MemoryUsage of job (MB)
	955576  -  ResidentSetSize of job (KB)
...
006 (20598.000.000) 02/25 03:30:56 Image size of job updated: 1294576
	1072  -  MemoryUsage of job (MB)
	1097644  -  ResidentSetSize of job (KB)
...
006 (20598.000.000) 02/25 03:35:56 Image size of job updated: 1294576
	1073  -  MemoryUsage of job (MB)
	1097780  -  ResidentSetSize of job (KB)
...
006 (20598.000.000) 02/25 03:45:57 Image size of job updated: 1294576
	1073  -  MemoryUsage of job (MB)
	1098108  -  ResidentSetSize of job (KB)
...
006 (20598.000.000) 02/25 04:00:59 Image size of job updated: 1416144
	1217  -  MemoryUsage of job (MB)
	1245996  -  ResidentSetSize of job (KB)
...
006 (20598.000.000) 02/25 04:05:59 Image size of job updated: 1440680
	1242  -  MemoryUsage of job (MB)
	1270864  -  ResidentSetSize of job (KB)
...
006 (20598.000.000) 02/25 04:11:00 Image size of job updated: 1441108
	1242  -  MemoryUsage of job (MB)
	1270876  -  ResidentSetSize of job (KB)
...
006 (20598.000.000) 02/25 04:16:01 Image size of job updated: 1441108
	1242  -  MemoryUsage of job (MB)
	1270880  -  ResidentSetSize of job (KB)
...
006 (20598.000.000) 02/25 04:21:01 Image size of job updated: 1509700
	1303  -  MemoryUsage of job (MB)
	1333980  -  ResidentSetSize of job (KB)
...
006 (20598.000.000) 02/25 04:26:01 Image size of job updated: 1509700
	1303  -  MemoryUsage of job (MB)
	1334268  -  ResidentSetSize of job (KB)
...
006 (20598.000.000) 02/25 04:31:02 Image size of job updated: 1509700
	1305  -  MemoryUsage of job (MB)
	1335536  -  ResidentSetSize of job (KB)
...
006 (20598.000.000) 02/25 04:36:02 Image size of job updated: 1509700
	1305  -  MemoryUsage of job (MB)
	1335752  -  ResidentSetSize of job (KB)
...
006 (20598.000.000) 02/25 04:41:02 Image size of job updated: 1511692
	1305  -  MemoryUsage of job (MB)
	1335752  -  ResidentSetSize of job (KB)
...
006 (20598.000.000) 02/25 06:01:12 Image size of job updated: 1523456
	1305  -  MemoryUsage of job (MB)
	1335752  -  ResidentSetSize of job (KB)
...
006 (20598.000.000) 02/25 06:16:14 Image size of job updated: 1523456
	1305  -  MemoryUsage of job (MB)
	1336060  -  ResidentSetSize of job (KB)
...
006 (20598.000.000) 02/25 06:21:14 Image size of job updated: 1525448
	1305  -  MemoryUsage of job (MB)
	1336060  -  ResidentSetSize of job (KB)
...
006 (20598.000.000) 02/25 07:46:23 Image size of job updated: 3790316
	1305  -  MemoryUsage of job (MB)
	1336060  -  ResidentSetSize of job (KB)
...
005 (20598.000.000) 02/25 07:46:28 Job terminated.
	(1) Normal termination (return value 0)
		Usr 0 08:15:54, Sys 0 00:01:27  -  Run Remote Usage
		Usr 0 00:00:00, Sys 0 00:00:00  -  Run Local Usage
		Usr 0 08:15:54, Sys 0 00:01:27  -  Total Remote Usage
		Usr 0 00:00:00, Sys 0 00:00:00  -  Total Local Usage
	0  -  Run Bytes Sent By Job
	0  -  Run Bytes Received By Job
	0  -  Total Bytes Sent By Job
	0  -  Total Bytes Received By Job
	Partitionable Resources :    Usage  Request Allocated
	   Cpus                 :                 2         2
	   Disk (KB)            :        1        1   5108689
	   Memory (MB)          :     1305        1         1
...
