DATE: 2016-02-26
TIME: 16:59:37
                                         version_number        8118
 read inlist_1.0
 create pre-main-sequence model
                                                species           8
 abundances
                                                     h1    7.4129199999999995D-01
                                                    he3    2.7482252571999243D-05
                                                    he4    2.5821551774742796D-01
                                                    c12    8.0017446701369135D-05
                                                    n14    2.3439686213947875D-05
                                                    o16    2.1763038366247496D-04
                                                   ne20    4.8812443830463741D-05
                                                   mg24    9.5100039591681829D-05


                                        relax_num_steps


                               finished relax_num_steps

 new_lnPgas_flag T
                                        relax_initial_Z    4.6500000000000003D-04
                                                  new z    4.6499999999960614D-04
                                        relax_initial_Y    2.5824300000000000D-01
                                                  new y    2.5824299999999994D-01
 net name basic.net
 do_element_diffusion T
 lnPgas_flag T
 kappa_file_prefix gs98
 kappa_lowT_prefix lowT_fa05_gs98
   eos_file_prefix mesa
                                        OMP_NUM_THREADS           1



stop because Lnuc_div_L >= Lnuc_div_L_zams_limit
    0.1003607828E+01    0.9990000000E+00

        962   7.302498  1.013E+04   0.956302   0.956302   1.463193   1.463193   0.740726   0.000116   0.258243   0.741136  -2.039546    884      0
   5.430598   2.015103  -0.010053 -38.860245  -0.553618 -99.000000   0.000000   0.258796   0.000217   0.000465   0.258396   0.057827      2      0
 7.3024E+06  17.461367   0.954738 -14.449440   3.115998  -8.888366   0.000000   0.000001   0.000049  4.782E-04  4.682E-04 -0.933E-11  max increase

save photos/x962 for model 962
save final_profile.data write fgong_plot.data
                               s% atm_structure_num_pts          41
save final_profile.data.FGONG    962
 final_profile.data.FGONG for model 962
 saved to zams.mod
termination code: Lnuc_div_L_zams_limit

       runtime, prev time, retries, backups, steps         8.7        28.2         0         0       962
        962   7.302498  1.013E+04   0.956302   0.956302   1.463193   1.463193   0.740726   0.000116   0.258243   0.741136  -2.039546    884      0
   5.430598   2.015103  -0.010053 -38.860245  -0.553618 -99.000000   0.000000   0.258796   0.000217   0.000465   0.258396   0.057827      2      0
 7.3024E+06  17.461367   0.954738 -14.449440   3.115998  -8.888366   0.000000   0.000001   0.000049  4.782E-04  4.682E-04 -0.933E-11  max increase

DATE: 2016-02-26
TIME: 17:10:09
DATE: 2016-02-26
TIME: 17:10:09
                                         version_number        8118
 read inlist_1.0
load saved model zams.mod

 new_lnPgas_flag T
 net name basic.net
 do_element_diffusion T
 lnPgas_flag T
                       which_atm_option: Eddington_grey
 kappa_file_prefix gs98
 kappa_lowT_prefix lowT_fa05_gs98
   eos_file_prefix mesa
                                        OMP_NUM_THREADS           1


__________________________________________________________________________________________________________________________________________________

       step    lg_Tcntr    Teff       lg_LH     lg_Lnuc     Mass       H_rich     H_cntr     N_cntr     Y_surf     X_avg     eta_cntr  zones retry
   lg_dt_yr    lg_Dcntr    lg_R       lg_L3a    lg_Lneu     lg_Mdot    He_core    He_cntr    O_cntr     Z_surf     Y_avg     gam_cntr  iters bckup
     age_yr    lg_Pcntr    lg_L       lg_LZ     lg_Psurf    lg_Dsurf   C_core     C_cntr     Ne_cntr    Z_cntr     Z_avg     v_div_cs     dt_limit
__________________________________________________________________________________________________________________________________________________

