000 (20444.000.000) 02/24 21:34:59 Job submitted from host: <134.76.239.76:13753?addrs=134.76.239.76-13753>
...
001 (20444.000.000) 02/25 01:05:40 Job executing on host: <134.76.239.91:19968?addrs=134.76.239.91-19968>
...
006 (20444.000.000) 02/25 01:05:48 Image size of job updated: 1
	3  -  MemoryUsage of job (MB)
	2068  -  ResidentSetSize of job (KB)
...
006 (20444.000.000) 02/25 01:10:48 Image size of job updated: 1143684
	932  -  MemoryUsage of job (MB)
	954332  -  ResidentSetSize of job (KB)
...
006 (20444.000.000) 02/25 01:15:49 Image size of job updated: 1144636
	932  -  MemoryUsage of job (MB)
	954332  -  ResidentSetSize of job (KB)
...
006 (20444.000.000) 02/25 01:20:49 Image size of job updated: 1252188
	1081  -  MemoryUsage of job (MB)
	1106348  -  ResidentSetSize of job (KB)
...
006 (20444.000.000) 02/25 01:25:49 Image size of job updated: 1463208
	1249  -  MemoryUsage of job (MB)
	1278516  -  ResidentSetSize of job (KB)
...
006 (20444.000.000) 02/25 01:30:50 Image size of job updated: 1512292
	1249  -  MemoryUsage of job (MB)
	1278516  -  ResidentSetSize of job (KB)
...
005 (20444.000.000) 02/25 02:37:09 Job terminated.
	(1) Normal termination (return value 0)
		Usr 0 02:15:40, Sys 0 00:00:28  -  Run Remote Usage
		Usr 0 00:00:00, Sys 0 00:00:00  -  Run Local Usage
		Usr 0 02:15:40, Sys 0 00:00:28  -  Total Remote Usage
		Usr 0 00:00:00, Sys 0 00:00:00  -  Total Local Usage
	0  -  Run Bytes Sent By Job
	0  -  Run Bytes Received By Job
	0  -  Total Bytes Sent By Job
	0  -  Total Bytes Received By Job
	Partitionable Resources :    Usage  Request Allocated
	   Cpus                 :                 2         2
	   Disk (KB)            :        1        1   5108698
	   Memory (MB)          :     1249        1         1
...
