DATE: 2016-02-26
TIME: 16:59:43
                                         version_number        8118
 read inlist_1.0
 create pre-main-sequence model
                                                species           8
 abundances
                                                     h1    6.7139900000000008D-01
                                                    he3    3.2919682484576666D-05
                                                    he4    3.0930408031751538D-01
                                                    c12    3.3149593403341455D-03
                                                    n14    9.7105831231301357D-04
                                                    o16    9.0159821739235896D-03
                                                   ne20    2.0221998235487684D-03
                                                   mg24    3.9398003498804322D-03


                                        relax_num_steps


                               finished relax_num_steps

 new_lnPgas_flag T
                                        relax_initial_Z    1.9264000000000000D-02
                                                  new z    1.9264000000000031D-02
                                        relax_initial_Y    3.0933699999999997D-01
                                                  new y    3.0933700000000003D-01
 net name basic.net
 do_element_diffusion T
 lnPgas_flag T
 kappa_file_prefix gs98
 kappa_lowT_prefix lowT_fa05_gs98
   eos_file_prefix mesa
                                        OMP_NUM_THREADS           1



stop because Lnuc_div_L >= Lnuc_div_L_zams_limit
    0.1003155861E+01    0.9990000000E+00

        812   7.102724   5144.367  -0.409151  -0.409151   0.840927   0.840927   0.671029   0.001069   0.309266   0.671318  -1.621687    800      0
   5.916131   1.906375  -0.104407 -48.837695  -2.001923 -99.000000   0.000000   0.309691   0.009017   0.019260   0.309416   0.087533      4      0
 5.0610E+07  17.129077  -0.410519 -99.000000   4.908100  -6.593300   0.000000   0.003232   0.002022  1.928E-02  1.927E-02 -0.180E-10    varcontrol

save photos/x812 for model 812
save final_profile.data write fgong_plot.data
                               s% atm_structure_num_pts          64
save final_profile.data.FGONG    812
 final_profile.data.FGONG for model 812
 saved to zams.mod
termination code: Lnuc_div_L_zams_limit

       runtime, prev time, retries, backups, steps         8.2        28.2         0         0       812
        812   7.102724   5144.367  -0.409151  -0.409151   0.840927   0.840927   0.671029   0.001069   0.309266   0.671318  -1.621687    800      0
   5.916131   1.906375  -0.104407 -48.837695  -2.001923 -99.000000   0.000000   0.309691   0.009017   0.019260   0.309416   0.087533      4      0
 5.0610E+07  17.129077  -0.410519 -99.000000   4.908100  -6.593300   0.000000   0.003232   0.002022  1.928E-02  1.927E-02 -0.180E-10    varcontrol

DATE: 2016-02-26
TIME: 17:09:42
DATE: 2016-02-26
TIME: 17:09:43
                                         version_number        8118
 read inlist_1.0
load saved model zams.mod

 new_lnPgas_flag T
 net name basic.net
 do_element_diffusion T
 lnPgas_flag T
                       which_atm_option: Eddington_grey
 kappa_file_prefix gs98
 kappa_lowT_prefix lowT_fa05_gs98
   eos_file_prefix mesa
                                        OMP_NUM_THREADS           1


__________________________________________________________________________________________________________________________________________________

       step    lg_Tcntr    Teff       lg_LH     lg_Lnuc     Mass       H_rich     H_cntr     N_cntr     Y_surf     X_avg     eta_cntr  zones retry
   lg_dt_yr    lg_Dcntr    lg_R       lg_L3a    lg_Lneu     lg_Mdot    He_core    He_cntr    O_cntr     Z_surf     Y_avg     gam_cntr  iters bckup
     age_yr    lg_Pcntr    lg_L       lg_LZ     lg_Psurf    lg_Dsurf   C_core     C_cntr     Ne_cntr    Z_cntr     Z_avg     v_div_cs     dt_limit
__________________________________________________________________________________________________________________________________________________

