000 (20707.000.000) 02/24 21:35:12 Job submitted from host: <134.76.239.76:13753?addrs=134.76.239.76-13753>
...
001 (20707.000.000) 02/25 04:07:46 Job executing on host: <134.76.239.83:20501?addrs=134.76.239.83-20501>
...
006 (20707.000.000) 02/25 04:07:54 Image size of job updated: 1
	3  -  MemoryUsage of job (MB)
	2072  -  ResidentSetSize of job (KB)
...
006 (20707.000.000) 02/25 04:12:54 Image size of job updated: 1144964
	914  -  MemoryUsage of job (MB)
	935692  -  ResidentSetSize of job (KB)
...
006 (20707.000.000) 02/25 04:17:55 Image size of job updated: 1144964
	978  -  MemoryUsage of job (MB)
	1000884  -  ResidentSetSize of job (KB)
...
006 (20707.000.000) 02/25 04:22:56 Image size of job updated: 1308480
	1135  -  MemoryUsage of job (MB)
	1161308  -  ResidentSetSize of job (KB)
...
006 (20707.000.000) 02/25 04:32:56 Image size of job updated: 1308480
	1135  -  MemoryUsage of job (MB)
	1161580  -  ResidentSetSize of job (KB)
...
006 (20707.000.000) 02/25 04:37:57 Image size of job updated: 1495584
	1279  -  MemoryUsage of job (MB)
	1309476  -  ResidentSetSize of job (KB)
...
006 (20707.000.000) 02/25 04:42:57 Image size of job updated: 1520640
	1304  -  MemoryUsage of job (MB)
	1334352  -  ResidentSetSize of job (KB)
...
006 (20707.000.000) 02/25 04:47:57 Image size of job updated: 1520640
	1304  -  MemoryUsage of job (MB)
	1334356  -  ResidentSetSize of job (KB)
...
006 (20707.000.000) 02/25 04:52:58 Image size of job updated: 1524300
	1304  -  MemoryUsage of job (MB)
	1334856  -  ResidentSetSize of job (KB)
...
006 (20707.000.000) 02/25 04:57:59 Image size of job updated: 1548836
	1328  -  MemoryUsage of job (MB)
	1359844  -  ResidentSetSize of job (KB)
...
006 (20707.000.000) 02/25 05:02:59 Image size of job updated: 1548836
	1348  -  MemoryUsage of job (MB)
	1379508  -  ResidentSetSize of job (KB)
...
006 (20707.000.000) 02/25 06:03:05 Image size of job updated: 1574760
	1348  -  MemoryUsage of job (MB)
	1379508  -  ResidentSetSize of job (KB)
...
006 (20707.000.000) 02/25 07:33:13 Image size of job updated: 8930992
	1348  -  MemoryUsage of job (MB)
	1379508  -  ResidentSetSize of job (KB)
...
005 (20707.000.000) 02/25 07:33:43 Job terminated.
	(1) Normal termination (return value 0)
		Usr 0 05:43:00, Sys 0 00:00:57  -  Run Remote Usage
		Usr 0 00:00:00, Sys 0 00:00:00  -  Run Local Usage
		Usr 0 05:43:00, Sys 0 00:00:57  -  Total Remote Usage
		Usr 0 00:00:00, Sys 0 00:00:00  -  Total Local Usage
	0  -  Run Bytes Sent By Job
	0  -  Run Bytes Received By Job
	0  -  Total Bytes Sent By Job
	0  -  Total Bytes Received By Job
	Partitionable Resources :    Usage  Request Allocated
	   Cpus                 :                 2         2
	   Disk (KB)            :        1        1   5108700
	   Memory (MB)          :     1348        1         1
...
