000 (20847.000.000) 02/24 21:35:19 Job submitted from host: <134.76.239.76:13753?addrs=134.76.239.76-13753>
...
001 (20847.000.000) 02/25 05:43:48 Job executing on host: <134.76.239.83:20501?addrs=134.76.239.83-20501>
...
006 (20847.000.000) 02/25 05:43:56 Image size of job updated: 1
	3  -  MemoryUsage of job (MB)
	2076  -  ResidentSetSize of job (KB)
...
006 (20847.000.000) 02/25 05:48:56 Image size of job updated: 1138116
	927  -  MemoryUsage of job (MB)
	949200  -  ResidentSetSize of job (KB)
...
006 (20847.000.000) 02/25 05:53:57 Image size of job updated: 1144332
	927  -  MemoryUsage of job (MB)
	949200  -  ResidentSetSize of job (KB)
...
006 (20847.000.000) 02/25 05:58:58 Image size of job updated: 1374312
	1138  -  MemoryUsage of job (MB)
	1164516  -  ResidentSetSize of job (KB)
...
006 (20847.000.000) 02/25 06:03:58 Image size of job updated: 1374312
	1138  -  MemoryUsage of job (MB)
	1164856  -  ResidentSetSize of job (KB)
...
006 (20847.000.000) 02/25 06:08:59 Image size of job updated: 1544332
	1330  -  MemoryUsage of job (MB)
	1361544  -  ResidentSetSize of job (KB)
...
006 (20847.000.000) 02/25 06:14:00 Image size of job updated: 1544332
	1331  -  MemoryUsage of job (MB)
	1362196  -  ResidentSetSize of job (KB)
...
006 (20847.000.000) 02/25 06:34:01 Image size of job updated: 1557884
	1331  -  MemoryUsage of job (MB)
	1362196  -  ResidentSetSize of job (KB)
...
005 (20847.000.000) 02/25 07:56:28 Job terminated.
	(1) Normal termination (return value 0)
		Usr 0 03:34:01, Sys 0 00:00:51  -  Run Remote Usage
		Usr 0 00:00:00, Sys 0 00:00:00  -  Run Local Usage
		Usr 0 03:34:01, Sys 0 00:00:51  -  Total Remote Usage
		Usr 0 00:00:00, Sys 0 00:00:00  -  Total Local Usage
	0  -  Run Bytes Sent By Job
	0  -  Run Bytes Received By Job
	0  -  Total Bytes Sent By Job
	0  -  Total Bytes Received By Job
	Partitionable Resources :    Usage  Request Allocated
	   Cpus                 :                 2         2
	   Disk (KB)            :        1        1   5108689
	   Memory (MB)          :     1331        1         1
...
