DATE: 2016-02-26
TIME: 16:59:24
                                         version_number        8118
 read inlist_1.0
 create pre-main-sequence model
                                                species           8
 abundances
                                                     h1    6.8404500000000013D-01
                                                    he3    3.3393571305195680D-05
                                                    he4    3.1375660642869485D-01
                                                    c12    3.7255434862039838D-04
                                                    n14    1.0913316269506093D-04
                                                    o16    1.0132683454393886D-03
                                                   ne20    2.2726653955476743D-04
                                                   mg24    4.4277760369035741D-04


                                        relax_num_steps


                               finished relax_num_steps

 new_lnPgas_flag T
                                        relax_initial_Z    2.1649999999999998D-03
                                                  new z    2.1649999999995978D-03
                                        relax_initial_Y    3.1379000000000001D-01
                                                  new y    3.1379000000000001D-01
 net name basic.net
 do_element_diffusion T
 lnPgas_flag T
 kappa_file_prefix gs98
 kappa_lowT_prefix lowT_fa05_gs98
   eos_file_prefix mesa
                                        OMP_NUM_THREADS           1



stop because Lnuc_div_L >= Lnuc_div_L_zams_limit
    0.1000324134E+01    0.9990000000E+00

        901   7.216911   7217.987   0.372173   0.372173   1.032529   1.032529   0.682408   0.000542   0.313184   0.683731  -1.700426    842      0
   6.260214   2.042084  -0.007300 -42.701281  -1.242657 -99.000000   0.000000   0.315366   0.001013   0.002154   0.314094   0.073764      4      0
 2.3422E+07  17.384153   0.372033 -99.000000   4.259446  -7.390439   0.000000   0.000002   0.000227  2.227E-03  2.175E-03  0.339E-12  max increase

save photos/x901 for model 901
save final_profile.data write fgong_plot.data
                               s% atm_structure_num_pts          88
save final_profile.data.FGONG    901
 final_profile.data.FGONG for model 901
 saved to zams.mod
termination code: Lnuc_div_L_zams_limit

       runtime, prev time, retries, backups, steps         8.6        28.2         0         0       901
        901   7.216911   7217.987   0.372173   0.372173   1.032529   1.032529   0.682408   0.000542   0.313184   0.683731  -1.700426    842      0
   6.260214   2.042084  -0.007300 -42.701281  -1.242657 -99.000000   0.000000   0.315366   0.001013   0.002154   0.314094   0.073764      4      0
 2.3422E+07  17.384153   0.372033 -99.000000   4.259446  -7.390439   0.000000   0.000002   0.000227  2.227E-03  2.175E-03  0.339E-12  max increase

DATE: 2016-02-26
TIME: 17:10:08
DATE: 2016-02-26
TIME: 17:10:08
                                         version_number        8118
 read inlist_1.0
load saved model zams.mod

 new_lnPgas_flag T
 net name basic.net
 do_element_diffusion T
 lnPgas_flag T
                       which_atm_option: Eddington_grey
 kappa_file_prefix gs98
 kappa_lowT_prefix lowT_fa05_gs98
   eos_file_prefix mesa
                                        OMP_NUM_THREADS           1


__________________________________________________________________________________________________________________________________________________

       step    lg_Tcntr    Teff       lg_LH     lg_Lnuc     Mass       H_rich     H_cntr     N_cntr     Y_surf     X_avg     eta_cntr  zones retry
   lg_dt_yr    lg_Dcntr    lg_R       lg_L3a    lg_Lneu     lg_Mdot    He_core    He_cntr    O_cntr     Z_surf     Y_avg     gam_cntr  iters bckup
     age_yr    lg_Pcntr    lg_L       lg_LZ     lg_Psurf    lg_Dsurf   C_core     C_cntr     Ne_cntr    Z_cntr     Z_avg     v_div_cs     dt_limit
__________________________________________________________________________________________________________________________________________________

