000 (19963.000.000) 02/24 21:34:32 Job submitted from host: <134.76.239.76:13753?addrs=134.76.239.76-13753>
...
001 (19963.000.000) 02/24 21:34:43 Job executing on host: <134.76.239.78:21556?addrs=134.76.239.78-21556>
...
006 (19963.000.000) 02/24 21:34:58 Image size of job updated: 65712
	4  -  MemoryUsage of job (MB)
	3828  -  ResidentSetSize of job (KB)
...
006 (19963.000.000) 02/24 21:39:58 Image size of job updated: 173088
	20  -  MemoryUsage of job (MB)
	20224  -  ResidentSetSize of job (KB)
...
006 (19963.000.000) 02/24 21:44:59 Image size of job updated: 1143268
	925  -  MemoryUsage of job (MB)
	946784  -  ResidentSetSize of job (KB)
...
006 (19963.000.000) 02/24 21:50:00 Image size of job updated: 1145588
	925  -  MemoryUsage of job (MB)
	946784  -  ResidentSetSize of job (KB)
...
006 (19963.000.000) 02/24 22:05:02 Image size of job updated: 1250588
	1068  -  MemoryUsage of job (MB)
	1092672  -  ResidentSetSize of job (KB)
...
006 (19963.000.000) 02/24 22:10:02 Image size of job updated: 1250588
	1068  -  MemoryUsage of job (MB)
	1093016  -  ResidentSetSize of job (KB)
...
006 (19963.000.000) 02/24 22:15:03 Image size of job updated: 1254036
	1068  -  MemoryUsage of job (MB)
	1093100  -  ResidentSetSize of job (KB)
...
006 (19963.000.000) 02/24 22:20:04 Image size of job updated: 1465056
	1236  -  MemoryUsage of job (MB)
	1264940  -  ResidentSetSize of job (KB)
...
006 (19963.000.000) 02/24 22:25:04 Image size of job updated: 1465056
	1236  -  MemoryUsage of job (MB)
	1265344  -  ResidentSetSize of job (KB)
...
006 (19963.000.000) 02/24 22:30:04 Image size of job updated: 1465056
	1236  -  MemoryUsage of job (MB)
	1265664  -  ResidentSetSize of job (KB)
...
006 (19963.000.000) 02/24 22:40:06 Image size of job updated: 1465064
	1236  -  MemoryUsage of job (MB)
	1265664  -  ResidentSetSize of job (KB)
...
006 (19963.000.000) 02/24 23:10:10 Image size of job updated: 1466048
	1252  -  MemoryUsage of job (MB)
	1281220  -  ResidentSetSize of job (KB)
...
006 (19963.000.000) 02/24 23:15:10 Image size of job updated: 1466048
	1252  -  MemoryUsage of job (MB)
	1281280  -  ResidentSetSize of job (KB)
...
006 (19963.000.000) 02/24 23:20:10 Image size of job updated: 1466048
	1252  -  MemoryUsage of job (MB)
	1281600  -  ResidentSetSize of job (KB)
...
006 (19963.000.000) 02/24 23:25:11 Image size of job updated: 1466056
	1252  -  MemoryUsage of job (MB)
	1281600  -  ResidentSetSize of job (KB)
...
005 (19963.000.000) 02/25 00:33:48 Job terminated.
	(1) Normal termination (return value 0)
		Usr 0 04:02:33, Sys 0 00:01:21  -  Run Remote Usage
		Usr 0 00:00:00, Sys 0 00:00:00  -  Run Local Usage
		Usr 0 04:02:33, Sys 0 00:01:21  -  Total Remote Usage
		Usr 0 00:00:00, Sys 0 00:00:00  -  Total Local Usage
	0  -  Run Bytes Sent By Job
	0  -  Run Bytes Received By Job
	0  -  Total Bytes Sent By Job
	0  -  Total Bytes Received By Job
	Partitionable Resources :    Usage  Request Allocated
	   Cpus                 :                 2         2
	   Disk (KB)            :        1        1   5108836
	   Memory (MB)          :     1252        1         1
...
