000 (19920.000.000) 02/24 21:34:30 Job submitted from host: <134.76.239.76:13753?addrs=134.76.239.76-13753>
...
001 (19920.000.000) 02/24 21:34:40 Job executing on host: <134.76.239.85:29523?addrs=134.76.239.85-29523>
...
006 (19920.000.000) 02/24 21:34:54 Image size of job updated: 65712
	2  -  MemoryUsage of job (MB)
	1460  -  ResidentSetSize of job (KB)
...
006 (19920.000.000) 02/24 21:39:55 Image size of job updated: 1137440
	917  -  MemoryUsage of job (MB)
	938184  -  ResidentSetSize of job (KB)
...
006 (19920.000.000) 02/24 21:44:55 Image size of job updated: 1137960
	918  -  MemoryUsage of job (MB)
	939192  -  ResidentSetSize of job (KB)
...
006 (19920.000.000) 02/24 21:49:55 Image size of job updated: 1143852
	918  -  MemoryUsage of job (MB)
	939192  -  ResidentSetSize of job (KB)
...
006 (19920.000.000) 02/24 21:59:56 Image size of job updated: 1376400
	1137  -  MemoryUsage of job (MB)
	1163548  -  ResidentSetSize of job (KB)
...
006 (19920.000.000) 02/24 22:04:56 Image size of job updated: 1497356
	1281  -  MemoryUsage of job (MB)
	1311568  -  ResidentSetSize of job (KB)
...
006 (19920.000.000) 02/24 22:09:57 Image size of job updated: 1546428
	1281  -  MemoryUsage of job (MB)
	1311568  -  ResidentSetSize of job (KB)
...
006 (19920.000.000) 02/24 22:30:00 Image size of job updated: 1546428
	1294  -  MemoryUsage of job (MB)
	1324812  -  ResidentSetSize of job (KB)
...
006 (19920.000.000) 02/24 22:35:00 Image size of job updated: 1561596
	1345  -  MemoryUsage of job (MB)
	1376780  -  ResidentSetSize of job (KB)
...
006 (19920.000.000) 02/24 23:16:55 Image size of job updated: 7126620
	1345  -  MemoryUsage of job (MB)
	1376780  -  ResidentSetSize of job (KB)
...
005 (19920.000.000) 02/24 23:16:55 Job terminated.
	(1) Normal termination (return value 0)
		Usr 0 01:49:32, Sys 0 00:00:50  -  Run Remote Usage
		Usr 0 00:00:00, Sys 0 00:00:00  -  Run Local Usage
		Usr 0 01:49:32, Sys 0 00:00:50  -  Total Remote Usage
		Usr 0 00:00:00, Sys 0 00:00:00  -  Total Local Usage
	0  -  Run Bytes Sent By Job
	0  -  Run Bytes Received By Job
	0  -  Total Bytes Sent By Job
	0  -  Total Bytes Received By Job
	Partitionable Resources :    Usage  Request Allocated
	   Cpus                 :                 2         2
	   Disk (KB)            :        1        1   5108824
	   Memory (MB)          :     1345        1         1
...
