DATE: 2016-02-26
TIME: 16:59:12
                                         version_number        8118
 read inlist_1.0
 create pre-main-sequence model
                                                species           8
 abundances
                                                     h1    6.9602700000000006D-01
                                                    he3    3.2296166966946600D-05
                                                    he4    3.0344570383303315D-01
                                                    c12    8.5179862617582825D-05
                                                    n14    2.4951924034201506D-05
                                                    o16    2.3167105357617306D-04
                                                   ne20    5.1961633755007552D-05
                                                   mg24    1.0123552601694727D-04


                                        relax_num_steps


                               finished relax_num_steps

 new_lnPgas_flag T
                                        relax_initial_Z    4.9500000000000000D-04
                                                  new z    4.9499999999964709D-04
                                        relax_initial_Y    3.0347800000000003D-01
                                                  new y    3.0347800000000030D-01
 net name basic.net
 do_element_diffusion T
 lnPgas_flag T
 kappa_file_prefix gs98
 kappa_lowT_prefix lowT_fa05_gs98
   eos_file_prefix mesa
                                        OMP_NUM_THREADS           1



stop because Lnuc_div_L >= Lnuc_div_L_zams_limit
    0.1004442079E+01    0.9990000000E+00

        987   7.337633  1.123E+04   1.130696   1.130696   1.531747   1.531747   0.695591   0.000124   0.302939   0.695887  -2.158172    905      0
   5.193512   2.030169  -0.013218 -37.019504  -0.216983 -99.000000   0.000000   0.303900   0.000231   0.000493   0.303614   0.054990      2      0
 5.3259E+06  17.496755   1.128771 -99.000000   3.146054  -8.952373   0.000000   0.000001   0.000052  5.089E-04  4.991E-04 -0.265E-10  max increase

save photos/x987 for model 987
save final_profile.data write fgong_plot.data
                               s% atm_structure_num_pts          41
save final_profile.data.FGONG    987
 final_profile.data.FGONG for model 987
 saved to zams.mod
termination code: Lnuc_div_L_zams_limit

       runtime, prev time, retries, backups, steps         9.0        28.2         0         0       987
        987   7.337633  1.123E+04   1.130696   1.130696   1.531747   1.531747   0.695591   0.000124   0.302939   0.695887  -2.158172    905      0
   5.193512   2.030169  -0.013218 -37.019504  -0.216983 -99.000000   0.000000   0.303900   0.000231   0.000493   0.303614   0.054990      2      0
 5.3259E+06  17.496755   1.128771 -99.000000   3.146054  -8.952373   0.000000   0.000001   0.000052  5.089E-04  4.991E-04 -0.265E-10  max increase

DATE: 2016-02-26
TIME: 17:10:27
DATE: 2016-02-26
TIME: 17:10:27
                                         version_number        8118
 read inlist_1.0
load saved model zams.mod

 new_lnPgas_flag T
 net name basic.net
 do_element_diffusion T
 lnPgas_flag T
                       which_atm_option: Eddington_grey
 kappa_file_prefix gs98
 kappa_lowT_prefix lowT_fa05_gs98
   eos_file_prefix mesa
                                        OMP_NUM_THREADS           1


__________________________________________________________________________________________________________________________________________________

       step    lg_Tcntr    Teff       lg_LH     lg_Lnuc     Mass       H_rich     H_cntr     N_cntr     Y_surf     X_avg     eta_cntr  zones retry
   lg_dt_yr    lg_Dcntr    lg_R       lg_L3a    lg_Lneu     lg_Mdot    He_core    He_cntr    O_cntr     Z_surf     Y_avg     gam_cntr  iters bckup
     age_yr    lg_Pcntr    lg_L       lg_LZ     lg_Psurf    lg_Dsurf   C_core     C_cntr     Ne_cntr    Z_cntr     Z_avg     v_div_cs     dt_limit
__________________________________________________________________________________________________________________________________________________

