000 (20077.000.000) 02/24 21:34:38 Job submitted from host: <134.76.239.76:13753?addrs=134.76.239.76-13753>
...
001 (20077.000.000) 02/24 21:34:59 Job executing on host: <134.76.239.85:29523?addrs=134.76.239.85-29523>
...
006 (20077.000.000) 02/24 21:35:15 Image size of job updated: 65328
	4  -  MemoryUsage of job (MB)
	3828  -  ResidentSetSize of job (KB)
...
006 (20077.000.000) 02/24 21:40:15 Image size of job updated: 202160
	39  -  MemoryUsage of job (MB)
	39500  -  ResidentSetSize of job (KB)
...
006 (20077.000.000) 02/24 21:45:15 Image size of job updated: 1143116
	921  -  MemoryUsage of job (MB)
	942552  -  ResidentSetSize of job (KB)
...
006 (20077.000.000) 02/24 21:50:16 Image size of job updated: 1145992
	921  -  MemoryUsage of job (MB)
	942552  -  ResidentSetSize of job (KB)
...
006 (20077.000.000) 02/24 22:05:18 Image size of job updated: 1242492
	1060  -  MemoryUsage of job (MB)
	1085068  -  ResidentSetSize of job (KB)
...
006 (20077.000.000) 02/24 22:10:19 Image size of job updated: 1242492
	1060  -  MemoryUsage of job (MB)
	1085072  -  ResidentSetSize of job (KB)
...
006 (20077.000.000) 02/24 22:15:19 Image size of job updated: 1242492
	1060  -  MemoryUsage of job (MB)
	1085412  -  ResidentSetSize of job (KB)
...
006 (20077.000.000) 02/24 22:20:19 Image size of job updated: 1453512
	1228  -  MemoryUsage of job (MB)
	1257220  -  ResidentSetSize of job (KB)
...
006 (20077.000.000) 02/24 22:25:20 Image size of job updated: 1453512
	1229  -  MemoryUsage of job (MB)
	1257552  -  ResidentSetSize of job (KB)
...
006 (20077.000.000) 02/24 22:30:20 Image size of job updated: 1453512
	1229  -  MemoryUsage of job (MB)
	1257872  -  ResidentSetSize of job (KB)
...
006 (20077.000.000) 02/24 22:35:20 Image size of job updated: 1454024
	1229  -  MemoryUsage of job (MB)
	1257876  -  ResidentSetSize of job (KB)
...
006 (20077.000.000) 02/24 22:40:21 Image size of job updated: 1457132
	1231  -  MemoryUsage of job (MB)
	1259932  -  ResidentSetSize of job (KB)
...
006 (20077.000.000) 02/24 23:30:26 Image size of job updated: 1457132
	1232  -  MemoryUsage of job (MB)
	1260760  -  ResidentSetSize of job (KB)
...
006 (20077.000.000) 02/25 00:48:33 Image size of job updated: 5847656
	1232  -  MemoryUsage of job (MB)
	1260760  -  ResidentSetSize of job (KB)
...
005 (20077.000.000) 02/25 00:48:33 Job terminated.
	(1) Normal termination (return value 0)
		Usr 0 04:52:17, Sys 0 00:01:10  -  Run Remote Usage
		Usr 0 00:00:00, Sys 0 00:00:00  -  Run Local Usage
		Usr 0 04:52:17, Sys 0 00:01:10  -  Total Remote Usage
		Usr 0 00:00:00, Sys 0 00:00:00  -  Total Local Usage
	0  -  Run Bytes Sent By Job
	0  -  Run Bytes Received By Job
	0  -  Total Bytes Sent By Job
	0  -  Total Bytes Received By Job
	Partitionable Resources :    Usage  Request Allocated
	   Cpus                 :                 2         2
	   Disk (KB)            :        1        1   5108813
	   Memory (MB)          :     1232        1         1
...
