DATE: 2016-02-25
TIME: 13:24:49
                                         version_number        8118
 read inlist_1.0
 create pre-main-sequence model
                                                species           8
 abundances
                                                     h1    6.8068400000000007D-01
                                                    he3    3.3568206731792527D-05
                                                    he4    3.1539743179326829D-01
                                                    c12    6.6853286115022405D-04
                                                    n14    1.9583479772300599D-04
                                                    o16    1.8182667538253993D-03
                                                   ne20    4.0782009522875921D-04
                                                   mg24    7.9454549207252847D-04


                                        relax_num_steps


                               finished relax_num_steps

 new_lnPgas_flag T
                                        relax_initial_Z    3.8850000000000000D-03
                                                  new z    3.8849999999989262D-03
                                        relax_initial_Y    3.1543100000000002D-01
                                                  new y    3.1543100000000052D-01
 net name basic.net
 do_element_diffusion T
 lnPgas_flag T
 kappa_file_prefix gs98
 kappa_lowT_prefix lowT_fa05_gs98
   eos_file_prefix mesa
                                        OMP_NUM_THREADS           2


