000 (28054.000.000) 02/26 16:55:55 Job submitted from host: <134.76.239.76:15915?addrs=134.76.239.76-15915>
...
001 (28054.000.000) 02/26 16:56:01 Job executing on host: <134.76.239.84:25445?addrs=134.76.239.84-25445>
...
006 (28054.000.000) 02/26 16:56:10 Image size of job updated: 65708
	5  -  MemoryUsage of job (MB)
	4304  -  ResidentSetSize of job (KB)
...
006 (28054.000.000) 02/26 17:01:10 Image size of job updated: 1071588
	927  -  MemoryUsage of job (MB)
	948808  -  ResidentSetSize of job (KB)
...
006 (28054.000.000) 02/26 17:06:10 Image size of job updated: 1072280
	928  -  MemoryUsage of job (MB)
	949760  -  ResidentSetSize of job (KB)
...
006 (28054.000.000) 02/26 17:11:12 Image size of job updated: 1079384
	928  -  MemoryUsage of job (MB)
	949760  -  ResidentSetSize of job (KB)
...
006 (28054.000.000) 02/26 17:16:12 Image size of job updated: 1226400
	1080  -  MemoryUsage of job (MB)
	1105348  -  ResidentSetSize of job (KB)
...
