DATE: 2016-02-26
TIME: 16:59:26
                                         version_number        8118
 read inlist_1.0
 create pre-main-sequence model
                                                species           8
 abundances
                                                     h1    6.4889100000000000D-01
                                                    he3    3.6137294991070148D-05
                                                    he4    3.3953586270500896D-01
                                                    c12    1.9852930808469081D-03
                                                    n14    5.8155625774268993D-04
                                                    o16    5.3995736264823464D-03
                                                   ne20    1.2110734719830781D-03
                                                   mg24    2.3595035629448858D-03


                                        relax_num_steps


                               finished relax_num_steps

 new_lnPgas_flag T
                                        relax_initial_Z    1.1537000000000000D-02
                                                  new z    1.1537000000000153D-02
                                        relax_initial_Y    3.3957199999999998D-01
                                                  new y    3.3957199999999998D-01
 net name basic.net
 do_element_diffusion T
 lnPgas_flag T
 kappa_file_prefix gs98
 kappa_lowT_prefix lowT_fa05_gs98
   eos_file_prefix mesa
                                        OMP_NUM_THREADS           1



stop because Lnuc_div_L >= Lnuc_div_L_zams_limit
    0.9993134582E+00    0.9990000000E+00

        930   7.256187   7148.075   0.561324   0.561324   1.232919   1.232919   0.646990   0.002889   0.339461   0.648515  -1.983061    837      0
   6.044347   1.994549   0.095949 -40.784330  -0.966692 -99.000000   0.000000   0.341145   0.005393   0.011529   0.339880   0.066337      4      0
 2.4196E+07  17.362517   0.561623 -99.000000   4.196727  -7.439436   0.000000   0.000013   0.001211  1.186E-02  1.160E-02 -0.999E-12  max increase

save photos/x930 for model 930
save final_profile.data write fgong_plot.data
                               s% atm_structure_num_pts          56
save final_profile.data.FGONG    930
 final_profile.data.FGONG for model 930
 saved to zams.mod
termination code: Lnuc_div_L_zams_limit

       runtime, prev time, retries, backups, steps         9.2        28.2         0         0       930
        930   7.256187   7148.075   0.561324   0.561324   1.232919   1.232919   0.646990   0.002889   0.339461   0.648515  -1.983061    837      0
   6.044347   1.994549   0.095949 -40.784330  -0.966692 -99.000000   0.000000   0.341145   0.005393   0.011529   0.339880   0.066337      4      0
 2.4196E+07  17.362517   0.561623 -99.000000   4.196727  -7.439436   0.000000   0.000013   0.001211  1.186E-02  1.160E-02 -0.999E-12  max increase

DATE: 2016-02-26
TIME: 17:10:43
DATE: 2016-02-26
TIME: 17:10:43
                                         version_number        8118
 read inlist_1.0
load saved model zams.mod

 new_lnPgas_flag T
 net name basic.net
 do_element_diffusion T
 lnPgas_flag T
                       which_atm_option: Eddington_grey
 kappa_file_prefix gs98
 kappa_lowT_prefix lowT_fa05_gs98
   eos_file_prefix mesa
                                        OMP_NUM_THREADS           1


__________________________________________________________________________________________________________________________________________________

       step    lg_Tcntr    Teff       lg_LH     lg_Lnuc     Mass       H_rich     H_cntr     N_cntr     Y_surf     X_avg     eta_cntr  zones retry
   lg_dt_yr    lg_Dcntr    lg_R       lg_L3a    lg_Lneu     lg_Mdot    He_core    He_cntr    O_cntr     Z_surf     Y_avg     gam_cntr  iters bckup
     age_yr    lg_Pcntr    lg_L       lg_LZ     lg_Psurf    lg_Dsurf   C_core     C_cntr     Ne_cntr    Z_cntr     Z_avg     v_div_cs     dt_limit
__________________________________________________________________________________________________________________________________________________

        931   7.256309   7238.657   0.561576   0.561576   1.232919   1.232919   0.646845   0.002889   0.339445   0.648485  -1.983655    837      0
   6.000000   1.994527   0.084987 -40.778045  -0.967029 -99.000000   0.000000   0.341291   0.005392   0.011528   0.339909   0.066322      8      0
 2.5196E+07  17.362564   0.561574 -14.750470   4.562241  -7.081277   0.000000   0.000013   0.001211  1.186E-02  1.161E-02 -0.849E-10              

