000 (20014.000.000) 02/24 21:34:35 Job submitted from host: <134.76.239.76:13753?addrs=134.76.239.76-13753>
...
001 (20014.000.000) 02/24 21:34:44 Job executing on host: <134.76.239.90:23525?addrs=134.76.239.90-23525>
...
006 (20014.000.000) 02/24 21:34:55 Image size of job updated: 65712
	4  -  MemoryUsage of job (MB)
	3248  -  ResidentSetSize of job (KB)
...
006 (20014.000.000) 02/24 21:39:57 Image size of job updated: 722148
	508  -  MemoryUsage of job (MB)
	520012  -  ResidentSetSize of job (KB)
...
006 (20014.000.000) 02/24 21:44:57 Image size of job updated: 1145268
	923  -  MemoryUsage of job (MB)
	944384  -  ResidentSetSize of job (KB)
...
006 (20014.000.000) 02/24 21:49:57 Image size of job updated: 1146336
	923  -  MemoryUsage of job (MB)
	944384  -  ResidentSetSize of job (KB)
...
006 (20014.000.000) 02/24 22:50:04 Image size of job updated: 1256084
	1061  -  MemoryUsage of job (MB)
	1085848  -  ResidentSetSize of job (KB)
...
006 (20014.000.000) 02/24 22:55:04 Image size of job updated: 1256084
	1061  -  MemoryUsage of job (MB)
	1085860  -  ResidentSetSize of job (KB)
...
006 (20014.000.000) 02/24 23:10:06 Image size of job updated: 1256084
	1061  -  MemoryUsage of job (MB)
	1086192  -  ResidentSetSize of job (KB)
...
006 (20014.000.000) 02/24 23:15:06 Image size of job updated: 1256084
	1061  -  MemoryUsage of job (MB)
	1086196  -  ResidentSetSize of job (KB)
...
006 (20014.000.000) 02/24 23:25:07 Image size of job updated: 1442568
	1205  -  MemoryUsage of job (MB)
	1233492  -  ResidentSetSize of job (KB)
...
006 (20014.000.000) 02/24 23:35:08 Image size of job updated: 1442568
	1205  -  MemoryUsage of job (MB)
	1233820  -  ResidentSetSize of job (KB)
...
006 (20014.000.000) 02/24 23:50:10 Image size of job updated: 1442568
	1206  -  MemoryUsage of job (MB)
	1234140  -  ResidentSetSize of job (KB)
...
006 (20014.000.000) 02/24 23:55:11 Image size of job updated: 1491640
	1254  -  MemoryUsage of job (MB)
	1283136  -  ResidentSetSize of job (KB)
...
006 (20014.000.000) 02/25 00:00:11 Image size of job updated: 1491640
	1254  -  MemoryUsage of job (MB)
	1283212  -  ResidentSetSize of job (KB)
...
006 (20014.000.000) 02/25 00:15:13 Image size of job updated: 1495144
	1256  -  MemoryUsage of job (MB)
	1285272  -  ResidentSetSize of job (KB)
...
006 (20014.000.000) 02/25 02:05:24 Image size of job updated: 1495144
	1265  -  MemoryUsage of job (MB)
	1294820  -  ResidentSetSize of job (KB)
...
006 (20014.000.000) 02/25 02:15:25 Image size of job updated: 1495144
	1265  -  MemoryUsage of job (MB)
	1294828  -  ResidentSetSize of job (KB)
...
006 (20014.000.000) 02/25 02:20:25 Image size of job updated: 1495144
	1265  -  MemoryUsage of job (MB)
	1294832  -  ResidentSetSize of job (KB)
...
006 (20014.000.000) 02/25 02:25:26 Image size of job updated: 1495144
	1265  -  MemoryUsage of job (MB)
	1294904  -  ResidentSetSize of job (KB)
...
005 (20014.000.000) 02/25 04:10:42 Job terminated.
	(1) Normal termination (return value 0)
		Usr 0 10:30:46, Sys 0 00:01:55  -  Run Remote Usage
		Usr 0 00:00:00, Sys 0 00:00:00  -  Run Local Usage
		Usr 0 10:30:46, Sys 0 00:01:55  -  Total Remote Usage
		Usr 0 00:00:00, Sys 0 00:00:00  -  Total Local Usage
	0  -  Run Bytes Sent By Job
	0  -  Run Bytes Received By Job
	0  -  Total Bytes Sent By Job
	0  -  Total Bytes Received By Job
	Partitionable Resources :    Usage  Request Allocated
	   Cpus                 :                 2         2
	   Disk (KB)            :        1        1   5108894
	   Memory (MB)          :     1265        1         1
...
