000 (20731.000.000) 02/24 21:35:13 Job submitted from host: <134.76.239.76:13753?addrs=134.76.239.76-13753>
...
001 (20731.000.000) 02/25 04:24:47 Job executing on host: <134.76.239.88:25067?addrs=134.76.239.88-25067>
...
006 (20731.000.000) 02/25 04:24:56 Image size of job updated: 202160
	44  -  MemoryUsage of job (MB)
	44928  -  ResidentSetSize of job (KB)
...
006 (20731.000.000) 02/25 04:29:57 Image size of job updated: 1143496
	936  -  MemoryUsage of job (MB)
	957944  -  ResidentSetSize of job (KB)
...
006 (20731.000.000) 02/25 04:34:57 Image size of job updated: 1288972
	1080  -  MemoryUsage of job (MB)
	1105356  -  ResidentSetSize of job (KB)
...
006 (20731.000.000) 02/25 04:39:57 Image size of job updated: 1409920
	1224  -  MemoryUsage of job (MB)
	1252988  -  ResidentSetSize of job (KB)
...
006 (20731.000.000) 02/25 04:44:58 Image size of job updated: 1436708
	1251  -  MemoryUsage of job (MB)
	1280460  -  ResidentSetSize of job (KB)
...
006 (20731.000.000) 02/25 04:49:59 Image size of job updated: 1436716
	1251  -  MemoryUsage of job (MB)
	1280460  -  ResidentSetSize of job (KB)
...
005 (20731.000.000) 02/25 05:51:46 Job terminated.
	(1) Normal termination (return value 0)
		Usr 0 02:07:41, Sys 0 00:00:31  -  Run Remote Usage
		Usr 0 00:00:00, Sys 0 00:00:00  -  Run Local Usage
		Usr 0 02:07:41, Sys 0 00:00:31  -  Total Remote Usage
		Usr 0 00:00:00, Sys 0 00:00:00  -  Total Local Usage
	0  -  Run Bytes Sent By Job
	0  -  Run Bytes Received By Job
	0  -  Total Bytes Sent By Job
	0  -  Total Bytes Received By Job
	Partitionable Resources :    Usage  Request Allocated
	   Cpus                 :                 2         2
	   Disk (KB)            :        1        1   5108701
	   Memory (MB)          :     1251        1         1
...
