DATE: 2016-02-26
TIME: 16:59:50
                                         version_number        8118
 read inlist_1.0
 create pre-main-sequence model
                                                species           8
 abundances
                                                     h1    6.8966600000000000D-01
                                                    he3    3.1848776757675925D-05
                                                    he4    2.9924215122324233D-01
                                                    c12    1.9032106677790688D-03
                                                    n14    5.5751167640064503D-04
                                                    o16    5.1763269748544335D-03
                                                   ne20    1.1610013521828062D-03
                                                   mg24    2.2619493287831163D-03


                                        relax_num_steps


                               finished relax_num_steps

 new_lnPgas_flag T
                                        relax_initial_Z    1.1060000000000000D-02
                                                  new z    1.1059999999999832D-02
                                        relax_initial_Y    2.9927399999999998D-01
                                                  new y    2.9927400000000015D-01
 net name basic.net
 do_element_diffusion T
 lnPgas_flag T
 kappa_file_prefix gs98
 kappa_lowT_prefix lowT_fa05_gs98
   eos_file_prefix mesa
                                        OMP_NUM_THREADS           1



stop because Lnuc_div_L >= Lnuc_div_L_zams_limit
    0.1002724033E+01    0.9990000000E+00

        820   7.149283   5774.325  -0.058660  -0.058660   0.957053   0.957053   0.689294   0.000859   0.299274   0.689576  -1.703882    826      0
   5.717761   1.937425  -0.029407 -46.367047  -1.598882 -99.000000   0.000000   0.299603   0.005176   0.011060   0.299356   0.079584      4      0
 3.2007E+07  17.213297  -0.059842 -99.000000   4.858000  -6.702890   0.000000   0.001645   0.001161  1.110E-02  1.107E-02 -0.275E-10    varcontrol

save photos/x820 for model 820
save final_profile.data write fgong_plot.data
                               s% atm_structure_num_pts          91
save final_profile.data.FGONG    820
 final_profile.data.FGONG for model 820
 saved to zams.mod
termination code: Lnuc_div_L_zams_limit

       runtime, prev time, retries, backups, steps         7.7        28.2         0         0       820
        820   7.149283   5774.325  -0.058660  -0.058660   0.957053   0.957053   0.689294   0.000859   0.299274   0.689576  -1.703882    826      0
   5.717761   1.937425  -0.029407 -46.367047  -1.598882 -99.000000   0.000000   0.299603   0.005176   0.011060   0.299356   0.079584      4      0
 3.2007E+07  17.213297  -0.059842 -99.000000   4.858000  -6.702890   0.000000   0.001645   0.001161  1.110E-02  1.107E-02 -0.275E-10  max increase

DATE: 2016-02-26
TIME: 17:09:13
DATE: 2016-02-26
TIME: 17:09:13
                                         version_number        8118
 read inlist_1.0
load saved model zams.mod

 new_lnPgas_flag T
 net name basic.net
 do_element_diffusion T
 lnPgas_flag T
                       which_atm_option: Eddington_grey
 kappa_file_prefix gs98
 kappa_lowT_prefix lowT_fa05_gs98
   eos_file_prefix mesa
                                        OMP_NUM_THREADS           1


__________________________________________________________________________________________________________________________________________________

       step    lg_Tcntr    Teff       lg_LH     lg_Lnuc     Mass       H_rich     H_cntr     N_cntr     Y_surf     X_avg     eta_cntr  zones retry
   lg_dt_yr    lg_Dcntr    lg_R       lg_L3a    lg_Lneu     lg_Mdot    He_core    He_cntr    O_cntr     Z_surf     Y_avg     gam_cntr  iters bckup
     age_yr    lg_Pcntr    lg_L       lg_LZ     lg_Psurf    lg_Dsurf   C_core     C_cntr     Ne_cntr    Z_cntr     Z_avg     v_div_cs     dt_limit
__________________________________________________________________________________________________________________________________________________

