000 (28258.000.000) 02/26 16:56:06 Job submitted from host: <134.76.239.76:15915?addrs=134.76.239.76-15915>
...
001 (28258.000.000) 02/26 16:56:11 Job executing on host: <134.76.239.89:21049?addrs=134.76.239.89-21049>
...
006 (28258.000.000) 02/26 16:56:19 Image size of job updated: 45176
	5  -  MemoryUsage of job (MB)
	4300  -  ResidentSetSize of job (KB)
...
006 (28258.000.000) 02/26 17:01:19 Image size of job updated: 1071492
	930  -  MemoryUsage of job (MB)
	951888  -  ResidentSetSize of job (KB)
...
006 (28258.000.000) 02/26 17:06:20 Image size of job updated: 1072100
	931  -  MemoryUsage of job (MB)
	952428  -  ResidentSetSize of job (KB)
...
006 (28258.000.000) 02/26 17:11:20 Image size of job updated: 1078976
	931  -  MemoryUsage of job (MB)
	952428  -  ResidentSetSize of job (KB)
...
006 (28258.000.000) 02/26 17:16:20 Image size of job updated: 1078976
	934  -  MemoryUsage of job (MB)
	955788  -  ResidentSetSize of job (KB)
...
