000 (20871.000.000) 02/24 21:35:21 Job submitted from host: <134.76.239.76:13753?addrs=134.76.239.76-13753>
...
001 (20871.000.000) 02/25 06:01:48 Job executing on host: <134.76.239.91:19968?addrs=134.76.239.91-19968>
...
006 (20871.000.000) 02/25 06:01:57 Image size of job updated: 1
	3  -  MemoryUsage of job (MB)
	2200  -  ResidentSetSize of job (KB)
...
006 (20871.000.000) 02/25 06:06:58 Image size of job updated: 1144584
	936  -  MemoryUsage of job (MB)
	957960  -  ResidentSetSize of job (KB)
...
006 (20871.000.000) 02/25 06:11:59 Image size of job updated: 1292108
	1082  -  MemoryUsage of job (MB)
	1107492  -  ResidentSetSize of job (KB)
...
006 (20871.000.000) 02/25 06:16:59 Image size of job updated: 1413056
	1226  -  MemoryUsage of job (MB)
	1254984  -  ResidentSetSize of job (KB)
...
006 (20871.000.000) 02/25 06:21:59 Image size of job updated: 1437592
	1251  -  MemoryUsage of job (MB)
	1280360  -  ResidentSetSize of job (KB)
...
006 (20871.000.000) 02/25 06:27:01 Image size of job updated: 1437600
	1251  -  MemoryUsage of job (MB)
	1280360  -  ResidentSetSize of job (KB)
...
006 (20871.000.000) 02/25 06:37:01 Image size of job updated: 1463772
	1251  -  MemoryUsage of job (MB)
	1280360  -  ResidentSetSize of job (KB)
...
006 (20871.000.000) 02/25 06:42:02 Image size of job updated: 1463780
	1251  -  MemoryUsage of job (MB)
	1280360  -  ResidentSetSize of job (KB)
...
005 (20871.000.000) 02/25 07:25:35 Job terminated.
	(1) Normal termination (return value 0)
		Usr 0 02:02:24, Sys 0 00:00:21  -  Run Remote Usage
		Usr 0 00:00:00, Sys 0 00:00:00  -  Run Local Usage
		Usr 0 02:02:24, Sys 0 00:00:21  -  Total Remote Usage
		Usr 0 00:00:00, Sys 0 00:00:00  -  Total Local Usage
	0  -  Run Bytes Sent By Job
	0  -  Run Bytes Received By Job
	0  -  Total Bytes Sent By Job
	0  -  Total Bytes Received By Job
	Partitionable Resources :    Usage  Request Allocated
	   Cpus                 :                 2         2
	   Disk (KB)            :        1        1   5108654
	   Memory (MB)          :     1251        1         1
...
