000 (20711.000.000) 02/24 21:35:12 Job submitted from host: <134.76.239.76:13753?addrs=134.76.239.76-13753>
...
001 (20711.000.000) 02/25 04:09:46 Job executing on host: <134.76.239.87:13734?addrs=134.76.239.87-13734>
...
006 (20711.000.000) 02/25 04:09:55 Image size of job updated: 138008
	11  -  MemoryUsage of job (MB)
	11168  -  ResidentSetSize of job (KB)
...
006 (20711.000.000) 02/25 04:14:56 Image size of job updated: 1138440
	919  -  MemoryUsage of job (MB)
	940112  -  ResidentSetSize of job (KB)
...
006 (20711.000.000) 02/25 04:19:57 Image size of job updated: 1143756
	919  -  MemoryUsage of job (MB)
	940112  -  ResidentSetSize of job (KB)
...
006 (20711.000.000) 02/25 04:24:57 Image size of job updated: 1322416
	1146  -  MemoryUsage of job (MB)
	1172980  -  ResidentSetSize of job (KB)
...
006 (20711.000.000) 02/25 04:29:57 Image size of job updated: 1511140
	1293  -  MemoryUsage of job (MB)
	1323272  -  ResidentSetSize of job (KB)
...
006 (20711.000.000) 02/25 04:50:00 Image size of job updated: 1511704
	1294  -  MemoryUsage of job (MB)
	1324368  -  ResidentSetSize of job (KB)
...
006 (20711.000.000) 02/25 04:55:00 Image size of job updated: 1511712
	1294  -  MemoryUsage of job (MB)
	1324368  -  ResidentSetSize of job (KB)
...
005 (20711.000.000) 02/25 05:45:06 Job terminated.
	(1) Normal termination (return value 0)
		Usr 0 02:25:35, Sys 0 00:00:32  -  Run Remote Usage
		Usr 0 00:00:00, Sys 0 00:00:00  -  Run Local Usage
		Usr 0 02:25:35, Sys 0 00:00:32  -  Total Remote Usage
		Usr 0 00:00:00, Sys 0 00:00:00  -  Total Local Usage
	0  -  Run Bytes Sent By Job
	0  -  Run Bytes Received By Job
	0  -  Total Bytes Sent By Job
	0  -  Total Bytes Received By Job
	Partitionable Resources :    Usage  Request Allocated
	   Cpus                 :                 2         2
	   Disk (KB)            :        1        1   5108737
	   Memory (MB)          :     1294        1         1
...
