DATE: 2016-02-26
TIME: 16:59:54
                                         version_number        8118
 read inlist_1.0
 create pre-main-sequence model
                                                species           8
 abundances
                                                     h1    7.4862600000000001D-01
                                                    he3    2.6685697929660777D-05
                                                    he4    2.5073131430207035D-01
                                                    c12    1.0600160681300214D-04
                                                    n14    3.1051283242564851D-05
                                                    o16    2.8830175556148748D-04
                                                   ne20    6.4663366450682272D-05
                                                   mg24    1.2598198793221319D-04


                                        relax_num_steps


                               finished relax_num_steps

 new_lnPgas_flag T
                                        relax_initial_Z    6.1600000000000001D-04
                                                  new z    6.1599999999918794D-04
                                        relax_initial_Y    2.5075799999999998D-01
                                                  new y    2.5075800000000037D-01
 net name basic.net
 do_element_diffusion T
 lnPgas_flag T
 kappa_file_prefix gs98
 kappa_lowT_prefix lowT_fa05_gs98
   eos_file_prefix mesa
                                        OMP_NUM_THREADS           1



stop because Lnuc_div_L >= Lnuc_div_L_zams_limit
    0.1009506429E+01    0.9990000000E+00

        916   7.246263   8758.498   0.749964   0.749964   1.268185   1.268185   0.748458   0.000085   0.250757   0.748573  -1.872777    890      0
   4.875881   1.997518   0.011584 -41.606439  -0.881368 -99.000000   0.000000   0.250919   0.000288   0.000616   0.250809   0.064742      2      0
 8.2528E+06  17.390185   0.745855 -14.750470   3.448325  -8.346918   0.000000   0.000060   0.000065  6.237E-04  6.180E-04 -0.198E-09    varcontrol

save photos/x916 for model 916
save final_profile.data write fgong_plot.data
                               s% atm_structure_num_pts          44
save final_profile.data.FGONG    916
 final_profile.data.FGONG for model 916
 saved to zams.mod
termination code: Lnuc_div_L_zams_limit

       runtime, prev time, retries, backups, steps         8.5        28.2         0         0       916
        916   7.246263   8758.498   0.749964   0.749964   1.268185   1.268185   0.748458   0.000085   0.250757   0.748573  -1.872777    890      0
   4.875881   1.997518   0.011584 -41.606439  -0.881368 -99.000000   0.000000   0.250919   0.000288   0.000616   0.250809   0.064742      2      0
 8.2528E+06  17.390185   0.745855 -14.750470   3.448325  -8.346918   0.000000   0.000060   0.000065  6.237E-04  6.180E-04 -0.198E-09    varcontrol

DATE: 2016-02-26
TIME: 17:10:03
DATE: 2016-02-26
TIME: 17:10:04
                                         version_number        8118
 read inlist_1.0
load saved model zams.mod

 new_lnPgas_flag T
 net name basic.net
 do_element_diffusion T
 lnPgas_flag T
                       which_atm_option: Eddington_grey
 kappa_file_prefix gs98
 kappa_lowT_prefix lowT_fa05_gs98
   eos_file_prefix mesa
                                        OMP_NUM_THREADS           1


__________________________________________________________________________________________________________________________________________________

       step    lg_Tcntr    Teff       lg_LH     lg_Lnuc     Mass       H_rich     H_cntr     N_cntr     Y_surf     X_avg     eta_cntr  zones retry
   lg_dt_yr    lg_Dcntr    lg_R       lg_L3a    lg_Lneu     lg_Mdot    He_core    He_cntr    O_cntr     Z_surf     Y_avg     gam_cntr  iters bckup
     age_yr    lg_Pcntr    lg_L       lg_LZ     lg_Psurf    lg_Dsurf   C_core     C_cntr     Ne_cntr    Z_cntr     Z_avg     v_div_cs     dt_limit
__________________________________________________________________________________________________________________________________________________

