000 (20839.000.000) 02/24 21:35:19 Job submitted from host: <134.76.239.76:13753?addrs=134.76.239.76-13753>
...
001 (20839.000.000) 02/25 05:38:48 Job executing on host: <134.76.239.88:25067?addrs=134.76.239.88-25067>
...
006 (20839.000.000) 02/25 05:38:57 Image size of job updated: 138000
	20  -  MemoryUsage of job (MB)
	19616  -  ResidentSetSize of job (KB)
...
006 (20839.000.000) 02/25 05:43:58 Image size of job updated: 1146508
	937  -  MemoryUsage of job (MB)
	958632  -  ResidentSetSize of job (KB)
...
006 (20839.000.000) 02/25 05:58:59 Image size of job updated: 1270412
	1074  -  MemoryUsage of job (MB)
	1099348  -  ResidentSetSize of job (KB)
...
006 (20839.000.000) 02/25 06:04:01 Image size of job updated: 1270412
	1074  -  MemoryUsage of job (MB)
	1099688  -  ResidentSetSize of job (KB)
...
006 (20839.000.000) 02/25 06:09:01 Image size of job updated: 1391360
	1218  -  MemoryUsage of job (MB)
	1246968  -  ResidentSetSize of job (KB)
...
006 (20839.000.000) 02/25 06:14:01 Image size of job updated: 1391360
	1219  -  MemoryUsage of job (MB)
	1247324  -  ResidentSetSize of job (KB)
...
006 (20839.000.000) 02/25 06:19:02 Image size of job updated: 1391360
	1219  -  MemoryUsage of job (MB)
	1247644  -  ResidentSetSize of job (KB)
...
006 (20839.000.000) 02/25 06:29:03 Image size of job updated: 1416332
	1243  -  MemoryUsage of job (MB)
	1272268  -  ResidentSetSize of job (KB)
...
006 (20839.000.000) 02/25 06:34:04 Image size of job updated: 1419384
	1243  -  MemoryUsage of job (MB)
	1272268  -  ResidentSetSize of job (KB)
...
006 (20839.000.000) 02/25 06:59:07 Image size of job updated: 1430424
	1243  -  MemoryUsage of job (MB)
	1272268  -  ResidentSetSize of job (KB)
...
006 (20839.000.000) 02/25 07:19:09 Image size of job updated: 1455216
	1243  -  MemoryUsage of job (MB)
	1272268  -  ResidentSetSize of job (KB)
...
006 (20839.000.000) 02/25 07:24:09 Image size of job updated: 1458268
	1243  -  MemoryUsage of job (MB)
	1272268  -  ResidentSetSize of job (KB)
...
005 (20839.000.000) 02/25 08:20:27 Job terminated.
	(1) Normal termination (return value 0)
		Usr 0 04:23:20, Sys 0 00:00:59  -  Run Remote Usage
		Usr 0 00:00:00, Sys 0 00:00:00  -  Run Local Usage
		Usr 0 04:23:20, Sys 0 00:00:59  -  Total Remote Usage
		Usr 0 00:00:00, Sys 0 00:00:00  -  Total Local Usage
	0  -  Run Bytes Sent By Job
	0  -  Run Bytes Received By Job
	0  -  Total Bytes Sent By Job
	0  -  Total Bytes Received By Job
	Partitionable Resources :    Usage  Request Allocated
	   Cpus                 :                 2         2
	   Disk (KB)            :        1        1   5108685
	   Memory (MB)          :     1243        1         1
...
