000 (20487.000.000) 02/24 21:35:00 Job submitted from host: <134.76.239.76:13753?addrs=134.76.239.76-13753>
...
001 (20487.000.000) 02/25 01:34:39 Job executing on host: <134.76.239.79:12046?addrs=134.76.239.79-12046>
...
006 (20487.000.000) 02/25 01:34:48 Image size of job updated: 145600
	30  -  MemoryUsage of job (MB)
	30504  -  ResidentSetSize of job (KB)
...
006 (20487.000.000) 02/25 01:39:49 Image size of job updated: 1138584
	928  -  MemoryUsage of job (MB)
	949768  -  ResidentSetSize of job (KB)
...
006 (20487.000.000) 02/25 01:49:50 Image size of job updated: 1433544
	1242  -  MemoryUsage of job (MB)
	1270888  -  ResidentSetSize of job (KB)
...
006 (20487.000.000) 02/25 01:54:51 Image size of job updated: 1435776
	1242  -  MemoryUsage of job (MB)
	1270888  -  ResidentSetSize of job (KB)
...
006 (20487.000.000) 02/25 02:04:51 Image size of job updated: 1463020
	1242  -  MemoryUsage of job (MB)
	1270888  -  ResidentSetSize of job (KB)
...
006 (20487.000.000) 02/25 02:19:53 Image size of job updated: 1477640
	1242  -  MemoryUsage of job (MB)
	1270888  -  ResidentSetSize of job (KB)
...
006 (20487.000.000) 02/25 02:29:55 Image size of job updated: 1477640
	1245  -  MemoryUsage of job (MB)
	1274036  -  ResidentSetSize of job (KB)
...
006 (20487.000.000) 02/25 02:44:57 Image size of job updated: 1517540
	1289  -  MemoryUsage of job (MB)
	1319888  -  ResidentSetSize of job (KB)
...
006 (20487.000.000) 02/25 03:04:58 Image size of job updated: 1520812
	1289  -  MemoryUsage of job (MB)
	1319888  -  ResidentSetSize of job (KB)
...
006 (20487.000.000) 02/25 03:25:00 Image size of job updated: 1549500
	1289  -  MemoryUsage of job (MB)
	1319888  -  ResidentSetSize of job (KB)
...
006 (20487.000.000) 02/25 04:00:03 Image size of job updated: 1549500
	1310  -  MemoryUsage of job (MB)
	1341424  -  ResidentSetSize of job (KB)
...
006 (20487.000.000) 02/25 04:25:06 Image size of job updated: 1549500
	1321  -  MemoryUsage of job (MB)
	1352264  -  ResidentSetSize of job (KB)
...
006 (20487.000.000) 02/25 04:55:09 Image size of job updated: 1549500
	1332  -  MemoryUsage of job (MB)
	1363660  -  ResidentSetSize of job (KB)
...
006 (20487.000.000) 02/25 05:30:12 Image size of job updated: 1584704
	1359  -  MemoryUsage of job (MB)
	1390992  -  ResidentSetSize of job (KB)
...
006 (20487.000.000) 02/25 05:35:13 Image size of job updated: 1584712
	1359  -  MemoryUsage of job (MB)
	1391396  -  ResidentSetSize of job (KB)
...
006 (20487.000.000) 02/25 05:40:13 Image size of job updated: 1585300
	1359  -  MemoryUsage of job (MB)
	1391396  -  ResidentSetSize of job (KB)
...
005 (20487.000.000) 02/25 07:17:26 Job terminated.
	(1) Normal termination (return value 0)
		Usr 0 09:33:37, Sys 0 00:03:06  -  Run Remote Usage
		Usr 0 00:00:00, Sys 0 00:00:00  -  Run Local Usage
		Usr 0 09:33:37, Sys 0 00:03:06  -  Total Remote Usage
		Usr 0 00:00:00, Sys 0 00:00:00  -  Total Local Usage
	0  -  Run Bytes Sent By Job
	0  -  Run Bytes Received By Job
	0  -  Total Bytes Sent By Job
	0  -  Total Bytes Received By Job
	Partitionable Resources :    Usage  Request Allocated
	   Cpus                 :                 2         2
	   Disk (KB)            :        1        1   5108689
	   Memory (MB)          :     1359        1         1
...
