000 (20046.000.000) 02/24 21:34:37 Job submitted from host: <134.76.239.76:13753?addrs=134.76.239.76-13753>
...
001 (20046.000.000) 02/24 21:34:50 Job executing on host: <134.76.239.87:13734?addrs=134.76.239.87-13734>
...
006 (20046.000.000) 02/24 21:35:04 Image size of job updated: 65712
	4  -  MemoryUsage of job (MB)
	4036  -  ResidentSetSize of job (KB)
...
006 (20046.000.000) 02/24 21:40:04 Image size of job updated: 209732
	70  -  MemoryUsage of job (MB)
	70740  -  ResidentSetSize of job (KB)
...
006 (20046.000.000) 02/24 21:45:05 Image size of job updated: 1144876
	926  -  MemoryUsage of job (MB)
	947824  -  ResidentSetSize of job (KB)
...
006 (20046.000.000) 02/24 21:50:06 Image size of job updated: 1146456
	926  -  MemoryUsage of job (MB)
	947824  -  ResidentSetSize of job (KB)
...
006 (20046.000.000) 02/24 22:10:07 Image size of job updated: 1246612
	1064  -  MemoryUsage of job (MB)
	1089004  -  ResidentSetSize of job (KB)
...
006 (20046.000.000) 02/24 22:15:07 Image size of job updated: 1247540
	1064  -  MemoryUsage of job (MB)
	1089484  -  ResidentSetSize of job (KB)
...
006 (20046.000.000) 02/24 22:20:08 Image size of job updated: 1252392
	1068  -  MemoryUsage of job (MB)
	1093544  -  ResidentSetSize of job (KB)
...
006 (20046.000.000) 02/24 22:25:09 Image size of job updated: 1441100
	1214  -  MemoryUsage of job (MB)
	1243072  -  ResidentSetSize of job (KB)
...
006 (20046.000.000) 02/24 22:30:09 Image size of job updated: 1465636
	1239  -  MemoryUsage of job (MB)
	1267936  -  ResidentSetSize of job (KB)
...
006 (20046.000.000) 02/24 22:35:10 Image size of job updated: 1465636
	1239  -  MemoryUsage of job (MB)
	1268260  -  ResidentSetSize of job (KB)
...
006 (20046.000.000) 02/24 22:40:11 Image size of job updated: 1465644
	1239  -  MemoryUsage of job (MB)
	1268260  -  ResidentSetSize of job (KB)
...
006 (20046.000.000) 02/24 23:20:15 Image size of job updated: 1465644
	1242  -  MemoryUsage of job (MB)
	1270812  -  ResidentSetSize of job (KB)
...
006 (20046.000.000) 02/24 23:25:15 Image size of job updated: 1465644
	1242  -  MemoryUsage of job (MB)
	1270892  -  ResidentSetSize of job (KB)
...
005 (20046.000.000) 02/25 00:30:23 Job terminated.
	(1) Normal termination (return value 0)
		Usr 0 04:08:23, Sys 0 00:01:19  -  Run Remote Usage
		Usr 0 00:00:00, Sys 0 00:00:00  -  Run Local Usage
		Usr 0 04:08:23, Sys 0 00:01:19  -  Total Remote Usage
		Usr 0 00:00:00, Sys 0 00:00:00  -  Total Local Usage
	0  -  Run Bytes Sent By Job
	0  -  Run Bytes Received By Job
	0  -  Total Bytes Sent By Job
	0  -  Total Bytes Received By Job
	Partitionable Resources :    Usage  Request Allocated
	   Cpus                 :                 2         2
	   Disk (KB)            :        1        1   5108819
	   Memory (MB)          :     1242        1         1
...
