DATE: 2016-02-25
TIME: 13:25:17
                                         version_number        8118
 read inlist_1.0
 create pre-main-sequence model
                                                species           8
 abundances
                                                     h1    7.6411000000000007D-01
                                                    he3    2.4489186531148274D-05
                                                    he4    2.3009351081346885D-01
                                                    c12    9.9324882228033493D-04
                                                    n14    2.9095455661703806D-04
                                                    o16    2.7014248913977417D-03
                                                   ne20    6.0590414148272928D-04
                                                   mg24    1.1804675882220450D-03


                                        relax_num_steps


                               finished relax_num_steps

 new_lnPgas_flag T
                                        relax_initial_Z    5.7720000000000002D-03
                                                  new z    5.7719999999991658D-03
                                        relax_initial_Y    2.3011799999999999D-01
                                                  new y    2.3011800000000016D-01
 net name basic.net
 do_element_diffusion T
 lnPgas_flag T
 kappa_file_prefix gs98
 kappa_lowT_prefix lowT_fa05_gs98
   eos_file_prefix mesa
                                        OMP_NUM_THREADS           2


