DATE: 2016-02-26
TIME: 16:59:50
                                         version_number        8118
 read inlist_1.0
 create pre-main-sequence model
                                                species           8
 abundances
                                                     h1    7.1551400000000009D-01
                                                    he3    3.0202563830176412D-05
                                                    he4    2.8377479743616990D-01
                                                    c12    1.1718684129815724D-04
                                                    n14    3.4327798519788498D-05
                                                    o16    3.1872320704123586D-04
                                                   ne20    7.1486611287209382D-05
                                                   mg24    1.3927554185365183D-04


                                        relax_num_steps


                               finished relax_num_steps

 new_lnPgas_flag T
                                        relax_initial_Z    6.8099999999999996D-04
                                                  new z    6.8100000000020661D-04
                                        relax_initial_Y    2.8380499999999997D-01
                                                  new y    2.8380499999999975D-01
 net name basic.net
 do_element_diffusion T
 lnPgas_flag T
 kappa_file_prefix gs98
 kappa_lowT_prefix lowT_fa05_gs98
   eos_file_prefix mesa
                                        OMP_NUM_THREADS           1



stop because Lnuc_div_L >= Lnuc_div_L_zams_limit
    0.1005780806E+01    0.9990000000E+00

        803   7.122658   6205.885  -0.188523  -0.188523   0.777756   0.777756   0.715193   0.000041   0.283713   0.715436  -1.391540    769      0
   5.653083   2.016964  -0.157605 -47.670501  -1.809842 -99.000000   0.000000   0.284125   0.000319   0.000681   0.283883   0.088555      4      0
 2.4054E+07  17.276618  -0.191027 -99.000000   4.860581  -6.741964   0.000000   0.000111   0.000071  6.820E-04  6.812E-04 -0.239E-10    varcontrol

save photos/x803 for model 803
save final_profile.data write fgong_plot.data
                               s% atm_structure_num_pts          57
save final_profile.data.FGONG    803
 final_profile.data.FGONG for model 803
 saved to zams.mod
termination code: Lnuc_div_L_zams_limit

       runtime, prev time, retries, backups, steps         7.4        28.2         0         0       803
        803   7.122658   6205.885  -0.188523  -0.188523   0.777756   0.777756   0.715193   0.000041   0.283713   0.715436  -1.391540    769      0
   5.653083   2.016964  -0.157605 -47.670501  -1.809842 -99.000000   0.000000   0.284125   0.000319   0.000681   0.283883   0.088555      4      0
 2.4054E+07  17.276618  -0.191027 -99.000000   4.860581  -6.741964   0.000000   0.000111   0.000071  6.820E-04  6.812E-04 -0.239E-10    varcontrol

DATE: 2016-02-26
TIME: 17:08:51
DATE: 2016-02-26
TIME: 17:08:52
                                         version_number        8118
 read inlist_1.0
load saved model zams.mod

 new_lnPgas_flag T
 net name basic.net
 do_element_diffusion T
 lnPgas_flag T
                       which_atm_option: Eddington_grey
 kappa_file_prefix gs98
 kappa_lowT_prefix lowT_fa05_gs98
   eos_file_prefix mesa
                                        OMP_NUM_THREADS           1


__________________________________________________________________________________________________________________________________________________

       step    lg_Tcntr    Teff       lg_LH     lg_Lnuc     Mass       H_rich     H_cntr     N_cntr     Y_surf     X_avg     eta_cntr  zones retry
   lg_dt_yr    lg_Dcntr    lg_R       lg_L3a    lg_Lneu     lg_Mdot    He_core    He_cntr    O_cntr     Z_surf     Y_avg     gam_cntr  iters bckup
     age_yr    lg_Pcntr    lg_L       lg_LZ     lg_Psurf    lg_Dsurf   C_core     C_cntr     Ne_cntr    Z_cntr     Z_avg     v_div_cs     dt_limit
__________________________________________________________________________________________________________________________________________________

