000 (20098.000.000) 02/24 21:34:39 Job submitted from host: <134.76.239.76:13753?addrs=134.76.239.76-13753>
...
001 (20098.000.000) 02/24 21:34:59 Job executing on host: <134.76.239.88:25067?addrs=134.76.239.88-25067>
...
006 (20098.000.000) 02/24 21:35:13 Image size of job updated: 65712
	4  -  MemoryUsage of job (MB)
	4024  -  ResidentSetSize of job (KB)
...
006 (20098.000.000) 02/24 21:40:12 Image size of job updated: 1141256
	929  -  MemoryUsage of job (MB)
	951248  -  ResidentSetSize of job (KB)
...
006 (20098.000.000) 02/24 21:45:13 Image size of job updated: 1146468
	935  -  MemoryUsage of job (MB)
	956960  -  ResidentSetSize of job (KB)
...
006 (20098.000.000) 02/24 21:50:13 Image size of job updated: 1147176
	935  -  MemoryUsage of job (MB)
	956960  -  ResidentSetSize of job (KB)
...
006 (20098.000.000) 02/24 22:50:20 Image size of job updated: 1241640
	1062  -  MemoryUsage of job (MB)
	1086928  -  ResidentSetSize of job (KB)
...
006 (20098.000.000) 02/24 23:00:20 Image size of job updated: 1241640
	1062  -  MemoryUsage of job (MB)
	1086948  -  ResidentSetSize of job (KB)
...
006 (20098.000.000) 02/24 23:05:21 Image size of job updated: 1241640
	1062  -  MemoryUsage of job (MB)
	1086952  -  ResidentSetSize of job (KB)
...
006 (20098.000.000) 02/24 23:10:21 Image size of job updated: 1241640
	1062  -  MemoryUsage of job (MB)
	1087284  -  ResidentSetSize of job (KB)
...
006 (20098.000.000) 02/24 23:25:23 Image size of job updated: 1428124
	1206  -  MemoryUsage of job (MB)
	1234560  -  ResidentSetSize of job (KB)
...
006 (20098.000.000) 02/24 23:35:24 Image size of job updated: 1428124
	1206  -  MemoryUsage of job (MB)
	1234896  -  ResidentSetSize of job (KB)
...
006 (20098.000.000) 02/24 23:45:25 Image size of job updated: 1428536
	1206  -  MemoryUsage of job (MB)
	1234900  -  ResidentSetSize of job (KB)
...
006 (20098.000.000) 02/24 23:55:26 Image size of job updated: 1428536
	1207  -  MemoryUsage of job (MB)
	1235220  -  ResidentSetSize of job (KB)
...
006 (20098.000.000) 02/25 00:05:26 Image size of job updated: 1428536
	1209  -  MemoryUsage of job (MB)
	1237604  -  ResidentSetSize of job (KB)
...
006 (20098.000.000) 02/25 00:20:28 Image size of job updated: 1428536
	1209  -  MemoryUsage of job (MB)
	1237608  -  ResidentSetSize of job (KB)
...
006 (20098.000.000) 02/25 00:30:30 Image size of job updated: 1431516
	1211  -  MemoryUsage of job (MB)
	1239744  -  ResidentSetSize of job (KB)
...
006 (20098.000.000) 02/25 01:55:39 Image size of job updated: 1431516
	1220  -  MemoryUsage of job (MB)
	1248916  -  ResidentSetSize of job (KB)
...
006 (20098.000.000) 02/25 02:00:39 Image size of job updated: 1431516
	1220  -  MemoryUsage of job (MB)
	1249244  -  ResidentSetSize of job (KB)
...
006 (20098.000.000) 02/25 02:05:39 Image size of job updated: 1431516
	1220  -  MemoryUsage of job (MB)
	1249252  -  ResidentSetSize of job (KB)
...
006 (20098.000.000) 02/25 02:10:40 Image size of job updated: 1431516
	1220  -  MemoryUsage of job (MB)
	1249260  -  ResidentSetSize of job (KB)
...
006 (20098.000.000) 02/25 02:20:41 Image size of job updated: 1431516
	1221  -  MemoryUsage of job (MB)
	1249440  -  ResidentSetSize of job (KB)
...
006 (20098.000.000) 02/25 02:25:42 Image size of job updated: 1431516
	1221  -  MemoryUsage of job (MB)
	1249756  -  ResidentSetSize of job (KB)
...
006 (20098.000.000) 02/25 02:45:44 Image size of job updated: 1431516
	1221  -  MemoryUsage of job (MB)
	1249760  -  ResidentSetSize of job (KB)
...
006 (20098.000.000) 02/25 02:55:44 Image size of job updated: 1431516
	1221  -  MemoryUsage of job (MB)
	1249764  -  ResidentSetSize of job (KB)
...
006 (20098.000.000) 02/25 03:00:45 Image size of job updated: 1431552
	1221  -  MemoryUsage of job (MB)
	1249928  -  ResidentSetSize of job (KB)
...
005 (20098.000.000) 02/25 04:24:19 Job terminated.
	(1) Normal termination (return value 0)
		Usr 0 10:56:30, Sys 0 00:01:43  -  Run Remote Usage
		Usr 0 00:00:00, Sys 0 00:00:00  -  Run Local Usage
		Usr 0 10:56:30, Sys 0 00:01:43  -  Total Remote Usage
		Usr 0 00:00:00, Sys 0 00:00:00  -  Total Local Usage
	0  -  Run Bytes Sent By Job
	0  -  Run Bytes Received By Job
	0  -  Total Bytes Sent By Job
	0  -  Total Bytes Received By Job
	Partitionable Resources :    Usage  Request Allocated
	   Cpus                 :                 2         2
	   Disk (KB)            :        1        1   5108799
	   Memory (MB)          :     1221        1         1
...
