000 (20757.000.000) 02/24 21:35:15 Job submitted from host: <134.76.239.76:13753?addrs=134.76.239.76-13753>
...
001 (20757.000.000) 02/25 04:43:48 Job executing on host: <134.76.239.91:19968?addrs=134.76.239.91-19968>
...
006 (20757.000.000) 02/25 04:43:56 Image size of job updated: 1
	3  -  MemoryUsage of job (MB)
	2200  -  ResidentSetSize of job (KB)
...
006 (20757.000.000) 02/25 04:48:56 Image size of job updated: 1144248
	937  -  MemoryUsage of job (MB)
	959296  -  ResidentSetSize of job (KB)
...
006 (20757.000.000) 02/25 04:53:57 Image size of job updated: 1146024
	937  -  MemoryUsage of job (MB)
	959296  -  ResidentSetSize of job (KB)
...
006 (20757.000.000) 02/25 05:03:58 Image size of job updated: 1252168
	1070  -  MemoryUsage of job (MB)
	1095636  -  ResidentSetSize of job (KB)
...
006 (20757.000.000) 02/25 05:08:58 Image size of job updated: 1252168
	1071  -  MemoryUsage of job (MB)
	1095972  -  ResidentSetSize of job (KB)
...
006 (20757.000.000) 02/25 05:13:59 Image size of job updated: 1463188
	1238  -  MemoryUsage of job (MB)
	1267640  -  ResidentSetSize of job (KB)
...
006 (20757.000.000) 02/25 05:18:59 Image size of job updated: 1512260
	1287  -  MemoryUsage of job (MB)
	1317184  -  ResidentSetSize of job (KB)
...
006 (20757.000.000) 02/25 05:23:59 Image size of job updated: 1561332
	1335  -  MemoryUsage of job (MB)
	1366580  -  ResidentSetSize of job (KB)
...
006 (20757.000.000) 02/25 05:29:00 Image size of job updated: 1561340
	1335  -  MemoryUsage of job (MB)
	1366580  -  ResidentSetSize of job (KB)
...
006 (20757.000.000) 02/25 07:00:11 Image size of job updated: 8114512
	1335  -  MemoryUsage of job (MB)
	1366580  -  ResidentSetSize of job (KB)
...
005 (20757.000.000) 02/25 07:00:11 Job terminated.
	(1) Normal termination (return value 0)
		Usr 0 03:38:49, Sys 0 00:00:35  -  Run Remote Usage
		Usr 0 00:00:00, Sys 0 00:00:00  -  Run Local Usage
		Usr 0 03:38:49, Sys 0 00:00:35  -  Total Remote Usage
		Usr 0 00:00:00, Sys 0 00:00:00  -  Total Local Usage
	0  -  Run Bytes Sent By Job
	0  -  Run Bytes Received By Job
	0  -  Total Bytes Sent By Job
	0  -  Total Bytes Received By Job
	Partitionable Resources :    Usage  Request Allocated
	   Cpus                 :                 2         2
	   Disk (KB)            :        1        1   5108677
	   Memory (MB)          :     1335        1         1
...
