000 (20087.000.000) 02/24 21:34:39 Job submitted from host: <134.76.239.76:13753?addrs=134.76.239.76-13753>
...
001 (20087.000.000) 02/24 21:35:00 Job executing on host: <134.76.239.85:29523?addrs=134.76.239.85-29523>
...
006 (20087.000.000) 02/24 21:35:15 Image size of job updated: 65712
	4  -  MemoryUsage of job (MB)
	3836  -  ResidentSetSize of job (KB)
...
006 (20087.000.000) 02/24 21:40:15 Image size of job updated: 1138200
	920  -  MemoryUsage of job (MB)
	941084  -  ResidentSetSize of job (KB)
...
006 (20087.000.000) 02/24 21:45:15 Image size of job updated: 1142864
	925  -  MemoryUsage of job (MB)
	946340  -  ResidentSetSize of job (KB)
...
006 (20087.000.000) 02/24 21:50:17 Image size of job updated: 1144872
	925  -  MemoryUsage of job (MB)
	946340  -  ResidentSetSize of job (KB)
...
006 (20087.000.000) 02/24 22:00:17 Image size of job updated: 1263808
	1065  -  MemoryUsage of job (MB)
	1089616  -  ResidentSetSize of job (KB)
...
006 (20087.000.000) 02/24 22:05:18 Image size of job updated: 1523900
	1281  -  MemoryUsage of job (MB)
	1310832  -  ResidentSetSize of job (KB)
...
006 (20087.000.000) 02/24 22:10:19 Image size of job updated: 1526140
	1284  -  MemoryUsage of job (MB)
	1313952  -  ResidentSetSize of job (KB)
...
006 (20087.000.000) 02/24 22:15:19 Image size of job updated: 1526148
	1284  -  MemoryUsage of job (MB)
	1313952  -  ResidentSetSize of job (KB)
...
006 (20087.000.000) 02/24 22:25:20 Image size of job updated: 1526148
	1285  -  MemoryUsage of job (MB)
	1315560  -  ResidentSetSize of job (KB)
...
006 (20087.000.000) 02/24 22:30:20 Image size of job updated: 1526148
	1286  -  MemoryUsage of job (MB)
	1316252  -  ResidentSetSize of job (KB)
...
006 (20087.000.000) 02/24 22:50:22 Image size of job updated: 1539340
	1288  -  MemoryUsage of job (MB)
	1318864  -  ResidentSetSize of job (KB)
...
006 (20087.000.000) 02/24 22:55:23 Image size of job updated: 1541836
	1288  -  MemoryUsage of job (MB)
	1318864  -  ResidentSetSize of job (KB)
...
006 (20087.000.000) 02/24 23:10:24 Image size of job updated: 1541836
	1301  -  MemoryUsage of job (MB)
	1331896  -  ResidentSetSize of job (KB)
...
006 (20087.000.000) 02/24 23:35:26 Image size of job updated: 1541836
	1302  -  MemoryUsage of job (MB)
	1332456  -  ResidentSetSize of job (KB)
...
006 (20087.000.000) 02/24 23:55:28 Image size of job updated: 1541836
	1305  -  MemoryUsage of job (MB)
	1335916  -  ResidentSetSize of job (KB)
...
006 (20087.000.000) 02/25 00:00:29 Image size of job updated: 1541836
	1306  -  MemoryUsage of job (MB)
	1337240  -  ResidentSetSize of job (KB)
...
006 (20087.000.000) 02/25 00:05:30 Image size of job updated: 1571888
	1306  -  MemoryUsage of job (MB)
	1337240  -  ResidentSetSize of job (KB)
...
006 (20087.000.000) 02/25 00:25:32 Image size of job updated: 1571888
	1353  -  MemoryUsage of job (MB)
	1384964  -  ResidentSetSize of job (KB)
...
006 (20087.000.000) 02/25 01:30:40 Image size of job updated: 1571888
	1372  -  MemoryUsage of job (MB)
	1404912  -  ResidentSetSize of job (KB)
...
006 (20087.000.000) 02/25 02:10:43 Image size of job updated: 1620288
	1372  -  MemoryUsage of job (MB)
	1404912  -  ResidentSetSize of job (KB)
...
006 (20087.000.000) 02/25 03:45:53 Image size of job updated: 1630680
	1372  -  MemoryUsage of job (MB)
	1404912  -  ResidentSetSize of job (KB)
...
005 (20087.000.000) 02/25 04:33:27 Job terminated.
	(1) Normal termination (return value 0)
		Usr 0 11:07:05, Sys 0 00:05:04  -  Run Remote Usage
		Usr 0 00:00:00, Sys 0 00:00:00  -  Run Local Usage
		Usr 0 11:07:05, Sys 0 00:05:04  -  Total Remote Usage
		Usr 0 00:00:00, Sys 0 00:00:00  -  Total Local Usage
	0  -  Run Bytes Sent By Job
	0  -  Run Bytes Received By Job
	0  -  Total Bytes Sent By Job
	0  -  Total Bytes Received By Job
	Partitionable Resources :    Usage  Request Allocated
	   Cpus                 :                 2         2
	   Disk (KB)            :        1        1   5108820
	   Memory (MB)          :     1372        1         1
...
