DATE: 2016-02-26
TIME: 16:59:50
                                         version_number        8118
 read inlist_1.0
 create pre-main-sequence model
                                                species           8
 abundances
                                                     h1    7.5744199999999995D-01
                                                    he3    2.5712911558837000D-05
                                                    he4    2.4159128708844119D-01
                                                    c12    1.6192777923872026D-04
                                                    n14    4.7433859628666249D-05
                                                    o16    4.4040901296007312D-04
                                                   ne20    9.8779590633282758D-05
                                                   mg24    1.9244975753933825D-04


                                        relax_num_steps


                               finished relax_num_steps

 new_lnPgas_flag T
                                        relax_initial_Z    9.4100000000000000D-04
                                                  new z    9.4099999999934752D-04
                                        relax_initial_Y    2.4161700000000000D-01
                                                  new y    2.4161700000000011D-01
 net name basic.net
 do_element_diffusion T
 lnPgas_flag T
 kappa_file_prefix gs98
 kappa_lowT_prefix lowT_fa05_gs98
   eos_file_prefix mesa
                                        OMP_NUM_THREADS           1



stop because Lnuc_div_L >= Lnuc_div_L_zams_limit
    0.9990200853E+00    0.9990000000E+00

        839   7.169147   6767.589   0.152718   0.152718   0.981662   0.981662   0.757051   0.000100   0.241582   0.757345  -1.592131    796      0
   5.619844   1.994890  -0.060780 -45.490076  -1.457067 -99.000000   0.000000   0.242001   0.000440   0.000941   0.241713   0.076915      4      0
 1.8131E+07  17.313811   0.153144 -99.000000   4.514490  -7.141737   0.000000   0.000117   0.000099  9.485E-04  9.422E-04 -0.210E-10  max increase

save photos/x839 for model 839
save final_profile.data write fgong_plot.data
                               s% atm_structure_num_pts          53
save final_profile.data.FGONG    839
 final_profile.data.FGONG for model 839
 saved to zams.mod
termination code: Lnuc_div_L_zams_limit

       runtime, prev time, retries, backups, steps         8.4        28.2         0         0       839
        839   7.169147   6767.589   0.152718   0.152718   0.981662   0.981662   0.757051   0.000100   0.241582   0.757345  -1.592131    796      0
   5.619844   1.994890  -0.060780 -45.490076  -1.457067 -99.000000   0.000000   0.242001   0.000440   0.000941   0.241713   0.076915      4      0
 1.8131E+07  17.313811   0.153144 -99.000000   4.514490  -7.141737   0.000000   0.000117   0.000099  9.485E-04  9.422E-04 -0.210E-10  max increase

DATE: 2016-02-26
TIME: 17:10:00
DATE: 2016-02-26
TIME: 17:10:00
                                         version_number        8118
 read inlist_1.0
load saved model zams.mod

 new_lnPgas_flag T
 net name basic.net
 do_element_diffusion T
 lnPgas_flag T
                       which_atm_option: Eddington_grey
 kappa_file_prefix gs98
 kappa_lowT_prefix lowT_fa05_gs98
   eos_file_prefix mesa
                                        OMP_NUM_THREADS           1


__________________________________________________________________________________________________________________________________________________

       step    lg_Tcntr    Teff       lg_LH     lg_Lnuc     Mass       H_rich     H_cntr     N_cntr     Y_surf     X_avg     eta_cntr  zones retry
   lg_dt_yr    lg_Dcntr    lg_R       lg_L3a    lg_Lneu     lg_Mdot    He_core    He_cntr    O_cntr     Z_surf     Y_avg     gam_cntr  iters bckup
     age_yr    lg_Pcntr    lg_L       lg_LZ     lg_Psurf    lg_Dsurf   C_core     C_cntr     Ne_cntr    Z_cntr     Z_avg     v_div_cs     dt_limit
__________________________________________________________________________________________________________________________________________________

        840   7.169001   6915.925   0.152718   0.152718   0.981662   0.981662   0.757015   0.000106   0.241580   0.757336  -1.592559    796      0
   5.699026   1.994493  -0.081384 -45.498039  -1.458904 -99.000000   0.000000   0.242035   0.000440   0.000941   0.241721   0.076919      5      0
 1.8631E+07  17.313254   0.149602 -99.000000   4.871446  -6.797156   0.000000   0.000112   0.000099  9.493E-04  9.424E-04 -0.204E-09              

