000 (20176.000.000) 02/24 21:34:43 Job submitted from host: <134.76.239.76:13753?addrs=134.76.239.76-13753>
...
001 (20176.000.000) 02/24 22:10:36 Job executing on host: <134.76.239.88:25067?addrs=134.76.239.88-25067>
...
006 (20176.000.000) 02/24 22:10:44 Image size of job updated: 45172
	5  -  MemoryUsage of job (MB)
	4304  -  ResidentSetSize of job (KB)
...
006 (20176.000.000) 02/24 22:15:44 Image size of job updated: 1138976
	915  -  MemoryUsage of job (MB)
	936088  -  ResidentSetSize of job (KB)
...
006 (20176.000.000) 02/24 22:20:45 Image size of job updated: 1145036
	915  -  MemoryUsage of job (MB)
	936088  -  ResidentSetSize of job (KB)
...
006 (20176.000.000) 02/24 22:35:46 Image size of job updated: 1242836
	1061  -  MemoryUsage of job (MB)
	1086156  -  ResidentSetSize of job (KB)
...
006 (20176.000.000) 02/24 22:45:48 Image size of job updated: 1242836
	1062  -  MemoryUsage of job (MB)
	1086484  -  ResidentSetSize of job (KB)
...
006 (20176.000.000) 02/24 22:50:48 Image size of job updated: 1313984
	1126  -  MemoryUsage of job (MB)
	1153012  -  ResidentSetSize of job (KB)
...
006 (20176.000.000) 02/24 23:00:50 Image size of job updated: 1459468
	1294  -  MemoryUsage of job (MB)
	1324820  -  ResidentSetSize of job (KB)
...
006 (20176.000.000) 02/24 23:05:50 Image size of job updated: 1459468
	1295  -  MemoryUsage of job (MB)
	1325176  -  ResidentSetSize of job (KB)
...
006 (20176.000.000) 02/24 23:10:51 Image size of job updated: 1459468
	1295  -  MemoryUsage of job (MB)
	1325396  -  ResidentSetSize of job (KB)
...
006 (20176.000.000) 02/24 23:15:52 Image size of job updated: 1484004
	1320  -  MemoryUsage of job (MB)
	1350864  -  ResidentSetSize of job (KB)
...
006 (20176.000.000) 02/25 00:25:59 Image size of job updated: 1484004
	1332  -  MemoryUsage of job (MB)
	1363436  -  ResidentSetSize of job (KB)
...
006 (20176.000.000) 02/25 00:30:59 Image size of job updated: 1484004
	1332  -  MemoryUsage of job (MB)
	1363440  -  ResidentSetSize of job (KB)
...
005 (20176.000.000) 02/25 01:54:32 Job terminated.
	(1) Normal termination (return value 0)
		Usr 0 06:10:14, Sys 0 00:01:27  -  Run Remote Usage
		Usr 0 00:00:00, Sys 0 00:00:00  -  Run Local Usage
		Usr 0 06:10:14, Sys 0 00:01:27  -  Total Remote Usage
		Usr 0 00:00:00, Sys 0 00:00:00  -  Total Local Usage
	0  -  Run Bytes Sent By Job
	0  -  Run Bytes Received By Job
	0  -  Total Bytes Sent By Job
	0  -  Total Bytes Received By Job
	Partitionable Resources :    Usage  Request Allocated
	   Cpus                 :                 2         2
	   Disk (KB)            :        1        1   5108760
	   Memory (MB)          :     1332        1         1
...
