000 (20428.000.000) 02/24 21:34:58 Job submitted from host: <134.76.239.76:13753?addrs=134.76.239.76-13753>
...
001 (20428.000.000) 02/25 00:56:40 Job executing on host: <134.76.239.85:29523?addrs=134.76.239.85-29523>
...
006 (20428.000.000) 02/25 00:56:48 Image size of job updated: 827408
	628  -  MemoryUsage of job (MB)
	642064  -  ResidentSetSize of job (KB)
...
006 (20428.000.000) 02/25 01:01:48 Image size of job updated: 1143428
	936  -  MemoryUsage of job (MB)
	957832  -  ResidentSetSize of job (KB)
...
006 (20428.000.000) 02/25 01:06:49 Image size of job updated: 1145116
	936  -  MemoryUsage of job (MB)
	957832  -  ResidentSetSize of job (KB)
...
006 (20428.000.000) 02/25 01:21:51 Image size of job updated: 1146824
	936  -  MemoryUsage of job (MB)
	957832  -  ResidentSetSize of job (KB)
...
006 (20428.000.000) 02/25 01:26:51 Image size of job updated: 1146824
	939  -  MemoryUsage of job (MB)
	961524  -  ResidentSetSize of job (KB)
...
006 (20428.000.000) 02/25 01:31:51 Image size of job updated: 1146824
	939  -  MemoryUsage of job (MB)
	961528  -  ResidentSetSize of job (KB)
...
006 (20428.000.000) 02/25 01:56:54 Image size of job updated: 1153692
	939  -  MemoryUsage of job (MB)
	961528  -  ResidentSetSize of job (KB)
...
006 (20428.000.000) 02/25 02:01:54 Image size of job updated: 1154536
	939  -  MemoryUsage of job (MB)
	961528  -  ResidentSetSize of job (KB)
...
006 (20428.000.000) 02/25 02:56:59 Image size of job updated: 1156724
	939  -  MemoryUsage of job (MB)
	961528  -  ResidentSetSize of job (KB)
...
022 (20428.000.000) 02/25 05:33:40 Job disconnected, attempting to reconnect
    Socket between submit and execute hosts closed unexpectedly
    Trying to reconnect to slot1@seismo25.mps.mpg.de <134.76.239.85:29523?addrs=134.76.239.85-29523>
...
024 (20428.000.000) 02/25 06:13:40 Job reconnection failed
    Job disconnected too long: JobLeaseDuration (2400 seconds) expired
    Can not reconnect to slot1@seismo25.mps.mpg.de, rescheduling job
...
001 (20428.000.000) 02/25 06:13:48 Job executing on host: <134.76.239.90:23525?addrs=134.76.239.90-23525>
...
004 (20428.000.000) 02/25 09:57:09 Job was evicted.
	(0) Job was not checkpointed.
		Usr 0 06:34:12, Sys 0 00:01:01  -  Run Remote Usage
		Usr 0 00:00:00, Sys 0 00:00:00  -  Run Local Usage
	0  -  Run Bytes Sent By Job
	0  -  Run Bytes Received By Job
	Partitionable Resources :    Usage  Request Allocated
	   Cpus                 :                 2         2
	   Disk (KB)            :        1        1   5108776
	   Memory (MB)          :      977      977       977
...
001 (20428.000.000) 02/25 09:58:49 Job executing on host: <134.76.239.83:20501?addrs=134.76.239.83-20501>
...
004 (20428.000.000) 02/25 09:59:08 Job was evicted.
	(0) Job was not checkpointed.
		Usr 0 00:00:00, Sys 0 00:00:00  -  Run Remote Usage
		Usr 0 00:00:00, Sys 0 00:00:00  -  Run Local Usage
	0  -  Run Bytes Sent By Job
	0  -  Run Bytes Received By Job
	Partitionable Resources :    Usage  Request Allocated
	   Cpus                 :                 2         2
	   Disk (KB)            :        1        1   5108653
	   Memory (MB)          :      977      977       977
...
001 (20428.000.000) 02/25 09:59:29 Job executing on host: <134.76.239.86:20177?addrs=134.76.239.86-20177>
...
004 (20428.000.000) 02/25 10:02:31 Job was evicted.
	(0) Job was not checkpointed.
		Usr 0 00:01:59, Sys 0 00:00:01  -  Run Remote Usage
		Usr 0 00:00:00, Sys 0 00:00:00  -  Run Local Usage
	0  -  Run Bytes Sent By Job
	0  -  Run Bytes Received By Job
	Partitionable Resources :    Usage  Request Allocated
	   Cpus                 :                 2         2
	   Disk (KB)            :        1        1   5108669
	   Memory (MB)          :      977      977       977
...
001 (20428.000.000) 02/25 10:03:32 Job executing on host: <134.76.239.91:19968?addrs=134.76.239.91-19968>
...
004 (20428.000.000) 02/25 10:08:51 Job was evicted.
	(0) Job was not checkpointed.
		Usr 0 00:09:25, Sys 0 00:00:02  -  Run Remote Usage
		Usr 0 00:00:00, Sys 0 00:00:00  -  Run Local Usage
	0  -  Run Bytes Sent By Job
	0  -  Run Bytes Received By Job
	Partitionable Resources :    Usage  Request Allocated
	   Cpus                 :                 2         2
	   Disk (KB)            :        1        1   5108593
	   Memory (MB)          :      977      977       977
...
001 (20428.000.000) 02/25 10:10:15 Job executing on host: <134.76.239.83:20501?addrs=134.76.239.83-20501>
...
004 (20428.000.000) 02/25 10:49:49 Job was evicted.
	(0) Job was not checkpointed.
		Usr 0 01:12:08, Sys 0 00:00:16  -  Run Remote Usage
		Usr 0 00:00:00, Sys 0 00:00:00  -  Run Local Usage
	0  -  Run Bytes Sent By Job
	0  -  Run Bytes Received By Job
	Partitionable Resources :    Usage  Request Allocated
	   Cpus                 :                 2         2
	   Disk (KB)            :        1        1   5108607
	   Memory (MB)          :      977      977       977
...
001 (20428.000.000) 02/25 10:50:42 Job executing on host: <134.76.239.90:23525?addrs=134.76.239.90-23525>
...
004 (20428.000.000) 02/25 10:52:28 Job was evicted.
	(0) Job was not checkpointed.
		Usr 0 00:02:21, Sys 0 00:00:01  -  Run Remote Usage
		Usr 0 00:00:00, Sys 0 00:00:00  -  Run Local Usage
	0  -  Run Bytes Sent By Job
	0  -  Run Bytes Received By Job
	Partitionable Resources :    Usage  Request Allocated
	   Cpus                 :                 2         2
	   Disk (KB)            :        1        1   5108675
	   Memory (MB)          :      977      977       977
...
001 (20428.000.000) 02/25 10:54:27 Job executing on host: <134.76.239.90:23525?addrs=134.76.239.90-23525>
...
004 (20428.000.000) 02/25 11:04:25 Job was evicted.
	(0) Job was not checkpointed.
		Usr 0 00:17:31, Sys 0 00:00:05  -  Run Remote Usage
		Usr 0 00:00:00, Sys 0 00:00:00  -  Run Local Usage
	0  -  Run Bytes Sent By Job
	0  -  Run Bytes Received By Job
	Partitionable Resources :    Usage  Request Allocated
	   Cpus                 :                 2         2
	   Disk (KB)            :        1        1   5108669
	   Memory (MB)          :      977      977       977
...
001 (20428.000.000) 02/25 11:06:24 Job executing on host: <134.76.239.79:12046?addrs=134.76.239.79-12046>
...
004 (20428.000.000) 02/25 11:08:07 Job was evicted.
	(0) Job was not checkpointed.
		Usr 0 00:02:16, Sys 0 00:00:01  -  Run Remote Usage
		Usr 0 00:00:00, Sys 0 00:00:00  -  Run Local Usage
	0  -  Run Bytes Sent By Job
	0  -  Run Bytes Received By Job
	Partitionable Resources :    Usage  Request Allocated
	   Cpus                 :                 2         2
	   Disk (KB)            :        1        1   5108584
	   Memory (MB)          :      977      977       977
...
001 (20428.000.000) 02/25 11:11:06 Job executing on host: <134.76.239.88:25067?addrs=134.76.239.88-25067>
...
004 (20428.000.000) 02/25 11:30:52 Job was evicted.
	(0) Job was not checkpointed.
		Usr 0 00:28:58, Sys 0 00:00:09  -  Run Remote Usage
		Usr 0 00:00:00, Sys 0 00:00:00  -  Run Local Usage
	0  -  Run Bytes Sent By Job
	0  -  Run Bytes Received By Job
	Partitionable Resources :    Usage  Request Allocated
	   Cpus                 :                 2         2
	   Disk (KB)            :        1        1   5108587
	   Memory (MB)          :      977      977       977
...
001 (20428.000.000) 02/25 11:32:40 Job executing on host: <134.76.239.78:21556?addrs=134.76.239.78-21556>
...
004 (20428.000.000) 02/25 11:45:13 Job was evicted.
	(0) Job was not checkpointed.
		Usr 0 00:16:59, Sys 0 00:00:05  -  Run Remote Usage
		Usr 0 00:00:00, Sys 0 00:00:00  -  Run Local Usage
	0  -  Run Bytes Sent By Job
	0  -  Run Bytes Received By Job
	Partitionable Resources :    Usage  Request Allocated
	   Cpus                 :                 2         2
	   Disk (KB)            :        1        1   5108624
	   Memory (MB)          :      977      977       977
...
001 (20428.000.000) 02/25 11:47:57 Job executing on host: <134.76.239.89:24193?addrs=134.76.239.89-24193>
...
004 (20428.000.000) 02/25 11:57:16 Job was evicted.
	(0) Job was not checkpointed.
		Usr 0 00:11:26, Sys 0 00:00:04  -  Run Remote Usage
		Usr 0 00:00:00, Sys 0 00:00:00  -  Run Local Usage
	0  -  Run Bytes Sent By Job
	0  -  Run Bytes Received By Job
	Partitionable Resources :    Usage  Request Allocated
	   Cpus                 :                 2         2
	   Disk (KB)            :        1        1   5108623
	   Memory (MB)          :      977      977       977
...
001 (20428.000.000) 02/25 11:59:16 Job executing on host: <134.76.239.84:12289?addrs=134.76.239.84-12289>
...
004 (20428.000.000) 02/25 13:21:07 Job was evicted.
	(0) Job was not checkpointed.
		Usr 0 02:25:56, Sys 0 00:00:35  -  Run Remote Usage
		Usr 0 00:00:00, Sys 0 00:00:00  -  Run Local Usage
	0  -  Run Bytes Sent By Job
	0  -  Run Bytes Received By Job
	Partitionable Resources :    Usage  Request Allocated
	   Cpus                 :                 2         2
	   Disk (KB)            :        1        1   5108459
	   Memory (MB)          :      977      977       977
...
001 (20428.000.000) 02/25 13:23:10 Job executing on host: <134.76.239.78:21556?addrs=134.76.239.78-21556>
...
