000 (20887.000.000) 02/24 21:35:21 Job submitted from host: <134.76.239.76:13753?addrs=134.76.239.76-13753>
...
001 (20887.000.000) 02/25 06:29:47 Job executing on host: <134.76.239.86:20177?addrs=134.76.239.86-20177>
...
006 (20887.000.000) 02/25 06:29:56 Image size of job updated: 202156
	42  -  MemoryUsage of job (MB)
	42880  -  ResidentSetSize of job (KB)
...
006 (20887.000.000) 02/25 06:34:56 Image size of job updated: 1138216
	928  -  MemoryUsage of job (MB)
	949732  -  ResidentSetSize of job (KB)
...
006 (20887.000.000) 02/25 06:39:56 Image size of job updated: 1248872
	1064  -  MemoryUsage of job (MB)
	1089504  -  ResidentSetSize of job (KB)
...
006 (20887.000.000) 02/25 06:44:57 Image size of job updated: 1462112
	1235  -  MemoryUsage of job (MB)
	1264224  -  ResidentSetSize of job (KB)
...
006 (20887.000.000) 02/25 06:49:58 Image size of job updated: 1511192
	1235  -  MemoryUsage of job (MB)
	1264224  -  ResidentSetSize of job (KB)
...
006 (20887.000.000) 02/25 06:59:59 Image size of job updated: 1511192
	1243  -  MemoryUsage of job (MB)
	1272000  -  ResidentSetSize of job (KB)
...
005 (20887.000.000) 02/25 07:53:46 Job terminated.
	(1) Normal termination (return value 0)
		Usr 0 02:05:27, Sys 0 00:00:29  -  Run Remote Usage
		Usr 0 00:00:00, Sys 0 00:00:00  -  Run Local Usage
		Usr 0 02:05:27, Sys 0 00:00:29  -  Total Remote Usage
		Usr 0 00:00:00, Sys 0 00:00:00  -  Total Local Usage
	0  -  Run Bytes Sent By Job
	0  -  Run Bytes Received By Job
	0  -  Total Bytes Sent By Job
	0  -  Total Bytes Received By Job
	Partitionable Resources :    Usage  Request Allocated
	   Cpus                 :                 2         2
	   Disk (KB)            :        1        1   5108694
	   Memory (MB)          :     1243        1         1
...
