DATE: 2016-02-25
TIME: 11:14:47
                                         version_number        8118
 read inlist_1.0
 create pre-main-sequence model
                                                species           8
 abundances
                                                     h1    7.3488200000000015D-01
                                                    he3    2.7631985689136226D-05
                                                    he4    2.5962236801431093D-01
                                                    c12    9.4093634099601611D-04
                                                    n14    2.7563054670512877D-04
                                                    o16    2.5591461029388801D-03
                                                   ne20    5.7399235024733976D-04
                                                   mg24    1.1182946591126645D-03


                                        relax_num_steps


                               finished relax_num_steps

 new_lnPgas_flag T
                                        relax_initial_Z    5.4679999999999998D-03
                                                  new z    5.4680000000003719D-03
                                        relax_initial_Y    2.5964999999999999D-01
                                                  new y    2.5964999999999977D-01
 net name basic.net
 do_element_diffusion T
 lnPgas_flag T
 kappa_file_prefix gs98
 kappa_lowT_prefix lowT_fa05_gs98
   eos_file_prefix mesa
                                        OMP_NUM_THREADS           2


