000 (20840.000.000) 02/24 21:35:19 Job submitted from host: <134.76.239.76:13753?addrs=134.76.239.76-13753>
...
001 (20840.000.000) 02/25 05:39:48 Job executing on host: <134.76.239.86:20177?addrs=134.76.239.86-20177>
...
006 (20840.000.000) 02/25 05:39:57 Image size of job updated: 1
	3  -  MemoryUsage of job (MB)
	2072  -  ResidentSetSize of job (KB)
...
006 (20840.000.000) 02/25 05:44:58 Image size of job updated: 1144056
	931  -  MemoryUsage of job (MB)
	953072  -  ResidentSetSize of job (KB)
...
006 (20840.000.000) 02/25 05:49:59 Image size of job updated: 1145472
	931  -  MemoryUsage of job (MB)
	953072  -  ResidentSetSize of job (KB)
...
006 (20840.000.000) 02/25 05:54:59 Image size of job updated: 1267912
	1074  -  MemoryUsage of job (MB)
	1098840  -  ResidentSetSize of job (KB)
...
006 (20840.000.000) 02/25 05:59:59 Image size of job updated: 1267912
	1074  -  MemoryUsage of job (MB)
	1099164  -  ResidentSetSize of job (KB)
...
006 (20840.000.000) 02/25 06:05:00 Image size of job updated: 1268344
	1074  -  MemoryUsage of job (MB)
	1099172  -  ResidentSetSize of job (KB)
...
006 (20840.000.000) 02/25 06:10:01 Image size of job updated: 1484436
	1245  -  MemoryUsage of job (MB)
	1273932  -  ResidentSetSize of job (KB)
...
006 (20840.000.000) 02/25 06:15:01 Image size of job updated: 1484436
	1245  -  MemoryUsage of job (MB)
	1274124  -  ResidentSetSize of job (KB)
...
006 (20840.000.000) 02/25 06:20:02 Image size of job updated: 1550576
	1307  -  MemoryUsage of job (MB)
	1337948  -  ResidentSetSize of job (KB)
...
005 (20840.000.000) 02/25 08:29:43 Job terminated.
	(1) Normal termination (return value 0)
		Usr 0 04:42:17, Sys 0 00:00:47  -  Run Remote Usage
		Usr 0 00:00:00, Sys 0 00:00:00  -  Run Local Usage
		Usr 0 04:42:17, Sys 0 00:00:47  -  Total Remote Usage
		Usr 0 00:00:00, Sys 0 00:00:00  -  Total Local Usage
	0  -  Run Bytes Sent By Job
	0  -  Run Bytes Received By Job
	0  -  Total Bytes Sent By Job
	0  -  Total Bytes Received By Job
	Partitionable Resources :    Usage  Request Allocated
	   Cpus                 :                 2         2
	   Disk (KB)            :        1        1   5108691
	   Memory (MB)          :     1307        1         1
...
