000 (20414.000.000) 02/24 21:34:57 Job submitted from host: <134.76.239.76:13753?addrs=134.76.239.76-13753>
...
001 (20414.000.000) 02/25 00:48:40 Job executing on host: <134.76.239.86:20177?addrs=134.76.239.86-20177>
...
006 (20414.000.000) 02/25 00:48:48 Image size of job updated: 827412
	618  -  MemoryUsage of job (MB)
	632140  -  ResidentSetSize of job (KB)
...
006 (20414.000.000) 02/25 00:53:48 Image size of job updated: 1144896
	928  -  MemoryUsage of job (MB)
	950068  -  ResidentSetSize of job (KB)
...
006 (20414.000.000) 02/25 00:58:49 Image size of job updated: 1146164
	928  -  MemoryUsage of job (MB)
	950068  -  ResidentSetSize of job (KB)
...
006 (20414.000.000) 02/25 01:13:51 Image size of job updated: 1242464
	1074  -  MemoryUsage of job (MB)
	1099036  -  ResidentSetSize of job (KB)
...
006 (20414.000.000) 02/25 01:23:52 Image size of job updated: 1242464
	1074  -  MemoryUsage of job (MB)
	1099372  -  ResidentSetSize of job (KB)
...
006 (20414.000.000) 02/25 01:28:52 Image size of job updated: 1242464
	1074  -  MemoryUsage of job (MB)
	1099376  -  ResidentSetSize of job (KB)
...
006 (20414.000.000) 02/25 01:33:53 Image size of job updated: 1428948
	1218  -  MemoryUsage of job (MB)
	1246968  -  ResidentSetSize of job (KB)
...
006 (20414.000.000) 02/25 01:38:53 Image size of job updated: 1428948
	1218  -  MemoryUsage of job (MB)
	1246976  -  ResidentSetSize of job (KB)
...
006 (20414.000.000) 02/25 01:43:53 Image size of job updated: 1428948
	1219  -  MemoryUsage of job (MB)
	1247300  -  ResidentSetSize of job (KB)
...
006 (20414.000.000) 02/25 01:48:54 Image size of job updated: 1453484
	1243  -  MemoryUsage of job (MB)
	1271836  -  ResidentSetSize of job (KB)
...
006 (20414.000.000) 02/25 02:59:02 Image size of job updated: 1453692
	1243  -  MemoryUsage of job (MB)
	1271836  -  ResidentSetSize of job (KB)
...
006 (20414.000.000) 02/25 04:37:10 Image size of job updated: 9203148
	1243  -  MemoryUsage of job (MB)
	1271836  -  ResidentSetSize of job (KB)
...
005 (20414.000.000) 02/25 04:37:10 Job terminated.
	(1) Normal termination (return value 0)
		Usr 0 06:24:55, Sys 0 00:00:47  -  Run Remote Usage
		Usr 0 00:00:00, Sys 0 00:00:00  -  Run Local Usage
		Usr 0 06:24:55, Sys 0 00:00:47  -  Total Remote Usage
		Usr 0 00:00:00, Sys 0 00:00:00  -  Total Local Usage
	0  -  Run Bytes Sent By Job
	0  -  Run Bytes Received By Job
	0  -  Total Bytes Sent By Job
	0  -  Total Bytes Received By Job
	Partitionable Resources :    Usage  Request Allocated
	   Cpus                 :                 2         2
	   Disk (KB)            :        1        1   5108736
	   Memory (MB)          :     1243        1         1
...
