000 (20593.000.000) 02/24 21:35:06 Job submitted from host: <134.76.239.76:13753?addrs=134.76.239.76-13753>
...
001 (20593.000.000) 02/25 02:48:44 Job executing on host: <134.76.239.83:20501?addrs=134.76.239.83-20501>
...
006 (20593.000.000) 02/25 02:48:52 Image size of job updated: 1
	3  -  MemoryUsage of job (MB)
	2072  -  ResidentSetSize of job (KB)
...
006 (20593.000.000) 02/25 02:53:52 Image size of job updated: 1143936
	937  -  MemoryUsage of job (MB)
	958748  -  ResidentSetSize of job (KB)
...
006 (20593.000.000) 02/25 02:58:53 Image size of job updated: 1145984
	937  -  MemoryUsage of job (MB)
	958748  -  ResidentSetSize of job (KB)
...
006 (20593.000.000) 02/25 03:08:54 Image size of job updated: 1265840
	1078  -  MemoryUsage of job (MB)
	1103252  -  ResidentSetSize of job (KB)
...
006 (20593.000.000) 02/25 03:13:55 Image size of job updated: 1452324
	1222  -  MemoryUsage of job (MB)
	1250876  -  ResidentSetSize of job (KB)
...
006 (20593.000.000) 02/25 03:18:56 Image size of job updated: 1476868
	1247  -  MemoryUsage of job (MB)
	1276176  -  ResidentSetSize of job (KB)
...
006 (20593.000.000) 02/25 03:48:58 Image size of job updated: 1476948
	1247  -  MemoryUsage of job (MB)
	1276176  -  ResidentSetSize of job (KB)
...
006 (20593.000.000) 02/25 03:53:58 Image size of job updated: 1476956
	1247  -  MemoryUsage of job (MB)
	1276176  -  ResidentSetSize of job (KB)
...
005 (20593.000.000) 02/25 04:43:13 Job terminated.
	(1) Normal termination (return value 0)
		Usr 0 02:57:13, Sys 0 00:00:35  -  Run Remote Usage
		Usr 0 00:00:00, Sys 0 00:00:00  -  Run Local Usage
		Usr 0 02:57:13, Sys 0 00:00:35  -  Total Remote Usage
		Usr 0 00:00:00, Sys 0 00:00:00  -  Total Local Usage
	0  -  Run Bytes Sent By Job
	0  -  Run Bytes Received By Job
	0  -  Total Bytes Sent By Job
	0  -  Total Bytes Received By Job
	Partitionable Resources :    Usage  Request Allocated
	   Cpus                 :                 2         2
	   Disk (KB)            :        1        1   5108722
	   Memory (MB)          :     1247        1         1
...
