000 (20029.000.000) 02/24 21:34:36 Job submitted from host: <134.76.239.76:13753?addrs=134.76.239.76-13753>
...
001 (20029.000.000) 02/24 21:34:43 Job executing on host: <134.76.239.91:19968?addrs=134.76.239.91-19968>
...
006 (20029.000.000) 02/24 21:34:55 Image size of job updated: 65708
	5  -  MemoryUsage of job (MB)
	4288  -  ResidentSetSize of job (KB)
...
006 (20029.000.000) 02/24 21:39:56 Image size of job updated: 1139208
	928  -  MemoryUsage of job (MB)
	949728  -  ResidentSetSize of job (KB)
...
006 (20029.000.000) 02/24 21:44:57 Image size of job updated: 1145496
	934  -  MemoryUsage of job (MB)
	955968  -  ResidentSetSize of job (KB)
...
006 (20029.000.000) 02/24 21:59:58 Image size of job updated: 1242528
	1062  -  MemoryUsage of job (MB)
	1087016  -  ResidentSetSize of job (KB)
...
006 (20029.000.000) 02/24 22:20:00 Image size of job updated: 1242528
	1062  -  MemoryUsage of job (MB)
	1087348  -  ResidentSetSize of job (KB)
...
006 (20029.000.000) 02/24 22:25:00 Image size of job updated: 1242528
	1062  -  MemoryUsage of job (MB)
	1087352  -  ResidentSetSize of job (KB)
...
006 (20029.000.000) 02/24 22:30:01 Image size of job updated: 1242528
	1062  -  MemoryUsage of job (MB)
	1087360  -  ResidentSetSize of job (KB)
...
006 (20029.000.000) 02/24 22:40:02 Image size of job updated: 1453548
	1230  -  MemoryUsage of job (MB)
	1259172  -  ResidentSetSize of job (KB)
...
006 (20029.000.000) 02/24 22:45:02 Image size of job updated: 1457116
	1230  -  MemoryUsage of job (MB)
	1259184  -  ResidentSetSize of job (KB)
...
006 (20029.000.000) 02/24 22:50:03 Image size of job updated: 1459152
	1234  -  MemoryUsage of job (MB)
	1263224  -  ResidentSetSize of job (KB)
...
006 (20029.000.000) 02/24 22:55:04 Image size of job updated: 1459152
	1234  -  MemoryUsage of job (MB)
	1263248  -  ResidentSetSize of job (KB)
...
006 (20029.000.000) 02/24 23:00:04 Image size of job updated: 1524688
	1296  -  MemoryUsage of job (MB)
	1326544  -  ResidentSetSize of job (KB)
...
006 (20029.000.000) 02/24 23:05:05 Image size of job updated: 1524688
	1296  -  MemoryUsage of job (MB)
	1326560  -  ResidentSetSize of job (KB)
...
006 (20029.000.000) 02/24 23:10:06 Image size of job updated: 1549224
	1320  -  MemoryUsage of job (MB)
	1351472  -  ResidentSetSize of job (KB)
...
006 (20029.000.000) 02/24 23:15:06 Image size of job updated: 1549224
	1320  -  MemoryUsage of job (MB)
	1351476  -  ResidentSetSize of job (KB)
...
006 (20029.000.000) 02/25 00:25:12 Image size of job updated: 1549252
	1333  -  MemoryUsage of job (MB)
	1364004  -  ResidentSetSize of job (KB)
...
006 (20029.000.000) 02/25 02:00:23 Image size of job updated: 10250872
	1333  -  MemoryUsage of job (MB)
	1364004  -  ResidentSetSize of job (KB)
...
005 (20029.000.000) 02/25 02:00:44 Job terminated.
	(1) Normal termination (return value 0)
		Usr 0 06:30:34, Sys 0 00:01:46  -  Run Remote Usage
		Usr 0 00:00:00, Sys 0 00:00:00  -  Run Local Usage
		Usr 0 06:30:34, Sys 0 00:01:46  -  Total Remote Usage
		Usr 0 00:00:00, Sys 0 00:00:00  -  Total Local Usage
	0  -  Run Bytes Sent By Job
	0  -  Run Bytes Received By Job
	0  -  Total Bytes Sent By Job
	0  -  Total Bytes Received By Job
	Partitionable Resources :    Usage  Request Allocated
	   Cpus                 :                 2         2
	   Disk (KB)            :        1        1   5108764
	   Memory (MB)          :     1333        1         1
...
