000 (20298.000.000) 02/24 21:34:50 Job submitted from host: <134.76.239.76:13753?addrs=134.76.239.76-13753>
...
001 (20298.000.000) 02/24 23:33:37 Job executing on host: <134.76.239.83:20501?addrs=134.76.239.83-20501>
...
006 (20298.000.000) 02/24 23:33:46 Image size of job updated: 1
	3  -  MemoryUsage of job (MB)
	2072  -  ResidentSetSize of job (KB)
...
006 (20298.000.000) 02/24 23:38:47 Image size of job updated: 1145532
	928  -  MemoryUsage of job (MB)
	949272  -  ResidentSetSize of job (KB)
...
006 (20298.000.000) 02/24 23:43:47 Image size of job updated: 1147096
	928  -  MemoryUsage of job (MB)
	949272  -  ResidentSetSize of job (KB)
...
006 (20298.000.000) 02/25 00:08:50 Image size of job updated: 1241548
	1072  -  MemoryUsage of job (MB)
	1096788  -  ResidentSetSize of job (KB)
...
006 (20298.000.000) 02/25 00:13:51 Image size of job updated: 1241548
	1072  -  MemoryUsage of job (MB)
	1096792  -  ResidentSetSize of job (KB)
...
006 (20298.000.000) 02/25 00:18:51 Image size of job updated: 1241548
	1072  -  MemoryUsage of job (MB)
	1096800  -  ResidentSetSize of job (KB)
...
006 (20298.000.000) 02/25 00:23:51 Image size of job updated: 1241548
	1072  -  MemoryUsage of job (MB)
	1097136  -  ResidentSetSize of job (KB)
...
006 (20298.000.000) 02/25 00:33:53 Image size of job updated: 1428032
	1216  -  MemoryUsage of job (MB)
	1244404  -  ResidentSetSize of job (KB)
...
006 (20298.000.000) 02/25 00:38:53 Image size of job updated: 1428032
	1216  -  MemoryUsage of job (MB)
	1244732  -  ResidentSetSize of job (KB)
...
006 (20298.000.000) 02/25 00:43:54 Image size of job updated: 1428444
	1216  -  MemoryUsage of job (MB)
	1244744  -  ResidentSetSize of job (KB)
...
006 (20298.000.000) 02/25 00:58:55 Image size of job updated: 1428444
	1216  -  MemoryUsage of job (MB)
	1245064  -  ResidentSetSize of job (KB)
...
006 (20298.000.000) 02/25 01:03:56 Image size of job updated: 1428444
	1216  -  MemoryUsage of job (MB)
	1245068  -  ResidentSetSize of job (KB)
...
006 (20298.000.000) 02/25 01:13:56 Image size of job updated: 1428444
	1216  -  MemoryUsage of job (MB)
	1245072  -  ResidentSetSize of job (KB)
...
006 (20298.000.000) 02/25 01:23:58 Image size of job updated: 1428456
	1220  -  MemoryUsage of job (MB)
	1249024  -  ResidentSetSize of job (KB)
...
006 (20298.000.000) 02/25 01:28:58 Image size of job updated: 1431436
	1220  -  MemoryUsage of job (MB)
	1249108  -  ResidentSetSize of job (KB)
...
005 (20298.000.000) 02/25 04:54:29 Job terminated.
	(1) Normal termination (return value 0)
		Usr 0 09:02:36, Sys 0 00:01:51  -  Run Remote Usage
		Usr 0 00:00:00, Sys 0 00:00:00  -  Run Local Usage
		Usr 0 09:02:36, Sys 0 00:01:51  -  Total Remote Usage
		Usr 0 00:00:00, Sys 0 00:00:00  -  Total Local Usage
	0  -  Run Bytes Sent By Job
	0  -  Run Bytes Received By Job
	0  -  Total Bytes Sent By Job
	0  -  Total Bytes Received By Job
	Partitionable Resources :    Usage  Request Allocated
	   Cpus                 :                 2         2
	   Disk (KB)            :        1        1   5108755
	   Memory (MB)          :     1220        1         1
...
