DATE: 2016-02-25
TIME: 13:25:12
                                         version_number        8118
 read inlist_1.0
 create pre-main-sequence model
                                                species           8
 abundances
                                                     h1    6.6884699999999997D-01
                                                    he3    3.4318042938862249D-05
                                                    he4    3.2244268195706116D-01
                                                    c12    1.4929706829702649D-03
                                                    n14    4.3733917761771933D-04
                                                    o16    4.0605617390449249D-03
                                                   ne20    9.1074572617884115D-04
                                                   mg24    1.7743826741882665D-03


                                        relax_num_steps


                               finished relax_num_steps

 new_lnPgas_flag T
                                        relax_initial_Z    8.6759999999999997D-03
                                                  new z    8.6759999999990265D-03
                                        relax_initial_Y    3.2247700000000001D-01
                                                  new y    3.2247700000000024D-01
 net name basic.net
 do_element_diffusion T
 lnPgas_flag T
 kappa_file_prefix gs98
 kappa_lowT_prefix lowT_fa05_gs98
   eos_file_prefix mesa
                                        OMP_NUM_THREADS           2


