DATE: 2016-02-26
TIME: 16:59:50
                                         version_number        8118
 read inlist_1.0
 create pre-main-sequence model
                                                species           8
 abundances
                                                     h1    7.1842399999999995D-01
                                                    he3    2.8556350902676899D-05
                                                    he4    2.6830744364909737D-01
                                                    c12    2.2783462243575548D-03
                                                    n14    6.6740095800582719D-04
                                                    o16    6.1966156552506185D-03
                                                   ne20    1.3898424866998337D-03
                                                   mg24    2.7077946756860847D-03


                                        relax_num_steps


                               finished relax_num_steps

 new_lnPgas_flag T
                                        relax_initial_Z    1.3240000000000000D-02
                                                  new z    1.3240000000000300D-02
                                        relax_initial_Y    2.6833600000000002D-01
                                                  new y    2.6833600000000002D-01
 net name basic.net
 do_element_diffusion T
 lnPgas_flag T
 kappa_file_prefix gs98
 kappa_lowT_prefix lowT_fa05_gs98
   eos_file_prefix mesa
                                        OMP_NUM_THREADS           1



stop because Lnuc_div_L >= Lnuc_div_L_zams_limit
    0.9994453467E+00    0.9990000000E+00

        947   7.272366   7549.254   0.755702   0.755702   1.512521   1.512521   0.715573   0.003326   0.268335   0.717886  -2.144883    874      0
   6.201575   1.933130   0.145679 -40.376595  -0.749414 -99.000000   0.000000   0.270812   0.006175   0.013240   0.268788   0.059123      2      0
 2.4852E+07  17.340133   0.755943 -14.750470   3.956397  -7.734189   0.000000   0.000016   0.001390  1.361E-02  1.333E-02 -0.643E-12  max increase

save photos/x947 for model 947
save final_profile.data write fgong_plot.data
                               s% atm_structure_num_pts          45
save final_profile.data.FGONG    947
 final_profile.data.FGONG for model 947
 saved to zams.mod
termination code: Lnuc_div_L_zams_limit

       runtime, prev time, retries, backups, steps         8.9        28.2         0         0       947
        947   7.272366   7549.254   0.755702   0.755702   1.512521   1.512521   0.715573   0.003326   0.268335   0.717886  -2.144883    874      0
   6.201575   1.933130   0.145679 -40.376595  -0.749414 -99.000000   0.000000   0.270812   0.006175   0.013240   0.268788   0.059123      2      0
 2.4852E+07  17.340133   0.755943 -14.750470   3.956397  -7.734189   0.000000   0.000016   0.001390  1.361E-02  1.333E-02 -0.643E-12  max increase

DATE: 2016-02-26
TIME: 17:10:22
DATE: 2016-02-26
TIME: 17:10:22
                                         version_number        8118
 read inlist_1.0
load saved model zams.mod

 new_lnPgas_flag T
 net name basic.net
 do_element_diffusion T
 lnPgas_flag T
                       which_atm_option: Eddington_grey
 kappa_file_prefix gs98
 kappa_lowT_prefix lowT_fa05_gs98
   eos_file_prefix mesa
                                        OMP_NUM_THREADS           1


__________________________________________________________________________________________________________________________________________________

       step    lg_Tcntr    Teff       lg_LH     lg_Lnuc     Mass       H_rich     H_cntr     N_cntr     Y_surf     X_avg     eta_cntr  zones retry
   lg_dt_yr    lg_Dcntr    lg_R       lg_L3a    lg_Lneu     lg_Mdot    He_core    He_cntr    O_cntr     Z_surf     Y_avg     gam_cntr  iters bckup
     age_yr    lg_Pcntr    lg_L       lg_LZ     lg_Psurf    lg_Dsurf   C_core     C_cntr     Ne_cntr    Z_cntr     Z_avg     v_div_cs     dt_limit
__________________________________________________________________________________________________________________________________________________

        954   7.273119   7566.689   0.756764   0.756764   1.512521   1.512521   0.714126   0.003339   0.268334   0.717631  -2.145904    840      0
   6.000000   1.934210   0.144075 -40.332615  -0.751415 -99.000000   0.000000   0.272261   0.006160   0.013240   0.269037   0.059106      2      0
 3.1612E+07  17.341492   0.756741 -15.051500   4.370480  -7.323261   0.000000   0.000016   0.001390  1.361E-02  1.333E-02  0.273E-13        max_dt

