000 (28050.000.000) 02/26 16:55:55 Job submitted from host: <134.76.239.76:15915?addrs=134.76.239.76-15915>
...
001 (28050.000.000) 02/26 16:56:01 Job executing on host: <134.76.239.91:19068?addrs=134.76.239.91-19068>
...
006 (28050.000.000) 02/26 16:56:10 Image size of job updated: 65712
	5  -  MemoryUsage of job (MB)
	4300  -  ResidentSetSize of job (KB)
...
006 (28050.000.000) 02/26 17:01:11 Image size of job updated: 1071096
	931  -  MemoryUsage of job (MB)
	953176  -  ResidentSetSize of job (KB)
...
006 (28050.000.000) 02/26 17:06:11 Image size of job updated: 1071708
	932  -  MemoryUsage of job (MB)
	953720  -  ResidentSetSize of job (KB)
...
006 (28050.000.000) 02/26 17:11:12 Image size of job updated: 1080152
	932  -  MemoryUsage of job (MB)
	953720  -  ResidentSetSize of job (KB)
...
006 (28050.000.000) 02/26 17:16:13 Image size of job updated: 1231508
	1086  -  MemoryUsage of job (MB)
	1111752  -  ResidentSetSize of job (KB)
...
