DATE: 2016-02-25
TIME: 13:25:17
                                         version_number        8118
 read inlist_1.0
 create pre-main-sequence model
                                                species           8
 abundances
                                                     h1    6.8856000000000006D-01
                                                    he3    3.2545615742048983D-05
                                                    he4    3.0578945438425792D-01
                                                    c12    9.6674842057708425D-04
                                                    n14    2.8319173580639684D-04
                                                    o16    2.6293494525073697D-03
                                                   ne20    5.8973829987005871D-04
                                                   mg24    1.1489720912389919D-03


                                        relax_num_steps


                               finished relax_num_steps

 new_lnPgas_flag T
                                        relax_initial_Z    5.6179999999999997D-03
                                                  new z    5.6180000000010041D-03
                                        relax_initial_Y    3.0582199999999998D-01
                                                  new y    3.0582199999999987D-01
 net name basic.net
 do_element_diffusion T
 lnPgas_flag T
 kappa_file_prefix gs98
 kappa_lowT_prefix lowT_fa05_gs98
   eos_file_prefix mesa
                                        OMP_NUM_THREADS           2


