000 (28383.000.000) 02/26 16:56:12 Job submitted from host: <134.76.239.76:15915?addrs=134.76.239.76-15915>
...
001 (28383.000.000) 02/26 16:56:19 Job executing on host: <134.76.239.88:23213?addrs=134.76.239.88-23213>
...
006 (28383.000.000) 02/26 16:56:29 Image size of job updated: 65712
	4  -  MemoryUsage of job (MB)
	4044  -  ResidentSetSize of job (KB)
...
006 (28383.000.000) 02/26 17:01:29 Image size of job updated: 1071220
	931  -  MemoryUsage of job (MB)
	952532  -  ResidentSetSize of job (KB)
...
006 (28383.000.000) 02/26 17:06:29 Image size of job updated: 1071756
	931  -  MemoryUsage of job (MB)
	953012  -  ResidentSetSize of job (KB)
...
006 (28383.000.000) 02/26 17:11:30 Image size of job updated: 1079944
	931  -  MemoryUsage of job (MB)
	953012  -  ResidentSetSize of job (KB)
...
006 (28383.000.000) 02/26 17:16:30 Image size of job updated: 1079944
	934  -  MemoryUsage of job (MB)
	955632  -  ResidentSetSize of job (KB)
...
