000 (20000.000.000) 02/24 21:34:34 Job submitted from host: <134.76.239.76:13753?addrs=134.76.239.76-13753>
...
001 (20000.000.000) 02/24 21:34:39 Job executing on host: <134.76.239.91:19968?addrs=134.76.239.91-19968>
...
006 (20000.000.000) 02/24 21:34:50 Image size of job updated: 65708
	4  -  MemoryUsage of job (MB)
	4040  -  ResidentSetSize of job (KB)
...
006 (20000.000.000) 02/24 21:39:51 Image size of job updated: 1138936
	927  -  MemoryUsage of job (MB)
	948792  -  ResidentSetSize of job (KB)
...
006 (20000.000.000) 02/24 21:44:51 Image size of job updated: 1143328
	932  -  MemoryUsage of job (MB)
	954012  -  ResidentSetSize of job (KB)
...
006 (20000.000.000) 02/24 21:49:51 Image size of job updated: 1145312
	932  -  MemoryUsage of job (MB)
	954012  -  ResidentSetSize of job (KB)
...
006 (20000.000.000) 02/24 22:14:54 Image size of job updated: 1255636
	1072  -  MemoryUsage of job (MB)
	1096836  -  ResidentSetSize of job (KB)
...
006 (20000.000.000) 02/24 22:19:54 Image size of job updated: 1329244
	1144  -  MemoryUsage of job (MB)
	1170444  -  ResidentSetSize of job (KB)
...
006 (20000.000.000) 02/24 22:24:55 Image size of job updated: 1398440
	1206  -  MemoryUsage of job (MB)
	1234288  -  ResidentSetSize of job (KB)
...
006 (20000.000.000) 02/24 22:34:56 Image size of job updated: 1398440
	1206  -  MemoryUsage of job (MB)
	1234556  -  ResidentSetSize of job (KB)
...
006 (20000.000.000) 02/24 22:49:58 Image size of job updated: 1584924
	1350  -  MemoryUsage of job (MB)
	1381832  -  ResidentSetSize of job (KB)
...
006 (20000.000.000) 02/24 22:54:58 Image size of job updated: 1584924
	1350  -  MemoryUsage of job (MB)
	1382160  -  ResidentSetSize of job (KB)
...
006 (20000.000.000) 02/24 22:59:59 Image size of job updated: 1584924
	1351  -  MemoryUsage of job (MB)
	1382448  -  ResidentSetSize of job (KB)
...
006 (20000.000.000) 02/24 23:05:00 Image size of job updated: 1636084
	1401  -  MemoryUsage of job (MB)
	1433748  -  ResidentSetSize of job (KB)
...
006 (20000.000.000) 02/24 23:10:00 Image size of job updated: 1636084
	1401  -  MemoryUsage of job (MB)
	1434068  -  ResidentSetSize of job (KB)
...
006 (20000.000.000) 02/24 23:15:00 Image size of job updated: 1636084
	1401  -  MemoryUsage of job (MB)
	1434088  -  ResidentSetSize of job (KB)
...
006 (20000.000.000) 02/25 00:05:05 Image size of job updated: 1636084
	1403  -  MemoryUsage of job (MB)
	1436056  -  ResidentSetSize of job (KB)
...
006 (20000.000.000) 02/25 00:10:06 Image size of job updated: 1636084
	1403  -  MemoryUsage of job (MB)
	1436376  -  ResidentSetSize of job (KB)
...
006 (20000.000.000) 02/25 00:15:06 Image size of job updated: 1636084
	1403  -  MemoryUsage of job (MB)
	1436396  -  ResidentSetSize of job (KB)
...
005 (20000.000.000) 02/25 01:32:15 Job terminated.
	(1) Normal termination (return value 0)
		Usr 0 05:46:20, Sys 0 00:01:14  -  Run Remote Usage
		Usr 0 00:00:00, Sys 0 00:00:00  -  Run Local Usage
		Usr 0 05:46:20, Sys 0 00:01:14  -  Total Remote Usage
		Usr 0 00:00:00, Sys 0 00:00:00  -  Total Local Usage
	0  -  Run Bytes Sent By Job
	0  -  Run Bytes Received By Job
	0  -  Total Bytes Sent By Job
	0  -  Total Bytes Received By Job
	Partitionable Resources :    Usage  Request Allocated
	   Cpus                 :                 2         2
	   Disk (KB)            :        1        1   5108770
	   Memory (MB)          :     1403        1         1
...
