000 (20108.000.000) 02/24 21:34:40 Job submitted from host: <134.76.239.76:13753?addrs=134.76.239.76-13753>
...
001 (20108.000.000) 02/24 21:35:01 Job executing on host: <134.76.239.85:29523?addrs=134.76.239.85-29523>
...
006 (20108.000.000) 02/24 21:35:15 Image size of job updated: 65712
	4  -  MemoryUsage of job (MB)
	3828  -  ResidentSetSize of job (KB)
...
006 (20108.000.000) 02/24 21:40:15 Image size of job updated: 1138356
	916  -  MemoryUsage of job (MB)
	937004  -  ResidentSetSize of job (KB)
...
006 (20108.000.000) 02/24 21:45:15 Image size of job updated: 1143092
	921  -  MemoryUsage of job (MB)
	942824  -  ResidentSetSize of job (KB)
...
006 (20108.000.000) 02/24 21:50:16 Image size of job updated: 1145012
	921  -  MemoryUsage of job (MB)
	942824  -  ResidentSetSize of job (KB)
...
006 (20108.000.000) 02/24 22:00:16 Image size of job updated: 1301824
	1075  -  MemoryUsage of job (MB)
	1100220  -  ResidentSetSize of job (KB)
...
006 (20108.000.000) 02/24 22:05:17 Image size of job updated: 1449500
	1247  -  MemoryUsage of job (MB)
	1275936  -  ResidentSetSize of job (KB)
...
006 (20108.000.000) 02/24 22:10:18 Image size of job updated: 1449500
	1249  -  MemoryUsage of job (MB)
	1278716  -  ResidentSetSize of job (KB)
...
006 (20108.000.000) 02/24 22:15:18 Image size of job updated: 1449508
	1249  -  MemoryUsage of job (MB)
	1278716  -  ResidentSetSize of job (KB)
...
006 (20108.000.000) 02/24 22:35:20 Image size of job updated: 1463200
	1249  -  MemoryUsage of job (MB)
	1278716  -  ResidentSetSize of job (KB)
...
006 (20108.000.000) 02/24 22:45:22 Image size of job updated: 1463208
	1249  -  MemoryUsage of job (MB)
	1278716  -  ResidentSetSize of job (KB)
...
006 (20108.000.000) 02/24 23:38:31 Image size of job updated: 7599236
	1249  -  MemoryUsage of job (MB)
	1278716  -  ResidentSetSize of job (KB)
...
005 (20108.000.000) 02/24 23:38:31 Job terminated.
	(1) Normal termination (return value 0)
		Usr 0 02:40:09, Sys 0 00:00:38  -  Run Remote Usage
		Usr 0 00:00:00, Sys 0 00:00:00  -  Run Local Usage
		Usr 0 02:40:09, Sys 0 00:00:38  -  Total Remote Usage
		Usr 0 00:00:00, Sys 0 00:00:00  -  Total Local Usage
	0  -  Run Bytes Sent By Job
	0  -  Run Bytes Received By Job
	0  -  Total Bytes Sent By Job
	0  -  Total Bytes Received By Job
	Partitionable Resources :    Usage  Request Allocated
	   Cpus                 :                 2         2
	   Disk (KB)            :        1        1   5108815
	   Memory (MB)          :     1249        1         1
...
