DATE: 2016-02-26
TIME: 17:09:45
                                         version_number        8118
 read inlist_1.0
 create pre-main-sequence model
                                                species           8
 abundances
                                                     h1    7.1662599999999999D-01
                                                    he3    2.9801892056174495D-05
                                                    he4    2.8001019810794386D-01
                                                    c12    5.7371648882235775D-04
                                                    n14    1.6806002975765913D-04
                                                    o16    1.5603864497436080D-03
                                                   ne20    3.4997997361459231D-04
                                                   mg24    6.8185705806173089D-04


                                        relax_num_steps


                               finished relax_num_steps

 new_lnPgas_flag T
                                        relax_initial_Z    3.3340000000000002D-03
                                                  new z    3.3340000000003519D-03
                                        relax_initial_Y    2.8004000000000001D-01
                                                  new y    2.8003999999999968D-01
 net name basic.net
 do_element_diffusion T
 lnPgas_flag T
 kappa_file_prefix gs98
 kappa_lowT_prefix lowT_fa05_gs98
   eos_file_prefix mesa
                                        OMP_NUM_THREADS           1



stop because Lnuc_div_L >= Lnuc_div_L_zams_limit
    0.1002171522E+01    0.9990000000E+00

        794   7.106945   5799.502  -0.275691  -0.275691   0.779404   0.779404   0.716357   0.000182   0.280040   0.716555  -1.395346    780      0
   5.627499   1.991113  -0.141582 -48.563345  -1.908108 -99.000000   0.000000   0.280307   0.001560   0.003334   0.280110   0.090066      2      0
 3.1814E+07  17.235180  -0.276633 -15.477469   5.001583  -6.570650   0.000000   0.000562   0.000350  3.336E-03  3.334E-03 -0.380E-10    varcontrol

save photos/x794 for model 794
save final_profile.data write fgong_plot.data
                               s% atm_structure_num_pts          91
save final_profile.data.FGONG    794
 final_profile.data.FGONG for model 794
 saved to zams.mod
termination code: Lnuc_div_L_zams_limit

       runtime, prev time, retries, backups, steps         7.0        28.2         0         0       794
        794   7.106945   5799.502  -0.275691  -0.275691   0.779404   0.779404   0.716357   0.000182   0.280040   0.716555  -1.395346    780      0
   5.627499   1.991113  -0.141582 -48.563345  -1.908108 -99.000000   0.000000   0.280307   0.001560   0.003334   0.280110   0.090066      2      0
 3.1814E+07  17.235180  -0.276633 -15.477469   5.001583  -6.570650   0.000000   0.000562   0.000350  3.336E-03  3.334E-03 -0.380E-10    varcontrol

DATE: 2016-02-26
TIME: 17:17:50
DATE: 2016-02-26
TIME: 17:17:51
                                         version_number        8118
 read inlist_1.0
load saved model zams.mod

 new_lnPgas_flag T
 net name basic.net
 do_element_diffusion T
 lnPgas_flag T
                       which_atm_option: Eddington_grey
 kappa_file_prefix gs98
 kappa_lowT_prefix lowT_fa05_gs98
   eos_file_prefix mesa
                                        OMP_NUM_THREADS           1


__________________________________________________________________________________________________________________________________________________

       step    lg_Tcntr    Teff       lg_LH     lg_Lnuc     Mass       H_rich     H_cntr     N_cntr     Y_surf     X_avg     eta_cntr  zones retry
   lg_dt_yr    lg_Dcntr    lg_R       lg_L3a    lg_Lneu     lg_Mdot    He_core    He_cntr    O_cntr     Z_surf     Y_avg     gam_cntr  iters bckup
     age_yr    lg_Pcntr    lg_L       lg_LZ     lg_Psurf    lg_Dsurf   C_core     C_cntr     Ne_cntr    Z_cntr     Z_avg     v_div_cs     dt_limit
__________________________________________________________________________________________________________________________________________________

