000 (27956.000.000) 02/26 16:55:50 Job submitted from host: <134.76.239.76:15915?addrs=134.76.239.76-15915>
...
001 (27956.000.000) 02/26 16:55:59 Job executing on host: <134.76.239.80:25185?addrs=134.76.239.80-25185>
...
006 (27956.000.000) 02/26 16:56:08 Image size of job updated: 45172
	5  -  MemoryUsage of job (MB)
	4304  -  ResidentSetSize of job (KB)
...
006 (27956.000.000) 02/26 17:01:09 Image size of job updated: 1074024
	934  -  MemoryUsage of job (MB)
	956296  -  ResidentSetSize of job (KB)
...
006 (27956.000.000) 02/26 17:02:39 Image size of job updated: 1074168
	934  -  MemoryUsage of job (MB)
	956296  -  ResidentSetSize of job (KB)
...
004 (27956.000.000) 02/26 17:02:39 Job was evicted.
	(0) Job was not checkpointed.
		Usr 0 00:02:13, Sys 0 00:00:01  -  Run Remote Usage
		Usr 0 00:00:00, Sys 0 00:00:00  -  Run Local Usage
	0  -  Run Bytes Sent By Job
	0  -  Run Bytes Received By Job
	Partitionable Resources :    Usage  Request Allocated
	   Cpus                 :                 1         1
	   Disk (KB)            :        1        1   5086349
	   Memory (MB)          :      934        1         1
...
001 (27956.000.000) 02/26 17:03:40 Job executing on host: <134.76.239.80:25185?addrs=134.76.239.80-25185>
...
004 (27956.000.000) 02/26 17:08:41 Job was evicted.
	(0) Job was not checkpointed.
		Usr 0 00:04:56, Sys 0 00:00:01  -  Run Remote Usage
		Usr 0 00:00:00, Sys 0 00:00:00  -  Run Local Usage
	0  -  Run Bytes Sent By Job
	0  -  Run Bytes Received By Job
	Partitionable Resources :    Usage  Request Allocated
	   Cpus                 :                 1         1
	   Disk (KB)            :        1        1   5086259
	   Memory (MB)          :      977      977       977
...
001 (27956.000.000) 02/26 17:09:43 Job executing on host: <134.76.239.80:25185?addrs=134.76.239.80-25185>
...
