000 (20885.000.000) 02/24 21:35:21 Job submitted from host: <134.76.239.76:13753?addrs=134.76.239.76-13753>
...
001 (20885.000.000) 02/25 06:28:47 Job executing on host: <134.76.239.80:23833?addrs=134.76.239.80-23833>
...
006 (20885.000.000) 02/25 06:28:56 Image size of job updated: 856636
	639  -  MemoryUsage of job (MB)
	653440  -  ResidentSetSize of job (KB)
...
006 (20885.000.000) 02/25 06:33:57 Image size of job updated: 1144280
	921  -  MemoryUsage of job (MB)
	943072  -  ResidentSetSize of job (KB)
...
006 (20885.000.000) 02/25 06:38:57 Image size of job updated: 1146268
	921  -  MemoryUsage of job (MB)
	943072  -  ResidentSetSize of job (KB)
...
006 (20885.000.000) 02/25 06:48:59 Image size of job updated: 1244512
	1071  -  MemoryUsage of job (MB)
	1096600  -  ResidentSetSize of job (KB)
...
006 (20885.000.000) 02/25 06:53:59 Image size of job updated: 1246420
	1073  -  MemoryUsage of job (MB)
	1098036  -  ResidentSetSize of job (KB)
...
006 (20885.000.000) 02/25 06:58:59 Image size of job updated: 1250328
	1075  -  MemoryUsage of job (MB)
	1100440  -  ResidentSetSize of job (KB)
...
006 (20885.000.000) 02/25 07:04:00 Image size of job updated: 1461348
	1243  -  MemoryUsage of job (MB)
	1272592  -  ResidentSetSize of job (KB)
...
006 (20885.000.000) 02/25 07:09:01 Image size of job updated: 1461348
	1243  -  MemoryUsage of job (MB)
	1272812  -  ResidentSetSize of job (KB)
...
006 (20885.000.000) 02/25 07:14:01 Image size of job updated: 1461348
	1244  -  MemoryUsage of job (MB)
	1273136  -  ResidentSetSize of job (KB)
...
006 (20885.000.000) 02/25 07:19:02 Image size of job updated: 1463516
	1244  -  MemoryUsage of job (MB)
	1273136  -  ResidentSetSize of job (KB)
...
006 (20885.000.000) 02/25 07:49:04 Image size of job updated: 1463516
	1246  -  MemoryUsage of job (MB)
	1275136  -  ResidentSetSize of job (KB)
...
006 (20885.000.000) 02/25 07:54:05 Image size of job updated: 1463516
	1246  -  MemoryUsage of job (MB)
	1275144  -  ResidentSetSize of job (KB)
...
006 (20885.000.000) 02/25 07:59:06 Image size of job updated: 1463516
	1246  -  MemoryUsage of job (MB)
	1275472  -  ResidentSetSize of job (KB)
...
005 (20885.000.000) 02/25 08:44:33 Job terminated.
	(1) Normal termination (return value 0)
		Usr 0 03:31:59, Sys 0 00:00:56  -  Run Remote Usage
		Usr 0 00:00:00, Sys 0 00:00:00  -  Run Local Usage
		Usr 0 03:31:59, Sys 0 00:00:56  -  Total Remote Usage
		Usr 0 00:00:00, Sys 0 00:00:00  -  Total Local Usage
	0  -  Run Bytes Sent By Job
	0  -  Run Bytes Received By Job
	0  -  Total Bytes Sent By Job
	0  -  Total Bytes Received By Job
	Partitionable Resources :    Usage  Request Allocated
	   Cpus                 :                 2         2
	   Disk (KB)            :        1        1   5045752
	   Memory (MB)          :     1246        1         1
...
