DATE: 2016-02-26
TIME: 16:59:48
                                         version_number        8118
 read inlist_1.0
 create pre-main-sequence model
                                                species           8
 abundances
                                                     h1    7.5328099999999998D-01
                                                    he3    2.5089396041206923D-05
                                                    he4    2.3573291060395882D-01
                                                    c12    1.8861746952555370D-03
                                                    n14    5.5252129159380026D-04
                                                    o16    5.1299927641391572D-03
                                                   ne20    1.1506090254317953D-03
                                                   mg24    2.2417022235797085D-03


                                        relax_num_steps


                               finished relax_num_steps

 new_lnPgas_flag T
                                        relax_initial_Z    1.0961000000000000D-02
                                                  new z    1.0960999999999270D-02
                                        relax_initial_Y    2.3575800000000000D-01
                                                  new y    2.3575800000000022D-01
 net name basic.net
 do_element_diffusion T
 lnPgas_flag T
 kappa_file_prefix gs98
 kappa_lowT_prefix lowT_fa05_gs98
   eos_file_prefix mesa
                                        OMP_NUM_THREADS           1



stop because Lnuc_div_L >= Lnuc_div_L_zams_limit
    0.9992164893E+00    0.9990000000E+00

        906   7.231909   6800.342   0.540877   0.540877   1.380685   1.380685   0.749924   0.002747   0.224145   0.752768  -1.960349    796      0
   6.349838   1.940154   0.129063 -42.468424  -1.056795 -99.000000   0.000000   0.238803   0.005122   0.010296   0.236215   0.064265      4      0
 3.3632E+07  17.318166   0.541218 -14.653560   4.281264  -7.391943   0.000000   0.000012   0.001151  1.127E-02  1.102E-02  0.505E-12  max increase

save photos/x906 for model 906
save final_profile.data write fgong_plot.data
                               s% atm_structure_num_pts          54
save final_profile.data.FGONG    906
 final_profile.data.FGONG for model 906
 saved to zams.mod
termination code: Lnuc_div_L_zams_limit

       runtime, prev time, retries, backups, steps         8.6        28.2         0         0       906
        906   7.231909   6800.342   0.540877   0.540877   1.380685   1.380685   0.749924   0.002747   0.224145   0.752768  -1.960349    796      0
   6.349838   1.940154   0.129063 -42.468424  -1.056795 -99.000000   0.000000   0.238803   0.005122   0.010296   0.236215   0.064265      4      0
 3.3632E+07  17.318166   0.541218 -14.653560   4.281264  -7.391943   0.000000   0.000012   0.001151  1.127E-02  1.102E-02  0.505E-12  max increase

DATE: 2016-02-26
TIME: 17:10:02
DATE: 2016-02-26
TIME: 17:10:03
                                         version_number        8118
 read inlist_1.0
load saved model zams.mod

 new_lnPgas_flag T
 net name basic.net
 do_element_diffusion T
 lnPgas_flag T
                       which_atm_option: Eddington_grey
 kappa_file_prefix gs98
 kappa_lowT_prefix lowT_fa05_gs98
   eos_file_prefix mesa
                                        OMP_NUM_THREADS           1


__________________________________________________________________________________________________________________________________________________

       step    lg_Tcntr    Teff       lg_LH     lg_Lnuc     Mass       H_rich     H_cntr     N_cntr     Y_surf     X_avg     eta_cntr  zones retry
   lg_dt_yr    lg_Dcntr    lg_R       lg_L3a    lg_Lneu     lg_Mdot    He_core    He_cntr    O_cntr     Z_surf     Y_avg     gam_cntr  iters bckup
     age_yr    lg_Pcntr    lg_L       lg_LZ     lg_Psurf    lg_Dsurf   C_core     C_cntr     Ne_cntr    Z_cntr     Z_avg     v_div_cs     dt_limit
__________________________________________________________________________________________________________________________________________________

        916   7.232600   6931.685   0.542584   0.542584   1.380685   1.380685   0.748219   0.002752   0.232931   0.752529  -1.960274    791      0
   6.000000   1.941641   0.113128 -42.423759  -1.060697 -99.000000   0.000000   0.240508   0.005116   0.010823   0.236449   0.064280      4      0
 4.3032E+07  17.319804   0.542580 -14.507432   4.642487  -7.026539   0.000000   0.000012   0.001151  1.127E-02  1.102E-02  0.346E-12        max_dt

