000 (20506.000.000) 02/24 21:35:01 Job submitted from host: <134.76.239.76:13753?addrs=134.76.239.76-13753>
...
001 (20506.000.000) 02/25 01:46:40 Job executing on host: <134.76.239.91:19968?addrs=134.76.239.91-19968>
...
006 (20506.000.000) 02/25 01:46:49 Image size of job updated: 827416
	627  -  MemoryUsage of job (MB)
	641984  -  ResidentSetSize of job (KB)
...
006 (20506.000.000) 02/25 01:51:50 Image size of job updated: 1147144
	935  -  MemoryUsage of job (MB)
	957040  -  ResidentSetSize of job (KB)
...
006 (20506.000.000) 02/25 01:56:51 Image size of job updated: 1148184
	935  -  MemoryUsage of job (MB)
	957040  -  ResidentSetSize of job (KB)
...
006 (20506.000.000) 02/25 02:41:56 Image size of job updated: 1242268
	1072  -  MemoryUsage of job (MB)
	1097040  -  ResidentSetSize of job (KB)
...
006 (20506.000.000) 02/25 03:06:58 Image size of job updated: 1242268
	1072  -  MemoryUsage of job (MB)
	1097048  -  ResidentSetSize of job (KB)
...
006 (20506.000.000) 02/25 03:22:00 Image size of job updated: 1242268
	1072  -  MemoryUsage of job (MB)
	1097384  -  ResidentSetSize of job (KB)
...
006 (20506.000.000) 02/25 04:52:09 Image size of job updated: 1242408
	1074  -  MemoryUsage of job (MB)
	1099472  -  ResidentSetSize of job (KB)
...
006 (20506.000.000) 02/25 05:17:11 Image size of job updated: 1242408
	1074  -  MemoryUsage of job (MB)
	1099476  -  ResidentSetSize of job (KB)
...
006 (20506.000.000) 02/25 05:32:13 Image size of job updated: 1242408
	1075  -  MemoryUsage of job (MB)
	1099808  -  ResidentSetSize of job (KB)
...
006 (20506.000.000) 02/25 05:47:14 Image size of job updated: 1242408
	1075  -  MemoryUsage of job (MB)
	1099856  -  ResidentSetSize of job (KB)
...
006 (20506.000.000) 02/25 05:52:15 Image size of job updated: 1242408
	1075  -  MemoryUsage of job (MB)
	1099860  -  ResidentSetSize of job (KB)
...
006 (20506.000.000) 02/25 05:57:16 Image size of job updated: 1242408
	1075  -  MemoryUsage of job (MB)
	1099924  -  ResidentSetSize of job (KB)
...
006 (20506.000.000) 02/25 06:02:16 Image size of job updated: 1242408
	1075  -  MemoryUsage of job (MB)
	1099928  -  ResidentSetSize of job (KB)
...
006 (20506.000.000) 02/25 07:35:03 Image size of job updated: 12471152
	1075  -  MemoryUsage of job (MB)
	1099928  -  ResidentSetSize of job (KB)
...
005 (20506.000.000) 02/25 07:35:03 Job terminated.
	(1) Normal termination (return value 0)
		Usr 0 09:49:14, Sys 0 00:01:36  -  Run Remote Usage
		Usr 0 00:00:00, Sys 0 00:00:00  -  Run Local Usage
		Usr 0 09:49:14, Sys 0 00:01:36  -  Total Remote Usage
		Usr 0 00:00:00, Sys 0 00:00:00  -  Total Local Usage
	0  -  Run Bytes Sent By Job
	0  -  Run Bytes Received By Job
	0  -  Total Bytes Sent By Job
	0  -  Total Bytes Received By Job
	Partitionable Resources :    Usage  Request Allocated
	   Cpus                 :                 2         2
	   Disk (KB)            :        1        1   5108695
	   Memory (MB)          :     1075        1         1
...
