DATE: 2016-02-26
TIME: 16:59:27
                                         version_number        8118
 read inlist_1.0
 create pre-main-sequence model
                                                species           8
 abundances
                                                     h1    7.0124999999999993D-01
                                                    he3    3.0400505264344693D-05
                                                    he4    2.8563459949473569D-01
                                                    c12    2.2516737421237778D-03
                                                    n14    6.5958772926784826D-04
                                                    o16    6.1240721940298282D-03
                                                   ne20    1.3735716720896869D-03
                                                   mg24    2.6760946624888732D-03


                                        relax_num_steps


                               finished relax_num_steps

 new_lnPgas_flag T
                                        relax_initial_Z    1.3084999999999999D-02
                                                  new z    1.3084999999998997D-02
                                        relax_initial_Y    2.8566500000000000D-01
                                                  new y    2.8566500000000011D-01
 net name basic.net
 do_element_diffusion T
 lnPgas_flag T
 kappa_file_prefix gs98
 kappa_lowT_prefix lowT_fa05_gs98
   eos_file_prefix mesa
                                        OMP_NUM_THREADS           1



stop because Lnuc_div_L >= Lnuc_div_L_zams_limit
    0.1000541052E+01    0.9990000000E+00

        813   7.147133   5955.140  -0.062009  -0.062009   0.990341   0.990341   0.700783   0.001047   0.285571   0.701152  -1.738945    803      0
   5.838553   1.916970  -0.057390 -46.570887  -1.596242 -99.000000   0.000000   0.286075   0.006125   0.013081   0.285754   0.078397      4      0
 3.1649E+07  17.194292  -0.062244 -15.477469   4.814536  -6.764152   0.000000   0.001920   0.001374  1.314E-02  1.309E-02 -0.165E-10  max increase

save photos/x813 for model 813
save final_profile.data write fgong_plot.data
                               s% atm_structure_num_pts          57
save final_profile.data.FGONG    813
 final_profile.data.FGONG for model 813
 saved to zams.mod
termination code: Lnuc_div_L_zams_limit

       runtime, prev time, retries, backups, steps         7.6        28.2         0         0       813
        813   7.147133   5955.140  -0.062009  -0.062009   0.990341   0.990341   0.700783   0.001047   0.285571   0.701152  -1.738945    803      0
   5.838553   1.916970  -0.057390 -46.570887  -1.596242 -99.000000   0.000000   0.286075   0.006125   0.013081   0.285754   0.078397      4      0
 3.1649E+07  17.194292  -0.062244 -15.477469   4.814536  -6.764152   0.000000   0.001920   0.001374  1.314E-02  1.309E-02 -0.165E-10  max increase

DATE: 2016-02-26
TIME: 17:09:03
DATE: 2016-02-26
TIME: 17:09:03
                                         version_number        8118
 read inlist_1.0
load saved model zams.mod

 new_lnPgas_flag T
 net name basic.net
 do_element_diffusion T
 lnPgas_flag T
                       which_atm_option: Eddington_grey
 kappa_file_prefix gs98
 kappa_lowT_prefix lowT_fa05_gs98
   eos_file_prefix mesa
                                        OMP_NUM_THREADS           1


__________________________________________________________________________________________________________________________________________________

       step    lg_Tcntr    Teff       lg_LH     lg_Lnuc     Mass       H_rich     H_cntr     N_cntr     Y_surf     X_avg     eta_cntr  zones retry
   lg_dt_yr    lg_Dcntr    lg_R       lg_L3a    lg_Lneu     lg_Mdot    He_core    He_cntr    O_cntr     Z_surf     Y_avg     gam_cntr  iters bckup
     age_yr    lg_Pcntr    lg_L       lg_LZ     lg_Psurf    lg_Dsurf   C_core     C_cntr     Ne_cntr    Z_cntr     Z_avg     v_div_cs     dt_limit
__________________________________________________________________________________________________________________________________________________

