000 (20825.000.000) 02/24 21:35:18 Job submitted from host: <134.76.239.76:13753?addrs=134.76.239.76-13753>
...
001 (20825.000.000) 02/25 05:24:47 Job executing on host: <134.76.239.90:23525?addrs=134.76.239.90-23525>
...
006 (20825.000.000) 02/25 05:24:56 Image size of job updated: 827416
	618  -  MemoryUsage of job (MB)
	631976  -  ResidentSetSize of job (KB)
...
006 (20825.000.000) 02/25 05:29:57 Image size of job updated: 1146448
	925  -  MemoryUsage of job (MB)
	946540  -  ResidentSetSize of job (KB)
...
006 (20825.000.000) 02/25 05:34:57 Image size of job updated: 1147244
	925  -  MemoryUsage of job (MB)
	946540  -  ResidentSetSize of job (KB)
...
006 (20825.000.000) 02/25 06:10:01 Image size of job updated: 1294240
	1073  -  MemoryUsage of job (MB)
	1098248  -  ResidentSetSize of job (KB)
...
006 (20825.000.000) 02/25 06:30:03 Image size of job updated: 1359776
	1135  -  MemoryUsage of job (MB)
	1161292  -  ResidentSetSize of job (KB)
...
006 (20825.000.000) 02/25 06:35:04 Image size of job updated: 1359776
	1135  -  MemoryUsage of job (MB)
	1161564  -  ResidentSetSize of job (KB)
...
006 (20825.000.000) 02/25 06:40:05 Image size of job updated: 1360396
	1135  -  MemoryUsage of job (MB)
	1162184  -  ResidentSetSize of job (KB)
...
006 (20825.000.000) 02/25 06:45:05 Image size of job updated: 1360396
	1135  -  MemoryUsage of job (MB)
	1162196  -  ResidentSetSize of job (KB)
...
006 (20825.000.000) 02/25 06:50:05 Image size of job updated: 1360396
	1135  -  MemoryUsage of job (MB)
	1162200  -  ResidentSetSize of job (KB)
...
006 (20825.000.000) 02/25 06:55:06 Image size of job updated: 1481344
	1279  -  MemoryUsage of job (MB)
	1309472  -  ResidentSetSize of job (KB)
...
006 (20825.000.000) 02/25 07:00:06 Image size of job updated: 1481344
	1280  -  MemoryUsage of job (MB)
	1309804  -  ResidentSetSize of job (KB)
...
006 (20825.000.000) 02/25 07:05:06 Image size of job updated: 1481648
	1280  -  MemoryUsage of job (MB)
	1310108  -  ResidentSetSize of job (KB)
...
006 (20825.000.000) 02/25 07:20:08 Image size of job updated: 1481648
	1280  -  MemoryUsage of job (MB)
	1310428  -  ResidentSetSize of job (KB)
...
006 (20825.000.000) 02/25 07:35:10 Image size of job updated: 1547184
	1298  -  MemoryUsage of job (MB)
	1329080  -  ResidentSetSize of job (KB)
...
006 (20825.000.000) 02/25 07:45:11 Image size of job updated: 1547184
	1298  -  MemoryUsage of job (MB)
	1329084  -  ResidentSetSize of job (KB)
...
006 (20825.000.000) 02/25 07:55:11 Image size of job updated: 1547624
	1298  -  MemoryUsage of job (MB)
	1329088  -  ResidentSetSize of job (KB)
...
006 (20825.000.000) 02/25 08:00:12 Image size of job updated: 1547636
	1298  -  MemoryUsage of job (MB)
	1329088  -  ResidentSetSize of job (KB)
...
004 (20825.000.000) 02/25 09:59:08 Job was evicted.
	(0) Job was not checkpointed.
		Usr 0 07:45:06, Sys 0 00:01:44  -  Run Remote Usage
		Usr 0 00:00:00, Sys 0 00:00:00  -  Run Local Usage
	0  -  Run Bytes Sent By Job
	0  -  Run Bytes Received By Job
	Partitionable Resources :    Usage  Request Allocated
	   Cpus                 :                 2         2
	   Disk (KB)            :        1        1   5108789
	   Memory (MB)          :     1298        1         1
...
001 (20825.000.000) 02/25 09:59:31 Job executing on host: <134.76.239.87:13734?addrs=134.76.239.87-13734>
...
004 (20825.000.000) 02/25 10:08:52 Job was evicted.
	(0) Job was not checkpointed.
		Usr 0 00:11:49, Sys 0 00:00:05  -  Run Remote Usage
		Usr 0 00:00:00, Sys 0 00:00:00  -  Run Local Usage
	0  -  Run Bytes Sent By Job
	0  -  Run Bytes Received By Job
	Partitionable Resources :    Usage  Request Allocated
	   Cpus                 :                 2         2
	   Disk (KB)            :        1        1   5108676
	   Memory (MB)          :     1465     1465      1465
...
001 (20825.000.000) 02/25 10:11:12 Job executing on host: <134.76.239.90:23525?addrs=134.76.239.90-23525>
...
004 (20825.000.000) 02/25 10:49:46 Job was evicted.
	(0) Job was not checkpointed.
		Usr 0 01:07:15, Sys 0 00:00:09  -  Run Remote Usage
		Usr 0 00:00:00, Sys 0 00:00:00  -  Run Local Usage
	0  -  Run Bytes Sent By Job
	0  -  Run Bytes Received By Job
	Partitionable Resources :    Usage  Request Allocated
	   Cpus                 :                 2         2
	   Disk (KB)            :        1        1   5108691
	   Memory (MB)          :     1465     1465      1465
...
001 (20825.000.000) 02/25 10:50:44 Job executing on host: <134.76.239.83:20501?addrs=134.76.239.83-20501>
...
004 (20825.000.000) 02/25 10:52:27 Job was evicted.
	(0) Job was not checkpointed.
		Usr 0 00:02:27, Sys 0 00:00:01  -  Run Remote Usage
		Usr 0 00:00:00, Sys 0 00:00:00  -  Run Local Usage
	0  -  Run Bytes Sent By Job
	0  -  Run Bytes Received By Job
	Partitionable Resources :    Usage  Request Allocated
	   Cpus                 :                 2         2
	   Disk (KB)            :        1        1   5108608
	   Memory (MB)          :     1465     1465      1465
...
001 (20825.000.000) 02/25 10:54:28 Job executing on host: <134.76.239.83:20501?addrs=134.76.239.83-20501>
...
004 (20825.000.000) 02/25 11:04:25 Job was evicted.
	(0) Job was not checkpointed.
		Usr 0 00:17:02, Sys 0 00:00:05  -  Run Remote Usage
		Usr 0 00:00:00, Sys 0 00:00:00  -  Run Local Usage
	0  -  Run Bytes Sent By Job
	0  -  Run Bytes Received By Job
	Partitionable Resources :    Usage  Request Allocated
	   Cpus                 :                 2         2
	   Disk (KB)            :        1        1   5108603
	   Memory (MB)          :     1465     1465      1465
...
001 (20825.000.000) 02/25 11:06:25 Job executing on host: <134.76.239.78:21556?addrs=134.76.239.78-21556>
...
004 (20825.000.000) 02/25 11:08:07 Job was evicted.
	(0) Job was not checkpointed.
		Usr 0 00:02:16, Sys 0 00:00:02  -  Run Remote Usage
		Usr 0 00:00:00, Sys 0 00:00:00  -  Run Local Usage
	0  -  Run Bytes Sent By Job
	0  -  Run Bytes Received By Job
	Partitionable Resources :    Usage  Request Allocated
	   Cpus                 :                 2         2
	   Disk (KB)            :        1        1   5108654
	   Memory (MB)          :     1465     1465      1465
...
001 (20825.000.000) 02/25 11:11:08 Job executing on host: <134.76.239.79:12046?addrs=134.76.239.79-12046>
...
