DATE: 2016-02-25
TIME: 13:24:49
                                         version_number        8118
 read inlist_1.0
 create pre-main-sequence model
                                                species           8
 abundances
                                                     h1    7.1296700000000013D-01
                                                    he3    2.9828390667522833D-05
                                                    he4    2.8025917160933256D-01
                                                    c12    1.1605110979657953D-03
                                                    n14    3.3995106199329565D-04
                                                    o16    3.1563425966019318D-03
                                                   ne20    7.0793789503803214D-04
                                                   mg24    1.3792573484008067D-03


                                        relax_num_steps


                               finished relax_num_steps

 new_lnPgas_flag T
                                        relax_initial_Z    6.7440000000000000D-03
                                                  new z    6.7440000000002255D-03
                                        relax_initial_Y    2.8028900000000001D-01
                                                  new y    2.8028899999999990D-01
 net name basic.net
 do_element_diffusion T
 lnPgas_flag T
 kappa_file_prefix gs98
 kappa_lowT_prefix lowT_fa05_gs98
   eos_file_prefix mesa
                                        OMP_NUM_THREADS           2


