000 (20526.000.000) 02/24 21:35:02 Job submitted from host: <134.76.239.76:13753?addrs=134.76.239.76-13753>
...
001 (20526.000.000) 02/25 02:01:41 Job executing on host: <134.76.239.83:20501?addrs=134.76.239.83-20501>
...
006 (20526.000.000) 02/25 02:01:49 Image size of job updated: 1
	3  -  MemoryUsage of job (MB)
	2076  -  ResidentSetSize of job (KB)
...
006 (20526.000.000) 02/25 02:06:49 Image size of job updated: 1144200
	933  -  MemoryUsage of job (MB)
	955076  -  ResidentSetSize of job (KB)
...
006 (20526.000.000) 02/25 02:11:50 Image size of job updated: 1145760
	933  -  MemoryUsage of job (MB)
	955076  -  ResidentSetSize of job (KB)
...
006 (20526.000.000) 02/25 02:26:51 Image size of job updated: 1242208
	1073  -  MemoryUsage of job (MB)
	1098528  -  ResidentSetSize of job (KB)
...
006 (20526.000.000) 02/25 02:36:52 Image size of job updated: 1242208
	1074  -  MemoryUsage of job (MB)
	1098860  -  ResidentSetSize of job (KB)
...
006 (20526.000.000) 02/25 02:41:52 Image size of job updated: 1428692
	1217  -  MemoryUsage of job (MB)
	1246132  -  ResidentSetSize of job (KB)
...
006 (20526.000.000) 02/25 02:46:53 Image size of job updated: 1428692
	1218  -  MemoryUsage of job (MB)
	1246472  -  ResidentSetSize of job (KB)
...
006 (20526.000.000) 02/25 02:56:54 Image size of job updated: 1428692
	1218  -  MemoryUsage of job (MB)
	1246792  -  ResidentSetSize of job (KB)
...
006 (20526.000.000) 02/25 03:01:55 Image size of job updated: 1453228
	1242  -  MemoryUsage of job (MB)
	1271328  -  ResidentSetSize of job (KB)
...
006 (20526.000.000) 02/25 04:07:01 Image size of job updated: 1453528
	1242  -  MemoryUsage of job (MB)
	1271328  -  ResidentSetSize of job (KB)
...
006 (20526.000.000) 02/25 05:49:10 Image size of job updated: 6727124
	1242  -  MemoryUsage of job (MB)
	1271328  -  ResidentSetSize of job (KB)
...
005 (20526.000.000) 02/25 05:49:10 Job terminated.
	(1) Normal termination (return value 0)
		Usr 0 06:22:48, Sys 0 00:01:17  -  Run Remote Usage
		Usr 0 00:00:00, Sys 0 00:00:00  -  Run Local Usage
		Usr 0 06:22:48, Sys 0 00:01:17  -  Total Remote Usage
		Usr 0 00:00:00, Sys 0 00:00:00  -  Total Local Usage
	0  -  Run Bytes Sent By Job
	0  -  Run Bytes Received By Job
	0  -  Total Bytes Sent By Job
	0  -  Total Bytes Received By Job
	Partitionable Resources :    Usage  Request Allocated
	   Cpus                 :                 2         2
	   Disk (KB)            :        1        1   5108725
	   Memory (MB)          :     1242        1         1
...
