DATE: 2016-02-26
TIME: 16:59:40
                                         version_number        8118
 read inlist_1.0
 create pre-main-sequence model
                                                species           8
 abundances
                                                     h1    7.3238300000000001D-01
                                                    he3    2.5935861722591055D-05
                                                    he4    2.4368606413827743D-01
                                                    c12    4.1135850825730798D-03
                                                    n14    1.2050015031064476D-03
                                                    o16    1.1188073809574522D-02
                                                   ne20    2.5093795048761079D-03
                                                   mg24    4.8889600998697942D-03


                                        relax_num_steps


                               finished relax_num_steps

 new_lnPgas_flag T
                                        relax_initial_Z    2.3904999999999999D-02
                                                  new z    2.3905000000000079D-02
                                        relax_initial_Y    2.4371200000000001D-01
                                                  new y    2.4371200000000010D-01
 net name basic.net
 do_element_diffusion T
 lnPgas_flag T
 kappa_file_prefix gs98
 kappa_lowT_prefix lowT_fa05_gs98
   eos_file_prefix mesa
                                        OMP_NUM_THREADS           1



stop because Lnuc_div_L >= Lnuc_div_L_zams_limit
    0.9991940142E+00    0.9990000000E+00

        904   7.246160   6719.228   0.591397   0.591397   1.529990   1.529990   0.725778   0.006017   0.236924   0.731415  -2.157492    799      0
   6.679920   1.886920   0.164751 -41.818061  -0.954891 -99.000000   0.000000   0.249634   0.011143   0.023226   0.244535   0.060617      4      0
 5.2298E+07  17.270370   0.591747 -15.352530   4.272160  -7.392704   0.000000   0.000026   0.002510  2.459E-02  2.405E-02  0.406E-12  max increase

save photos/x904 for model 904
save final_profile.data write fgong_plot.data
                               s% atm_structure_num_pts          49
save final_profile.data.FGONG    904
 final_profile.data.FGONG for model 904
 saved to zams.mod
termination code: Lnuc_div_L_zams_limit

       runtime, prev time, retries, backups, steps         8.7        28.2         0         0       904
        904   7.246160   6719.228   0.591397   0.591397   1.529990   1.529990   0.725778   0.006017   0.236924   0.731415  -2.157492    799      0
   6.679920   1.886920   0.164751 -41.818061  -0.954891 -99.000000   0.000000   0.249634   0.011143   0.023226   0.244535   0.060617      4      0
 5.2298E+07  17.270370   0.591747 -15.352530   4.272160  -7.392704   0.000000   0.000026   0.002510  2.459E-02  2.405E-02  0.406E-12  max increase

DATE: 2016-02-26
TIME: 17:10:12
DATE: 2016-02-26
TIME: 17:10:12
                                         version_number        8118
 read inlist_1.0
load saved model zams.mod

 new_lnPgas_flag T
 net name basic.net
 do_element_diffusion T
 lnPgas_flag T
                       which_atm_option: Eddington_grey
 kappa_file_prefix gs98
 kappa_lowT_prefix lowT_fa05_gs98
   eos_file_prefix mesa
                                        OMP_NUM_THREADS           1


__________________________________________________________________________________________________________________________________________________

       step    lg_Tcntr    Teff       lg_LH     lg_Lnuc     Mass       H_rich     H_cntr     N_cntr     Y_surf     X_avg     eta_cntr  zones retry
   lg_dt_yr    lg_Dcntr    lg_R       lg_L3a    lg_Lneu     lg_Mdot    He_core    He_cntr    O_cntr     Z_surf     Y_avg     gam_cntr  iters bckup
     age_yr    lg_Pcntr    lg_L       lg_LZ     lg_Psurf    lg_Dsurf   C_core     C_cntr     Ne_cntr    Z_cntr     Z_avg     v_div_cs     dt_limit
__________________________________________________________________________________________________________________________________________________

        917   7.247263   6901.631   0.592948   0.592948   1.529990   1.529990   0.723753   0.006032   0.240327   0.731094  -2.159701    794      0
   6.000000   1.888158   0.142039 -41.752911  -0.956964 -99.000000   0.000000   0.251659   0.011128   0.023596   0.244846   0.060573      4      0
 6.4866E+07  17.272050   0.592852 -15.051500   4.607562  -7.050427   0.000000   0.000026   0.002510  2.459E-02  2.406E-02  0.175E-12        max_dt

