000 (20357.000.000) 02/24 21:34:53 Job submitted from host: <134.76.239.76:13753?addrs=134.76.239.76-13753>
...
001 (20357.000.000) 02/25 00:12:40 Job executing on host: <134.76.239.79:12046?addrs=134.76.239.79-12046>
...
006 (20357.000.000) 02/25 00:12:49 Image size of job updated: 202152
	50  -  MemoryUsage of job (MB)
	51136  -  ResidentSetSize of job (KB)
...
006 (20357.000.000) 02/25 00:17:50 Image size of job updated: 1143648
	933  -  MemoryUsage of job (MB)
	954952  -  ResidentSetSize of job (KB)
...
006 (20357.000.000) 02/25 00:22:51 Image size of job updated: 1144828
	933  -  MemoryUsage of job (MB)
	954952  -  ResidentSetSize of job (KB)
...
006 (20357.000.000) 02/25 00:27:51 Image size of job updated: 1338492
	1124  -  MemoryUsage of job (MB)
	1150568  -  ResidentSetSize of job (KB)
...
006 (20357.000.000) 02/25 00:32:51 Image size of job updated: 1412100
	1197  -  MemoryUsage of job (MB)
	1224940  -  ResidentSetSize of job (KB)
...
006 (20357.000.000) 02/25 00:37:52 Image size of job updated: 1412100
	1197  -  MemoryUsage of job (MB)
	1225244  -  ResidentSetSize of job (KB)
...
006 (20357.000.000) 02/25 00:42:52 Image size of job updated: 1535092
	1343  -  MemoryUsage of job (MB)
	1374908  -  ResidentSetSize of job (KB)
...
006 (20357.000.000) 02/25 00:47:52 Image size of job updated: 1535092
	1343  -  MemoryUsage of job (MB)
	1374912  -  ResidentSetSize of job (KB)
...
006 (20357.000.000) 02/25 00:52:53 Image size of job updated: 1559628
	1368  -  MemoryUsage of job (MB)
	1399824  -  ResidentSetSize of job (KB)
...
006 (20357.000.000) 02/25 00:57:54 Image size of job updated: 1584172
	1368  -  MemoryUsage of job (MB)
	1399824  -  ResidentSetSize of job (KB)
...
006 (20357.000.000) 02/25 01:22:56 Image size of job updated: 1587160
	1368  -  MemoryUsage of job (MB)
	1399824  -  ResidentSetSize of job (KB)
...
006 (20357.000.000) 02/25 01:32:57 Image size of job updated: 1611696
	1370  -  MemoryUsage of job (MB)
	1401980  -  ResidentSetSize of job (KB)
...
006 (20357.000.000) 02/25 01:37:57 Image size of job updated: 1636232
	1370  -  MemoryUsage of job (MB)
	1401980  -  ResidentSetSize of job (KB)
...
005 (20357.000.000) 02/25 02:54:51 Job terminated.
	(1) Normal termination (return value 0)
		Usr 0 04:27:38, Sys 0 00:00:50  -  Run Remote Usage
		Usr 0 00:00:00, Sys 0 00:00:00  -  Run Local Usage
		Usr 0 04:27:38, Sys 0 00:00:50  -  Total Remote Usage
		Usr 0 00:00:00, Sys 0 00:00:00  -  Total Local Usage
	0  -  Run Bytes Sent By Job
	0  -  Run Bytes Received By Job
	0  -  Total Bytes Sent By Job
	0  -  Total Bytes Received By Job
	Partitionable Resources :    Usage  Request Allocated
	   Cpus                 :                 2         2
	   Disk (KB)            :        1        1   5108714
	   Memory (MB)          :     1370        1         1
...
