000 (20736.000.000) 02/24 21:35:13 Job submitted from host: <134.76.239.76:13753?addrs=134.76.239.76-13753>
...
001 (20736.000.000) 02/25 04:26:47 Job executing on host: <134.76.239.91:19968?addrs=134.76.239.91-19968>
...
006 (20736.000.000) 02/25 04:26:56 Image size of job updated: 26260
	4  -  MemoryUsage of job (MB)
	3308  -  ResidentSetSize of job (KB)
...
006 (20736.000.000) 02/25 04:31:57 Image size of job updated: 1144572
	938  -  MemoryUsage of job (MB)
	960304  -  ResidentSetSize of job (KB)
...
006 (20736.000.000) 02/25 04:41:58 Image size of job updated: 1247320
	1077  -  MemoryUsage of job (MB)
	1102388  -  ResidentSetSize of job (KB)
...
006 (20736.000.000) 02/25 04:46:58 Image size of job updated: 1247320
	1077  -  MemoryUsage of job (MB)
	1102728  -  ResidentSetSize of job (KB)
...
006 (20736.000.000) 02/25 04:51:59 Image size of job updated: 1435952
	1223  -  MemoryUsage of job (MB)
	1252168  -  ResidentSetSize of job (KB)
...
006 (20736.000.000) 02/25 04:56:59 Image size of job updated: 1460488
	1248  -  MemoryUsage of job (MB)
	1277036  -  ResidentSetSize of job (KB)
...
006 (20736.000.000) 02/25 05:01:59 Image size of job updated: 1509560
	1296  -  MemoryUsage of job (MB)
	1326424  -  ResidentSetSize of job (KB)
...
005 (20736.000.000) 02/25 06:35:44 Job terminated.
	(1) Normal termination (return value 0)
		Usr 0 03:27:32, Sys 0 00:00:34  -  Run Remote Usage
		Usr 0 00:00:00, Sys 0 00:00:00  -  Run Local Usage
		Usr 0 03:27:32, Sys 0 00:00:34  -  Total Remote Usage
		Usr 0 00:00:00, Sys 0 00:00:00  -  Total Local Usage
	0  -  Run Bytes Sent By Job
	0  -  Run Bytes Received By Job
	0  -  Total Bytes Sent By Job
	0  -  Total Bytes Received By Job
	Partitionable Resources :    Usage  Request Allocated
	   Cpus                 :                 2         2
	   Disk (KB)            :        1        1   5108669
	   Memory (MB)          :     1296        1         1
...
