DATE: 2016-02-26
TIME: 16:59:42
                                         version_number        8118
 read inlist_1.0
 create pre-main-sequence model
                                                species           8
 abundances
                                                     h1    7.4387399999999992D-01
                                                    he3    2.7133088138931449D-05
                                                    he4    2.5493486691186107D-01
                                                    c12    2.0030173754926985D-04
                                                    n14    5.8674827425893021D-05
                                                    o16    5.4477799265197123D-04
                                                   ne20    1.2218856907240871D-04
                                                   mg24    2.3805687330051106D-04


                                        relax_num_steps


                               finished relax_num_steps

 new_lnPgas_flag T
                                        relax_initial_Z    1.1640000000000001D-03
                                                  new z    1.1639999999996555D-03
                                        relax_initial_Y    2.5496200000000002D-01
                                                  new y    2.5496200000000013D-01
 net name basic.net
 do_element_diffusion T
 lnPgas_flag T
 kappa_file_prefix gs98
 kappa_lowT_prefix lowT_fa05_gs98
   eos_file_prefix mesa
                                        OMP_NUM_THREADS           1



stop because Lnuc_div_L >= Lnuc_div_L_zams_limit
    0.1000549310E+01    0.9990000000E+00

        971   7.314023  1.025E+04   1.039904   1.039904   1.558115   1.558115   0.743167   0.000292   0.253349   0.743719  -2.101859    900      0
   5.347373   2.005830   0.022005 -38.353941  -0.433005 -99.000000   0.000000   0.255636   0.000543   0.001149   0.255109   0.055874      2      0
 7.0345E+06  17.464291   1.039665 -14.750470   3.065554  -8.952514   0.000000   0.000002   0.000122  1.197E-03  1.172E-03 -0.195E-10  max increase

save photos/x971 for model 971
save final_profile.data write fgong_plot.data
                               s% atm_structure_num_pts          40
save final_profile.data.FGONG    971
 final_profile.data.FGONG for model 971
 saved to zams.mod
termination code: Lnuc_div_L_zams_limit

       runtime, prev time, retries, backups, steps         8.9        28.2         0         0       971
        971   7.314023  1.025E+04   1.039904   1.039904   1.558115   1.558115   0.743167   0.000292   0.253349   0.743719  -2.101859    900      0
   5.347373   2.005830   0.022005 -38.353941  -0.433005 -99.000000   0.000000   0.255636   0.000543   0.001149   0.255109   0.055874      2      0
 7.0345E+06  17.464291   1.039665 -14.750470   3.065554  -8.952514   0.000000   0.000002   0.000122  1.197E-03  1.172E-03 -0.195E-10  max increase

DATE: 2016-02-26
TIME: 17:10:23
DATE: 2016-02-26
TIME: 17:10:23
                                         version_number        8118
 read inlist_1.0
load saved model zams.mod

 new_lnPgas_flag T
 net name basic.net
 do_element_diffusion T
 lnPgas_flag T
                       which_atm_option: Eddington_grey
 kappa_file_prefix gs98
 kappa_lowT_prefix lowT_fa05_gs98
   eos_file_prefix mesa
                                        OMP_NUM_THREADS           1


__________________________________________________________________________________________________________________________________________________

       step    lg_Tcntr    Teff       lg_LH     lg_Lnuc     Mass       H_rich     H_cntr     N_cntr     Y_surf     X_avg     eta_cntr  zones retry
   lg_dt_yr    lg_Dcntr    lg_R       lg_L3a    lg_Lneu     lg_Mdot    He_core    He_cntr    O_cntr     Z_surf     Y_avg     gam_cntr  iters bckup
     age_yr    lg_Pcntr    lg_L       lg_LZ     lg_Psurf    lg_Dsurf   C_core     C_cntr     Ne_cntr    Z_cntr     Z_avg     v_div_cs     dt_limit
__________________________________________________________________________________________________________________________________________________

