000 (28335.000.000) 02/26 16:56:10 Job submitted from host: <134.76.239.76:15915?addrs=134.76.239.76-15915>
...
001 (28335.000.000) 02/26 16:56:15 Job executing on host: <134.76.239.85:28271?addrs=134.76.239.85-28271>
...
006 (28335.000.000) 02/26 16:56:24 Image size of job updated: 45172
	5  -  MemoryUsage of job (MB)
	4296  -  ResidentSetSize of job (KB)
...
006 (28335.000.000) 02/26 17:01:25 Image size of job updated: 1071204
	932  -  MemoryUsage of job (MB)
	953392  -  ResidentSetSize of job (KB)
...
006 (28335.000.000) 02/26 17:06:25 Image size of job updated: 1071876
	932  -  MemoryUsage of job (MB)
	953996  -  ResidentSetSize of job (KB)
...
006 (28335.000.000) 02/26 17:11:25 Image size of job updated: 1080612
	932  -  MemoryUsage of job (MB)
	953996  -  ResidentSetSize of job (KB)
...
006 (28335.000.000) 02/26 17:16:26 Image size of job updated: 1235280
	1090  -  MemoryUsage of job (MB)
	1115520  -  ResidentSetSize of job (KB)
...
