000 (28559.000.000) 02/26 16:56:22 Job submitted from host: <134.76.239.76:15915?addrs=134.76.239.76-15915>
...
001 (28559.000.000) 02/26 16:56:42 Job executing on host: <134.76.239.81:12597?addrs=134.76.239.81-12597>
...
006 (28559.000.000) 02/26 16:56:54 Image size of job updated: 65340
	4  -  MemoryUsage of job (MB)
	3252  -  ResidentSetSize of job (KB)
...
006 (28559.000.000) 02/26 17:01:55 Image size of job updated: 1071440
	930  -  MemoryUsage of job (MB)
	951932  -  ResidentSetSize of job (KB)
...
006 (28559.000.000) 02/26 17:06:55 Image size of job updated: 1071912
	930  -  MemoryUsage of job (MB)
	952032  -  ResidentSetSize of job (KB)
...
006 (28559.000.000) 02/26 17:11:55 Image size of job updated: 1080244
	930  -  MemoryUsage of job (MB)
	952032  -  ResidentSetSize of job (KB)
...
006 (28559.000.000) 02/26 17:16:56 Image size of job updated: 1233996
	1087  -  MemoryUsage of job (MB)
	1112324  -  ResidentSetSize of job (KB)
...
