000 (28090.000.000) 02/26 16:55:57 Job submitted from host: <134.76.239.76:15915?addrs=134.76.239.76-15915>
...
001 (28090.000.000) 02/26 16:56:03 Job executing on host: <134.76.239.90:16939?addrs=134.76.239.90-16939>
...
006 (28090.000.000) 02/26 16:56:13 Image size of job updated: 65712
	5  -  MemoryUsage of job (MB)
	4312  -  ResidentSetSize of job (KB)
...
006 (28090.000.000) 02/26 17:01:13 Image size of job updated: 1070540
	929  -  MemoryUsage of job (MB)
	951008  -  ResidentSetSize of job (KB)
...
006 (28090.000.000) 02/26 17:06:13 Image size of job updated: 1071152
	930  -  MemoryUsage of job (MB)
	951572  -  ResidentSetSize of job (KB)
...
006 (28090.000.000) 02/26 17:11:14 Image size of job updated: 1078544
	930  -  MemoryUsage of job (MB)
	951572  -  ResidentSetSize of job (KB)
...
006 (28090.000.000) 02/26 17:16:14 Image size of job updated: 1361076
	1214  -  MemoryUsage of job (MB)
	1242704  -  ResidentSetSize of job (KB)
...
