DATE: 2016-02-26
TIME: 16:59:26
                                         version_number        8118
 read inlist_1.0
 create pre-main-sequence model
                                                species           8
 abundances
                                                     h1    6.6552999999999995D-01
                                                    he3    3.5538681782899963D-05
                                                    he4    3.3391146131821714D-01
                                                    c12    8.9998117472743597D-05
                                                    n14    2.6363345999779756D-05
                                                    o16    2.4477567882903403D-04
                                                   ne20    5.4900877684598847D-05
                                                   mg24    1.0696198001389499D-04


                                        relax_num_steps


                               finished relax_num_steps

 new_lnPgas_flag T
                                        relax_initial_Z    5.2300000000000003D-04
                                                  new z    5.2299999999995894D-04
                                        relax_initial_Y    3.3394699999999999D-01
                                                  new y    3.3394700000000016D-01
 net name basic.net
 do_element_diffusion T
 lnPgas_flag T
 kappa_file_prefix gs98
 kappa_lowT_prefix lowT_fa05_gs98
   eos_file_prefix mesa
                                        OMP_NUM_THREADS           1



stop because Lnuc_div_L >= Lnuc_div_L_zams_limit
    0.1005767938E+01    0.9990000000E+00

        975   7.337432  1.117E+04   1.097813   1.097813   1.443857   1.443857   0.664920   0.000132   0.251997   0.665395  -2.112523    899      0
   5.191276   2.057540  -0.024821 -36.874110  -0.255386 -99.000000   0.000000   0.334543   0.000243   0.000286   0.334078   0.056972      2      0
 5.2796E+06  17.513702   1.095315 -14.449440   3.113327  -9.017906   0.000000   0.000001   0.000055  5.377E-04  5.269E-04 -0.254E-10  max increase

save photos/x975 for model 975
save final_profile.data write fgong_plot.data
                               s% atm_structure_num_pts          41
save final_profile.data.FGONG    975
 final_profile.data.FGONG for model 975
 saved to zams.mod
termination code: Lnuc_div_L_zams_limit

       runtime, prev time, retries, backups, steps         8.8        28.2         0         0       975
        975   7.337432  1.117E+04   1.097813   1.097813   1.443857   1.443857   0.664920   0.000132   0.251997   0.665395  -2.112523    899      0
   5.191276   2.057540  -0.024821 -36.874110  -0.255386 -99.000000   0.000000   0.334543   0.000243   0.000286   0.334078   0.056972      2      0
 5.2796E+06  17.513702   1.095315 -14.449440   3.113327  -9.017906   0.000000   0.000001   0.000055  5.377E-04  5.269E-04 -0.254E-10  max increase

DATE: 2016-02-26
TIME: 17:10:15
DATE: 2016-02-26
TIME: 17:10:15
                                         version_number        8118
 read inlist_1.0
load saved model zams.mod

 new_lnPgas_flag T
 net name basic.net
 do_element_diffusion T
 lnPgas_flag T
                       which_atm_option: Eddington_grey
 kappa_file_prefix gs98
 kappa_lowT_prefix lowT_fa05_gs98
   eos_file_prefix mesa
                                        OMP_NUM_THREADS           1


__________________________________________________________________________________________________________________________________________________

       step    lg_Tcntr    Teff       lg_LH     lg_Lnuc     Mass       H_rich     H_cntr     N_cntr     Y_surf     X_avg     eta_cntr  zones retry
   lg_dt_yr    lg_Dcntr    lg_R       lg_L3a    lg_Lneu     lg_Mdot    He_core    He_cntr    O_cntr     Z_surf     Y_avg     gam_cntr  iters bckup
     age_yr    lg_Pcntr    lg_L       lg_LZ     lg_Psurf    lg_Dsurf   C_core     C_cntr     Ne_cntr    Z_cntr     Z_avg     v_div_cs     dt_limit
__________________________________________________________________________________________________________________________________________________

