DATE: 2016-02-26
TIME: 16:59:38
                                         version_number        8118
 read inlist_1.0
 create pre-main-sequence model
                                                species           8
 abundances
                                                     h1    7.2705100000000000D-01
                                                    he3    2.8879016724396376D-05
                                                    he4    2.7133912098327562D-01
                                                    c12    2.7205931878468187D-04
                                                    n14    7.9694933127430644D-05
                                                    o16    7.3994330445248781D-04
                                                   ne20    1.6596230902359309D-04
                                                   mg24    3.2334013461175022D-04


                                        relax_num_steps


                               finished relax_num_steps

 new_lnPgas_flag T
                                        relax_initial_Z    1.5809999999999999D-03
                                                  new z    1.5810000000003686D-03
                                        relax_initial_Y    2.7136800000000000D-01
                                                  new y    2.7136800000000016D-01
 net name basic.net
 do_element_diffusion T
 lnPgas_flag T
 kappa_file_prefix gs98
 kappa_lowT_prefix lowT_fa05_gs98
   eos_file_prefix mesa
                                        OMP_NUM_THREADS           1



stop because Lnuc_div_L >= Lnuc_div_L_zams_limit
    0.1000093159E+01    0.9990000000E+00

        954   7.293426   9410.615   0.891841   0.891841   1.421005   1.421005   0.726088   0.000396   0.122411   0.726849  -2.020136    884      0
   5.636065   2.013306   0.022180 -39.232337  -0.626634 -99.000000   0.000000   0.272286   0.000738   0.000320   0.271560   0.059347      2      0
 9.4509E+06  17.445720   0.891800 -15.051500   3.133723  -8.817605   0.000000   0.000002   0.000166  1.626E-03  1.591E-03  0.420E-13  max increase

save photos/x954 for model 954
save final_profile.data write fgong_plot.data
                               s% atm_structure_num_pts          40
save final_profile.data.FGONG    954
 final_profile.data.FGONG for model 954
 saved to zams.mod
termination code: Lnuc_div_L_zams_limit

       runtime, prev time, retries, backups, steps        10.6        28.2         0         0       954
        954   7.293426   9410.615   0.891841   0.891841   1.421005   1.421005   0.726088   0.000396   0.122411   0.726849  -2.020136    884      0
   5.636065   2.013306   0.022180 -39.232337  -0.626634 -99.000000   0.000000   0.272286   0.000738   0.000320   0.271560   0.059347      2      0
 9.4509E+06  17.445720   0.891800 -15.051500   3.133723  -8.817605   0.000000   0.000002   0.000166  1.626E-03  1.591E-03  0.420E-13  max increase

DATE: 2016-02-26
TIME: 17:12:11
DATE: 2016-02-26
TIME: 17:12:11
                                         version_number        8118
 read inlist_1.0
load saved model zams.mod

 new_lnPgas_flag T
 net name basic.net
 do_element_diffusion T
 lnPgas_flag T
                       which_atm_option: Eddington_grey
 kappa_file_prefix gs98
 kappa_lowT_prefix lowT_fa05_gs98
   eos_file_prefix mesa
                                        OMP_NUM_THREADS           1


__________________________________________________________________________________________________________________________________________________

       step    lg_Tcntr    Teff       lg_LH     lg_Lnuc     Mass       H_rich     H_cntr     N_cntr     Y_surf     X_avg     eta_cntr  zones retry
   lg_dt_yr    lg_Dcntr    lg_R       lg_L3a    lg_Lneu     lg_Mdot    He_core    He_cntr    O_cntr     Z_surf     Y_avg     gam_cntr  iters bckup
     age_yr    lg_Pcntr    lg_L       lg_LZ     lg_Psurf    lg_Dsurf   C_core     C_cntr     Ne_cntr    Z_cntr     Z_avg     v_div_cs     dt_limit
__________________________________________________________________________________________________________________________________________________

