000 (20173.000.000) 02/24 21:34:43 Job submitted from host: <134.76.239.76:13753?addrs=134.76.239.76-13753>
...
001 (20173.000.000) 02/24 22:10:39 Job executing on host: <134.76.239.91:19968?addrs=134.76.239.91-19968>
...
006 (20173.000.000) 02/24 22:10:50 Image size of job updated: 26260
	4  -  MemoryUsage of job (MB)
	3252  -  ResidentSetSize of job (KB)
...
006 (20173.000.000) 02/24 22:15:51 Image size of job updated: 52652
	5  -  MemoryUsage of job (MB)
	4160  -  ResidentSetSize of job (KB)
...
006 (20173.000.000) 02/24 22:20:51 Image size of job updated: 1138704
	927  -  MemoryUsage of job (MB)
	948380  -  ResidentSetSize of job (KB)
...
006 (20173.000.000) 02/24 22:25:51 Image size of job updated: 1143828
	932  -  MemoryUsage of job (MB)
	953620  -  ResidentSetSize of job (KB)
...
006 (20173.000.000) 02/24 22:30:53 Image size of job updated: 1145952
	932  -  MemoryUsage of job (MB)
	953620  -  ResidentSetSize of job (KB)
...
006 (20173.000.000) 02/24 22:40:53 Image size of job updated: 1289836
	1075  -  MemoryUsage of job (MB)
	1100604  -  ResidentSetSize of job (KB)
...
006 (20173.000.000) 02/24 22:45:54 Image size of job updated: 1435320
	1244  -  MemoryUsage of job (MB)
	1273416  -  ResidentSetSize of job (KB)
...
006 (20173.000.000) 02/24 22:50:55 Image size of job updated: 1435320
	1246  -  MemoryUsage of job (MB)
	1275896  -  ResidentSetSize of job (KB)
...
006 (20173.000.000) 02/24 22:55:55 Image size of job updated: 1435328
	1246  -  MemoryUsage of job (MB)
	1275896  -  ResidentSetSize of job (KB)
...
006 (20173.000.000) 02/24 23:10:56 Image size of job updated: 1473408
	1246  -  MemoryUsage of job (MB)
	1275896  -  ResidentSetSize of job (KB)
...
006 (20173.000.000) 02/25 00:06:02 Image size of job updated: 7395068
	1246  -  MemoryUsage of job (MB)
	1275896  -  ResidentSetSize of job (KB)
...
005 (20173.000.000) 02/25 00:06:25 Job terminated.
	(1) Normal termination (return value 0)
		Usr 0 02:20:12, Sys 0 00:00:44  -  Run Remote Usage
		Usr 0 00:00:00, Sys 0 00:00:00  -  Run Local Usage
		Usr 0 02:20:12, Sys 0 00:00:44  -  Total Remote Usage
		Usr 0 00:00:00, Sys 0 00:00:00  -  Total Local Usage
	0  -  Run Bytes Sent By Job
	0  -  Run Bytes Received By Job
	0  -  Total Bytes Sent By Job
	0  -  Total Bytes Received By Job
	Partitionable Resources :    Usage  Request Allocated
	   Cpus                 :                 2         2
	   Disk (KB)            :        1        1   5108749
	   Memory (MB)          :     1246        1         1
...
