DATE: 2016-02-26
TIME: 16:59:49
                                         version_number        8118
 read inlist_1.0
 create pre-main-sequence model
                                                species           8
 abundances
                                                     h1    7.4390900000000004D-01
                                                    he3    2.7209497789325442D-05
                                                    he4    2.5565279050221074D-01
                                                    c12    7.0725098052196026D-05
                                                    n14    2.0717658137494730D-05
                                                    o16    1.9235717781784982D-04
                                                   ne20    4.3143901966291928D-05
                                                   mg24    8.4056164026217802D-05


                                        relax_num_steps


                               finished relax_num_steps

 new_lnPgas_flag T
                                        relax_initial_Z    4.1100000000000002D-04
                                                  new z    4.1100000000046877D-04
                                        relax_initial_Y    2.5568000000000002D-01
                                                  new y    2.5568000000000002D-01
 net name basic.net
 do_element_diffusion T
 lnPgas_flag T
 kappa_file_prefix gs98
 kappa_lowT_prefix lowT_fa05_gs98
   eos_file_prefix mesa
                                        OMP_NUM_THREADS           1



stop because Lnuc_div_L >= Lnuc_div_L_zams_limit
    0.1000142694E+01    0.9990000000E+00

        919   7.252496   8690.700   0.658945   0.658945   1.241818   1.241818   0.743266   0.000102   0.107903   0.743781  -1.839915    886      0
   5.530969   2.022246  -0.025152 -41.238689  -0.938564 -99.000000   0.000000   0.256312   0.000192   0.000061   0.255806   0.065172      2      0
 9.9490E+06  17.419644   0.658883 -99.000000   3.459449  -8.379747   0.000000   0.000001   0.000043  4.226E-04  4.127E-04 -0.110E-10  max increase

save photos/x919 for model 919
save final_profile.data write fgong_plot.data
                               s% atm_structure_num_pts          43
save final_profile.data.FGONG    919
 final_profile.data.FGONG for model 919
 saved to zams.mod
termination code: Lnuc_div_L_zams_limit

       runtime, prev time, retries, backups, steps         8.5        28.2         0         0       919
        919   7.252496   8690.700   0.658945   0.658945   1.241818   1.241818   0.743266   0.000102   0.107903   0.743781  -1.839915    886      0
   5.530969   2.022246  -0.025152 -41.238689  -0.938564 -99.000000   0.000000   0.256312   0.000192   0.000061   0.255806   0.065172      2      0
 9.9490E+06  17.419644   0.658883 -99.000000   3.459449  -8.379747   0.000000   0.000001   0.000043  4.226E-04  4.127E-04 -0.110E-10  max increase

DATE: 2016-02-26
TIME: 17:10:03
DATE: 2016-02-26
TIME: 17:10:03
                                         version_number        8118
 read inlist_1.0
load saved model zams.mod

 new_lnPgas_flag T
 net name basic.net
 do_element_diffusion T
 lnPgas_flag T
                       which_atm_option: Eddington_grey
 kappa_file_prefix gs98
 kappa_lowT_prefix lowT_fa05_gs98
   eos_file_prefix mesa
                                        OMP_NUM_THREADS           1


__________________________________________________________________________________________________________________________________________________

       step    lg_Tcntr    Teff       lg_LH     lg_Lnuc     Mass       H_rich     H_cntr     N_cntr     Y_surf     X_avg     eta_cntr  zones retry
   lg_dt_yr    lg_Dcntr    lg_R       lg_L3a    lg_Lneu     lg_Mdot    He_core    He_cntr    O_cntr     Z_surf     Y_avg     gam_cntr  iters bckup
     age_yr    lg_Pcntr    lg_L       lg_LZ     lg_Psurf    lg_Dsurf   C_core     C_cntr     Ne_cntr    Z_cntr     Z_avg     v_div_cs     dt_limit
__________________________________________________________________________________________________________________________________________________

