000 (28086.000.000) 02/26 16:55:56 Job submitted from host: <134.76.239.76:15915?addrs=134.76.239.76-15915>
...
001 (28086.000.000) 02/26 16:56:03 Job executing on host: <134.76.239.84:25445?addrs=134.76.239.84-25445>
...
006 (28086.000.000) 02/26 16:56:15 Image size of job updated: 65712
	5  -  MemoryUsage of job (MB)
	4304  -  ResidentSetSize of job (KB)
...
006 (28086.000.000) 02/26 17:01:15 Image size of job updated: 1071756
	933  -  MemoryUsage of job (MB)
	955236  -  ResidentSetSize of job (KB)
...
006 (28086.000.000) 02/26 17:06:15 Image size of job updated: 1072376
	934  -  MemoryUsage of job (MB)
	955772  -  ResidentSetSize of job (KB)
...
006 (28086.000.000) 02/26 17:11:16 Image size of job updated: 1080324
	934  -  MemoryUsage of job (MB)
	955772  -  ResidentSetSize of job (KB)
...
006 (28086.000.000) 02/26 17:16:16 Image size of job updated: 1239312
	1094  -  MemoryUsage of job (MB)
	1119808  -  ResidentSetSize of job (KB)
...
