000 (20801.000.000) 02/24 21:35:17 Job submitted from host: <134.76.239.76:13753?addrs=134.76.239.76-13753>
...
001 (20801.000.000) 02/25 05:07:48 Job executing on host: <134.76.239.89:24193?addrs=134.76.239.89-24193>
...
006 (20801.000.000) 02/25 05:07:57 Image size of job updated: 1
	3  -  MemoryUsage of job (MB)
	2072  -  ResidentSetSize of job (KB)
...
006 (20801.000.000) 02/25 05:12:58 Image size of job updated: 1145164
	933  -  MemoryUsage of job (MB)
	954664  -  ResidentSetSize of job (KB)
...
006 (20801.000.000) 02/25 05:17:59 Image size of job updated: 1146588
	933  -  MemoryUsage of job (MB)
	954664  -  ResidentSetSize of job (KB)
...
006 (20801.000.000) 02/25 05:27:59 Image size of job updated: 1242364
	1072  -  MemoryUsage of job (MB)
	1096792  -  ResidentSetSize of job (KB)
...
006 (20801.000.000) 02/25 05:38:01 Image size of job updated: 1242364
	1072  -  MemoryUsage of job (MB)
	1097128  -  ResidentSetSize of job (KB)
...
006 (20801.000.000) 02/25 05:48:02 Image size of job updated: 1453384
	1240  -  MemoryUsage of job (MB)
	1269284  -  ResidentSetSize of job (KB)
...
006 (20801.000.000) 02/25 05:53:03 Image size of job updated: 1453812
	1240  -  MemoryUsage of job (MB)
	1269288  -  ResidentSetSize of job (KB)
...
006 (20801.000.000) 02/25 05:58:03 Image size of job updated: 1453812
	1240  -  MemoryUsage of job (MB)
	1269612  -  ResidentSetSize of job (KB)
...
006 (20801.000.000) 02/25 06:03:03 Image size of job updated: 1453812
	1240  -  MemoryUsage of job (MB)
	1269616  -  ResidentSetSize of job (KB)
...
006 (20801.000.000) 02/25 06:08:04 Image size of job updated: 1453812
	1240  -  MemoryUsage of job (MB)
	1269624  -  ResidentSetSize of job (KB)
...
006 (20801.000.000) 02/25 06:13:04 Image size of job updated: 1456912
	1240  -  MemoryUsage of job (MB)
	1269624  -  ResidentSetSize of job (KB)
...
006 (20801.000.000) 02/25 07:18:11 Image size of job updated: 1456940
	1240  -  MemoryUsage of job (MB)
	1269624  -  ResidentSetSize of job (KB)
...
005 (20801.000.000) 02/25 08:41:06 Job terminated.
	(1) Normal termination (return value 0)
		Usr 0 06:02:27, Sys 0 00:00:47  -  Run Remote Usage
		Usr 0 00:00:00, Sys 0 00:00:00  -  Run Local Usage
		Usr 0 06:02:27, Sys 0 00:00:47  -  Total Remote Usage
		Usr 0 00:00:00, Sys 0 00:00:00  -  Total Local Usage
	0  -  Run Bytes Sent By Job
	0  -  Run Bytes Received By Job
	0  -  Total Bytes Sent By Job
	0  -  Total Bytes Received By Job
	Partitionable Resources :    Usage  Request Allocated
	   Cpus                 :                 2         2
	   Disk (KB)            :        1        1   5108772
	   Memory (MB)          :     1240        1         1
...
