DATE: 2016-02-26
TIME: 16:59:30
                                         version_number        8118
 read inlist_1.0
 create pre-main-sequence model
                                                species           8
 abundances
                                                     h1    7.1430899999999997D-01
                                                    he3    3.0151162909368202D-05
                                                    he4    2.8329184883709069D-01
                                                    c12    4.0765877685067800D-04
                                                    n14    1.1941637987279335D-04
                                                    o16    1.1087449008526076D-03
                                                   ne20    2.4868103104168154D-04
                                                   mg24    4.8449891138219398D-04


                                        relax_num_steps


                               finished relax_num_steps

 new_lnPgas_flag T
                                        relax_initial_Z    2.3690000000000000D-03
                                                  new z    2.3690000000000863D-03
                                        relax_initial_Y    2.8332200000000002D-01
                                                  new y    2.8332199999999985D-01
 net name basic.net
 do_element_diffusion T
 lnPgas_flag T
 kappa_file_prefix gs98
 kappa_lowT_prefix lowT_fa05_gs98
   eos_file_prefix mesa
                                        OMP_NUM_THREADS           1



stop because Lnuc_div_L >= Lnuc_div_L_zams_limit
    0.9999717980E+00    0.9990000000E+00

        916   7.246317   7929.818   0.589642   0.589642   1.204794   1.204794   0.712733   0.000593   0.283319   0.714024  -1.836214    875      0
   6.067951   2.022120   0.019817 -41.414089  -1.003561 -99.000000   0.000000   0.284830   0.001107   0.002369   0.283595   0.066993      2      0
 1.6975E+07  17.403331   0.589654 -14.875409   3.884433  -7.823937   0.000000   0.000003   0.000249  2.436E-03  2.381E-03 -0.166E-13  max increase

save photos/x916 for model 916
save final_profile.data write fgong_plot.data
                               s% atm_structure_num_pts          52
save final_profile.data.FGONG    916
 final_profile.data.FGONG for model 916
 saved to zams.mod
termination code: Lnuc_div_L_zams_limit

       runtime, prev time, retries, backups, steps         8.1        28.2         0         0       916
        916   7.246317   7929.818   0.589642   0.589642   1.204794   1.204794   0.712733   0.000593   0.283319   0.714024  -1.836214    875      0
   6.067951   2.022120   0.019817 -41.414089  -1.003561 -99.000000   0.000000   0.284830   0.001107   0.002369   0.283595   0.066993      2      0
 1.6975E+07  17.403331   0.589654 -14.875409   3.884433  -7.823937   0.000000   0.000003   0.000249  2.436E-03  2.381E-03 -0.166E-13  max increase

DATE: 2016-02-26
TIME: 17:09:29
DATE: 2016-02-26
TIME: 17:09:29
                                         version_number        8118
 read inlist_1.0
load saved model zams.mod

 new_lnPgas_flag T
 net name basic.net
 do_element_diffusion T
 lnPgas_flag T
                       which_atm_option: Eddington_grey
 kappa_file_prefix gs98
 kappa_lowT_prefix lowT_fa05_gs98
   eos_file_prefix mesa
                                        OMP_NUM_THREADS           1


__________________________________________________________________________________________________________________________________________________

       step    lg_Tcntr    Teff       lg_LH     lg_Lnuc     Mass       H_rich     H_cntr     N_cntr     Y_surf     X_avg     eta_cntr  zones retry
   lg_dt_yr    lg_Dcntr    lg_R       lg_L3a    lg_Lneu     lg_Mdot    He_core    He_cntr    O_cntr     Z_surf     Y_avg     gam_cntr  iters bckup
     age_yr    lg_Pcntr    lg_L       lg_LZ     lg_Psurf    lg_Dsurf   C_core     C_cntr     Ne_cntr    Z_cntr     Z_avg     v_div_cs     dt_limit
__________________________________________________________________________________________________________________________________________________

        917   7.246359   7940.929   0.589994   0.589994   1.204794   1.204794   0.712540   0.000593   0.283319   0.713991  -1.836022    875      0
   6.000000   2.022317   0.018688 -41.410899  -1.004331 -99.000000   0.000000   0.285023   0.001107   0.002369   0.283627   0.067002      9      0
 1.7975E+07  17.403507   0.589830 -14.875409   4.352362  -7.363037   0.000000   0.000003   0.000249  2.436E-03  2.381E-03 -0.730E-11              

