000 (20676.000.000) 02/24 21:35:10 Job submitted from host: <134.76.239.76:13753?addrs=134.76.239.76-13753>
...
001 (20676.000.000) 02/25 03:49:45 Job executing on host: <134.76.239.85:29523?addrs=134.76.239.85-29523>
...
006 (20676.000.000) 02/25 03:49:54 Image size of job updated: 137996
	19  -  MemoryUsage of job (MB)
	18812  -  ResidentSetSize of job (KB)
...
006 (20676.000.000) 02/25 03:54:54 Image size of job updated: 1142896
	930  -  MemoryUsage of job (MB)
	952268  -  ResidentSetSize of job (KB)
...
006 (20676.000.000) 02/25 03:59:54 Image size of job updated: 1144724
	930  -  MemoryUsage of job (MB)
	952268  -  ResidentSetSize of job (KB)
...
006 (20676.000.000) 02/25 04:04:55 Image size of job updated: 1249676
	1067  -  MemoryUsage of job (MB)
	1091712  -  ResidentSetSize of job (KB)
...
006 (20676.000.000) 02/25 04:09:56 Image size of job updated: 1460696
	1236  -  MemoryUsage of job (MB)
	1264752  -  ResidentSetSize of job (KB)
...
006 (20676.000.000) 02/25 04:14:56 Image size of job updated: 1509776
	1236  -  MemoryUsage of job (MB)
	1264752  -  ResidentSetSize of job (KB)
...
006 (20676.000.000) 02/25 04:29:58 Image size of job updated: 1509776
	1237  -  MemoryUsage of job (MB)
	1266048  -  ResidentSetSize of job (KB)
...
006 (20676.000.000) 02/25 05:23:09 Image size of job updated: 7081036
	1237  -  MemoryUsage of job (MB)
	1266048  -  ResidentSetSize of job (KB)
...
005 (20676.000.000) 02/25 05:23:09 Job terminated.
	(1) Normal termination (return value 0)
		Usr 0 02:21:01, Sys 0 00:00:37  -  Run Remote Usage
		Usr 0 00:00:00, Sys 0 00:00:00  -  Run Local Usage
		Usr 0 02:21:01, Sys 0 00:00:37  -  Total Remote Usage
		Usr 0 00:00:00, Sys 0 00:00:00  -  Total Local Usage
	0  -  Run Bytes Sent By Job
	0  -  Run Bytes Received By Job
	0  -  Total Bytes Sent By Job
	0  -  Total Bytes Received By Job
	Partitionable Resources :    Usage  Request Allocated
	   Cpus                 :                 2         2
	   Disk (KB)            :        1        1   5108726
	   Memory (MB)          :     1237        1         1
...
