000 (20767.000.000) 02/24 21:35:15 Job submitted from host: <134.76.239.76:13753?addrs=134.76.239.76-13753>
...
001 (20767.000.000) 02/25 04:47:47 Job executing on host: <134.76.239.84:12289?addrs=134.76.239.84-12289>
...
006 (20767.000.000) 02/25 04:47:56 Image size of job updated: 1
	3  -  MemoryUsage of job (MB)
	2068  -  ResidentSetSize of job (KB)
...
006 (20767.000.000) 02/25 04:52:56 Image size of job updated: 1141992
	923  -  MemoryUsage of job (MB)
	944916  -  ResidentSetSize of job (KB)
...
006 (20767.000.000) 02/25 04:57:56 Image size of job updated: 1350392
	1138  -  MemoryUsage of job (MB)
	1164348  -  ResidentSetSize of job (KB)
...
006 (20767.000.000) 02/25 05:02:57 Image size of job updated: 1539072
	1285  -  MemoryUsage of job (MB)
	1314828  -  ResidentSetSize of job (KB)
...
006 (20767.000.000) 02/25 05:07:58 Image size of job updated: 1539080
	1285  -  MemoryUsage of job (MB)
	1314828  -  ResidentSetSize of job (KB)
...
006 (20767.000.000) 02/25 06:00:35 Image size of job updated: 7379220
	1285  -  MemoryUsage of job (MB)
	1314828  -  ResidentSetSize of job (KB)
...
005 (20767.000.000) 02/25 06:00:35 Job terminated.
	(1) Normal termination (return value 0)
		Usr 0 01:45:20, Sys 0 00:00:35  -  Run Remote Usage
		Usr 0 00:00:00, Sys 0 00:00:00  -  Run Local Usage
		Usr 0 01:45:20, Sys 0 00:00:35  -  Total Remote Usage
		Usr 0 00:00:00, Sys 0 00:00:00  -  Total Local Usage
	0  -  Run Bytes Sent By Job
	0  -  Run Bytes Received By Job
	0  -  Total Bytes Sent By Job
	0  -  Total Bytes Received By Job
	Partitionable Resources :    Usage  Request Allocated
	   Cpus                 :                 2         2
	   Disk (KB)            :        1        1   5108522
	   Memory (MB)          :     1285        1         1
...
