DATE: 2016-02-25
TIME: 13:24:43
                                         version_number        8118
 read inlist_1.0
 create pre-main-sequence model
                                                species           8
 abundances
                                                     h1    7.1478200000000003D-01
                                                    he3    3.0052937133165342D-05
                                                    he4    2.8236894706286686D-01
                                                    c12    4.8509501559394031D-04
                                                    n14    1.4209994717661443D-04
                                                    o16    1.3193549495582335D-03
                                                   ne20    2.9591887990987337D-04
                                                   mg24    5.7653120776124346D-04


                                        relax_num_steps


                               finished relax_num_steps

 new_lnPgas_flag T
                                        relax_initial_Z    2.8189999999999999D-03
                                                  new z    2.8189999999993554D-03
                                        relax_initial_Y    2.8239900000000001D-01
                                                  new y    2.8239900000000018D-01
 net name basic.net
 do_element_diffusion T
 lnPgas_flag T
 kappa_file_prefix gs98
 kappa_lowT_prefix lowT_fa05_gs98
   eos_file_prefix mesa
                                        OMP_NUM_THREADS           2


