000 (28576.000.000) 02/26 16:56:23 Job submitted from host: <134.76.239.76:15915?addrs=134.76.239.76-15915>
...
001 (28576.000.000) 02/26 16:56:42 Job executing on host: <134.76.239.83:29154?addrs=134.76.239.83-29154>
...
006 (28576.000.000) 02/26 16:56:52 Image size of job updated: 65708
	4  -  MemoryUsage of job (MB)
	4040  -  ResidentSetSize of job (KB)
...
006 (28576.000.000) 02/26 17:01:52 Image size of job updated: 1072532
	930  -  MemoryUsage of job (MB)
	951804  -  ResidentSetSize of job (KB)
...
006 (28576.000.000) 02/26 17:06:53 Image size of job updated: 1073084
	930  -  MemoryUsage of job (MB)
	951972  -  ResidentSetSize of job (KB)
...
006 (28576.000.000) 02/26 17:11:54 Image size of job updated: 1081540
	930  -  MemoryUsage of job (MB)
	951972  -  ResidentSetSize of job (KB)
...
006 (28576.000.000) 02/26 17:16:54 Image size of job updated: 1081540
	938  -  MemoryUsage of job (MB)
	960332  -  ResidentSetSize of job (KB)
...
