000 (37334632.000.000) 01/02 23:02:52 Job submitted from host: <134.76.239.76:25340>
...
001 (37334632.000.000) 01/02 23:02:52 Job executing on host: <134.76.239.91:16798>
...
006 (37334632.000.000) 01/02 23:02:56 Image size of job updated: 1
	0  -  MemoryUsage of job (MB)
	0  -  ResidentSetSize of job (KB)
...
005 (37334632.000.000) 01/02 23:02:56 Job terminated.
	(1) Normal termination (return value 1)
		Usr 0 00:00:00, Sys 0 00:00:00  -  Run Remote Usage
		Usr 0 00:00:00, Sys 0 00:00:00  -  Run Local Usage
		Usr 0 00:00:00, Sys 0 00:00:00  -  Total Remote Usage
		Usr 0 00:00:00, Sys 0 00:00:00  -  Total Local Usage
	0  -  Run Bytes Sent By Job
	0  -  Run Bytes Received By Job
	0  -  Total Bytes Sent By Job
	0  -  Total Bytes Received By Job
	Partitionable Resources :    Usage  Request Allocated
	   Cpus                 :                 1         1
	   Disk (KB)            :        1        1   5302093
	   Memory (MB)          :        0        1         1
...
000 (37334633.000.000) 01/02 23:07:02 Job submitted from host: <134.76.239.76:25340>
...
001 (37334633.000.000) 01/02 23:07:12 Job executing on host: <134.76.239.91:16798>
...
006 (37334633.000.000) 01/02 23:07:13 Image size of job updated: 1
	0  -  MemoryUsage of job (MB)
	0  -  ResidentSetSize of job (KB)
...
005 (37334633.000.000) 01/02 23:07:13 Job terminated.
	(1) Normal termination (return value 1)
		Usr 0 00:00:00, Sys 0 00:00:00  -  Run Remote Usage
		Usr 0 00:00:00, Sys 0 00:00:00  -  Run Local Usage
		Usr 0 00:00:00, Sys 0 00:00:00  -  Total Remote Usage
		Usr 0 00:00:00, Sys 0 00:00:00  -  Total Local Usage
	0  -  Run Bytes Sent By Job
	0  -  Run Bytes Received By Job
	0  -  Total Bytes Sent By Job
	0  -  Total Bytes Received By Job
	Partitionable Resources :    Usage  Request Allocated
	   Cpus                 :                 1         1
	   Disk (KB)            :        1        1   5302092
	   Memory (MB)          :        0        1         1
...
000 (37334634.000.000) 01/02 23:08:48 Job submitted from host: <134.76.239.76:25340>
...
001 (37334634.000.000) 01/02 23:08:48 Job executing on host: <134.76.239.91:16798>
...
006 (37334634.000.000) 01/02 23:08:57 Image size of job updated: 1
	3  -  MemoryUsage of job (MB)
	2080  -  ResidentSetSize of job (KB)
...
006 (37334634.000.000) 01/02 23:11:57 Image size of job updated: 9103624
	4989  -  MemoryUsage of job (MB)
	5108592  -  ResidentSetSize of job (KB)
...
004 (37334634.000.000) 01/02 23:11:57 Job was evicted.
	(0) Job was not checkpointed.
		Usr 0 00:00:29, Sys 0 00:02:38  -  Run Remote Usage
		Usr 0 00:00:00, Sys 0 00:00:00  -  Run Local Usage
	0  -  Run Bytes Sent By Job
	0  -  Run Bytes Received By Job
	Partitionable Resources :    Usage  Request Allocated
	   Cpus                 :                 1         1
	   Disk (KB)            :        1        1   5302090
	   Memory (MB)          :     4989        1         1
...
009 (37334634.000.000) 01/02 23:11:57 Job was aborted by the user.
	via condor_rm (by user bellinger)
...
000 (37334635.000.000) 01/02 23:21:28 Job submitted from host: <134.76.239.76:25340>
...
001 (37334635.000.000) 01/02 23:21:29 Job executing on host: <134.76.239.91:16798>
...
006 (37334635.000.000) 01/02 23:21:37 Image size of job updated: 1
	3  -  MemoryUsage of job (MB)
	2096  -  ResidentSetSize of job (KB)
...
006 (37334635.000.000) 01/02 23:22:50 Image size of job updated: 11484596
	3633  -  MemoryUsage of job (MB)
	3719224  -  ResidentSetSize of job (KB)
...
004 (37334635.000.000) 01/02 23:22:50 Job was evicted.
	(0) Job was not checkpointed.
		Usr 0 00:00:12, Sys 0 00:01:07  -  Run Remote Usage
		Usr 0 00:00:00, Sys 0 00:00:00  -  Run Local Usage
	0  -  Run Bytes Sent By Job
	0  -  Run Bytes Received By Job
	Partitionable Resources :    Usage  Request Allocated
	   Cpus                 :                 1         1
	   Disk (KB)            :        1        1   5302105
	   Memory (MB)          :     3633        1         1
...
009 (37334635.000.000) 01/02 23:22:50 Job was aborted by the user.
	via condor_rm (by user bellinger)
...
000 (37334636.000.000) 01/02 23:22:57 Job submitted from host: <134.76.239.76:25340>
...
001 (37334636.000.000) 01/02 23:22:58 Job executing on host: <134.76.239.91:16798>
...
006 (37334636.000.000) 01/02 23:23:06 Image size of job updated: 105952
	34  -  MemoryUsage of job (MB)
	34272  -  ResidentSetSize of job (KB)
...
006 (37334636.000.000) 01/02 23:23:20 Image size of job updated: 11114296
	3576  -  MemoryUsage of job (MB)
	3661356  -  ResidentSetSize of job (KB)
...
004 (37334636.000.000) 01/02 23:23:20 Job was evicted.
	(0) Job was not checkpointed.
		Usr 0 00:00:09, Sys 0 00:00:12  -  Run Remote Usage
		Usr 0 00:00:00, Sys 0 00:00:00  -  Run Local Usage
	0  -  Run Bytes Sent By Job
	0  -  Run Bytes Received By Job
	Partitionable Resources :    Usage  Request Allocated
	   Cpus                 :                 1         1
	   Disk (KB)            :        1        1   5302103
	   Memory (MB)          :     3576        1         1
...
009 (37334636.000.000) 01/02 23:23:20 Job was aborted by the user.
	via condor_rm (by user bellinger)
...
000 (37334637.000.000) 01/02 23:23:28 Job submitted from host: <134.76.239.76:25340>
...
009 (37334637.000.000) 01/02 23:54:37 Job was aborted by the user.
	via condor_rm (by user bellinger)
...
000 (37334638.000.000) 01/02 23:54:50 Job submitted from host: <134.76.239.76:25340>
...
001 (37334638.000.000) 01/02 23:54:51 Job executing on host: <134.76.239.91:16798>
...
006 (37334638.000.000) 01/02 23:54:59 Image size of job updated: 1
	3  -  MemoryUsage of job (MB)
	2096  -  ResidentSetSize of job (KB)
...
