DATE: 2016-02-26
TIME: 16:59:24
                                         version_number        8118
 read inlist_1.0
 create pre-main-sequence model
                                                species           8
 abundances
                                                     h1    7.3455300000000001D-01
                                                    he3    2.7407439223493714D-05
                                                    he4    2.5751259256077652D-01
                                                    c12    1.3606407549845386D-03
                                                    n14    3.9857548149185092D-04
                                                    o16    3.7006525669234839D-03
                                                   ne20    8.3002149111296455D-04
                                                   mg24    1.6171097054871594D-03


                                        relax_num_steps


                               finished relax_num_steps

 new_lnPgas_flag T
                                        relax_initial_Z    7.9070000000000008D-03
                                                  new z    7.9070000000001622D-03
                                        relax_initial_Y    2.5753999999999999D-01
                                                  new y    2.5754000000000005D-01
 net name basic.net
 do_element_diffusion T
 lnPgas_flag T
 kappa_file_prefix gs98
 kappa_lowT_prefix lowT_fa05_gs98
   eos_file_prefix mesa
                                        OMP_NUM_THREADS           1



stop because Lnuc_div_L >= Lnuc_div_L_zams_limit
    0.9991810149E+00    0.9990000000E+00

        900   7.230247   6968.573   0.512934   0.512934   1.285654   1.285654   0.731693   0.001981   0.257537   0.734124  -1.891958    796      0
   6.288445   1.970158   0.093873 -42.395405  -1.087258 -99.000000   0.000000   0.260175   0.003695   0.007907   0.257931   0.066423      4      0
 2.8712E+07  17.340971   0.513290 -14.574379   4.264779  -7.396370   0.000000   0.000008   0.000830  8.132E-03  7.945E-03  0.179E-13  max increase

save photos/x900 for model 900
save final_profile.data write fgong_plot.data
                               s% atm_structure_num_pts          55
save final_profile.data.FGONG    900
 final_profile.data.FGONG for model 900
 saved to zams.mod
termination code: Lnuc_div_L_zams_limit

       runtime, prev time, retries, backups, steps         8.2        28.2         0         0       900
        900   7.230247   6968.573   0.512934   0.512934   1.285654   1.285654   0.731693   0.001981   0.257537   0.734124  -1.891958    796      0
   6.288445   1.970158   0.093873 -42.395405  -1.087258 -99.000000   0.000000   0.260175   0.003695   0.007907   0.257931   0.066423      4      0
 2.8712E+07  17.340971   0.513290 -14.574379   4.264779  -7.396370   0.000000   0.000008   0.000830  8.132E-03  7.945E-03  0.179E-13  max increase

DATE: 2016-02-26
TIME: 17:09:44
DATE: 2016-02-26
TIME: 17:09:44
                                         version_number        8118
 read inlist_1.0
load saved model zams.mod

 new_lnPgas_flag T
 net name basic.net
 do_element_diffusion T
 lnPgas_flag T
                       which_atm_option: Eddington_grey
 kappa_file_prefix gs98
 kappa_lowT_prefix lowT_fa05_gs98
   eos_file_prefix mesa
                                        OMP_NUM_THREADS           1


__________________________________________________________________________________________________________________________________________________

       step    lg_Tcntr    Teff       lg_LH     lg_Lnuc     Mass       H_rich     H_cntr     N_cntr     Y_surf     X_avg     eta_cntr  zones retry
   lg_dt_yr    lg_Dcntr    lg_R       lg_L3a    lg_Lneu     lg_Mdot    He_core    He_cntr    O_cntr     Z_surf     Y_avg     gam_cntr  iters bckup
     age_yr    lg_Pcntr    lg_L       lg_LZ     lg_Psurf    lg_Dsurf   C_core     C_cntr     Ne_cntr    Z_cntr     Z_avg     v_div_cs     dt_limit
__________________________________________________________________________________________________________________________________________________

        908   7.230804   7103.364   0.514530   0.514530   1.285654   1.285654   0.730271   0.001984   0.257539   0.733926  -1.891586    789      0
   6.000000   1.971511   0.077853 -42.359486  -1.091202 -99.000000   0.000000   0.261598   0.003692   0.007907   0.258125   0.066446      4      0
 3.6387E+07  17.342426   0.514530 -14.875409   4.617649  -7.053708   0.000000   0.000008   0.000830  8.131E-03  7.949E-03  0.343E-12        max_dt

