000 (20534.000.000) 02/24 21:35:03 Job submitted from host: <134.76.239.76:13753?addrs=134.76.239.76-13753>
...
001 (20534.000.000) 02/25 02:06:41 Job executing on host: <134.76.239.90:23525?addrs=134.76.239.90-23525>
...
006 (20534.000.000) 02/25 02:06:50 Image size of job updated: 1
	3  -  MemoryUsage of job (MB)
	2076  -  ResidentSetSize of job (KB)
...
006 (20534.000.000) 02/25 02:11:51 Image size of job updated: 1144704
	937  -  MemoryUsage of job (MB)
	958588  -  ResidentSetSize of job (KB)
...
006 (20534.000.000) 02/25 02:16:51 Image size of job updated: 1145952
	937  -  MemoryUsage of job (MB)
	958588  -  ResidentSetSize of job (KB)
...
006 (20534.000.000) 02/25 02:36:53 Image size of job updated: 1308212
	1075  -  MemoryUsage of job (MB)
	1100020  -  ResidentSetSize of job (KB)
...
006 (20534.000.000) 02/25 02:46:55 Image size of job updated: 1373748
	1136  -  MemoryUsage of job (MB)
	1162584  -  ResidentSetSize of job (KB)
...
006 (20534.000.000) 02/25 02:56:55 Image size of job updated: 1373748
	1136  -  MemoryUsage of job (MB)
	1162856  -  ResidentSetSize of job (KB)
...
006 (20534.000.000) 02/25 03:16:57 Image size of job updated: 1494696
	1280  -  MemoryUsage of job (MB)
	1310120  -  ResidentSetSize of job (KB)
...
006 (20534.000.000) 02/25 03:21:58 Image size of job updated: 1494696
	1280  -  MemoryUsage of job (MB)
	1310444  -  ResidentSetSize of job (KB)
...
006 (20534.000.000) 02/25 03:26:58 Image size of job updated: 1494696
	1280  -  MemoryUsage of job (MB)
	1310452  -  ResidentSetSize of job (KB)
...
006 (20534.000.000) 02/25 03:52:01 Image size of job updated: 1494696
	1281  -  MemoryUsage of job (MB)
	1310776  -  ResidentSetSize of job (KB)
...
006 (20534.000.000) 02/25 04:02:01 Image size of job updated: 1543768
	1328  -  MemoryUsage of job (MB)
	1359848  -  ResidentSetSize of job (KB)
...
006 (20534.000.000) 02/25 04:07:02 Image size of job updated: 1543768
	1347  -  MemoryUsage of job (MB)
	1378500  -  ResidentSetSize of job (KB)
...
006 (20534.000.000) 02/25 06:27:17 Image size of job updated: 1544808
	1347  -  MemoryUsage of job (MB)
	1378500  -  ResidentSetSize of job (KB)
...
005 (20534.000.000) 02/25 08:26:22 Job terminated.
	(1) Normal termination (return value 0)
		Usr 0 10:45:48, Sys 0 00:02:08  -  Run Remote Usage
		Usr 0 00:00:00, Sys 0 00:00:00  -  Run Local Usage
		Usr 0 10:45:48, Sys 0 00:02:08  -  Total Remote Usage
		Usr 0 00:00:00, Sys 0 00:00:00  -  Total Local Usage
	0  -  Run Bytes Sent By Job
	0  -  Run Bytes Received By Job
	0  -  Total Bytes Sent By Job
	0  -  Total Bytes Received By Job
	Partitionable Resources :    Usage  Request Allocated
	   Cpus                 :                 2         2
	   Disk (KB)            :        1        1   5108816
	   Memory (MB)          :     1347        1         1
...
