000 (19988.000.000) 02/24 21:34:34 Job submitted from host: <134.76.239.76:13753?addrs=134.76.239.76-13753>
...
001 (19988.000.000) 02/24 21:34:38 Job executing on host: <134.76.239.91:19968?addrs=134.76.239.91-19968>
...
006 (19988.000.000) 02/24 21:34:48 Image size of job updated: 65328
	4  -  MemoryUsage of job (MB)
	4040  -  ResidentSetSize of job (KB)
...
006 (19988.000.000) 02/24 21:39:48 Image size of job updated: 1138272
	919  -  MemoryUsage of job (MB)
	940752  -  ResidentSetSize of job (KB)
...
006 (19988.000.000) 02/24 21:44:49 Image size of job updated: 1144812
	926  -  MemoryUsage of job (MB)
	947416  -  ResidentSetSize of job (KB)
...
006 (19988.000.000) 02/24 21:49:49 Image size of job updated: 1145392
	926  -  MemoryUsage of job (MB)
	947416  -  ResidentSetSize of job (KB)
...
006 (19988.000.000) 02/24 22:04:51 Image size of job updated: 1439624
	1198  -  MemoryUsage of job (MB)
	1226668  -  ResidentSetSize of job (KB)
...
006 (19988.000.000) 02/24 22:09:51 Image size of job updated: 1439624
	1199  -  MemoryUsage of job (MB)
	1226940  -  ResidentSetSize of job (KB)
...
006 (19988.000.000) 02/24 22:19:52 Image size of job updated: 1439624
	1211  -  MemoryUsage of job (MB)
	1239884  -  ResidentSetSize of job (KB)
...
006 (19988.000.000) 02/24 22:24:52 Image size of job updated: 1560572
	1343  -  MemoryUsage of job (MB)
	1374532  -  ResidentSetSize of job (KB)
...
006 (19988.000.000) 02/24 22:29:52 Image size of job updated: 1560572
	1343  -  MemoryUsage of job (MB)
	1374872  -  ResidentSetSize of job (KB)
...
006 (19988.000.000) 02/24 22:34:53 Image size of job updated: 1609644
	1391  -  MemoryUsage of job (MB)
	1423944  -  ResidentSetSize of job (KB)
...
006 (19988.000.000) 02/24 22:39:53 Image size of job updated: 1611816
	1391  -  MemoryUsage of job (MB)
	1423944  -  ResidentSetSize of job (KB)
...
006 (19988.000.000) 02/25 00:31:13 Image size of job updated: 7489688
	1391  -  MemoryUsage of job (MB)
	1423944  -  ResidentSetSize of job (KB)
...
005 (19988.000.000) 02/25 00:31:13 Job terminated.
	(1) Normal termination (return value 0)
		Usr 0 03:55:27, Sys 0 00:01:12  -  Run Remote Usage
		Usr 0 00:00:00, Sys 0 00:00:00  -  Run Local Usage
		Usr 0 03:55:27, Sys 0 00:01:12  -  Total Remote Usage
		Usr 0 00:00:00, Sys 0 00:00:00  -  Total Local Usage
	0  -  Run Bytes Sent By Job
	0  -  Run Bytes Received By Job
	0  -  Total Bytes Sent By Job
	0  -  Total Bytes Received By Job
	Partitionable Resources :    Usage  Request Allocated
	   Cpus                 :                 2         2
	   Disk (KB)            :        1        1   5108773
	   Memory (MB)          :     1391        1         1
...
