000 (28495.000.000) 02/26 16:56:19 Job submitted from host: <134.76.239.76:15915?addrs=134.76.239.76-15915>
...
001 (28495.000.000) 02/26 16:56:30 Job executing on host: <134.76.239.79:28065?addrs=134.76.239.79-28065>
...
006 (28495.000.000) 02/26 16:56:43 Image size of job updated: 65712
	4  -  MemoryUsage of job (MB)
	4040  -  ResidentSetSize of job (KB)
...
006 (28495.000.000) 02/26 17:01:41 Image size of job updated: 1071340
	928  -  MemoryUsage of job (MB)
	949620  -  ResidentSetSize of job (KB)
...
006 (28495.000.000) 02/26 17:06:42 Image size of job updated: 1071808
	928  -  MemoryUsage of job (MB)
	949724  -  ResidentSetSize of job (KB)
...
006 (28495.000.000) 02/26 17:11:43 Image size of job updated: 1080016
	928  -  MemoryUsage of job (MB)
	949724  -  ResidentSetSize of job (KB)
...
006 (28495.000.000) 02/26 17:16:43 Image size of job updated: 1080016
	934  -  MemoryUsage of job (MB)
	955720  -  ResidentSetSize of job (KB)
...
