000 (28382.000.000) 02/26 16:56:12 Job submitted from host: <134.76.239.76:15915?addrs=134.76.239.76-15915>
...
001 (28382.000.000) 02/26 16:56:18 Job executing on host: <134.76.239.84:25445?addrs=134.76.239.84-25445>
...
006 (28382.000.000) 02/26 16:56:29 Image size of job updated: 65708
	4  -  MemoryUsage of job (MB)
	4040  -  ResidentSetSize of job (KB)
...
006 (28382.000.000) 02/26 17:01:29 Image size of job updated: 1071836
	928  -  MemoryUsage of job (MB)
	949364  -  ResidentSetSize of job (KB)
...
006 (28382.000.000) 02/26 17:06:29 Image size of job updated: 1072456
	929  -  MemoryUsage of job (MB)
	950284  -  ResidentSetSize of job (KB)
...
006 (28382.000.000) 02/26 17:11:29 Image size of job updated: 1080448
	929  -  MemoryUsage of job (MB)
	950284  -  ResidentSetSize of job (KB)
...
006 (28382.000.000) 02/26 17:16:30 Image size of job updated: 1231896
	1083  -  MemoryUsage of job (MB)
	1108032  -  ResidentSetSize of job (KB)
...
