000 (20465.000.000) 02/24 21:34:59 Job submitted from host: <134.76.239.76:13753?addrs=134.76.239.76-13753>
...
001 (20465.000.000) 02/25 01:19:40 Job executing on host: <134.76.239.87:13734?addrs=134.76.239.87-13734>
...
006 (20465.000.000) 02/25 01:19:49 Image size of job updated: 1
	3  -  MemoryUsage of job (MB)
	2068  -  ResidentSetSize of job (KB)
...
006 (20465.000.000) 02/25 01:24:50 Image size of job updated: 1144788
	922  -  MemoryUsage of job (MB)
	943656  -  ResidentSetSize of job (KB)
...
006 (20465.000.000) 02/25 01:29:51 Image size of job updated: 1146516
	922  -  MemoryUsage of job (MB)
	943656  -  ResidentSetSize of job (KB)
...
006 (20465.000.000) 02/25 01:39:51 Image size of job updated: 1242284
	1072  -  MemoryUsage of job (MB)
	1097684  -  ResidentSetSize of job (KB)
...
006 (20465.000.000) 02/25 01:49:53 Image size of job updated: 1242284
	1073  -  MemoryUsage of job (MB)
	1098020  -  ResidentSetSize of job (KB)
...
006 (20465.000.000) 02/25 01:54:53 Image size of job updated: 1242284
	1073  -  MemoryUsage of job (MB)
	1098024  -  ResidentSetSize of job (KB)
...
006 (20465.000.000) 02/25 01:59:54 Image size of job updated: 1453736
	1241  -  MemoryUsage of job (MB)
	1270164  -  ResidentSetSize of job (KB)
...
006 (20465.000.000) 02/25 02:04:55 Image size of job updated: 1453736
	1241  -  MemoryUsage of job (MB)
	1270184  -  ResidentSetSize of job (KB)
...
006 (20465.000.000) 02/25 02:09:55 Image size of job updated: 1453736
	1241  -  MemoryUsage of job (MB)
	1270504  -  ResidentSetSize of job (KB)
...
006 (20465.000.000) 02/25 02:14:55 Image size of job updated: 1453736
	1241  -  MemoryUsage of job (MB)
	1270508  -  ResidentSetSize of job (KB)
...
006 (20465.000.000) 02/25 02:19:56 Image size of job updated: 1456836
	1241  -  MemoryUsage of job (MB)
	1270508  -  ResidentSetSize of job (KB)
...
006 (20465.000.000) 02/25 02:49:58 Image size of job updated: 1456836
	1242  -  MemoryUsage of job (MB)
	1271728  -  ResidentSetSize of job (KB)
...
006 (20465.000.000) 02/25 02:54:59 Image size of job updated: 1456836
	1243  -  MemoryUsage of job (MB)
	1272072  -  ResidentSetSize of job (KB)
...
006 (20465.000.000) 02/25 03:05:00 Image size of job updated: 1456836
	1243  -  MemoryUsage of job (MB)
	1272392  -  ResidentSetSize of job (KB)
...
006 (20465.000.000) 02/25 03:10:01 Image size of job updated: 1456836
	1243  -  MemoryUsage of job (MB)
	1272400  -  ResidentSetSize of job (KB)
...
006 (20465.000.000) 02/25 03:15:01 Image size of job updated: 1456836
	1243  -  MemoryUsage of job (MB)
	1272832  -  ResidentSetSize of job (KB)
...
006 (20465.000.000) 02/25 04:45:10 Image size of job updated: 9792884
	1243  -  MemoryUsage of job (MB)
	1272832  -  ResidentSetSize of job (KB)
...
005 (20465.000.000) 02/25 04:45:37 Job terminated.
	(1) Normal termination (return value 0)
		Usr 0 05:47:07, Sys 0 00:00:46  -  Run Remote Usage
		Usr 0 00:00:00, Sys 0 00:00:00  -  Run Local Usage
		Usr 0 05:47:07, Sys 0 00:00:46  -  Total Remote Usage
		Usr 0 00:00:00, Sys 0 00:00:00  -  Total Local Usage
	0  -  Run Bytes Sent By Job
	0  -  Run Bytes Received By Job
	0  -  Total Bytes Sent By Job
	0  -  Total Bytes Received By Job
	Partitionable Resources :    Usage  Request Allocated
	   Cpus                 :                 2         2
	   Disk (KB)            :        1        1   5108768
	   Memory (MB)          :     1243        1         1
...
