DATE: 2016-02-26
TIME: 16:59:48
                                         version_number        8118
 read inlist_1.0
 create pre-main-sequence model
                                                species           8
 abundances
                                                     h1    6.7531500000000011D-01
                                                    he3    3.2497194584765887D-05
                                                    he4    3.0533450280541535D-01
                                                    c12    3.3242516889833381D-03
                                                    n14    9.7378034038947240D-04
                                                    o16    9.0412553797682687D-03
                                                   ne20    2.0278683654129520D-03
                                                   mg24    3.9508442254459182D-03


                                        relax_num_steps


                               finished relax_num_steps

 new_lnPgas_flag T
                                        relax_initial_Z    1.9317999999999998D-02
                                                  new z    1.9318000000000574D-02
                                        relax_initial_Y    3.0536700000000000D-01
                                                  new y    3.0536699999999994D-01
 net name basic.net
 do_element_diffusion T
 lnPgas_flag T
 kappa_file_prefix gs98
 kappa_lowT_prefix lowT_fa05_gs98
   eos_file_prefix mesa
                                        OMP_NUM_THREADS           1



stop because Lnuc_div_L >= Lnuc_div_L_zams_limit
    0.9991181274E+00    0.9990000000E+00

        910   7.235686   6517.488   0.457612   0.457612   1.291037   1.291037   0.671310   0.004842   0.305278   0.674647  -2.012788    810      0
   6.503564   1.944857   0.124353 -41.980851  -1.101617 -99.000000   0.000000   0.308823   0.009026   0.019312   0.305928   0.066391      4      0
 4.5819E+07  17.300113   0.457995 -99.000000   4.412911  -7.194174   0.000000   0.000020   0.002028  1.987E-02  1.942E-02  0.821E-13  max increase

save photos/x910 for model 910
save final_profile.data write fgong_plot.data
                               s% atm_structure_num_pts          53
save final_profile.data.FGONG    910
 final_profile.data.FGONG for model 910
 saved to zams.mod
termination code: Lnuc_div_L_zams_limit

       runtime, prev time, retries, backups, steps         8.8        28.2         0         0       910
        910   7.235686   6517.488   0.457612   0.457612   1.291037   1.291037   0.671310   0.004842   0.305278   0.674647  -2.012788    810      0
   6.503564   1.944857   0.124353 -41.980851  -1.101617 -99.000000   0.000000   0.308823   0.009026   0.019312   0.305928   0.066391      4      0
 4.5819E+07  17.300113   0.457995 -99.000000   4.412911  -7.194174   0.000000   0.000020   0.002028  1.987E-02  1.942E-02  0.821E-13  max increase

DATE: 2016-02-26
TIME: 17:10:14
DATE: 2016-02-26
TIME: 17:10:14
                                         version_number        8118
 read inlist_1.0
load saved model zams.mod

 new_lnPgas_flag T
 net name basic.net
 do_element_diffusion T
 lnPgas_flag T
                       which_atm_option: Eddington_grey
 kappa_file_prefix gs98
 kappa_lowT_prefix lowT_fa05_gs98
   eos_file_prefix mesa
                                        OMP_NUM_THREADS           1


__________________________________________________________________________________________________________________________________________________

       step    lg_Tcntr    Teff       lg_LH     lg_Lnuc     Mass       H_rich     H_cntr     N_cntr     Y_surf     X_avg     eta_cntr  zones retry
   lg_dt_yr    lg_Dcntr    lg_R       lg_L3a    lg_Lneu     lg_Mdot    He_core    He_cntr    O_cntr     Z_surf     Y_avg     gam_cntr  iters bckup
     age_yr    lg_Pcntr    lg_L       lg_LZ     lg_Psurf    lg_Dsurf   C_core     C_cntr     Ne_cntr    Z_cntr     Z_avg     v_div_cs     dt_limit
__________________________________________________________________________________________________________________________________________________

        917   7.236320   6662.495   0.458676   0.458676   1.291037   1.291037   0.670490   0.004845   0.305327   0.674499  -2.014461    806      0
   6.000000   1.945313   0.105549 -41.946123  -1.103293 -99.000000   0.000000   0.309644   0.009022   0.019316   0.306072   0.066343      4      0
 5.2466E+07  17.300919   0.458613 -99.000000   4.727707  -6.889659   0.000000   0.000020   0.002028  1.987E-02  1.943E-02  0.645E-13        max_dt

