000 (20734.000.000) 02/24 21:35:13 Job submitted from host: <134.76.239.76:13753?addrs=134.76.239.76-13753>
...
001 (20734.000.000) 02/25 04:25:47 Job executing on host: <134.76.239.84:12289?addrs=134.76.239.84-12289>
...
006 (20734.000.000) 02/25 04:25:55 Image size of job updated: 202156
	51  -  MemoryUsage of job (MB)
	51308  -  ResidentSetSize of job (KB)
...
006 (20734.000.000) 02/25 04:30:55 Image size of job updated: 1144188
	932  -  MemoryUsage of job (MB)
	953572  -  ResidentSetSize of job (KB)
...
006 (20734.000.000) 02/25 04:35:56 Image size of job updated: 1145772
	932  -  MemoryUsage of job (MB)
	953572  -  ResidentSetSize of job (KB)
...
006 (20734.000.000) 02/25 04:50:58 Image size of job updated: 1294112
	1072  -  MemoryUsage of job (MB)
	1096824  -  ResidentSetSize of job (KB)
...
006 (20734.000.000) 02/25 04:55:59 Image size of job updated: 1294612
	1072  -  MemoryUsage of job (MB)
	1097156  -  ResidentSetSize of job (KB)
...
006 (20734.000.000) 02/25 05:00:59 Image size of job updated: 1415560
	1216  -  MemoryUsage of job (MB)
	1244424  -  ResidentSetSize of job (KB)
...
006 (20734.000.000) 02/25 05:05:59 Image size of job updated: 1440096
	1240  -  MemoryUsage of job (MB)
	1269304  -  ResidentSetSize of job (KB)
...
006 (20734.000.000) 02/25 05:11:01 Image size of job updated: 1443136
	1240  -  MemoryUsage of job (MB)
	1269740  -  ResidentSetSize of job (KB)
...
006 (20734.000.000) 02/25 05:16:01 Image size of job updated: 1445116
	1244  -  MemoryUsage of job (MB)
	1273300  -  ResidentSetSize of job (KB)
...
006 (20734.000.000) 02/25 05:21:01 Image size of job updated: 1445128
	1244  -  MemoryUsage of job (MB)
	1273300  -  ResidentSetSize of job (KB)
...
006 (20734.000.000) 02/25 05:51:04 Image size of job updated: 1453496
	1244  -  MemoryUsage of job (MB)
	1273300  -  ResidentSetSize of job (KB)
...
006 (20734.000.000) 02/25 05:56:04 Image size of job updated: 1456536
	1244  -  MemoryUsage of job (MB)
	1273300  -  ResidentSetSize of job (KB)
...
006 (20734.000.000) 02/25 06:06:06 Image size of job updated: 1458524
	1244  -  MemoryUsage of job (MB)
	1273300  -  ResidentSetSize of job (KB)
...
006 (20734.000.000) 02/25 07:14:41 Image size of job updated: 3302576
	1244  -  MemoryUsage of job (MB)
	1273300  -  ResidentSetSize of job (KB)
...
005 (20734.000.000) 02/25 07:14:41 Job terminated.
	(1) Normal termination (return value 0)
		Usr 0 04:36:17, Sys 0 00:01:13  -  Run Remote Usage
		Usr 0 00:00:00, Sys 0 00:00:00  -  Run Local Usage
		Usr 0 04:36:17, Sys 0 00:01:13  -  Total Remote Usage
		Usr 0 00:00:00, Sys 0 00:00:00  -  Total Local Usage
	0  -  Run Bytes Sent By Job
	0  -  Run Bytes Received By Job
	0  -  Total Bytes Sent By Job
	0  -  Total Bytes Received By Job
	Partitionable Resources :    Usage  Request Allocated
	   Cpus                 :                 2         2
	   Disk (KB)            :        1        1   5108536
	   Memory (MB)          :     1244        1         1
...
