DATE: 2016-02-26
TIME: 16:59:52
                                         version_number        8118
 read inlist_1.0
 create pre-main-sequence model
                                                species           8
 abundances
                                                     h1    6.4650799999999997D-01
                                                    he3    3.5739709400719250D-05
                                                    he4    3.3580026029059934D-01
                                                    c12    3.0382538472248483D-03
                                                    n14    8.9000236514734799D-04
                                                    o16    8.2634022665487115D-03
                                                   ne20    1.8534032435930717D-03
                                                   mg24    3.6109382774859155D-03


                                        relax_num_steps


                               finished relax_num_steps

 new_lnPgas_flag T
                                        relax_initial_Z    1.7656000000000002D-02
                                                  new z    1.7656000000000237D-02
                                        relax_initial_Y    3.3583600000000002D-01
                                                  new y    3.3583599999999997D-01
 net name basic.net
 do_element_diffusion T
 lnPgas_flag T
 kappa_file_prefix gs98
 kappa_lowT_prefix lowT_fa05_gs98
   eos_file_prefix mesa
                                        OMP_NUM_THREADS           1



stop because Lnuc_div_L >= Lnuc_div_L_zams_limit
    0.9990118689E+00    0.9990000000E+00

        895   7.242597   6783.931   0.460960   0.460960   1.231271   1.231271   0.644126   0.004419   0.332977   0.646039  -2.003004    800      0
   6.188993   1.966333   0.091248 -41.505461  -1.081120 -99.000000   0.000000   0.337712   0.008258   0.017506   0.336204   0.067258      4      0
 3.3582E+07  17.319223   0.461389 -99.000000   4.349347  -7.263346   0.000000   0.000019   0.001854  1.816E-02  1.776E-02 -0.964E-12  max increase

save photos/x895 for model 895
save final_profile.data write fgong_plot.data
                               s% atm_structure_num_pts          51
save final_profile.data.FGONG    895
 final_profile.data.FGONG for model 895
 saved to zams.mod
termination code: Lnuc_div_L_zams_limit

       runtime, prev time, retries, backups, steps        10.3        28.2         0         0       895
        895   7.242597   6783.931   0.460960   0.460960   1.231271   1.231271   0.644126   0.004419   0.332977   0.646039  -2.003004    800      0
   6.188993   1.966333   0.091248 -41.505461  -1.081120 -99.000000   0.000000   0.337712   0.008258   0.017506   0.336204   0.067258      4      0
 3.3582E+07  17.319223   0.461389 -99.000000   4.349347  -7.263346   0.000000   0.000019   0.001854  1.816E-02  1.776E-02 -0.964E-12  max increase

DATE: 2016-02-26
TIME: 17:12:06
DATE: 2016-02-26
TIME: 17:12:06
                                         version_number        8118
 read inlist_1.0
load saved model zams.mod

 new_lnPgas_flag T
 net name basic.net
 do_element_diffusion T
 lnPgas_flag T
                       which_atm_option: Eddington_grey
 kappa_file_prefix gs98
 kappa_lowT_prefix lowT_fa05_gs98
   eos_file_prefix mesa
                                        OMP_NUM_THREADS           1


__________________________________________________________________________________________________________________________________________________

       step    lg_Tcntr    Teff       lg_LH     lg_Lnuc     Mass       H_rich     H_cntr     N_cntr     Y_surf     X_avg     eta_cntr  zones retry
   lg_dt_yr    lg_Dcntr    lg_R       lg_L3a    lg_Lneu     lg_Mdot    He_core    He_cntr    O_cntr     Z_surf     Y_avg     gam_cntr  iters bckup
     age_yr    lg_Pcntr    lg_L       lg_LZ     lg_Psurf    lg_Dsurf   C_core     C_cntr     Ne_cntr    Z_cntr     Z_avg     v_div_cs     dt_limit
__________________________________________________________________________________________________________________________________________________

        899   7.242878   6965.236   0.461366   0.461366   1.231271   1.231271   0.643680   0.004421   0.334046   0.645954  -2.004000    798      0
   5.989578   1.966465   0.068320 -41.490116  -1.081752 -99.000000   0.000000   0.338157   0.008257   0.017566   0.336287   0.067236      4      0
 3.7172E+07  17.319477   0.461351 -14.875409   4.671188  -6.953916   0.000000   0.000019   0.001854  1.816E-02  1.776E-02  0.262E-12  max increase

