DATE: 2016-02-26
TIME: 16:59:47
                                         version_number        8118
 read inlist_1.0
 create pre-main-sequence model
                                                species           8
 abundances
                                                     h1    6.6495100000000007D-01
                                                    he3    3.5490260625616860D-05
                                                    he4    3.3345650973937441D-01
                                                    c12    2.6792938605168419D-04
                                                    n14    7.8485142871219905D-05
                                                    o16    7.2871076852145669D-04
                                                   ne20    1.6344295708394172D-04
                                                   mg24    3.1843174547150602D-04


                                        relax_num_steps


                               finished relax_num_steps

 new_lnPgas_flag T
                                        relax_initial_Z    1.5570000000000000D-03
                                                  new z    1.5569999999994321D-03
                                        relax_initial_Y    3.3349200000000001D-01
                                                  new y    3.3349200000000051D-01
 net name basic.net
 do_element_diffusion T
 lnPgas_flag T
 kappa_file_prefix gs98
 kappa_lowT_prefix lowT_fa05_gs98
   eos_file_prefix mesa
                                        OMP_NUM_THREADS           1



stop because Lnuc_div_L >= Lnuc_div_L_zams_limit
    0.1042076446E+01    0.9990000000E+00

        953   7.288291   9441.901   0.896821   0.896821   1.276974   1.276974   0.664707   0.000334   0.333488   0.664883  -1.992573    884      0
   4.871269   2.033529   0.012858 -39.205701  -0.546956 -99.000000   0.000000   0.333700   0.000729   0.001557   0.333552   0.062667      2      0
 6.9248E+06  17.440413   0.878921 -14.750470   3.209081  -8.653122   0.000000   0.000049   0.000163  1.593E-03  1.565E-03 -0.173E-09    varcontrol

save photos/x953 for model 953
save final_profile.data write fgong_plot.data
                               s% atm_structure_num_pts          41
save final_profile.data.FGONG    953
 final_profile.data.FGONG for model 953
 saved to zams.mod
termination code: Lnuc_div_L_zams_limit

       runtime, prev time, retries, backups, steps         8.7        28.2         0         0       953
        953   7.288291   9441.901   0.896821   0.896821   1.276974   1.276974   0.664707   0.000334   0.333488   0.664883  -1.992573    884      0
   4.871269   2.033529   0.012858 -39.205701  -0.546956 -99.000000   0.000000   0.333700   0.000729   0.001557   0.333552   0.062667      2      0
 6.9248E+06  17.440413   0.878921 -14.750470   3.209081  -8.653122   0.000000   0.000049   0.000163  1.593E-03  1.565E-03 -0.173E-09    varcontrol

DATE: 2016-02-26
TIME: 17:10:10
DATE: 2016-02-26
TIME: 17:10:11
                                         version_number        8118
 read inlist_1.0
load saved model zams.mod

 new_lnPgas_flag T
 net name basic.net
 do_element_diffusion T
 lnPgas_flag T
                       which_atm_option: Eddington_grey
 kappa_file_prefix gs98
 kappa_lowT_prefix lowT_fa05_gs98
   eos_file_prefix mesa
                                        OMP_NUM_THREADS           1


__________________________________________________________________________________________________________________________________________________

       step    lg_Tcntr    Teff       lg_LH     lg_Lnuc     Mass       H_rich     H_cntr     N_cntr     Y_surf     X_avg     eta_cntr  zones retry
   lg_dt_yr    lg_Dcntr    lg_R       lg_L3a    lg_Lneu     lg_Mdot    He_core    He_cntr    O_cntr     Z_surf     Y_avg     gam_cntr  iters bckup
     age_yr    lg_Pcntr    lg_L       lg_LZ     lg_Psurf    lg_Dsurf   C_core     C_cntr     Ne_cntr    Z_cntr     Z_avg     v_div_cs     dt_limit
__________________________________________________________________________________________________________________________________________________

