000 (20451.000.000) 02/24 21:34:59 Job submitted from host: <134.76.239.76:13753?addrs=134.76.239.76-13753>
...
001 (20451.000.000) 02/25 01:10:40 Job executing on host: <134.76.239.87:13734?addrs=134.76.239.87-13734>
...
006 (20451.000.000) 02/25 01:10:49 Image size of job updated: 1
	3  -  MemoryUsage of job (MB)
	2076  -  ResidentSetSize of job (KB)
...
006 (20451.000.000) 02/25 01:15:50 Image size of job updated: 1139016
	917  -  MemoryUsage of job (MB)
	938432  -  ResidentSetSize of job (KB)
...
006 (20451.000.000) 02/25 01:20:51 Image size of job updated: 1145000
	917  -  MemoryUsage of job (MB)
	938432  -  ResidentSetSize of job (KB)
...
006 (20451.000.000) 02/25 01:25:51 Image size of job updated: 1246452
	1073  -  MemoryUsage of job (MB)
	1098380  -  ResidentSetSize of job (KB)
...
006 (20451.000.000) 02/25 01:30:52 Image size of job updated: 1457472
	1242  -  MemoryUsage of job (MB)
	1270876  -  ResidentSetSize of job (KB)
...
006 (20451.000.000) 02/25 01:35:53 Image size of job updated: 1460636
	1245  -  MemoryUsage of job (MB)
	1274500  -  ResidentSetSize of job (KB)
...
006 (20451.000.000) 02/25 01:40:53 Image size of job updated: 1509720
	1245  -  MemoryUsage of job (MB)
	1274500  -  ResidentSetSize of job (KB)
...
006 (20451.000.000) 02/25 02:00:54 Image size of job updated: 1509720
	1284  -  MemoryUsage of job (MB)
	1314432  -  ResidentSetSize of job (KB)
...
006 (20451.000.000) 02/25 02:57:07 Image size of job updated: 6757032
	1284  -  MemoryUsage of job (MB)
	1314432  -  ResidentSetSize of job (KB)
...
005 (20451.000.000) 02/25 02:57:07 Job terminated.
	(1) Normal termination (return value 0)
		Usr 0 02:43:55, Sys 0 00:00:46  -  Run Remote Usage
		Usr 0 00:00:00, Sys 0 00:00:00  -  Run Local Usage
		Usr 0 02:43:55, Sys 0 00:00:46  -  Total Remote Usage
		Usr 0 00:00:00, Sys 0 00:00:00  -  Total Local Usage
	0  -  Run Bytes Sent By Job
	0  -  Run Bytes Received By Job
	0  -  Total Bytes Sent By Job
	0  -  Total Bytes Received By Job
	Partitionable Resources :    Usage  Request Allocated
	   Cpus                 :                 2         2
	   Disk (KB)            :        1        1   5108768
	   Memory (MB)          :     1284        1         1
...
