000 (20147.000.000) 02/24 21:34:42 Job submitted from host: <134.76.239.76:13753?addrs=134.76.239.76-13753>
...
001 (20147.000.000) 02/24 21:35:09 Job executing on host: <134.76.239.88:25067?addrs=134.76.239.88-25067>
...
006 (20147.000.000) 02/24 21:35:21 Image size of job updated: 13068
	2  -  MemoryUsage of job (MB)
	1464  -  ResidentSetSize of job (KB)
...
006 (20147.000.000) 02/24 21:40:21 Image size of job updated: 1138452
	917  -  MemoryUsage of job (MB)
	938064  -  ResidentSetSize of job (KB)
...
006 (20147.000.000) 02/24 21:45:22 Image size of job updated: 1143576
	922  -  MemoryUsage of job (MB)
	943336  -  ResidentSetSize of job (KB)
...
006 (20147.000.000) 02/24 21:50:23 Image size of job updated: 1145192
	922  -  MemoryUsage of job (MB)
	943336  -  ResidentSetSize of job (KB)
...
006 (20147.000.000) 02/24 22:05:25 Image size of job updated: 1244392
	1063  -  MemoryUsage of job (MB)
	1088464  -  ResidentSetSize of job (KB)
...
006 (20147.000.000) 02/24 22:10:25 Image size of job updated: 1249092
	1065  -  MemoryUsage of job (MB)
	1090076  -  ResidentSetSize of job (KB)
...
006 (20147.000.000) 02/24 22:15:25 Image size of job updated: 1249092
	1067  -  MemoryUsage of job (MB)
	1092396  -  ResidentSetSize of job (KB)
...
006 (20147.000.000) 02/24 22:20:26 Image size of job updated: 1460112
	1297  -  MemoryUsage of job (MB)
	1327340  -  ResidentSetSize of job (KB)
...
006 (20147.000.000) 02/24 22:25:26 Image size of job updated: 1460112
	1297  -  MemoryUsage of job (MB)
	1327660  -  ResidentSetSize of job (KB)
...
006 (20147.000.000) 02/24 22:30:26 Image size of job updated: 1460112
	1297  -  MemoryUsage of job (MB)
	1327684  -  ResidentSetSize of job (KB)
...
006 (20147.000.000) 02/24 23:00:30 Image size of job updated: 1460112
	1298  -  MemoryUsage of job (MB)
	1328256  -  ResidentSetSize of job (KB)
...
006 (20147.000.000) 02/24 23:10:31 Image size of job updated: 1460112
	1298  -  MemoryUsage of job (MB)
	1328572  -  ResidentSetSize of job (KB)
...
005 (20147.000.000) 02/25 00:23:40 Job terminated.
	(1) Normal termination (return value 0)
		Usr 0 03:57:10, Sys 0 00:01:09  -  Run Remote Usage
		Usr 0 00:00:00, Sys 0 00:00:00  -  Run Local Usage
		Usr 0 03:57:10, Sys 0 00:01:09  -  Total Remote Usage
		Usr 0 00:00:00, Sys 0 00:00:00  -  Total Local Usage
	0  -  Run Bytes Sent By Job
	0  -  Run Bytes Received By Job
	0  -  Total Bytes Sent By Job
	0  -  Total Bytes Received By Job
	Partitionable Resources :    Usage  Request Allocated
	   Cpus                 :                 2         2
	   Disk (KB)            :        1        1   5108796
	   Memory (MB)          :     1298        1         1
...
