DATE: 2016-02-26
TIME: 16:59:36
                                         version_number        8118
 read inlist_1.0
 create pre-main-sequence model
                                                species           8
 abundances
                                                     h1    6.8026999999999993D-01
                                                    he3    3.2670233709474283D-05
                                                    he4    3.0696032976629056D-01
                                                    c12    2.1917897174956458D-03
                                                    n14    6.4204577055289064D-04
                                                    o16    5.9612004230307864D-03
                                                   ne20    1.3370410689649464D-03
                                                   mg24    2.6049230199557301D-03


                                        relax_num_steps


                               finished relax_num_steps

 new_lnPgas_flag T
                                        relax_initial_Z    1.2737000000000000D-02
                                                  new z    1.2736999999999849D-02
                                        relax_initial_Y    3.0699300000000002D-01
                                                  new y    3.0699300000000002D-01
 net name basic.net
 do_element_diffusion T
 lnPgas_flag T
 kappa_file_prefix gs98
 kappa_lowT_prefix lowT_fa05_gs98
   eos_file_prefix mesa
                                        OMP_NUM_THREADS           1



stop because Lnuc_div_L >= Lnuc_div_L_zams_limit
    0.9993109808E+00    0.9990000000E+00

        938   7.255677   7107.111   0.598547   0.598547   1.322568   1.322568   0.677012   0.003197   0.298554   0.679712  -2.021948    828      0
   6.327801   1.969485   0.119553 -40.960822  -0.938640 -99.000000   0.000000   0.309890   0.005945   0.011745   0.307475   0.064258      4      0
 3.0518E+07  17.347118   0.598846 -99.000000   4.177618  -7.477349   0.000000   0.000014   0.001337  1.310E-02  1.281E-02 -0.197E-12  max increase

save photos/x938 for model 938
save final_profile.data write fgong_plot.data
                               s% atm_structure_num_pts          49
save final_profile.data.FGONG    938
 final_profile.data.FGONG for model 938
 saved to zams.mod
termination code: Lnuc_div_L_zams_limit

       runtime, prev time, retries, backups, steps         9.0        28.2         0         0       938
        938   7.255677   7107.111   0.598547   0.598547   1.322568   1.322568   0.677012   0.003197   0.298554   0.679712  -2.021948    828      0
   6.327801   1.969485   0.119553 -40.960822  -0.938640 -99.000000   0.000000   0.309890   0.005945   0.011745   0.307475   0.064258      4      0
 3.0518E+07  17.347118   0.598846 -99.000000   4.177618  -7.477349   0.000000   0.000014   0.001337  1.310E-02  1.281E-02 -0.197E-12  max increase

DATE: 2016-02-26
TIME: 17:10:25
DATE: 2016-02-26
TIME: 17:10:26
                                         version_number        8118
 read inlist_1.0
load saved model zams.mod

 new_lnPgas_flag T
 net name basic.net
 do_element_diffusion T
 lnPgas_flag T
                       which_atm_option: Eddington_grey
 kappa_file_prefix gs98
 kappa_lowT_prefix lowT_fa05_gs98
   eos_file_prefix mesa
                                        OMP_NUM_THREADS           1


__________________________________________________________________________________________________________________________________________________

       step    lg_Tcntr    Teff       lg_LH     lg_Lnuc     Mass       H_rich     H_cntr     N_cntr     Y_surf     X_avg     eta_cntr  zones retry
   lg_dt_yr    lg_Dcntr    lg_R       lg_L3a    lg_Lneu     lg_Mdot    He_core    He_cntr    O_cntr     Z_surf     Y_avg     gam_cntr  iters bckup
     age_yr    lg_Pcntr    lg_L       lg_LZ     lg_Psurf    lg_Dsurf   C_core     C_cntr     Ne_cntr    Z_cntr     Z_avg     v_div_cs     dt_limit
__________________________________________________________________________________________________________________________________________________

        945   7.256332   7187.574   0.599684   0.599684   1.322568   1.322568   0.675838   0.003204   0.306371   0.679516  -2.022839    808      0
   6.000000   1.970425   0.110164 -40.923317  -0.940579 -99.000000   0.000000   0.311065   0.005937   0.012706   0.307665   0.064242      4      0
 3.7004E+07  17.348316   0.599625 -99.000000   4.551486  -7.102643   0.000000   0.000014   0.001337  1.310E-02  1.282E-02  0.850E-13        max_dt

