000 (28110.000.000) 02/26 16:55:58 Job submitted from host: <134.76.239.76:15915?addrs=134.76.239.76-15915>
...
001 (28110.000.000) 02/26 16:56:04 Job executing on host: <134.76.239.89:21049?addrs=134.76.239.89-21049>
...
006 (28110.000.000) 02/26 16:56:16 Image size of job updated: 65708
	5  -  MemoryUsage of job (MB)
	4304  -  ResidentSetSize of job (KB)
...
006 (28110.000.000) 02/26 17:01:17 Image size of job updated: 1071548
	930  -  MemoryUsage of job (MB)
	951492  -  ResidentSetSize of job (KB)
...
006 (28110.000.000) 02/26 17:06:17 Image size of job updated: 1072164
	930  -  MemoryUsage of job (MB)
	952040  -  ResidentSetSize of job (KB)
...
006 (28110.000.000) 02/26 17:11:17 Image size of job updated: 1082220
	930  -  MemoryUsage of job (MB)
	952040  -  ResidentSetSize of job (KB)
...
006 (28110.000.000) 02/26 17:16:18 Image size of job updated: 1082220
	934  -  MemoryUsage of job (MB)
	956048  -  ResidentSetSize of job (KB)
...
