DATE: 2016-02-25
TIME: 13:23:12
                                         version_number        8118
 read inlist_1.0
 create pre-main-sequence model
                                                species           8
 abundances
                                                     h1    7.3727600000000004D-01
                                                    he3    2.6709110357358097D-05
                                                    he4    2.5095129088964263D-01
                                                    c12    2.0212579117298963D-03
                                                    n14    5.9209151455713322D-04
                                                    o16    5.4973902935478653D-03
                                                   ne20    1.2330128284574200D-03
                                                   mg24    2.4022474517076085D-03


                                        relax_num_steps


                               finished relax_num_steps

 new_lnPgas_flag T
                                        relax_initial_Z    1.1745999999999999D-02
                                                  new z    1.1746000000000263D-02
                                        relax_initial_Y    2.5097799999999998D-01
                                                  new y    2.5097799999999965D-01
 net name basic.net
 do_element_diffusion T
 lnPgas_flag T
 kappa_file_prefix gs98
 kappa_lowT_prefix lowT_fa05_gs98
   eos_file_prefix mesa
                                        OMP_NUM_THREADS           2


