000 (20074.000.000) 02/24 21:34:38 Job submitted from host: <134.76.239.76:13753?addrs=134.76.239.76-13753>
...
001 (20074.000.000) 02/24 21:34:53 Job executing on host: <134.76.239.84:12289?addrs=134.76.239.84-12289>
...
006 (20074.000.000) 02/24 21:35:02 Image size of job updated: 827412
	617  -  MemoryUsage of job (MB)
	631112  -  ResidentSetSize of job (KB)
...
006 (20074.000.000) 02/24 21:40:02 Image size of job updated: 1147644
	904  -  MemoryUsage of job (MB)
	925356  -  ResidentSetSize of job (KB)
...
006 (20074.000.000) 02/24 21:45:02 Image size of job updated: 1147644
	904  -  MemoryUsage of job (MB)
	925360  -  ResidentSetSize of job (KB)
...
006 (20074.000.000) 02/24 21:50:03 Image size of job updated: 1147644
	904  -  MemoryUsage of job (MB)
	925364  -  ResidentSetSize of job (KB)
...
006 (20074.000.000) 02/24 22:05:04 Image size of job updated: 1147644
	905  -  MemoryUsage of job (MB)
	925700  -  ResidentSetSize of job (KB)
...
006 (20074.000.000) 02/24 22:30:07 Image size of job updated: 1147644
	905  -  MemoryUsage of job (MB)
	925704  -  ResidentSetSize of job (KB)
...
006 (20074.000.000) 02/24 22:35:07 Image size of job updated: 1147644
	905  -  MemoryUsage of job (MB)
	925708  -  ResidentSetSize of job (KB)
...
006 (20074.000.000) 02/24 22:45:09 Image size of job updated: 1241548
	1061  -  MemoryUsage of job (MB)
	1086132  -  ResidentSetSize of job (KB)
...
006 (20074.000.000) 02/24 22:50:09 Image size of job updated: 1244444
	1061  -  MemoryUsage of job (MB)
	1086196  -  ResidentSetSize of job (KB)
...
006 (20074.000.000) 02/24 22:55:09 Image size of job updated: 1244444
	1061  -  MemoryUsage of job (MB)
	1086204  -  ResidentSetSize of job (KB)
...
006 (20074.000.000) 02/24 23:10:10 Image size of job updated: 1244444
	1062  -  MemoryUsage of job (MB)
	1086548  -  ResidentSetSize of job (KB)
...
006 (20074.000.000) 02/24 23:20:12 Image size of job updated: 1244444
	1062  -  MemoryUsage of job (MB)
	1086552  -  ResidentSetSize of job (KB)
...
006 (20074.000.000) 02/24 23:25:12 Image size of job updated: 1244444
	1062  -  MemoryUsage of job (MB)
	1086564  -  ResidentSetSize of job (KB)
...
006 (20074.000.000) 02/24 23:30:13 Image size of job updated: 1244444
	1062  -  MemoryUsage of job (MB)
	1086568  -  ResidentSetSize of job (KB)
...
006 (20074.000.000) 02/24 23:35:14 Image size of job updated: 1430928
	1205  -  MemoryUsage of job (MB)
	1233840  -  ResidentSetSize of job (KB)
...
006 (20074.000.000) 02/24 23:45:14 Image size of job updated: 1430928
	1206  -  MemoryUsage of job (MB)
	1234200  -  ResidentSetSize of job (KB)
...
006 (20074.000.000) 02/24 23:55:16 Image size of job updated: 1457356
	1232  -  MemoryUsage of job (MB)
	1261028  -  ResidentSetSize of job (KB)
...
006 (20074.000.000) 02/25 00:00:16 Image size of job updated: 1457356
	1232  -  MemoryUsage of job (MB)
	1261044  -  ResidentSetSize of job (KB)
...
006 (20074.000.000) 02/25 02:30:32 Image size of job updated: 1457356
	1232  -  MemoryUsage of job (MB)
	1261436  -  ResidentSetSize of job (KB)
...
006 (20074.000.000) 02/25 04:10:42 Image size of job updated: 12372268
	1232  -  MemoryUsage of job (MB)
	1261436  -  ResidentSetSize of job (KB)
...
005 (20074.000.000) 02/25 04:12:08 Job terminated.
	(1) Normal termination (return value 0)
		Usr 0 11:23:20, Sys 0 00:03:15  -  Run Remote Usage
		Usr 0 00:00:00, Sys 0 00:00:00  -  Run Local Usage
		Usr 0 11:23:20, Sys 0 00:03:15  -  Total Remote Usage
		Usr 0 00:00:00, Sys 0 00:00:00  -  Total Local Usage
	0  -  Run Bytes Sent By Job
	0  -  Run Bytes Received By Job
	0  -  Total Bytes Sent By Job
	0  -  Total Bytes Received By Job
	Partitionable Resources :    Usage  Request Allocated
	   Cpus                 :                 2         2
	   Disk (KB)            :        1        1   5108632
	   Memory (MB)          :     1232        1         1
...
