DATE: 2016-02-26
TIME: 16:59:53
                                         version_number        8118
 read inlist_1.0
 create pre-main-sequence model
                                                species           8
 abundances
                                                     h1    6.4933700000000005D-01
                                                    he3    3.5114597581200713D-05
                                                    he4    3.2992688540241882D-01
                                                    c12    3.5622390627209751D-03
                                                    n14    1.0434945039032189D-03
                                                    o16    9.6885302627902539D-03
                                                   ne20    2.1730460209345346D-03
                                                   mg24    4.2336901496508768D-03


                                        relax_num_steps


                               finished relax_num_steps

 new_lnPgas_flag T
                                        relax_initial_Z    2.0701000000000001D-02
                                                  new z    2.0700999999999577D-02
                                        relax_initial_Y    3.2996199999999998D-01
                                                  new y    3.2996200000000042D-01
 net name basic.net
 do_element_diffusion T
 lnPgas_flag T
 kappa_file_prefix gs98
 kappa_lowT_prefix lowT_fa05_gs98
   eos_file_prefix mesa
                                        OMP_NUM_THREADS           1



stop because Lnuc_div_L >= Lnuc_div_L_zams_limit
    0.9995121225E+00    0.9990000000E+00

        960   7.278224   7324.081   0.721172   0.721172   1.445615   1.445615   0.645884   0.005206   0.329939   0.648652  -2.233273    867      0
   6.324612   1.923634   0.154702 -39.881188  -0.716482 -99.000000   0.000000   0.332831   0.009647   0.020697   0.330506   0.059992      2      0
 3.0108E+07  17.312291   0.721384 -99.000000   4.057836  -7.585288   0.000000   0.000025   0.002173  2.129E-02  2.084E-02 -0.725E-12  max increase

save photos/x960 for model 960
save final_profile.data write fgong_plot.data
                               s% atm_structure_num_pts          47
save final_profile.data.FGONG    960
 final_profile.data.FGONG for model 960
 saved to zams.mod
termination code: Lnuc_div_L_zams_limit

       runtime, prev time, retries, backups, steps         8.8        28.2         0         0       960
        960   7.278224   7324.081   0.721172   0.721172   1.445615   1.445615   0.645884   0.005206   0.329939   0.648652  -2.233273    867      0
   6.324612   1.923634   0.154702 -39.881188  -0.716482 -99.000000   0.000000   0.332831   0.009647   0.020697   0.330506   0.059992      2      0
 3.0108E+07  17.312291   0.721384 -99.000000   4.057836  -7.585288   0.000000   0.000025   0.002173  2.129E-02  2.084E-02 -0.725E-12  max increase

DATE: 2016-02-26
TIME: 17:10:15
DATE: 2016-02-26
TIME: 17:10:15
                                         version_number        8118
 read inlist_1.0
load saved model zams.mod

 new_lnPgas_flag T
 net name basic.net
 do_element_diffusion T
 lnPgas_flag T
                       which_atm_option: Eddington_grey
 kappa_file_prefix gs98
 kappa_lowT_prefix lowT_fa05_gs98
   eos_file_prefix mesa
                                        OMP_NUM_THREADS           1


__________________________________________________________________________________________________________________________________________________

       step    lg_Tcntr    Teff       lg_LH     lg_Lnuc     Mass       H_rich     H_cntr     N_cntr     Y_surf     X_avg     eta_cntr  zones retry
   lg_dt_yr    lg_Dcntr    lg_R       lg_L3a    lg_Lneu     lg_Mdot    He_core    He_cntr    O_cntr     Z_surf     Y_avg     gam_cntr  iters bckup
     age_yr    lg_Pcntr    lg_L       lg_LZ     lg_Psurf    lg_Dsurf   C_core     C_cntr     Ne_cntr    Z_cntr     Z_avg     v_div_cs     dt_limit
__________________________________________________________________________________________________________________________________________________

        961   7.278367   7349.315   0.721432   0.721432   1.445615   1.445615   0.645768   0.005207   0.329938   0.648615  -2.234433    867      0
   6.000000   1.923397   0.151658 -39.874378  -0.716347 -99.000000   0.000000   0.332946   0.009646   0.020696   0.330541   0.059965      9      0
 3.1108E+07  17.312154   0.721270 -99.000000   4.446553  -7.202340   0.000000   0.000025   0.002173  2.129E-02  2.084E-02 -0.277E-10              

