DATE: 2016-02-26
TIME: 16:59:47
                                         version_number        8118
 read inlist_1.0
 create pre-main-sequence model
                                                species           8
 abundances
                                                     h1    7.2414200000000017D-01
                                                    he3    2.9078554460453108D-05
                                                    he4    2.7321392144553963D-01
                                                    c12    4.4999058736366069D-04
                                                    n14    1.3181672999888202D-04
                                                    o16    1.2238783941450147D-03
                                                   ne20    2.7450438842295934D-04
                                                   mg24    5.3480990006940651D-04


                                        relax_num_steps


                               finished relax_num_steps

 new_lnPgas_flag T
                                        relax_initial_Z    2.6150000000000001D-03
                                                  new z    2.6149999999998913D-03
                                        relax_initial_Y    2.7324300000000001D-01
                                                  new y    2.7324299999999990D-01
 net name basic.net
 do_element_diffusion T
 lnPgas_flag T
 kappa_file_prefix gs98
 kappa_lowT_prefix lowT_fa05_gs98
   eos_file_prefix mesa
                                        OMP_NUM_THREADS           1



stop because Lnuc_div_L >= Lnuc_div_L_zams_limit
    0.9993401033E+00    0.9990000000E+00

        916   7.218184   7204.364   0.427924   0.427924   1.125693   1.125693   0.722571   0.000654   0.273230   0.723825  -1.752706    863      0
   6.249740   2.011672   0.022430 -42.850691  -1.193059 -99.000000   0.000000   0.274739   0.001223   0.002615   0.273548   0.070619      3      0
 2.3623E+07  17.368088   0.428211 -99.000000   4.236448  -7.434278   0.000000   0.000003   0.000275  2.689E-03  2.627E-03 -0.458E-13  max increase

save photos/x916 for model 916
save final_profile.data write fgong_plot.data
                               s% atm_structure_num_pts          52
save final_profile.data.FGONG    916
 final_profile.data.FGONG for model 916
 saved to zams.mod
termination code: Lnuc_div_L_zams_limit

       runtime, prev time, retries, backups, steps         8.3        28.2         0         0       916
        916   7.218184   7204.364   0.427924   0.427924   1.125693   1.125693   0.722571   0.000654   0.273230   0.723825  -1.752706    863      0
   6.249740   2.011672   0.022430 -42.850691  -1.193059 -99.000000   0.000000   0.274739   0.001223   0.002615   0.273548   0.070619      3      0
 2.3623E+07  17.368088   0.428211 -99.000000   4.236448  -7.434278   0.000000   0.000003   0.000275  2.689E-03  2.627E-03 -0.458E-13  max increase

DATE: 2016-02-26
TIME: 17:09:43
DATE: 2016-02-26
TIME: 17:09:44
                                         version_number        8118
 read inlist_1.0
load saved model zams.mod

 new_lnPgas_flag T
 net name basic.net
 do_element_diffusion T
 lnPgas_flag T
                       which_atm_option: Eddington_grey
 kappa_file_prefix gs98
 kappa_lowT_prefix lowT_fa05_gs98
   eos_file_prefix mesa
                                        OMP_NUM_THREADS           1


__________________________________________________________________________________________________________________________________________________

       step    lg_Tcntr    Teff       lg_LH     lg_Lnuc     Mass       H_rich     H_cntr     N_cntr     Y_surf     X_avg     eta_cntr  zones retry
   lg_dt_yr    lg_Dcntr    lg_R       lg_L3a    lg_Lneu     lg_Mdot    He_core    He_cntr    O_cntr     Z_surf     Y_avg     gam_cntr  iters bckup
     age_yr    lg_Pcntr    lg_L       lg_LZ     lg_Psurf    lg_Dsurf   C_core     C_cntr     Ne_cntr    Z_cntr     Z_avg     v_div_cs     dt_limit
__________________________________________________________________________________________________________________________________________________

        917   7.218195   7232.106   0.428507   0.428507   1.125693   1.125693   0.722437   0.000654   0.273229   0.723801  -1.752419    863      0
   6.000000   2.011845   0.019144 -42.849260  -1.193252 -99.000000   0.000000   0.274874   0.001223   0.002615   0.273572   0.070630      9      0
 2.4623E+07  17.368228   0.428316 -15.352530   4.633649  -7.041722   0.000000   0.000003   0.000275  2.689E-03  2.627E-03 -0.210E-10              

