000 (20158.000.000) 02/24 21:34:42 Job submitted from host: <134.76.239.76:13753?addrs=134.76.239.76-13753>
...
001 (20158.000.000) 02/24 22:10:40 Job executing on host: <134.76.239.79:12046?addrs=134.76.239.79-12046>
...
006 (20158.000.000) 02/24 22:10:50 Image size of job updated: 65708
	2  -  MemoryUsage of job (MB)
	1464  -  ResidentSetSize of job (KB)
...
006 (20158.000.000) 02/24 22:15:50 Image size of job updated: 119116
	6  -  MemoryUsage of job (MB)
	5712  -  ResidentSetSize of job (KB)
...
006 (20158.000.000) 02/24 22:20:50 Image size of job updated: 1139796
	930  -  MemoryUsage of job (MB)
	951996  -  ResidentSetSize of job (KB)
...
006 (20158.000.000) 02/24 22:25:51 Image size of job updated: 1145944
	936  -  MemoryUsage of job (MB)
	958020  -  ResidentSetSize of job (KB)
...
006 (20158.000.000) 02/24 22:45:53 Image size of job updated: 1230824
	1063  -  MemoryUsage of job (MB)
	1088312  -  ResidentSetSize of job (KB)
...
006 (20158.000.000) 02/24 22:50:53 Image size of job updated: 1231836
	1064  -  MemoryUsage of job (MB)
	1089516  -  ResidentSetSize of job (KB)
...
006 (20158.000.000) 02/24 22:55:54 Image size of job updated: 1232032
	1065  -  MemoryUsage of job (MB)
	1090048  -  ResidentSetSize of job (KB)
...
006 (20158.000.000) 02/24 23:00:55 Image size of job updated: 1443052
	1233  -  MemoryUsage of job (MB)
	1261888  -  ResidentSetSize of job (KB)
...
006 (20158.000.000) 02/24 23:05:55 Image size of job updated: 1446588
	1233  -  MemoryUsage of job (MB)
	1262460  -  ResidentSetSize of job (KB)
...
006 (20158.000.000) 02/24 23:10:55 Image size of job updated: 1446588
	1234  -  MemoryUsage of job (MB)
	1262812  -  ResidentSetSize of job (KB)
...
006 (20158.000.000) 02/24 23:45:59 Image size of job updated: 1469408
	1234  -  MemoryUsage of job (MB)
	1262812  -  ResidentSetSize of job (KB)
...
006 (20158.000.000) 02/24 23:51:00 Image size of job updated: 1472648
	1234  -  MemoryUsage of job (MB)
	1262812  -  ResidentSetSize of job (KB)
...
006 (20158.000.000) 02/24 23:56:00 Image size of job updated: 1472648
	1235  -  MemoryUsage of job (MB)
	1263864  -  ResidentSetSize of job (KB)
...
006 (20158.000.000) 02/25 00:01:00 Image size of job updated: 1472660
	1235  -  MemoryUsage of job (MB)
	1263864  -  ResidentSetSize of job (KB)
...
005 (20158.000.000) 02/25 01:11:32 Job terminated.
	(1) Normal termination (return value 0)
		Usr 0 04:27:09, Sys 0 00:01:21  -  Run Remote Usage
		Usr 0 00:00:00, Sys 0 00:00:00  -  Run Local Usage
		Usr 0 04:27:09, Sys 0 00:01:21  -  Total Remote Usage
		Usr 0 00:00:00, Sys 0 00:00:00  -  Total Local Usage
	0  -  Run Bytes Sent By Job
	0  -  Run Bytes Received By Job
	0  -  Total Bytes Sent By Job
	0  -  Total Bytes Received By Job
	Partitionable Resources :    Usage  Request Allocated
	   Cpus                 :                 2         2
	   Disk (KB)            :        1        1   5108737
	   Memory (MB)          :     1235        1         1
...
