000 (20645.000.000) 02/24 21:35:09 Job submitted from host: <134.76.239.76:13753?addrs=134.76.239.76-13753>
...
001 (20645.000.000) 02/25 03:28:46 Job executing on host: <134.76.239.80:23833?addrs=134.76.239.80-23833>
...
006 (20645.000.000) 02/25 03:28:55 Image size of job updated: 827412
	626  -  MemoryUsage of job (MB)
	640508  -  ResidentSetSize of job (KB)
...
006 (20645.000.000) 02/25 03:33:56 Image size of job updated: 1145320
	933  -  MemoryUsage of job (MB)
	954904  -  ResidentSetSize of job (KB)
...
006 (20645.000.000) 02/25 03:38:57 Image size of job updated: 1145828
	933  -  MemoryUsage of job (MB)
	954904  -  ResidentSetSize of job (KB)
...
006 (20645.000.000) 02/25 03:48:57 Image size of job updated: 1297008
	1072  -  MemoryUsage of job (MB)
	1097324  -  ResidentSetSize of job (KB)
...
006 (20645.000.000) 02/25 03:53:58 Image size of job updated: 1417956
	1216  -  MemoryUsage of job (MB)
	1244924  -  ResidentSetSize of job (KB)
...
006 (20645.000.000) 02/25 03:58:58 Image size of job updated: 1443024
	1241  -  MemoryUsage of job (MB)
	1269804  -  ResidentSetSize of job (KB)
...
006 (20645.000.000) 02/25 04:03:58 Image size of job updated: 1449396
	1247  -  MemoryUsage of job (MB)
	1276424  -  ResidentSetSize of job (KB)
...
006 (20645.000.000) 02/25 04:08:59 Image size of job updated: 1451568
	1247  -  MemoryUsage of job (MB)
	1276424  -  ResidentSetSize of job (KB)
...
006 (20645.000.000) 02/25 04:34:01 Image size of job updated: 1451568
	1248  -  MemoryUsage of job (MB)
	1277656  -  ResidentSetSize of job (KB)
...
006 (20645.000.000) 02/25 04:39:01 Image size of job updated: 1451568
	1254  -  MemoryUsage of job (MB)
	1283216  -  ResidentSetSize of job (KB)
...
006 (20645.000.000) 02/25 04:44:02 Image size of job updated: 1452228
	1254  -  MemoryUsage of job (MB)
	1283216  -  ResidentSetSize of job (KB)
...
006 (20645.000.000) 02/25 05:14:05 Image size of job updated: 1452228
	1256  -  MemoryUsage of job (MB)
	1285336  -  ResidentSetSize of job (KB)
...
006 (20645.000.000) 02/25 05:19:06 Image size of job updated: 1452228
	1256  -  MemoryUsage of job (MB)
	1285864  -  ResidentSetSize of job (KB)
...
006 (20645.000.000) 02/25 05:44:09 Image size of job updated: 1463176
	1256  -  MemoryUsage of job (MB)
	1285864  -  ResidentSetSize of job (KB)
...
006 (20645.000.000) 02/25 05:49:09 Image size of job updated: 1464968
	1256  -  MemoryUsage of job (MB)
	1285864  -  ResidentSetSize of job (KB)
...
006 (20645.000.000) 02/25 05:54:10 Image size of job updated: 1467668
	1256  -  MemoryUsage of job (MB)
	1285864  -  ResidentSetSize of job (KB)
...
006 (20645.000.000) 02/25 05:59:10 Image size of job updated: 1470412
	1256  -  MemoryUsage of job (MB)
	1285864  -  ResidentSetSize of job (KB)
...
006 (20645.000.000) 02/25 06:29:14 Image size of job updated: 1470412
	1258  -  MemoryUsage of job (MB)
	1287780  -  ResidentSetSize of job (KB)
...
006 (20645.000.000) 02/25 06:34:14 Image size of job updated: 1470412
	1258  -  MemoryUsage of job (MB)
	1287796  -  ResidentSetSize of job (KB)
...
006 (20645.000.000) 02/25 07:24:20 Image size of job updated: 1470412
	1261  -  MemoryUsage of job (MB)
	1290984  -  ResidentSetSize of job (KB)
...
006 (20645.000.000) 02/25 07:54:23 Image size of job updated: 1497912
	1261  -  MemoryUsage of job (MB)
	1290984  -  ResidentSetSize of job (KB)
...
006 (20645.000.000) 02/25 08:04:23 Image size of job updated: 1503428
	1264  -  MemoryUsage of job (MB)
	1294188  -  ResidentSetSize of job (KB)
...
006 (20645.000.000) 02/25 08:09:24 Image size of job updated: 1506896
	1264  -  MemoryUsage of job (MB)
	1294188  -  ResidentSetSize of job (KB)
...
006 (20645.000.000) 02/25 09:24:33 Image size of job updated: 1506896
	1276  -  MemoryUsage of job (MB)
	1306584  -  ResidentSetSize of job (KB)
...
006 (20645.000.000) 02/25 09:29:33 Image size of job updated: 1506896
	1276  -  MemoryUsage of job (MB)
	1306608  -  ResidentSetSize of job (KB)
...
004 (20645.000.000) 02/25 09:59:09 Job was evicted.
	(0) Job was not checkpointed.
		Usr 0 11:16:34, Sys 0 00:02:54  -  Run Remote Usage
		Usr 0 00:00:00, Sys 0 00:00:00  -  Run Local Usage
	0  -  Run Bytes Sent By Job
	0  -  Run Bytes Received By Job
	Partitionable Resources :    Usage  Request Allocated
	   Cpus                 :                 2         2
	   Disk (KB)            :        1        1   5045783
	   Memory (MB)          :     1276        1         1
...
001 (20645.000.000) 02/25 09:59:27 Job executing on host: <134.76.239.84:12289?addrs=134.76.239.84-12289>
...
004 (20645.000.000) 02/25 10:02:31 Job was evicted.
	(0) Job was not checkpointed.
		Usr 0 00:05:30, Sys 0 00:00:02  -  Run Remote Usage
		Usr 0 00:00:00, Sys 0 00:00:00  -  Run Local Usage
	0  -  Run Bytes Sent By Job
	0  -  Run Bytes Received By Job
	Partitionable Resources :    Usage  Request Allocated
	   Cpus                 :                 2         2
	   Disk (KB)            :        1        1   5108544
	   Memory (MB)          :     1465     1465      1465
...
001 (20645.000.000) 02/25 10:03:32 Job executing on host: <134.76.239.83:20501?addrs=134.76.239.83-20501>
...
004 (20645.000.000) 02/25 10:08:52 Job was evicted.
	(0) Job was not checkpointed.
		Usr 0 00:09:41, Sys 0 00:00:02  -  Run Remote Usage
		Usr 0 00:00:00, Sys 0 00:00:00  -  Run Local Usage
	0  -  Run Bytes Sent By Job
	0  -  Run Bytes Received By Job
	Partitionable Resources :    Usage  Request Allocated
	   Cpus                 :                 2         2
	   Disk (KB)            :        1        1   5108636
	   Memory (MB)          :     1465     1465      1465
...
001 (20645.000.000) 02/25 10:10:19 Job executing on host: <134.76.239.88:25067?addrs=134.76.239.88-25067>
...
004 (20645.000.000) 02/25 10:49:49 Job was evicted.
	(0) Job was not checkpointed.
		Usr 0 01:09:02, Sys 0 00:00:35  -  Run Remote Usage
		Usr 0 00:00:00, Sys 0 00:00:00  -  Run Local Usage
	0  -  Run Bytes Sent By Job
	0  -  Run Bytes Received By Job
	Partitionable Resources :    Usage  Request Allocated
	   Cpus                 :                 2         2
	   Disk (KB)            :        1        1   5108605
	   Memory (MB)          :     1465     1465      1465
...
001 (20645.000.000) 02/25 10:50:42 Job executing on host: <134.76.239.88:25067?addrs=134.76.239.88-25067>
...
004 (20645.000.000) 02/25 10:52:27 Job was evicted.
	(0) Job was not checkpointed.
		Usr 0 00:02:26, Sys 0 00:00:01  -  Run Remote Usage
		Usr 0 00:00:00, Sys 0 00:00:00  -  Run Local Usage
	0  -  Run Bytes Sent By Job
	0  -  Run Bytes Received By Job
	Partitionable Resources :    Usage  Request Allocated
	   Cpus                 :                 2         2
	   Disk (KB)            :        1        1   5108601
	   Memory (MB)          :     1465     1465      1465
...
001 (20645.000.000) 02/25 10:54:27 Job executing on host: <134.76.239.80:23833?addrs=134.76.239.80-23833>
...
004 (20645.000.000) 02/25 11:04:25 Job was evicted.
	(0) Job was not checkpointed.
		Usr 0 00:17:03, Sys 0 00:00:06  -  Run Remote Usage
		Usr 0 00:00:00, Sys 0 00:00:00  -  Run Local Usage
	0  -  Run Bytes Sent By Job
	0  -  Run Bytes Received By Job
	Partitionable Resources :    Usage  Request Allocated
	   Cpus                 :                 2         2
	   Disk (KB)            :        1        1   5045688
	   Memory (MB)          :     1465     1465      1465
...
001 (20645.000.000) 02/25 11:06:25 Job executing on host: <134.76.239.86:20177?addrs=134.76.239.86-20177>
...
004 (20645.000.000) 02/25 11:08:07 Job was evicted.
	(0) Job was not checkpointed.
		Usr 0 00:02:20, Sys 0 00:00:01  -  Run Remote Usage
		Usr 0 00:00:00, Sys 0 00:00:00  -  Run Local Usage
	0  -  Run Bytes Sent By Job
	0  -  Run Bytes Received By Job
	Partitionable Resources :    Usage  Request Allocated
	   Cpus                 :                 2         2
	   Disk (KB)            :        1        1   5108598
	   Memory (MB)          :     1465     1465      1465
...
001 (20645.000.000) 02/25 11:11:06 Job executing on host: <134.76.239.89:24193?addrs=134.76.239.89-24193>
...
004 (20645.000.000) 02/25 11:30:52 Job was evicted.
	(0) Job was not checkpointed.
		Usr 0 00:28:45, Sys 0 00:00:08  -  Run Remote Usage
		Usr 0 00:00:00, Sys 0 00:00:00  -  Run Local Usage
	0  -  Run Bytes Sent By Job
	0  -  Run Bytes Received By Job
	Partitionable Resources :    Usage  Request Allocated
	   Cpus                 :                 2         2
	   Disk (KB)            :        1        1   5108651
	   Memory (MB)          :     1465     1465      1465
...
001 (20645.000.000) 02/25 11:32:40 Job executing on host: <134.76.239.90:23525?addrs=134.76.239.90-23525>
...
004 (20645.000.000) 02/25 11:45:13 Job was evicted.
	(0) Job was not checkpointed.
		Usr 0 00:16:59, Sys 0 00:00:07  -  Run Remote Usage
		Usr 0 00:00:00, Sys 0 00:00:00  -  Run Local Usage
	0  -  Run Bytes Sent By Job
	0  -  Run Bytes Received By Job
	Partitionable Resources :    Usage  Request Allocated
	   Cpus                 :                 2         2
	   Disk (KB)            :        1        1   5108644
	   Memory (MB)          :     1465     1465      1465
...
001 (20645.000.000) 02/25 11:47:57 Job executing on host: <134.76.239.83:20501?addrs=134.76.239.83-20501>
...
004 (20645.000.000) 02/25 11:57:16 Job was evicted.
	(0) Job was not checkpointed.
		Usr 0 00:12:03, Sys 0 00:00:05  -  Run Remote Usage
		Usr 0 00:00:00, Sys 0 00:00:00  -  Run Local Usage
	0  -  Run Bytes Sent By Job
	0  -  Run Bytes Received By Job
	Partitionable Resources :    Usage  Request Allocated
	   Cpus                 :                 2         2
	   Disk (KB)            :        1        1   5108570
	   Memory (MB)          :     1465     1465      1465
...
001 (20645.000.000) 02/25 11:59:19 Job executing on host: <134.76.239.87:13734?addrs=134.76.239.87-13734>
...
004 (20645.000.000) 02/25 13:21:06 Job was evicted.
	(0) Job was not checkpointed.
		Usr 0 02:20:24, Sys 0 00:00:33  -  Run Remote Usage
		Usr 0 00:00:00, Sys 0 00:00:00  -  Run Local Usage
	0  -  Run Bytes Sent By Job
	0  -  Run Bytes Received By Job
	Partitionable Resources :    Usage  Request Allocated
	   Cpus                 :                 2         2
	   Disk (KB)            :        1        1   5108581
	   Memory (MB)          :     1465     1465      1465
...
001 (20645.000.000) 02/25 13:23:09 Job executing on host: <134.76.239.83:20501?addrs=134.76.239.83-20501>
...
