000 (20558.000.000) 02/24 21:35:04 Job submitted from host: <134.76.239.76:13753?addrs=134.76.239.76-13753>
...
001 (20558.000.000) 02/25 02:22:41 Job executing on host: <134.76.239.84:12289?addrs=134.76.239.84-12289>
...
006 (20558.000.000) 02/25 02:22:50 Image size of job updated: 1
	3  -  MemoryUsage of job (MB)
	2072  -  ResidentSetSize of job (KB)
...
006 (20558.000.000) 02/25 02:27:50 Image size of job updated: 1144792
	930  -  MemoryUsage of job (MB)
	951440  -  ResidentSetSize of job (KB)
...
006 (20558.000.000) 02/25 02:32:50 Image size of job updated: 1146040
	930  -  MemoryUsage of job (MB)
	951440  -  ResidentSetSize of job (KB)
...
006 (20558.000.000) 02/25 02:42:52 Image size of job updated: 1242280
	1072  -  MemoryUsage of job (MB)
	1096712  -  ResidentSetSize of job (KB)
...
006 (20558.000.000) 02/25 02:52:53 Image size of job updated: 1242280
	1072  -  MemoryUsage of job (MB)
	1097044  -  ResidentSetSize of job (KB)
...
006 (20558.000.000) 02/25 03:02:54 Image size of job updated: 1428764
	1216  -  MemoryUsage of job (MB)
	1244316  -  ResidentSetSize of job (KB)
...
006 (20558.000.000) 02/25 03:07:54 Image size of job updated: 1453300
	1240  -  MemoryUsage of job (MB)
	1269188  -  ResidentSetSize of job (KB)
...
006 (20558.000.000) 02/25 03:12:55 Image size of job updated: 1453808
	1240  -  MemoryUsage of job (MB)
	1269196  -  ResidentSetSize of job (KB)
...
006 (20558.000.000) 02/25 03:17:56 Image size of job updated: 1458940
	1244  -  MemoryUsage of job (MB)
	1273060  -  ResidentSetSize of job (KB)
...
006 (20558.000.000) 02/25 03:22:56 Image size of job updated: 1458940
	1244  -  MemoryUsage of job (MB)
	1273080  -  ResidentSetSize of job (KB)
...
006 (20558.000.000) 02/25 03:27:57 Image size of job updated: 1524476
	1306  -  MemoryUsage of job (MB)
	1336440  -  ResidentSetSize of job (KB)
...
006 (20558.000.000) 02/25 03:32:58 Image size of job updated: 1524476
	1306  -  MemoryUsage of job (MB)
	1336452  -  ResidentSetSize of job (KB)
...
005 (20558.000.000) 02/25 06:23:34 Job terminated.
	(1) Normal termination (return value 0)
		Usr 0 06:50:33, Sys 0 00:01:43  -  Run Remote Usage
		Usr 0 00:00:00, Sys 0 00:00:00  -  Run Local Usage
		Usr 0 06:50:33, Sys 0 00:01:43  -  Total Remote Usage
		Usr 0 00:00:00, Sys 0 00:00:00  -  Total Local Usage
	0  -  Run Bytes Sent By Job
	0  -  Run Bytes Received By Job
	0  -  Total Bytes Sent By Job
	0  -  Total Bytes Received By Job
	Partitionable Resources :    Usage  Request Allocated
	   Cpus                 :                 2         2
	   Disk (KB)            :        1        1   5108558
	   Memory (MB)          :     1306        1         1
...
