000 (20281.000.000) 02/24 21:34:49 Job submitted from host: <134.76.239.76:13753?addrs=134.76.239.76-13753>
...
001 (20281.000.000) 02/24 23:17:36 Job executing on host: <134.76.239.88:25067?addrs=134.76.239.88-25067>
...
006 (20281.000.000) 02/24 23:17:44 Image size of job updated: 140716
	13  -  MemoryUsage of job (MB)
	13140  -  ResidentSetSize of job (KB)
...
006 (20281.000.000) 02/24 23:22:44 Image size of job updated: 1145784
	924  -  MemoryUsage of job (MB)
	945328  -  ResidentSetSize of job (KB)
...
006 (20281.000.000) 02/24 23:27:45 Image size of job updated: 1146812
	924  -  MemoryUsage of job (MB)
	945328  -  ResidentSetSize of job (KB)
...
006 (20281.000.000) 02/24 23:52:47 Image size of job updated: 1228856
	1071  -  MemoryUsage of job (MB)
	1096556  -  ResidentSetSize of job (KB)
...
006 (20281.000.000) 02/25 00:17:50 Image size of job updated: 1228856
	1071  -  MemoryUsage of job (MB)
	1096560  -  ResidentSetSize of job (KB)
...
006 (20281.000.000) 02/25 00:22:50 Image size of job updated: 1228856
	1072  -  MemoryUsage of job (MB)
	1096896  -  ResidentSetSize of job (KB)
...
006 (20281.000.000) 02/25 00:32:51 Image size of job updated: 1228856
	1072  -  MemoryUsage of job (MB)
	1096904  -  ResidentSetSize of job (KB)
...
006 (20281.000.000) 02/25 00:37:51 Image size of job updated: 1415340
	1216  -  MemoryUsage of job (MB)
	1244172  -  ResidentSetSize of job (KB)
...
006 (20281.000.000) 02/25 00:47:52 Image size of job updated: 1439876
	1240  -  MemoryUsage of job (MB)
	1269064  -  ResidentSetSize of job (KB)
...
006 (20281.000.000) 02/25 00:52:53 Image size of job updated: 1440304
	1240  -  MemoryUsage of job (MB)
	1269068  -  ResidentSetSize of job (KB)
...
006 (20281.000.000) 02/25 00:57:53 Image size of job updated: 1443312
	1242  -  MemoryUsage of job (MB)
	1271136  -  ResidentSetSize of job (KB)
...
006 (20281.000.000) 02/25 01:02:54 Image size of job updated: 1443312
	1242  -  MemoryUsage of job (MB)
	1271376  -  ResidentSetSize of job (KB)
...
006 (20281.000.000) 02/25 01:07:55 Image size of job updated: 1443312
	1242  -  MemoryUsage of job (MB)
	1271704  -  ResidentSetSize of job (KB)
...
006 (20281.000.000) 02/25 01:17:55 Image size of job updated: 1445724
	1246  -  MemoryUsage of job (MB)
	1275488  -  ResidentSetSize of job (KB)
...
006 (20281.000.000) 02/25 01:22:56 Image size of job updated: 1447764
	1246  -  MemoryUsage of job (MB)
	1275488  -  ResidentSetSize of job (KB)
...
006 (20281.000.000) 02/25 04:45:16 Image size of job updated: 11691672
	1246  -  MemoryUsage of job (MB)
	1275488  -  ResidentSetSize of job (KB)
...
005 (20281.000.000) 02/25 04:45:16 Job terminated.
	(1) Normal termination (return value 0)
		Usr 0 09:12:40, Sys 0 00:01:48  -  Run Remote Usage
		Usr 0 00:00:00, Sys 0 00:00:00  -  Run Local Usage
		Usr 0 09:12:40, Sys 0 00:01:48  -  Total Remote Usage
		Usr 0 00:00:00, Sys 0 00:00:00  -  Total Local Usage
	0  -  Run Bytes Sent By Job
	0  -  Run Bytes Received By Job
	0  -  Total Bytes Sent By Job
	0  -  Total Bytes Received By Job
	Partitionable Resources :    Usage  Request Allocated
	   Cpus                 :                 2         2
	   Disk (KB)            :        1        1   5108753
	   Memory (MB)          :     1246        1         1
...
