000 (20586.000.000) 02/24 21:35:06 Job submitted from host: <134.76.239.76:13753?addrs=134.76.239.76-13753>
...
001 (20586.000.000) 02/25 02:41:43 Job executing on host: <134.76.239.87:13734?addrs=134.76.239.87-13734>
...
006 (20586.000.000) 02/25 02:41:53 Image size of job updated: 138004
	15  -  MemoryUsage of job (MB)
	14740  -  ResidentSetSize of job (KB)
...
006 (20586.000.000) 02/25 02:46:53 Image size of job updated: 1146124
	932  -  MemoryUsage of job (MB)
	954196  -  ResidentSetSize of job (KB)
...
006 (20586.000.000) 02/25 02:51:53 Image size of job updated: 1147732
	932  -  MemoryUsage of job (MB)
	954196  -  ResidentSetSize of job (KB)
...
006 (20586.000.000) 02/25 03:46:59 Image size of job updated: 1267852
	1060  -  MemoryUsage of job (MB)
	1084632  -  ResidentSetSize of job (KB)
...
006 (20586.000.000) 02/25 04:17:01 Image size of job updated: 1267852
	1060  -  MemoryUsage of job (MB)
	1084960  -  ResidentSetSize of job (KB)
...
006 (20586.000.000) 02/25 04:52:05 Image size of job updated: 1388800
	1204  -  MemoryUsage of job (MB)
	1232228  -  ResidentSetSize of job (KB)
...
006 (20586.000.000) 02/25 05:07:07 Image size of job updated: 1388800
	1204  -  MemoryUsage of job (MB)
	1232560  -  ResidentSetSize of job (KB)
...
006 (20586.000.000) 02/25 05:12:08 Image size of job updated: 1388800
	1204  -  MemoryUsage of job (MB)
	1232568  -  ResidentSetSize of job (KB)
...
006 (20586.000.000) 02/25 05:32:10 Image size of job updated: 1388800
	1204  -  MemoryUsage of job (MB)
	1232580  -  ResidentSetSize of job (KB)
...
006 (20586.000.000) 02/25 05:52:12 Image size of job updated: 1388800
	1205  -  MemoryUsage of job (MB)
	1232900  -  ResidentSetSize of job (KB)
...
006 (20586.000.000) 02/25 06:12:13 Image size of job updated: 1388800
	1205  -  MemoryUsage of job (MB)
	1232908  -  ResidentSetSize of job (KB)
...
006 (20586.000.000) 02/25 08:02:25 Image size of job updated: 1428852
	1216  -  MemoryUsage of job (MB)
	1245156  -  ResidentSetSize of job (KB)
...
006 (20586.000.000) 02/25 08:17:26 Image size of job updated: 1428852
	1217  -  MemoryUsage of job (MB)
	1245484  -  ResidentSetSize of job (KB)
...
006 (20586.000.000) 02/25 08:22:27 Image size of job updated: 1428852
	1217  -  MemoryUsage of job (MB)
	1245500  -  ResidentSetSize of job (KB)
...
006 (20586.000.000) 02/25 08:37:28 Image size of job updated: 1428852
	1219  -  MemoryUsage of job (MB)
	1247656  -  ResidentSetSize of job (KB)
...
006 (20586.000.000) 02/25 08:52:30 Image size of job updated: 1428852
	1219  -  MemoryUsage of job (MB)
	1247972  -  ResidentSetSize of job (KB)
...
004 (20586.000.000) 02/25 09:59:08 Job was evicted.
	(0) Job was not checkpointed.
		Usr 0 12:10:34, Sys 0 00:03:11  -  Run Remote Usage
		Usr 0 00:00:00, Sys 0 00:00:00  -  Run Local Usage
	0  -  Run Bytes Sent By Job
	0  -  Run Bytes Received By Job
	Partitionable Resources :    Usage  Request Allocated
	   Cpus                 :                 2         2
	   Disk (KB)            :        1        1   5108753
	   Memory (MB)          :     1219        1         1
...
001 (20586.000.000) 02/25 09:59:30 Job executing on host: <134.76.239.88:25067?addrs=134.76.239.88-25067>
...
004 (20586.000.000) 02/25 10:49:49 Job was evicted.
	(0) Job was not checkpointed.
		Usr 0 01:22:56, Sys 0 00:00:19  -  Run Remote Usage
		Usr 0 00:00:00, Sys 0 00:00:00  -  Run Local Usage
	0  -  Run Bytes Sent By Job
	0  -  Run Bytes Received By Job
	Partitionable Resources :    Usage  Request Allocated
	   Cpus                 :                 2         2
	   Disk (KB)            :        1        1   5108648
	   Memory (MB)          :     1221     1221      1221
...
001 (20586.000.000) 02/25 10:50:42 Job executing on host: <134.76.239.80:23833?addrs=134.76.239.80-23833>
...
004 (20586.000.000) 02/25 10:52:27 Job was evicted.
	(0) Job was not checkpointed.
		Usr 0 00:02:20, Sys 0 00:00:01  -  Run Remote Usage
		Usr 0 00:00:00, Sys 0 00:00:00  -  Run Local Usage
	0  -  Run Bytes Sent By Job
	0  -  Run Bytes Received By Job
	Partitionable Resources :    Usage  Request Allocated
	   Cpus                 :                 2         2
	   Disk (KB)            :        1        1   5045692
	   Memory (MB)          :     1221     1221      1221
...
001 (20586.000.000) 02/25 10:54:27 Job executing on host: <134.76.239.84:12289?addrs=134.76.239.84-12289>
...
004 (20586.000.000) 02/25 11:04:25 Job was evicted.
	(0) Job was not checkpointed.
		Usr 0 00:17:22, Sys 0 00:00:05  -  Run Remote Usage
		Usr 0 00:00:00, Sys 0 00:00:00  -  Run Local Usage
	0  -  Run Bytes Sent By Job
	0  -  Run Bytes Received By Job
	Partitionable Resources :    Usage  Request Allocated
	   Cpus                 :                 2         2
	   Disk (KB)            :        1        1   5108522
	   Memory (MB)          :     1221     1221      1221
...
001 (20586.000.000) 02/25 11:06:25 Job executing on host: <134.76.239.80:23833?addrs=134.76.239.80-23833>
...
004 (20586.000.000) 02/25 11:08:07 Job was evicted.
	(0) Job was not checkpointed.
		Usr 0 00:02:17, Sys 0 00:00:01  -  Run Remote Usage
		Usr 0 00:00:00, Sys 0 00:00:00  -  Run Local Usage
	0  -  Run Bytes Sent By Job
	0  -  Run Bytes Received By Job
	Partitionable Resources :    Usage  Request Allocated
	   Cpus                 :                 2         2
	   Disk (KB)            :        1        1   5045670
	   Memory (MB)          :     1221     1221      1221
...
001 (20586.000.000) 02/25 11:11:02 Job executing on host: <134.76.239.84:12289?addrs=134.76.239.84-12289>
...
