DATE: 2016-02-26
TIME: 16:59:50
                                         version_number        8118
 read inlist_1.0
 create pre-main-sequence model
                                                species           8
 abundances
                                                     h1    7.6131599999999999D-01
                                                    he3    2.4016894012417724D-05
                                                    he4    2.2565598310598758D-01
                                                    c12    2.2377352191499896D-03
                                                    n14    6.5550468715316022D-04
                                                    o16    6.0861623852628130D-03
                                                   ne20    1.3650688592934117D-03
                                                   mg24    2.6595288491406410D-03


                                        relax_num_steps


                               finished relax_num_steps

 new_lnPgas_flag T
                                        relax_initial_Z    1.3004000000000000D-02
                                                  new z    1.3003999999999426D-02
                                        relax_initial_Y    2.2567999999999999D-01
                                                  new y    2.2568000000000016D-01
 net name basic.net
 do_element_diffusion T
 lnPgas_flag T
 kappa_file_prefix gs98
 kappa_lowT_prefix lowT_fa05_gs98
   eos_file_prefix mesa
                                        OMP_NUM_THREADS           1



stop because Lnuc_div_L >= Lnuc_div_L_zams_limit
    0.1010574697E+01    0.9990000000E+00

        805   7.125272   5653.792  -0.144253  -0.144253   1.016818   1.016818   0.760761   0.000961   0.225680   0.761209  -1.676613    802      0
   5.926232   1.894496  -0.055574 -48.026755  -1.712957 -99.000000   0.000000   0.226191   0.006086   0.013004   0.225782   0.079035      2      0
 3.9811E+07  17.169560  -0.148822 -99.000000   4.901322  -6.678999   0.000000   0.001976   0.001365  1.305E-02  1.301E-02 -0.148E-10  max increase

save photos/x805 for model 805
save final_profile.data write fgong_plot.data
                               s% atm_structure_num_pts          62
save final_profile.data.FGONG    805
 final_profile.data.FGONG for model 805
 saved to zams.mod
termination code: Lnuc_div_L_zams_limit

       runtime, prev time, retries, backups, steps         7.3        28.2         0         0       805
        805   7.125272   5653.792  -0.144253  -0.144253   1.016818   1.016818   0.760761   0.000961   0.225680   0.761209  -1.676613    802      0
   5.926232   1.894496  -0.055574 -48.026755  -1.712957 -99.000000   0.000000   0.226191   0.006086   0.013004   0.225782   0.079035      2      0
 3.9811E+07  17.169560  -0.148822 -99.000000   4.901322  -6.678999   0.000000   0.001976   0.001365  1.305E-02  1.301E-02 -0.148E-10  max increase

DATE: 2016-02-26
TIME: 17:08:51
DATE: 2016-02-26
TIME: 17:08:52
                                         version_number        8118
 read inlist_1.0
load saved model zams.mod

 new_lnPgas_flag T
 net name basic.net
 do_element_diffusion T
 lnPgas_flag T
                       which_atm_option: Eddington_grey
 kappa_file_prefix gs98
 kappa_lowT_prefix lowT_fa05_gs98
   eos_file_prefix mesa
                                        OMP_NUM_THREADS           1


__________________________________________________________________________________________________________________________________________________

       step    lg_Tcntr    Teff       lg_LH     lg_Lnuc     Mass       H_rich     H_cntr     N_cntr     Y_surf     X_avg     eta_cntr  zones retry
   lg_dt_yr    lg_Dcntr    lg_R       lg_L3a    lg_Lneu     lg_Mdot    He_core    He_cntr    O_cntr     Z_surf     Y_avg     gam_cntr  iters bckup
     age_yr    lg_Pcntr    lg_L       lg_LZ     lg_Psurf    lg_Dsurf   C_core     C_cntr     Ne_cntr    Z_cntr     Z_avg     v_div_cs     dt_limit
__________________________________________________________________________________________________________________________________________________

