DATE: 2016-02-26
TIME: 16:59:46
                                         version_number        8118
 read inlist_1.0
 create pre-main-sequence model
                                                species           8
 abundances
                                                     h1    6.6894700000000007D-01
                                                    he3    3.4915059845143991D-05
                                                    he4    3.2805208494015492D-01
                                                    c12    5.1039085358342941D-04
                                                    n14    1.4950991249586951D-04
                                                    o16    1.3881542321354684D-03
                                                   ne20    3.1134991054016366D-04
                                                   mg24    6.0659509124509376D-04


                                        relax_num_steps


                               finished relax_num_steps

 new_lnPgas_flag T
                                        relax_initial_Z    2.9659999999999999D-03
                                                  new z    2.9660000000001161D-03
                                        relax_initial_Y    3.2808700000000002D-01
                                                  new y    3.2808700000000007D-01
 net name basic.net
 do_element_diffusion T
 lnPgas_flag T
 kappa_file_prefix gs98
 kappa_lowT_prefix lowT_fa05_gs98
   eos_file_prefix mesa
                                        OMP_NUM_THREADS           1



stop because Lnuc_div_L >= Lnuc_div_L_zams_limit
    0.1000468448E+01    0.9990000000E+00

        947   7.269863   8346.592   0.676475   0.676475   1.206552   1.206552   0.667656   0.000743   0.239578   0.668671  -1.905143    889      0
   5.939999   2.041418   0.018633 -40.082978  -0.865384 -99.000000   0.000000   0.329294   0.001386   0.001243   0.328345   0.065730      2      0
 1.4965E+07  17.430982   0.676271 -99.000000   3.546920  -8.256870   0.000000   0.000004   0.000311  3.050E-03  2.984E-03  0.327E-12  max increase

save photos/x947 for model 947
save final_profile.data write fgong_plot.data
                               s% atm_structure_num_pts          46
save final_profile.data.FGONG    947
 final_profile.data.FGONG for model 947
 saved to zams.mod
termination code: Lnuc_div_L_zams_limit

       runtime, prev time, retries, backups, steps         8.8        28.2         0         0       947
        947   7.269863   8346.592   0.676475   0.676475   1.206552   1.206552   0.667656   0.000743   0.239578   0.668671  -1.905143    889      0
   5.939999   2.041418   0.018633 -40.082978  -0.865384 -99.000000   0.000000   0.329294   0.001386   0.001243   0.328345   0.065730      2      0
 1.4965E+07  17.430982   0.676271 -99.000000   3.546920  -8.256870   0.000000   0.000004   0.000311  3.050E-03  2.984E-03  0.327E-12  max increase

DATE: 2016-02-26
TIME: 17:10:14
DATE: 2016-02-26
TIME: 17:10:14
                                         version_number        8118
 read inlist_1.0
load saved model zams.mod

 new_lnPgas_flag T
 net name basic.net
 do_element_diffusion T
 lnPgas_flag T
                       which_atm_option: Eddington_grey
 kappa_file_prefix gs98
 kappa_lowT_prefix lowT_fa05_gs98
   eos_file_prefix mesa
                                        OMP_NUM_THREADS           1


__________________________________________________________________________________________________________________________________________________

       step    lg_Tcntr    Teff       lg_LH     lg_Lnuc     Mass       H_rich     H_cntr     N_cntr     Y_surf     X_avg     eta_cntr  zones retry
   lg_dt_yr    lg_Dcntr    lg_R       lg_L3a    lg_Lneu     lg_Mdot    He_core    He_cntr    O_cntr     Z_surf     Y_avg     gam_cntr  iters bckup
     age_yr    lg_Pcntr    lg_L       lg_LZ     lg_Psurf    lg_Dsurf   C_core     C_cntr     Ne_cntr    Z_cntr     Z_avg     v_div_cs     dt_limit
__________________________________________________________________________________________________________________________________________________

