000 (20379.000.000) 02/24 21:34:55 Job submitted from host: <134.76.239.76:13753?addrs=134.76.239.76-13753>
...
001 (20379.000.000) 02/25 00:27:40 Job executing on host: <134.76.239.89:24193?addrs=134.76.239.89-24193>
...
006 (20379.000.000) 02/25 00:27:49 Image size of job updated: 827412
	628  -  MemoryUsage of job (MB)
	642996  -  ResidentSetSize of job (KB)
...
006 (20379.000.000) 02/25 00:32:50 Image size of job updated: 1144116
	934  -  MemoryUsage of job (MB)
	955788  -  ResidentSetSize of job (KB)
...
006 (20379.000.000) 02/25 00:37:50 Image size of job updated: 1278520
	1082  -  MemoryUsage of job (MB)
	1107012  -  ResidentSetSize of job (KB)
...
006 (20379.000.000) 02/25 00:42:50 Image size of job updated: 1280740
	1084  -  MemoryUsage of job (MB)
	1109588  -  ResidentSetSize of job (KB)
...
006 (20379.000.000) 02/25 00:47:51 Image size of job updated: 1426224
	1253  -  MemoryUsage of job (MB)
	1282444  -  ResidentSetSize of job (KB)
...
005 (20379.000.000) 02/25 02:08:45 Job terminated.
	(1) Normal termination (return value 0)
		Usr 0 02:34:11, Sys 0 00:00:30  -  Run Remote Usage
		Usr 0 00:00:00, Sys 0 00:00:00  -  Run Local Usage
		Usr 0 02:34:11, Sys 0 00:00:30  -  Total Remote Usage
		Usr 0 00:00:00, Sys 0 00:00:00  -  Total Local Usage
	0  -  Run Bytes Sent By Job
	0  -  Run Bytes Received By Job
	0  -  Total Bytes Sent By Job
	0  -  Total Bytes Received By Job
	Partitionable Resources :    Usage  Request Allocated
	   Cpus                 :                 2         2
	   Disk (KB)            :        1        1   5108821
	   Memory (MB)          :     1253        1         1
...
