DATE: 2016-02-26
TIME: 16:59:30
                                         version_number        8118
 read inlist_1.0
 create pre-main-sequence model
                                                species           8
 abundances
                                                     h1    7.1596199999999999D-01
                                                    he3    3.0176065218828077D-05
                                                    he4    2.8352582393478115D-01
                                                    c12    8.2942815720586191D-05
                                                    n14    2.4296620978766847D-05
                                                    o16    2.2558676328031691D-04
                                                   ne20    5.0596984787723104D-05
                                                   mg24    9.8576815232700424D-05


                                        relax_num_steps


                               finished relax_num_steps

 new_lnPgas_flag T
                                        relax_initial_Z    4.8200000000000001D-04
                                                  new z    4.8199999999969643D-04
                                        relax_initial_Y    2.8355599999999997D-01
                                                  new y    2.8355600000000009D-01
 net name basic.net
 do_element_diffusion T
 lnPgas_flag T
 kappa_file_prefix gs98
 kappa_lowT_prefix lowT_fa05_gs98
   eos_file_prefix mesa
                                        OMP_NUM_THREADS           1



stop because Lnuc_div_L >= Lnuc_div_L_zams_limit
    0.1000114611E+01    0.9990000000E+00

        801   7.115004   6107.363  -0.241291  -0.241291   0.753036   0.753036   0.715617   0.000029   0.283471   0.715885  -1.348512    776      0
   5.661027   2.022664  -0.168862 -48.064666  -1.854869 -99.000000   0.000000   0.283900   0.000226   0.000482   0.283633   0.090502      4      0
 2.5193E+07  17.275017  -0.241341 -15.653560   4.919712  -6.676271   0.000000   0.000079   0.000051  4.827E-04  4.821E-04 -0.244E-10    varcontrol

save photos/x801 for model 801
save final_profile.data write fgong_plot.data
                               s% atm_structure_num_pts          85
save final_profile.data.FGONG    801
 final_profile.data.FGONG for model 801
 saved to zams.mod
termination code: Lnuc_div_L_zams_limit

       runtime, prev time, retries, backups, steps         7.3        28.2         0         0       801
        801   7.115004   6107.363  -0.241291  -0.241291   0.753036   0.753036   0.715617   0.000029   0.283471   0.715885  -1.348512    776      0
   5.661027   2.022664  -0.168862 -48.064666  -1.854869 -99.000000   0.000000   0.283900   0.000226   0.000482   0.283633   0.090502      4      0
 2.5193E+07  17.275017  -0.241341 -15.653560   4.919712  -6.676271   0.000000   0.000079   0.000051  4.827E-04  4.821E-04 -0.244E-10    varcontrol

DATE: 2016-02-26
TIME: 17:08:35
DATE: 2016-02-26
TIME: 17:08:36
                                         version_number        8118
 read inlist_1.0
load saved model zams.mod

 new_lnPgas_flag T
 net name basic.net
 do_element_diffusion T
 lnPgas_flag T
                       which_atm_option: Eddington_grey
 kappa_file_prefix gs98
 kappa_lowT_prefix lowT_fa05_gs98
   eos_file_prefix mesa
                                        OMP_NUM_THREADS           1


__________________________________________________________________________________________________________________________________________________

       step    lg_Tcntr    Teff       lg_LH     lg_Lnuc     Mass       H_rich     H_cntr     N_cntr     Y_surf     X_avg     eta_cntr  zones retry
   lg_dt_yr    lg_Dcntr    lg_R       lg_L3a    lg_Lneu     lg_Mdot    He_core    He_cntr    O_cntr     Z_surf     Y_avg     gam_cntr  iters bckup
     age_yr    lg_Pcntr    lg_L       lg_LZ     lg_Psurf    lg_Dsurf   C_core     C_cntr     Ne_cntr    Z_cntr     Z_avg     v_div_cs     dt_limit
__________________________________________________________________________________________________________________________________________________

