DATE: 2016-02-26
TIME: 16:59:52
                                         version_number        8118
 read inlist_1.0
 create pre-main-sequence model
                                                species           8
 abundances
                                                     h1    7.3775999999999997D-01
                                                    he3    2.7858022036541289D-05
                                                    he4    2.6174614197796348D-01
                                                    c12    8.0189527231933812D-05
                                                    n14    2.3490094141296758D-05
                                                    o16    2.1809840599299745D-04
                                                   ne20    4.8917416827963306D-05
                                                   mg24    9.5304555805886119D-05


                                        relax_num_steps


                               finished relax_num_steps

 new_lnPgas_flag T
                                        relax_initial_Z    4.6600000000000000D-04
                                                  new z    4.6600000000001545D-04
                                        relax_initial_Y    2.6177400000000001D-01
                                                  new y    2.6177400000000001D-01
 net name basic.net
 do_element_diffusion T
 lnPgas_flag T
 kappa_file_prefix gs98
 kappa_lowT_prefix lowT_fa05_gs98
   eos_file_prefix mesa
                                        OMP_NUM_THREADS           1



stop because Lnuc_div_L >= Lnuc_div_L_zams_limit
    0.1001874350E+01    0.9990000000E+00

        883   7.192789   7157.997   0.278977   0.278977   1.013303   1.013303   0.737316   0.000076   0.261721   0.737645  -1.643820    860      0
   5.680836   2.014320  -0.046985 -44.163285  -1.334881 -99.000000   0.000000   0.262211   0.000218   0.000466   0.261888   0.074504      4      0
 1.5666E+07  17.350490   0.278163 -15.653560   4.333877  -7.338169   0.000000   0.000035   0.000049  4.735E-04  4.673E-04 -0.566E-11  max increase

save photos/x883 for model 883
save final_profile.data write fgong_plot.data
                               s% atm_structure_num_pts          50
save final_profile.data.FGONG    883
 final_profile.data.FGONG for model 883
 saved to zams.mod
termination code: Lnuc_div_L_zams_limit

       runtime, prev time, retries, backups, steps         8.2        28.2         0         0       883
        883   7.192789   7157.997   0.278977   0.278977   1.013303   1.013303   0.737316   0.000076   0.261721   0.737645  -1.643820    860      0
   5.680836   2.014320  -0.046985 -44.163285  -1.334881 -99.000000   0.000000   0.262211   0.000218   0.000466   0.261888   0.074504      4      0
 1.5666E+07  17.350490   0.278163 -15.653560   4.333877  -7.338169   0.000000   0.000035   0.000049  4.735E-04  4.673E-04 -0.566E-11  max increase

DATE: 2016-02-26
TIME: 17:09:45
DATE: 2016-02-26
TIME: 17:09:46
                                         version_number        8118
 read inlist_1.0
load saved model zams.mod

 new_lnPgas_flag T
 net name basic.net
 do_element_diffusion T
 lnPgas_flag T
                       which_atm_option: Eddington_grey
 kappa_file_prefix gs98
 kappa_lowT_prefix lowT_fa05_gs98
   eos_file_prefix mesa
                                        OMP_NUM_THREADS           1


__________________________________________________________________________________________________________________________________________________

       step    lg_Tcntr    Teff       lg_LH     lg_Lnuc     Mass       H_rich     H_cntr     N_cntr     Y_surf     X_avg     eta_cntr  zones retry
   lg_dt_yr    lg_Dcntr    lg_R       lg_L3a    lg_Lneu     lg_Mdot    He_core    He_cntr    O_cntr     Z_surf     Y_avg     gam_cntr  iters bckup
     age_yr    lg_Pcntr    lg_L       lg_LZ     lg_Psurf    lg_Dsurf   C_core     C_cntr     Ne_cntr    Z_cntr     Z_avg     v_div_cs     dt_limit
__________________________________________________________________________________________________________________________________________________

